=============Stream Learning Run 0=============
Changing output layer to contain 12 classes
============BEGINNING STREAM LEARNING============
=============Training Task 0=============
Active output nodes for this task: 
[0, 1]
=============Training Epoch 0=============
#reg terms:  0
Batch	 Loss		 Acc
[0/294]	1.883 (1.883)	45.00 (45.00)
[1/294]	0.848 (1.365)	50.00 (47.50)
[2/294]	0.742 (1.158)	55.00 (50.00)
[3/294]	0.545 (1.004)	85.00 (58.75)
[4/294]	0.592 (0.922)	80.00 (63.00)
[5/294]	0.672 (0.880)	60.00 (62.50)
[6/294]	0.826 (0.873)	50.00 (60.71)
[7/294]	0.518 (0.828)	75.00 (62.50)
[8/294]	0.551 (0.798)	85.00 (65.00)
[9/294]	0.649 (0.783)	75.00 (66.00)
[10/294]	0.575 (0.764)	90.00 (68.18)
[11/294]	0.665 (0.756)	60.00 (67.50)
[12/294]	0.597 (0.743)	75.00 (68.08)
[13/294]	0.560 (0.730)	80.00 (68.93)
[14/294]	0.065 (0.686)	100.00 (71.00)
[15/294]	0.206 (0.656)	100.00 (72.81)
[16/294]	0.298 (0.635)	95.00 (74.12)
[17/294]	0.283 (0.615)	100.00 (75.56)
[18/294]	0.040 (0.585)	100.00 (76.84)
[19/294]	0.264 (0.569)	85.00 (77.25)
[20/294]	0.797 (0.580)	60.00 (76.43)
[21/294]	0.158 (0.561)	100.00 (77.50)
[22/294]	0.246 (0.547)	90.00 (78.04)
[23/294]	0.258 (0.535)	85.00 (78.33)
[24/294]	0.417 (0.530)	70.00 (78.00)
[25/294]	0.448 (0.527)	65.00 (77.50)
[26/294]	0.881 (0.540)	60.00 (76.85)
[27/294]	0.334 (0.533)	70.00 (76.61)
[28/294]	0.003 (0.515)	100.00 (77.41)
[29/294]	0.149 (0.502)	100.00 (78.17)
[30/294]	0.418 (0.500)	75.00 (78.06)
[31/294]	0.534 (0.501)	60.00 (77.50)
[32/294]	0.226 (0.492)	95.00 (78.03)
[33/294]	0.226 (0.485)	95.00 (78.53)
[34/294]	0.481 (0.484)	75.00 (78.43)
[35/294]	0.134 (0.475)	100.00 (79.03)
[36/294]	0.126 (0.465)	100.00 (79.59)
[37/294]	0.111 (0.456)	100.00 (80.13)
[38/294]	0.409 (0.455)	80.00 (80.13)
[39/294]	0.207 (0.449)	95.00 (80.50)
[40/294]	0.028 (0.438)	100.00 (80.98)
[41/294]	0.127 (0.431)	95.00 (81.31)
[42/294]	0.558 (0.434)	85.00 (81.40)
[43/294]	1.130 (0.450)	70.00 (81.14)
[44/294]	0.357 (0.448)	90.00 (81.33)
[45/294]	0.517 (0.449)	75.00 (81.20)
[46/294]	0.765 (0.456)	30.00 (80.11)
[47/294]	0.849 (0.464)	65.00 (79.79)
[48/294]	0.225 (0.459)	100.00 (80.20)
[49/294]	0.452 (0.459)	95.00 (80.50)
[50/294]	0.377 (0.457)	95.00 (80.78)
[51/294]	0.448 (0.457)	80.00 (80.77)
[52/294]	0.661 (0.461)	70.00 (80.57)
[53/294]	0.554 (0.463)	65.00 (80.28)
[54/294]	0.662 (0.466)	60.00 (79.91)
[55/294]	0.611 (0.469)	65.00 (79.64)
[56/294]	0.393 (0.468)	90.00 (79.82)
[57/294]	0.372 (0.466)	95.00 (80.09)
[58/294]	0.393 (0.465)	90.00 (80.25)
[59/294]	0.441 (0.464)	60.00 (79.92)
[60/294]	0.320 (0.462)	90.00 (80.08)
[61/294]	0.207 (0.458)	95.00 (80.32)
[62/294]	0.040 (0.451)	100.00 (80.63)
[63/294]	0.234 (0.448)	95.00 (80.86)
[64/294]	0.107 (0.443)	100.00 (81.15)
[65/294]	0.135 (0.438)	100.00 (81.44)
[66/294]	0.502 (0.439)	70.00 (81.27)
[67/294]	0.735 (0.443)	65.00 (81.03)
[68/294]	0.976 (0.451)	75.00 (80.94)
[69/294]	0.940 (0.458)	70.00 (80.79)
[70/294]	0.450 (0.458)	75.00 (80.70)
[71/294]	0.287 (0.455)	95.00 (80.90)
[72/294]	0.353 (0.454)	80.00 (80.89)
[73/294]	0.142 (0.450)	100.00 (81.15)
[74/294]	0.093 (0.445)	100.00 (81.40)
[75/294]	0.299 (0.443)	80.00 (81.38)
[76/294]	0.470 (0.443)	70.00 (81.23)
[77/294]	0.192 (0.440)	90.00 (81.35)
[78/294]	0.187 (0.437)	95.00 (81.52)
[79/294]	0.238 (0.435)	90.00 (81.62)
[80/294]	0.456 (0.435)	85.00 (81.67)
[81/294]	0.493 (0.436)	80.00 (81.65)
[82/294]	0.495 (0.436)	85.00 (81.69)
[83/294]	0.380 (0.436)	85.00 (81.73)
[84/294]	0.633 (0.438)	75.00 (81.65)
[85/294]	0.395 (0.437)	80.00 (81.63)
[86/294]	0.296 (0.436)	85.00 (81.67)
[87/294]	0.237 (0.434)	90.00 (81.76)
[88/294]	0.205 (0.431)	95.00 (81.91)
[89/294]	0.495 (0.432)	95.00 (82.06)
[90/294]	0.073 (0.428)	95.00 (82.20)
[91/294]	0.330 (0.427)	85.00 (82.23)
[92/294]	0.144 (0.424)	90.00 (82.31)
[93/294]	0.334 (0.423)	80.00 (82.29)
[94/294]	0.060 (0.419)	100.00 (82.47)
[95/294]	0.058 (0.415)	100.00 (82.66)
[96/294]	0.085 (0.412)	100.00 (82.84)
[97/294]	0.086 (0.408)	100.00 (83.01)
[98/294]	0.171 (0.406)	95.00 (83.13)
[99/294]	0.502 (0.407)	90.00 (83.20)
[100/294]	0.256 (0.405)	90.00 (83.27)
[101/294]	0.051 (0.402)	100.00 (83.43)
[102/294]	0.109 (0.399)	95.00 (83.54)
[103/294]	0.340 (0.399)	90.00 (83.61)
[104/294]	0.682 (0.401)	75.00 (83.52)
[105/294]	0.002 (0.397)	100.00 (83.68)
[106/294]	0.034 (0.394)	100.00 (83.83)
[107/294]	0.025 (0.391)	100.00 (83.98)
[108/294]	0.214 (0.389)	95.00 (84.08)
[109/294]	0.095 (0.386)	100.00 (84.23)
[110/294]	0.385 (0.386)	80.00 (84.19)
[111/294]	0.222 (0.385)	85.00 (84.20)
[112/294]	0.031 (0.382)	100.00 (84.34)
[113/294]	0.454 (0.382)	75.00 (84.25)
[114/294]	0.353 (0.382)	85.00 (84.26)
[115/294]	0.031 (0.379)	100.00 (84.40)
[116/294]	0.097 (0.377)	90.00 (84.44)
[117/294]	0.135 (0.375)	90.00 (84.49)
[118/294]	0.389 (0.375)	80.00 (84.45)
[119/294]	0.315 (0.374)	80.00 (84.42)
[120/294]	0.147 (0.372)	90.00 (84.46)
[121/294]	1.284 (0.380)	75.00 (84.39)
[122/294]	0.341 (0.380)	80.00 (84.35)
[123/294]	0.252 (0.379)	95.00 (84.44)
[124/294]	0.757 (0.382)	80.00 (84.40)
[125/294]	0.826 (0.385)	60.00 (84.21)
[126/294]	0.323 (0.385)	100.00 (84.33)
[127/294]	0.239 (0.383)	100.00 (84.45)
[128/294]	0.249 (0.382)	100.00 (84.57)
[129/294]	0.121 (0.380)	100.00 (84.69)
[130/294]	0.259 (0.379)	95.00 (84.77)
[131/294]	0.345 (0.379)	95.00 (84.85)
[132/294]	0.296 (0.379)	95.00 (84.92)
[133/294]	0.031 (0.376)	100.00 (85.04)
[134/294]	0.147 (0.374)	95.00 (85.11)
[135/294]	0.162 (0.373)	100.00 (85.22)
[136/294]	0.171 (0.371)	90.00 (85.26)
[137/294]	0.034 (0.369)	100.00 (85.36)
[138/294]	0.111 (0.367)	95.00 (85.43)
[139/294]	0.070 (0.365)	100.00 (85.54)
[140/294]	0.015 (0.362)	100.00 (85.64)
[141/294]	0.215 (0.361)	85.00 (85.63)
[142/294]	0.259 (0.361)	80.00 (85.59)
[143/294]	0.017 (0.358)	100.00 (85.69)
[144/294]	0.167 (0.357)	95.00 (85.76)
[145/294]	0.456 (0.358)	75.00 (85.68)
[146/294]	0.039 (0.355)	100.00 (85.78)
[147/294]	0.505 (0.356)	80.00 (85.74)
[148/294]	0.892 (0.360)	80.00 (85.70)
[149/294]	0.003 (0.358)	100.00 (85.80)
[150/294]	0.136 (0.356)	95.00 (85.86)
[151/294]	0.033 (0.354)	100.00 (85.95)
[152/294]	0.073 (0.352)	100.00 (86.05)
[153/294]	0.217 (0.351)	85.00 (86.04)
[154/294]	0.113 (0.350)	90.00 (86.06)
[155/294]	0.099 (0.348)	100.00 (86.15)
[156/294]	0.103 (0.347)	100.00 (86.24)
[157/294]	0.511 (0.348)	75.00 (86.17)
[158/294]	0.497 (0.349)	80.00 (86.13)
[159/294]	0.444 (0.349)	80.00 (86.09)
[160/294]	0.132 (0.348)	100.00 (86.18)
[161/294]	0.660 (0.350)	65.00 (86.05)
[162/294]	0.345 (0.350)	75.00 (85.98)
[163/294]	0.150 (0.349)	90.00 (86.01)
[164/294]	0.041 (0.347)	100.00 (86.09)
[165/294]	0.496 (0.348)	75.00 (86.02)
[166/294]	0.182 (0.347)	90.00 (86.05)
[167/294]	0.254 (0.346)	80.00 (86.01)
[168/294]	0.128 (0.345)	100.00 (86.09)
[169/294]	0.053 (0.343)	100.00 (86.18)
[170/294]	0.043 (0.341)	100.00 (86.26)
[171/294]	0.072 (0.340)	100.00 (86.34)
[172/294]	0.067 (0.338)	100.00 (86.42)
[173/294]	0.060 (0.337)	100.00 (86.49)
[174/294]	0.146 (0.335)	95.00 (86.54)
[175/294]	0.338 (0.335)	85.00 (86.53)
[176/294]	0.140 (0.334)	100.00 (86.61)
[177/294]	0.112 (0.333)	100.00 (86.69)
[178/294]	0.330 (0.333)	80.00 (86.65)
[179/294]	0.112 (0.332)	100.00 (86.72)
[180/294]	0.403 (0.332)	85.00 (86.71)
[181/294]	0.011 (0.330)	100.00 (86.79)
[182/294]	0.076 (0.329)	95.00 (86.83)
[183/294]	0.019 (0.327)	100.00 (86.90)
[184/294]	0.026 (0.326)	100.00 (86.97)
[185/294]	0.190 (0.325)	95.00 (87.02)
[186/294]	0.023 (0.323)	100.00 (87.09)
[187/294]	0.109 (0.322)	95.00 (87.13)
[188/294]	0.688 (0.324)	75.00 (87.06)
[189/294]	0.043 (0.323)	100.00 (87.13)
[190/294]	0.209 (0.322)	85.00 (87.12)
[191/294]	0.253 (0.322)	90.00 (87.14)
[192/294]	0.046 (0.320)	100.00 (87.20)
[193/294]	0.100 (0.319)	95.00 (87.24)
[194/294]	0.075 (0.318)	95.00 (87.28)
[195/294]	0.000 (0.316)	100.00 (87.35)
[196/294]	0.017 (0.315)	100.00 (87.41)
[197/294]	0.312 (0.315)	85.00 (87.40)
[198/294]	0.618 (0.316)	65.00 (87.29)
[199/294]	0.026 (0.315)	100.00 (87.35)
[200/294]	0.018 (0.313)	100.00 (87.41)
[201/294]	0.012 (0.312)	100.00 (87.48)
[202/294]	0.020 (0.310)	100.00 (87.54)
[203/294]	0.052 (0.309)	100.00 (87.60)
[204/294]	0.281 (0.309)	80.00 (87.56)
[205/294]	0.355 (0.309)	85.00 (87.55)
[206/294]	0.010 (0.308)	100.00 (87.61)
[207/294]	0.096 (0.307)	100.00 (87.67)
[208/294]	0.104 (0.306)	95.00 (87.70)
[209/294]	0.130 (0.305)	100.00 (87.76)
[210/294]	0.165 (0.304)	95.00 (87.80)
[211/294]	0.078 (0.303)	100.00 (87.85)
[212/294]	0.068 (0.302)	100.00 (87.91)
[213/294]	0.003 (0.301)	100.00 (87.97)
[214/294]	0.008 (0.299)	100.00 (88.02)
[215/294]	0.006 (0.298)	100.00 (88.08)
[216/294]	0.003 (0.297)	100.00 (88.13)
[217/294]	0.196 (0.296)	95.00 (88.17)
[218/294]	0.051 (0.295)	95.00 (88.20)
[219/294]	0.019 (0.294)	100.00 (88.25)
[220/294]	0.004 (0.293)	100.00 (88.30)
[221/294]	0.009 (0.291)	100.00 (88.36)
[222/294]	0.048 (0.290)	95.00 (88.39)
[223/294]	0.000 (0.289)	100.00 (88.44)
[224/294]	0.001 (0.288)	100.00 (88.49)
[225/294]	0.803 (0.290)	85.00 (88.47)
[226/294]	0.297 (0.290)	90.00 (88.48)
[227/294]	0.187 (0.289)	90.00 (88.49)
[228/294]	0.128 (0.289)	95.00 (88.52)
[229/294]	0.028 (0.288)	100.00 (88.57)
[230/294]	0.000 (0.286)	100.00 (88.61)
[231/294]	0.335 (0.287)	80.00 (88.58)
[232/294]	0.047 (0.286)	95.00 (88.61)
[233/294]	0.008 (0.284)	100.00 (88.65)
[234/294]	0.027 (0.283)	100.00 (88.70)
[235/294]	0.048 (0.282)	100.00 (88.75)
[236/294]	0.388 (0.283)	85.00 (88.73)
[237/294]	0.306 (0.283)	90.00 (88.74)
[238/294]	0.011 (0.282)	100.00 (88.79)
[239/294]	0.025 (0.281)	100.00 (88.83)
[240/294]	0.030 (0.280)	100.00 (88.88)
[241/294]	0.013 (0.278)	100.00 (88.93)
[242/294]	0.018 (0.277)	100.00 (88.97)
[243/294]	0.347 (0.278)	90.00 (88.98)
[244/294]	0.553 (0.279)	80.00 (88.94)
[245/294]	0.170 (0.278)	95.00 (88.96)
[246/294]	0.218 (0.278)	95.00 (88.99)
[247/294]	0.118 (0.277)	95.00 (89.01)
[248/294]	0.052 (0.277)	100.00 (89.06)
[249/294]	0.068 (0.276)	100.00 (89.10)
[250/294]	0.134 (0.275)	95.00 (89.12)
[251/294]	0.048 (0.274)	100.00 (89.17)
[252/294]	0.216 (0.274)	95.00 (89.19)
[253/294]	0.141 (0.274)	95.00 (89.21)
[254/294]	0.057 (0.273)	100.00 (89.25)
[255/294]	0.008 (0.272)	100.00 (89.30)
[256/294]	0.004 (0.271)	100.00 (89.34)
[257/294]	0.023 (0.270)	100.00 (89.38)
[258/294]	0.076 (0.269)	100.00 (89.42)
[259/294]	0.005 (0.268)	100.00 (89.46)
[260/294]	0.007 (0.267)	100.00 (89.50)
[261/294]	0.006 (0.266)	100.00 (89.54)
[262/294]	0.000 (0.265)	100.00 (89.58)
[263/294]	0.005 (0.264)	100.00 (89.62)
[264/294]	0.095 (0.263)	95.00 (89.64)
[265/294]	0.007 (0.262)	100.00 (89.68)
[266/294]	0.091 (0.262)	90.00 (89.68)
[267/294]	0.013 (0.261)	100.00 (89.72)
[268/294]	0.013 (0.260)	100.00 (89.76)
[269/294]	0.000 (0.259)	100.00 (89.80)
[270/294]	0.007 (0.258)	100.00 (89.83)
[271/294]	0.020 (0.257)	100.00 (89.87)
[272/294]	0.066 (0.256)	95.00 (89.89)
[273/294]	0.003 (0.255)	100.00 (89.93)
[274/294]	0.009 (0.255)	100.00 (89.96)
[275/294]	0.009 (0.254)	100.00 (90.00)
[276/294]	0.254 (0.254)	85.00 (89.98)
[277/294]	0.221 (0.254)	90.00 (89.98)
[278/294]	0.023 (0.253)	100.00 (90.02)
[279/294]	0.013 (0.252)	100.00 (90.05)
[280/294]	0.009 (0.251)	100.00 (90.09)
[281/294]	0.159 (0.251)	95.00 (90.11)
[282/294]	0.006 (0.250)	100.00 (90.14)
[283/294]	0.190 (0.250)	90.00 (90.14)
[284/294]	0.142 (0.249)	95.00 (90.16)
[285/294]	0.095 (0.249)	95.00 (90.17)
[286/294]	0.001 (0.248)	100.00 (90.21)
[287/294]	0.003 (0.247)	100.00 (90.24)
[288/294]	0.007 (0.246)	100.00 (90.28)
[289/294]	0.006 (0.245)	100.00 (90.31)
[290/294]	0.001 (0.244)	100.00 (90.34)
[291/294]	0.053 (0.244)	100.00 (90.38)
[292/294]	0.108 (0.243)	100.00 (90.41)
[293/294]	0.045 (0.243)	100.00 (90.44)
 * Train Acc: 90.442
 * Avg. Data time: 0.023, Avg. Batch time: 0.093, Avg. Forward time: 0.005, Avg. Backward time: 0.032
Computing MAS
 * Val Acc: 95.788, Time: 6.63
 * Test Acc: 97.499, Time: 14.25
=============Training Task 1=============
Active output nodes for this task: 
[0, 1, 2, 3]
=============Training Epoch 0=============
#reg terms:  1
Batch	 Loss		 Acc
[0/294]	7.241 (7.241)	0.00 (0.00)
[1/294]	4.875 (6.058)	0.00 (0.00)
[2/294]	2.736 (4.951)	0.00 (0.00)
[3/294]	2.801 (4.413)	65.00 (16.25)
[4/294]	3.431 (4.217)	65.00 (26.00)
[5/294]	3.943 (4.171)	55.00 (30.83)
[6/294]	4.229 (4.179)	40.00 (32.14)
[7/294]	4.225 (4.185)	50.00 (34.38)
[8/294]	4.176 (4.184)	55.00 (36.67)
[9/294]	4.410 (4.207)	50.00 (38.00)
[10/294]	5.960 (4.366)	50.00 (39.09)
[11/294]	3.912 (4.328)	35.00 (38.75)
[12/294]	3.939 (4.298)	50.00 (39.62)
[13/294]	3.408 (4.235)	50.00 (40.36)
[14/294]	3.208 (4.166)	35.00 (40.00)
[15/294]	3.052 (4.097)	50.00 (40.62)
[16/294]	2.798 (4.020)	60.00 (41.76)
[17/294]	2.369 (3.929)	65.00 (43.06)
[18/294]	2.908 (3.875)	15.00 (41.58)
[19/294]	2.453 (3.804)	40.00 (41.50)
[20/294]	2.080 (3.722)	50.00 (41.90)
[21/294]	2.184 (3.652)	50.00 (42.27)
[22/294]	1.867 (3.574)	50.00 (42.61)
[23/294]	1.731 (3.497)	80.00 (44.17)
[24/294]	1.520 (3.418)	80.00 (45.60)
[25/294]	1.683 (3.352)	55.00 (45.96)
[26/294]	1.420 (3.280)	65.00 (46.67)
[27/294]	1.203 (3.206)	75.00 (47.68)
[28/294]	1.182 (3.136)	80.00 (48.79)
[29/294]	0.830 (3.059)	100.00 (50.50)
[30/294]	1.114 (2.996)	70.00 (51.13)
[31/294]	0.765 (2.927)	100.00 (52.66)
[32/294]	0.633 (2.857)	100.00 (54.09)
[33/294]	0.731 (2.795)	90.00 (55.15)
[34/294]	1.396 (2.755)	75.00 (55.71)
[35/294]	0.643 (2.696)	95.00 (56.81)
[36/294]	1.229 (2.656)	65.00 (57.03)
[37/294]	0.983 (2.612)	80.00 (57.63)
[38/294]	1.379 (2.581)	75.00 (58.08)
[39/294]	1.468 (2.553)	60.00 (58.12)
[40/294]	0.586 (2.505)	95.00 (59.02)
[41/294]	2.652 (2.508)	65.00 (59.17)
[42/294]	3.230 (2.525)	65.00 (59.30)
[43/294]	0.742 (2.485)	100.00 (60.23)
[44/294]	0.775 (2.447)	95.00 (61.00)
[45/294]	1.021 (2.416)	85.00 (61.52)
[46/294]	1.046 (2.387)	90.00 (62.13)
[47/294]	1.250 (2.363)	70.00 (62.29)
[48/294]	2.440 (2.364)	55.00 (62.14)
[49/294]	0.800 (2.333)	90.00 (62.70)
[50/294]	0.984 (2.307)	85.00 (63.14)
[51/294]	1.534 (2.292)	65.00 (63.17)
[52/294]	1.466 (2.276)	50.00 (62.92)
[53/294]	1.458 (2.261)	55.00 (62.78)
[54/294]	1.210 (2.242)	70.00 (62.91)
[55/294]	1.125 (2.222)	100.00 (63.57)
[56/294]	1.119 (2.203)	70.00 (63.68)
[57/294]	1.379 (2.189)	50.00 (63.45)
[58/294]	0.916 (2.167)	100.00 (64.07)
[59/294]	1.120 (2.150)	80.00 (64.33)
[60/294]	1.878 (2.145)	70.00 (64.43)
[61/294]	0.740 (2.122)	90.00 (64.84)
[62/294]	0.762 (2.101)	95.00 (65.32)
[63/294]	0.749 (2.080)	85.00 (65.62)
[64/294]	0.962 (2.062)	70.00 (65.69)
[65/294]	0.498 (2.039)	100.00 (66.21)
[66/294]	0.653 (2.018)	100.00 (66.72)
[67/294]	0.563 (1.997)	95.00 (67.13)
[68/294]	0.508 (1.975)	95.00 (67.54)
[69/294]	0.948 (1.960)	65.00 (67.50)
[70/294]	0.655 (1.942)	85.00 (67.75)
[71/294]	0.900 (1.928)	75.00 (67.85)
[72/294]	0.551 (1.909)	95.00 (68.22)
[73/294]	0.441 (1.889)	95.00 (68.58)
[74/294]	0.389 (1.869)	100.00 (69.00)
[75/294]	0.374 (1.849)	100.00 (69.41)
[76/294]	0.698 (1.834)	80.00 (69.55)
[77/294]	1.716 (1.833)	65.00 (69.49)
[78/294]	1.894 (1.834)	70.00 (69.49)
[79/294]	1.020 (1.823)	60.00 (69.38)
[80/294]	1.605 (1.821)	55.00 (69.20)
[81/294]	1.910 (1.822)	60.00 (69.09)
[82/294]	0.449 (1.805)	100.00 (69.46)
[83/294]	2.192 (1.810)	50.00 (69.23)
[84/294]	2.217 (1.815)	50.00 (69.00)
[85/294]	2.180 (1.819)	50.00 (68.78)
[86/294]	1.585 (1.816)	50.00 (68.56)
[87/294]	1.295 (1.810)	90.00 (68.81)
[88/294]	0.998 (1.801)	95.00 (69.10)
[89/294]	1.654 (1.799)	75.00 (69.17)
[90/294]	1.935 (1.801)	55.00 (69.01)
[91/294]	1.838 (1.801)	50.00 (68.80)
[92/294]	1.794 (1.801)	60.00 (68.71)
[93/294]	1.573 (1.799)	85.00 (68.88)
[94/294]	1.359 (1.794)	90.00 (69.11)
[95/294]	1.091 (1.787)	100.00 (69.43)
[96/294]	1.003 (1.779)	100.00 (69.74)
[97/294]	1.919 (1.780)	70.00 (69.74)
[98/294]	2.236 (1.785)	55.00 (69.60)
[99/294]	0.975 (1.777)	100.00 (69.90)
[100/294]	1.271 (1.772)	80.00 (70.00)
[101/294]	1.327 (1.767)	55.00 (69.85)
[102/294]	1.278 (1.763)	65.00 (69.81)
[103/294]	1.135 (1.757)	85.00 (69.95)
[104/294]	1.034 (1.750)	90.00 (70.14)
[105/294]	1.870 (1.751)	65.00 (70.09)
[106/294]	2.133 (1.754)	55.00 (69.95)
[107/294]	0.931 (1.747)	100.00 (70.23)
[108/294]	1.256 (1.742)	70.00 (70.23)
[109/294]	1.562 (1.741)	50.00 (70.05)
[110/294]	2.233 (1.745)	45.00 (69.82)
[111/294]	1.014 (1.739)	75.00 (69.87)
[112/294]	0.882 (1.731)	90.00 (70.04)
[113/294]	0.870 (1.723)	95.00 (70.26)
[114/294]	1.664 (1.723)	60.00 (70.17)
[115/294]	1.757 (1.723)	50.00 (70.00)
[116/294]	1.364 (1.720)	60.00 (69.91)
[117/294]	1.043 (1.714)	65.00 (69.87)
[118/294]	0.844 (1.707)	100.00 (70.13)
[119/294]	0.961 (1.701)	85.00 (70.25)
[120/294]	1.045 (1.695)	75.00 (70.29)
[121/294]	0.986 (1.690)	95.00 (70.49)
[122/294]	0.856 (1.683)	95.00 (70.69)
[123/294]	1.324 (1.680)	60.00 (70.60)
[124/294]	0.959 (1.674)	75.00 (70.64)
[125/294]	0.748 (1.667)	95.00 (70.83)
[126/294]	0.758 (1.660)	85.00 (70.94)
[127/294]	0.625 (1.652)	100.00 (71.17)
[128/294]	0.608 (1.643)	100.00 (71.40)
[129/294]	0.558 (1.635)	100.00 (71.62)
[130/294]	0.505 (1.627)	100.00 (71.83)
[131/294]	0.612 (1.619)	95.00 (72.01)
[132/294]	3.329 (1.632)	70.00 (71.99)
[133/294]	0.454 (1.623)	100.00 (72.20)
[134/294]	0.757 (1.616)	85.00 (72.30)
[135/294]	0.491 (1.608)	95.00 (72.46)
[136/294]	0.568 (1.601)	95.00 (72.63)
[137/294]	0.613 (1.593)	95.00 (72.79)
[138/294]	1.164 (1.590)	70.00 (72.77)
[139/294]	1.016 (1.586)	70.00 (72.75)
[140/294]	0.911 (1.581)	80.00 (72.80)
[141/294]	0.723 (1.575)	85.00 (72.89)
[142/294]	3.809 (1.591)	50.00 (72.73)
[143/294]	0.863 (1.586)	80.00 (72.78)
[144/294]	1.400 (1.585)	70.00 (72.76)
[145/294]	1.230 (1.582)	80.00 (72.81)
[146/294]	1.552 (1.582)	30.00 (72.52)
[147/294]	1.518 (1.582)	50.00 (72.36)
[148/294]	1.375 (1.580)	55.00 (72.25)
[149/294]	1.568 (1.580)	55.00 (72.13)
[150/294]	1.381 (1.579)	65.00 (72.09)
[151/294]	1.217 (1.576)	85.00 (72.17)
[152/294]	1.007 (1.573)	100.00 (72.35)
[153/294]	0.936 (1.569)	100.00 (72.53)
[154/294]	1.154 (1.566)	85.00 (72.61)
[155/294]	1.910 (1.568)	30.00 (72.34)
[156/294]	1.770 (1.569)	30.00 (72.07)
[157/294]	0.982 (1.566)	85.00 (72.15)
[158/294]	1.047 (1.562)	80.00 (72.20)
[159/294]	1.295 (1.561)	70.00 (72.19)
[160/294]	0.945 (1.557)	90.00 (72.30)
[161/294]	0.848 (1.553)	95.00 (72.44)
[162/294]	2.014 (1.555)	55.00 (72.33)
[163/294]	1.150 (1.553)	80.00 (72.38)
[164/294]	1.539 (1.553)	60.00 (72.30)
[165/294]	1.255 (1.551)	60.00 (72.23)
[166/294]	1.897 (1.553)	55.00 (72.13)
[167/294]	1.270 (1.551)	75.00 (72.14)
[168/294]	1.142 (1.549)	80.00 (72.19)
[169/294]	1.167 (1.547)	80.00 (72.24)
[170/294]	1.542 (1.547)	70.00 (72.22)
[171/294]	1.394 (1.546)	70.00 (72.21)
[172/294]	0.992 (1.543)	85.00 (72.28)
[173/294]	1.148 (1.540)	75.00 (72.30)
[174/294]	1.125 (1.538)	65.00 (72.26)
[175/294]	1.032 (1.535)	80.00 (72.30)
[176/294]	1.232 (1.533)	65.00 (72.26)
[177/294]	0.691 (1.529)	90.00 (72.36)
[178/294]	0.536 (1.523)	100.00 (72.51)
[179/294]	0.736 (1.519)	95.00 (72.64)
[180/294]	0.591 (1.514)	95.00 (72.76)
[181/294]	0.558 (1.508)	95.00 (72.88)
[182/294]	0.447 (1.503)	100.00 (73.03)
[183/294]	0.412 (1.497)	100.00 (73.18)
[184/294]	3.140 (1.506)	40.00 (73.00)
[185/294]	1.236 (1.504)	60.00 (72.93)
[186/294]	0.505 (1.499)	95.00 (73.05)
[187/294]	0.820 (1.495)	70.00 (73.03)
[188/294]	1.684 (1.496)	65.00 (72.99)
[189/294]	0.550 (1.491)	100.00 (73.13)
[190/294]	0.699 (1.487)	95.00 (73.25)
[191/294]	0.843 (1.484)	95.00 (73.36)
[192/294]	1.063 (1.481)	75.00 (73.37)
[193/294]	1.461 (1.481)	60.00 (73.30)
[194/294]	0.750 (1.478)	100.00 (73.44)
[195/294]	1.232 (1.476)	75.00 (73.44)
[196/294]	1.398 (1.476)	60.00 (73.38)
[197/294]	1.021 (1.474)	85.00 (73.43)
[198/294]	1.211 (1.472)	75.00 (73.44)
[199/294]	1.078 (1.470)	75.00 (73.45)
[200/294]	1.109 (1.469)	60.00 (73.38)
[201/294]	1.068 (1.467)	50.00 (73.27)
[202/294]	0.883 (1.464)	75.00 (73.28)
[203/294]	0.661 (1.460)	95.00 (73.38)
[204/294]	0.640 (1.456)	100.00 (73.51)
[205/294]	0.750 (1.452)	95.00 (73.62)
[206/294]	0.777 (1.449)	80.00 (73.65)
[207/294]	0.492 (1.445)	95.00 (73.75)
[208/294]	1.285 (1.444)	70.00 (73.73)
[209/294]	1.882 (1.446)	55.00 (73.64)
[210/294]	0.759 (1.443)	80.00 (73.67)
[211/294]	0.472 (1.438)	95.00 (73.77)
[212/294]	1.282 (1.437)	70.00 (73.76)
[213/294]	0.770 (1.434)	85.00 (73.81)
[214/294]	0.656 (1.431)	90.00 (73.88)
[215/294]	0.508 (1.426)	100.00 (74.00)
[216/294]	0.570 (1.422)	95.00 (74.10)
[217/294]	0.951 (1.420)	80.00 (74.13)
[218/294]	1.000 (1.418)	75.00 (74.13)
[219/294]	0.539 (1.414)	100.00 (74.25)
[220/294]	0.808 (1.412)	90.00 (74.32)
[221/294]	0.754 (1.409)	90.00 (74.39)
[222/294]	0.633 (1.405)	95.00 (74.48)
[223/294]	1.008 (1.403)	70.00 (74.46)
[224/294]	0.661 (1.400)	95.00 (74.56)
[225/294]	1.027 (1.398)	65.00 (74.51)
[226/294]	1.757 (1.400)	75.00 (74.52)
[227/294]	0.786 (1.397)	85.00 (74.56)
[228/294]	0.608 (1.394)	100.00 (74.67)
[229/294]	0.533 (1.390)	100.00 (74.78)
[230/294]	2.197 (1.394)	65.00 (74.74)
[231/294]	1.852 (1.396)	65.00 (74.70)
[232/294]	0.921 (1.393)	90.00 (74.76)
[233/294]	0.997 (1.392)	80.00 (74.79)
[234/294]	1.029 (1.390)	80.00 (74.81)
[235/294]	1.103 (1.389)	65.00 (74.77)
[236/294]	0.962 (1.387)	95.00 (74.85)
[237/294]	1.087 (1.386)	75.00 (74.85)
[238/294]	0.981 (1.384)	70.00 (74.83)
[239/294]	0.968 (1.383)	85.00 (74.88)
[240/294]	0.955 (1.381)	80.00 (74.90)
[241/294]	1.243 (1.380)	80.00 (74.92)
[242/294]	1.474 (1.381)	65.00 (74.88)
[243/294]	1.473 (1.381)	50.00 (74.77)
[244/294]	0.868 (1.379)	80.00 (74.80)
[245/294]	0.891 (1.377)	85.00 (74.84)
[246/294]	0.843 (1.375)	85.00 (74.88)
[247/294]	0.646 (1.372)	100.00 (74.98)
[248/294]	0.753 (1.369)	90.00 (75.04)
[249/294]	1.547 (1.370)	70.00 (75.02)
[250/294]	0.624 (1.367)	95.00 (75.10)
[251/294]	0.528 (1.364)	100.00 (75.20)
[252/294]	0.526 (1.360)	100.00 (75.30)
[253/294]	0.562 (1.357)	95.00 (75.37)
[254/294]	1.046 (1.356)	70.00 (75.35)
[255/294]	0.953 (1.354)	75.00 (75.35)
[256/294]	0.592 (1.351)	100.00 (75.45)
[257/294]	0.862 (1.350)	75.00 (75.45)
[258/294]	1.221 (1.349)	70.00 (75.42)
[259/294]	1.446 (1.349)	70.00 (75.40)
[260/294]	1.040 (1.348)	60.00 (75.34)
[261/294]	1.278 (1.348)	55.00 (75.27)
[262/294]	1.107 (1.347)	70.00 (75.25)
[263/294]	1.390 (1.347)	55.00 (75.17)
[264/294]	0.808 (1.345)	85.00 (75.21)
[265/294]	1.372 (1.345)	65.00 (75.17)
[266/294]	1.395 (1.346)	50.00 (75.07)
[267/294]	1.409 (1.346)	60.00 (75.02)
[268/294]	1.284 (1.346)	60.00 (74.96)
[269/294]	1.005 (1.344)	80.00 (74.98)
[270/294]	0.821 (1.342)	90.00 (75.04)
[271/294]	2.379 (1.346)	50.00 (74.94)
[272/294]	1.112 (1.345)	60.00 (74.89)
[273/294]	0.872 (1.344)	90.00 (74.95)
[274/294]	1.059 (1.343)	80.00 (74.96)
[275/294]	1.704 (1.344)	55.00 (74.89)
[276/294]	1.236 (1.343)	70.00 (74.87)
[277/294]	0.704 (1.341)	100.00 (74.96)
[278/294]	0.624 (1.339)	100.00 (75.05)
[279/294]	0.625 (1.336)	100.00 (75.14)
[280/294]	0.803 (1.334)	95.00 (75.21)
[281/294]	0.902 (1.333)	95.00 (75.28)
[282/294]	0.871 (1.331)	85.00 (75.32)
[283/294]	0.790 (1.329)	90.00 (75.37)
[284/294]	0.865 (1.327)	90.00 (75.42)
[285/294]	2.132 (1.330)	20.00 (75.23)
[286/294]	0.851 (1.329)	95.00 (75.30)
[287/294]	0.870 (1.327)	90.00 (75.35)
[288/294]	0.869 (1.325)	80.00 (75.36)
[289/294]	0.654 (1.323)	100.00 (75.45)
[290/294]	1.009 (1.322)	75.00 (75.45)
[291/294]	1.180 (1.322)	60.00 (75.39)
[292/294]	1.050 (1.321)	70.00 (75.38)
[293/294]	0.708 (1.320)	83.33 (75.38)
 * Train Acc: 75.384
 * Avg. Data time: 0.098, Avg. Batch time: 0.158, Avg. Forward time: 0.005, Avg. Backward time: 0.035
Computing MAS
 * Val Acc: 44.653, Time: 12.39
 * Test Acc: 44.932, Time: 28.89
=============Training Task 2=============
Active output nodes for this task: 
[0, 1, 2, 3, 4, 5]
=============Training Epoch 0=============
#reg terms:  1
Batch	 Loss		 Acc
[0/294]	13.126 (13.126)	0.00 (0.00)
[1/294]	4.499 (8.813)	0.00 (0.00)
[2/294]	4.424 (7.350)	0.00 (0.00)
[3/294]	5.533 (6.896)	0.00 (0.00)
[4/294]	6.403 (6.797)	0.00 (0.00)
[5/294]	6.982 (6.828)	0.00 (0.00)
[6/294]	7.308 (6.896)	0.00 (0.00)
[7/294]	7.245 (6.940)	5.00 (0.62)
[8/294]	6.870 (6.932)	0.00 (0.56)
[9/294]	6.434 (6.882)	15.00 (2.00)
[10/294]	6.071 (6.809)	15.00 (3.18)
[11/294]	5.696 (6.716)	0.00 (2.92)
[12/294]	5.259 (6.604)	0.00 (2.69)
[13/294]	4.832 (6.477)	0.00 (2.50)
[14/294]	4.522 (6.347)	10.00 (3.00)
[15/294]	3.882 (6.193)	55.00 (6.25)
[16/294]	2.956 (6.003)	50.00 (8.82)
[17/294]	3.269 (5.851)	50.00 (11.11)
[18/294]	10.286 (6.084)	50.00 (13.16)
[19/294]	2.616 (5.911)	35.00 (14.25)
[20/294]	5.013 (5.868)	10.00 (14.05)
[21/294]	3.364 (5.754)	0.00 (13.41)
[22/294]	3.686 (5.664)	0.00 (12.83)
[23/294]	3.850 (5.589)	0.00 (12.29)
[24/294]	3.745 (5.515)	0.00 (11.80)
[25/294]	3.483 (5.437)	0.00 (11.35)
[26/294]	3.358 (5.360)	20.00 (11.67)
[27/294]	3.167 (5.281)	90.00 (14.46)
[28/294]	3.209 (5.210)	35.00 (15.17)
[29/294]	2.857 (5.132)	60.00 (16.67)
[30/294]	2.336 (5.041)	50.00 (17.74)
[31/294]	2.122 (4.950)	50.00 (18.75)
[32/294]	1.889 (4.857)	60.00 (20.00)
[33/294]	1.825 (4.768)	65.00 (21.32)
[34/294]	1.992 (4.689)	50.00 (22.14)
[35/294]	1.955 (4.613)	35.00 (22.50)
[36/294]	2.007 (4.543)	60.00 (23.51)
[37/294]	2.231 (4.482)	50.00 (24.21)
[38/294]	2.723 (4.437)	50.00 (24.87)
[39/294]	1.491 (4.363)	65.00 (25.88)
[40/294]	1.463 (4.292)	70.00 (26.95)
[41/294]	2.087 (4.240)	50.00 (27.50)
[42/294]	2.253 (4.194)	50.00 (28.02)
[43/294]	1.294 (4.128)	85.00 (29.32)
[44/294]	1.519 (4.070)	75.00 (30.33)
[45/294]	2.056 (4.026)	50.00 (30.76)
[46/294]	1.088 (3.963)	90.00 (32.02)
[47/294]	1.141 (3.905)	90.00 (33.23)
[48/294]	1.070 (3.847)	95.00 (34.49)
[49/294]	1.018 (3.790)	100.00 (35.80)
[50/294]	1.084 (3.737)	95.00 (36.96)
[51/294]	1.205 (3.688)	75.00 (37.69)
[52/294]	0.962 (3.637)	95.00 (38.77)
[53/294]	2.788 (3.621)	50.00 (38.98)
[54/294]	0.846 (3.571)	100.00 (40.09)
[55/294]	3.456 (3.569)	50.00 (40.27)
[56/294]	0.722 (3.519)	100.00 (41.32)
[57/294]	0.902 (3.474)	100.00 (42.33)
[58/294]	1.867 (3.446)	65.00 (42.71)
[59/294]	2.393 (3.429)	50.00 (42.83)
[60/294]	2.086 (3.407)	50.00 (42.95)
[61/294]	1.400 (3.375)	90.00 (43.71)
[62/294]	1.712 (3.348)	85.00 (44.37)
[63/294]	1.167 (3.314)	100.00 (45.23)
[64/294]	1.260 (3.282)	90.00 (45.92)
[65/294]	1.902 (3.262)	90.00 (46.59)
[66/294]	1.655 (3.238)	90.00 (47.24)
[67/294]	2.950 (3.233)	50.00 (47.28)
[68/294]	3.910 (3.243)	50.00 (47.32)
[69/294]	1.851 (3.223)	60.00 (47.50)
[70/294]	1.586 (3.200)	80.00 (47.96)
[71/294]	2.750 (3.194)	50.00 (47.99)
[72/294]	3.030 (3.192)	50.00 (48.01)
[73/294]	2.689 (3.185)	50.00 (48.04)
[74/294]	2.183 (3.172)	90.00 (48.60)
[75/294]	2.227 (3.159)	85.00 (49.08)
[76/294]	2.579 (3.152)	60.00 (49.22)
[77/294]	1.973 (3.136)	90.00 (49.74)
[78/294]	1.762 (3.119)	90.00 (50.25)
[79/294]	1.596 (3.100)	100.00 (50.88)
[80/294]	1.524 (3.081)	100.00 (51.48)
[81/294]	1.947 (3.067)	75.00 (51.77)
[82/294]	1.846 (3.052)	70.00 (51.99)
[83/294]	1.303 (3.031)	100.00 (52.56)
[84/294]	2.054 (3.020)	65.00 (52.71)
[85/294]	1.291 (3.000)	90.00 (53.14)
[86/294]	2.561 (2.995)	65.00 (53.28)
[87/294]	1.124 (2.973)	100.00 (53.81)
[88/294]	1.113 (2.952)	100.00 (54.33)
[89/294]	1.686 (2.938)	80.00 (54.61)
[90/294]	1.271 (2.920)	95.00 (55.05)
[91/294]	1.420 (2.904)	95.00 (55.49)
[92/294]	1.406 (2.888)	90.00 (55.86)
[93/294]	1.230 (2.870)	90.00 (56.22)
[94/294]	1.672 (2.857)	60.00 (56.26)
[95/294]	1.067 (2.839)	100.00 (56.72)
[96/294]	1.140 (2.821)	95.00 (57.11)
[97/294]	1.280 (2.805)	90.00 (57.45)
[98/294]	1.014 (2.787)	100.00 (57.88)
[99/294]	1.061 (2.770)	95.00 (58.25)
[100/294]	1.086 (2.753)	90.00 (58.56)
[101/294]	0.971 (2.736)	100.00 (58.97)
[102/294]	0.943 (2.719)	90.00 (59.27)
[103/294]	1.405 (2.706)	85.00 (59.52)
[104/294]	1.269 (2.692)	70.00 (59.62)
[105/294]	0.733 (2.674)	100.00 (60.00)
[106/294]	0.947 (2.658)	90.00 (60.28)
[107/294]	1.281 (2.645)	70.00 (60.37)
[108/294]	1.074 (2.630)	80.00 (60.55)
[109/294]	0.697 (2.613)	95.00 (60.86)
[110/294]	0.630 (2.595)	100.00 (61.22)
[111/294]	0.785 (2.579)	95.00 (61.52)
[112/294]	1.140 (2.566)	85.00 (61.73)
[113/294]	0.929 (2.552)	90.00 (61.97)
[114/294]	1.182 (2.540)	80.00 (62.13)
[115/294]	0.752 (2.524)	90.00 (62.37)
[116/294]	0.556 (2.508)	100.00 (62.69)
[117/294]	0.570 (2.491)	100.00 (63.01)
[118/294]	0.809 (2.477)	90.00 (63.24)
[119/294]	0.816 (2.463)	90.00 (63.46)
[120/294]	0.577 (2.448)	95.00 (63.72)
[121/294]	0.662 (2.433)	90.00 (63.93)
[122/294]	0.631 (2.418)	95.00 (64.19)
[123/294]	0.486 (2.403)	100.00 (64.48)
[124/294]	0.443 (2.387)	100.00 (64.76)
[125/294]	0.446 (2.372)	100.00 (65.04)
[126/294]	0.408 (2.356)	100.00 (65.31)
[127/294]	0.389 (2.341)	100.00 (65.59)
[128/294]	0.367 (2.326)	100.00 (65.85)
[129/294]	0.344 (2.310)	100.00 (66.12)
[130/294]	0.322 (2.295)	100.00 (66.37)
[131/294]	0.299 (2.280)	100.00 (66.63)
[132/294]	0.470 (2.266)	95.00 (66.84)
[133/294]	0.311 (2.252)	100.00 (67.09)
[134/294]	0.324 (2.238)	95.00 (67.30)
[135/294]	0.351 (2.224)	95.00 (67.50)
[136/294]	0.223 (2.209)	100.00 (67.74)
[137/294]	0.393 (2.196)	95.00 (67.93)
[138/294]	0.369 (2.183)	95.00 (68.13)
[139/294]	0.282 (2.169)	100.00 (68.36)
[140/294]	0.966 (2.161)	70.00 (68.37)
[141/294]	0.237 (2.147)	100.00 (68.59)
[142/294]	0.312 (2.134)	95.00 (68.78)
[143/294]	2.473 (2.137)	65.00 (68.75)
[144/294]	0.632 (2.126)	80.00 (68.83)
[145/294]	1.357 (2.121)	80.00 (68.90)
[146/294]	2.088 (2.121)	55.00 (68.81)
[147/294]	2.395 (2.123)	50.00 (68.68)
[148/294]	1.578 (2.119)	80.00 (68.76)
[149/294]	1.511 (2.115)	85.00 (68.87)
[150/294]	1.426 (2.110)	100.00 (69.07)
[151/294]	1.666 (2.107)	95.00 (69.24)
[152/294]	2.218 (2.108)	80.00 (69.31)
[153/294]	1.869 (2.107)	90.00 (69.45)
[154/294]	1.988 (2.106)	85.00 (69.55)
[155/294]	3.525 (2.115)	65.00 (69.52)
[156/294]	1.558 (2.111)	100.00 (69.71)
[157/294]	1.507 (2.108)	100.00 (69.91)
[158/294]	2.053 (2.107)	80.00 (69.97)
[159/294]	1.396 (2.103)	100.00 (70.16)
[160/294]	1.430 (2.099)	100.00 (70.34)
[161/294]	1.454 (2.095)	100.00 (70.52)
[162/294]	2.317 (2.096)	90.00 (70.64)
[163/294]	1.438 (2.092)	85.00 (70.73)
[164/294]	1.206 (2.087)	100.00 (70.91)
[165/294]	2.571 (2.089)	60.00 (70.84)
[166/294]	1.684 (2.087)	70.00 (70.84)
[167/294]	1.298 (2.082)	95.00 (70.98)
[168/294]	1.521 (2.079)	80.00 (71.04)
[169/294]	1.352 (2.075)	100.00 (71.21)
[170/294]	1.192 (2.070)	95.00 (71.35)
[171/294]	1.023 (2.063)	100.00 (71.51)
[172/294]	1.356 (2.059)	75.00 (71.53)
[173/294]	1.443 (2.056)	80.00 (71.58)
[174/294]	0.980 (2.050)	100.00 (71.74)
[175/294]	0.942 (2.043)	100.00 (71.90)
[176/294]	0.924 (2.037)	100.00 (72.06)
[177/294]	1.141 (2.032)	90.00 (72.16)
[178/294]	1.827 (2.031)	60.00 (72.09)
[179/294]	1.059 (2.026)	90.00 (72.19)
[180/294]	0.981 (2.020)	90.00 (72.29)
[181/294]	1.171 (2.015)	70.00 (72.28)
[182/294]	0.734 (2.008)	100.00 (72.43)
[183/294]	0.848 (2.002)	90.00 (72.53)
[184/294]	0.882 (1.996)	90.00 (72.62)
[185/294]	0.673 (1.989)	100.00 (72.77)
[186/294]	0.826 (1.982)	90.00 (72.86)
[187/294]	0.628 (1.975)	100.00 (73.01)
[188/294]	0.549 (1.968)	100.00 (73.15)
[189/294]	0.809 (1.962)	90.00 (73.24)
[190/294]	0.545 (1.954)	100.00 (73.38)
[191/294]	0.537 (1.947)	100.00 (73.52)
[192/294]	0.456 (1.939)	100.00 (73.65)
[193/294]	0.431 (1.931)	100.00 (73.79)
[194/294]	0.486 (1.924)	100.00 (73.92)
[195/294]	0.462 (1.916)	100.00 (74.06)
[196/294]	1.421 (1.914)	60.00 (73.98)
[197/294]	0.463 (1.907)	100.00 (74.12)
[198/294]	0.452 (1.899)	100.00 (74.25)
[199/294]	0.478 (1.892)	100.00 (74.38)
[200/294]	0.473 (1.885)	95.00 (74.48)
[201/294]	0.526 (1.878)	95.00 (74.58)
[202/294]	0.900 (1.874)	85.00 (74.63)
[203/294]	0.403 (1.866)	100.00 (74.75)
[204/294]	0.507 (1.860)	90.00 (74.83)
[205/294]	0.500 (1.853)	100.00 (74.95)
[206/294]	0.553 (1.847)	100.00 (75.07)
[207/294]	0.610 (1.841)	100.00 (75.19)
[208/294]	0.724 (1.836)	95.00 (75.29)
[209/294]	0.625 (1.830)	100.00 (75.40)
[210/294]	0.676 (1.824)	100.00 (75.52)
[211/294]	0.725 (1.819)	100.00 (75.64)
[212/294]	0.668 (1.814)	100.00 (75.75)
[213/294]	0.668 (1.808)	100.00 (75.86)
[214/294]	0.666 (1.803)	100.00 (75.98)
[215/294]	0.564 (1.797)	100.00 (76.09)
[216/294]	0.887 (1.793)	80.00 (76.11)
[217/294]	0.850 (1.789)	85.00 (76.15)
[218/294]	0.573 (1.783)	100.00 (76.26)
[219/294]	0.470 (1.777)	100.00 (76.36)
[220/294]	0.549 (1.772)	95.00 (76.45)
[221/294]	0.392 (1.765)	100.00 (76.55)
[222/294]	0.398 (1.759)	100.00 (76.66)
[223/294]	0.424 (1.753)	100.00 (76.76)
[224/294]	0.551 (1.748)	90.00 (76.82)
[225/294]	0.765 (1.744)	95.00 (76.90)
[226/294]	1.441 (1.742)	90.00 (76.96)
[227/294]	0.346 (1.736)	100.00 (77.06)
[228/294]	1.471 (1.735)	70.00 (77.03)
[229/294]	0.409 (1.729)	100.00 (77.13)
[230/294]	0.416 (1.724)	100.00 (77.23)
[231/294]	0.469 (1.718)	100.00 (77.33)
[232/294]	0.619 (1.714)	100.00 (77.42)
[233/294]	0.626 (1.709)	95.00 (77.50)
[234/294]	0.751 (1.705)	90.00 (77.55)
[235/294]	0.762 (1.701)	95.00 (77.63)
[236/294]	0.679 (1.696)	100.00 (77.72)
[237/294]	0.781 (1.693)	85.00 (77.75)
[238/294]	0.835 (1.689)	85.00 (77.78)
[239/294]	0.712 (1.685)	95.00 (77.85)
[240/294]	0.585 (1.680)	100.00 (77.95)
[241/294]	0.822 (1.677)	80.00 (77.95)
[242/294]	0.537 (1.672)	100.00 (78.05)
[243/294]	0.474 (1.667)	100.00 (78.14)
[244/294]	0.496 (1.662)	100.00 (78.22)
[245/294]	0.409 (1.657)	100.00 (78.31)
[246/294]	0.422 (1.652)	95.00 (78.38)
[247/294]	0.373 (1.647)	100.00 (78.47)
[248/294]	0.355 (1.642)	100.00 (78.55)
[249/294]	0.361 (1.637)	100.00 (78.64)
[250/294]	0.474 (1.632)	90.00 (78.69)
[251/294]	0.300 (1.627)	100.00 (78.77)
[252/294]	0.282 (1.622)	100.00 (78.85)
[253/294]	0.272 (1.616)	100.00 (78.94)
[254/294]	0.263 (1.611)	100.00 (79.02)
[255/294]	0.252 (1.606)	100.00 (79.10)
[256/294]	0.240 (1.600)	100.00 (79.18)
[257/294]	0.223 (1.595)	100.00 (79.26)
[258/294]	0.209 (1.590)	100.00 (79.34)
[259/294]	0.448 (1.585)	80.00 (79.35)
[260/294]	0.243 (1.580)	100.00 (79.43)
[261/294]	0.353 (1.576)	95.00 (79.48)
[262/294]	0.169 (1.570)	100.00 (79.56)
[263/294]	0.531 (1.566)	90.00 (79.60)
[264/294]	0.253 (1.561)	95.00 (79.66)
[265/294]	0.227 (1.556)	95.00 (79.72)
[266/294]	0.224 (1.551)	100.00 (79.79)
[267/294]	0.219 (1.546)	100.00 (79.87)
[268/294]	0.176 (1.541)	100.00 (79.94)
[269/294]	0.410 (1.537)	95.00 (80.00)
[270/294]	0.246 (1.532)	100.00 (80.07)
[271/294]	0.206 (1.527)	100.00 (80.15)
[272/294]	0.209 (1.523)	100.00 (80.22)
[273/294]	0.230 (1.518)	100.00 (80.29)
[274/294]	0.316 (1.513)	95.00 (80.35)
[275/294]	0.218 (1.509)	100.00 (80.42)
[276/294]	0.183 (1.504)	100.00 (80.49)
[277/294]	0.516 (1.500)	85.00 (80.50)
[278/294]	0.321 (1.496)	85.00 (80.52)
[279/294]	0.182 (1.492)	100.00 (80.59)
[280/294]	0.218 (1.487)	100.00 (80.66)
[281/294]	0.204 (1.482)	100.00 (80.73)
[282/294]	0.390 (1.479)	95.00 (80.78)
[283/294]	0.512 (1.475)	80.00 (80.77)
[284/294]	0.301 (1.471)	95.00 (80.82)
[285/294]	0.255 (1.467)	95.00 (80.87)
[286/294]	0.175 (1.462)	100.00 (80.94)
[287/294]	0.169 (1.458)	100.00 (81.01)
[288/294]	0.165 (1.453)	100.00 (81.07)
[289/294]	0.454 (1.450)	90.00 (81.10)
[290/294]	0.507 (1.447)	80.00 (81.10)
[291/294]	0.294 (1.443)	95.00 (81.15)
[292/294]	0.177 (1.438)	100.00 (81.21)
[293/294]	0.274 (1.434)	100.00 (81.28)
 * Train Acc: 81.276
 * Avg. Data time: 0.814, Avg. Batch time: 0.861, Avg. Forward time: 0.005, Avg. Backward time: 0.033
Computing MAS
 * Val Acc: 24.019, Time: 42.15
 * Test Acc: 24.876, Time: 93.62
=============Training Task 3=============
Active output nodes for this task: 
[0, 1, 2, 3, 4, 5, 6, 7]
=============Training Epoch 0=============
#reg terms:  1
Batch	 Loss		 Acc
[0/294]	11.423 (11.423)	0.00 (0.00)
[1/294]	9.653 (10.538)	0.00 (0.00)
[2/294]	6.341 (9.139)	0.00 (0.00)
[3/294]	7.607 (8.756)	0.00 (0.00)
[4/294]	8.959 (8.797)	0.00 (0.00)
[5/294]	9.336 (8.887)	0.00 (0.00)
[6/294]	9.178 (8.928)	0.00 (0.00)
[7/294]	8.599 (8.887)	0.00 (0.00)
[8/294]	8.077 (8.797)	0.00 (0.00)
[9/294]	7.476 (8.665)	0.00 (0.00)
[10/294]	6.810 (8.497)	0.00 (0.00)
[11/294]	6.316 (8.315)	0.00 (0.00)
[12/294]	6.207 (8.153)	0.00 (0.00)
[13/294]	6.256 (8.017)	0.00 (0.00)
[14/294]	6.003 (7.883)	0.00 (0.00)
[15/294]	5.456 (7.731)	0.00 (0.00)
[16/294]	5.141 (7.579)	0.00 (0.00)
[17/294]	4.949 (7.433)	0.00 (0.00)
[18/294]	5.045 (7.307)	0.00 (0.00)
[19/294]	5.276 (7.205)	0.00 (0.00)
[20/294]	4.900 (7.096)	0.00 (0.00)
[21/294]	4.713 (6.987)	0.00 (0.00)
[22/294]	4.557 (6.882)	5.00 (0.22)
[23/294]	4.441 (6.780)	5.00 (0.42)
[24/294]	4.369 (6.684)	0.00 (0.40)
[25/294]	4.033 (6.582)	15.00 (0.96)
[26/294]	3.825 (6.480)	25.00 (1.85)
[27/294]	3.817 (6.384)	0.00 (1.79)
[28/294]	2.975 (6.267)	50.00 (3.45)
[29/294]	3.527 (6.176)	50.00 (5.00)
[30/294]	16.084 (6.495)	50.00 (6.45)
[31/294]	3.806 (6.411)	45.00 (7.66)
[32/294]	6.702 (6.420)	10.00 (7.73)
[33/294]	5.367 (6.389)	50.00 (8.97)
[34/294]	6.788 (6.400)	50.00 (10.14)
[35/294]	7.189 (6.422)	50.00 (11.25)
[36/294]	6.715 (6.430)	50.00 (12.30)
[37/294]	6.559 (6.434)	50.00 (13.29)
[38/294]	6.727 (6.441)	45.00 (14.10)
[39/294]	6.127 (6.433)	55.00 (15.12)
[40/294]	5.474 (6.410)	60.00 (16.22)
[41/294]	5.153 (6.380)	55.00 (17.14)
[42/294]	5.149 (6.351)	50.00 (17.91)
[43/294]	4.295 (6.305)	75.00 (19.20)
[44/294]	4.348 (6.261)	75.00 (20.44)
[45/294]	3.628 (6.204)	80.00 (21.74)
[46/294]	3.359 (6.143)	90.00 (23.19)
[47/294]	3.396 (6.086)	90.00 (24.58)
[48/294]	3.718 (6.038)	80.00 (25.71)
[49/294]	4.412 (6.005)	35.00 (25.90)
[50/294]	4.522 (5.976)	60.00 (26.57)
[51/294]	5.384 (5.965)	50.00 (27.02)
[52/294]	2.518 (5.900)	100.00 (28.40)
[53/294]	2.717 (5.841)	95.00 (29.63)
[54/294]	3.069 (5.790)	80.00 (30.55)
[55/294]	2.654 (5.734)	80.00 (31.43)
[56/294]	2.441 (5.677)	95.00 (32.54)
[57/294]	3.039 (5.631)	75.00 (33.28)
[58/294]	3.042 (5.587)	80.00 (34.07)
[59/294]	2.587 (5.537)	65.00 (34.58)
[60/294]	2.442 (5.487)	100.00 (35.66)
[61/294]	3.507 (5.455)	60.00 (36.05)
[62/294]	2.263 (5.404)	100.00 (37.06)
[63/294]	2.314 (5.356)	95.00 (37.97)
[64/294]	2.491 (5.312)	75.00 (38.54)
[65/294]	2.046 (5.262)	100.00 (39.47)
[66/294]	3.498 (5.236)	45.00 (39.55)
[67/294]	2.225 (5.191)	90.00 (40.29)
[68/294]	2.047 (5.146)	100.00 (41.16)
[69/294]	2.295 (5.105)	95.00 (41.93)
[70/294]	6.662 (5.127)	50.00 (42.04)
[71/294]	11.824 (5.220)	50.00 (42.15)
[72/294]	3.905 (5.202)	90.00 (42.81)
[73/294]	4.916 (5.198)	60.00 (43.04)
[74/294]	5.247 (5.199)	75.00 (43.47)
[75/294]	5.835 (5.207)	50.00 (43.55)
[76/294]	5.816 (5.215)	50.00 (43.64)
[77/294]	4.824 (5.210)	95.00 (44.29)
[78/294]	4.422 (5.200)	100.00 (45.00)
[79/294]	4.134 (5.187)	90.00 (45.56)
[80/294]	3.900 (5.171)	90.00 (46.11)
[81/294]	3.684 (5.153)	70.00 (46.40)
[82/294]	3.017 (5.127)	100.00 (47.05)
[83/294]	2.807 (5.099)	100.00 (47.68)
[84/294]	2.923 (5.074)	85.00 (48.12)
[85/294]	2.523 (5.044)	95.00 (48.66)
[86/294]	2.418 (5.014)	85.00 (49.08)
[87/294]	2.932 (4.990)	70.00 (49.32)
[88/294]	2.678 (4.964)	85.00 (49.72)
[89/294]	2.001 (4.931)	95.00 (50.22)
[90/294]	3.574 (4.917)	70.00 (50.44)
[91/294]	2.055 (4.885)	90.00 (50.87)
[92/294]	2.167 (4.856)	95.00 (51.34)
[93/294]	2.395 (4.830)	100.00 (51.86)
[94/294]	2.868 (4.809)	90.00 (52.26)
[95/294]	3.231 (4.793)	75.00 (52.50)
[96/294]	3.054 (4.775)	85.00 (52.84)
[97/294]	2.746 (4.754)	100.00 (53.32)
[98/294]	2.635 (4.733)	100.00 (53.79)
[99/294]	2.486 (4.710)	100.00 (54.25)
[100/294]	3.182 (4.695)	90.00 (54.60)
[101/294]	2.182 (4.671)	85.00 (54.90)
[102/294]	2.674 (4.651)	75.00 (55.10)
[103/294]	2.457 (4.630)	75.00 (55.29)
[104/294]	1.988 (4.605)	100.00 (55.71)
[105/294]	2.106 (4.581)	100.00 (56.13)
[106/294]	2.129 (4.559)	100.00 (56.54)
[107/294]	2.365 (4.538)	90.00 (56.85)
[108/294]	2.023 (4.515)	100.00 (57.25)
[109/294]	1.895 (4.491)	100.00 (57.64)
[110/294]	1.769 (4.467)	100.00 (58.02)
[111/294]	1.632 (4.441)	100.00 (58.39)
[112/294]	1.534 (4.416)	100.00 (58.76)
[113/294]	1.499 (4.390)	95.00 (59.08)
[114/294]	1.354 (4.364)	95.00 (59.39)
[115/294]	1.921 (4.343)	70.00 (59.48)
[116/294]	1.101 (4.315)	100.00 (59.83)
[117/294]	1.212 (4.289)	95.00 (60.13)
[118/294]	1.872 (4.268)	70.00 (60.21)
[119/294]	1.065 (4.242)	100.00 (60.54)
[120/294]	1.034 (4.215)	95.00 (60.83)
[121/294]	1.465 (4.193)	85.00 (61.02)
[122/294]	1.089 (4.167)	95.00 (61.30)
[123/294]	1.036 (4.142)	100.00 (61.61)
[124/294]	1.026 (4.117)	100.00 (61.92)
[125/294]	0.989 (4.092)	100.00 (62.22)
[126/294]	2.032 (4.076)	60.00 (62.20)
[127/294]	1.070 (4.053)	95.00 (62.46)
[128/294]	1.012 (4.029)	100.00 (62.75)
[129/294]	1.091 (4.007)	90.00 (62.96)
[130/294]	1.052 (3.984)	95.00 (63.21)
[131/294]	1.021 (3.962)	95.00 (63.45)
[132/294]	1.047 (3.940)	95.00 (63.68)
[133/294]	1.816 (3.924)	80.00 (63.81)
[134/294]	0.796 (3.901)	100.00 (64.07)
[135/294]	0.845 (3.878)	95.00 (64.30)
[136/294]	0.920 (3.857)	90.00 (64.49)
[137/294]	1.219 (3.837)	80.00 (64.60)
[138/294]	0.751 (3.815)	100.00 (64.86)
[139/294]	0.723 (3.793)	100.00 (65.11)
[140/294]	0.897 (3.773)	95.00 (65.32)
[141/294]	0.730 (3.751)	100.00 (65.56)
[142/294]	0.671 (3.730)	100.00 (65.80)
[143/294]	0.664 (3.708)	95.00 (66.01)
[144/294]	0.596 (3.687)	100.00 (66.24)
[145/294]	0.541 (3.665)	100.00 (66.47)
[146/294]	1.060 (3.648)	90.00 (66.63)
[147/294]	0.528 (3.627)	100.00 (66.86)
[148/294]	0.542 (3.606)	100.00 (67.08)
[149/294]	0.617 (3.586)	95.00 (67.27)
[150/294]	1.379 (3.571)	65.00 (67.25)
[151/294]	0.542 (3.551)	100.00 (67.47)
[152/294]	0.745 (3.533)	95.00 (67.65)
[153/294]	0.817 (3.515)	85.00 (67.76)
[154/294]	0.632 (3.497)	100.00 (67.97)
[155/294]	0.635 (3.478)	100.00 (68.17)
[156/294]	0.676 (3.461)	100.00 (68.38)
[157/294]	0.618 (3.443)	100.00 (68.58)
[158/294]	0.665 (3.425)	90.00 (68.71)
[159/294]	0.764 (3.408)	95.00 (68.88)
[160/294]	0.697 (3.392)	90.00 (69.01)
[161/294]	0.523 (3.374)	100.00 (69.20)
[162/294]	0.714 (3.358)	90.00 (69.33)
[163/294]	0.689 (3.341)	85.00 (69.42)
[164/294]	0.480 (3.324)	100.00 (69.61)
[165/294]	0.918 (3.310)	65.00 (69.58)
[166/294]	1.080 (3.296)	80.00 (69.64)
[167/294]	0.594 (3.280)	100.00 (69.82)
[168/294]	0.824 (3.266)	90.00 (69.94)
[169/294]	1.058 (3.253)	75.00 (69.97)
[170/294]	1.075 (3.240)	75.00 (70.00)
[171/294]	0.637 (3.225)	100.00 (70.17)
[172/294]	0.743 (3.210)	95.00 (70.32)
[173/294]	2.057 (3.204)	85.00 (70.40)
[174/294]	0.705 (3.189)	100.00 (70.57)
[175/294]	1.045 (3.177)	95.00 (70.71)
[176/294]	1.857 (3.170)	70.00 (70.71)
[177/294]	1.794 (3.162)	85.00 (70.79)
[178/294]	3.483 (3.164)	50.00 (70.67)
[179/294]	2.099 (3.158)	70.00 (70.67)
[180/294]	5.030 (3.168)	60.00 (70.61)
[181/294]	1.694 (3.160)	100.00 (70.77)
[182/294]	2.018 (3.154)	95.00 (70.90)
[183/294]	2.105 (3.148)	100.00 (71.06)
[184/294]	2.221 (3.143)	100.00 (71.22)
[185/294]	2.348 (3.139)	95.00 (71.34)
[186/294]	2.353 (3.135)	95.00 (71.47)
[187/294]	2.329 (3.130)	100.00 (71.62)
[188/294]	2.157 (3.125)	100.00 (71.77)
[189/294]	2.008 (3.119)	100.00 (71.92)
[190/294]	4.074 (3.124)	70.00 (71.91)
[191/294]	1.801 (3.118)	100.00 (72.06)
[192/294]	1.901 (3.111)	100.00 (72.20)
[193/294]	2.024 (3.106)	100.00 (72.35)
[194/294]	2.343 (3.102)	90.00 (72.44)
[195/294]	1.958 (3.096)	95.00 (72.55)
[196/294]	4.828 (3.105)	50.00 (72.44)
[197/294]	1.825 (3.098)	100.00 (72.58)
[198/294]	2.087 (3.093)	95.00 (72.69)
[199/294]	2.980 (3.093)	65.00 (72.65)
[200/294]	2.370 (3.089)	100.00 (72.79)
[201/294]	2.570 (3.086)	95.00 (72.90)
[202/294]	2.778 (3.085)	80.00 (72.93)
[203/294]	2.358 (3.081)	100.00 (73.06)
[204/294]	2.213 (3.077)	100.00 (73.20)
[205/294]	2.079 (3.072)	100.00 (73.33)
[206/294]	2.065 (3.067)	90.00 (73.41)
[207/294]	1.780 (3.061)	100.00 (73.53)
[208/294]	1.684 (3.055)	100.00 (73.66)
[209/294]	1.561 (3.047)	95.00 (73.76)
[210/294]	1.383 (3.040)	100.00 (73.89)
[211/294]	2.031 (3.035)	80.00 (73.92)
[212/294]	1.459 (3.027)	85.00 (73.97)
[213/294]	1.558 (3.021)	75.00 (73.97)
[214/294]	1.184 (3.012)	95.00 (74.07)
[215/294]	0.978 (3.003)	100.00 (74.19)
[216/294]	0.904 (2.993)	100.00 (74.31)
[217/294]	0.880 (2.983)	100.00 (74.43)
[218/294]	0.844 (2.973)	100.00 (74.54)
[219/294]	0.771 (2.963)	100.00 (74.66)
[220/294]	0.703 (2.953)	100.00 (74.77)
[221/294]	0.655 (2.943)	100.00 (74.89)
[222/294]	0.606 (2.932)	100.00 (75.00)
[223/294]	0.568 (2.922)	100.00 (75.11)
[224/294]	0.529 (2.911)	100.00 (75.22)
[225/294]	0.494 (2.901)	100.00 (75.33)
[226/294]	0.532 (2.890)	95.00 (75.42)
[227/294]	0.427 (2.879)	100.00 (75.53)
[228/294]	0.538 (2.869)	90.00 (75.59)
[229/294]	0.581 (2.859)	85.00 (75.63)
[230/294]	0.601 (2.849)	80.00 (75.65)
[231/294]	0.370 (2.839)	100.00 (75.75)
[232/294]	0.374 (2.828)	100.00 (75.86)
[233/294]	0.409 (2.818)	100.00 (75.96)
[234/294]	1.099 (2.810)	75.00 (75.96)
[235/294]	0.761 (2.802)	90.00 (76.02)
[236/294]	1.062 (2.794)	80.00 (76.03)
[237/294]	0.815 (2.786)	95.00 (76.11)
[238/294]	2.093 (2.783)	55.00 (76.03)
[239/294]	1.650 (2.778)	85.00 (76.06)
[240/294]	1.468 (2.773)	90.00 (76.12)
[241/294]	2.313 (2.771)	60.00 (76.05)
[242/294]	1.691 (2.767)	85.00 (76.09)
[243/294]	1.709 (2.762)	90.00 (76.15)
[244/294]	1.633 (2.758)	100.00 (76.24)
[245/294]	1.751 (2.754)	95.00 (76.32)
[246/294]	1.856 (2.750)	80.00 (76.34)
[247/294]	1.884 (2.747)	95.00 (76.41)
[248/294]	1.367 (2.741)	100.00 (76.51)
[249/294]	1.354 (2.735)	100.00 (76.60)
[250/294]	1.769 (2.732)	80.00 (76.61)
[251/294]	3.808 (2.736)	50.00 (76.51)
[252/294]	1.209 (2.730)	100.00 (76.60)
[253/294]	1.325 (2.724)	100.00 (76.69)
[254/294]	1.431 (2.719)	95.00 (76.76)
[255/294]	1.443 (2.714)	95.00 (76.84)
[256/294]	1.525 (2.710)	95.00 (76.91)
[257/294]	1.122 (2.703)	100.00 (77.00)
[258/294]	1.083 (2.697)	100.00 (77.08)
[259/294]	1.207 (2.691)	90.00 (77.13)
[260/294]	0.917 (2.685)	100.00 (77.22)
[261/294]	0.904 (2.678)	100.00 (77.31)
[262/294]	0.934 (2.671)	100.00 (77.40)
[263/294]	0.905 (2.665)	100.00 (77.48)
[264/294]	0.893 (2.658)	100.00 (77.57)
[265/294]	0.931 (2.651)	100.00 (77.65)
[266/294]	0.928 (2.645)	95.00 (77.72)
[267/294]	0.882 (2.638)	90.00 (77.76)
[268/294]	0.714 (2.631)	100.00 (77.84)
[269/294]	0.868 (2.625)	90.00 (77.89)
[270/294]	0.623 (2.617)	100.00 (77.97)
[271/294]	0.598 (2.610)	100.00 (78.05)
[272/294]	1.660 (2.606)	65.00 (78.00)
[273/294]	0.553 (2.599)	100.00 (78.08)
[274/294]	0.672 (2.592)	100.00 (78.16)
[275/294]	0.760 (2.585)	100.00 (78.24)
[276/294]	1.114 (2.580)	80.00 (78.25)
[277/294]	0.803 (2.574)	95.00 (78.31)
[278/294]	0.709 (2.567)	100.00 (78.39)
[279/294]	0.699 (2.560)	100.00 (78.46)
[280/294]	0.939 (2.554)	90.00 (78.51)
[281/294]	0.698 (2.548)	95.00 (78.56)
[282/294]	0.602 (2.541)	100.00 (78.64)
[283/294]	0.609 (2.534)	100.00 (78.71)
[284/294]	0.665 (2.528)	95.00 (78.77)
[285/294]	0.562 (2.521)	100.00 (78.85)
[286/294]	0.499 (2.514)	100.00 (78.92)
[287/294]	0.603 (2.507)	95.00 (78.98)
[288/294]	0.490 (2.500)	95.00 (79.03)
[289/294]	2.230 (2.499)	85.00 (79.05)
[290/294]	0.770 (2.493)	95.00 (79.11)
[291/294]	1.410 (2.489)	90.00 (79.14)
[292/294]	1.834 (2.487)	95.00 (79.20)
[293/294]	2.550 (2.487)	80.00 (79.20)
 * Train Acc: 79.201
 * Avg. Data time: 0.142, Avg. Batch time: 0.188, Avg. Forward time: 0.004, Avg. Backward time: 0.030
Computing MAS
 * Val Acc: 28.498, Time: 10.35
 * Test Acc: 27.212, Time: 22.66
=============Training Task 4=============
Active output nodes for this task: 
[0, 1, 2, 3, 4, 5, 6, 7, 8, 9]
=============Training Epoch 0=============
#reg terms:  1
Batch	 Loss		 Acc
[0/294]	42.316 (42.316)	0.00 (0.00)
[1/294]	17.399 (29.857)	0.00 (0.00)
[2/294]	27.036 (28.917)	0.00 (0.00)
[3/294]	33.965 (30.179)	0.00 (0.00)
[4/294]	34.483 (31.040)	0.00 (0.00)
[5/294]	33.717 (31.486)	0.00 (0.00)
[6/294]	29.712 (31.233)	0.00 (0.00)
[7/294]	26.396 (30.628)	0.00 (0.00)
[8/294]	23.735 (29.862)	0.00 (0.00)
[9/294]	21.159 (28.992)	0.00 (0.00)
[10/294]	18.987 (28.082)	0.00 (0.00)
[11/294]	18.848 (27.313)	0.00 (0.00)
[12/294]	16.675 (26.494)	0.00 (0.00)
[13/294]	15.129 (25.683)	0.00 (0.00)
[14/294]	13.649 (24.880)	0.00 (0.00)
[15/294]	15.440 (24.290)	0.00 (0.00)
[16/294]	13.268 (23.642)	0.00 (0.00)
[17/294]	12.622 (23.030)	0.00 (0.00)
[18/294]	11.497 (22.423)	0.00 (0.00)
[19/294]	10.778 (21.841)	0.00 (0.00)
[20/294]	10.002 (21.277)	10.00 (0.48)
[21/294]	8.760 (20.708)	50.00 (2.73)
[22/294]	7.950 (20.153)	50.00 (4.78)
[23/294]	7.013 (19.606)	40.00 (6.25)
[24/294]	6.410 (19.078)	60.00 (8.40)
[25/294]	6.058 (18.577)	55.00 (10.19)
[26/294]	4.843 (18.068)	90.00 (13.15)
[27/294]	5.006 (17.602)	75.00 (15.36)
[28/294]	5.526 (17.185)	70.00 (17.24)
[29/294]	11.132 (16.984)	50.00 (18.33)
[30/294]	8.314 (16.704)	50.00 (19.35)
[31/294]	10.553 (16.512)	20.00 (19.38)
[32/294]	8.178 (16.259)	35.00 (19.85)
[33/294]	9.158 (16.050)	50.00 (20.74)
[34/294]	8.233 (15.827)	60.00 (21.86)
[35/294]	7.606 (15.599)	90.00 (23.75)
[36/294]	8.631 (15.410)	50.00 (24.46)
[37/294]	7.101 (15.192)	40.00 (24.87)
[38/294]	5.485 (14.943)	90.00 (26.54)
[39/294]	5.763 (14.713)	55.00 (27.25)
[40/294]	4.565 (14.466)	100.00 (29.02)
[41/294]	5.654 (14.256)	60.00 (29.76)
[42/294]	4.111 (14.020)	100.00 (31.40)
[43/294]	4.009 (13.793)	100.00 (32.95)
[44/294]	4.067 (13.576)	100.00 (34.44)
[45/294]	4.118 (13.371)	100.00 (35.87)
[46/294]	4.137 (13.174)	95.00 (37.13)
[47/294]	6.930 (13.044)	70.00 (37.81)
[48/294]	9.433 (12.971)	50.00 (38.06)
[49/294]	5.005 (12.811)	90.00 (39.10)
[50/294]	9.873 (12.754)	70.00 (39.71)
[51/294]	12.982 (12.758)	50.00 (39.90)
[52/294]	15.996 (12.819)	45.00 (40.00)
[53/294]	12.915 (12.821)	70.00 (40.56)
[54/294]	13.089 (12.826)	70.00 (41.09)
[55/294]	12.006 (12.811)	85.00 (41.88)
[56/294]	11.178 (12.782)	85.00 (42.63)
[57/294]	9.902 (12.733)	100.00 (43.62)
[58/294]	9.181 (12.673)	95.00 (44.49)
[59/294]	8.327 (12.600)	85.00 (45.17)
[60/294]	7.164 (12.511)	100.00 (46.07)
[61/294]	9.439 (12.462)	75.00 (46.53)
[62/294]	6.112 (12.361)	95.00 (47.30)
[63/294]	7.006 (12.277)	50.00 (47.34)
[64/294]	5.334 (12.170)	80.00 (47.85)
[65/294]	4.704 (12.057)	100.00 (48.64)
[66/294]	5.094 (11.953)	75.00 (49.03)
[67/294]	6.468 (11.873)	65.00 (49.26)
[68/294]	5.640 (11.782)	60.00 (49.42)
[69/294]	6.065 (11.701)	55.00 (49.50)
[70/294]	5.220 (11.609)	95.00 (50.14)
[71/294]	5.116 (11.519)	100.00 (50.83)
[72/294]	5.651 (11.439)	90.00 (51.37)
[73/294]	9.074 (11.407)	50.00 (51.35)
[74/294]	7.035 (11.348)	75.00 (51.67)
[75/294]	5.127 (11.267)	100.00 (52.30)
[76/294]	5.576 (11.193)	100.00 (52.92)
[77/294]	6.154 (11.128)	75.00 (53.21)
[78/294]	6.537 (11.070)	85.00 (53.61)
[79/294]	8.088 (11.033)	55.00 (53.62)
[80/294]	5.498 (10.964)	95.00 (54.14)
[81/294]	5.739 (10.901)	85.00 (54.51)
[82/294]	5.304 (10.833)	85.00 (54.88)
[83/294]	4.682 (10.760)	95.00 (55.36)
[84/294]	5.454 (10.698)	45.00 (55.24)
[85/294]	4.418 (10.625)	80.00 (55.52)
[86/294]	3.772 (10.546)	95.00 (55.98)
[87/294]	3.438 (10.465)	95.00 (56.42)
[88/294]	4.107 (10.394)	70.00 (56.57)
[89/294]	2.994 (10.311)	85.00 (56.89)
[90/294]	2.838 (10.229)	90.00 (57.25)
[91/294]	3.077 (10.151)	70.00 (57.39)
[92/294]	2.632 (10.071)	85.00 (57.69)
[93/294]	2.532 (9.990)	95.00 (58.09)
[94/294]	2.695 (9.914)	85.00 (58.37)
[95/294]	2.632 (9.838)	85.00 (58.65)
[96/294]	2.171 (9.759)	100.00 (59.07)
[97/294]	2.128 (9.681)	100.00 (59.49)
[98/294]	2.013 (9.603)	100.00 (59.90)
[99/294]	1.914 (9.527)	100.00 (60.30)
[100/294]	1.751 (9.450)	100.00 (60.69)
[101/294]	1.589 (9.373)	100.00 (61.08)
[102/294]	5.121 (9.331)	80.00 (61.26)
[103/294]	3.752 (9.278)	55.00 (61.20)
[104/294]	3.887 (9.226)	50.00 (61.10)
[105/294]	2.881 (9.166)	95.00 (61.42)
[106/294]	3.383 (9.112)	85.00 (61.64)
[107/294]	4.478 (9.069)	65.00 (61.67)
[108/294]	3.458 (9.018)	70.00 (61.74)
[109/294]	3.053 (8.964)	95.00 (62.05)
[110/294]	3.492 (8.914)	95.00 (62.34)
[111/294]	3.359 (8.865)	80.00 (62.50)
[112/294]	2.560 (8.809)	100.00 (62.83)
[113/294]	3.809 (8.765)	65.00 (62.85)
[114/294]	2.963 (8.715)	70.00 (62.91)
[115/294]	2.536 (8.661)	95.00 (63.19)
[116/294]	2.330 (8.607)	95.00 (63.46)
[117/294]	3.382 (8.563)	65.00 (63.47)
[118/294]	2.034 (8.508)	100.00 (63.78)
[119/294]	2.908 (8.462)	75.00 (63.88)
[120/294]	2.837 (8.415)	85.00 (64.05)
[121/294]	2.471 (8.366)	95.00 (64.30)
[122/294]	2.450 (8.318)	85.00 (64.47)
[123/294]	2.708 (8.273)	85.00 (64.64)
[124/294]	2.404 (8.226)	90.00 (64.84)
[125/294]	2.277 (8.179)	100.00 (65.12)
[126/294]	2.366 (8.133)	90.00 (65.31)
[127/294]	2.214 (8.087)	95.00 (65.55)
[128/294]	1.962 (8.039)	100.00 (65.81)
[129/294]	1.828 (7.992)	100.00 (66.08)
[130/294]	1.653 (7.943)	100.00 (66.34)
[131/294]	4.318 (7.916)	70.00 (66.36)
[132/294]	3.090 (7.879)	45.00 (66.20)
[133/294]	2.162 (7.837)	100.00 (66.46)
[134/294]	2.691 (7.799)	100.00 (66.70)
[135/294]	2.969 (7.763)	95.00 (66.91)
[136/294]	3.324 (7.731)	85.00 (67.04)
[137/294]	2.758 (7.695)	90.00 (67.21)
[138/294]	2.452 (7.657)	90.00 (67.37)
[139/294]	2.208 (7.618)	100.00 (67.61)
[140/294]	2.014 (7.578)	100.00 (67.84)
[141/294]	3.016 (7.546)	65.00 (67.82)
[142/294]	1.955 (7.507)	100.00 (68.04)
[143/294]	4.614 (7.487)	50.00 (67.92)
[144/294]	4.225 (7.464)	70.00 (67.93)
[145/294]	3.661 (7.438)	80.00 (68.01)
[146/294]	3.553 (7.412)	100.00 (68.23)
[147/294]	3.099 (7.383)	100.00 (68.45)
[148/294]	3.958 (7.360)	75.00 (68.49)
[149/294]	3.241 (7.332)	85.00 (68.60)
[150/294]	7.187 (7.331)	60.00 (68.54)
[151/294]	5.825 (7.322)	50.00 (68.42)
[152/294]	10.201 (7.340)	50.00 (68.30)
[153/294]	10.609 (7.362)	55.00 (68.21)
[154/294]	11.473 (7.388)	100.00 (68.42)
[155/294]	12.971 (7.424)	70.00 (68.43)
[156/294]	13.542 (7.463)	45.00 (68.28)
[157/294]	15.075 (7.511)	50.00 (68.16)
[158/294]	11.091 (7.534)	70.00 (68.18)
[159/294]	11.450 (7.558)	60.00 (68.12)
[160/294]	9.403 (7.569)	70.00 (68.14)
[161/294]	9.404 (7.581)	70.00 (68.15)
[162/294]	7.552 (7.581)	80.00 (68.22)
[163/294]	7.252 (7.579)	80.00 (68.29)
[164/294]	6.079 (7.570)	100.00 (68.48)
[165/294]	11.574 (7.594)	60.00 (68.43)
[166/294]	5.899 (7.583)	95.00 (68.59)
[167/294]	6.606 (7.578)	100.00 (68.78)
[168/294]	7.966 (7.580)	75.00 (68.82)
[169/294]	6.835 (7.576)	95.00 (68.97)
[170/294]	7.367 (7.574)	90.00 (69.09)
[171/294]	5.811 (7.564)	90.00 (69.22)
[172/294]	7.498 (7.564)	65.00 (69.19)
[173/294]	5.007 (7.549)	90.00 (69.31)
[174/294]	4.623 (7.532)	100.00 (69.49)
[175/294]	4.068 (7.513)	100.00 (69.66)
[176/294]	3.961 (7.493)	100.00 (69.83)
[177/294]	3.408 (7.470)	100.00 (70.00)
[178/294]	3.620 (7.448)	90.00 (70.11)
[179/294]	3.027 (7.424)	100.00 (70.28)
[180/294]	4.393 (7.407)	75.00 (70.30)
[181/294]	3.215 (7.384)	85.00 (70.38)
[182/294]	3.030 (7.360)	95.00 (70.52)
[183/294]	3.243 (7.338)	95.00 (70.65)
[184/294]	5.234 (7.326)	90.00 (70.76)
[185/294]	2.948 (7.303)	95.00 (70.89)
[186/294]	2.863 (7.279)	85.00 (70.96)
[187/294]	3.086 (7.257)	95.00 (71.09)
[188/294]	2.520 (7.232)	100.00 (71.24)
[189/294]	2.645 (7.207)	95.00 (71.37)
[190/294]	2.516 (7.183)	90.00 (71.47)
[191/294]	2.413 (7.158)	90.00 (71.56)
[192/294]	2.229 (7.133)	95.00 (71.68)
[193/294]	2.206 (7.107)	90.00 (71.78)
[194/294]	1.939 (7.081)	90.00 (71.87)
[195/294]	1.753 (7.053)	100.00 (72.02)
[196/294]	1.806 (7.027)	95.00 (72.13)
[197/294]	1.623 (7.000)	100.00 (72.27)
[198/294]	1.860 (6.974)	90.00 (72.36)
[199/294]	5.329 (6.965)	55.00 (72.28)
[200/294]	2.713 (6.944)	90.00 (72.36)
[201/294]	5.538 (6.937)	80.00 (72.40)
[202/294]	3.740 (6.922)	100.00 (72.54)
[203/294]	3.998 (6.907)	95.00 (72.65)
[204/294]	5.482 (6.900)	80.00 (72.68)
[205/294]	4.181 (6.887)	85.00 (72.74)
[206/294]	4.580 (6.876)	50.00 (72.63)
[207/294]	3.736 (6.861)	95.00 (72.74)
[208/294]	3.905 (6.847)	100.00 (72.87)
[209/294]	4.146 (6.834)	95.00 (72.98)
[210/294]	14.998 (6.873)	30.00 (72.77)
[211/294]	7.511 (6.876)	70.00 (72.76)
[212/294]	11.507 (6.897)	60.00 (72.70)
[213/294]	11.170 (6.917)	95.00 (72.80)
[214/294]	14.904 (6.954)	75.00 (72.81)
[215/294]	16.162 (6.997)	70.00 (72.80)
[216/294]	15.462 (7.036)	95.00 (72.90)
[217/294]	14.933 (7.072)	80.00 (72.94)
[218/294]	13.258 (7.101)	95.00 (73.04)
[219/294]	11.396 (7.120)	100.00 (73.16)
[220/294]	9.609 (7.131)	100.00 (73.28)
[221/294]	8.665 (7.138)	90.00 (73.36)
[222/294]	7.660 (7.141)	100.00 (73.48)
[223/294]	6.969 (7.140)	100.00 (73.59)
[224/294]	7.801 (7.143)	85.00 (73.64)
[225/294]	6.091 (7.138)	80.00 (73.67)
[226/294]	5.931 (7.133)	85.00 (73.72)
[227/294]	5.224 (7.124)	100.00 (73.84)
[228/294]	6.130 (7.120)	90.00 (73.91)
[229/294]	4.977 (7.111)	85.00 (73.96)
[230/294]	5.588 (7.104)	60.00 (73.90)
[231/294]	4.472 (7.093)	100.00 (74.01)
[232/294]	5.573 (7.086)	90.00 (74.08)
[233/294]	5.855 (7.081)	90.00 (74.15)
[234/294]	6.367 (7.078)	50.00 (74.04)
[235/294]	5.585 (7.072)	100.00 (74.15)
[236/294]	5.193 (7.064)	95.00 (74.24)
[237/294]	4.722 (7.054)	100.00 (74.35)
[238/294]	4.343 (7.043)	100.00 (74.46)
[239/294]	4.364 (7.031)	90.00 (74.52)
[240/294]	3.506 (7.017)	100.00 (74.63)
[241/294]	3.243 (7.001)	100.00 (74.73)
[242/294]	3.309 (6.986)	90.00 (74.79)
[243/294]	2.705 (6.968)	100.00 (74.90)
[244/294]	2.568 (6.950)	95.00 (74.98)
[245/294]	2.258 (6.931)	100.00 (75.08)
[246/294]	7.707 (6.935)	70.00 (75.06)
[247/294]	15.643 (6.970)	55.00 (74.98)
[248/294]	7.531 (6.972)	60.00 (74.92)
[249/294]	17.525 (7.014)	50.00 (74.82)
[250/294]	14.242 (7.043)	65.00 (74.78)
[251/294]	14.970 (7.074)	50.00 (74.68)
[252/294]	14.599 (7.104)	80.00 (74.70)
[253/294]	13.808 (7.131)	95.00 (74.78)
[254/294]	12.439 (7.151)	80.00 (74.80)
[255/294]	11.607 (7.169)	95.00 (74.88)
[256/294]	9.925 (7.179)	100.00 (74.98)
[257/294]	9.019 (7.187)	100.00 (75.08)
[258/294]	8.345 (7.191)	70.00 (75.06)
[259/294]	7.683 (7.193)	95.00 (75.13)
[260/294]	7.030 (7.192)	90.00 (75.19)
[261/294]	17.113 (7.230)	55.00 (75.11)
[262/294]	52.511 (7.402)	50.00 (75.02)
[263/294]	29.162 (7.485)	50.00 (74.92)
[264/294]	45.892 (7.630)	50.00 (74.83)
[265/294]	54.880 (7.807)	50.00 (74.74)
[266/294]	56.242 (7.989)	50.00 (74.64)
[267/294]	54.813 (8.163)	50.00 (74.55)
[268/294]	50.113 (8.319)	50.00 (74.46)
[269/294]	45.429 (8.457)	50.00 (74.37)
[270/294]	39.800 (8.573)	55.00 (74.30)
[271/294]	35.452 (8.671)	55.00 (74.23)
[272/294]	31.277 (8.754)	55.00 (74.16)
[273/294]	28.610 (8.827)	45.00 (74.05)
[274/294]	25.175 (8.886)	55.00 (73.98)
[275/294]	23.041 (8.937)	50.00 (73.89)
[276/294]	22.612 (8.987)	20.00 (73.70)
[277/294]	19.184 (9.023)	60.00 (73.65)
[278/294]	17.249 (9.053)	80.00 (73.67)
[279/294]	16.229 (9.079)	80.00 (73.70)
[280/294]	15.873 (9.103)	35.00 (73.56)
[281/294]	15.189 (9.124)	60.00 (73.51)
[282/294]	13.656 (9.140)	85.00 (73.55)
[283/294]	12.557 (9.152)	95.00 (73.63)
[284/294]	12.092 (9.163)	70.00 (73.61)
[285/294]	11.309 (9.170)	75.00 (73.62)
[286/294]	10.509 (9.175)	60.00 (73.57)
[287/294]	9.124 (9.175)	100.00 (73.66)
[288/294]	8.507 (9.172)	95.00 (73.74)
[289/294]	9.452 (9.173)	80.00 (73.76)
[290/294]	7.236 (9.167)	100.00 (73.85)
[291/294]	8.082 (9.163)	85.00 (73.89)
[292/294]	7.276 (9.156)	90.00 (73.94)
[293/294]	7.173 (9.150)	95.00 (74.01)
 * Train Acc: 74.014
 * Avg. Data time: 0.008, Avg. Batch time: 0.069, Avg. Forward time: 0.004, Avg. Backward time: 0.037
Computing MAS
 * Val Acc: 14.250, Time: 16.31
 * Test Acc: 14.797, Time: 14.90
=============Training Task 5=============
Active output nodes for this task: 
[0, 1, 2, 3, 4, 5, 6, 7, 8, 9, 10, 11]
=============Training Epoch 0=============
#reg terms:  1
Batch	 Loss		 Acc
[0/294]	47.946 (47.946)	0.00 (0.00)
[1/294]	680.274 (364.110)	0.00 (0.00)
[2/294]	11404.524 (4044.248)	0.00 (0.00)
[3/294]	326339.969 (84618.181)	0.00 (0.00)
[4/294]	11581756.000 (2384045.760)	0.00 (0.00)
[5/294]	475778816.000 (81283174.400)	0.00 (0.00)
[6/294]	21407760384.000 (3127922805.029)	0.00 (0.00)
[7/294]	1013596028928.000 (129436431155.200)	0.00 (0.00)
[8/294]	49284359651328.000 (5591094473523.200)	50.00 (5.56)
[9/294]	2428833265352704.000 (247915304850554.875)	50.00 (10.00)
[10/294]	120509266132992000.000 (11180765067774882.000)	0.00 (9.09)
[11/294]	nan (nan)	0.00 (8.33)
[12/294]	nan (nan)	0.00 (7.69)
[13/294]	nan (nan)	0.00 (7.14)
[14/294]	nan (nan)	0.00 (6.67)
[15/294]	nan (nan)	0.00 (6.25)
[16/294]	nan (nan)	0.00 (5.88)
[17/294]	nan (nan)	0.00 (5.56)
[18/294]	nan (nan)	0.00 (5.26)
[19/294]	nan (nan)	0.00 (5.00)
[20/294]	nan (nan)	0.00 (4.76)
[21/294]	nan (nan)	0.00 (4.55)
[22/294]	nan (nan)	0.00 (4.35)
[23/294]	nan (nan)	0.00 (4.17)
[24/294]	nan (nan)	0.00 (4.00)
[25/294]	nan (nan)	0.00 (3.85)
[26/294]	nan (nan)	0.00 (3.70)
[27/294]	nan (nan)	0.00 (3.57)
[28/294]	nan (nan)	0.00 (3.45)
[29/294]	nan (nan)	0.00 (3.33)
[30/294]	nan (nan)	0.00 (3.23)
[31/294]	nan (nan)	0.00 (3.12)
[32/294]	nan (nan)	0.00 (3.03)
[33/294]	nan (nan)	0.00 (2.94)
[34/294]	nan (nan)	0.00 (2.86)
[35/294]	nan (nan)	0.00 (2.78)
[36/294]	nan (nan)	0.00 (2.70)
[37/294]	nan (nan)	0.00 (2.63)
[38/294]	nan (nan)	0.00 (2.56)
[39/294]	nan (nan)	0.00 (2.50)
[40/294]	nan (nan)	0.00 (2.44)
[41/294]	nan (nan)	0.00 (2.38)
[42/294]	nan (nan)	0.00 (2.33)
[43/294]	nan (nan)	50.00 (3.41)
[44/294]	nan (nan)	50.00 (4.44)
[45/294]	nan (nan)	50.00 (5.43)
[46/294]	nan (nan)	50.00 (6.38)
[47/294]	nan (nan)	50.00 (7.29)
[48/294]	nan (nan)	50.00 (8.16)
[49/294]	nan (nan)	50.00 (9.00)
[50/294]	nan (nan)	50.00 (9.80)
[51/294]	nan (nan)	50.00 (10.58)
[52/294]	nan (nan)	50.00 (11.32)
[53/294]	nan (nan)	50.00 (12.04)
[54/294]	nan (nan)	50.00 (12.73)
[55/294]	nan (nan)	50.00 (13.39)
[56/294]	nan (nan)	50.00 (14.04)
[57/294]	nan (nan)	50.00 (14.66)
[58/294]	nan (nan)	50.00 (15.25)
[59/294]	nan (nan)	50.00 (15.83)
[60/294]	nan (nan)	50.00 (16.39)
[61/294]	nan (nan)	50.00 (16.94)
[62/294]	nan (nan)	50.00 (17.46)
[63/294]	nan (nan)	50.00 (17.97)
[64/294]	nan (nan)	50.00 (18.46)
[65/294]	nan (nan)	50.00 (18.94)
[66/294]	nan (nan)	50.00 (19.40)
[67/294]	nan (nan)	50.00 (19.85)
[68/294]	nan (nan)	50.00 (20.29)
[69/294]	nan (nan)	50.00 (20.71)
[70/294]	nan (nan)	50.00 (21.13)
[71/294]	nan (nan)	50.00 (21.53)
[72/294]	nan (nan)	50.00 (21.92)
[73/294]	nan (nan)	50.00 (22.30)
[74/294]	nan (nan)	50.00 (22.67)
[75/294]	nan (nan)	50.00 (23.03)
[76/294]	nan (nan)	50.00 (23.38)
[77/294]	nan (nan)	50.00 (23.72)
[78/294]	nan (nan)	50.00 (24.05)
[79/294]	nan (nan)	50.00 (24.38)
[80/294]	nan (nan)	50.00 (24.69)
[81/294]	nan (nan)	50.00 (25.00)
[82/294]	nan (nan)	50.00 (25.30)
[83/294]	nan (nan)	50.00 (25.60)
[84/294]	nan (nan)	50.00 (25.88)
[85/294]	nan (nan)	50.00 (26.16)
[86/294]	nan (nan)	50.00 (26.44)
[87/294]	nan (nan)	50.00 (26.70)
[88/294]	nan (nan)	50.00 (26.97)
[89/294]	nan (nan)	50.00 (27.22)
[90/294]	nan (nan)	50.00 (27.47)
[91/294]	nan (nan)	50.00 (27.72)
[92/294]	nan (nan)	50.00 (27.96)
[93/294]	nan (nan)	50.00 (28.19)
[94/294]	nan (nan)	50.00 (28.42)
[95/294]	nan (nan)	50.00 (28.65)
[96/294]	nan (nan)	50.00 (28.87)
[97/294]	nan (nan)	50.00 (29.08)
[98/294]	nan (nan)	50.00 (29.29)
[99/294]	nan (nan)	50.00 (29.50)
[100/294]	nan (nan)	50.00 (29.70)
[101/294]	nan (nan)	50.00 (29.90)
[102/294]	nan (nan)	50.00 (30.10)
[103/294]	nan (nan)	50.00 (30.29)
[104/294]	nan (nan)	50.00 (30.48)
[105/294]	nan (nan)	50.00 (30.66)
[106/294]	nan (nan)	50.00 (30.84)
[107/294]	nan (nan)	50.00 (31.02)
[108/294]	nan (nan)	50.00 (31.19)
[109/294]	nan (nan)	50.00 (31.36)
[110/294]	nan (nan)	50.00 (31.53)
[111/294]	nan (nan)	50.00 (31.70)
[112/294]	nan (nan)	50.00 (31.86)
[113/294]	nan (nan)	50.00 (32.02)
[114/294]	nan (nan)	50.00 (32.17)
[115/294]	nan (nan)	50.00 (32.33)
[116/294]	nan (nan)	50.00 (32.48)
[117/294]	nan (nan)	50.00 (32.63)
[118/294]	nan (nan)	50.00 (32.77)
[119/294]	nan (nan)	50.00 (32.92)
[120/294]	nan (nan)	50.00 (33.06)
[121/294]	nan (nan)	50.00 (33.20)
[122/294]	nan (nan)	50.00 (33.33)
[123/294]	nan (nan)	50.00 (33.47)
[124/294]	nan (nan)	50.00 (33.60)
[125/294]	nan (nan)	50.00 (33.73)
[126/294]	nan (nan)	55.00 (33.90)
[127/294]	nan (nan)	60.00 (34.10)
[128/294]	nan (nan)	50.00 (34.22)
[129/294]	nan (nan)	50.00 (34.35)
[130/294]	nan (nan)	45.00 (34.43)
[131/294]	nan (nan)	55.00 (34.58)
[132/294]	nan (nan)	50.00 (34.70)
[133/294]	nan (nan)	45.00 (34.78)
[134/294]	nan (nan)	55.00 (34.93)
[135/294]	nan (nan)	50.00 (35.04)
[136/294]	nan (nan)	50.00 (35.15)
[137/294]	nan (nan)	45.00 (35.22)
[138/294]	nan (nan)	55.00 (35.36)
[139/294]	nan (nan)	50.00 (35.46)
[140/294]	nan (nan)	45.00 (35.53)
[141/294]	nan (nan)	55.00 (35.67)
[142/294]	nan (nan)	50.00 (35.77)
[143/294]	nan (nan)	50.00 (35.87)
[144/294]	nan (nan)	45.00 (35.93)
[145/294]	nan (nan)	55.00 (36.06)
[146/294]	nan (nan)	50.00 (36.16)
[147/294]	nan (nan)	45.00 (36.22)
[148/294]	nan (nan)	55.00 (36.34)
[149/294]	nan (nan)	50.00 (36.43)
[150/294]	nan (nan)	50.00 (36.52)
[151/294]	nan (nan)	45.00 (36.58)
[152/294]	nan (nan)	55.00 (36.70)
[153/294]	nan (nan)	50.00 (36.79)
[154/294]	nan (nan)	45.00 (36.84)
[155/294]	nan (nan)	55.00 (36.96)
[156/294]	nan (nan)	50.00 (37.04)
[157/294]	nan (nan)	50.00 (37.12)
[158/294]	nan (nan)	45.00 (37.17)
[159/294]	nan (nan)	55.00 (37.28)
[160/294]	nan (nan)	50.00 (37.36)
[161/294]	nan (nan)	45.00 (37.41)
[162/294]	nan (nan)	55.00 (37.52)
[163/294]	nan (nan)	50.00 (37.59)
[164/294]	nan (nan)	50.00 (37.67)
[165/294]	nan (nan)	45.00 (37.71)
[166/294]	nan (nan)	55.00 (37.81)
[167/294]	nan (nan)	50.00 (37.89)
[168/294]	nan (nan)	45.00 (37.93)
[169/294]	nan (nan)	55.00 (38.03)
[170/294]	nan (nan)	50.00 (38.10)
[171/294]	nan (nan)	50.00 (38.17)
[172/294]	nan (nan)	45.00 (38.21)
[173/294]	nan (nan)	55.00 (38.30)
[174/294]	nan (nan)	50.00 (38.37)
[175/294]	nan (nan)	45.00 (38.41)
[176/294]	nan (nan)	55.00 (38.50)
[177/294]	nan (nan)	50.00 (38.57)
[178/294]	nan (nan)	50.00 (38.63)
[179/294]	nan (nan)	45.00 (38.67)
[180/294]	nan (nan)	55.00 (38.76)
[181/294]	nan (nan)	50.00 (38.82)
[182/294]	nan (nan)	45.00 (38.85)
[183/294]	nan (nan)	55.00 (38.94)
[184/294]	nan (nan)	50.00 (39.00)
[185/294]	nan (nan)	50.00 (39.06)
[186/294]	nan (nan)	45.00 (39.09)
[187/294]	nan (nan)	55.00 (39.18)
[188/294]	nan (nan)	50.00 (39.23)
[189/294]	nan (nan)	45.00 (39.26)
[190/294]	nan (nan)	55.00 (39.35)
[191/294]	nan (nan)	50.00 (39.40)
[192/294]	nan (nan)	50.00 (39.46)
[193/294]	nan (nan)	45.00 (39.48)
[194/294]	nan (nan)	55.00 (39.56)
[195/294]	nan (nan)	50.00 (39.62)
[196/294]	nan (nan)	45.00 (39.64)
[197/294]	nan (nan)	55.00 (39.72)
[198/294]	nan (nan)	50.00 (39.77)
[199/294]	nan (nan)	50.00 (39.83)
[200/294]	nan (nan)	45.00 (39.85)
[201/294]	nan (nan)	55.00 (39.93)
[202/294]	nan (nan)	50.00 (39.98)
[203/294]	nan (nan)	45.00 (40.00)
[204/294]	nan (nan)	55.00 (40.07)
[205/294]	nan (nan)	50.00 (40.12)
[206/294]	nan (nan)	50.00 (40.17)
[207/294]	nan (nan)	45.00 (40.19)
[208/294]	nan (nan)	55.00 (40.26)
[209/294]	nan (nan)	50.00 (40.31)
[210/294]	nan (nan)	45.00 (40.33)
[211/294]	nan (nan)	55.00 (40.40)
[212/294]	nan (nan)	50.00 (40.45)
[213/294]	nan (nan)	50.00 (40.49)
[214/294]	nan (nan)	45.00 (40.51)
[215/294]	nan (nan)	55.00 (40.58)
[216/294]	nan (nan)	50.00 (40.62)
[217/294]	nan (nan)	45.00 (40.64)
[218/294]	nan (nan)	55.00 (40.71)
[219/294]	nan (nan)	50.00 (40.75)
[220/294]	nan (nan)	50.00 (40.79)
[221/294]	nan (nan)	45.00 (40.81)
[222/294]	nan (nan)	55.00 (40.87)
[223/294]	nan (nan)	50.00 (40.92)
[224/294]	nan (nan)	45.00 (40.93)
[225/294]	nan (nan)	55.00 (41.00)
[226/294]	nan (nan)	50.00 (41.04)
[227/294]	nan (nan)	50.00 (41.07)
[228/294]	nan (nan)	45.00 (41.09)
[229/294]	nan (nan)	55.00 (41.15)
[230/294]	nan (nan)	50.00 (41.19)
[231/294]	nan (nan)	45.00 (41.21)
[232/294]	nan (nan)	55.00 (41.27)
[233/294]	nan (nan)	50.00 (41.30)
[234/294]	nan (nan)	50.00 (41.34)
[235/294]	nan (nan)	45.00 (41.36)
[236/294]	nan (nan)	55.00 (41.41)
[237/294]	nan (nan)	50.00 (41.45)
[238/294]	nan (nan)	45.00 (41.46)
[239/294]	nan (nan)	55.00 (41.52)
[240/294]	nan (nan)	50.00 (41.56)
[241/294]	nan (nan)	50.00 (41.59)
[242/294]	nan (nan)	45.00 (41.60)
[243/294]	nan (nan)	55.00 (41.66)
[244/294]	nan (nan)	50.00 (41.69)
[245/294]	nan (nan)	45.00 (41.71)
[246/294]	nan (nan)	55.00 (41.76)
[247/294]	nan (nan)	50.00 (41.79)
[248/294]	nan (nan)	50.00 (41.83)
[249/294]	nan (nan)	45.00 (41.84)
[250/294]	nan (nan)	55.00 (41.89)
[251/294]	nan (nan)	50.00 (41.92)
[252/294]	nan (nan)	45.00 (41.94)
[253/294]	nan (nan)	55.00 (41.99)
[254/294]	nan (nan)	50.00 (42.02)
[255/294]	nan (nan)	50.00 (42.05)
[256/294]	nan (nan)	45.00 (42.06)
[257/294]	nan (nan)	55.00 (42.11)
[258/294]	nan (nan)	50.00 (42.14)
[259/294]	nan (nan)	45.00 (42.15)
[260/294]	nan (nan)	55.00 (42.20)
[261/294]	nan (nan)	50.00 (42.23)
[262/294]	nan (nan)	50.00 (42.26)
[263/294]	nan (nan)	45.00 (42.27)
[264/294]	nan (nan)	55.00 (42.32)
[265/294]	nan (nan)	50.00 (42.35)
[266/294]	nan (nan)	45.00 (42.36)
[267/294]	nan (nan)	55.00 (42.41)
[268/294]	nan (nan)	50.00 (42.43)
[269/294]	nan (nan)	50.00 (42.46)
[270/294]	nan (nan)	45.00 (42.47)
[271/294]	nan (nan)	55.00 (42.52)
[272/294]	nan (nan)	50.00 (42.55)
[273/294]	nan (nan)	45.00 (42.55)
[274/294]	nan (nan)	55.00 (42.60)
[275/294]	nan (nan)	50.00 (42.63)
[276/294]	nan (nan)	50.00 (42.65)
[277/294]	nan (nan)	45.00 (42.66)
[278/294]	nan (nan)	55.00 (42.71)
[279/294]	nan (nan)	50.00 (42.73)
[280/294]	nan (nan)	45.00 (42.74)
[281/294]	nan (nan)	55.00 (42.78)
[282/294]	nan (nan)	50.00 (42.81)
[283/294]	nan (nan)	50.00 (42.83)
[284/294]	nan (nan)	45.00 (42.84)
[285/294]	nan (nan)	55.00 (42.88)
[286/294]	nan (nan)	50.00 (42.91)
[287/294]	nan (nan)	45.00 (42.92)
[288/294]	nan (nan)	55.00 (42.96)
[289/294]	nan (nan)	50.00 (42.98)
[290/294]	nan (nan)	50.00 (43.01)
[291/294]	nan (nan)	45.00 (43.01)
[292/294]	nan (nan)	55.00 (43.05)
[293/294]	nan (nan)	46.67 (43.06)
 * Train Acc: 43.064
 * Avg. Data time: 0.007, Avg. Batch time: 0.053, Avg. Forward time: 0.005, Avg. Backward time: 0.030
Computing MAS
 * Val Acc: 8.110, Time: 4.75
 * Test Acc: 8.428, Time: 11.85
testing accuracies
          0          1          2          3          4         5
0  97.49867  44.932163  24.876325  27.212242  14.797491  8.428306
validation accuracies
           0          1          2          3          4         5
0  95.787832  44.652615  24.019088  28.498226  14.249605  8.110257
3)	85.00 (78.13)
[281/294]	0.432 (2.296)	90.00 (78.17)
[282/294]	1.083 (2.292)	70.00 (78.14)
[283/294]	1.122 (2.288)	55.00 (78.06)
[284/294]	0.440 (2.282)	100.00 (78.14)
[285/294]	0.659 (2.276)	80.00 (78.15)
[286/294]	0.964 (2.271)	80.00 (78.15)
[287/294]	0.605 (2.265)	100.00 (78.23)
[288/294]	0.588 (2.260)	100.00 (78.30)
[289/294]	0.822 (2.255)	95.00 (78.36)
[290/294]	0.630 (2.249)	100.00 (78.44)
[291/294]	0.793 (2.244)	90.00 (78.48)
[292/294]	0.585 (2.238)	100.00 (78.55)
[293/294]	0.526 (2.234)	100.00 (78.60)
 * Train Acc: 78.604
 * Avg. Data time: 0.064, Avg. Batch time: 0.118, Avg. Forward time: 0.004, Avg. Backward time: 0.033
Computing MAS
 * Val Acc: 17.201, Time: 7.35
 * Test Acc: 17.599, Time: 19.60
testing accuracies
          0          1          2          3          4          5
0  86.85471  45.277999  31.325088  31.270792  17.657064  17.598728
validation accuracies
           0          1          2          3          4          5
0  85.959438  44.652615  30.116649  30.863224  17.345972  17.201166
