=============Stream Learning Run 0=============
Changing output layer to contain 12 classes
============BEGINNING STREAM LEARNING============
=============Training Task 0=============
Active output nodes for this task: 
[0, 1]
=============Training Epoch 0=============
#reg terms:  0
Batch	 Loss		 Acc
[0/294]	0.906 (0.906)	60.00 (60.00)
[1/294]	1.048 (0.977)	55.00 (57.50)
[2/294]	1.304 (1.086)	45.00 (53.33)
[3/294]	1.195 (1.113)	40.00 (50.00)
[4/294]	0.900 (1.071)	45.00 (49.00)
[5/294]	0.797 (1.025)	55.00 (50.00)
[6/294]	0.816 (0.995)	55.00 (50.71)
[7/294]	0.705 (0.959)	65.00 (52.50)
[8/294]	0.709 (0.931)	50.00 (52.22)
[9/294]	0.860 (0.924)	40.00 (51.00)
[10/294]	0.751 (0.908)	50.00 (50.91)
[11/294]	0.635 (0.886)	60.00 (51.67)
[12/294]	0.641 (0.867)	70.00 (53.08)
[13/294]	0.793 (0.861)	35.00 (51.79)
[14/294]	0.589 (0.843)	75.00 (53.33)
[15/294]	0.684 (0.833)	65.00 (54.06)
[16/294]	0.989 (0.843)	40.00 (53.24)
[17/294]	0.771 (0.839)	55.00 (53.33)
[18/294]	0.499 (0.821)	70.00 (54.21)
[19/294]	0.664 (0.813)	60.00 (54.50)
[20/294]	0.661 (0.806)	60.00 (54.76)
[21/294]	0.704 (0.801)	55.00 (54.77)
[22/294]	0.848 (0.803)	35.00 (53.91)
[23/294]	0.618 (0.795)	60.00 (54.17)
[24/294]	0.595 (0.787)	70.00 (54.80)
[25/294]	0.501 (0.776)	95.00 (56.35)
[26/294]	0.628 (0.771)	60.00 (56.48)
[27/294]	0.635 (0.766)	60.00 (56.61)
[28/294]	0.527 (0.758)	75.00 (57.24)
[29/294]	0.612 (0.753)	50.00 (57.00)
[30/294]	0.631 (0.749)	65.00 (57.26)
[31/294]	0.606 (0.745)	65.00 (57.50)
[32/294]	0.413 (0.734)	85.00 (58.33)
[33/294]	0.555 (0.729)	70.00 (58.68)
[34/294]	0.581 (0.725)	65.00 (58.86)
[35/294]	0.609 (0.722)	65.00 (59.03)
[36/294]	0.641 (0.720)	60.00 (59.05)
[37/294]	0.570 (0.716)	65.00 (59.21)
[38/294]	0.571 (0.712)	75.00 (59.62)
[39/294]	0.584 (0.709)	65.00 (59.75)
[40/294]	0.516 (0.704)	75.00 (60.12)
[41/294]	0.453 (0.698)	85.00 (60.71)
[42/294]	0.601 (0.696)	65.00 (60.81)
[43/294]	0.605 (0.694)	70.00 (61.02)
[44/294]	0.526 (0.690)	70.00 (61.22)
[45/294]	0.486 (0.686)	85.00 (61.74)
[46/294]	0.540 (0.683)	75.00 (62.02)
[47/294]	0.744 (0.684)	50.00 (61.77)
[48/294]	0.626 (0.683)	50.00 (61.53)
[49/294]	0.473 (0.678)	85.00 (62.00)
[50/294]	0.570 (0.676)	70.00 (62.16)
[51/294]	0.591 (0.675)	60.00 (62.12)
[52/294]	0.431 (0.670)	90.00 (62.64)
[53/294]	0.453 (0.666)	80.00 (62.96)
[54/294]	0.497 (0.663)	80.00 (63.27)
[55/294]	0.501 (0.660)	85.00 (63.66)
[56/294]	0.454 (0.656)	85.00 (64.04)
[57/294]	0.554 (0.655)	85.00 (64.40)
[58/294]	0.530 (0.653)	75.00 (64.58)
[59/294]	0.526 (0.650)	80.00 (64.83)
[60/294]	0.396 (0.646)	85.00 (65.16)
[61/294]	0.576 (0.645)	70.00 (65.24)
[62/294]	0.489 (0.643)	65.00 (65.24)
[63/294]	0.572 (0.642)	70.00 (65.31)
[64/294]	0.575 (0.641)	80.00 (65.54)
[65/294]	0.399 (0.637)	85.00 (65.83)
[66/294]	0.502 (0.635)	75.00 (65.97)
[67/294]	0.429 (0.632)	90.00 (66.32)
[68/294]	0.534 (0.630)	80.00 (66.52)
[69/294]	0.558 (0.629)	75.00 (66.64)
[70/294]	0.417 (0.626)	85.00 (66.90)
[71/294]	0.616 (0.626)	65.00 (66.88)
[72/294]	0.568 (0.625)	70.00 (66.92)
[73/294]	0.450 (0.623)	80.00 (67.09)
[74/294]	0.479 (0.621)	70.00 (67.13)
[75/294]	0.330 (0.617)	95.00 (67.50)
[76/294]	0.447 (0.615)	80.00 (67.66)
[77/294]	0.326 (0.611)	90.00 (67.95)
[78/294]	0.407 (0.609)	80.00 (68.10)
[79/294]	0.486 (0.607)	75.00 (68.19)
[80/294]	0.502 (0.606)	90.00 (68.46)
[81/294]	0.384 (0.603)	90.00 (68.72)
[82/294]	0.524 (0.602)	65.00 (68.67)
[83/294]	0.365 (0.600)	85.00 (68.87)
[84/294]	0.382 (0.597)	90.00 (69.12)
[85/294]	0.436 (0.595)	80.00 (69.24)
[86/294]	0.437 (0.593)	75.00 (69.31)
[87/294]	0.356 (0.591)	90.00 (69.55)
[88/294]	0.491 (0.589)	70.00 (69.55)
[89/294]	0.505 (0.589)	80.00 (69.67)
[90/294]	0.480 (0.587)	80.00 (69.78)
[91/294]	0.330 (0.585)	95.00 (70.05)
[92/294]	0.617 (0.585)	65.00 (70.00)
[93/294]	0.442 (0.583)	80.00 (70.11)
[94/294]	0.495 (0.582)	85.00 (70.26)
[95/294]	0.374 (0.580)	90.00 (70.47)
[96/294]	0.384 (0.578)	85.00 (70.62)
[97/294]	0.353 (0.576)	80.00 (70.71)
[98/294]	0.235 (0.572)	100.00 (71.01)
[99/294]	0.355 (0.570)	90.00 (71.20)
[100/294]	0.442 (0.569)	80.00 (71.29)
[101/294]	0.376 (0.567)	90.00 (71.47)
[102/294]	0.456 (0.566)	75.00 (71.50)
[103/294]	0.556 (0.566)	65.00 (71.44)
[104/294]	0.383 (0.564)	85.00 (71.57)
[105/294]	0.232 (0.561)	95.00 (71.79)
[106/294]	0.448 (0.560)	80.00 (71.87)
[107/294]	0.330 (0.558)	90.00 (72.04)
[108/294]	0.377 (0.556)	80.00 (72.11)
[109/294]	0.353 (0.554)	90.00 (72.27)
[110/294]	0.337 (0.552)	90.00 (72.43)
[111/294]	0.381 (0.551)	85.00 (72.54)
[112/294]	0.317 (0.549)	100.00 (72.79)
[113/294]	0.483 (0.548)	65.00 (72.72)
[114/294]	0.342 (0.546)	95.00 (72.91)
[115/294]	0.316 (0.544)	90.00 (73.06)
[116/294]	0.412 (0.543)	80.00 (73.12)
[117/294]	0.492 (0.543)	85.00 (73.22)
[118/294]	0.419 (0.542)	80.00 (73.28)
[119/294]	0.456 (0.541)	80.00 (73.33)
[120/294]	0.369 (0.540)	80.00 (73.39)
[121/294]	0.459 (0.539)	75.00 (73.40)
[122/294]	0.500 (0.539)	70.00 (73.37)
[123/294]	0.464 (0.538)	75.00 (73.39)
[124/294]	0.408 (0.537)	80.00 (73.44)
[125/294]	0.321 (0.535)	85.00 (73.53)
[126/294]	0.446 (0.535)	85.00 (73.62)
[127/294]	0.369 (0.533)	95.00 (73.79)
[128/294]	0.276 (0.531)	90.00 (73.91)
[129/294]	0.398 (0.530)	75.00 (73.92)
[130/294]	0.278 (0.528)	90.00 (74.05)
[131/294]	0.417 (0.528)	75.00 (74.05)
[132/294]	0.284 (0.526)	90.00 (74.17)
[133/294]	0.311 (0.524)	90.00 (74.29)
[134/294]	0.236 (0.522)	95.00 (74.44)
[135/294]	0.351 (0.521)	90.00 (74.56)
[136/294]	0.351 (0.520)	90.00 (74.67)
[137/294]	0.367 (0.518)	85.00 (74.75)
[138/294]	0.294 (0.517)	85.00 (74.82)
[139/294]	0.378 (0.516)	80.00 (74.86)
[140/294]	0.417 (0.515)	85.00 (74.93)
[141/294]	0.297 (0.514)	95.00 (75.07)
[142/294]	0.348 (0.512)	80.00 (75.10)
[143/294]	0.222 (0.510)	100.00 (75.28)
[144/294]	0.348 (0.509)	90.00 (75.38)
[145/294]	0.313 (0.508)	95.00 (75.51)
[146/294]	0.342 (0.507)	90.00 (75.61)
[147/294]	0.337 (0.506)	85.00 (75.68)
[148/294]	0.364 (0.505)	80.00 (75.70)
[149/294]	0.431 (0.504)	80.00 (75.73)
[150/294]	0.396 (0.504)	85.00 (75.79)
[151/294]	0.340 (0.502)	80.00 (75.82)
[152/294]	0.358 (0.502)	95.00 (75.95)
[153/294]	0.248 (0.500)	95.00 (76.07)
[154/294]	0.337 (0.499)	85.00 (76.13)
[155/294]	0.469 (0.499)	65.00 (76.06)
[156/294]	0.370 (0.498)	85.00 (76.11)
[157/294]	0.184 (0.496)	95.00 (76.23)
[158/294]	0.285 (0.494)	90.00 (76.32)
[159/294]	0.403 (0.494)	85.00 (76.38)
[160/294]	0.485 (0.494)	75.00 (76.37)
[161/294]	0.423 (0.493)	75.00 (76.36)
[162/294]	0.255 (0.492)	95.00 (76.47)
[163/294]	0.325 (0.491)	85.00 (76.52)
[164/294]	0.353 (0.490)	90.00 (76.61)
[165/294]	0.354 (0.489)	85.00 (76.66)
[166/294]	0.333 (0.488)	85.00 (76.71)
[167/294]	0.251 (0.487)	95.00 (76.82)
[168/294]	0.351 (0.486)	85.00 (76.86)
[169/294]	0.326 (0.485)	95.00 (76.97)
[170/294]	0.473 (0.485)	80.00 (76.99)
[171/294]	0.410 (0.485)	80.00 (77.01)
[172/294]	0.332 (0.484)	85.00 (77.05)
[173/294]	0.191 (0.482)	95.00 (77.16)
[174/294]	0.245 (0.481)	95.00 (77.26)
[175/294]	0.301 (0.480)	80.00 (77.27)
[176/294]	0.334 (0.479)	90.00 (77.34)
[177/294]	0.343 (0.478)	85.00 (77.39)
[178/294]	0.284 (0.477)	90.00 (77.46)
[179/294]	0.463 (0.477)	75.00 (77.44)
[180/294]	0.212 (0.476)	95.00 (77.54)
[181/294]	0.234 (0.474)	95.00 (77.64)
[182/294]	0.296 (0.473)	90.00 (77.70)
[183/294]	0.320 (0.472)	85.00 (77.74)
[184/294]	0.214 (0.471)	100.00 (77.86)
[185/294]	0.298 (0.470)	95.00 (77.96)
[186/294]	0.292 (0.469)	90.00 (78.02)
[187/294]	0.434 (0.469)	75.00 (78.01)
[188/294]	0.481 (0.469)	85.00 (78.04)
[189/294]	0.351 (0.468)	90.00 (78.11)
[190/294]	0.170 (0.467)	100.00 (78.22)
[191/294]	0.235 (0.466)	95.00 (78.31)
[192/294]	0.267 (0.465)	90.00 (78.37)
[193/294]	0.266 (0.464)	90.00 (78.43)
[194/294]	0.343 (0.463)	75.00 (78.41)
[195/294]	0.243 (0.462)	90.00 (78.47)
[196/294]	0.144 (0.460)	100.00 (78.58)
[197/294]	0.218 (0.459)	90.00 (78.64)
[198/294]	0.268 (0.458)	95.00 (78.72)
[199/294]	0.351 (0.457)	80.00 (78.72)
[200/294]	0.464 (0.458)	80.00 (78.73)
[201/294]	0.368 (0.457)	80.00 (78.74)
[202/294]	0.387 (0.457)	85.00 (78.77)
[203/294]	0.293 (0.456)	90.00 (78.82)
[204/294]	0.351 (0.455)	80.00 (78.83)
[205/294]	0.191 (0.454)	95.00 (78.91)
[206/294]	0.360 (0.454)	85.00 (78.94)
[207/294]	0.299 (0.453)	85.00 (78.97)
[208/294]	0.185 (0.452)	100.00 (79.07)
[209/294]	0.203 (0.450)	100.00 (79.17)
[210/294]	0.218 (0.449)	95.00 (79.24)
[211/294]	0.132 (0.448)	100.00 (79.34)
[212/294]	0.217 (0.447)	100.00 (79.44)
[213/294]	0.239 (0.446)	95.00 (79.51)
[214/294]	0.288 (0.445)	95.00 (79.58)
[215/294]	0.427 (0.445)	80.00 (79.58)
[216/294]	0.324 (0.444)	95.00 (79.65)
[217/294]	0.412 (0.444)	85.00 (79.68)
[218/294]	0.229 (0.443)	90.00 (79.73)
[219/294]	0.323 (0.443)	90.00 (79.77)
[220/294]	0.189 (0.442)	95.00 (79.84)
[221/294]	0.229 (0.441)	95.00 (79.91)
[222/294]	0.405 (0.440)	80.00 (79.91)
[223/294]	0.252 (0.440)	90.00 (79.96)
[224/294]	0.218 (0.439)	95.00 (80.02)
[225/294]	0.305 (0.438)	95.00 (80.09)
[226/294]	0.166 (0.437)	95.00 (80.15)
[227/294]	0.241 (0.436)	90.00 (80.20)
[228/294]	0.122 (0.435)	100.00 (80.28)
[229/294]	0.360 (0.434)	80.00 (80.28)
[230/294]	0.246 (0.434)	95.00 (80.35)
[231/294]	0.201 (0.433)	95.00 (80.41)
[232/294]	0.183 (0.431)	100.00 (80.49)
[233/294]	0.161 (0.430)	100.00 (80.58)
[234/294]	0.205 (0.429)	100.00 (80.66)
[235/294]	0.151 (0.428)	95.00 (80.72)
[236/294]	0.170 (0.427)	95.00 (80.78)
[237/294]	0.320 (0.427)	85.00 (80.80)
[238/294]	0.204 (0.426)	95.00 (80.86)
[239/294]	0.131 (0.424)	100.00 (80.94)
[240/294]	0.205 (0.424)	95.00 (81.00)
[241/294]	0.370 (0.423)	85.00 (81.01)
[242/294]	0.287 (0.423)	85.00 (81.03)
[243/294]	0.216 (0.422)	100.00 (81.11)
[244/294]	0.368 (0.422)	80.00 (81.10)
[245/294]	0.196 (0.421)	95.00 (81.16)
[246/294]	0.380 (0.421)	80.00 (81.15)
[247/294]	0.318 (0.420)	80.00 (81.15)
[248/294]	0.224 (0.419)	95.00 (81.20)
[249/294]	0.238 (0.419)	95.00 (81.26)
[250/294]	0.317 (0.418)	80.00 (81.25)
[251/294]	0.282 (0.418)	80.00 (81.25)
[252/294]	0.180 (0.417)	90.00 (81.28)
[253/294]	0.211 (0.416)	95.00 (81.34)
[254/294]	0.327 (0.416)	85.00 (81.35)
[255/294]	0.265 (0.415)	80.00 (81.35)
[256/294]	0.277 (0.414)	80.00 (81.34)
[257/294]	0.426 (0.415)	75.00 (81.32)
[258/294]	0.154 (0.414)	95.00 (81.37)
[259/294]	0.214 (0.413)	95.00 (81.42)
[260/294]	0.178 (0.412)	100.00 (81.49)
[261/294]	0.175 (0.411)	90.00 (81.53)
[262/294]	0.211 (0.410)	90.00 (81.56)
[263/294]	0.182 (0.409)	95.00 (81.61)
[264/294]	0.375 (0.409)	85.00 (81.62)
[265/294]	0.140 (0.408)	100.00 (81.69)
[266/294]	0.123 (0.407)	100.00 (81.76)
[267/294]	0.331 (0.407)	90.00 (81.79)
[268/294]	0.138 (0.406)	100.00 (81.86)
[269/294]	0.183 (0.405)	95.00 (81.91)
[270/294]	0.278 (0.405)	90.00 (81.94)
[271/294]	0.279 (0.404)	90.00 (81.97)
[272/294]	0.357 (0.404)	95.00 (82.01)
[273/294]	0.214 (0.403)	95.00 (82.06)
[274/294]	0.278 (0.403)	85.00 (82.07)
[275/294]	0.173 (0.402)	95.00 (82.12)
[276/294]	0.154 (0.401)	100.00 (82.18)
[277/294]	0.157 (0.400)	100.00 (82.25)
[278/294]	0.335 (0.400)	80.00 (82.24)
[279/294]	0.180 (0.399)	95.00 (82.29)
[280/294]	0.301 (0.399)	85.00 (82.30)
[281/294]	0.121 (0.398)	95.00 (82.34)
[282/294]	0.104 (0.397)	100.00 (82.40)
[283/294]	0.163 (0.396)	95.00 (82.45)
[284/294]	0.070 (0.395)	100.00 (82.51)
[285/294]	0.219 (0.394)	95.00 (82.55)
[286/294]	0.358 (0.394)	80.00 (82.54)
[287/294]	0.205 (0.393)	90.00 (82.57)
[288/294]	0.096 (0.392)	100.00 (82.63)
[289/294]	0.289 (0.392)	85.00 (82.64)
[290/294]	0.222 (0.391)	95.00 (82.68)
[291/294]	0.242 (0.391)	95.00 (82.72)
[292/294]	0.285 (0.391)	90.00 (82.75)
[293/294]	0.205 (0.390)	95.00 (82.79)
 * Train Acc: 82.789
 * Avg. Data time: 0.005, Avg. Batch time: 0.053, Avg. Forward time: 0.004, Avg. Backward time: 0.039
Computing SI
 * Val Acc: 93.333, Time: 1.84
 * Test Acc: 94.262, Time: 2.50
=============Training Task 1=============
Active output nodes for this task: 
[0, 1, 2, 3]
=============Training Epoch 0=============
#reg terms:  1
Batch	 Loss		 Acc
[0/294]	4.249 (4.249)	0.00 (0.00)
[1/294]	3.763 (4.006)	0.00 (0.00)
[2/294]	3.602 (3.871)	0.00 (0.00)
[3/294]	3.223 (3.709)	0.00 (0.00)
[4/294]	2.769 (3.521)	0.00 (0.00)
[5/294]	2.449 (3.343)	0.00 (0.00)
[6/294]	2.107 (3.166)	20.00 (2.86)
[7/294]	1.846 (3.001)	10.00 (3.75)
[8/294]	1.781 (2.866)	20.00 (5.56)
[9/294]	1.243 (2.703)	45.00 (9.50)
[10/294]	1.144 (2.561)	60.00 (14.09)
[11/294]	1.375 (2.463)	15.00 (14.17)
[12/294]	0.891 (2.342)	50.00 (16.92)
[13/294]	0.988 (2.245)	45.00 (18.93)
[14/294]	0.996 (2.162)	40.00 (20.33)
[15/294]	0.818 (2.078)	55.00 (22.50)
[16/294]	0.751 (2.000)	65.00 (25.00)
[17/294]	0.999 (1.944)	45.00 (26.11)
[18/294]	0.740 (1.881)	70.00 (28.42)
[19/294]	0.541 (1.814)	80.00 (31.00)
[20/294]	0.799 (1.765)	65.00 (32.62)
[21/294]	1.193 (1.739)	30.00 (32.50)
[22/294]	0.861 (1.701)	40.00 (32.83)
[23/294]	0.591 (1.655)	70.00 (34.38)
[24/294]	0.795 (1.621)	65.00 (35.60)
[25/294]	0.826 (1.590)	45.00 (35.96)
[26/294]	0.817 (1.561)	45.00 (36.30)
[27/294]	0.897 (1.538)	45.00 (36.61)
[28/294]	0.758 (1.511)	55.00 (37.24)
[29/294]	0.677 (1.483)	60.00 (38.00)
[30/294]	0.491 (1.451)	80.00 (39.35)
[31/294]	0.659 (1.426)	70.00 (40.31)
[32/294]	0.548 (1.400)	60.00 (40.91)
[33/294]	0.592 (1.376)	75.00 (41.91)
[34/294]	0.697 (1.356)	70.00 (42.71)
[35/294]	0.437 (1.331)	90.00 (44.03)
[36/294]	0.591 (1.311)	80.00 (45.00)
[37/294]	0.591 (1.292)	70.00 (45.66)
[38/294]	0.512 (1.272)	70.00 (46.28)
[39/294]	0.512 (1.253)	70.00 (46.88)
[40/294]	0.680 (1.239)	65.00 (47.32)
[41/294]	0.687 (1.226)	60.00 (47.62)
[42/294]	0.647 (1.212)	55.00 (47.79)
[43/294]	0.533 (1.197)	65.00 (48.18)
[44/294]	0.545 (1.182)	80.00 (48.89)
[45/294]	0.767 (1.173)	55.00 (49.02)
[46/294]	0.512 (1.159)	80.00 (49.68)
[47/294]	0.655 (1.149)	65.00 (50.00)
[48/294]	0.563 (1.137)	60.00 (50.20)
[49/294]	0.487 (1.124)	80.00 (50.80)
[50/294]	0.557 (1.113)	80.00 (51.37)
[51/294]	0.618 (1.103)	75.00 (51.83)
[52/294]	0.476 (1.091)	85.00 (52.45)
[53/294]	0.556 (1.082)	80.00 (52.96)
[54/294]	0.497 (1.071)	80.00 (53.45)
[55/294]	0.548 (1.062)	75.00 (53.84)
[56/294]	0.489 (1.052)	80.00 (54.30)
[57/294]	0.712 (1.046)	60.00 (54.40)
[58/294]	0.599 (1.038)	75.00 (54.75)
[59/294]	0.484 (1.029)	85.00 (55.25)
[60/294]	0.518 (1.020)	75.00 (55.57)
[61/294]	0.411 (1.011)	80.00 (55.97)
[62/294]	0.467 (1.002)	75.00 (56.27)
[63/294]	0.605 (0.996)	65.00 (56.41)
[64/294]	0.538 (0.989)	80.00 (56.77)
[65/294]	0.700 (0.984)	55.00 (56.74)
[66/294]	0.555 (0.978)	75.00 (57.01)
[67/294]	0.477 (0.971)	80.00 (57.35)
[68/294]	0.542 (0.964)	75.00 (57.61)
[69/294]	0.657 (0.960)	60.00 (57.64)
[70/294]	0.493 (0.953)	75.00 (57.89)
[71/294]	0.505 (0.947)	75.00 (58.12)
[72/294]	0.359 (0.939)	95.00 (58.63)
[73/294]	0.870 (0.938)	45.00 (58.45)
[74/294]	0.502 (0.932)	65.00 (58.53)
[75/294]	0.542 (0.927)	70.00 (58.68)
[76/294]	0.564 (0.923)	70.00 (58.83)
[77/294]	0.559 (0.918)	80.00 (59.10)
[78/294]	0.454 (0.912)	85.00 (59.43)
[79/294]	0.535 (0.907)	80.00 (59.69)
[80/294]	0.517 (0.903)	70.00 (59.81)
[81/294]	0.343 (0.896)	90.00 (60.18)
[82/294]	0.339 (0.889)	95.00 (60.60)
[83/294]	0.338 (0.882)	90.00 (60.95)
[84/294]	0.503 (0.878)	80.00 (61.18)
[85/294]	0.387 (0.872)	85.00 (61.45)
[86/294]	0.535 (0.868)	75.00 (61.61)
[87/294]	0.504 (0.864)	80.00 (61.82)
[88/294]	0.743 (0.863)	65.00 (61.85)
[89/294]	0.500 (0.859)	75.00 (62.00)
[90/294]	0.433 (0.854)	80.00 (62.20)
[91/294]	0.473 (0.850)	75.00 (62.34)
[92/294]	0.569 (0.847)	75.00 (62.47)
[93/294]	0.578 (0.844)	65.00 (62.50)
[94/294]	0.375 (0.839)	85.00 (62.74)
[95/294]	0.482 (0.835)	85.00 (62.97)
[96/294]	0.375 (0.831)	85.00 (63.20)
[97/294]	0.403 (0.826)	95.00 (63.52)
[98/294]	0.533 (0.823)	75.00 (63.64)
[99/294]	0.434 (0.820)	65.00 (63.65)
[100/294]	0.462 (0.816)	75.00 (63.76)
[101/294]	0.534 (0.813)	80.00 (63.92)
[102/294]	0.530 (0.810)	80.00 (64.08)
[103/294]	0.457 (0.807)	90.00 (64.33)
[104/294]	0.350 (0.803)	85.00 (64.52)
[105/294]	0.488 (0.800)	85.00 (64.72)
[106/294]	0.436 (0.796)	85.00 (64.91)
[107/294]	0.445 (0.793)	85.00 (65.09)
[108/294]	0.389 (0.789)	80.00 (65.23)
[109/294]	0.305 (0.785)	85.00 (65.41)
[110/294]	0.388 (0.781)	80.00 (65.54)
[111/294]	0.388 (0.778)	80.00 (65.67)
[112/294]	0.564 (0.776)	70.00 (65.71)
[113/294]	0.442 (0.773)	75.00 (65.79)
[114/294]	0.578 (0.771)	65.00 (65.78)
[115/294]	0.578 (0.770)	65.00 (65.78)
[116/294]	0.424 (0.767)	80.00 (65.90)
[117/294]	0.289 (0.763)	90.00 (66.10)
[118/294]	0.498 (0.760)	75.00 (66.18)
[119/294]	0.572 (0.759)	70.00 (66.21)
[120/294]	0.501 (0.757)	75.00 (66.28)
[121/294]	0.336 (0.753)	90.00 (66.48)
[122/294]	0.354 (0.750)	95.00 (66.71)
[123/294]	0.464 (0.748)	85.00 (66.85)
[124/294]	0.609 (0.747)	60.00 (66.80)
[125/294]	0.507 (0.745)	75.00 (66.87)
[126/294]	0.400 (0.742)	85.00 (67.01)
[127/294]	0.352 (0.739)	85.00 (67.15)
[128/294]	0.293 (0.736)	95.00 (67.36)
[129/294]	0.521 (0.734)	75.00 (67.42)
[130/294]	0.409 (0.731)	80.00 (67.52)
[131/294]	0.514 (0.730)	80.00 (67.61)
[132/294]	0.375 (0.727)	90.00 (67.78)
[133/294]	0.315 (0.724)	90.00 (67.95)
[134/294]	0.450 (0.722)	70.00 (67.96)
[135/294]	0.515 (0.720)	75.00 (68.01)
[136/294]	0.432 (0.718)	90.00 (68.18)
[137/294]	0.540 (0.717)	70.00 (68.19)
[138/294]	0.409 (0.715)	80.00 (68.27)
[139/294]	0.358 (0.712)	85.00 (68.39)
[140/294]	0.338 (0.710)	90.00 (68.55)
[141/294]	0.504 (0.708)	80.00 (68.63)
[142/294]	0.433 (0.706)	85.00 (68.74)
[143/294]	0.562 (0.705)	70.00 (68.75)
[144/294]	0.301 (0.703)	100.00 (68.97)
[145/294]	0.396 (0.700)	85.00 (69.08)
[146/294]	0.374 (0.698)	85.00 (69.18)
[147/294]	0.439 (0.696)	70.00 (69.19)
[148/294]	0.349 (0.694)	90.00 (69.33)
[149/294]	0.327 (0.692)	90.00 (69.47)
[150/294]	0.503 (0.690)	70.00 (69.47)
[151/294]	0.362 (0.688)	90.00 (69.61)
[152/294]	0.379 (0.686)	85.00 (69.71)
[153/294]	0.413 (0.684)	85.00 (69.81)
[154/294]	0.418 (0.683)	85.00 (69.90)
[155/294]	0.191 (0.680)	95.00 (70.06)
[156/294]	0.260 (0.677)	90.00 (70.19)
[157/294]	0.226 (0.674)	100.00 (70.38)
[158/294]	0.313 (0.672)	80.00 (70.44)
[159/294]	0.332 (0.670)	85.00 (70.53)
[160/294]	0.290 (0.667)	90.00 (70.65)
[161/294]	0.377 (0.666)	80.00 (70.71)
[162/294]	0.303 (0.663)	85.00 (70.80)
[163/294]	0.301 (0.661)	90.00 (70.91)
[164/294]	0.204 (0.658)	95.00 (71.06)
[165/294]	0.426 (0.657)	80.00 (71.11)
[166/294]	0.297 (0.655)	85.00 (71.20)
[167/294]	0.262 (0.652)	95.00 (71.34)
[168/294]	0.303 (0.650)	90.00 (71.45)
[169/294]	0.515 (0.650)	70.00 (71.44)
[170/294]	0.363 (0.648)	90.00 (71.55)
[171/294]	0.337 (0.646)	85.00 (71.63)
[172/294]	0.355 (0.644)	85.00 (71.71)
[173/294]	0.448 (0.643)	80.00 (71.75)
[174/294]	0.404 (0.642)	75.00 (71.77)
[175/294]	0.425 (0.641)	70.00 (71.76)
[176/294]	0.333 (0.639)	85.00 (71.84)
[177/294]	0.371 (0.637)	85.00 (71.91)
[178/294]	0.369 (0.636)	75.00 (71.93)
[179/294]	0.378 (0.634)	85.00 (72.00)
[180/294]	0.208 (0.632)	95.00 (72.13)
[181/294]	0.276 (0.630)	95.00 (72.25)
[182/294]	0.238 (0.628)	90.00 (72.35)
[183/294]	0.344 (0.626)	90.00 (72.45)
[184/294]	0.257 (0.624)	95.00 (72.57)
[185/294]	0.489 (0.624)	70.00 (72.55)
[186/294]	0.229 (0.622)	95.00 (72.67)
[187/294]	0.403 (0.620)	85.00 (72.74)
[188/294]	0.417 (0.619)	80.00 (72.78)
[189/294]	0.492 (0.619)	70.00 (72.76)
[190/294]	0.472 (0.618)	80.00 (72.80)
[191/294]	0.295 (0.616)	80.00 (72.84)
[192/294]	0.236 (0.614)	95.00 (72.95)
[193/294]	0.470 (0.614)	75.00 (72.96)
[194/294]	0.343 (0.612)	85.00 (73.03)
[195/294]	0.343 (0.611)	90.00 (73.11)
[196/294]	0.419 (0.610)	75.00 (73.12)
[197/294]	0.260 (0.608)	95.00 (73.23)
[198/294]	0.351 (0.607)	90.00 (73.32)
[199/294]	0.283 (0.605)	100.00 (73.45)
[200/294]	0.263 (0.603)	90.00 (73.53)
[201/294]	0.305 (0.602)	85.00 (73.59)
[202/294]	0.254 (0.600)	95.00 (73.69)
[203/294]	0.399 (0.599)	90.00 (73.77)
[204/294]	0.368 (0.598)	80.00 (73.80)
[205/294]	0.424 (0.597)	75.00 (73.81)
[206/294]	0.369 (0.596)	90.00 (73.89)
[207/294]	0.472 (0.596)	70.00 (73.87)
[208/294]	0.338 (0.594)	85.00 (73.92)
[209/294]	0.358 (0.593)	80.00 (73.95)
[210/294]	0.226 (0.591)	95.00 (74.05)
[211/294]	0.295 (0.590)	85.00 (74.10)
[212/294]	0.472 (0.590)	80.00 (74.13)
[213/294]	0.346 (0.588)	85.00 (74.18)
[214/294]	0.396 (0.588)	80.00 (74.21)
[215/294]	0.340 (0.586)	90.00 (74.28)
[216/294]	0.366 (0.585)	80.00 (74.31)
[217/294]	0.327 (0.584)	90.00 (74.38)
[218/294]	0.587 (0.584)	60.00 (74.32)
[219/294]	0.208 (0.582)	90.00 (74.39)
[220/294]	0.489 (0.582)	75.00 (74.39)
[221/294]	0.392 (0.581)	80.00 (74.41)
[222/294]	0.726 (0.582)	50.00 (74.30)
[223/294]	0.352 (0.581)	80.00 (74.33)
[224/294]	0.272 (0.579)	95.00 (74.42)
[225/294]	0.485 (0.579)	80.00 (74.45)
[226/294]	0.263 (0.578)	90.00 (74.52)
[227/294]	0.344 (0.577)	85.00 (74.56)
[228/294]	0.385 (0.576)	75.00 (74.56)
[229/294]	0.504 (0.575)	75.00 (74.57)
[230/294]	0.209 (0.574)	90.00 (74.63)
[231/294]	0.278 (0.573)	85.00 (74.68)
[232/294]	0.599 (0.573)	70.00 (74.66)
[233/294]	0.248 (0.571)	85.00 (74.70)
[234/294]	0.269 (0.570)	90.00 (74.77)
[235/294]	0.584 (0.570)	65.00 (74.72)
[236/294]	0.212 (0.569)	90.00 (74.79)
[237/294]	0.333 (0.568)	80.00 (74.81)
[238/294]	0.256 (0.566)	85.00 (74.85)
[239/294]	0.268 (0.565)	90.00 (74.92)
[240/294]	0.217 (0.564)	95.00 (75.00)
[241/294]	0.455 (0.563)	75.00 (75.00)
[242/294]	0.411 (0.563)	85.00 (75.04)
[243/294]	0.381 (0.562)	90.00 (75.10)
[244/294]	0.345 (0.561)	80.00 (75.12)
[245/294]	0.447 (0.560)	85.00 (75.16)
[246/294]	0.262 (0.559)	95.00 (75.24)
[247/294]	0.311 (0.558)	95.00 (75.32)
[248/294]	0.261 (0.557)	95.00 (75.40)
[249/294]	0.346 (0.556)	90.00 (75.46)
[250/294]	0.278 (0.555)	90.00 (75.52)
[251/294]	0.190 (0.554)	95.00 (75.60)
[252/294]	0.234 (0.552)	95.00 (75.67)
[253/294]	0.596 (0.553)	75.00 (75.67)
[254/294]	0.417 (0.552)	80.00 (75.69)
[255/294]	0.274 (0.551)	90.00 (75.74)
[256/294]	0.191 (0.550)	90.00 (75.80)
[257/294]	0.367 (0.549)	80.00 (75.81)
[258/294]	0.323 (0.548)	85.00 (75.85)
[259/294]	0.308 (0.547)	85.00 (75.88)
[260/294]	0.257 (0.546)	90.00 (75.94)
[261/294]	0.248 (0.545)	95.00 (76.01)
[262/294]	0.381 (0.544)	90.00 (76.06)
[263/294]	0.449 (0.544)	80.00 (76.08)
[264/294]	0.257 (0.543)	95.00 (76.15)
[265/294]	0.322 (0.542)	80.00 (76.17)
[266/294]	0.547 (0.542)	80.00 (76.18)
[267/294]	0.181 (0.541)	100.00 (76.27)
[268/294]	0.219 (0.539)	95.00 (76.34)
[269/294]	0.206 (0.538)	90.00 (76.39)
[270/294]	0.352 (0.537)	85.00 (76.42)
[271/294]	0.433 (0.537)	90.00 (76.47)
[272/294]	0.221 (0.536)	85.00 (76.50)
[273/294]	0.280 (0.535)	90.00 (76.55)
[274/294]	0.254 (0.534)	90.00 (76.60)
[275/294]	0.303 (0.533)	90.00 (76.65)
[276/294]	0.371 (0.533)	75.00 (76.64)
[277/294]	0.251 (0.531)	85.00 (76.67)
[278/294]	0.193 (0.530)	100.00 (76.76)
[279/294]	0.342 (0.530)	85.00 (76.79)
[280/294]	0.219 (0.529)	90.00 (76.83)
[281/294]	0.368 (0.528)	85.00 (76.86)
[282/294]	0.475 (0.528)	70.00 (76.84)
[283/294]	0.199 (0.527)	95.00 (76.90)
[284/294]	0.370 (0.526)	80.00 (76.91)
[285/294]	0.304 (0.525)	90.00 (76.96)
[286/294]	0.176 (0.524)	95.00 (77.02)
[287/294]	0.236 (0.523)	90.00 (77.07)
[288/294]	0.398 (0.523)	90.00 (77.11)
[289/294]	0.284 (0.522)	95.00 (77.17)
[290/294]	0.244 (0.521)	90.00 (77.22)
[291/294]	0.197 (0.520)	95.00 (77.28)
[292/294]	0.249 (0.519)	95.00 (77.34)
[293/294]	0.487 (0.519)	83.33 (77.34)
 * Train Acc: 77.344
 * Avg. Data time: 0.004, Avg. Batch time: 0.064, Avg. Forward time: 0.004, Avg. Backward time: 0.051
Computing SI
 * Val Acc: 42.770, Time: 2.09
 * Test Acc: 45.437, Time: 4.32
=============Training Task 2=============
Active output nodes for this task: 
[0, 1, 2, 3, 4, 5]
=============Training Epoch 0=============
#reg terms:  1
Batch	 Loss		 Acc
[0/294]	6.223 (6.223)	0.00 (0.00)
[1/294]	5.248 (5.735)	0.00 (0.00)
[2/294]	5.286 (5.586)	0.00 (0.00)
[3/294]	4.421 (5.294)	0.00 (0.00)
[4/294]	3.877 (5.011)	0.00 (0.00)
[5/294]	3.114 (4.695)	0.00 (0.00)
[6/294]	2.483 (4.379)	5.00 (0.71)
[7/294]	2.239 (4.111)	10.00 (1.88)
[8/294]	1.379 (3.808)	45.00 (6.67)
[9/294]	1.476 (3.575)	35.00 (9.50)
[10/294]	1.371 (3.374)	60.00 (14.09)
[11/294]	0.877 (3.166)	65.00 (18.33)
[12/294]	0.734 (2.979)	70.00 (22.31)
[13/294]	0.753 (2.820)	60.00 (25.00)
[14/294]	0.630 (2.674)	75.00 (28.33)
[15/294]	0.607 (2.545)	70.00 (30.94)
[16/294]	0.823 (2.444)	65.00 (32.94)
[17/294]	0.630 (2.343)	65.00 (34.72)
[18/294]	0.574 (2.250)	85.00 (37.37)
[19/294]	0.422 (2.158)	80.00 (39.50)
