=============Stream Learning Run 0=============
Changing output layer to contain 12 classes
============BEGINNING STREAM LEARNING============
=============Training Task 0=============
Active output nodes for this task: 
[0, 1]
=============Training Epoch 0=============
#reg terms:  0
Batch	 Loss		 Acc
[0/294]	1.884 (1.884)	45.00 (45.00)
[1/294]	1.157 (1.520)	40.00 (42.50)
[2/294]	0.950 (1.330)	50.00 (45.00)
[3/294]	0.705 (1.174)	60.00 (48.75)
[4/294]	0.991 (1.137)	50.00 (49.00)
[5/294]	0.953 (1.107)	50.00 (49.17)
[6/294]	1.076 (1.102)	50.00 (49.29)
[7/294]	0.614 (1.041)	60.00 (50.62)
[8/294]	0.465 (0.977)	90.00 (55.00)
[9/294]	0.459 (0.925)	85.00 (58.00)
[10/294]	0.534 (0.890)	75.00 (59.55)
[11/294]	0.778 (0.881)	50.00 (58.75)
[12/294]	0.678 (0.865)	60.00 (58.85)
[13/294]	0.715 (0.854)	55.00 (58.57)
[14/294]	0.417 (0.825)	90.00 (60.67)
[15/294]	0.494 (0.804)	70.00 (61.25)
[16/294]	0.510 (0.787)	90.00 (62.94)
[17/294]	0.593 (0.776)	75.00 (63.61)
[18/294]	0.400 (0.757)	90.00 (65.00)
[19/294]	0.468 (0.742)	75.00 (65.50)
[20/294]	0.583 (0.735)	75.00 (65.95)
[21/294]	0.495 (0.724)	75.00 (66.36)
[22/294]	0.486 (0.713)	80.00 (66.96)
[23/294]	0.439 (0.702)	90.00 (67.92)
[24/294]	0.572 (0.697)	80.00 (68.40)
[25/294]	0.592 (0.693)	80.00 (68.85)
[26/294]	0.691 (0.693)	50.00 (68.15)
[27/294]	0.511 (0.686)	55.00 (67.68)
[28/294]	0.108 (0.666)	100.00 (68.79)
[29/294]	0.291 (0.654)	90.00 (69.50)
[30/294]	0.397 (0.645)	90.00 (70.16)
[31/294]	0.560 (0.643)	65.00 (70.00)
[32/294]	0.372 (0.635)	70.00 (70.00)
[33/294]	0.349 (0.626)	80.00 (70.29)
[34/294]	0.642 (0.627)	60.00 (70.00)
[35/294]	0.195 (0.615)	100.00 (70.83)
[36/294]	0.349 (0.607)	85.00 (71.22)
[37/294]	0.330 (0.600)	95.00 (71.84)
[38/294]	0.432 (0.596)	90.00 (72.31)
[39/294]	0.424 (0.592)	90.00 (72.75)
[40/294]	0.287 (0.584)	100.00 (73.41)
[41/294]	0.246 (0.576)	100.00 (74.05)
[42/294]	0.353 (0.571)	90.00 (74.42)
[43/294]	0.238 (0.563)	90.00 (74.77)
[44/294]	0.258 (0.556)	90.00 (75.11)
[45/294]	0.144 (0.548)	100.00 (75.65)
[46/294]	0.409 (0.545)	85.00 (75.85)
[47/294]	0.315 (0.540)	95.00 (76.25)
[48/294]	0.191 (0.533)	100.00 (76.73)
[49/294]	0.122 (0.524)	100.00 (77.20)
[50/294]	0.087 (0.516)	100.00 (77.65)
[51/294]	0.062 (0.507)	100.00 (78.08)
[52/294]	0.225 (0.502)	90.00 (78.30)
[53/294]	0.239 (0.497)	100.00 (78.70)
[54/294]	0.085 (0.489)	100.00 (79.09)
[55/294]	0.171 (0.484)	95.00 (79.38)
[56/294]	0.068 (0.476)	100.00 (79.74)
[57/294]	0.037 (0.469)	100.00 (80.09)
[58/294]	0.049 (0.462)	100.00 (80.42)
[59/294]	0.004 (0.454)	100.00 (80.75)
[60/294]	0.020 (0.447)	100.00 (81.07)
[61/294]	0.026 (0.440)	100.00 (81.37)
[62/294]	0.129 (0.435)	100.00 (81.67)
[63/294]	0.188 (0.431)	90.00 (81.80)
[64/294]	0.103 (0.426)	100.00 (82.08)
[65/294]	0.085 (0.421)	100.00 (82.35)
[66/294]	0.436 (0.421)	80.00 (82.31)
[67/294]	0.799 (0.427)	55.00 (81.91)
[68/294]	0.742 (0.432)	60.00 (81.59)
[69/294]	0.764 (0.436)	65.00 (81.36)
[70/294]	0.484 (0.437)	75.00 (81.27)
[71/294]	0.197 (0.434)	90.00 (81.39)
[72/294]	0.200 (0.430)	95.00 (81.58)
[73/294]	0.044 (0.425)	100.00 (81.82)
[74/294]	0.061 (0.420)	100.00 (82.07)
[75/294]	0.177 (0.417)	95.00 (82.24)
[76/294]	0.272 (0.415)	85.00 (82.27)
[77/294]	0.103 (0.411)	95.00 (82.44)
[78/294]	0.179 (0.408)	90.00 (82.53)
[79/294]	0.106 (0.405)	95.00 (82.69)
[80/294]	0.164 (0.402)	95.00 (82.84)
[81/294]	0.188 (0.399)	90.00 (82.93)
[82/294]	0.365 (0.399)	80.00 (82.89)
[83/294]	0.411 (0.399)	75.00 (82.80)
[84/294]	0.654 (0.402)	75.00 (82.71)
[85/294]	0.243 (0.400)	90.00 (82.79)
[86/294]	0.171 (0.397)	95.00 (82.93)
[87/294]	0.256 (0.396)	90.00 (83.01)
[88/294]	0.217 (0.394)	90.00 (83.09)
[89/294]	0.142 (0.391)	100.00 (83.28)
[90/294]	0.021 (0.387)	100.00 (83.46)
[91/294]	0.510 (0.388)	70.00 (83.32)
[92/294]	0.058 (0.385)	100.00 (83.49)
[93/294]	0.269 (0.383)	90.00 (83.56)
[94/294]	0.226 (0.382)	85.00 (83.58)
[95/294]	0.065 (0.378)	100.00 (83.75)
[96/294]	0.098 (0.375)	95.00 (83.87)
[97/294]	0.046 (0.372)	100.00 (84.03)
[98/294]	0.037 (0.369)	100.00 (84.19)
[99/294]	0.282 (0.368)	90.00 (84.25)
[100/294]	0.326 (0.367)	85.00 (84.26)
[101/294]	0.048 (0.364)	100.00 (84.41)
[102/294]	0.113 (0.362)	100.00 (84.56)
[103/294]	0.420 (0.362)	90.00 (84.62)
[104/294]	0.358 (0.362)	85.00 (84.62)
[105/294]	0.001 (0.359)	100.00 (84.76)
[106/294]	0.003 (0.356)	100.00 (84.91)
[107/294]	0.009 (0.352)	100.00 (85.05)
[108/294]	0.007 (0.349)	100.00 (85.18)
[109/294]	0.161 (0.348)	95.00 (85.27)
[110/294]	0.346 (0.348)	80.00 (85.23)
[111/294]	0.200 (0.346)	95.00 (85.31)
[112/294]	0.099 (0.344)	95.00 (85.40)
[113/294]	0.310 (0.344)	90.00 (85.44)
[114/294]	0.344 (0.344)	90.00 (85.48)
[115/294]	0.175 (0.342)	95.00 (85.56)
[116/294]	0.588 (0.344)	60.00 (85.34)
[117/294]	0.666 (0.347)	75.00 (85.25)
[118/294]	1.205 (0.354)	55.00 (85.00)
[119/294]	0.457 (0.355)	75.00 (84.92)
[120/294]	0.057 (0.353)	100.00 (85.04)
[121/294]	0.025 (0.350)	100.00 (85.16)
[122/294]	0.220 (0.349)	90.00 (85.20)
[123/294]	0.977 (0.354)	75.00 (85.12)
[124/294]	0.988 (0.359)	65.00 (84.96)
[125/294]	0.126 (0.357)	95.00 (85.04)
[126/294]	1.285 (0.365)	55.00 (84.80)
[127/294]	0.399 (0.365)	80.00 (84.77)
[128/294]	0.139 (0.363)	100.00 (84.88)
[129/294]	0.069 (0.361)	100.00 (85.00)
[130/294]	0.205 (0.360)	90.00 (85.04)
[131/294]	0.077 (0.357)	100.00 (85.15)
[132/294]	0.194 (0.356)	100.00 (85.26)
[133/294]	0.092 (0.354)	100.00 (85.37)
[134/294]	0.167 (0.353)	100.00 (85.48)
[135/294]	0.232 (0.352)	100.00 (85.59)
[136/294]	0.095 (0.350)	100.00 (85.69)
[137/294]	0.051 (0.348)	100.00 (85.80)
[138/294]	0.099 (0.346)	95.00 (85.86)
[139/294]	0.161 (0.345)	100.00 (85.96)
[140/294]	0.125 (0.343)	100.00 (86.06)
[141/294]	0.214 (0.342)	100.00 (86.16)
[142/294]	0.293 (0.342)	90.00 (86.19)
[143/294]	0.097 (0.340)	100.00 (86.28)
[144/294]	0.152 (0.339)	100.00 (86.38)
[145/294]	0.301 (0.339)	80.00 (86.34)
[146/294]	0.202 (0.338)	90.00 (86.36)
[147/294]	0.186 (0.337)	90.00 (86.39)
[148/294]	0.308 (0.337)	80.00 (86.34)
[149/294]	0.107 (0.335)	95.00 (86.40)
[150/294]	0.123 (0.334)	100.00 (86.49)
[151/294]	0.150 (0.332)	100.00 (86.58)
[152/294]	0.236 (0.332)	90.00 (86.60)
[153/294]	0.171 (0.331)	95.00 (86.66)
[154/294]	0.258 (0.330)	95.00 (86.71)
[155/294]	0.135 (0.329)	95.00 (86.76)
[156/294]	0.124 (0.328)	95.00 (86.82)
[157/294]	0.331 (0.328)	85.00 (86.80)
[158/294]	0.342 (0.328)	90.00 (86.82)
[159/294]	0.272 (0.328)	95.00 (86.88)
[160/294]	0.178 (0.327)	95.00 (86.93)
[161/294]	0.189 (0.326)	100.00 (87.01)
[162/294]	0.149 (0.325)	100.00 (87.09)
[163/294]	0.224 (0.324)	85.00 (87.07)
[164/294]	0.004 (0.322)	100.00 (87.15)
[165/294]	0.105 (0.321)	95.00 (87.20)
[166/294]	0.208 (0.320)	85.00 (87.19)
[167/294]	0.100 (0.319)	100.00 (87.26)
[168/294]	0.116 (0.318)	100.00 (87.34)
[169/294]	0.050 (0.316)	100.00 (87.41)
[170/294]	0.058 (0.315)	100.00 (87.49)
[171/294]	0.061 (0.313)	100.00 (87.56)
[172/294]	0.007 (0.311)	100.00 (87.63)
[173/294]	0.040 (0.310)	100.00 (87.70)
[174/294]	0.025 (0.308)	100.00 (87.77)
[175/294]	0.044 (0.307)	100.00 (87.84)
[176/294]	0.052 (0.305)	95.00 (87.88)
[177/294]	0.009 (0.304)	100.00 (87.95)
[178/294]	0.177 (0.303)	90.00 (87.96)
[179/294]	0.047 (0.301)	100.00 (88.03)
[180/294]	0.367 (0.302)	85.00 (88.01)
[181/294]	0.091 (0.301)	95.00 (88.05)
[182/294]	0.002 (0.299)	100.00 (88.11)
[183/294]	0.009 (0.297)	100.00 (88.18)
[184/294]	0.027 (0.296)	100.00 (88.24)
[185/294]	0.315 (0.296)	90.00 (88.25)
[186/294]	0.070 (0.295)	100.00 (88.32)
[187/294]	0.029 (0.293)	100.00 (88.38)
[188/294]	0.531 (0.295)	75.00 (88.31)
[189/294]	0.881 (0.298)	60.00 (88.16)
[190/294]	0.346 (0.298)	95.00 (88.19)
[191/294]	0.381 (0.298)	80.00 (88.15)
[192/294]	0.012 (0.297)	100.00 (88.21)
[193/294]	0.010 (0.295)	100.00 (88.27)
[194/294]	0.149 (0.295)	95.00 (88.31)
[195/294]	0.055 (0.293)	100.00 (88.37)
[196/294]	0.006 (0.292)	100.00 (88.43)
[197/294]	0.383 (0.292)	80.00 (88.38)
[198/294]	0.733 (0.295)	60.00 (88.24)
[199/294]	0.002 (0.293)	100.00 (88.30)
[200/294]	0.012 (0.292)	100.00 (88.36)
[201/294]	0.080 (0.291)	95.00 (88.39)
[202/294]	0.016 (0.289)	100.00 (88.45)
[203/294]	0.077 (0.288)	100.00 (88.50)
[204/294]	0.270 (0.288)	95.00 (88.54)
[205/294]	0.099 (0.287)	100.00 (88.59)
[206/294]	0.004 (0.286)	100.00 (88.65)
[207/294]	0.102 (0.285)	100.00 (88.70)
[208/294]	0.067 (0.284)	100.00 (88.76)
[209/294]	0.142 (0.283)	100.00 (88.81)
[210/294]	0.087 (0.282)	100.00 (88.86)
[211/294]	0.224 (0.282)	85.00 (88.84)
[212/294]	0.166 (0.282)	100.00 (88.90)
[213/294]	0.020 (0.280)	100.00 (88.95)
[214/294]	0.077 (0.279)	100.00 (89.00)
[215/294]	0.048 (0.278)	100.00 (89.05)
[216/294]	0.004 (0.277)	100.00 (89.10)
[217/294]	0.131 (0.276)	100.00 (89.15)
[218/294]	0.066 (0.276)	100.00 (89.20)
[219/294]	0.025 (0.274)	100.00 (89.25)
[220/294]	0.055 (0.273)	100.00 (89.30)
[221/294]	0.113 (0.273)	95.00 (89.32)
[222/294]	0.217 (0.272)	85.00 (89.30)
[223/294]	0.062 (0.271)	95.00 (89.33)
[224/294]	0.199 (0.271)	90.00 (89.33)
[225/294]	0.322 (0.271)	95.00 (89.36)
[226/294]	0.174 (0.271)	95.00 (89.38)
[227/294]	0.086 (0.270)	100.00 (89.43)
[228/294]	0.220 (0.270)	95.00 (89.45)
[229/294]	0.106 (0.269)	95.00 (89.48)
[230/294]	0.000 (0.268)	100.00 (89.52)
[231/294]	0.447 (0.269)	85.00 (89.50)
[232/294]	0.173 (0.268)	90.00 (89.51)
[233/294]	0.039 (0.267)	100.00 (89.55)
[234/294]	0.016 (0.266)	100.00 (89.60)
[235/294]	0.064 (0.266)	100.00 (89.64)
[236/294]	0.068 (0.265)	100.00 (89.68)
[237/294]	0.059 (0.264)	100.00 (89.73)
[238/294]	0.004 (0.263)	100.00 (89.77)
[239/294]	0.002 (0.262)	100.00 (89.81)
[240/294]	0.003 (0.261)	100.00 (89.85)
[241/294]	0.012 (0.260)	100.00 (89.90)
[242/294]	0.041 (0.259)	100.00 (89.94)
[243/294]	0.048 (0.258)	100.00 (89.98)
[244/294]	0.200 (0.258)	95.00 (90.00)
[245/294]	0.119 (0.257)	95.00 (90.02)
[246/294]	0.330 (0.257)	85.00 (90.00)
[247/294]	0.056 (0.256)	100.00 (90.04)
[248/294]	0.005 (0.255)	100.00 (90.08)
[249/294]	0.009 (0.254)	100.00 (90.12)
[250/294]	0.027 (0.254)	100.00 (90.16)
[251/294]	0.059 (0.253)	100.00 (90.20)
[252/294]	0.033 (0.252)	100.00 (90.24)
[253/294]	0.049 (0.251)	100.00 (90.28)
[254/294]	0.019 (0.250)	100.00 (90.31)
[255/294]	0.176 (0.250)	90.00 (90.31)
[256/294]	0.031 (0.249)	100.00 (90.35)
[257/294]	0.005 (0.248)	100.00 (90.39)
[258/294]	0.005 (0.247)	100.00 (90.42)
[259/294]	0.004 (0.246)	100.00 (90.46)
[260/294]	0.006 (0.245)	100.00 (90.50)
[261/294]	0.005 (0.244)	100.00 (90.53)
[262/294]	0.001 (0.243)	100.00 (90.57)
[263/294]	0.020 (0.243)	100.00 (90.61)
[264/294]	0.130 (0.242)	90.00 (90.60)
[265/294]	0.214 (0.242)	90.00 (90.60)
[266/294]	0.046 (0.241)	100.00 (90.64)
[267/294]	0.033 (0.241)	100.00 (90.67)
[268/294]	0.010 (0.240)	100.00 (90.71)
[269/294]	0.029 (0.239)	100.00 (90.74)
[270/294]	0.031 (0.238)	100.00 (90.77)
[271/294]	0.120 (0.238)	100.00 (90.81)
[272/294]	0.316 (0.238)	85.00 (90.79)
[273/294]	0.001 (0.237)	100.00 (90.82)
[274/294]	0.046 (0.236)	100.00 (90.85)
[275/294]	0.108 (0.236)	95.00 (90.87)
[276/294]	0.114 (0.236)	95.00 (90.88)
[277/294]	0.054 (0.235)	100.00 (90.92)
[278/294]	0.152 (0.235)	90.00 (90.91)
[279/294]	0.258 (0.235)	90.00 (90.91)
[280/294]	0.048 (0.234)	95.00 (90.93)
[281/294]	0.064 (0.233)	95.00 (90.94)
[282/294]	0.006 (0.233)	100.00 (90.97)
[283/294]	0.100 (0.232)	100.00 (91.00)
[284/294]	0.060 (0.232)	100.00 (91.04)
[285/294]	0.073 (0.231)	100.00 (91.07)
[286/294]	0.016 (0.230)	100.00 (91.10)
[287/294]	0.031 (0.230)	100.00 (91.13)
[288/294]	0.075 (0.229)	95.00 (91.14)
[289/294]	0.013 (0.228)	100.00 (91.17)
[290/294]	0.140 (0.228)	95.00 (91.19)
[291/294]	0.001 (0.227)	100.00 (91.22)
[292/294]	0.006 (0.226)	100.00 (91.25)
[293/294]	0.008 (0.226)	100.00 (91.28)
 * Train Acc: 91.276
 * Avg. Data time: 0.006, Avg. Batch time: 0.034, Avg. Forward time: 0.004, Avg. Backward time: 0.017
Computing MAS
 * Val Acc: 95.362, Time: 1.38
 * Test Acc: 96.885, Time: 2.30
=============Training Task 1=============
Active output nodes for this task: 
[0, 1, 2, 3]
=============Training Epoch 0=============
#reg terms:  1
Batch	 Loss		 Acc
[0/294]	5.341 (5.341)	0.00 (0.00)
[1/294]	4.946 (5.144)	5.00 (2.50)
[2/294]	3.613 (4.633)	25.00 (10.00)
[3/294]	1.349 (3.812)	40.00 (17.50)
[4/294]	0.789 (3.208)	75.00 (29.00)
[5/294]	0.801 (2.807)	65.00 (35.00)
[6/294]	1.015 (2.551)	60.00 (38.57)
[7/294]	1.216 (2.384)	25.00 (36.88)
[8/294]	1.059 (2.237)	45.00 (37.78)
[9/294]	0.920 (2.105)	70.00 (41.00)
[10/294]	1.236 (2.026)	30.00 (40.00)
[11/294]	0.883 (1.931)	80.00 (43.33)
[12/294]	0.844 (1.847)	90.00 (46.92)
[13/294]	0.843 (1.775)	100.00 (50.71)
[14/294]	1.424 (1.752)	40.00 (50.00)
[15/294]	1.297 (1.723)	45.00 (49.69)
[16/294]	1.086 (1.686)	70.00 (50.88)
[17/294]	1.050 (1.651)	65.00 (51.67)
[18/294]	1.426 (1.639)	40.00 (51.05)
[19/294]	1.259 (1.620)	55.00 (51.25)
[20/294]	0.780 (1.580)	80.00 (52.62)
[21/294]	1.522 (1.577)	50.00 (52.50)
[22/294]	1.292 (1.565)	50.00 (52.39)
[23/294]	0.903 (1.537)	80.00 (53.54)
[24/294]	1.042 (1.517)	65.00 (54.00)
[25/294]	1.498 (1.517)	55.00 (54.04)
[26/294]	1.537 (1.517)	50.00 (53.89)
[27/294]	0.635 (1.486)	90.00 (55.18)
[28/294]	0.916 (1.466)	60.00 (55.34)
[29/294]	0.625 (1.438)	80.00 (56.17)
[30/294]	1.301 (1.434)	55.00 (56.13)
[31/294]	1.123 (1.424)	50.00 (55.94)
[32/294]	0.791 (1.405)	70.00 (56.36)
[33/294]	0.434 (1.376)	100.00 (57.65)
[34/294]	0.413 (1.349)	100.00 (58.86)
[35/294]	0.688 (1.330)	85.00 (59.58)
[36/294]	1.409 (1.333)	50.00 (59.32)
[37/294]	0.524 (1.311)	95.00 (60.26)
[38/294]	0.709 (1.296)	75.00 (60.64)
[39/294]	0.899 (1.286)	55.00 (60.50)
[40/294]	0.488 (1.267)	90.00 (61.22)
[41/294]	0.533 (1.249)	90.00 (61.90)
[42/294]	0.591 (1.234)	75.00 (62.21)
[43/294]	0.653 (1.221)	70.00 (62.39)
[44/294]	0.448 (1.203)	90.00 (63.00)
[45/294]	0.620 (1.191)	75.00 (63.26)
[46/294]	0.695 (1.180)	70.00 (63.40)
[47/294]	0.643 (1.169)	65.00 (63.44)
[48/294]	0.679 (1.159)	70.00 (63.57)
[49/294]	0.398 (1.144)	85.00 (64.00)
[50/294]	0.238 (1.126)	100.00 (64.71)
[51/294]	1.137 (1.126)	60.00 (64.62)
[52/294]	1.294 (1.129)	30.00 (63.96)
[53/294]	1.163 (1.130)	25.00 (63.24)
[54/294]	0.404 (1.117)	95.00 (63.82)
[55/294]	0.388 (1.104)	100.00 (64.46)
[56/294]	0.711 (1.097)	75.00 (64.65)
[57/294]	0.724 (1.090)	55.00 (64.48)
[58/294]	0.696 (1.084)	55.00 (64.32)
[59/294]	0.480 (1.074)	75.00 (64.50)
[60/294]	0.335 (1.062)	90.00 (64.92)
[61/294]	0.503 (1.053)	80.00 (65.16)
[62/294]	0.540 (1.044)	75.00 (65.32)
[63/294]	0.712 (1.039)	70.00 (65.39)
[64/294]	0.411 (1.030)	85.00 (65.69)
[65/294]	0.219 (1.017)	95.00 (66.14)
[66/294]	0.423 (1.008)	85.00 (66.42)
[67/294]	0.497 (1.001)	80.00 (66.62)
[68/294]	0.341 (0.991)	90.00 (66.96)
[69/294]	0.696 (0.987)	70.00 (67.00)
[70/294]	0.682 (0.983)	70.00 (67.04)
[71/294]	0.446 (0.975)	85.00 (67.29)
[72/294]	0.618 (0.970)	70.00 (67.33)
[73/294]	0.293 (0.961)	95.00 (67.70)
[74/294]	0.134 (0.950)	100.00 (68.13)
[75/294]	0.209 (0.941)	100.00 (68.55)
[76/294]	0.876 (0.940)	60.00 (68.44)
[77/294]	0.832 (0.938)	55.00 (68.27)
[78/294]	0.807 (0.937)	60.00 (68.16)
[79/294]	1.095 (0.939)	50.00 (67.94)
[80/294]	0.490 (0.933)	85.00 (68.15)
[81/294]	0.404 (0.927)	80.00 (68.29)
[82/294]	0.193 (0.918)	100.00 (68.67)
[83/294]	0.769 (0.916)	80.00 (68.81)
[84/294]	0.704 (0.914)	75.00 (68.88)
[85/294]	0.445 (0.908)	75.00 (68.95)
[86/294]	0.454 (0.903)	80.00 (69.08)
[87/294]	0.330 (0.896)	85.00 (69.26)
[88/294]	0.182 (0.888)	95.00 (69.55)
[89/294]	0.733 (0.887)	60.00 (69.44)
[90/294]	0.851 (0.886)	70.00 (69.45)
[91/294]	0.263 (0.879)	90.00 (69.67)
[92/294]	0.334 (0.874)	90.00 (69.89)
[93/294]	0.251 (0.867)	100.00 (70.21)
[94/294]	0.333 (0.861)	90.00 (70.42)
[95/294]	0.466 (0.857)	75.00 (70.47)
[96/294]	0.153 (0.850)	100.00 (70.77)
[97/294]	1.150 (0.853)	65.00 (70.71)
[98/294]	2.135 (0.866)	50.00 (70.51)
[99/294]	0.256 (0.860)	100.00 (70.80)
[100/294]	0.307 (0.854)	95.00 (71.04)
[101/294]	0.538 (0.851)	75.00 (71.08)
[102/294]	0.457 (0.847)	75.00 (71.12)
[103/294]	0.200 (0.841)	90.00 (71.30)
[104/294]	0.193 (0.835)	95.00 (71.52)
[105/294]	0.185 (0.829)	95.00 (71.75)
[106/294]	0.887 (0.829)	70.00 (71.73)
[107/294]	0.242 (0.824)	100.00 (71.99)
[108/294]	0.224 (0.819)	100.00 (72.25)
[109/294]	0.318 (0.814)	95.00 (72.45)
[110/294]	0.865 (0.814)	60.00 (72.34)
[111/294]	0.632 (0.813)	70.00 (72.32)
[112/294]	0.420 (0.809)	75.00 (72.35)
[113/294]	0.193 (0.804)	95.00 (72.54)
[114/294]	0.347 (0.800)	90.00 (72.70)
[115/294]	0.452 (0.797)	80.00 (72.76)
[116/294]	0.426 (0.794)	85.00 (72.86)
[117/294]	0.517 (0.791)	75.00 (72.88)
[118/294]	0.360 (0.788)	90.00 (73.03)
[119/294]	0.197 (0.783)	100.00 (73.25)
[120/294]	0.264 (0.779)	90.00 (73.39)
[121/294]	0.199 (0.774)	100.00 (73.61)
[122/294]	0.177 (0.769)	100.00 (73.82)
[123/294]	0.255 (0.765)	95.00 (73.99)
[124/294]	0.473 (0.763)	80.00 (74.04)
[125/294]	0.171 (0.758)	95.00 (74.21)
[126/294]	0.149 (0.753)	100.00 (74.41)
[127/294]	0.140 (0.748)	95.00 (74.57)
[128/294]	0.784 (0.749)	65.00 (74.50)
[129/294]	0.756 (0.749)	70.00 (74.46)
[130/294]	0.213 (0.744)	95.00 (74.62)
[131/294]	0.295 (0.741)	90.00 (74.73)
[132/294]	0.506 (0.739)	80.00 (74.77)
[133/294]	0.295 (0.736)	85.00 (74.85)
[134/294]	0.120 (0.731)	100.00 (75.04)
[135/294]	0.065 (0.727)	100.00 (75.22)
[136/294]	0.069 (0.722)	100.00 (75.40)
[137/294]	0.092 (0.717)	100.00 (75.58)
[138/294]	2.051 (0.727)	60.00 (75.47)
[139/294]	1.238 (0.730)	65.00 (75.39)
[140/294]	0.779 (0.731)	80.00 (75.43)
[141/294]	0.081 (0.726)	100.00 (75.60)
[142/294]	0.166 (0.722)	95.00 (75.73)
[143/294]	0.243 (0.719)	95.00 (75.87)
[144/294]	0.310 (0.716)	90.00 (75.97)
[145/294]	0.255 (0.713)	95.00 (76.10)
[146/294]	0.253 (0.710)	100.00 (76.26)
[147/294]	0.226 (0.707)	95.00 (76.39)
[148/294]	0.264 (0.704)	95.00 (76.51)
[149/294]	0.194 (0.700)	90.00 (76.60)
[150/294]	0.192 (0.697)	95.00 (76.72)
[151/294]	0.325 (0.694)	90.00 (76.81)
[152/294]	0.313 (0.692)	90.00 (76.90)
[153/294]	0.425 (0.690)	80.00 (76.92)
[154/294]	0.372 (0.688)	80.00 (76.94)
[155/294]	0.190 (0.685)	100.00 (77.08)
[156/294]	0.209 (0.682)	90.00 (77.17)
[157/294]	0.301 (0.679)	90.00 (77.25)
[158/294]	0.619 (0.679)	75.00 (77.23)
[159/294]	0.211 (0.676)	100.00 (77.38)
[160/294]	0.302 (0.674)	90.00 (77.45)
[161/294]	0.403 (0.672)	90.00 (77.53)
[162/294]	0.561 (0.671)	80.00 (77.55)
[163/294]	0.422 (0.670)	75.00 (77.53)
[164/294]	0.598 (0.670)	70.00 (77.48)
[165/294]	0.393 (0.668)	75.00 (77.47)
[166/294]	1.026 (0.670)	65.00 (77.40)
[167/294]	0.548 (0.669)	80.00 (77.41)
[168/294]	0.229 (0.667)	90.00 (77.49)
[169/294]	0.666 (0.667)	65.00 (77.41)
[170/294]	0.479 (0.666)	75.00 (77.40)
[171/294]	0.265 (0.663)	95.00 (77.50)
[172/294]	0.127 (0.660)	100.00 (77.63)
[173/294]	0.179 (0.657)	95.00 (77.73)
[174/294]	0.343 (0.656)	85.00 (77.77)
[175/294]	0.216 (0.653)	100.00 (77.90)
[176/294]	0.626 (0.653)	85.00 (77.94)
[177/294]	0.188 (0.650)	95.00 (78.03)
[178/294]	0.086 (0.647)	100.00 (78.16)
[179/294]	0.442 (0.646)	80.00 (78.17)
[180/294]	0.360 (0.644)	85.00 (78.20)
[181/294]	0.333 (0.643)	85.00 (78.24)
[182/294]	0.183 (0.640)	95.00 (78.33)
[183/294]	0.225 (0.638)	95.00 (78.42)
[184/294]	2.250 (0.647)	55.00 (78.30)
[185/294]	1.611 (0.652)	70.00 (78.25)
[186/294]	0.082 (0.649)	100.00 (78.37)
[187/294]	0.085 (0.646)	100.00 (78.48)
[188/294]	0.597 (0.646)	70.00 (78.44)
[189/294]	0.449 (0.645)	85.00 (78.47)
[190/294]	0.302 (0.643)	85.00 (78.51)
[191/294]	0.381 (0.641)	90.00 (78.57)
[192/294]	0.163 (0.639)	100.00 (78.68)
[193/294]	0.202 (0.637)	100.00 (78.79)
[194/294]	0.598 (0.636)	60.00 (78.69)
[195/294]	0.490 (0.636)	85.00 (78.72)
[196/294]	0.387 (0.634)	80.00 (78.73)
[197/294]	0.111 (0.632)	100.00 (78.84)
[198/294]	0.503 (0.631)	85.00 (78.87)
[199/294]	0.481 (0.630)	80.00 (78.88)
[200/294]	0.406 (0.629)	85.00 (78.91)
[201/294]	0.325 (0.628)	90.00 (78.96)
[202/294]	0.267 (0.626)	90.00 (79.01)
[203/294]	0.157 (0.624)	100.00 (79.12)
[204/294]	0.122 (0.621)	100.00 (79.22)
[205/294]	0.247 (0.619)	95.00 (79.30)
[206/294]	0.131 (0.617)	100.00 (79.40)
[207/294]	0.173 (0.615)	100.00 (79.50)
[208/294]	0.214 (0.613)	90.00 (79.55)
[209/294]	0.301 (0.612)	85.00 (79.57)
[210/294]	0.120 (0.609)	100.00 (79.67)
[211/294]	0.137 (0.607)	100.00 (79.76)
[212/294]	0.377 (0.606)	80.00 (79.77)
[213/294]	0.254 (0.604)	95.00 (79.84)
[214/294]	0.149 (0.602)	100.00 (79.93)
[215/294]	0.125 (0.600)	100.00 (80.02)
[216/294]	0.136 (0.598)	100.00 (80.12)
[217/294]	0.165 (0.596)	95.00 (80.18)
[218/294]	0.092 (0.593)	100.00 (80.27)
[219/294]	0.185 (0.592)	95.00 (80.34)
[220/294]	0.293 (0.590)	90.00 (80.38)
[221/294]	0.109 (0.588)	100.00 (80.47)
[222/294]	0.076 (0.586)	100.00 (80.56)
[223/294]	0.082 (0.584)	100.00 (80.65)
[224/294]	0.084 (0.581)	100.00 (80.73)
[225/294]	0.107 (0.579)	100.00 (80.82)
[226/294]	0.173 (0.577)	95.00 (80.88)
[227/294]	0.275 (0.576)	90.00 (80.92)
[228/294]	0.420 (0.575)	85.00 (80.94)
[229/294]	0.155 (0.574)	95.00 (81.00)
[230/294]	0.824 (0.575)	75.00 (80.97)
[231/294]	1.202 (0.577)	65.00 (80.91)
[232/294]	0.138 (0.576)	95.00 (80.97)
[233/294]	0.079 (0.573)	100.00 (81.05)
[234/294]	0.387 (0.573)	80.00 (81.04)
[235/294]	0.565 (0.573)	80.00 (81.04)
[236/294]	0.510 (0.572)	70.00 (80.99)
[237/294]	0.404 (0.572)	85.00 (81.01)
[238/294]	0.333 (0.571)	85.00 (81.03)
[239/294]	0.215 (0.569)	95.00 (81.08)
[240/294]	0.129 (0.567)	100.00 (81.16)
[241/294]	0.227 (0.566)	90.00 (81.20)
[242/294]	0.660 (0.566)	75.00 (81.17)
[243/294]	0.152 (0.565)	95.00 (81.23)
[244/294]	0.094 (0.563)	100.00 (81.31)
[245/294]	0.147 (0.561)	95.00 (81.36)
[246/294]	0.064 (0.559)	100.00 (81.44)
[247/294]	0.119 (0.557)	100.00 (81.51)
[248/294]	0.169 (0.556)	95.00 (81.57)
[249/294]	0.506 (0.555)	70.00 (81.52)
[250/294]	0.187 (0.554)	95.00 (81.57)
[251/294]	0.064 (0.552)	100.00 (81.65)
[252/294]	0.079 (0.550)	100.00 (81.72)
[253/294]	0.064 (0.548)	100.00 (81.79)
[254/294]	0.335 (0.547)	85.00 (81.80)
[255/294]	0.186 (0.546)	95.00 (81.86)
[256/294]	0.131 (0.544)	100.00 (81.93)
[257/294]	0.284 (0.543)	95.00 (81.98)
[258/294]	0.122 (0.542)	100.00 (82.05)
[259/294]	0.338 (0.541)	90.00 (82.08)
[260/294]	0.329 (0.540)	85.00 (82.09)
[261/294]	1.053 (0.542)	55.00 (81.98)
[262/294]	0.435 (0.542)	70.00 (81.94)
[263/294]	0.118 (0.540)	100.00 (82.01)
[264/294]	0.089 (0.538)	100.00 (82.08)
[265/294]	0.379 (0.538)	85.00 (82.09)
[266/294]	0.411 (0.537)	80.00 (82.08)
[267/294]	0.464 (0.537)	80.00 (82.07)
[268/294]	0.494 (0.537)	80.00 (82.06)
[269/294]	0.154 (0.535)	95.00 (82.11)
[270/294]	0.050 (0.534)	100.00 (82.18)
[271/294]	0.090 (0.532)	100.00 (82.24)
[272/294]	0.197 (0.531)	95.00 (82.29)
[273/294]	0.092 (0.529)	100.00 (82.35)
[274/294]	0.079 (0.528)	100.00 (82.42)
[275/294]	1.255 (0.530)	60.00 (82.34)
[276/294]	0.833 (0.531)	75.00 (82.31)
[277/294]	0.083 (0.530)	100.00 (82.37)
[278/294]	0.151 (0.528)	100.00 (82.44)
[279/294]	0.125 (0.527)	95.00 (82.48)
[280/294]	0.148 (0.526)	100.00 (82.54)
[281/294]	0.293 (0.525)	95.00 (82.59)
[282/294]	0.175 (0.523)	95.00 (82.63)
[283/294]	0.152 (0.522)	95.00 (82.68)
[284/294]	0.083 (0.521)	100.00 (82.74)
[285/294]	1.016 (0.522)	65.00 (82.67)
[286/294]	0.299 (0.522)	95.00 (82.72)
[287/294]	0.338 (0.521)	85.00 (82.73)
[288/294]	0.232 (0.520)	90.00 (82.75)
[289/294]	0.181 (0.519)	100.00 (82.81)
[290/294]	0.174 (0.518)	100.00 (82.87)
[291/294]	0.207 (0.517)	95.00 (82.91)
[292/294]	0.271 (0.516)	90.00 (82.94)
[293/294]	0.126 (0.515)	100.00 (82.95)
 * Train Acc: 82.953
 * Avg. Data time: 0.005, Avg. Batch time: 0.044, Avg. Forward time: 0.004, Avg. Backward time: 0.028
Computing MAS
 * Val Acc: 37.671, Time: 1.87
 * Test Acc: 39.587, Time: 4.69
=============Training Task 2=============
Active output nodes for this task: 
[0, 1, 2, 3, 4, 5]
=============Training Epoch 0=============
#reg terms:  1
Batch	 Loss		 Acc
[0/294]	7.987 (7.987)	0.00 (0.00)
[1/294]	6.924 (7.455)	0.00 (0.00)
[2/294]	5.731 (6.880)	0.00 (0.00)
[3/294]	4.617 (6.315)	0.00 (0.00)
[4/294]	3.064 (5.665)	0.00 (0.00)
[5/294]	2.873 (5.199)	0.00 (0.00)
[6/294]	2.673 (4.838)	0.00 (0.00)
[7/294]	2.022 (4.486)	5.00 (0.62)
[8/294]	1.915 (4.201)	10.00 (1.67)
[9/294]	1.772 (3.958)	60.00 (7.50)
[10/294]	1.834 (3.765)	50.00 (11.36)
[11/294]	1.586 (3.583)	85.00 (17.50)
[12/294]	1.737 (3.441)	75.00 (21.92)
[13/294]	1.867 (3.329)	50.00 (23.93)
[14/294]	1.512 (3.208)	70.00 (27.00)
[15/294]	1.440 (3.097)	55.00 (28.75)
[16/294]	1.339 (2.994)	55.00 (30.29)
[17/294]	1.381 (2.904)	50.00 (31.39)
[18/294]	1.463 (2.828)	50.00 (32.37)
[19/294]	1.322 (2.753)	65.00 (34.00)
[20/294]	1.283 (2.683)	60.00 (35.24)
[21/294]	1.315 (2.621)	55.00 (36.14)
[22/294]	1.283 (2.563)	65.00 (37.39)
[23/294]	1.188 (2.505)	100.00 (40.00)
[24/294]	1.286 (2.457)	55.00 (40.60)
[25/294]	1.318 (2.413)	60.00 (41.35)
[26/294]	1.234 (2.369)	85.00 (42.96)
[27/294]	1.038 (2.322)	95.00 (44.82)
[28/294]	1.175 (2.282)	50.00 (45.00)
[29/294]	1.111 (2.243)	75.00 (46.00)
[30/294]	1.121 (2.207)	65.00 (46.61)
[31/294]	1.190 (2.175)	60.00 (47.03)
[32/294]	0.911 (2.137)	85.00 (48.18)
[33/294]	0.955 (2.102)	75.00 (48.97)
[34/294]	1.093 (2.073)	50.00 (49.00)
[35/294]	0.956 (2.042)	90.00 (50.14)
[36/294]	0.894 (2.011)	90.00 (51.22)
[37/294]	0.788 (1.979)	95.00 (52.37)
[38/294]	0.991 (1.954)	60.00 (52.56)
[39/294]	0.966 (1.929)	65.00 (52.88)
[40/294]	0.791 (1.901)	95.00 (53.90)
[41/294]	0.948 (1.878)	60.00 (54.05)
[42/294]	1.345 (1.866)	45.00 (53.84)
[43/294]	0.961 (1.845)	70.00 (54.20)
[44/294]	0.832 (1.823)	75.00 (54.67)
[45/294]	0.876 (1.802)	65.00 (54.89)
[46/294]	0.612 (1.777)	100.00 (55.85)
[47/294]	0.678 (1.754)	80.00 (56.35)
[48/294]	0.689 (1.732)	75.00 (56.73)
[49/294]	0.625 (1.710)	95.00 (57.50)
[50/294]	0.736 (1.691)	75.00 (57.84)
[51/294]	0.736 (1.673)	60.00 (57.88)
[52/294]	0.477 (1.650)	100.00 (58.68)
[53/294]	0.861 (1.636)	60.00 (58.70)
[54/294]	0.716 (1.619)	70.00 (58.91)
[55/294]	0.661 (1.602)	80.00 (59.29)
[56/294]	0.369 (1.580)	100.00 (60.00)
[57/294]	0.364 (1.559)	95.00 (60.60)
[58/294]	0.398 (1.540)	95.00 (61.19)
[59/294]	0.484 (1.522)	100.00 (61.83)
[60/294]	0.339 (1.503)	100.00 (62.46)
[61/294]	0.379 (1.484)	90.00 (62.90)
[62/294]	0.697 (1.472)	70.00 (63.02)
[63/294]	0.304 (1.454)	100.00 (63.59)
[64/294]	0.415 (1.438)	85.00 (63.92)
[65/294]	0.377 (1.422)	100.00 (64.47)
[66/294]	0.306 (1.405)	95.00 (64.93)
[67/294]	0.381 (1.390)	95.00 (65.37)
[68/294]	0.466 (1.377)	90.00 (65.72)
[69/294]	0.599 (1.365)	75.00 (65.86)
[70/294]	0.624 (1.355)	80.00 (66.06)
[71/294]	0.581 (1.344)	65.00 (66.04)
[72/294]	0.462 (1.332)	85.00 (66.30)
[73/294]	0.353 (1.319)	100.00 (66.76)
[74/294]	0.361 (1.306)	100.00 (67.20)
[75/294]	0.319 (1.293)	100.00 (67.63)
[76/294]	0.390 (1.281)	90.00 (67.92)
[77/294]	0.292 (1.269)	100.00 (68.33)
[78/294]	0.406 (1.258)	85.00 (68.54)
[79/294]	0.587 (1.249)	80.00 (68.69)
[80/294]	0.227 (1.237)	95.00 (69.01)
[81/294]	0.579 (1.229)	80.00 (69.15)
[82/294]	0.350 (1.218)	95.00 (69.46)
[83/294]	0.127 (1.205)	100.00 (69.82)
[84/294]	0.144 (1.193)	100.00 (70.18)
[85/294]	0.275 (1.182)	95.00 (70.47)
[86/294]	0.309 (1.172)	95.00 (70.75)
[87/294]	0.159 (1.161)	100.00 (71.08)
[88/294]	0.406 (1.152)	85.00 (71.24)
[89/294]	0.353 (1.143)	90.00 (71.44)
[90/294]	0.321 (1.134)	95.00 (71.70)
[91/294]	0.247 (1.124)	100.00 (72.01)
[92/294]	0.139 (1.114)	100.00 (72.31)
[93/294]	0.206 (1.104)	90.00 (72.50)
[94/294]	0.516 (1.098)	70.00 (72.47)
[95/294]	0.215 (1.089)	95.00 (72.71)
[96/294]	0.099 (1.079)	100.00 (72.99)
[97/294]	0.105 (1.069)	100.00 (73.27)
[98/294]	0.167 (1.060)	100.00 (73.54)
[99/294]	0.232 (1.051)	100.00 (73.80)
[100/294]	0.166 (1.043)	100.00 (74.06)
[101/294]	0.124 (1.034)	100.00 (74.31)
[102/294]	0.106 (1.025)	100.00 (74.56)
[103/294]	0.153 (1.016)	95.00 (74.76)
[104/294]	0.141 (1.008)	100.00 (75.00)
[105/294]	0.104 (0.999)	100.00 (75.24)
[106/294]	0.678 (0.996)	85.00 (75.33)
[107/294]	0.786 (0.994)	75.00 (75.32)
[108/294]	0.156 (0.987)	95.00 (75.50)
[109/294]	0.105 (0.979)	100.00 (75.73)
[110/294]	0.159 (0.971)	95.00 (75.90)
[111/294]	0.538 (0.967)	85.00 (75.98)
[112/294]	0.332 (0.962)	95.00 (76.15)
[113/294]	0.171 (0.955)	95.00 (76.32)
[114/294]	0.172 (0.948)	100.00 (76.52)
[115/294]	0.131 (0.941)	100.00 (76.72)
[116/294]	0.079 (0.934)	100.00 (76.92)
[117/294]	0.072 (0.926)	100.00 (77.12)
[118/294]	0.154 (0.920)	95.00 (77.27)
[119/294]	0.159 (0.913)	100.00 (77.46)
[120/294]	0.138 (0.907)	100.00 (77.64)
[121/294]	0.186 (0.901)	100.00 (77.83)
[122/294]	0.204 (0.895)	90.00 (77.93)
[123/294]	0.079 (0.889)	100.00 (78.10)
[124/294]	0.078 (0.882)	100.00 (78.28)
[125/294]	0.096 (0.876)	100.00 (78.45)
[126/294]	0.072 (0.870)	100.00 (78.62)
[127/294]	0.101 (0.864)	100.00 (78.79)
[128/294]	0.099 (0.858)	100.00 (78.95)
[129/294]	0.080 (0.852)	100.00 (79.12)
[130/294]	0.089 (0.846)	100.00 (79.27)
[131/294]	0.090 (0.840)	100.00 (79.43)
[132/294]	0.120 (0.835)	100.00 (79.59)
[133/294]	0.088 (0.829)	100.00 (79.74)
[134/294]	0.152 (0.824)	100.00 (79.89)
[135/294]	0.203 (0.820)	90.00 (79.96)
[136/294]	0.140 (0.815)	100.00 (80.11)
[137/294]	0.074 (0.809)	100.00 (80.25)
[138/294]	0.148 (0.805)	95.00 (80.36)
[139/294]	0.239 (0.801)	85.00 (80.39)
[140/294]	0.330 (0.797)	95.00 (80.50)
[141/294]	0.196 (0.793)	90.00 (80.56)
[142/294]	0.135 (0.788)	100.00 (80.70)
[143/294]	0.127 (0.784)	100.00 (80.83)
[144/294]	0.183 (0.780)	95.00 (80.93)
[145/294]	0.104 (0.775)	100.00 (81.06)
[146/294]	0.079 (0.770)	100.00 (81.19)
[147/294]	0.086 (0.766)	100.00 (81.32)
[148/294]	0.100 (0.761)	100.00 (81.44)
[149/294]	0.100 (0.757)	100.00 (81.57)
[150/294]	0.133 (0.753)	95.00 (81.66)
[151/294]	0.166 (0.749)	90.00 (81.71)
[152/294]	0.069 (0.744)	100.00 (81.83)
[153/294]	0.077 (0.740)	100.00 (81.95)
[154/294]	0.296 (0.737)	90.00 (82.00)
[155/294]	0.121 (0.733)	100.00 (82.12)
[156/294]	0.052 (0.729)	100.00 (82.23)
[157/294]	0.049 (0.725)	100.00 (82.34)
[158/294]	0.218 (0.721)	90.00 (82.39)
[159/294]	0.345 (0.719)	90.00 (82.44)
[160/294]	0.050 (0.715)	100.00 (82.55)
[161/294]	0.053 (0.711)	100.00 (82.65)
[162/294]	0.089 (0.707)	100.00 (82.76)
[163/294]	0.108 (0.703)	95.00 (82.84)
[164/294]	0.049 (0.699)	100.00 (82.94)
[165/294]	0.256 (0.697)	85.00 (82.95)
[166/294]	0.147 (0.693)	95.00 (83.02)
[167/294]	0.080 (0.690)	100.00 (83.12)
[168/294]	0.091 (0.686)	100.00 (83.22)
[169/294]	0.160 (0.683)	95.00 (83.29)
[170/294]	0.049 (0.679)	100.00 (83.39)
[171/294]	0.046 (0.676)	100.00 (83.49)
[172/294]	0.049 (0.672)	100.00 (83.58)
[173/294]	0.046 (0.669)	100.00 (83.68)
[174/294]	0.073 (0.665)	100.00 (83.77)
[175/294]	0.054 (0.662)	100.00 (83.86)
[176/294]	0.088 (0.658)	100.00 (83.95)
[177/294]	0.225 (0.656)	95.00 (84.02)
[178/294]	0.199 (0.653)	95.00 (84.08)
[179/294]	0.162 (0.651)	100.00 (84.17)
[180/294]	0.269 (0.649)	95.00 (84.23)
[181/294]	0.515 (0.648)	80.00 (84.20)
[182/294]	0.155 (0.645)	95.00 (84.26)
[183/294]	0.054 (0.642)	100.00 (84.35)
[184/294]	0.052 (0.639)	100.00 (84.43)
[185/294]	0.041 (0.636)	100.00 (84.52)
[186/294]	0.161 (0.633)	100.00 (84.60)
[187/294]	0.387 (0.632)	85.00 (84.60)
[188/294]	0.043 (0.629)	100.00 (84.68)
[189/294]	0.110 (0.626)	100.00 (84.76)
[190/294]	0.077 (0.623)	100.00 (84.84)
[191/294]	0.042 (0.620)	100.00 (84.92)
[192/294]	0.040 (0.617)	100.00 (85.00)
[193/294]	0.042 (0.614)	100.00 (85.08)
[194/294]	0.054 (0.611)	100.00 (85.15)
[195/294]	0.081 (0.608)	100.00 (85.23)
[196/294]	0.267 (0.607)	90.00 (85.25)
[197/294]	0.224 (0.605)	90.00 (85.28)
[198/294]	0.055 (0.602)	100.00 (85.35)
[199/294]	0.041 (0.599)	100.00 (85.42)
[200/294]	0.098 (0.597)	100.00 (85.50)
[201/294]	0.150 (0.595)	100.00 (85.57)
[202/294]	0.075 (0.592)	100.00 (85.64)
[203/294]	0.052 (0.589)	100.00 (85.71)
[204/294]	0.438 (0.589)	80.00 (85.68)
[205/294]	0.167 (0.587)	90.00 (85.70)
[206/294]	0.064 (0.584)	100.00 (85.77)
[207/294]	0.062 (0.581)	100.00 (85.84)
[208/294]	0.047 (0.579)	100.00 (85.91)
[209/294]	0.039 (0.576)	100.00 (85.98)
[210/294]	0.046 (0.574)	100.00 (86.04)
[211/294]	0.103 (0.572)	100.00 (86.11)
[212/294]	0.058 (0.569)	100.00 (86.17)
[213/294]	0.067 (0.567)	100.00 (86.24)
[214/294]	0.376 (0.566)	70.00 (86.16)
[215/294]	0.355 (0.565)	75.00 (86.11)
[216/294]	0.114 (0.563)	100.00 (86.18)
[217/294]	0.130 (0.561)	100.00 (86.24)
[218/294]	0.079 (0.559)	100.00 (86.30)
[219/294]	0.080 (0.557)	100.00 (86.36)
[220/294]	0.043 (0.554)	100.00 (86.43)
[221/294]	0.071 (0.552)	100.00 (86.49)
[222/294]	0.106 (0.550)	100.00 (86.55)
[223/294]	0.110 (0.548)	100.00 (86.61)
[224/294]	0.043 (0.546)	100.00 (86.67)
[225/294]	0.258 (0.545)	95.00 (86.70)
[226/294]	0.663 (0.545)	85.00 (86.70)
[227/294]	0.037 (0.543)	100.00 (86.75)
[228/294]	0.056 (0.541)	100.00 (86.81)
[229/294]	0.065 (0.539)	100.00 (86.87)
[230/294]	0.051 (0.537)	100.00 (86.93)
[231/294]	0.055 (0.534)	100.00 (86.98)
[232/294]	0.065 (0.532)	100.00 (87.04)
[233/294]	0.047 (0.530)	100.00 (87.09)
[234/294]	0.277 (0.529)	90.00 (87.11)
[235/294]	0.058 (0.527)	100.00 (87.16)
[236/294]	0.068 (0.525)	100.00 (87.22)
[237/294]	0.105 (0.524)	100.00 (87.27)
[238/294]	0.160 (0.522)	95.00 (87.30)
[239/294]	0.189 (0.521)	100.00 (87.35)
[240/294]	0.214 (0.519)	100.00 (87.41)
[241/294]	0.151 (0.518)	95.00 (87.44)
[242/294]	0.106 (0.516)	100.00 (87.49)
[243/294]	0.125 (0.515)	100.00 (87.54)
[244/294]	0.082 (0.513)	100.00 (87.59)
[245/294]	0.048 (0.511)	100.00 (87.64)
[246/294]	0.040 (0.509)	100.00 (87.69)
[247/294]	0.038 (0.507)	100.00 (87.74)
[248/294]	0.036 (0.505)	100.00 (87.79)
[249/294]	0.046 (0.503)	100.00 (87.84)
[250/294]	0.136 (0.502)	95.00 (87.87)
[251/294]	0.054 (0.500)	100.00 (87.92)
[252/294]	0.034 (0.498)	100.00 (87.96)
[253/294]	0.034 (0.497)	100.00 (88.01)
[254/294]	0.069 (0.495)	100.00 (88.06)
[255/294]	0.080 (0.493)	100.00 (88.11)
[256/294]	0.135 (0.492)	95.00 (88.13)
[257/294]	0.059 (0.490)	100.00 (88.18)
[258/294]	0.090 (0.489)	100.00 (88.22)
[259/294]	0.177 (0.487)	90.00 (88.23)
[260/294]	0.215 (0.486)	85.00 (88.22)
[261/294]	0.406 (0.486)	85.00 (88.21)
[262/294]	0.094 (0.485)	100.00 (88.25)
[263/294]	0.044 (0.483)	100.00 (88.30)
[264/294]	0.050 (0.481)	100.00 (88.34)
[265/294]	0.041 (0.480)	100.00 (88.38)
[266/294]	0.070 (0.478)	100.00 (88.43)
[267/294]	0.051 (0.476)	100.00 (88.47)
[268/294]	0.063 (0.475)	100.00 (88.51)
[269/294]	0.103 (0.474)	100.00 (88.56)
[270/294]	0.042 (0.472)	100.00 (88.60)
[271/294]	0.065 (0.470)	100.00 (88.64)
[272/294]	0.131 (0.469)	95.00 (88.66)
[273/294]	0.034 (0.468)	100.00 (88.70)
[274/294]	0.035 (0.466)	100.00 (88.75)
[275/294]	0.039 (0.465)	100.00 (88.79)
[276/294]	0.134 (0.463)	100.00 (88.83)
[277/294]	0.210 (0.462)	95.00 (88.85)
[278/294]	0.127 (0.461)	95.00 (88.87)
[279/294]	0.032 (0.460)	100.00 (88.91)
[280/294]	0.046 (0.458)	100.00 (88.95)
[281/294]	0.097 (0.457)	100.00 (88.99)
[282/294]	0.090 (0.456)	100.00 (89.03)
[283/294]	0.115 (0.454)	100.00 (89.07)
[284/294]	0.082 (0.453)	100.00 (89.11)
[285/294]	0.078 (0.452)	100.00 (89.14)
[286/294]	0.072 (0.450)	100.00 (89.18)
[287/294]	0.034 (0.449)	100.00 (89.22)
[288/294]	0.036 (0.448)	100.00 (89.26)
[289/294]	0.064 (0.446)	100.00 (89.29)
[290/294]	0.049 (0.445)	100.00 (89.33)
[291/294]	0.124 (0.444)	100.00 (89.37)
[292/294]	0.037 (0.442)	100.00 (89.40)
[293/294]	0.050 (0.441)	100.00 (89.44)
 * Train Acc: 89.439
 * Avg. Data time: 0.024, Avg. Batch time: 0.062, Avg. Forward time: 0.004, Avg. Backward time: 0.026
Computing MAS
 * Val Acc: 32.027, Time: 3.26
 * Test Acc: 34.961, Time: 8.79
=============Training Task 3=============
Active output nodes for this task: 
[0, 1, 2, 3, 4, 5, 6, 7]
=============Training Epoch 0=============
#reg terms:  1
Batch	 Loss		 Acc
[0/294]	10.720 (10.720)	0.00 (0.00)
[1/294]	10.722 (10.721)	0.00 (0.00)
[2/294]	9.299 (10.247)	0.00 (0.00)
[3/294]	6.420 (9.290)	0.00 (0.00)
[4/294]	5.344 (8.501)	0.00 (0.00)
[5/294]	5.170 (7.946)	0.00 (0.00)
[6/294]	4.547 (7.460)	0.00 (0.00)
[7/294]	3.535 (6.970)	0.00 (0.00)
[8/294]	3.265 (6.558)	0.00 (0.00)
[9/294]	3.227 (6.225)	0.00 (0.00)
[10/294]	3.003 (5.932)	5.00 (0.45)
[11/294]	2.784 (5.670)	40.00 (3.75)
[12/294]	2.772 (5.447)	40.00 (6.54)
[13/294]	2.748 (5.254)	45.00 (9.29)
[14/294]	2.403 (5.064)	60.00 (12.67)
[15/294]	2.352 (4.895)	55.00 (15.31)
[16/294]	2.424 (4.749)	50.00 (17.35)
[17/294]	2.780 (4.640)	55.00 (19.44)
[18/294]	2.973 (4.552)	65.00 (21.84)
[19/294]	2.816 (4.465)	60.00 (23.75)
[20/294]	2.525 (4.373)	65.00 (25.71)
[21/294]	1.899 (4.260)	85.00 (28.41)
[22/294]	1.701 (4.149)	100.00 (31.52)
[23/294]	1.528 (4.040)	100.00 (34.38)
[24/294]	1.912 (3.955)	90.00 (36.60)
[25/294]	1.608 (3.865)	90.00 (38.65)
[26/294]	1.717 (3.785)	80.00 (40.19)
[27/294]	2.080 (3.724)	40.00 (40.18)
[28/294]	1.334 (3.642)	90.00 (41.90)
[29/294]	1.348 (3.565)	80.00 (43.17)
[30/294]	1.164 (3.488)	95.00 (44.84)
[31/294]	1.018 (3.411)	100.00 (46.56)
[32/294]	1.321 (3.347)	85.00 (47.73)
[33/294]	0.983 (3.278)	95.00 (49.12)
[34/294]	1.058 (3.214)	100.00 (50.57)
[35/294]	0.921 (3.151)	100.00 (51.94)
[36/294]	0.887 (3.089)	100.00 (53.24)
[37/294]	1.066 (3.036)	85.00 (54.08)
[38/294]	1.335 (2.993)	65.00 (54.36)
[39/294]	0.848 (2.939)	95.00 (55.38)
[40/294]	0.746 (2.885)	100.00 (56.46)
[41/294]	0.719 (2.834)	100.00 (57.50)
[42/294]	1.609 (2.805)	50.00 (57.33)
[43/294]	1.229 (2.770)	70.00 (57.61)
[44/294]	1.481 (2.741)	60.00 (57.67)
[45/294]	0.692 (2.696)	95.00 (58.48)
[46/294]	0.718 (2.654)	95.00 (59.26)
[47/294]	1.038 (2.621)	80.00 (59.69)
[48/294]	0.571 (2.579)	100.00 (60.51)
[49/294]	0.908 (2.545)	80.00 (60.90)
[50/294]	0.714 (2.509)	85.00 (61.37)
[51/294]	0.629 (2.473)	85.00 (61.83)
[52/294]	0.523 (2.437)	100.00 (62.55)
[53/294]	0.860 (2.407)	80.00 (62.87)
[54/294]	1.011 (2.382)	80.00 (63.18)
[55/294]	0.878 (2.355)	75.00 (63.39)
[56/294]	0.399 (2.321)	100.00 (64.04)
[57/294]	0.545 (2.290)	90.00 (64.48)
[58/294]	0.493 (2.260)	100.00 (65.08)
[59/294]	0.378 (2.228)	100.00 (65.67)
[60/294]	0.357 (2.198)	100.00 (66.23)
[61/294]	0.400 (2.169)	95.00 (66.69)
[62/294]	0.457 (2.142)	95.00 (67.14)
[63/294]	0.772 (2.120)	70.00 (67.19)
[64/294]	0.681 (2.098)	70.00 (67.23)
[65/294]	0.500 (2.074)	90.00 (67.58)
[66/294]	0.319 (2.048)	100.00 (68.06)
[67/294]	0.364 (2.023)	100.00 (68.53)
[68/294]	0.378 (1.999)	100.00 (68.99)
[69/294]	0.394 (1.976)	100.00 (69.43)
[70/294]	0.471 (1.955)	95.00 (69.79)
[71/294]	0.782 (1.939)	80.00 (69.93)
[72/294]	0.626 (1.921)	85.00 (70.14)
[73/294]	0.403 (1.900)	95.00 (70.47)
[74/294]	1.975 (1.901)	55.00 (70.27)
[75/294]	1.269 (1.893)	65.00 (70.20)
[76/294]	0.451 (1.874)	90.00 (70.45)
[77/294]	0.229 (1.853)	100.00 (70.83)
[78/294]	0.532 (1.836)	85.00 (71.01)
[79/294]	0.737 (1.822)	75.00 (71.06)
[80/294]	0.640 (1.808)	75.00 (71.11)
[81/294]	0.295 (1.789)	95.00 (71.40)
[82/294]	0.253 (1.771)	100.00 (71.75)
[83/294]	0.222 (1.752)	100.00 (72.08)
[84/294]	0.206 (1.734)	100.00 (72.41)
[85/294]	0.275 (1.717)	100.00 (72.73)
[86/294]	0.408 (1.702)	95.00 (72.99)
[87/294]	1.208 (1.697)	50.00 (72.73)
[88/294]	0.648 (1.685)	80.00 (72.81)
[89/294]	0.606 (1.673)	80.00 (72.89)
[90/294]	0.423 (1.659)	90.00 (73.08)
[91/294]	0.469 (1.646)	100.00 (73.37)
[92/294]	0.310 (1.632)	100.00 (73.66)
[93/294]	0.265 (1.617)	100.00 (73.94)
[94/294]	0.636 (1.607)	70.00 (73.89)
[95/294]	0.594 (1.596)	80.00 (73.96)
[96/294]	0.369 (1.584)	95.00 (74.18)
[97/294]	0.187 (1.569)	100.00 (74.44)
[98/294]	0.187 (1.556)	100.00 (74.70)
[99/294]	0.231 (1.542)	100.00 (74.95)
[100/294]	0.272 (1.530)	100.00 (75.20)
[101/294]	0.187 (1.517)	100.00 (75.44)
[102/294]	0.229 (1.504)	100.00 (75.68)
[103/294]	0.194 (1.491)	100.00 (75.91)
[104/294]	0.529 (1.482)	90.00 (76.05)
[105/294]	0.157 (1.470)	100.00 (76.27)
[106/294]	0.178 (1.458)	100.00 (76.50)
[107/294]	0.206 (1.446)	100.00 (76.71)
[108/294]	0.151 (1.434)	100.00 (76.93)
[109/294]	0.150 (1.423)	100.00 (77.14)
[110/294]	0.151 (1.411)	100.00 (77.34)
[111/294]	0.165 (1.400)	100.00 (77.54)
[112/294]	0.152 (1.389)	100.00 (77.74)
[113/294]	0.148 (1.378)	100.00 (77.94)
[114/294]	0.175 (1.368)	100.00 (78.13)
[115/294]	0.371 (1.359)	85.00 (78.19)
[116/294]	0.215 (1.349)	95.00 (78.33)
[117/294]	0.170 (1.339)	100.00 (78.52)
[118/294]	0.297 (1.330)	95.00 (78.66)
[119/294]	0.130 (1.320)	100.00 (78.83)
[120/294]	0.130 (1.311)	100.00 (79.01)
[121/294]	0.137 (1.301)	100.00 (79.18)
[122/294]	0.303 (1.293)	85.00 (79.23)
[123/294]	0.152 (1.284)	100.00 (79.40)
[124/294]	0.256 (1.275)	90.00 (79.48)
[125/294]	0.192 (1.267)	100.00 (79.64)
[126/294]	0.283 (1.259)	95.00 (79.76)
[127/294]	0.307 (1.252)	95.00 (79.88)
[128/294]	0.143 (1.243)	100.00 (80.04)
[129/294]	0.261 (1.236)	95.00 (80.15)
[130/294]	0.280 (1.228)	95.00 (80.27)
[131/294]	0.263 (1.221)	90.00 (80.34)
[132/294]	0.219 (1.213)	100.00 (80.49)
[133/294]	0.171 (1.206)	100.00 (80.63)
[134/294]	0.163 (1.198)	100.00 (80.78)
[135/294]	0.233 (1.191)	95.00 (80.88)
[136/294]	0.362 (1.185)	85.00 (80.91)
[137/294]	0.356 (1.179)	90.00 (80.98)
[138/294]	0.108 (1.171)	100.00 (81.12)
[139/294]	0.107 (1.163)	100.00 (81.25)
[140/294]	0.493 (1.159)	90.00 (81.31)
[141/294]	0.217 (1.152)	90.00 (81.37)
[142/294]	0.135 (1.145)	100.00 (81.50)
[143/294]	0.114 (1.138)	100.00 (81.63)
[144/294]	0.142 (1.131)	100.00 (81.76)
[145/294]	0.109 (1.124)	100.00 (81.88)
[146/294]	0.797 (1.122)	75.00 (81.84)
[147/294]	0.299 (1.116)	90.00 (81.89)
[148/294]	0.108 (1.109)	100.00 (82.01)
[149/294]	0.098 (1.103)	100.00 (82.13)
[150/294]	0.102 (1.096)	100.00 (82.25)
[151/294]	0.101 (1.089)	100.00 (82.37)
[152/294]	0.124 (1.083)	100.00 (82.48)
[153/294]	0.364 (1.078)	80.00 (82.47)
[154/294]	0.133 (1.072)	100.00 (82.58)
[155/294]	0.197 (1.067)	95.00 (82.66)
[156/294]	0.240 (1.061)	95.00 (82.74)
[157/294]	0.251 (1.056)	95.00 (82.82)
[158/294]	0.116 (1.050)	100.00 (82.92)
[159/294]	0.132 (1.045)	95.00 (83.00)
[160/294]	0.156 (1.039)	100.00 (83.11)
[161/294]	0.164 (1.034)	100.00 (83.21)
[162/294]	0.228 (1.029)	95.00 (83.28)
[163/294]	0.199 (1.024)	90.00 (83.32)
[164/294]	0.165 (1.019)	95.00 (83.39)
[165/294]	0.428 (1.015)	85.00 (83.40)
[166/294]	0.257 (1.010)	95.00 (83.47)
[167/294]	0.171 (1.005)	100.00 (83.57)
[168/294]	0.187 (1.001)	100.00 (83.67)
[169/294]	0.133 (0.996)	100.00 (83.76)
[170/294]	0.082 (0.990)	100.00 (83.86)
[171/294]	0.097 (0.985)	100.00 (83.95)
[172/294]	0.338 (0.981)	85.00 (83.96)
[173/294]	0.249 (0.977)	95.00 (84.02)
[174/294]	0.084 (0.972)	100.00 (84.11)
[175/294]	0.153 (0.967)	100.00 (84.20)
[176/294]	0.127 (0.963)	100.00 (84.29)
[177/294]	0.077 (0.958)	100.00 (84.38)
[178/294]	0.075 (0.953)	100.00 (84.47)
[179/294]	0.204 (0.948)	95.00 (84.53)
[180/294]	0.426 (0.946)	90.00 (84.56)
[181/294]	0.081 (0.941)	100.00 (84.64)
[182/294]	0.075 (0.936)	100.00 (84.73)
[183/294]	0.121 (0.932)	100.00 (84.81)
[184/294]	0.109 (0.927)	100.00 (84.89)
[185/294]	0.140 (0.923)	100.00 (84.97)
[186/294]	0.115 (0.919)	100.00 (85.05)
[187/294]	0.125 (0.914)	100.00 (85.13)
[188/294]	0.092 (0.910)	100.00 (85.21)
[189/294]	0.111 (0.906)	100.00 (85.29)
[190/294]	0.076 (0.902)	100.00 (85.37)
[191/294]	0.075 (0.897)	100.00 (85.44)
[192/294]	0.096 (0.893)	100.00 (85.52)
[193/294]	0.082 (0.889)	100.00 (85.59)
[194/294]	0.176 (0.885)	95.00 (85.64)
[195/294]	0.070 (0.881)	100.00 (85.71)
[196/294]	0.773 (0.881)	55.00 (85.56)
[197/294]	0.207 (0.877)	85.00 (85.56)
[198/294]	0.066 (0.873)	100.00 (85.63)
[199/294]	0.095 (0.869)	100.00 (85.70)
[200/294]	0.083 (0.865)	100.00 (85.77)
[201/294]	0.067 (0.861)	100.00 (85.84)
[202/294]	0.134 (0.858)	100.00 (85.91)
[203/294]	0.116 (0.854)	100.00 (85.98)
[204/294]	0.072 (0.850)	100.00 (86.05)
[205/294]	0.074 (0.847)	100.00 (86.12)
[206/294]	0.070 (0.843)	100.00 (86.18)
[207/294]	0.071 (0.839)	100.00 (86.25)
[208/294]	0.067 (0.835)	100.00 (86.32)
[209/294]	0.076 (0.832)	100.00 (86.38)
[210/294]	0.156 (0.829)	100.00 (86.45)
[211/294]	0.227 (0.826)	95.00 (86.49)
[212/294]	0.406 (0.824)	90.00 (86.50)
[213/294]	0.393 (0.822)	85.00 (86.50)
[214/294]	0.104 (0.818)	100.00 (86.56)
[215/294]	0.090 (0.815)	100.00 (86.62)
[216/294]	0.093 (0.812)	100.00 (86.68)
[217/294]	0.158 (0.809)	100.00 (86.74)
[218/294]	0.072 (0.805)	100.00 (86.80)
[219/294]	0.085 (0.802)	100.00 (86.86)
[220/294]	0.085 (0.799)	100.00 (86.92)
[221/294]	0.065 (0.796)	100.00 (86.98)
[222/294]	0.068 (0.792)	100.00 (87.04)
[223/294]	0.080 (0.789)	100.00 (87.10)
[224/294]	0.111 (0.786)	100.00 (87.16)
[225/294]	0.077 (0.783)	100.00 (87.21)
[226/294]	0.085 (0.780)	100.00 (87.27)
[227/294]	0.063 (0.777)	100.00 (87.32)
[228/294]	0.122 (0.774)	100.00 (87.38)
[229/294]	0.287 (0.772)	95.00 (87.41)
[230/294]	0.595 (0.771)	80.00 (87.38)
[231/294]	0.089 (0.768)	100.00 (87.44)
[232/294]	0.115 (0.765)	95.00 (87.47)
[233/294]	0.091 (0.762)	100.00 (87.52)
[234/294]	1.182 (0.764)	55.00 (87.38)
[235/294]	0.346 (0.762)	90.00 (87.39)
[236/294]	0.120 (0.760)	100.00 (87.45)
[237/294]	0.063 (0.757)	100.00 (87.50)
[238/294]	0.092 (0.754)	100.00 (87.55)
[239/294]	0.133 (0.751)	100.00 (87.60)
[240/294]	0.111 (0.749)	100.00 (87.66)
[241/294]	0.449 (0.747)	75.00 (87.60)
[242/294]	0.259 (0.745)	85.00 (87.59)
[243/294]	0.112 (0.743)	95.00 (87.62)
[244/294]	0.137 (0.740)	95.00 (87.65)
[245/294]	0.141 (0.738)	95.00 (87.68)
[246/294]	0.319 (0.736)	90.00 (87.69)
[247/294]	0.179 (0.734)	100.00 (87.74)
[248/294]	0.088 (0.731)	100.00 (87.79)
[249/294]	0.088 (0.729)	100.00 (87.84)
[250/294]	0.132 (0.726)	100.00 (87.89)
[251/294]	0.374 (0.725)	90.00 (87.90)
[252/294]	0.059 (0.722)	100.00 (87.94)
[253/294]	0.069 (0.720)	100.00 (87.99)
[254/294]	0.061 (0.717)	100.00 (88.04)
[255/294]	0.060 (0.715)	100.00 (88.09)
[256/294]	0.165 (0.713)	90.00 (88.09)
[257/294]	0.088 (0.710)	100.00 (88.14)
[258/294]	0.071 (0.708)	100.00 (88.19)
[259/294]	0.148 (0.706)	95.00 (88.21)
[260/294]	0.061 (0.703)	100.00 (88.26)
[261/294]	0.058 (0.701)	100.00 (88.30)
[262/294]	0.073 (0.698)	100.00 (88.35)
[263/294]	0.076 (0.696)	100.00 (88.39)
[264/294]	0.062 (0.693)	100.00 (88.43)
[265/294]	0.191 (0.692)	95.00 (88.46)
[266/294]	0.064 (0.689)	100.00 (88.50)
[267/294]	0.091 (0.687)	100.00 (88.54)
[268/294]	0.081 (0.685)	100.00 (88.59)
[269/294]	0.060 (0.682)	100.00 (88.63)
[270/294]	0.115 (0.680)	95.00 (88.65)
[271/294]	0.097 (0.678)	100.00 (88.69)
[272/294]	0.312 (0.677)	85.00 (88.68)
[273/294]	0.055 (0.675)	100.00 (88.72)
[274/294]	0.059 (0.672)	100.00 (88.76)
[275/294]	0.057 (0.670)	100.00 (88.80)
[276/294]	0.071 (0.668)	100.00 (88.84)
[277/294]	0.084 (0.666)	100.00 (88.88)
[278/294]	0.057 (0.664)	100.00 (88.92)
[279/294]	0.062 (0.661)	100.00 (88.96)
[280/294]	0.111 (0.660)	100.00 (89.00)
[281/294]	0.178 (0.658)	95.00 (89.02)
[282/294]	0.229 (0.656)	90.00 (89.03)
[283/294]	0.058 (0.654)	100.00 (89.07)
[284/294]	0.052 (0.652)	100.00 (89.11)
[285/294]	0.058 (0.650)	100.00 (89.14)
[286/294]	0.100 (0.648)	100.00 (89.18)
[287/294]	0.075 (0.646)	100.00 (89.22)
[288/294]	0.052 (0.644)	100.00 (89.26)
[289/294]	0.338 (0.643)	90.00 (89.26)
[290/294]	0.355 (0.642)	95.00 (89.28)
[291/294]	0.457 (0.641)	90.00 (89.28)
[292/294]	0.145 (0.640)	95.00 (89.30)
[293/294]	0.072 (0.638)	100.00 (89.34)
 * Train Acc: 89.337
 * Avg. Data time: 0.021, Avg. Batch time: 0.060, Avg. Forward time: 0.004, Avg. Backward time: 0.026
Computing MAS
 * Val Acc: 33.229, Time: 4.94
 * Test Acc: 33.106, Time: 14.34
=============Training Task 4=============
Active output nodes for this task: 
[0, 1, 2, 3, 4, 5, 6, 7, 8, 9]
=============Training Epoch 0=============
#reg terms:  1
Batch	 Loss		 Acc
[0/294]	15.281 (15.281)	0.00 (0.00)
[1/294]	16.962 (16.122)	0.00 (0.00)
[2/294]	13.881 (15.375)	0.00 (0.00)
[3/294]	5.736 (12.965)	0.00 (0.00)
[4/294]	5.935 (11.559)	0.00 (0.00)
[5/294]	5.215 (10.502)	0.00 (0.00)
[6/294]	4.739 (9.678)	0.00 (0.00)
[7/294]	4.819 (9.071)	0.00 (0.00)
[8/294]	4.555 (8.569)	0.00 (0.00)
[9/294]	4.418 (8.154)	0.00 (0.00)
[10/294]	4.352 (7.808)	0.00 (0.00)
[11/294]	4.330 (7.519)	0.00 (0.00)
[12/294]	4.316 (7.272)	0.00 (0.00)
[13/294]	4.340 (7.063)	0.00 (0.00)
[14/294]	4.275 (6.877)	0.00 (0.00)
[15/294]	4.263 (6.714)	0.00 (0.00)
[16/294]	4.266 (6.570)	5.00 (0.29)
[17/294]	4.220 (6.439)	30.00 (1.94)
[18/294]	3.994 (6.310)	40.00 (3.95)
[19/294]	3.909 (6.190)	45.00 (6.00)
[20/294]	3.827 (6.078)	45.00 (7.86)
[21/294]	3.575 (5.964)	40.00 (9.32)
[22/294]	3.456 (5.855)	50.00 (11.09)
[23/294]	3.311 (5.749)	45.00 (12.50)
[24/294]	3.144 (5.645)	50.00 (14.00)
[25/294]	2.980 (5.542)	50.00 (15.38)
[26/294]	2.728 (5.438)	60.00 (17.04)
[27/294]	2.631 (5.338)	65.00 (18.75)
[28/294]	2.423 (5.237)	50.00 (19.83)
[29/294]	2.240 (5.137)	50.00 (20.83)
[30/294]	2.106 (5.040)	55.00 (21.94)
[31/294]	2.115 (4.948)	75.00 (23.59)
[32/294]	2.076 (4.861)	65.00 (24.85)
[33/294]	1.992 (4.777)	35.00 (25.15)
[34/294]	1.994 (4.697)	55.00 (26.00)
[35/294]	1.643 (4.612)	65.00 (27.08)
[36/294]	1.578 (4.530)	95.00 (28.92)
[37/294]	1.495 (4.451)	100.00 (30.79)
[38/294]	1.460 (4.374)	95.00 (32.44)
[39/294]	1.619 (4.305)	60.00 (33.12)
[40/294]	1.685 (4.241)	65.00 (33.90)
[41/294]	1.408 (4.174)	80.00 (35.00)
[42/294]	1.438 (4.110)	80.00 (36.05)
[43/294]	1.288 (4.046)	95.00 (37.39)
[44/294]	1.234 (3.983)	80.00 (38.33)
[45/294]	0.920 (3.917)	100.00 (39.67)
[46/294]	1.140 (3.858)	100.00 (40.96)
[47/294]	1.219 (3.803)	80.00 (41.77)
[48/294]	1.086 (3.747)	85.00 (42.65)
[49/294]	1.223 (3.697)	70.00 (43.20)
[50/294]	1.420 (3.652)	55.00 (43.43)
[51/294]	1.497 (3.611)	55.00 (43.65)
[52/294]	0.828 (3.558)	85.00 (44.43)
[53/294]	1.247 (3.515)	65.00 (44.81)
[54/294]	1.073 (3.471)	70.00 (45.27)
[55/294]	0.764 (3.423)	95.00 (46.16)
[56/294]	0.640 (3.374)	100.00 (47.11)
[57/294]	0.558 (3.325)	100.00 (48.02)
[58/294]	0.597 (3.279)	90.00 (48.73)
[59/294]	0.595 (3.234)	95.00 (49.50)
[60/294]	1.793 (3.211)	55.00 (49.59)
[61/294]	1.105 (3.177)	70.00 (49.92)
[62/294]	0.502 (3.134)	95.00 (50.63)
[63/294]	0.694 (3.096)	90.00 (51.25)
[64/294]	0.508 (3.056)	100.00 (52.00)
[65/294]	0.523 (3.018)	95.00 (52.65)
[66/294]	1.138 (2.990)	55.00 (52.69)
[67/294]	0.492 (2.953)	90.00 (53.24)
[68/294]	0.417 (2.916)	100.00 (53.91)
[69/294]	0.385 (2.880)	100.00 (54.57)
[70/294]	0.608 (2.848)	90.00 (55.07)
[71/294]	0.714 (2.819)	75.00 (55.35)
[72/294]	0.461 (2.786)	95.00 (55.89)
[73/294]	0.362 (2.754)	100.00 (56.49)
[74/294]	0.490 (2.723)	90.00 (56.93)
[75/294]	0.393 (2.693)	95.00 (57.43)
[76/294]	0.244 (2.661)	100.00 (57.99)
[77/294]	0.566 (2.634)	85.00 (58.33)
[78/294]	0.357 (2.605)	100.00 (58.86)
[79/294]	0.285 (2.576)	100.00 (59.38)
[80/294]	0.237 (2.547)	100.00 (59.88)
[81/294]	0.238 (2.519)	100.00 (60.37)
[82/294]	0.290 (2.492)	100.00 (60.84)
[83/294]	0.382 (2.467)	100.00 (61.31)
[84/294]	1.349 (2.454)	55.00 (61.24)
[85/294]	0.686 (2.433)	85.00 (61.51)
[86/294]	0.215 (2.408)	100.00 (61.95)
[87/294]	0.252 (2.383)	100.00 (62.39)
[88/294]	0.535 (2.363)	80.00 (62.58)
[89/294]	0.592 (2.343)	80.00 (62.78)
[90/294]	0.672 (2.325)	75.00 (62.91)
[91/294]	0.226 (2.302)	100.00 (63.32)
[92/294]	0.256 (2.280)	95.00 (63.66)
[93/294]	0.301 (2.259)	95.00 (63.99)
[94/294]	0.429 (2.240)	95.00 (64.32)
[95/294]	0.293 (2.219)	95.00 (64.64)
[96/294]	0.232 (2.199)	100.00 (65.00)
[97/294]	0.170 (2.178)	100.00 (65.36)
[98/294]	0.745 (2.164)	70.00 (65.40)
[99/294]	0.290 (2.145)	90.00 (65.65)
[100/294]	0.259 (2.126)	95.00 (65.94)
[101/294]	0.163 (2.107)	100.00 (66.27)
[102/294]	0.162 (2.088)	100.00 (66.60)
[103/294]	1.102 (2.079)	75.00 (66.68)
[104/294]	2.812 (2.086)	40.00 (66.43)
[105/294]	0.173 (2.068)	100.00 (66.75)
[106/294]	0.183 (2.050)	100.00 (67.06)
[107/294]	0.216 (2.033)	100.00 (67.36)
[108/294]	0.196 (2.016)	100.00 (67.66)
[109/294]	0.248 (2.000)	100.00 (67.95)
[110/294]	0.347 (1.985)	90.00 (68.15)
[111/294]	0.349 (1.971)	95.00 (68.39)
[112/294]	0.748 (1.960)	70.00 (68.41)
[113/294]	0.369 (1.946)	95.00 (68.64)
[114/294]	0.227 (1.931)	100.00 (68.91)
[115/294]	0.395 (1.918)	90.00 (69.09)
[116/294]	0.404 (1.905)	90.00 (69.27)
[117/294]	0.554 (1.893)	90.00 (69.45)
[118/294]	0.227 (1.879)	100.00 (69.71)
[119/294]	0.198 (1.865)	100.00 (69.96)
[120/294]	0.284 (1.852)	95.00 (70.17)
[121/294]	0.357 (1.840)	95.00 (70.37)
[122/294]	0.266 (1.827)	95.00 (70.57)
[123/294]	0.568 (1.817)	80.00 (70.65)
[124/294]	0.263 (1.804)	95.00 (70.84)
[125/294]	0.152 (1.791)	100.00 (71.07)
[126/294]	0.577 (1.782)	70.00 (71.06)
[127/294]	0.189 (1.769)	100.00 (71.29)
[128/294]	0.226 (1.757)	100.00 (71.51)
[129/294]	0.151 (1.745)	100.00 (71.73)
[130/294]	0.162 (1.733)	100.00 (71.95)
[131/294]	0.190 (1.721)	100.00 (72.16)
[132/294]	0.313 (1.711)	100.00 (72.37)
[133/294]	0.188 (1.699)	100.00 (72.57)
[134/294]	0.182 (1.688)	100.00 (72.78)
[135/294]	0.154 (1.677)	100.00 (72.98)
[136/294]	0.157 (1.666)	100.00 (73.18)
[137/294]	0.191 (1.655)	100.00 (73.37)
[138/294]	0.144 (1.644)	100.00 (73.56)
[139/294]	0.131 (1.633)	100.00 (73.75)
[140/294]	0.326 (1.624)	95.00 (73.90)
[141/294]	0.409 (1.615)	95.00 (74.05)
[142/294]	0.198 (1.606)	95.00 (74.20)
[143/294]	0.134 (1.595)	100.00 (74.38)
[144/294]	0.564 (1.588)	75.00 (74.38)
[145/294]	0.351 (1.580)	95.00 (74.52)
[146/294]	0.118 (1.570)	100.00 (74.69)
[147/294]	0.115 (1.560)	100.00 (74.86)
[148/294]	0.190 (1.551)	95.00 (75.00)
[149/294]	0.296 (1.542)	85.00 (75.07)
[150/294]	0.143 (1.533)	100.00 (75.23)
[151/294]	0.133 (1.524)	100.00 (75.39)
[152/294]	0.198 (1.515)	95.00 (75.52)
[153/294]	0.108 (1.506)	100.00 (75.68)
[154/294]	0.115 (1.497)	100.00 (75.84)
[155/294]	0.278 (1.489)	95.00 (75.96)
[156/294]	0.244 (1.481)	95.00 (76.08)
[157/294]	0.120 (1.473)	100.00 (76.23)
[158/294]	0.130 (1.464)	100.00 (76.38)
[159/294]	0.105 (1.456)	100.00 (76.53)
[160/294]	0.136 (1.448)	100.00 (76.68)
[161/294]	0.141 (1.440)	100.00 (76.82)
[162/294]	0.149 (1.432)	100.00 (76.96)
[163/294]	0.218 (1.424)	95.00 (77.07)
[164/294]	0.118 (1.416)	100.00 (77.21)
[165/294]	0.131 (1.409)	100.00 (77.35)
[166/294]	0.106 (1.401)	100.00 (77.49)
[167/294]	0.111 (1.393)	100.00 (77.62)
[168/294]	0.089 (1.385)	100.00 (77.75)
[169/294]	0.218 (1.379)	90.00 (77.82)
[170/294]	0.113 (1.371)	100.00 (77.95)
[171/294]	0.082 (1.364)	100.00 (78.08)
[172/294]	0.124 (1.356)	100.00 (78.21)
[173/294]	0.121 (1.349)	100.00 (78.33)
[174/294]	0.089 (1.342)	100.00 (78.46)
[175/294]	0.080 (1.335)	100.00 (78.58)
[176/294]	0.078 (1.328)	100.00 (78.70)
[177/294]	0.097 (1.321)	100.00 (78.82)
[178/294]	0.417 (1.316)	85.00 (78.85)
[179/294]	0.082 (1.309)	100.00 (78.97)
[180/294]	0.087 (1.302)	100.00 (79.09)
[181/294]	0.078 (1.296)	100.00 (79.20)
[182/294]	0.496 (1.291)	90.00 (79.26)
[183/294]	0.238 (1.286)	95.00 (79.35)
[184/294]	0.094 (1.279)	100.00 (79.46)
[185/294]	0.278 (1.274)	90.00 (79.52)
[186/294]	0.106 (1.267)	100.00 (79.63)
[187/294]	0.150 (1.261)	95.00 (79.71)
[188/294]	0.068 (1.255)	100.00 (79.81)
[189/294]	0.071 (1.249)	100.00 (79.92)
[190/294]	0.142 (1.243)	100.00 (80.03)
[191/294]	0.400 (1.239)	90.00 (80.08)
[192/294]	0.126 (1.233)	100.00 (80.18)
[193/294]	0.093 (1.227)	100.00 (80.28)
[194/294]	0.195 (1.222)	90.00 (80.33)
[195/294]	0.070 (1.216)	100.00 (80.43)
[196/294]	0.064 (1.210)	100.00 (80.53)
[197/294]	0.068 (1.204)	100.00 (80.63)
[198/294]	0.079 (1.199)	100.00 (80.73)
[199/294]	0.168 (1.194)	100.00 (80.83)
[200/294]	0.137 (1.188)	100.00 (80.92)
[201/294]	0.071 (1.183)	100.00 (81.01)
[202/294]	0.275 (1.178)	80.00 (81.01)
[203/294]	0.321 (1.174)	90.00 (81.05)
[204/294]	0.178 (1.169)	95.00 (81.12)
[205/294]	0.098 (1.164)	100.00 (81.21)
[206/294]	0.121 (1.159)	100.00 (81.30)
[207/294]	0.093 (1.154)	100.00 (81.39)
[208/294]	0.072 (1.149)	100.00 (81.48)
[209/294]	0.071 (1.144)	100.00 (81.57)
[210/294]	0.089 (1.139)	100.00 (81.66)
[211/294]	0.071 (1.134)	100.00 (81.75)
[212/294]	0.075 (1.129)	100.00 (81.83)
[213/294]	0.070 (1.124)	100.00 (81.92)
[214/294]	0.391 (1.120)	85.00 (81.93)
[215/294]	0.156 (1.116)	95.00 (81.99)
[216/294]	0.069 (1.111)	100.00 (82.07)
[217/294]	0.342 (1.107)	90.00 (82.11)
[218/294]	0.182 (1.103)	100.00 (82.19)
[219/294]	0.144 (1.099)	95.00 (82.25)
[220/294]	0.070 (1.094)	100.00 (82.33)
[221/294]	0.189 (1.090)	90.00 (82.36)
[222/294]	0.083 (1.086)	100.00 (82.44)
[223/294]	0.083 (1.081)	100.00 (82.52)
[224/294]	0.809 (1.080)	85.00 (82.53)
[225/294]	0.111 (1.076)	100.00 (82.61)
[226/294]	0.273 (1.072)	95.00 (82.67)
[227/294]	0.420 (1.069)	85.00 (82.68)
[228/294]	0.237 (1.066)	90.00 (82.71)
[229/294]	0.153 (1.062)	95.00 (82.76)
[230/294]	0.070 (1.057)	100.00 (82.84)
[231/294]	0.086 (1.053)	100.00 (82.91)
[232/294]	0.069 (1.049)	100.00 (82.98)
[233/294]	0.098 (1.045)	100.00 (83.06)
[234/294]	0.451 (1.042)	80.00 (83.04)
[235/294]	0.097 (1.038)	100.00 (83.11)
[236/294]	0.082 (1.034)	100.00 (83.19)
[237/294]	0.070 (1.030)	100.00 (83.26)
[238/294]	0.493 (1.028)	85.00 (83.26)
[239/294]	0.223 (1.025)	95.00 (83.31)
[240/294]	0.074 (1.021)	100.00 (83.38)
[241/294]	0.072 (1.017)	100.00 (83.45)
[242/294]	0.086 (1.013)	100.00 (83.52)
[243/294]	0.068 (1.009)	100.00 (83.59)
[244/294]	0.067 (1.005)	100.00 (83.65)
[245/294]	0.070 (1.001)	100.00 (83.72)
[246/294]	0.064 (0.998)	100.00 (83.79)
[247/294]	0.064 (0.994)	100.00 (83.85)
[248/294]	0.125 (0.990)	100.00 (83.92)
[249/294]	0.214 (0.987)	95.00 (83.96)
[250/294]	0.151 (0.984)	95.00 (84.00)
[251/294]	0.078 (0.980)	100.00 (84.07)
[252/294]	0.080 (0.977)	100.00 (84.13)
[253/294]	0.125 (0.973)	100.00 (84.19)
[254/294]	0.096 (0.970)	100.00 (84.25)
[255/294]	0.097 (0.967)	100.00 (84.32)
[256/294]	0.066 (0.963)	100.00 (84.38)
[257/294]	0.066 (0.960)	100.00 (84.44)
[258/294]	0.077 (0.956)	100.00 (84.50)
[259/294]	0.095 (0.953)	100.00 (84.56)
[260/294]	0.180 (0.950)	90.00 (84.58)
[261/294]	0.278 (0.947)	95.00 (84.62)
[262/294]	0.132 (0.944)	100.00 (84.68)
[263/294]	0.188 (0.941)	90.00 (84.70)
[264/294]	0.157 (0.938)	95.00 (84.74)
[265/294]	0.079 (0.935)	100.00 (84.79)
[266/294]	0.051 (0.932)	100.00 (84.85)
[267/294]	0.225 (0.929)	95.00 (84.89)
[268/294]	0.165 (0.926)	90.00 (84.91)
[269/294]	0.143 (0.923)	100.00 (84.96)
[270/294]	0.182 (0.921)	100.00 (85.02)
[271/294]	0.101 (0.918)	100.00 (85.07)
[272/294]	0.179 (0.915)	100.00 (85.13)
[273/294]	0.096 (0.912)	95.00 (85.16)
[274/294]	0.064 (0.909)	100.00 (85.22)
[275/294]	0.075 (0.906)	100.00 (85.27)
[276/294]	0.317 (0.904)	85.00 (85.27)
[277/294]	0.102 (0.901)	95.00 (85.31)
[278/294]	0.043 (0.898)	100.00 (85.36)
[279/294]	0.047 (0.895)	100.00 (85.41)
[280/294]	0.043 (0.892)	100.00 (85.46)
[281/294]	0.135 (0.889)	95.00 (85.50)
[282/294]	0.131 (0.886)	95.00 (85.53)
[283/294]	0.047 (0.883)	100.00 (85.58)
[284/294]	0.075 (0.881)	100.00 (85.63)
[285/294]	0.123 (0.878)	100.00 (85.68)
[286/294]	0.113 (0.875)	100.00 (85.73)
[287/294]	0.044 (0.872)	100.00 (85.78)
[288/294]	0.055 (0.870)	100.00 (85.83)
[289/294]	0.081 (0.867)	100.00 (85.88)
[290/294]	0.097 (0.864)	100.00 (85.93)
[291/294]	0.161 (0.862)	95.00 (85.96)
[292/294]	0.078 (0.859)	100.00 (86.01)
[293/294]	0.053 (0.856)	100.00 (86.05)
 * Train Acc: 86.054
 * Avg. Data time: 0.021, Avg. Batch time: 0.059, Avg. Forward time: 0.004, Avg. Backward time: 0.025
Computing MAS
 * Val Acc: 29.160, Time: 8.23
 * Test Acc: 28.851, Time: 16.32
=============Training Task 5=============
Active output nodes for this task: 
[0, 1, 2, 3, 4, 5, 6, 7, 8, 9, 10, 11]
=============Training Epoch 0=============
#reg terms:  1
Batch	 Loss		 Acc
