=============Stream Learning Run 0=============
Changing output layer to contain 12 classes
============BEGINNING STREAM LEARNING============
=============Training Task 0=============
Active output nodes for this task: 
[0, 1]
=============Training Epoch 0=============
#reg terms:  0
Batch	 Loss		 Acc
[0/294]	1.883 (1.883)	45.00 (45.00)
[1/294]	0.848 (1.365)	50.00 (47.50)
[2/294]	0.742 (1.158)	55.00 (50.00)
[3/294]	0.545 (1.004)	85.00 (58.75)
[4/294]	0.592 (0.922)	80.00 (63.00)
[5/294]	0.672 (0.880)	60.00 (62.50)
[6/294]	0.826 (0.873)	50.00 (60.71)
[7/294]	0.518 (0.828)	75.00 (62.50)
[8/294]	0.551 (0.798)	85.00 (65.00)
[9/294]	0.649 (0.783)	75.00 (66.00)
[10/294]	0.575 (0.764)	90.00 (68.18)
[11/294]	0.666 (0.756)	60.00 (67.50)
[12/294]	0.597 (0.743)	75.00 (68.08)
[13/294]	0.560 (0.730)	80.00 (68.93)
[14/294]	0.066 (0.686)	100.00 (71.00)
[15/294]	0.207 (0.656)	100.00 (72.81)
[16/294]	0.301 (0.635)	95.00 (74.12)
[17/294]	0.285 (0.616)	100.00 (75.56)
[18/294]	0.041 (0.585)	100.00 (76.84)
[19/294]	0.261 (0.569)	85.00 (77.25)
[20/294]	0.796 (0.580)	60.00 (76.43)
[21/294]	0.157 (0.561)	100.00 (77.50)
[22/294]	0.245 (0.547)	90.00 (78.04)
[23/294]	0.254 (0.535)	85.00 (78.33)
[24/294]	0.415 (0.530)	70.00 (78.00)
[25/294]	0.449 (0.527)	65.00 (77.50)
[26/294]	0.880 (0.540)	60.00 (76.85)
[27/294]	0.333 (0.533)	70.00 (76.61)
[28/294]	0.002 (0.514)	100.00 (77.41)
[29/294]	0.142 (0.502)	100.00 (78.17)
[30/294]	0.419 (0.499)	70.00 (77.90)
[31/294]	0.540 (0.501)	60.00 (77.34)
[32/294]	0.222 (0.492)	95.00 (77.88)
[33/294]	0.225 (0.484)	95.00 (78.38)
[34/294]	0.493 (0.484)	70.00 (78.14)
[35/294]	0.133 (0.475)	100.00 (78.75)
[36/294]	0.128 (0.465)	100.00 (79.32)
[37/294]	0.115 (0.456)	100.00 (79.87)
[38/294]	0.427 (0.455)	80.00 (79.87)
[39/294]	0.197 (0.449)	95.00 (80.25)
[40/294]	0.031 (0.439)	100.00 (80.73)
[41/294]	0.138 (0.432)	95.00 (81.07)
[42/294]	0.561 (0.435)	85.00 (81.16)
[43/294]	1.145 (0.451)	70.00 (80.91)
[44/294]	0.346 (0.448)	90.00 (81.11)
[45/294]	0.537 (0.450)	75.00 (80.98)
[46/294]	0.818 (0.458)	35.00 (80.00)
[47/294]	0.817 (0.466)	65.00 (79.69)
[48/294]	0.228 (0.461)	100.00 (80.10)
[49/294]	0.461 (0.461)	90.00 (80.30)
[50/294]	0.386 (0.459)	95.00 (80.59)
[51/294]	0.457 (0.459)	80.00 (80.58)
[52/294]	0.673 (0.463)	70.00 (80.38)
[53/294]	0.568 (0.465)	60.00 (80.00)
[54/294]	0.688 (0.469)	55.00 (79.55)
[55/294]	0.634 (0.472)	60.00 (79.20)
[56/294]	0.407 (0.471)	90.00 (79.39)
[57/294]	0.398 (0.470)	95.00 (79.66)
[58/294]	0.429 (0.469)	85.00 (79.75)
[59/294]	0.472 (0.469)	65.00 (79.50)
[60/294]	0.388 (0.468)	90.00 (79.67)
[61/294]	0.265 (0.465)	90.00 (79.84)
[62/294]	0.062 (0.458)	100.00 (80.16)
[63/294]	0.264 (0.455)	95.00 (80.39)
[64/294]	0.140 (0.450)	100.00 (80.69)
[65/294]	0.193 (0.446)	100.00 (80.98)
[66/294]	0.483 (0.447)	65.00 (80.75)
[67/294]	0.806 (0.452)	60.00 (80.44)
[68/294]	0.954 (0.460)	70.00 (80.29)
[69/294]	0.795 (0.464)	75.00 (80.21)
[70/294]	0.451 (0.464)	75.00 (80.14)
[71/294]	0.314 (0.462)	95.00 (80.35)
[72/294]	0.363 (0.461)	80.00 (80.34)
[73/294]	0.153 (0.457)	100.00 (80.61)
[74/294]	0.055 (0.451)	100.00 (80.87)
[75/294]	0.240 (0.448)	90.00 (80.99)
[76/294]	0.425 (0.448)	70.00 (80.84)
[77/294]	0.153 (0.444)	90.00 (80.96)
[78/294]	0.152 (0.441)	95.00 (81.14)
[79/294]	0.175 (0.437)	100.00 (81.38)
[80/294]	0.494 (0.438)	80.00 (81.36)
[81/294]	0.448 (0.438)	80.00 (81.34)
[82/294]	0.458 (0.438)	90.00 (81.45)
[83/294]	0.357 (0.437)	80.00 (81.43)
[84/294]	0.744 (0.441)	65.00 (81.24)
[85/294]	0.403 (0.441)	80.00 (81.22)
[86/294]	0.244 (0.438)	90.00 (81.32)
[87/294]	0.246 (0.436)	90.00 (81.42)
[88/294]	0.187 (0.433)	100.00 (81.63)
[89/294]	0.557 (0.435)	90.00 (81.72)
[90/294]	0.170 (0.432)	95.00 (81.87)
[91/294]	0.496 (0.432)	75.00 (81.79)
[92/294]	0.153 (0.429)	90.00 (81.88)
[93/294]	0.270 (0.428)	95.00 (82.02)
[94/294]	0.062 (0.424)	100.00 (82.21)
[95/294]	0.082 (0.420)	100.00 (82.40)
[96/294]	0.112 (0.417)	100.00 (82.58)
[97/294]	0.133 (0.414)	95.00 (82.70)
[98/294]	0.165 (0.412)	95.00 (82.83)
[99/294]	0.468 (0.412)	90.00 (82.90)
[100/294]	0.201 (0.410)	95.00 (83.02)
[101/294]	0.040 (0.407)	100.00 (83.19)
[102/294]	0.049 (0.403)	100.00 (83.35)
[103/294]	0.305 (0.402)	90.00 (83.41)
[104/294]	0.718 (0.405)	80.00 (83.38)
[105/294]	0.001 (0.401)	100.00 (83.54)
[106/294]	0.051 (0.398)	95.00 (83.64)
[107/294]	0.033 (0.395)	100.00 (83.80)
[108/294]	0.279 (0.394)	90.00 (83.85)
[109/294]	0.052 (0.391)	100.00 (84.00)
[110/294]	0.194 (0.389)	100.00 (84.14)
[111/294]	0.318 (0.388)	80.00 (84.11)
[112/294]	0.085 (0.385)	95.00 (84.20)
[113/294]	0.255 (0.384)	90.00 (84.25)
[114/294]	0.270 (0.383)	90.00 (84.30)
[115/294]	0.052 (0.380)	100.00 (84.44)
[116/294]	0.134 (0.378)	90.00 (84.49)
[117/294]	0.090 (0.376)	95.00 (84.58)
[118/294]	0.240 (0.375)	90.00 (84.62)
[119/294]	0.050 (0.372)	100.00 (84.75)
[120/294]	0.020 (0.369)	100.00 (84.88)
[121/294]	1.337 (0.377)	80.00 (84.84)
[122/294]	0.268 (0.376)	90.00 (84.88)
[123/294]	0.089 (0.374)	100.00 (85.00)
[124/294]	2.305 (0.389)	65.00 (84.84)
[125/294]	1.928 (0.402)	60.00 (84.64)
[126/294]	0.361 (0.401)	80.00 (84.61)
[127/294]	0.307 (0.400)	80.00 (84.57)
[128/294]	0.413 (0.401)	65.00 (84.42)
[129/294]	0.458 (0.401)	60.00 (84.23)
[130/294]	0.613 (0.403)	70.00 (84.12)
[131/294]	0.697 (0.405)	70.00 (84.02)
[132/294]	0.614 (0.406)	70.00 (83.91)
[133/294]	0.370 (0.406)	90.00 (83.96)
[134/294]	0.488 (0.407)	85.00 (83.96)
[135/294]	0.601 (0.408)	65.00 (83.82)
[136/294]	0.541 (0.409)	75.00 (83.76)
[137/294]	0.465 (0.410)	90.00 (83.80)
[138/294]	0.418 (0.410)	90.00 (83.85)
[139/294]	0.263 (0.409)	95.00 (83.93)
[140/294]	0.301 (0.408)	90.00 (83.97)
[141/294]	0.440 (0.408)	70.00 (83.87)
[142/294]	0.374 (0.408)	75.00 (83.81)
[143/294]	0.156 (0.406)	100.00 (83.92)
[144/294]	0.393 (0.406)	95.00 (84.00)
[145/294]	0.755 (0.408)	80.00 (83.97)
[146/294]	0.255 (0.407)	90.00 (84.01)
[147/294]	0.455 (0.408)	75.00 (83.95)
[148/294]	0.497 (0.408)	85.00 (83.96)
[149/294]	0.016 (0.406)	100.00 (84.07)
[150/294]	0.264 (0.405)	95.00 (84.14)
[151/294]	0.139 (0.403)	95.00 (84.21)
[152/294]	0.125 (0.401)	100.00 (84.31)
[153/294]	0.420 (0.401)	80.00 (84.29)
[154/294]	0.143 (0.400)	95.00 (84.35)
[155/294]	0.178 (0.398)	100.00 (84.46)
[156/294]	0.158 (0.397)	100.00 (84.55)
[157/294]	0.305 (0.396)	85.00 (84.56)
[158/294]	0.456 (0.396)	70.00 (84.47)
[159/294]	0.420 (0.397)	70.00 (84.38)
[160/294]	0.265 (0.396)	90.00 (84.41)
[161/294]	0.435 (0.396)	80.00 (84.38)
[162/294]	0.399 (0.396)	75.00 (84.33)
[163/294]	0.167 (0.395)	100.00 (84.42)
[164/294]	0.355 (0.394)	75.00 (84.36)
[165/294]	1.066 (0.398)	60.00 (84.22)
[166/294]	0.214 (0.397)	90.00 (84.25)
[167/294]	0.225 (0.396)	90.00 (84.29)
[168/294]	0.564 (0.397)	65.00 (84.17)
[169/294]	0.277 (0.397)	85.00 (84.18)
[170/294]	0.277 (0.396)	100.00 (84.27)
[171/294]	0.260 (0.395)	95.00 (84.33)
[172/294]	0.192 (0.394)	100.00 (84.42)
[173/294]	0.173 (0.393)	100.00 (84.51)
[174/294]	0.378 (0.393)	85.00 (84.51)
[175/294]	0.385 (0.393)	85.00 (84.52)
[176/294]	0.287 (0.392)	85.00 (84.52)
[177/294]	0.256 (0.391)	95.00 (84.58)
[178/294]	0.879 (0.394)	60.00 (84.44)
[179/294]	0.515 (0.395)	75.00 (84.39)
[180/294]	0.461 (0.395)	75.00 (84.34)
[181/294]	0.054 (0.393)	100.00 (84.42)
[182/294]	0.134 (0.392)	100.00 (84.51)
[183/294]	0.105 (0.390)	100.00 (84.59)
[184/294]	0.107 (0.389)	100.00 (84.68)
[185/294]	0.259 (0.388)	90.00 (84.70)
[186/294]	0.207 (0.387)	90.00 (84.73)
[187/294]	0.132 (0.386)	100.00 (84.81)
[188/294]	0.265 (0.385)	85.00 (84.81)
[189/294]	0.098 (0.383)	95.00 (84.87)
[190/294]	0.185 (0.382)	95.00 (84.92)
[191/294]	0.160 (0.381)	90.00 (84.95)
[192/294]	0.044 (0.379)	100.00 (85.03)
[193/294]	0.024 (0.378)	100.00 (85.10)
[194/294]	0.028 (0.376)	100.00 (85.18)
[195/294]	0.003 (0.374)	100.00 (85.26)
[196/294]	0.005 (0.372)	100.00 (85.33)
[197/294]	0.522 (0.373)	75.00 (85.28)
[198/294]	0.651 (0.374)	65.00 (85.18)
[199/294]	0.028 (0.372)	100.00 (85.25)
[200/294]	0.442 (0.373)	80.00 (85.22)
[201/294]	0.103 (0.371)	100.00 (85.30)
[202/294]	0.286 (0.371)	80.00 (85.27)
[203/294]	0.051 (0.369)	100.00 (85.34)
[204/294]	0.456 (0.370)	85.00 (85.34)
[205/294]	0.196 (0.369)	90.00 (85.36)
[206/294]	0.002 (0.367)	100.00 (85.43)
[207/294]	0.896 (0.370)	60.00 (85.31)
[208/294]	0.464 (0.370)	75.00 (85.26)
[209/294]	0.296 (0.370)	85.00 (85.26)
[210/294]	0.427 (0.370)	80.00 (85.24)
[211/294]	0.190 (0.369)	100.00 (85.31)
[212/294]	0.223 (0.369)	95.00 (85.35)
[213/294]	0.060 (0.367)	100.00 (85.42)
[214/294]	0.217 (0.367)	95.00 (85.47)
[215/294]	0.180 (0.366)	100.00 (85.53)
[216/294]	0.033 (0.364)	100.00 (85.60)
[217/294]	0.482 (0.365)	80.00 (85.57)
[218/294]	0.146 (0.364)	95.00 (85.62)
[219/294]	0.103 (0.362)	100.00 (85.68)
[220/294]	0.128 (0.361)	95.00 (85.72)
[221/294]	0.086 (0.360)	100.00 (85.79)
[222/294]	0.229 (0.360)	90.00 (85.81)
[223/294]	0.045 (0.358)	100.00 (85.87)
[224/294]	0.004 (0.357)	100.00 (85.93)
[225/294]	0.466 (0.357)	80.00 (85.91)
[226/294]	1.027 (0.360)	60.00 (85.79)
[227/294]	1.432 (0.365)	50.00 (85.64)
[228/294]	0.345 (0.365)	90.00 (85.66)
[229/294]	0.136 (0.364)	100.00 (85.72)
[230/294]	0.098 (0.363)	100.00 (85.78)
[231/294]	0.340 (0.362)	90.00 (85.80)
[232/294]	0.293 (0.362)	100.00 (85.86)
[233/294]	0.360 (0.362)	85.00 (85.85)
[234/294]	0.529 (0.363)	65.00 (85.77)
[235/294]	0.339 (0.363)	80.00 (85.74)
[236/294]	0.392 (0.363)	75.00 (85.70)
[237/294]	0.289 (0.363)	90.00 (85.71)
[238/294]	0.069 (0.361)	100.00 (85.77)
[239/294]	0.062 (0.360)	100.00 (85.83)
[240/294]	0.104 (0.359)	100.00 (85.89)
[241/294]	0.037 (0.358)	100.00 (85.95)
[242/294]	0.053 (0.356)	100.00 (86.01)
[243/294]	0.340 (0.356)	90.00 (86.02)
[244/294]	0.625 (0.357)	80.00 (86.00)
[245/294]	0.236 (0.357)	90.00 (86.02)
[246/294]	0.173 (0.356)	100.00 (86.07)
[247/294]	0.132 (0.355)	100.00 (86.13)
[248/294]	0.067 (0.354)	100.00 (86.18)
[249/294]	0.157 (0.353)	100.00 (86.24)
[250/294]	0.133 (0.352)	100.00 (86.29)
[251/294]	0.078 (0.351)	100.00 (86.35)
[252/294]	0.285 (0.351)	95.00 (86.38)
[253/294]	0.177 (0.350)	100.00 (86.44)
[254/294]	0.095 (0.349)	100.00 (86.49)
[255/294]	0.028 (0.348)	100.00 (86.54)
[256/294]	0.014 (0.347)	100.00 (86.60)
[257/294]	0.025 (0.346)	100.00 (86.65)
[258/294]	0.034 (0.344)	100.00 (86.70)
[259/294]	0.017 (0.343)	100.00 (86.75)
[260/294]	0.026 (0.342)	100.00 (86.80)
[261/294]	0.020 (0.341)	100.00 (86.85)
[262/294]	0.001 (0.339)	100.00 (86.90)
[263/294]	0.006 (0.338)	100.00 (86.95)
[264/294]	0.632 (0.339)	75.00 (86.91)
[265/294]	0.414 (0.340)	75.00 (86.86)
[266/294]	0.064 (0.339)	95.00 (86.89)
[267/294]	0.199 (0.338)	95.00 (86.92)
[268/294]	0.872 (0.340)	65.00 (86.84)
[269/294]	0.136 (0.339)	100.00 (86.89)
[270/294]	0.052 (0.338)	100.00 (86.94)
[271/294]	0.151 (0.338)	90.00 (86.95)
[272/294]	0.368 (0.338)	85.00 (86.94)
[273/294]	0.263 (0.337)	90.00 (86.95)
[274/294]	0.628 (0.338)	80.00 (86.93)
[275/294]	0.563 (0.339)	80.00 (86.90)
[276/294]	0.438 (0.340)	75.00 (86.86)
[277/294]	0.215 (0.339)	95.00 (86.89)
[278/294]	0.255 (0.339)	90.00 (86.90)
[279/294]	0.370 (0.339)	75.00 (86.86)
[280/294]	0.201 (0.338)	95.00 (86.89)
[281/294]	0.130 (0.338)	100.00 (86.93)
[282/294]	0.173 (0.337)	95.00 (86.96)
[283/294]	0.557 (0.338)	60.00 (86.87)
[284/294]	0.580 (0.339)	65.00 (86.79)
[285/294]	0.338 (0.339)	90.00 (86.80)
[286/294]	0.192 (0.338)	95.00 (86.83)
[287/294]	0.094 (0.337)	100.00 (86.88)
[288/294]	0.197 (0.337)	100.00 (86.92)
[289/294]	0.169 (0.336)	100.00 (86.97)
[290/294]	0.127 (0.336)	100.00 (87.01)
[291/294]	0.218 (0.335)	100.00 (87.05)
[292/294]	0.159 (0.335)	95.00 (87.08)
[293/294]	0.015 (0.334)	100.00 (87.13)
 * Train Acc: 87.126
 * Avg. Data time: 0.006, Avg. Batch time: 0.054, Avg. Forward time: 0.004, Avg. Backward time: 0.036
Computing SI
 * Val Acc: 96.568, Time: 1.65
 * Test Acc: 96.009, Time: 2.83
=============Training Task 1=============
Active output nodes for this task: 
[0, 1, 2, 3]
=============Training Epoch 0=============
#reg terms:  1
Batch	 Loss		 Acc
[0/294]	1.778 (1.778)	0.00 (0.00)
[1/294]	2.284 (2.031)	10.00 (5.00)
[2/294]	1.542 (1.868)	15.00 (8.33)
[3/294]	1.146 (1.687)	55.00 (20.00)
[4/294]	0.896 (1.529)	50.00 (26.00)
[5/294]	0.829 (1.412)	50.00 (30.00)
[6/294]	0.814 (1.327)	50.00 (32.86)
[7/294]	0.411 (1.212)	95.00 (40.62)
[8/294]	0.580 (1.142)	75.00 (44.44)
[9/294]	0.448 (1.073)	100.00 (50.00)
[10/294]	0.486 (1.019)	85.00 (53.18)
[11/294]	0.380 (0.966)	90.00 (56.25)
[12/294]	0.594 (0.937)	60.00 (56.54)
[13/294]	2.782 (1.069)	50.00 (56.07)
[14/294]	0.535 (1.034)	75.00 (57.33)
[15/294]	1.063 (1.036)	50.00 (56.88)
[16/294]	0.986 (1.033)	50.00 (56.47)
[17/294]	0.925 (1.027)	50.00 (56.11)
[18/294]	0.892 (1.020)	45.00 (55.53)
[19/294]	0.896 (1.013)	55.00 (55.50)
[20/294]	0.403 (0.984)	85.00 (56.90)
[21/294]	0.636 (0.968)	50.00 (56.59)
[22/294]	0.476 (0.947)	95.00 (58.26)
[23/294]	0.604 (0.933)	75.00 (58.96)
[24/294]	0.589 (0.919)	80.00 (59.80)
[25/294]	1.112 (0.926)	55.00 (59.62)
[26/294]	0.787 (0.921)	70.00 (60.00)
[27/294]	0.349 (0.901)	100.00 (61.43)
[28/294]	0.834 (0.899)	70.00 (61.72)
[29/294]	0.214 (0.876)	90.00 (62.67)
[30/294]	0.936 (0.878)	55.00 (62.42)
[31/294]	0.428 (0.864)	70.00 (62.66)
[32/294]	0.143 (0.842)	100.00 (63.79)
[33/294]	0.150 (0.821)	100.00 (64.85)
[34/294]	0.147 (0.802)	95.00 (65.71)
[35/294]	0.333 (0.789)	90.00 (66.39)
[36/294]	1.118 (0.798)	55.00 (66.08)
[37/294]	0.170 (0.781)	90.00 (66.71)
[38/294]	0.167 (0.766)	90.00 (67.31)
[39/294]	0.894 (0.769)	70.00 (67.38)
[40/294]	0.660 (0.766)	70.00 (67.44)
[41/294]	0.805 (0.767)	70.00 (67.50)
[42/294]	1.280 (0.779)	70.00 (67.56)
[43/294]	0.319 (0.769)	85.00 (67.95)
[44/294]	0.196 (0.756)	90.00 (68.44)
[45/294]	0.273 (0.745)	90.00 (68.91)
[46/294]	0.456 (0.739)	75.00 (69.04)
[47/294]	0.494 (0.734)	90.00 (69.48)
[48/294]	0.296 (0.725)	100.00 (70.10)
[49/294]	0.370 (0.718)	85.00 (70.40)
[50/294]	0.593 (0.716)	55.00 (70.10)
[51/294]	1.275 (0.726)	60.00 (69.90)
[52/294]	0.667 (0.725)	80.00 (70.09)
[53/294]	0.601 (0.723)	70.00 (70.09)
[54/294]	0.877 (0.726)	40.00 (69.55)
[55/294]	0.627 (0.724)	70.00 (69.55)
[56/294]	0.657 (0.723)	70.00 (69.56)
[57/294]	0.918 (0.726)	55.00 (69.31)
[58/294]	0.606 (0.724)	70.00 (69.32)
[59/294]	0.437 (0.719)	80.00 (69.50)
[60/294]	0.708 (0.719)	70.00 (69.51)
[61/294]	0.665 (0.718)	55.00 (69.27)
[62/294]	0.583 (0.716)	80.00 (69.44)
[63/294]	0.731 (0.716)	60.00 (69.30)
[64/294]	0.352 (0.711)	90.00 (69.62)
[65/294]	0.265 (0.704)	95.00 (70.00)
[66/294]	0.385 (0.699)	80.00 (70.15)
[67/294]	0.204 (0.692)	100.00 (70.59)
[68/294]	0.201 (0.685)	100.00 (71.01)
[69/294]	0.513 (0.682)	65.00 (70.93)
[70/294]	0.534 (0.680)	65.00 (70.85)
[71/294]	0.378 (0.676)	90.00 (71.11)
[72/294]	0.347 (0.672)	90.00 (71.37)
[73/294]	0.179 (0.665)	95.00 (71.69)
[74/294]	0.013 (0.656)	100.00 (72.07)
[75/294]	0.011 (0.648)	100.00 (72.43)
[76/294]	0.603 (0.647)	85.00 (72.60)
[77/294]	0.641 (0.647)	80.00 (72.69)
[78/294]	0.852 (0.650)	75.00 (72.72)
[79/294]	0.449 (0.647)	80.00 (72.81)
[80/294]	0.405 (0.644)	70.00 (72.78)
[81/294]	1.279 (0.652)	65.00 (72.68)
[82/294]	2.467 (0.674)	50.00 (72.41)
[83/294]	0.579 (0.673)	90.00 (72.62)
[84/294]	0.557 (0.671)	75.00 (72.65)
[85/294]	1.525 (0.681)	50.00 (72.38)
[86/294]	1.084 (0.686)	40.00 (72.01)
[87/294]	1.340 (0.693)	55.00 (71.82)
[88/294]	0.962 (0.696)	65.00 (71.74)
[89/294]	0.989 (0.700)	35.00 (71.33)
[90/294]	1.006 (0.703)	50.00 (71.10)
[91/294]	1.116 (0.707)	50.00 (70.87)
[92/294]	1.016 (0.711)	50.00 (70.65)
[93/294]	0.990 (0.714)	50.00 (70.43)
[94/294]	0.890 (0.716)	50.00 (70.21)
[95/294]	0.804 (0.717)	30.00 (69.79)
[96/294]	0.943 (0.719)	50.00 (69.59)
[97/294]	1.041 (0.722)	50.00 (69.39)
[98/294]	1.018 (0.725)	50.00 (69.19)
[99/294]	0.952 (0.727)	50.00 (69.00)
[100/294]	0.782 (0.728)	50.00 (68.81)
[101/294]	0.746 (0.728)	70.00 (68.82)
[102/294]	0.771 (0.729)	50.00 (68.64)
[103/294]	0.765 (0.729)	50.00 (68.46)
[104/294]	0.720 (0.729)	50.00 (68.29)
[105/294]	0.745 (0.729)	50.00 (68.11)
[106/294]	0.859 (0.730)	50.00 (67.94)
[107/294]	0.680 (0.730)	50.00 (67.78)
[108/294]	0.581 (0.728)	85.00 (67.94)
[109/294]	0.695 (0.728)	50.00 (67.77)
[110/294]	0.737 (0.728)	50.00 (67.61)
[111/294]	0.722 (0.728)	50.00 (67.46)
[112/294]	0.784 (0.729)	50.00 (67.30)
[113/294]	0.940 (0.730)	50.00 (67.15)
[114/294]	0.899 (0.732)	50.00 (67.00)
[115/294]	0.730 (0.732)	45.00 (66.81)
[116/294]	0.612 (0.731)	60.00 (66.75)
[117/294]	0.575 (0.730)	75.00 (66.82)
[118/294]	1.205 (0.734)	20.00 (66.43)
[119/294]	1.014 (0.736)	60.00 (66.38)
[120/294]	0.356 (0.733)	100.00 (66.65)
[121/294]	0.585 (0.732)	80.00 (66.76)
[122/294]	0.635 (0.731)	75.00 (66.83)
[123/294]	0.697 (0.730)	55.00 (66.73)
[124/294]	0.737 (0.731)	55.00 (66.64)
[125/294]	0.448 (0.728)	85.00 (66.79)
[126/294]	0.501 (0.726)	75.00 (66.85)
[127/294]	0.951 (0.728)	55.00 (66.76)
[128/294]	0.395 (0.726)	90.00 (66.94)
[129/294]	0.448 (0.724)	70.00 (66.96)
[130/294]	0.325 (0.720)	95.00 (67.18)
[131/294]	0.357 (0.718)	80.00 (67.27)
[132/294]	2.309 (0.730)	55.00 (67.18)
[133/294]	1.334 (0.734)	50.00 (67.05)
[134/294]	0.564 (0.733)	50.00 (66.93)
[135/294]	0.308 (0.730)	95.00 (67.13)
[136/294]	0.696 (0.730)	70.00 (67.15)
[137/294]	0.872 (0.731)	50.00 (67.03)
[138/294]	1.043 (0.733)	50.00 (66.91)
[139/294]	0.838 (0.734)	45.00 (66.75)
[140/294]	0.750 (0.734)	50.00 (66.63)
[141/294]	0.689 (0.733)	50.00 (66.51)
[142/294]	0.782 (0.734)	50.00 (66.40)
[143/294]	0.840 (0.734)	50.00 (66.28)
[144/294]	0.966 (0.736)	50.00 (66.17)
[145/294]	0.886 (0.737)	50.00 (66.06)
[146/294]	0.852 (0.738)	50.00 (65.95)
[147/294]	0.840 (0.739)	50.00 (65.84)
[148/294]	0.853 (0.739)	50.00 (65.74)
[149/294]	0.861 (0.740)	50.00 (65.63)
[150/294]	0.802 (0.741)	55.00 (65.56)
[151/294]	0.739 (0.741)	65.00 (65.56)
[152/294]	0.633 (0.740)	95.00 (65.75)
[153/294]	0.599 (0.739)	95.00 (65.94)
[154/294]	0.569 (0.738)	95.00 (66.13)
[155/294]	0.695 (0.738)	75.00 (66.19)
[156/294]	0.826 (0.738)	35.00 (65.99)
[157/294]	0.760 (0.738)	45.00 (65.85)
[158/294]	0.613 (0.737)	70.00 (65.88)
[159/294]	0.694 (0.737)	50.00 (65.78)
[160/294]	0.558 (0.736)	70.00 (65.81)
[161/294]	0.502 (0.735)	70.00 (65.83)
[162/294]	0.425 (0.733)	95.00 (66.01)
[163/294]	0.525 (0.731)	80.00 (66.10)
[164/294]	0.592 (0.731)	60.00 (66.06)
[165/294]	0.393 (0.729)	85.00 (66.17)
[166/294]	0.843 (0.729)	50.00 (66.08)
[167/294]	0.775 (0.730)	50.00 (65.98)
[168/294]	0.836 (0.730)	55.00 (65.92)
[169/294]	0.683 (0.730)	50.00 (65.82)
[170/294]	1.028 (0.732)	55.00 (65.76)
[171/294]	0.418 (0.730)	75.00 (65.81)
[172/294]	0.397 (0.728)	60.00 (65.78)
[173/294]	0.729 (0.728)	50.00 (65.69)
[174/294]	0.622 (0.727)	55.00 (65.63)
[175/294]	0.844 (0.728)	50.00 (65.54)
[176/294]	0.802 (0.728)	50.00 (65.45)
[177/294]	0.863 (0.729)	50.00 (65.37)
[178/294]	0.547 (0.728)	75.00 (65.42)
[179/294]	0.544 (0.727)	65.00 (65.42)
[180/294]	0.541 (0.726)	100.00 (65.61)
[181/294]	0.607 (0.725)	80.00 (65.69)
[182/294]	0.642 (0.725)	60.00 (65.66)
[183/294]	0.436 (0.723)	90.00 (65.79)
[184/294]	1.106 (0.725)	55.00 (65.73)
[185/294]	0.892 (0.726)	50.00 (65.65)
[186/294]	0.578 (0.726)	75.00 (65.70)
[187/294]	0.488 (0.724)	95.00 (65.85)
[188/294]	0.839 (0.725)	60.00 (65.82)
[189/294]	0.956 (0.726)	50.00 (65.74)
[190/294]	0.888 (0.727)	35.00 (65.58)
[191/294]	0.542 (0.726)	85.00 (65.68)
[192/294]	0.420 (0.724)	95.00 (65.83)
[193/294]	0.466 (0.723)	80.00 (65.90)
[194/294]	0.497 (0.722)	90.00 (66.03)
[195/294]	0.589 (0.721)	65.00 (66.02)
[196/294]	0.614 (0.721)	60.00 (65.99)
[197/294]	0.429 (0.719)	85.00 (66.09)
[198/294]	0.720 (0.719)	55.00 (66.03)
[199/294]	0.587 (0.719)	75.00 (66.08)
[200/294]	0.854 (0.719)	35.00 (65.92)
[201/294]	0.521 (0.718)	70.00 (65.94)
[202/294]	0.767 (0.719)	50.00 (65.86)
[203/294]	1.027 (0.720)	50.00 (65.78)
[204/294]	0.482 (0.719)	75.00 (65.83)
[205/294]	0.313 (0.717)	100.00 (66.00)
[206/294]	0.335 (0.715)	85.00 (66.09)
[207/294]	0.692 (0.715)	60.00 (66.06)
[208/294]	1.110 (0.717)	40.00 (65.93)
[209/294]	0.522 (0.716)	75.00 (65.98)
[210/294]	0.788 (0.716)	45.00 (65.88)
[211/294]	0.894 (0.717)	45.00 (65.78)
[212/294]	0.771 (0.717)	55.00 (65.73)
[213/294]	0.572 (0.717)	70.00 (65.75)
[214/294]	1.071 (0.718)	50.00 (65.67)
[215/294]	0.573 (0.718)	55.00 (65.62)
[216/294]	0.649 (0.717)	55.00 (65.58)
[217/294]	0.630 (0.717)	65.00 (65.57)
[218/294]	0.529 (0.716)	90.00 (65.68)
[219/294]	0.504 (0.715)	95.00 (65.82)
[220/294]	0.548 (0.714)	85.00 (65.90)
[221/294]	0.619 (0.714)	75.00 (65.95)
[222/294]	0.544 (0.713)	90.00 (66.05)
[223/294]	0.759 (0.713)	60.00 (66.03)
[224/294]	0.733 (0.713)	55.00 (65.98)
[225/294]	0.722 (0.713)	50.00 (65.91)
[226/294]	0.567 (0.713)	75.00 (65.95)
[227/294]	0.649 (0.713)	60.00 (65.92)
[228/294]	0.725 (0.713)	55.00 (65.87)
[229/294]	0.448 (0.711)	90.00 (65.98)
[230/294]	0.692 (0.711)	65.00 (65.97)
[231/294]	0.644 (0.711)	60.00 (65.95)
[232/294]	0.576 (0.710)	70.00 (65.97)
[233/294]	0.380 (0.709)	90.00 (66.07)
[234/294]	0.402 (0.708)	95.00 (66.19)
[235/294]	0.485 (0.707)	70.00 (66.21)
[236/294]	0.295 (0.705)	100.00 (66.35)
[237/294]	0.680 (0.705)	50.00 (66.28)
[238/294]	0.740 (0.705)	55.00 (66.23)
[239/294]	0.370 (0.704)	90.00 (66.33)
[240/294]	0.296 (0.702)	95.00 (66.45)
[241/294]	0.402 (0.701)	75.00 (66.49)
[242/294]	0.450 (0.700)	70.00 (66.50)
[243/294]	0.316 (0.698)	95.00 (66.62)
[244/294]	1.219 (0.700)	50.00 (66.55)
[245/294]	0.837 (0.701)	55.00 (66.50)
[246/294]	0.611 (0.701)	60.00 (66.48)
[247/294]	1.584 (0.704)	30.00 (66.33)
[248/294]	1.580 (0.708)	35.00 (66.20)
[249/294]	0.995 (0.709)	30.00 (66.06)
[250/294]	0.459 (0.708)	60.00 (66.04)
[251/294]	0.560 (0.707)	50.00 (65.97)
[252/294]	0.577 (0.707)	55.00 (65.93)
[253/294]	0.272 (0.705)	95.00 (66.04)
[254/294]	0.616 (0.705)	65.00 (66.04)
[255/294]	0.590 (0.704)	70.00 (66.05)
[256/294]	0.593 (0.704)	85.00 (66.13)
[257/294]	0.783 (0.704)	60.00 (66.10)
[258/294]	0.528 (0.703)	85.00 (66.18)
[259/294]	0.436 (0.702)	95.00 (66.29)
[260/294]	0.561 (0.702)	75.00 (66.32)
[261/294]	0.624 (0.701)	60.00 (66.30)
[262/294]	0.576 (0.701)	60.00 (66.27)
[263/294]	0.529 (0.700)	60.00 (66.25)
[264/294]	0.268 (0.699)	95.00 (66.36)
[265/294]	0.344 (0.697)	100.00 (66.48)
[266/294]	0.600 (0.697)	70.00 (66.50)
[267/294]	0.490 (0.696)	90.00 (66.59)
[268/294]	0.381 (0.695)	100.00 (66.71)
[269/294]	0.222 (0.693)	100.00 (66.83)
[270/294]	0.187 (0.691)	95.00 (66.94)
[271/294]	1.165 (0.693)	50.00 (66.88)
[272/294]	0.695 (0.693)	65.00 (66.87)
[273/294]	0.327 (0.692)	90.00 (66.95)
[274/294]	0.316 (0.690)	90.00 (67.04)
[275/294]	0.605 (0.690)	55.00 (66.99)
[276/294]	0.445 (0.689)	85.00 (67.06)
[277/294]	0.307 (0.688)	95.00 (67.16)
[278/294]	0.438 (0.687)	75.00 (67.19)
[279/294]	0.183 (0.685)	95.00 (67.29)
[280/294]	0.245 (0.684)	95.00 (67.38)
[281/294]	0.685 (0.684)	55.00 (67.34)
[282/294]	0.053 (0.681)	100.00 (67.46)
[283/294]	0.084 (0.679)	100.00 (67.57)
[284/294]	0.151 (0.677)	100.00 (67.68)
[285/294]	1.184 (0.679)	55.00 (67.64)
[286/294]	0.424 (0.678)	85.00 (67.70)
[287/294]	0.462 (0.678)	80.00 (67.74)
[288/294]	0.734 (0.678)	60.00 (67.72)
[289/294]	0.450 (0.677)	80.00 (67.76)
[290/294]	0.425 (0.676)	85.00 (67.82)
[291/294]	0.287 (0.675)	90.00 (67.89)
[292/294]	0.193 (0.673)	95.00 (67.99)
[293/294]	0.070 (0.673)	100.00 (68.02)
 * Train Acc: 68.019
 * Avg. Data time: 0.005, Avg. Batch time: 0.060, Avg. Forward time: 0.004, Avg. Backward time: 0.045
Computing SI
 * Val Acc: 41.608, Time: 2.36
 * Test Acc: 42.139, Time: 4.12
=============Training Task 2=============
Active output nodes for this task: 
[0, 1, 2, 3, 4, 5]
=============Training Epoch 0=============
#reg terms:  1
Batch	 Loss		 Acc
[0/294]	8.908 (8.908)	0.00 (0.00)
[1/294]	5.617 (7.262)	0.00 (0.00)
[2/294]	3.053 (5.859)	0.00 (0.00)
[3/294]	2.275 (4.963)	0.00 (0.00)
[4/294]	2.028 (4.376)	0.00 (0.00)
[5/294]	1.939 (3.970)	0.00 (0.00)
[6/294]	1.889 (3.673)	0.00 (0.00)
[7/294]	1.816 (3.441)	0.00 (0.00)
[8/294]	1.756 (3.253)	0.00 (0.00)
[9/294]	1.715 (3.100)	50.00 (5.00)
[10/294]	1.640 (2.967)	50.00 (9.09)
[11/294]	1.590 (2.852)	50.00 (12.50)
[12/294]	1.546 (2.752)	50.00 (15.38)
[13/294]	1.488 (2.661)	50.00 (17.86)
[14/294]	1.111 (2.558)	50.00 (20.00)
[15/294]	1.088 (2.466)	50.00 (21.88)
[16/294]	1.028 (2.382)	50.00 (23.53)
[17/294]	0.826 (2.295)	50.00 (25.00)
[18/294]	0.874 (2.220)	50.00 (26.32)
[19/294]	0.760 (2.147)	60.00 (28.00)
[20/294]	0.838 (2.085)	50.00 (29.05)
[21/294]	0.687 (2.021)	70.00 (30.91)
[22/294]	0.788 (1.968)	50.00 (31.74)
[23/294]	0.546 (1.909)	75.00 (33.54)
[24/294]	0.702 (1.860)	50.00 (34.20)
[25/294]	2.601 (1.889)	50.00 (34.81)
[26/294]	0.745 (1.846)	50.00 (35.37)
[27/294]	1.390 (1.830)	50.00 (35.89)
[28/294]	6.466 (1.990)	50.00 (36.38)
[29/294]	0.954 (1.955)	45.00 (36.67)
[30/294]	1.106 (1.928)	50.00 (37.10)
[31/294]	1.299 (1.908)	50.00 (37.50)
[32/294]	1.311 (1.890)	50.00 (37.88)
[33/294]	1.564 (1.881)	50.00 (38.24)
[34/294]	1.682 (1.875)	50.00 (38.57)
[35/294]	1.364 (1.861)	50.00 (38.89)
[36/294]	1.442 (1.849)	50.00 (39.19)
[37/294]	1.456 (1.839)	50.00 (39.47)
[38/294]	1.215 (1.823)	50.00 (39.74)
[39/294]	1.367 (1.812)	50.00 (40.00)
[40/294]	1.435 (1.803)	50.00 (40.24)
[41/294]	1.308 (1.791)	50.00 (40.48)
[42/294]	1.140 (1.776)	100.00 (41.86)
[43/294]	0.987 (1.758)	70.00 (42.50)
[44/294]	0.888 (1.738)	40.00 (42.44)
[45/294]	1.077 (1.724)	15.00 (41.85)
[46/294]	0.821 (1.705)	50.00 (42.02)
[47/294]	0.679 (1.683)	70.00 (42.60)
[48/294]	0.581 (1.661)	85.00 (43.47)
[49/294]	0.933 (1.646)	50.00 (43.60)
[50/294]	0.698 (1.628)	85.00 (44.41)
[51/294]	0.690 (1.610)	50.00 (44.52)
[52/294]	1.050 (1.599)	50.00 (44.62)
[53/294]	0.802 (1.584)	60.00 (44.91)
[54/294]	1.274 (1.579)	50.00 (45.00)
[55/294]	1.155 (1.571)	50.00 (45.09)
[56/294]	0.559 (1.553)	65.00 (45.44)
[57/294]	0.308 (1.532)	100.00 (46.38)
[58/294]	0.617 (1.516)	65.00 (46.69)
[59/294]	1.489 (1.516)	50.00 (46.75)
[60/294]	0.734 (1.503)	60.00 (46.97)
[61/294]	0.665 (1.490)	55.00 (47.10)
[62/294]	0.853 (1.480)	50.00 (47.14)
[63/294]	0.688 (1.467)	50.00 (47.19)
[64/294]	0.838 (1.457)	50.00 (47.23)
[65/294]	0.713 (1.446)	60.00 (47.42)
[66/294]	0.777 (1.436)	65.00 (47.69)
[67/294]	0.686 (1.425)	85.00 (48.24)
[68/294]	0.729 (1.415)	65.00 (48.48)
[69/294]	0.849 (1.407)	50.00 (48.50)
[70/294]	1.169 (1.404)	50.00 (48.52)
[71/294]	0.857 (1.396)	50.00 (48.54)
[72/294]	0.798 (1.388)	40.00 (48.42)
[73/294]	0.680 (1.378)	70.00 (48.72)
[74/294]	0.700 (1.369)	65.00 (48.93)
[75/294]	0.722 (1.361)	55.00 (49.01)
[76/294]	0.853 (1.354)	50.00 (49.03)
[77/294]	0.524 (1.344)	100.00 (49.68)
[78/294]	0.578 (1.334)	80.00 (50.06)
[79/294]	0.689 (1.326)	70.00 (50.31)
[80/294]	0.622 (1.317)	75.00 (50.62)
[81/294]	0.658 (1.309)	65.00 (50.79)
[82/294]	0.586 (1.300)	75.00 (51.08)
[83/294]	0.539 (1.291)	65.00 (51.25)
[84/294]	0.627 (1.283)	50.00 (51.24)
[85/294]	0.522 (1.275)	85.00 (51.63)
[86/294]	0.481 (1.265)	90.00 (52.07)
[87/294]	0.641 (1.258)	60.00 (52.16)
[88/294]	0.631 (1.251)	60.00 (52.25)
[89/294]	0.544 (1.243)	70.00 (52.44)
[90/294]	0.556 (1.236)	75.00 (52.69)
[91/294]	0.601 (1.229)	85.00 (53.04)
[92/294]	1.618 (1.233)	65.00 (53.17)
[93/294]	0.260 (1.223)	95.00 (53.62)
[94/294]	1.259 (1.223)	50.00 (53.58)
[95/294]	0.722 (1.218)	55.00 (53.59)
[96/294]	0.361 (1.209)	95.00 (54.02)
[97/294]	0.240 (1.199)	100.00 (54.49)
[98/294]	0.803 (1.195)	50.00 (54.44)
[99/294]	0.749 (1.191)	50.00 (54.40)
[100/294]	0.689 (1.186)	50.00 (54.36)
[101/294]	0.497 (1.179)	80.00 (54.61)
[102/294]	0.299 (1.171)	95.00 (55.00)
[103/294]	0.534 (1.164)	80.00 (55.24)
[104/294]	0.794 (1.161)	50.00 (55.19)
[105/294]	0.852 (1.158)	60.00 (55.24)
[106/294]	0.669 (1.153)	65.00 (55.33)
[107/294]	0.769 (1.150)	50.00 (55.28)
[108/294]	0.888 (1.147)	50.00 (55.23)
[109/294]	0.628 (1.143)	70.00 (55.36)
[110/294]	0.627 (1.138)	70.00 (55.50)
[111/294]	0.780 (1.135)	50.00 (55.45)
[112/294]	0.590 (1.130)	80.00 (55.66)
[113/294]	0.678 (1.126)	60.00 (55.70)
[114/294]	0.651 (1.122)	60.00 (55.74)
[115/294]	0.602 (1.117)	75.00 (55.91)
[116/294]	0.321 (1.111)	100.00 (56.28)
[117/294]	0.234 (1.103)	100.00 (56.65)
[118/294]	0.286 (1.096)	100.00 (57.02)
[119/294]	0.408 (1.091)	95.00 (57.33)
[120/294]	0.405 (1.085)	95.00 (57.64)
[121/294]	0.580 (1.081)	70.00 (57.75)
[122/294]	0.539 (1.076)	70.00 (57.85)
[123/294]	0.397 (1.071)	70.00 (57.94)
[124/294]	0.588 (1.067)	70.00 (58.04)
[125/294]	0.757 (1.065)	60.00 (58.06)
[126/294]	0.156 (1.057)	100.00 (58.39)
[127/294]	0.174 (1.051)	100.00 (58.71)
[128/294]	0.191 (1.044)	100.00 (59.03)
[129/294]	0.188 (1.037)	100.00 (59.35)
[130/294]	0.290 (1.032)	90.00 (59.58)
[131/294]	0.209 (1.025)	95.00 (59.85)
[132/294]	0.164 (1.019)	95.00 (60.11)
[133/294]	0.353 (1.014)	80.00 (60.26)
[134/294]	0.414 (1.010)	80.00 (60.41)
[135/294]	0.400 (1.005)	85.00 (60.59)
[136/294]	0.341 (1.000)	90.00 (60.80)
[137/294]	0.301 (0.995)	90.00 (61.01)
[138/294]	0.480 (0.991)	70.00 (61.08)
[139/294]	0.416 (0.987)	85.00 (61.25)
[140/294]	0.715 (0.985)	60.00 (61.24)
[141/294]	0.343 (0.981)	95.00 (61.48)
[142/294]	0.443 (0.977)	80.00 (61.61)
[143/294]	1.500 (0.981)	55.00 (61.56)
[144/294]	0.746 (0.979)	60.00 (61.55)
[145/294]	1.378 (0.982)	55.00 (61.51)
[146/294]	2.429 (0.992)	50.00 (61.43)
[147/294]	3.030 (1.005)	50.00 (61.35)
[148/294]	0.686 (1.003)	70.00 (61.41)
[149/294]	0.689 (1.001)	60.00 (61.40)
[150/294]	1.069 (1.002)	50.00 (61.32)
[151/294]	1.139 (1.003)	50.00 (61.25)
[152/294]	0.914 (1.002)	50.00 (61.18)
[153/294]	0.803 (1.001)	50.00 (61.10)
[154/294]	0.894 (1.000)	50.00 (61.03)
[155/294]	0.834 (0.999)	60.00 (61.03)
[156/294]	0.769 (0.997)	85.00 (61.18)
[157/294]	0.808 (0.996)	50.00 (61.11)
[158/294]	0.809 (0.995)	50.00 (61.04)
[159/294]	0.817 (0.994)	50.00 (60.97)
[160/294]	0.799 (0.993)	50.00 (60.90)
[161/294]	0.741 (0.991)	50.00 (60.83)
[162/294]	0.774 (0.990)	50.00 (60.77)
[163/294]	0.774 (0.989)	50.00 (60.70)
[164/294]	0.702 (0.987)	50.00 (60.64)
[165/294]	0.781 (0.986)	50.00 (60.57)
[166/294]	0.743 (0.984)	70.00 (60.63)
[167/294]	0.711 (0.983)	50.00 (60.57)
[168/294]	0.769 (0.981)	50.00 (60.50)
[169/294]	0.703 (0.980)	55.00 (60.47)
[170/294]	0.646 (0.978)	60.00 (60.47)
[171/294]	0.626 (0.976)	60.00 (60.47)
[172/294]	0.563 (0.973)	95.00 (60.66)
[173/294]	0.604 (0.971)	80.00 (60.78)
[174/294]	0.754 (0.970)	50.00 (60.71)
[175/294]	0.559 (0.968)	60.00 (60.71)
[176/294]	0.675 (0.966)	60.00 (60.71)
[177/294]	0.647 (0.964)	50.00 (60.65)
[178/294]	0.581 (0.962)	90.00 (60.81)
[179/294]	0.541 (0.960)	90.00 (60.97)
[180/294]	0.575 (0.957)	65.00 (60.99)
[181/294]	0.738 (0.956)	50.00 (60.93)
[182/294]	0.402 (0.953)	95.00 (61.12)
[183/294]	0.408 (0.950)	95.00 (61.30)
[184/294]	0.340 (0.947)	100.00 (61.51)
[185/294]	0.318 (0.944)	100.00 (61.72)
[186/294]	0.883 (0.943)	60.00 (61.71)
[187/294]	0.601 (0.941)	75.00 (61.78)
[188/294]	0.134 (0.937)	100.00 (61.98)
[189/294]	0.311 (0.934)	90.00 (62.13)
[190/294]	0.428 (0.931)	85.00 (62.25)
[191/294]	0.391 (0.928)	80.00 (62.34)
[192/294]	0.144 (0.924)	100.00 (62.54)
[193/294]	0.146 (0.920)	100.00 (62.73)
[194/294]	0.317 (0.917)	85.00 (62.85)
[195/294]	0.624 (0.916)	60.00 (62.83)
[196/294]	0.342 (0.913)	90.00 (62.97)
[197/294]	0.221 (0.909)	95.00 (63.13)
[198/294]	0.186 (0.906)	90.00 (63.27)
[199/294]	0.094 (0.902)	100.00 (63.45)
[200/294]	0.563 (0.900)	65.00 (63.46)
[201/294]	0.569 (0.898)	80.00 (63.54)
[202/294]	0.194 (0.895)	95.00 (63.69)
[203/294]	0.117 (0.891)	100.00 (63.87)
[204/294]	0.298 (0.888)	85.00 (63.98)
[205/294]	0.322 (0.885)	85.00 (64.08)
[206/294]	0.431 (0.883)	85.00 (64.18)
[207/294]	0.110 (0.879)	95.00 (64.33)
[208/294]	0.290 (0.877)	80.00 (64.40)
[209/294]	0.520 (0.875)	65.00 (64.40)
[210/294]	0.664 (0.874)	65.00 (64.41)
[211/294]	0.325 (0.871)	85.00 (64.50)
[212/294]	0.375 (0.869)	85.00 (64.60)
[213/294]	0.108 (0.865)	100.00 (64.77)
[214/294]	0.728 (0.865)	50.00 (64.70)
[215/294]	0.457 (0.863)	85.00 (64.79)
[216/294]	0.837 (0.863)	75.00 (64.84)
[217/294]	0.937 (0.863)	70.00 (64.86)
[218/294]	0.377 (0.861)	85.00 (64.95)
[219/294]	0.222 (0.858)	100.00 (65.11)
[220/294]	0.491 (0.856)	80.00 (65.18)
[221/294]	0.161 (0.853)	100.00 (65.34)
[222/294]	0.350 (0.851)	90.00 (65.45)
[223/294]	0.915 (0.851)	75.00 (65.49)
[224/294]	0.302 (0.849)	85.00 (65.58)
[225/294]	1.081 (0.850)	75.00 (65.62)
[226/294]	0.416 (0.848)	75.00 (65.66)
[227/294]	0.220 (0.845)	100.00 (65.81)
[228/294]	0.692 (0.845)	60.00 (65.79)
[229/294]	0.867 (0.845)	60.00 (65.76)
[230/294]	0.584 (0.844)	95.00 (65.89)
[231/294]	0.250 (0.841)	100.00 (66.03)
[232/294]	0.294 (0.839)	95.00 (66.16)
[233/294]	0.523 (0.837)	75.00 (66.20)
[234/294]	0.399 (0.835)	85.00 (66.28)
[235/294]	0.162 (0.833)	95.00 (66.40)
[236/294]	0.164 (0.830)	95.00 (66.52)
[237/294]	0.114 (0.827)	100.00 (66.66)
[238/294]	0.801 (0.827)	75.00 (66.69)
[239/294]	0.380 (0.825)	85.00 (66.77)
[240/294]	0.304 (0.823)	90.00 (66.87)
[241/294]	0.727 (0.822)	65.00 (66.86)
[242/294]	0.566 (0.821)	65.00 (66.85)
[243/294]	0.335 (0.819)	90.00 (66.95)
[244/294]	0.308 (0.817)	100.00 (67.08)
[245/294]	0.130 (0.814)	100.00 (67.22)
[246/294]	0.149 (0.812)	100.00 (67.35)
[247/294]	0.322 (0.810)	90.00 (67.44)
[248/294]	0.175 (0.807)	100.00 (67.57)
[249/294]	0.174 (0.805)	100.00 (67.70)
[250/294]	0.311 (0.803)	90.00 (67.79)
[251/294]	0.092 (0.800)	100.00 (67.92)
[252/294]	0.031 (0.797)	100.00 (68.04)
[253/294]	0.062 (0.794)	100.00 (68.17)
[254/294]	0.060 (0.791)	100.00 (68.29)
[255/294]	0.041 (0.788)	100.00 (68.42)
[256/294]	0.065 (0.785)	100.00 (68.54)
[257/294]	0.088 (0.782)	100.00 (68.66)
[258/294]	0.085 (0.780)	100.00 (68.78)
[259/294]	0.477 (0.779)	90.00 (68.87)
[260/294]	0.311 (0.777)	90.00 (68.95)
[261/294]	0.764 (0.777)	80.00 (68.99)
[262/294]	0.169 (0.774)	90.00 (69.07)
[263/294]	0.232 (0.772)	90.00 (69.15)
[264/294]	0.615 (0.772)	70.00 (69.15)
[265/294]	0.598 (0.771)	70.00 (69.15)
[266/294]	0.215 (0.769)	95.00 (69.25)
[267/294]	0.139 (0.767)	95.00 (69.35)
[268/294]	0.164 (0.765)	95.00 (69.44)
[269/294]	0.814 (0.765)	75.00 (69.46)
[270/294]	0.392 (0.763)	90.00 (69.54)
[271/294]	0.140 (0.761)	100.00 (69.65)
[272/294]	0.193 (0.759)	95.00 (69.74)
[273/294]	0.099 (0.757)	100.00 (69.85)
[274/294]	0.069 (0.754)	100.00 (69.96)
[275/294]	0.052 (0.751)	100.00 (70.07)
[276/294]	0.174 (0.749)	95.00 (70.16)
[277/294]	0.517 (0.749)	80.00 (70.20)
[278/294]	0.621 (0.748)	75.00 (70.22)
[279/294]	0.559 (0.747)	75.00 (70.23)
[280/294]	0.241 (0.746)	90.00 (70.30)
[281/294]	0.237 (0.744)	90.00 (70.37)
[282/294]	0.202 (0.742)	100.00 (70.48)
[283/294]	0.400 (0.741)	95.00 (70.56)
[284/294]	0.586 (0.740)	70.00 (70.56)
[285/294]	0.360 (0.739)	80.00 (70.59)
[286/294]	0.480 (0.738)	80.00 (70.63)
[287/294]	0.206 (0.736)	100.00 (70.73)
[288/294]	0.113 (0.734)	100.00 (70.83)
[289/294]	0.113 (0.732)	95.00 (70.91)
[290/294]	0.252 (0.730)	100.00 (71.01)
[291/294]	0.261 (0.729)	80.00 (71.04)
[292/294]	0.050 (0.726)	100.00 (71.14)
[293/294]	0.079 (0.724)	100.00 (71.24)
 * Train Acc: 71.241
 * Avg. Data time: 0.006, Avg. Batch time: 0.061, Avg. Forward time: 0.004, Avg. Backward time: 0.045
Computing SI
 * Val Acc: 30.276, Time: 3.04
 * Test Acc: 31.378, Time: 5.93
=============Training Task 3=============
Active output nodes for this task: 
[0, 1, 2, 3, 4, 5, 6, 7]
=============Training Epoch 0=============
#reg terms:  1
Batch	 Loss		 Acc
[0/294]	8.775 (8.775)	0.00 (0.00)
[1/294]	3.789 (6.282)	0.00 (0.00)
[2/294]	2.884 (5.149)	0.00 (0.00)
[3/294]	2.528 (4.494)	0.00 (0.00)
[4/294]	2.368 (4.069)	0.00 (0.00)
[5/294]	2.230 (3.762)	0.00 (0.00)
[6/294]	2.194 (3.538)	0.00 (0.00)
[7/294]	2.163 (3.367)	0.00 (0.00)
[8/294]	2.166 (3.233)	0.00 (0.00)
[9/294]	2.202 (3.130)	0.00 (0.00)
[10/294]	2.149 (3.041)	0.00 (0.00)
[11/294]	2.130 (2.965)	0.00 (0.00)
[12/294]	2.116 (2.900)	0.00 (0.00)
[13/294]	2.102 (2.843)	0.00 (0.00)
[14/294]	2.063 (2.791)	30.00 (2.00)
[15/294]	2.019 (2.743)	50.00 (5.00)
[16/294]	1.974 (2.697)	50.00 (7.65)
[17/294]	1.926 (2.655)	50.00 (10.00)
[18/294]	1.774 (2.608)	50.00 (12.11)
[19/294]	1.532 (2.554)	50.00 (14.00)
[20/294]	1.243 (2.492)	50.00 (15.71)
[21/294]	1.023 (2.425)	50.00 (17.27)
[22/294]	0.795 (2.354)	50.00 (18.70)
[23/294]	0.727 (2.286)	50.00 (20.00)
[24/294]	0.767 (2.226)	50.00 (21.20)
[25/294]	0.750 (2.169)	50.00 (22.31)
[26/294]	0.847 (2.120)	50.00 (23.33)
[27/294]	1.218 (2.088)	50.00 (24.29)
[28/294]	2.160 (2.090)	50.00 (25.17)
[29/294]	1.898 (2.084)	50.00 (26.00)
[30/294]	0.865 (2.045)	50.00 (26.77)
[31/294]	1.594 (2.030)	50.00 (27.50)
[32/294]	1.056 (2.001)	50.00 (28.18)
[33/294]	0.794 (1.965)	50.00 (28.82)
[34/294]	0.791 (1.932)	50.00 (29.43)
[35/294]	0.885 (1.903)	50.00 (30.00)
[36/294]	0.824 (1.874)	50.00 (30.54)
[37/294]	0.827 (1.846)	50.00 (31.05)
[38/294]	0.848 (1.821)	50.00 (31.54)
[39/294]	0.915 (1.798)	50.00 (32.00)
[40/294]	0.954 (1.777)	50.00 (32.44)
[41/294]	0.866 (1.756)	50.00 (32.86)
[42/294]	0.935 (1.737)	50.00 (33.26)
[43/294]	0.848 (1.716)	50.00 (33.64)
[44/294]	0.845 (1.697)	50.00 (34.00)
[45/294]	0.881 (1.679)	40.00 (34.13)
[46/294]	0.762 (1.660)	50.00 (34.47)
[47/294]	0.729 (1.640)	50.00 (34.79)
[48/294]	0.787 (1.623)	50.00 (35.10)
[49/294]	0.733 (1.605)	50.00 (35.40)
[50/294]	0.856 (1.590)	50.00 (35.69)
[51/294]	0.839 (1.576)	50.00 (35.96)
[52/294]	0.716 (1.560)	50.00 (36.23)
[53/294]	0.758 (1.545)	50.00 (36.48)
[54/294]	0.754 (1.531)	50.00 (36.73)
[55/294]	0.721 (1.516)	50.00 (36.96)
[56/294]	0.745 (1.503)	50.00 (37.19)
[57/294]	0.686 (1.488)	70.00 (37.76)
[58/294]	0.749 (1.476)	50.00 (37.97)
[59/294]	0.750 (1.464)	50.00 (38.17)
[60/294]	0.746 (1.452)	50.00 (38.36)
[61/294]	0.705 (1.440)	55.00 (38.63)
[62/294]	0.723 (1.429)	55.00 (38.89)
[63/294]	0.702 (1.417)	45.00 (38.98)
[64/294]	0.712 (1.406)	50.00 (39.15)
[65/294]	0.775 (1.397)	50.00 (39.32)
[66/294]	0.721 (1.387)	60.00 (39.63)
[67/294]	0.669 (1.376)	70.00 (40.07)
[68/294]	0.657 (1.366)	75.00 (40.58)
[69/294]	0.711 (1.356)	50.00 (40.71)
[70/294]	0.753 (1.348)	60.00 (40.99)
[71/294]	0.668 (1.339)	70.00 (41.39)
[72/294]	0.690 (1.330)	60.00 (41.64)
[73/294]	0.713 (1.321)	50.00 (41.76)
[74/294]	0.723 (1.313)	55.00 (41.93)
[75/294]	0.676 (1.305)	70.00 (42.30)
[76/294]	0.672 (1.297)	55.00 (42.47)
[77/294]	0.847 (1.291)	50.00 (42.56)
[78/294]	0.720 (1.284)	30.00 (42.41)
[79/294]	0.739 (1.277)	50.00 (42.50)
[80/294]	0.823 (1.271)	50.00 (42.59)
[81/294]	0.792 (1.265)	50.00 (42.68)
[82/294]	0.694 (1.259)	50.00 (42.77)
[83/294]	0.765 (1.253)	55.00 (42.92)
[84/294]	0.750 (1.247)	45.00 (42.94)
[85/294]	0.721 (1.241)	55.00 (43.08)
[86/294]	0.713 (1.235)	60.00 (43.28)
[87/294]	0.708 (1.229)	55.00 (43.41)
[88/294]	0.681 (1.222)	50.00 (43.48)
[89/294]	0.749 (1.217)	50.00 (43.56)
[90/294]	0.747 (1.212)	50.00 (43.63)
[91/294]	0.875 (1.208)	50.00 (43.70)
[92/294]	0.656 (1.202)	60.00 (43.87)
[93/294]	0.642 (1.196)	65.00 (44.10)
[94/294]	0.674 (1.191)	55.00 (44.21)
[95/294]	0.772 (1.187)	50.00 (44.27)
[96/294]	0.754 (1.182)	50.00 (44.33)
[97/294]	0.684 (1.177)	60.00 (44.49)
[98/294]	0.684 (1.172)	65.00 (44.70)
[99/294]	0.744 (1.168)	55.00 (44.80)
[100/294]	0.758 (1.164)	50.00 (44.85)
[101/294]	0.989 (1.162)	50.00 (44.90)
[102/294]	0.897 (1.159)	50.00 (44.95)
[103/294]	0.762 (1.156)	50.00 (45.00)
[104/294]	0.638 (1.151)	55.00 (45.10)
[105/294]	0.557 (1.145)	90.00 (45.52)
[106/294]	0.709 (1.141)	55.00 (45.61)
[107/294]	0.750 (1.137)	50.00 (45.65)
[108/294]	0.757 (1.134)	50.00 (45.69)
[109/294]	0.833 (1.131)	50.00 (45.73)
[110/294]	0.802 (1.128)	50.00 (45.77)
[111/294]	0.720 (1.125)	60.00 (45.89)
[112/294]	0.682 (1.121)	50.00 (45.93)
[113/294]	0.711 (1.117)	50.00 (45.96)
[114/294]	0.727 (1.114)	50.00 (46.00)
[115/294]	0.763 (1.111)	50.00 (46.03)
[116/294]	0.910 (1.109)	50.00 (46.07)
[117/294]	0.767 (1.106)	50.00 (46.10)
[118/294]	0.746 (1.103)	35.00 (46.01)
[119/294]	0.653 (1.099)	50.00 (46.04)
[120/294]	0.722 (1.096)	50.00 (46.07)
[121/294]	0.800 (1.094)	50.00 (46.11)
[122/294]	0.875 (1.092)	50.00 (46.14)
[123/294]	0.675 (1.089)	50.00 (46.17)
[124/294]	0.664 (1.085)	60.00 (46.28)
[125/294]	0.712 (1.082)	50.00 (46.31)
[126/294]	0.684 (1.079)	50.00 (46.34)
[127/294]	0.665 (1.076)	70.00 (46.52)
[128/294]	0.638 (1.072)	90.00 (46.86)
[129/294]	0.661 (1.069)	55.00 (46.92)
[130/294]	0.705 (1.067)	50.00 (46.95)
[131/294]	0.724 (1.064)	50.00 (46.97)
[132/294]	0.718 (1.061)	50.00 (46.99)
[133/294]	0.678 (1.058)	50.00 (47.01)
[134/294]	0.597 (1.055)	75.00 (47.22)
[135/294]	0.630 (1.052)	75.00 (47.43)
[136/294]	0.721 (1.050)	60.00 (47.52)
[137/294]	0.658 (1.047)	55.00 (47.57)
[138/294]	0.614 (1.044)	60.00 (47.66)
[139/294]	0.614 (1.040)	50.00 (47.68)
[140/294]	0.529 (1.037)	95.00 (48.01)
[141/294]	0.650 (1.034)	60.00 (48.10)
[142/294]	0.651 (1.031)	65.00 (48.22)
[143/294]	0.436 (1.027)	95.00 (48.54)
[144/294]	0.605 (1.024)	70.00 (48.69)
[145/294]	0.580 (1.021)	75.00 (48.87)
[146/294]	0.496 (1.018)	85.00 (49.12)
[147/294]	0.340 (1.013)	95.00 (49.43)
[148/294]	0.269 (1.008)	100.00 (49.77)
[149/294]	0.323 (1.004)	90.00 (50.03)
[150/294]	0.452 (1.000)	75.00 (50.20)
[151/294]	0.175 (0.995)	100.00 (50.53)
[152/294]	0.362 (0.990)	90.00 (50.78)
[153/294]	0.595 (0.988)	75.00 (50.94)
[154/294]	1.809 (0.993)	50.00 (50.94)
[155/294]	0.328 (0.989)	100.00 (51.25)
[156/294]	1.231 (0.990)	50.00 (51.24)
[157/294]	0.431 (0.987)	65.00 (51.33)
[158/294]	0.332 (0.983)	95.00 (51.60)
[159/294]	0.534 (0.980)	65.00 (51.69)
[160/294]	0.699 (0.978)	50.00 (51.68)
[161/294]	0.631 (0.976)	65.00 (51.76)
[162/294]	0.471 (0.973)	85.00 (51.96)
[163/294]	0.618 (0.971)	65.00 (52.04)
[164/294]	0.639 (0.969)	50.00 (52.03)
[165/294]	0.701 (0.967)	65.00 (52.11)
[166/294]	0.663 (0.965)	65.00 (52.19)
[167/294]	0.460 (0.962)	80.00 (52.35)
[168/294]	0.571 (0.960)	75.00 (52.49)
[169/294]	0.580 (0.958)	65.00 (52.56)
[170/294]	0.699 (0.956)	50.00 (52.54)
[171/294]	1.007 (0.957)	50.00 (52.53)
[172/294]	0.792 (0.956)	50.00 (52.51)
[173/294]	0.518 (0.953)	80.00 (52.67)
[174/294]	0.427 (0.950)	100.00 (52.94)
[175/294]	0.940 (0.950)	45.00 (52.90)
[176/294]	0.786 (0.949)	45.00 (52.85)
[177/294]	0.590 (0.947)	55.00 (52.87)
[178/294]	0.533 (0.945)	50.00 (52.85)
[179/294]	0.492 (0.942)	75.00 (52.97)
[180/294]	0.391 (0.939)	95.00 (53.20)
[181/294]	0.320 (0.936)	90.00 (53.41)
[182/294]	0.684 (0.934)	50.00 (53.39)
[183/294]	0.743 (0.933)	50.00 (53.37)
[184/294]	0.409 (0.931)	90.00 (53.57)
[185/294]	0.470 (0.928)	70.00 (53.66)
[186/294]	0.182 (0.924)	100.00 (53.90)
[187/294]	0.564 (0.922)	55.00 (53.91)
[188/294]	0.924 (0.922)	45.00 (53.86)
[189/294]	0.429 (0.920)	70.00 (53.95)
[190/294]	0.895 (0.919)	65.00 (54.01)
[191/294]	0.535 (0.917)	75.00 (54.11)
[192/294]	0.327 (0.914)	95.00 (54.33)
[193/294]	0.240 (0.911)	100.00 (54.56)
[194/294]	0.432 (0.909)	75.00 (54.67)
[195/294]	0.343 (0.906)	75.00 (54.77)
[196/294]	0.757 (0.905)	50.00 (54.75)
[197/294]	0.556 (0.903)	60.00 (54.77)
[198/294]	0.217 (0.900)	100.00 (55.00)
[199/294]	0.305 (0.897)	95.00 (55.20)
[200/294]	0.786 (0.896)	65.00 (55.25)
[201/294]	0.123 (0.892)	100.00 (55.47)
[202/294]	0.278 (0.889)	80.00 (55.59)
[203/294]	1.513 (0.892)	50.00 (55.56)
[204/294]	1.186 (0.894)	50.00 (55.54)
[205/294]	0.864 (0.894)	50.00 (55.51)
[206/294]	0.513 (0.892)	65.00 (55.56)
[207/294]	0.341 (0.889)	90.00 (55.72)
[208/294]	0.292 (0.886)	95.00 (55.91)
[209/294]	0.761 (0.886)	60.00 (55.93)
[210/294]	0.994 (0.886)	50.00 (55.90)
[211/294]	0.852 (0.886)	50.00 (55.87)
[212/294]	0.957 (0.886)	60.00 (55.89)
[213/294]	0.557 (0.885)	85.00 (56.03)
[214/294]	0.508 (0.883)	80.00 (56.14)
[215/294]	0.360 (0.881)	90.00 (56.30)
[216/294]	0.299 (0.878)	95.00 (56.47)
[217/294]	0.610 (0.877)	100.00 (56.67)
[218/294]	0.355 (0.874)	90.00 (56.83)
[219/294]	0.335 (0.872)	80.00 (56.93)
[220/294]	0.546 (0.870)	75.00 (57.01)
[221/294]	0.254 (0.868)	95.00 (57.18)
[222/294]	0.256 (0.865)	85.00 (57.31)
[223/294]	0.595 (0.864)	70.00 (57.37)
[224/294]	0.284 (0.861)	90.00 (57.51)
[225/294]	0.198 (0.858)	95.00 (57.68)
[226/294]	0.132 (0.855)	95.00 (57.84)
[227/294]	0.154 (0.852)	100.00 (58.03)
[228/294]	0.134 (0.849)	100.00 (58.21)
[229/294]	0.164 (0.846)	95.00 (58.37)
[230/294]	0.103 (0.843)	100.00 (58.55)
[231/294]	0.474 (0.841)	65.00 (58.58)
[232/294]	0.511 (0.840)	70.00 (58.63)
[233/294]	0.403 (0.838)	80.00 (58.72)
[234/294]	2.457 (0.845)	50.00 (58.68)
[235/294]	0.270 (0.842)	95.00 (58.83)
[236/294]	0.284 (0.840)	80.00 (58.92)
[237/294]	0.229 (0.837)	90.00 (59.05)
[238/294]	3.407 (0.848)	50.00 (59.02)
[239/294]	1.705 (0.852)	50.00 (58.98)
[240/294]	0.519 (0.850)	65.00 (59.00)
[241/294]	0.553 (0.849)	75.00 (59.07)
[242/294]	0.702 (0.848)	50.00 (59.03)
[243/294]	0.980 (0.849)	50.00 (59.00)
[244/294]	1.267 (0.851)	50.00 (58.96)
[245/294]	0.884 (0.851)	50.00 (58.92)
[246/294]	0.776 (0.850)	50.00 (58.89)
[247/294]	0.777 (0.850)	50.00 (58.85)
[248/294]	0.722 (0.850)	50.00 (58.82)
[249/294]	0.954 (0.850)	50.00 (58.78)
[250/294]	0.947 (0.850)	55.00 (58.76)
[251/294]	0.893 (0.851)	65.00 (58.79)
[252/294]	0.764 (0.850)	100.00 (58.95)
[253/294]	0.737 (0.850)	90.00 (59.07)
[254/294]	0.659 (0.849)	75.00 (59.14)
[255/294]	0.673 (0.848)	65.00 (59.16)
[256/294]	0.765 (0.848)	70.00 (59.20)
[257/294]	0.701 (0.848)	80.00 (59.28)
[258/294]	0.669 (0.847)	75.00 (59.34)
[259/294]	0.675 (0.846)	50.00 (59.31)
[260/294]	0.561 (0.845)	75.00 (59.37)
[261/294]	0.457 (0.844)	90.00 (59.48)
[262/294]	0.440 (0.842)	95.00 (59.62)
[263/294]	0.627 (0.841)	65.00 (59.64)
[264/294]	0.759 (0.841)	55.00 (59.62)
[265/294]	0.958 (0.841)	50.00 (59.59)
[266/294]	0.724 (0.841)	55.00 (59.57)
[267/294]	0.661 (0.840)	70.00 (59.61)
[268/294]	0.618 (0.839)	70.00 (59.65)
[269/294]	0.688 (0.839)	55.00 (59.63)
[270/294]	0.415 (0.837)	85.00 (59.72)
[271/294]	0.405 (0.836)	85.00 (59.82)
[272/294]	0.451 (0.834)	90.00 (59.93)
[273/294]	0.283 (0.832)	100.00 (60.07)
[274/294]	0.407 (0.831)	95.00 (60.20)
[275/294]	0.327 (0.829)	100.00 (60.34)
[276/294]	0.462 (0.828)	80.00 (60.42)
[277/294]	0.513 (0.826)	70.00 (60.45)
[278/294]	0.456 (0.825)	85.00 (60.54)
[279/294]	0.451 (0.824)	95.00 (60.66)
[280/294]	0.341 (0.822)	85.00 (60.75)
[281/294]	0.397 (0.821)	85.00 (60.83)
[282/294]	0.278 (0.819)	90.00 (60.94)
[283/294]	0.092 (0.816)	100.00 (61.07)
[284/294]	0.156 (0.814)	100.00 (61.21)
[285/294]	0.257 (0.812)	90.00 (61.31)
[286/294]	0.411 (0.810)	85.00 (61.39)
[287/294]	0.402 (0.809)	70.00 (61.42)
[288/294]	0.070 (0.806)	100.00 (61.56)
[289/294]	0.324 (0.805)	80.00 (61.62)
[290/294]	0.540 (0.804)	70.00 (61.65)
[291/294]	0.359 (0.802)	80.00 (61.71)
[292/294]	0.133 (0.800)	100.00 (61.84)
[293/294]	0.096 (0.798)	100.00 (61.97)
 * Train Acc: 61.973
 * Avg. Data time: 0.005, Avg. Batch time: 0.060, Avg. Forward time: 0.004, Avg. Backward time: 0.045
Computing SI
 * Val Acc: 22.507, Time: 3.15
 * Test Acc: 21.570, Time: 6.71
=============Training Task 4=============
Active output nodes for this task: 
[0, 1, 2, 3, 4, 5, 6, 7, 8, 9]
=============Training Epoch 0=============
#reg terms:  1
Batch	 Loss		 Acc
[0/294]	11.330 (11.330)	0.00 (0.00)
[1/294]	10.264 (10.797)	0.00 (0.00)
[2/294]	6.064 (9.219)	0.00 (0.00)
[3/294]	2.660 (7.580)	0.00 (0.00)
[4/294]	2.541 (6.572)	0.00 (0.00)
[5/294]	2.506 (5.894)	0.00 (0.00)
[6/294]	2.565 (5.418)	0.00 (0.00)
[7/294]	2.592 (5.065)	0.00 (0.00)
[8/294]	2.608 (4.792)	0.00 (0.00)
[9/294]	2.625 (4.575)	0.00 (0.00)
[10/294]	2.656 (4.401)	0.00 (0.00)
[11/294]	2.668 (4.257)	0.00 (0.00)
[12/294]	2.700 (4.137)	0.00 (0.00)
[13/294]	2.722 (4.036)	0.00 (0.00)
[14/294]	2.721 (3.948)	0.00 (0.00)
[15/294]	2.733 (3.872)	0.00 (0.00)
[16/294]	2.728 (3.805)	0.00 (0.00)
[17/294]	2.722 (3.745)	0.00 (0.00)
[18/294]	2.715 (3.691)	0.00 (0.00)
[19/294]	2.704 (3.641)	0.00 (0.00)
[20/294]	2.673 (3.595)	0.00 (0.00)
[21/294]	2.682 (3.554)	0.00 (0.00)
[22/294]	2.666 (3.515)	0.00 (0.00)
[23/294]	2.649 (3.479)	0.00 (0.00)
[24/294]	2.633 (3.445)	0.00 (0.00)
[25/294]	2.598 (3.412)	5.00 (0.19)
[26/294]	2.558 (3.381)	25.00 (1.11)
[27/294]	2.509 (3.350)	20.00 (1.79)
[28/294]	2.550 (3.322)	35.00 (2.93)
[29/294]	2.527 (3.296)	45.00 (4.33)
[30/294]	2.502 (3.270)	55.00 (5.97)
[31/294]	2.432 (3.244)	90.00 (8.59)
[32/294]	2.408 (3.219)	65.00 (10.30)
[33/294]	2.219 (3.189)	75.00 (12.21)
[34/294]	2.004 (3.155)	50.00 (13.29)
[35/294]	2.098 (3.126)	50.00 (14.31)
[36/294]	1.916 (3.093)	50.00 (15.27)
[37/294]	1.611 (3.054)	50.00 (16.18)
[38/294]	1.570 (3.016)	50.00 (17.05)
[39/294]	1.715 (2.984)	50.00 (17.88)
[40/294]	1.399 (2.945)	50.00 (18.66)
[41/294]	0.905 (2.896)	50.00 (19.40)
[42/294]	1.044 (2.853)	50.00 (20.12)
[43/294]	1.426 (2.821)	50.00 (20.80)
[44/294]	1.075 (2.782)	50.00 (21.44)
[45/294]	0.905 (2.741)	50.00 (22.07)
[46/294]	1.156 (2.708)	50.00 (22.66)
[47/294]	1.178 (2.676)	50.00 (23.23)
[48/294]	0.979 (2.641)	50.00 (23.78)
[49/294]	0.864 (2.606)	50.00 (24.30)
[50/294]	0.965 (2.573)	50.00 (24.80)
[51/294]	1.087 (2.545)	50.00 (25.29)
[52/294]	1.296 (2.521)	50.00 (25.75)
[53/294]	1.067 (2.494)	50.00 (26.20)
[54/294]	1.041 (2.468)	50.00 (26.64)
[55/294]	0.960 (2.441)	50.00 (27.05)
[56/294]	0.998 (2.416)	55.00 (27.54)
[57/294]	0.933 (2.390)	50.00 (27.93)
[58/294]	0.917 (2.365)	50.00 (28.31)
[59/294]	0.958 (2.342)	50.00 (28.67)
[60/294]	0.957 (2.319)	50.00 (29.02)
[61/294]	0.917 (2.296)	50.00 (29.35)
[62/294]	0.813 (2.273)	50.00 (29.68)
[63/294]	0.855 (2.251)	90.00 (30.62)
[64/294]	0.850 (2.229)	45.00 (30.85)
[65/294]	0.837 (2.208)	50.00 (31.14)
[66/294]	0.834 (2.187)	50.00 (31.42)
[67/294]	0.863 (2.168)	50.00 (31.69)
[68/294]	0.834 (2.149)	50.00 (31.96)
[69/294]	0.780 (2.129)	50.00 (32.21)
[70/294]	0.738 (2.110)	80.00 (32.89)
[71/294]	0.753 (2.091)	50.00 (33.12)
[72/294]	0.835 (2.073)	50.00 (33.36)
[73/294]	0.995 (2.059)	50.00 (33.58)
[74/294]	0.778 (2.042)	65.00 (34.00)
[75/294]	0.918 (2.027)	50.00 (34.21)
[76/294]	0.922 (2.013)	50.00 (34.42)
[77/294]	0.778 (1.997)	70.00 (34.87)
[78/294]	0.885 (1.983)	50.00 (35.06)
[79/294]	0.915 (1.969)	50.00 (35.25)
[80/294]	0.741 (1.954)	50.00 (35.43)
[81/294]	0.754 (1.940)	65.00 (35.79)
[82/294]	0.763 (1.925)	55.00 (36.02)
[83/294]	0.687 (1.911)	85.00 (36.61)
[84/294]	0.774 (1.897)	45.00 (36.71)
[85/294]	0.747 (1.884)	50.00 (36.86)
[86/294]	0.805 (1.872)	50.00 (37.01)
[87/294]	0.771 (1.859)	50.00 (37.16)
[88/294]	0.711 (1.846)	50.00 (37.30)
[89/294]	0.722 (1.834)	50.00 (37.44)
[90/294]	0.795 (1.822)	40.00 (37.47)
[91/294]	0.769 (1.811)	55.00 (37.66)
[92/294]	0.756 (1.799)	50.00 (37.80)
[93/294]	0.764 (1.788)	50.00 (37.93)
[94/294]	0.839 (1.778)	50.00 (38.05)
[95/294]	0.783 (1.768)	50.00 (38.18)
[96/294]	0.765 (1.758)	55.00 (38.35)
[97/294]	0.698 (1.747)	90.00 (38.88)
[98/294]	0.838 (1.738)	50.00 (38.99)
[99/294]	0.741 (1.728)	50.00 (39.10)
[100/294]	0.685 (1.717)	60.00 (39.31)
[101/294]	0.792 (1.708)	40.00 (39.31)
[102/294]	0.663 (1.698)	55.00 (39.47)
[103/294]	0.719 (1.689)	50.00 (39.57)
[104/294]	0.788 (1.680)	55.00 (39.71)
[105/294]	0.593 (1.670)	75.00 (40.05)
[106/294]	0.630 (1.660)	50.00 (40.14)
[107/294]	0.731 (1.652)	50.00 (40.23)
[108/294]	1.024 (1.646)	50.00 (40.32)
[109/294]	0.729 (1.638)	50.00 (40.41)
[110/294]	0.717 (1.629)	70.00 (40.68)
[111/294]	0.788 (1.622)	50.00 (40.76)
[112/294]	0.826 (1.615)	50.00 (40.84)
[113/294]	0.888 (1.608)	50.00 (40.92)
[114/294]	0.901 (1.602)	50.00 (41.00)
[115/294]	0.738 (1.595)	55.00 (41.12)
[116/294]	0.621 (1.586)	65.00 (41.32)
[117/294]	0.571 (1.578)	100.00 (41.82)
[118/294]	0.540 (1.569)	65.00 (42.02)
[119/294]	0.607 (1.561)	60.00 (42.17)
[120/294]	0.832 (1.555)	65.00 (42.36)
[121/294]	0.919 (1.550)	50.00 (42.42)
[122/294]	0.809 (1.544)	50.00 (42.48)
[123/294]	0.752 (1.537)	55.00 (42.58)
[124/294]	0.707 (1.531)	55.00 (42.68)
[125/294]	0.841 (1.525)	50.00 (42.74)
[126/294]	0.817 (1.520)	50.00 (42.80)
[127/294]	0.777 (1.514)	50.00 (42.85)
[128/294]	0.742 (1.508)	50.00 (42.91)
[129/294]	0.573 (1.501)	85.00 (43.23)
[130/294]	0.692 (1.495)	75.00 (43.47)
[131/294]	0.666 (1.488)	80.00 (43.75)
[132/294]	0.610 (1.482)	85.00 (44.06)
[133/294]	0.700 (1.476)	50.00 (44.10)
[134/294]	0.692 (1.470)	50.00 (44.15)
[135/294]	0.602 (1.464)	55.00 (44.23)
[136/294]	0.764 (1.459)	50.00 (44.27)
[137/294]	0.679 (1.453)	70.00 (44.46)
[138/294]	0.637 (1.447)	60.00 (44.57)
[139/294]	0.721 (1.442)	50.00 (44.61)
[140/294]	1.012 (1.439)	50.00 (44.65)
[141/294]	0.730 (1.434)	55.00 (44.72)
[142/294]	0.607 (1.428)	65.00 (44.86)
[143/294]	0.525 (1.422)	100.00 (45.24)
[144/294]	0.710 (1.417)	60.00 (45.34)
[145/294]	0.711 (1.412)	50.00 (45.38)
[146/294]	0.485 (1.406)	70.00 (45.54)
[147/294]	0.471 (1.399)	100.00 (45.91)
[148/294]	0.714 (1.395)	65.00 (46.04)
[149/294]	0.803 (1.391)	70.00 (46.20)
[150/294]	0.423 (1.384)	90.00 (46.49)
[151/294]	0.564 (1.379)	90.00 (46.78)
[152/294]	0.459 (1.373)	95.00 (47.09)
[153/294]	0.400 (1.367)	95.00 (47.40)
[154/294]	0.643 (1.362)	50.00 (47.42)
[155/294]	0.744 (1.358)	45.00 (47.40)
[156/294]	0.696 (1.354)	65.00 (47.52)
[157/294]	0.615 (1.349)	50.00 (47.53)
[158/294]	0.474 (1.344)	75.00 (47.70)
[159/294]	0.525 (1.339)	70.00 (47.84)
[160/294]	0.463 (1.333)	100.00 (48.17)
[161/294]	0.829 (1.330)	50.00 (48.18)
[162/294]	0.491 (1.325)	80.00 (48.37)
[163/294]	0.468 (1.320)	85.00 (48.60)
[164/294]	0.778 (1.316)	50.00 (48.61)
[165/294]	1.118 (1.315)	50.00 (48.61)
[166/294]	0.715 (1.312)	65.00 (48.71)
[167/294]	0.759 (1.308)	70.00 (48.84)
[168/294]	0.273 (1.302)	100.00 (49.14)
[169/294]	1.002 (1.300)	55.00 (49.18)
[170/294]	1.360 (1.301)	50.00 (49.18)
[171/294]	0.848 (1.298)	50.00 (49.19)
[172/294]	0.826 (1.295)	45.00 (49.16)
[173/294]	0.729 (1.292)	55.00 (49.20)
[174/294]	0.799 (1.289)	50.00 (49.20)
[175/294]	0.844 (1.287)	50.00 (49.20)
[176/294]	0.904 (1.285)	50.00 (49.21)
[177/294]	0.728 (1.281)	50.00 (49.21)
[178/294]	1.062 (1.280)	50.00 (49.22)
[179/294]	0.667 (1.277)	50.00 (49.22)
[180/294]	0.693 (1.274)	85.00 (49.42)
[181/294]	0.655 (1.270)	90.00 (49.64)
[182/294]	0.987 (1.269)	65.00 (49.73)
[183/294]	1.060 (1.268)	50.00 (49.73)
[184/294]	0.956 (1.266)	50.00 (49.73)
[185/294]	0.953 (1.264)	50.00 (49.73)
[186/294]	0.766 (1.262)	50.00 (49.73)
[187/294]	0.700 (1.259)	55.00 (49.76)
[188/294]	0.532 (1.255)	65.00 (49.84)
[189/294]	0.556 (1.251)	80.00 (50.00)
[190/294]	0.460 (1.247)	85.00 (50.18)
[191/294]	0.547 (1.243)	75.00 (50.31)
[192/294]	0.639 (1.240)	60.00 (50.36)
[193/294]	0.765 (1.238)	45.00 (50.34)
[194/294]	0.754 (1.235)	50.00 (50.33)
[195/294]	0.683 (1.232)	50.00 (50.33)
[196/294]	0.614 (1.229)	55.00 (50.36)
[197/294]	0.370 (1.225)	85.00 (50.53)
[198/294]	0.302 (1.220)	85.00 (50.70)
[199/294]	0.832 (1.218)	55.00 (50.73)
[200/294]	0.816 (1.216)	55.00 (50.75)
[201/294]	0.390 (1.212)	90.00 (50.94)
[202/294]	0.876 (1.211)	50.00 (50.94)
[203/294]	1.614 (1.212)	50.00 (50.93)
[204/294]	0.816 (1.211)	50.00 (50.93)
[205/294]	0.466 (1.207)	95.00 (51.14)
[206/294]	0.566 (1.204)	65.00 (51.21)
[207/294]	0.400 (1.200)	90.00 (51.39)
[208/294]	0.580 (1.197)	70.00 (51.48)
[209/294]	0.799 (1.195)	50.00 (51.48)
[210/294]	1.072 (1.195)	50.00 (51.47)
[211/294]	0.724 (1.192)	65.00 (51.53)
[212/294]	0.576 (1.189)	75.00 (51.64)
[213/294]	0.665 (1.187)	70.00 (51.73)
[214/294]	0.746 (1.185)	75.00 (51.84)
[215/294]	0.790 (1.183)	65.00 (51.90)
[216/294]	0.574 (1.180)	90.00 (52.07)
[217/294]	0.568 (1.177)	75.00 (52.18)
[218/294]	0.578 (1.175)	70.00 (52.26)
[219/294]	0.524 (1.172)	80.00 (52.39)
[220/294]	0.415 (1.168)	100.00 (52.60)
[221/294]	0.500 (1.165)	70.00 (52.68)
[222/294]	0.429 (1.162)	75.00 (52.78)
[223/294]	0.398 (1.159)	80.00 (52.90)
[224/294]	0.352 (1.155)	95.00 (53.09)
[225/294]	1.554 (1.157)	65.00 (53.14)
[226/294]	1.475 (1.158)	20.00 (53.00)
[227/294]	0.917 (1.157)	50.00 (52.98)
[228/294]	1.013 (1.157)	50.00 (52.97)
[229/294]	1.398 (1.158)	50.00 (52.96)
[230/294]	1.641 (1.160)	50.00 (52.94)
[231/294]	0.732 (1.158)	50.00 (52.93)
[232/294]	0.570 (1.155)	50.00 (52.92)
[233/294]	0.567 (1.153)	90.00 (53.08)
[234/294]	0.806 (1.151)	70.00 (53.15)
[235/294]	0.718 (1.149)	50.00 (53.14)
[236/294]	0.672 (1.147)	50.00 (53.12)
[237/294]	0.713 (1.146)	50.00 (53.11)
[238/294]	0.758 (1.144)	50.00 (53.10)
[239/294]	0.765 (1.142)	50.00 (53.08)
[240/294]	0.787 (1.141)	50.00 (53.07)
[241/294]	0.655 (1.139)	50.00 (53.06)
[242/294]	0.945 (1.138)	50.00 (53.05)
[243/294]	0.878 (1.137)	50.00 (53.03)
[244/294]	0.730 (1.135)	50.00 (53.02)
[245/294]	0.643 (1.133)	50.00 (53.01)
[246/294]	0.567 (1.131)	65.00 (53.06)
[247/294]	0.532 (1.129)	85.00 (53.19)
[248/294]	0.804 (1.127)	95.00 (53.35)
[249/294]	0.564 (1.125)	95.00 (53.52)
[250/294]	0.537 (1.123)	90.00 (53.67)
[251/294]	0.565 (1.121)	80.00 (53.77)
[252/294]	0.723 (1.119)	55.00 (53.77)
[253/294]	0.700 (1.117)	70.00 (53.84)
[254/294]	0.622 (1.115)	75.00 (53.92)
[255/294]	0.806 (1.114)	55.00 (53.93)
[256/294]	0.371 (1.111)	95.00 (54.09)
[257/294]	0.369 (1.108)	90.00 (54.22)
[258/294]	0.323 (1.105)	95.00 (54.38)
[259/294]	0.772 (1.104)	60.00 (54.40)
[260/294]	0.271 (1.101)	100.00 (54.58)
[261/294]	0.263 (1.098)	95.00 (54.73)
[262/294]	0.186 (1.094)	100.00 (54.90)
[263/294]	0.906 (1.094)	65.00 (54.94)
[264/294]	0.354 (1.091)	90.00 (55.08)
[265/294]	0.118 (1.087)	100.00 (55.24)
[266/294]	0.578 (1.085)	65.00 (55.28)
[267/294]	0.191 (1.082)	95.00 (55.43)
[268/294]	0.380 (1.079)	80.00 (55.52)
[269/294]	1.383 (1.080)	50.00 (55.50)
[270/294]	0.337 (1.078)	90.00 (55.63)
[271/294]	0.404 (1.075)	80.00 (55.72)
[272/294]	0.597 (1.073)	70.00 (55.77)
[273/294]	0.559 (1.072)	65.00 (55.80)
[274/294]	0.634 (1.070)	65.00 (55.84)
[275/294]	1.734 (1.072)	50.00 (55.82)
[276/294]	0.983 (1.072)	60.00 (55.83)
[277/294]	0.868 (1.071)	45.00 (55.79)
[278/294]	0.630 (1.070)	60.00 (55.81)
[279/294]	0.178 (1.067)	100.00 (55.96)
[280/294]	0.679 (1.065)	60.00 (55.98)
[281/294]	0.343 (1.063)	90.00 (56.10)
[282/294]	0.284 (1.060)	100.00 (56.25)
[283/294]	0.574 (1.058)	75.00 (56.32)
[284/294]	0.652 (1.057)	75.00 (56.39)
[285/294]	0.593 (1.055)	80.00 (56.47)
[286/294]	0.577 (1.053)	85.00 (56.57)
[287/294]	0.738 (1.052)	55.00 (56.56)
[288/294]	0.691 (1.051)	60.00 (56.57)
[289/294]	0.584 (1.049)	65.00 (56.60)
[290/294]	0.602 (1.048)	65.00 (56.63)
[291/294]	0.667 (1.047)	55.00 (56.63)
[292/294]	0.475 (1.045)	80.00 (56.71)
[293/294]	0.355 (1.042)	100.00 (56.85)
 * Train Acc: 56.854
 * Avg. Data time: 0.005, Avg. Batch time: 0.061, Avg. Forward time: 0.004, Avg. Backward time: 0.045
Computing SI
 * Val Acc: 16.588, Time: 3.75
 * Test Acc: 16.445, Time: 8.37
=============Training Task 5=============
Active output nodes for this task: 
[0, 1, 2, 3, 4, 5, 6, 7, 8, 9, 10, 11]
=============Training Epoch 0=============
#reg terms:  1
Batch	 Loss		 Acc
[0/294]	5.602 (5.602)	0.00 (0.00)
[1/294]	4.900 (5.251)	0.00 (0.00)
[2/294]	3.742 (4.748)	0.00 (0.00)
[3/294]	3.004 (4.312)	0.00 (0.00)
[4/294]	2.804 (4.010)	0.00 (0.00)
[5/294]	2.682 (3.789)	0.00 (0.00)
[6/294]	2.633 (3.624)	0.00 (0.00)
[7/294]	2.584 (3.494)	0.00 (0.00)
[8/294]	2.574 (3.392)	0.00 (0.00)
[9/294]	2.566 (3.309)	0.00 (0.00)
[10/294]	2.557 (3.241)	0.00 (0.00)
[11/294]	2.545 (3.183)	0.00 (0.00)
[12/294]	2.543 (3.133)	0.00 (0.00)
[13/294]	2.547 (3.092)	0.00 (0.00)
[14/294]	2.548 (3.055)	0.00 (0.00)
[15/294]	2.544 (3.023)	0.00 (0.00)
[16/294]	2.516 (2.994)	0.00 (0.00)
[17/294]	2.508 (2.967)	0.00 (0.00)
[18/294]	2.493 (2.942)	0.00 (0.00)
[19/294]	2.489 (2.919)	0.00 (0.00)
[20/294]	2.487 (2.898)	0.00 (0.00)
[21/294]	2.477 (2.879)	0.00 (0.00)
[22/294]	2.462 (2.861)	0.00 (0.00)
[23/294]	2.443 (2.844)	0.00 (0.00)
[24/294]	2.427 (2.827)	0.00 (0.00)
[25/294]	2.413 (2.811)	0.00 (0.00)
[26/294]	2.395 (2.796)	10.00 (0.37)
[27/294]	2.396 (2.781)	35.00 (1.61)
[28/294]	2.388 (2.768)	20.00 (2.24)
[29/294]	2.370 (2.755)	45.00 (3.67)
[30/294]	2.343 (2.741)	55.00 (5.32)
[31/294]	2.340 (2.729)	60.00 (7.03)
[32/294]	2.312 (2.716)	65.00 (8.79)
[33/294]	2.289 (2.704)	55.00 (10.15)
[34/294]	2.193 (2.689)	50.00 (11.29)
[35/294]	2.197 (2.675)	50.00 (12.36)
[36/294]	2.049 (2.658)	50.00 (13.38)
[37/294]	1.936 (2.639)	50.00 (14.34)
[38/294]	1.939 (2.621)	50.00 (15.26)
[39/294]	1.816 (2.601)	50.00 (16.12)
[40/294]	1.694 (2.579)	50.00 (16.95)
[41/294]	1.602 (2.556)	50.00 (17.74)
[42/294]	1.280 (2.526)	50.00 (18.49)
[43/294]	1.193 (2.496)	50.00 (19.20)
[44/294]	1.119 (2.465)	50.00 (19.89)
[45/294]	0.838 (2.430)	50.00 (20.54)
[46/294]	0.995 (2.399)	50.00 (21.17)
[47/294]	0.812 (2.366)	60.00 (21.98)
[48/294]	0.682 (2.332)	55.00 (22.65)
[49/294]	0.673 (2.299)	85.00 (23.90)
[50/294]	0.602 (2.266)	85.00 (25.10)
[51/294]	0.544 (2.232)	50.00 (25.58)
[52/294]	0.964 (2.208)	50.00 (26.04)
[53/294]	0.560 (2.178)	75.00 (26.94)
[54/294]	0.621 (2.150)	65.00 (27.64)
[55/294]	0.561 (2.121)	80.00 (28.57)
[56/294]	0.665 (2.096)	50.00 (28.95)
[57/294]	0.684 (2.071)	45.00 (29.22)
[58/294]	0.414 (2.043)	85.00 (30.17)
[59/294]	0.964 (2.025)	50.00 (30.50)
[60/294]	1.432 (2.016)	50.00 (30.82)
[61/294]	0.879 (1.997)	50.00 (31.13)
[62/294]	1.194 (1.984)	50.00 (31.43)
[63/294]	0.551 (1.962)	65.00 (31.95)
[64/294]	0.281 (1.936)	100.00 (33.00)
[65/294]	0.441 (1.914)	65.00 (33.48)
[66/294]	0.505 (1.893)	65.00 (33.96)
[67/294]	0.467 (1.872)	100.00 (34.93)
[68/294]	0.459 (1.851)	80.00 (35.58)
[69/294]	0.183 (1.827)	100.00 (36.50)
[70/294]	0.661 (1.811)	60.00 (36.83)
[71/294]	0.351 (1.791)	100.00 (37.71)
[72/294]	0.398 (1.772)	90.00 (38.42)
[73/294]	0.211 (1.750)	100.00 (39.26)
[74/294]	0.337 (1.732)	95.00 (40.00)
[75/294]	0.176 (1.711)	100.00 (40.79)
[76/294]	0.129 (1.691)	100.00 (41.56)
[77/294]	0.748 (1.678)	65.00 (41.86)
[78/294]	0.601 (1.665)	70.00 (42.22)
[79/294]	0.498 (1.650)	80.00 (42.69)
[80/294]	0.416 (1.635)	90.00 (43.27)
[81/294]	0.118 (1.617)	100.00 (43.96)
[82/294]	1.260 (1.612)	80.00 (44.40)
[83/294]	2.331 (1.621)	45.00 (44.40)
[84/294]	0.391 (1.606)	80.00 (44.82)
[85/294]	0.791 (1.597)	65.00 (45.06)
[86/294]	0.481 (1.584)	70.00 (45.34)
[87/294]	0.488 (1.572)	80.00 (45.74)
[88/294]	0.851 (1.563)	65.00 (45.96)
[89/294]	0.608 (1.553)	100.00 (46.56)
[90/294]	0.450 (1.541)	80.00 (46.92)
[91/294]	0.733 (1.532)	75.00 (47.23)
[92/294]	0.475 (1.521)	80.00 (47.58)
[93/294]	0.493 (1.510)	75.00 (47.87)
[94/294]	0.734 (1.501)	55.00 (47.95)
[95/294]	0.487 (1.491)	75.00 (48.23)
[96/294]	0.319 (1.479)	95.00 (48.71)
[97/294]	0.864 (1.473)	45.00 (48.67)
[98/294]	0.133 (1.459)	100.00 (49.19)
[99/294]	0.563 (1.450)	70.00 (49.40)
[100/294]	0.659 (1.442)	50.00 (49.41)
[101/294]	0.191 (1.430)	100.00 (49.90)
[102/294]	1.036 (1.426)	90.00 (50.29)
[103/294]	0.639 (1.419)	75.00 (50.53)
[104/294]	0.453 (1.409)	80.00 (50.81)
[105/294]	0.591 (1.402)	55.00 (50.85)
[106/294]	0.380 (1.392)	95.00 (51.26)
[107/294]	0.335 (1.382)	95.00 (51.67)
[108/294]	0.465 (1.374)	90.00 (52.02)
[109/294]	0.901 (1.370)	40.00 (51.91)
[110/294]	0.610 (1.363)	80.00 (52.16)
[111/294]	0.372 (1.354)	100.00 (52.59)
[112/294]	0.623 (1.347)	60.00 (52.65)
[113/294]	0.463 (1.340)	90.00 (52.98)
[114/294]	0.575 (1.333)	70.00 (53.13)
[115/294]	1.349 (1.333)	50.00 (53.10)
[116/294]	0.588 (1.327)	65.00 (53.21)
[117/294]	0.274 (1.318)	100.00 (53.60)
[118/294]	0.259 (1.309)	100.00 (53.99)
[119/294]	1.340 (1.309)	35.00 (53.83)
[120/294]	0.753 (1.305)	65.00 (53.93)
[121/294]	0.494 (1.298)	75.00 (54.10)
[122/294]	0.744 (1.293)	50.00 (54.07)
[123/294]	0.850 (1.290)	55.00 (54.07)
[124/294]	0.754 (1.286)	55.00 (54.08)
[125/294]	0.646 (1.281)	90.00 (54.37)
[126/294]	0.623 (1.275)	60.00 (54.41)
[127/294]	0.727 (1.271)	50.00 (54.38)
[128/294]	0.648 (1.266)	55.00 (54.38)
[129/294]	0.610 (1.261)	50.00 (54.35)
[130/294]	0.558 (1.256)	55.00 (54.35)
[131/294]	0.615 (1.251)	60.00 (54.39)
[132/294]	0.457 (1.245)	80.00 (54.59)
[133/294]	0.325 (1.238)	80.00 (54.78)
[134/294]	0.542 (1.233)	75.00 (54.93)
[135/294]	0.623 (1.229)	60.00 (54.96)
[136/294]	0.688 (1.225)	55.00 (54.96)
[137/294]	0.739 (1.221)	45.00 (54.89)
[138/294]	0.433 (1.215)	80.00 (55.07)
[139/294]	0.429 (1.210)	90.00 (55.32)
[140/294]	0.443 (1.204)	90.00 (55.57)
[141/294]	0.255 (1.198)	100.00 (55.88)
[142/294]	0.626 (1.194)	80.00 (56.05)
[143/294]	1.028 (1.192)	65.00 (56.11)
[144/294]	0.160 (1.185)	100.00 (56.41)
[145/294]	0.424 (1.180)	80.00 (56.58)
[146/294]	0.333 (1.174)	90.00 (56.80)
[147/294]	0.290 (1.168)	100.00 (57.09)
[148/294]	0.148 (1.162)	100.00 (57.38)
[149/294]	0.305 (1.156)	95.00 (57.63)
[150/294]	0.702 (1.153)	80.00 (57.78)
[151/294]	0.384 (1.148)	90.00 (57.99)
[152/294]	0.247 (1.142)	95.00 (58.24)
[153/294]	0.128 (1.135)	100.00 (58.51)
[154/294]	0.129 (1.129)	100.00 (58.77)
[155/294]	0.406 (1.124)	85.00 (58.94)
[156/294]	0.302 (1.119)	90.00 (59.14)
[157/294]	0.139 (1.113)	95.00 (59.37)
[158/294]	0.095 (1.106)	100.00 (59.62)
[159/294]	0.337 (1.102)	80.00 (59.75)
[160/294]	0.437 (1.097)	80.00 (59.88)
[161/294]	0.105 (1.091)	100.00 (60.12)
[162/294]	0.147 (1.085)	100.00 (60.37)
[163/294]	0.097 (1.079)	100.00 (60.61)
[164/294]	0.080 (1.073)	100.00 (60.85)
[165/294]	0.657 (1.071)	75.00 (60.93)
[166/294]	0.844 (1.070)	70.00 (60.99)
[167/294]	0.441 (1.066)	80.00 (61.10)
[168/294]	0.454 (1.062)	85.00 (61.24)
[169/294]	0.220 (1.057)	95.00 (61.44)
[170/294]	0.068 (1.051)	100.00 (61.67)
[171/294]	0.049 (1.046)	100.00 (61.89)
[172/294]	0.194 (1.041)	95.00 (62.08)
[173/294]	0.633 (1.038)	70.00 (62.13)
[174/294]	0.534 (1.035)	65.00 (62.14)
[175/294]	0.086 (1.030)	100.00 (62.36)
[176/294]	0.425 (1.027)	80.00 (62.46)
[177/294]	0.738 (1.025)	55.00 (62.42)
[178/294]	0.813 (1.024)	65.00 (62.43)
[179/294]	0.244 (1.020)	100.00 (62.64)
[180/294]	0.472 (1.016)	85.00 (62.76)
[181/294]	0.460 (1.013)	80.00 (62.86)
[182/294]	0.376 (1.010)	90.00 (63.01)
[183/294]	0.216 (1.006)	100.00 (63.21)
[184/294]	0.260 (1.002)	100.00 (63.41)
[185/294]	0.294 (0.998)	95.00 (63.58)
[186/294]	0.616 (0.996)	75.00 (63.64)
[187/294]	0.319 (0.992)	90.00 (63.78)
[188/294]	0.319 (0.989)	85.00 (63.89)
[189/294]	0.348 (0.985)	90.00 (64.03)
[190/294]	0.774 (0.984)	55.00 (63.98)
[191/294]	0.465 (0.981)	85.00 (64.09)
[192/294]	0.238 (0.978)	100.00 (64.27)
[193/294]	0.551 (0.975)	80.00 (64.36)
[194/294]	0.395 (0.972)	95.00 (64.51)
[195/294]	0.430 (0.970)	75.00 (64.57)
[196/294]	0.170 (0.966)	95.00 (64.72)
[197/294]	0.288 (0.962)	95.00 (64.87)
[198/294]	0.431 (0.959)	70.00 (64.90)
[199/294]	0.788 (0.959)	65.00 (64.90)
[200/294]	0.115 (0.954)	95.00 (65.05)
[201/294]	0.108 (0.950)	100.00 (65.22)
[202/294]	0.104 (0.946)	100.00 (65.39)
[203/294]	0.358 (0.943)	90.00 (65.51)
[204/294]	0.193 (0.940)	100.00 (65.68)
[205/294]	0.293 (0.936)	85.00 (65.78)
[206/294]	0.269 (0.933)	90.00 (65.89)
[207/294]	0.786 (0.932)	85.00 (65.99)
[208/294]	0.338 (0.930)	85.00 (66.08)
[209/294]	0.125 (0.926)	100.00 (66.24)
[210/294]	0.493 (0.924)	70.00 (66.26)
[211/294]	0.159 (0.920)	95.00 (66.39)
[212/294]	0.078 (0.916)	100.00 (66.55)
[213/294]	0.045 (0.912)	100.00 (66.71)
[214/294]	1.418 (0.914)	45.00 (66.60)
[215/294]	0.530 (0.913)	75.00 (66.64)
[216/294]	0.225 (0.909)	100.00 (66.80)
[217/294]	0.226 (0.906)	90.00 (66.90)
[218/294]	0.557 (0.905)	65.00 (66.89)
[219/294]	0.380 (0.902)	75.00 (66.93)
[220/294]	0.472 (0.900)	75.00 (66.97)
[221/294]	0.169 (0.897)	100.00 (67.12)
[222/294]	0.131 (0.894)	100.00 (67.26)
[223/294]	0.194 (0.891)	90.00 (67.37)
[224/294]	0.171 (0.887)	100.00 (67.51)
[225/294]	0.321 (0.885)	85.00 (67.59)
[226/294]	0.685 (0.884)	70.00 (67.60)
[227/294]	0.599 (0.883)	65.00 (67.59)
[228/294]	0.963 (0.883)	45.00 (67.49)
[229/294]	0.187 (0.880)	95.00 (67.61)
[230/294]	0.300 (0.878)	90.00 (67.71)
[231/294]	0.143 (0.874)	95.00 (67.82)
[232/294]	2.359 (0.881)	55.00 (67.77)
[233/294]	0.594 (0.880)	75.00 (67.80)
[234/294]	0.460 (0.878)	75.00 (67.83)
[235/294]	0.082 (0.874)	100.00 (67.97)
[236/294]	0.507 (0.873)	75.00 (68.00)
[237/294]	0.673 (0.872)	55.00 (67.94)
[238/294]	0.403 (0.870)	85.00 (68.01)
[239/294]	0.938 (0.870)	50.00 (67.94)
[240/294]	0.725 (0.870)	50.00 (67.86)
[241/294]	0.785 (0.869)	55.00 (67.81)
[242/294]	0.592 (0.868)	80.00 (67.86)
[243/294]	0.337 (0.866)	95.00 (67.97)
[244/294]	0.240 (0.863)	100.00 (68.10)
[245/294]	0.470 (0.862)	75.00 (68.13)
[246/294]	0.590 (0.861)	75.00 (68.16)
[247/294]	0.459 (0.859)	80.00 (68.21)
[248/294]	0.253 (0.857)	90.00 (68.29)
[249/294]	0.506 (0.855)	85.00 (68.36)
[250/294]	0.427 (0.854)	80.00 (68.41)
[251/294]	0.217 (0.851)	95.00 (68.51)
[252/294]	0.114 (0.848)	100.00 (68.64)
[253/294]	0.283 (0.846)	85.00 (68.70)
[254/294]	0.190 (0.843)	100.00 (68.82)
[255/294]	0.226 (0.841)	95.00 (68.93)
[256/294]	0.685 (0.840)	65.00 (68.91)
[257/294]	0.282 (0.838)	85.00 (68.97)
[258/294]	0.091 (0.835)	95.00 (69.07)
[259/294]	0.175 (0.833)	100.00 (69.19)
[260/294]	0.272 (0.831)	95.00 (69.29)
[261/294]	0.215 (0.828)	95.00 (69.39)
[262/294]	0.059 (0.825)	100.00 (69.51)
[263/294]	0.557 (0.824)	70.00 (69.51)
[264/294]	0.135 (0.822)	100.00 (69.62)
[265/294]	0.071 (0.819)	100.00 (69.74)
[266/294]	0.058 (0.816)	100.00 (69.85)
[267/294]	0.987 (0.817)	60.00 (69.81)
[268/294]	0.290 (0.815)	90.00 (69.89)
[269/294]	0.037 (0.812)	100.00 (70.00)
[270/294]	0.568 (0.811)	65.00 (69.98)
[271/294]	0.296 (0.809)	90.00 (70.06)
[272/294]	0.137 (0.807)	100.00 (70.16)
[273/294]	0.100 (0.804)	100.00 (70.27)
[274/294]	0.148 (0.802)	100.00 (70.38)
[275/294]	0.140 (0.799)	100.00 (70.49)
[276/294]	0.119 (0.797)	100.00 (70.60)
[277/294]	0.250 (0.795)	85.00 (70.65)
[278/294]	0.559 (0.794)	65.00 (70.63)
[279/294]	0.377 (0.792)	85.00 (70.68)
[280/294]	0.353 (0.791)	85.00 (70.73)
[281/294]	0.491 (0.790)	90.00 (70.80)
[282/294]	0.372 (0.788)	90.00 (70.87)
[283/294]	0.390 (0.787)	85.00 (70.92)
[284/294]	0.220 (0.785)	90.00 (70.98)
[285/294]	0.062 (0.782)	100.00 (71.08)
[286/294]	0.100 (0.780)	100.00 (71.18)
[287/294]	0.056 (0.778)	100.00 (71.28)
[288/294]	0.081 (0.775)	100.00 (71.38)
[289/294]	0.218 (0.773)	90.00 (71.45)
[290/294]	0.266 (0.771)	85.00 (71.49)
[291/294]	0.250 (0.770)	95.00 (71.58)
[292/294]	0.174 (0.768)	90.00 (71.64)
[293/294]	0.094 (0.766)	100.00 (71.71)
 * Train Acc: 71.711
 * Avg. Data time: 0.005, Avg. Batch time: 0.066, Avg. Forward time: 0.004, Avg. Backward time: 0.048
Computing SI
 * Val Acc: 14.710, Time: 8.83
 * Test Acc: 15.452, Time: 13.11
testing accuracies
           0          1          2          3        4          5
0  96.008515  42.138867  31.378092  21.570193  16.4452  15.451895
validation accuracies
           0          1          2          3          4         5
0  96.567863  41.608119  30.275716  22.506898  16.587678  14.70978
