=============Stream Learning Run 0=============
Changing output layer to contain 12 classes
============BEGINNING STREAM LEARNING============
=============Training Task 0=============
Active output nodes for this task: 
[0, 1]
=============Training Epoch 0=============
#reg terms:  0
Batch	 Loss		 Acc
[0/294]	0.906 (0.906)	60.00 (60.00)
[1/294]	0.895 (0.900)	60.00 (60.00)
[2/294]	0.820 (0.874)	50.00 (56.67)
[3/294]	0.553 (0.793)	70.00 (60.00)
[4/294]	1.167 (0.868)	50.00 (58.00)
[5/294]	1.050 (0.898)	50.00 (56.67)
[6/294]	0.967 (0.908)	50.00 (55.71)
[7/294]	0.687 (0.881)	55.00 (55.62)
[8/294]	0.491 (0.837)	85.00 (58.89)
[9/294]	0.676 (0.821)	55.00 (58.50)
[10/294]	0.620 (0.803)	60.00 (58.64)
[11/294]	0.555 (0.782)	60.00 (58.75)
[12/294]	0.585 (0.767)	60.00 (58.85)
[13/294]	0.436 (0.743)	80.00 (60.36)
[14/294]	0.631 (0.736)	65.00 (60.67)
[15/294]	0.617 (0.728)	65.00 (60.94)
[16/294]	0.426 (0.711)	90.00 (62.65)
[17/294]	0.467 (0.697)	85.00 (63.89)
[18/294]	0.465 (0.685)	90.00 (65.26)
[19/294]	0.393 (0.670)	90.00 (66.50)
[20/294]	0.425 (0.659)	85.00 (67.38)
[21/294]	0.494 (0.651)	75.00 (67.73)
[22/294]	0.616 (0.650)	65.00 (67.61)
[23/294]	0.509 (0.644)	60.00 (67.29)
[24/294]	0.340 (0.632)	90.00 (68.20)
[25/294]	0.392 (0.622)	90.00 (69.04)
[26/294]	0.380 (0.613)	85.00 (69.63)
[27/294]	0.458 (0.608)	75.00 (69.82)
[28/294]	0.330 (0.598)	95.00 (70.69)
[29/294]	0.385 (0.591)	85.00 (71.17)
[30/294]	0.271 (0.581)	90.00 (71.77)
[31/294]	0.408 (0.575)	80.00 (72.03)
[32/294]	0.191 (0.564)	90.00 (72.58)
[33/294]	0.398 (0.559)	80.00 (72.79)
[34/294]	0.309 (0.552)	80.00 (73.00)
[35/294]	0.201 (0.542)	100.00 (73.75)
[36/294]	0.343 (0.537)	85.00 (74.05)
[37/294]	0.256 (0.529)	90.00 (74.47)
[38/294]	0.436 (0.527)	85.00 (74.74)
[39/294]	0.367 (0.523)	85.00 (75.00)
[40/294]	0.171 (0.514)	95.00 (75.49)
[41/294]	0.165 (0.506)	100.00 (76.07)
[42/294]	0.198 (0.499)	95.00 (76.51)
[43/294]	0.222 (0.493)	95.00 (76.93)
[44/294]	0.327 (0.489)	80.00 (77.00)
[45/294]	0.307 (0.485)	85.00 (77.17)
[46/294]	0.244 (0.480)	90.00 (77.45)
[47/294]	0.563 (0.481)	75.00 (77.40)
[48/294]	0.257 (0.477)	85.00 (77.55)
[49/294]	0.188 (0.471)	90.00 (77.80)
[50/294]	0.124 (0.464)	100.00 (78.24)
[51/294]	0.399 (0.463)	85.00 (78.37)
[52/294]	0.231 (0.459)	90.00 (78.58)
[53/294]	0.108 (0.452)	100.00 (78.98)
[54/294]	0.163 (0.447)	100.00 (79.36)
[55/294]	0.392 (0.446)	85.00 (79.46)
[56/294]	0.157 (0.441)	95.00 (79.74)
[57/294]	0.264 (0.438)	90.00 (79.91)
[58/294]	0.095 (0.432)	100.00 (80.25)
[59/294]	0.163 (0.428)	95.00 (80.50)
[60/294]	0.180 (0.423)	90.00 (80.66)
[61/294]	0.176 (0.419)	95.00 (80.89)
[62/294]	0.255 (0.417)	85.00 (80.95)
[63/294]	0.116 (0.412)	95.00 (81.17)
[64/294]	0.264 (0.410)	90.00 (81.31)
[65/294]	0.123 (0.406)	100.00 (81.59)
[66/294]	0.104 (0.401)	95.00 (81.79)
[67/294]	0.161 (0.397)	90.00 (81.91)
[68/294]	0.141 (0.394)	95.00 (82.10)
[69/294]	0.196 (0.391)	85.00 (82.14)
[70/294]	0.066 (0.386)	100.00 (82.39)
[71/294]	0.251 (0.385)	85.00 (82.43)
[72/294]	0.328 (0.384)	90.00 (82.53)
[73/294]	0.157 (0.381)	95.00 (82.70)
[74/294]	0.110 (0.377)	100.00 (82.93)
[75/294]	0.049 (0.373)	100.00 (83.16)
[76/294]	0.059 (0.369)	100.00 (83.38)
[77/294]	0.018 (0.364)	100.00 (83.59)
[78/294]	0.096 (0.361)	95.00 (83.73)
[79/294]	0.172 (0.358)	95.00 (83.88)
[80/294]	0.335 (0.358)	95.00 (84.01)
[81/294]	0.027 (0.354)	100.00 (84.21)
[82/294]	0.151 (0.352)	100.00 (84.40)
[83/294]	0.115 (0.349)	95.00 (84.52)
[84/294]	0.168 (0.347)	90.00 (84.59)
[85/294]	0.189 (0.345)	90.00 (84.65)
[86/294]	0.216 (0.343)	90.00 (84.71)
[87/294]	0.127 (0.341)	95.00 (84.83)
[88/294]	0.139 (0.339)	95.00 (84.94)
[89/294]	0.331 (0.339)	90.00 (85.00)
[90/294]	0.220 (0.337)	90.00 (85.05)
[91/294]	0.100 (0.335)	95.00 (85.16)
[92/294]	0.412 (0.336)	75.00 (85.05)
[93/294]	0.094 (0.333)	100.00 (85.21)
[94/294]	0.208 (0.332)	95.00 (85.32)
[95/294]	0.074 (0.329)	100.00 (85.47)
[96/294]	0.186 (0.327)	95.00 (85.57)
[97/294]	0.071 (0.325)	95.00 (85.66)
[98/294]	0.054 (0.322)	100.00 (85.81)
[99/294]	0.068 (0.320)	95.00 (85.90)
[100/294]	0.098 (0.317)	95.00 (85.99)
[101/294]	0.081 (0.315)	95.00 (86.08)
[102/294]	0.250 (0.314)	85.00 (86.07)
[103/294]	0.281 (0.314)	90.00 (86.11)
[104/294]	0.084 (0.312)	100.00 (86.24)
[105/294]	0.067 (0.310)	95.00 (86.32)
[106/294]	0.098 (0.308)	100.00 (86.45)
[107/294]	0.066 (0.305)	100.00 (86.57)
[108/294]	0.097 (0.303)	100.00 (86.70)
[109/294]	0.088 (0.302)	95.00 (86.77)
[110/294]	0.081 (0.300)	100.00 (86.89)
[111/294]	0.050 (0.297)	100.00 (87.01)
[112/294]	0.147 (0.296)	95.00 (87.08)
[113/294]	0.146 (0.295)	90.00 (87.11)
[114/294]	0.060 (0.293)	100.00 (87.22)
[115/294]	0.176 (0.292)	90.00 (87.24)
[116/294]	0.069 (0.290)	95.00 (87.31)
[117/294]	0.075 (0.288)	100.00 (87.42)
[118/294]	0.168 (0.287)	90.00 (87.44)
[119/294]	0.127 (0.286)	95.00 (87.50)
[120/294]	0.092 (0.284)	100.00 (87.60)
[121/294]	0.151 (0.283)	90.00 (87.62)
[122/294]	0.249 (0.283)	95.00 (87.68)
[123/294]	0.051 (0.281)	100.00 (87.78)
[124/294]	0.156 (0.280)	90.00 (87.80)
[125/294]	0.191 (0.279)	90.00 (87.82)
[126/294]	0.659 (0.282)	75.00 (87.72)
[127/294]	0.155 (0.281)	95.00 (87.77)
[128/294]	0.071 (0.279)	95.00 (87.83)
[129/294]	0.143 (0.278)	90.00 (87.85)
[130/294]	0.058 (0.277)	100.00 (87.94)
[131/294]	0.228 (0.276)	95.00 (87.99)
[132/294]	0.122 (0.275)	90.00 (88.01)
[133/294]	0.346 (0.276)	90.00 (88.02)
[134/294]	0.176 (0.275)	90.00 (88.04)
[135/294]	0.400 (0.276)	90.00 (88.05)
[136/294]	0.058 (0.274)	100.00 (88.14)
[137/294]	0.121 (0.273)	95.00 (88.19)
[138/294]	0.067 (0.272)	100.00 (88.27)
[139/294]	0.131 (0.271)	100.00 (88.36)
[140/294]	0.213 (0.270)	95.00 (88.40)
[141/294]	0.149 (0.269)	90.00 (88.42)
[142/294]	0.093 (0.268)	100.00 (88.50)
[143/294]	0.052 (0.267)	100.00 (88.58)
[144/294]	0.067 (0.265)	95.00 (88.62)
[145/294]	0.131 (0.264)	100.00 (88.70)
[146/294]	0.070 (0.263)	100.00 (88.78)
[147/294]	0.029 (0.261)	100.00 (88.85)
[148/294]	0.234 (0.261)	90.00 (88.86)
[149/294]	0.323 (0.262)	85.00 (88.83)
[150/294]	0.205 (0.261)	90.00 (88.84)
[151/294]	0.174 (0.261)	95.00 (88.88)
[152/294]	0.020 (0.259)	100.00 (88.95)
[153/294]	0.038 (0.258)	100.00 (89.03)
[154/294]	0.039 (0.256)	100.00 (89.10)
[155/294]	0.064 (0.255)	100.00 (89.17)
[156/294]	0.175 (0.255)	85.00 (89.14)
[157/294]	0.015 (0.253)	100.00 (89.21)
[158/294]	0.050 (0.252)	100.00 (89.28)
[159/294]	0.253 (0.252)	90.00 (89.28)
[160/294]	0.177 (0.251)	95.00 (89.32)
[161/294]	0.114 (0.250)	95.00 (89.35)
[162/294]	0.133 (0.250)	95.00 (89.39)
[163/294]	0.069 (0.249)	95.00 (89.42)
[164/294]	0.069 (0.248)	95.00 (89.45)
[165/294]	0.071 (0.246)	100.00 (89.52)
[166/294]	0.066 (0.245)	95.00 (89.55)
[167/294]	0.069 (0.244)	100.00 (89.61)
[168/294]	0.129 (0.244)	95.00 (89.64)
[169/294]	0.122 (0.243)	95.00 (89.68)
[170/294]	0.106 (0.242)	95.00 (89.71)
[171/294]	0.207 (0.242)	90.00 (89.71)
[172/294]	0.067 (0.241)	95.00 (89.74)
[173/294]	0.049 (0.240)	100.00 (89.80)
[174/294]	0.202 (0.240)	85.00 (89.77)
[175/294]	0.086 (0.239)	95.00 (89.80)
[176/294]	0.054 (0.238)	100.00 (89.86)
[177/294]	0.124 (0.237)	90.00 (89.86)
[178/294]	0.033 (0.236)	100.00 (89.92)
[179/294]	0.275 (0.236)	85.00 (89.89)
[180/294]	0.024 (0.235)	100.00 (89.94)
[181/294]	0.151 (0.235)	95.00 (89.97)
[182/294]	0.107 (0.234)	95.00 (90.00)
[183/294]	0.048 (0.233)	100.00 (90.05)
[184/294]	0.026 (0.232)	100.00 (90.11)
[185/294]	0.087 (0.231)	100.00 (90.16)
[186/294]	0.034 (0.230)	100.00 (90.21)
[187/294]	0.079 (0.229)	100.00 (90.27)
[188/294]	0.229 (0.229)	85.00 (90.24)
[189/294]	0.337 (0.230)	90.00 (90.24)
[190/294]	0.048 (0.229)	100.00 (90.29)
[191/294]	0.024 (0.228)	100.00 (90.34)
[192/294]	0.122 (0.227)	95.00 (90.36)
[193/294]	0.052 (0.226)	95.00 (90.39)
[194/294]	0.198 (0.226)	95.00 (90.41)
[195/294]	0.092 (0.225)	95.00 (90.43)
[196/294]	0.009 (0.224)	100.00 (90.48)
[197/294]	0.065 (0.223)	95.00 (90.51)
[198/294]	0.037 (0.222)	100.00 (90.55)
[199/294]	0.201 (0.222)	90.00 (90.55)
[200/294]	0.064 (0.222)	100.00 (90.60)
[201/294]	0.440 (0.223)	90.00 (90.59)
[202/294]	0.180 (0.222)	95.00 (90.62)
[203/294]	0.061 (0.222)	100.00 (90.66)
[204/294]	0.153 (0.221)	90.00 (90.66)
[205/294]	0.023 (0.220)	100.00 (90.70)
[206/294]	0.134 (0.220)	95.00 (90.72)
[207/294]	0.049 (0.219)	100.00 (90.77)
[208/294]	0.153 (0.219)	90.00 (90.77)
[209/294]	0.084 (0.218)	95.00 (90.79)
[210/294]	0.053 (0.217)	95.00 (90.81)
[211/294]	0.006 (0.216)	100.00 (90.85)
[212/294]	0.036 (0.216)	100.00 (90.89)
[213/294]	0.070 (0.215)	95.00 (90.91)
[214/294]	0.054 (0.214)	100.00 (90.95)
[215/294]	0.245 (0.214)	95.00 (90.97)
[216/294]	0.104 (0.214)	100.00 (91.01)
[217/294]	0.081 (0.213)	95.00 (91.03)
[218/294]	0.045 (0.212)	100.00 (91.07)
[219/294]	0.072 (0.212)	95.00 (91.09)
[220/294]	0.054 (0.211)	95.00 (91.11)
[221/294]	0.022 (0.210)	100.00 (91.15)
[222/294]	0.195 (0.210)	90.00 (91.14)
[223/294]	0.079 (0.210)	95.00 (91.16)
[224/294]	0.025 (0.209)	100.00 (91.20)
[225/294]	0.138 (0.208)	95.00 (91.22)
[226/294]	0.025 (0.208)	100.00 (91.26)
[227/294]	0.038 (0.207)	100.00 (91.29)
[228/294]	0.020 (0.206)	100.00 (91.33)
[229/294]	0.103 (0.206)	95.00 (91.35)
[230/294]	0.111 (0.205)	95.00 (91.36)
[231/294]	0.096 (0.205)	95.00 (91.38)
[232/294]	0.190 (0.205)	95.00 (91.39)
[233/294]	0.051 (0.204)	100.00 (91.43)
[234/294]	0.075 (0.203)	100.00 (91.47)
[235/294]	0.029 (0.203)	100.00 (91.50)
[236/294]	0.025 (0.202)	100.00 (91.54)
[237/294]	0.071 (0.201)	100.00 (91.58)
[238/294]	0.034 (0.201)	100.00 (91.61)
[239/294]	0.026 (0.200)	100.00 (91.65)
[240/294]	0.105 (0.200)	90.00 (91.64)
[241/294]	0.138 (0.199)	95.00 (91.65)
[242/294]	0.069 (0.199)	100.00 (91.69)
[243/294]	0.008 (0.198)	100.00 (91.72)
[244/294]	0.330 (0.199)	90.00 (91.71)
[245/294]	0.020 (0.198)	100.00 (91.75)
[246/294]	0.092 (0.197)	95.00 (91.76)
[247/294]	0.069 (0.197)	95.00 (91.77)
[248/294]	0.041 (0.196)	100.00 (91.81)
[249/294]	0.208 (0.196)	95.00 (91.82)
[250/294]	0.118 (0.196)	95.00 (91.83)
[251/294]	0.146 (0.196)	95.00 (91.85)
[252/294]	0.103 (0.195)	95.00 (91.86)
[253/294]	0.119 (0.195)	95.00 (91.87)
[254/294]	0.064 (0.195)	100.00 (91.90)
[255/294]	0.078 (0.194)	95.00 (91.91)
[256/294]	0.103 (0.194)	95.00 (91.93)
[257/294]	0.237 (0.194)	90.00 (91.92)
[258/294]	0.028 (0.193)	100.00 (91.95)
[259/294]	0.035 (0.193)	100.00 (91.98)
[260/294]	0.014 (0.192)	100.00 (92.01)
[261/294]	0.043 (0.191)	95.00 (92.02)
[262/294]	0.032 (0.191)	100.00 (92.05)
[263/294]	0.037 (0.190)	100.00 (92.08)
[264/294]	0.113 (0.190)	95.00 (92.09)
[265/294]	0.011 (0.189)	100.00 (92.12)
[266/294]	0.022 (0.189)	100.00 (92.15)
[267/294]	0.194 (0.189)	95.00 (92.16)
[268/294]	0.020 (0.188)	100.00 (92.19)
[269/294]	0.116 (0.188)	95.00 (92.20)
[270/294]	0.079 (0.187)	100.00 (92.23)
[271/294]	0.056 (0.187)	100.00 (92.26)
[272/294]	0.124 (0.187)	95.00 (92.27)
[273/294]	0.050 (0.186)	100.00 (92.30)
[274/294]	0.028 (0.186)	100.00 (92.33)
[275/294]	0.044 (0.185)	100.00 (92.36)
[276/294]	0.013 (0.184)	100.00 (92.38)
[277/294]	0.094 (0.184)	95.00 (92.39)
[278/294]	0.115 (0.184)	95.00 (92.40)
[279/294]	0.040 (0.183)	100.00 (92.43)
[280/294]	0.062 (0.183)	100.00 (92.46)
[281/294]	0.067 (0.183)	95.00 (92.46)
[282/294]	0.022 (0.182)	100.00 (92.49)
[283/294]	0.033 (0.181)	100.00 (92.52)
[284/294]	0.018 (0.181)	100.00 (92.54)
[285/294]	0.031 (0.180)	100.00 (92.57)
[286/294]	0.107 (0.180)	95.00 (92.58)
[287/294]	0.033 (0.180)	100.00 (92.60)
[288/294]	0.013 (0.179)	100.00 (92.63)
[289/294]	0.129 (0.179)	90.00 (92.62)
[290/294]	0.071 (0.178)	95.00 (92.63)
[291/294]	0.035 (0.178)	100.00 (92.65)
[292/294]	0.049 (0.178)	100.00 (92.68)
[293/294]	0.015 (0.177)	100.00 (92.70)
 * Train Acc: 92.704
 * Avg. Data time: 0.005, Avg. Batch time: 0.054, Avg. Forward time: 0.004, Avg. Backward time: 0.039
Computing SI
 * Val Acc: 96.522, Time: 1.53
 * Test Acc: 97.650, Time: 2.87
=============Training Task 1=============
Active output nodes for this task: 
[0, 1, 2, 3]
=============Training Epoch 0=============
#reg terms:  1
Batch	 Loss		 Acc
[0/294]	6.425 (6.425)	0.00 (0.00)
[1/294]	3.759 (5.092)	0.00 (0.00)
[2/294]	2.492 (4.225)	10.00 (3.33)
[3/294]	1.191 (3.467)	40.00 (12.50)
[4/294]	0.943 (2.962)	40.00 (18.00)
[5/294]	0.653 (2.577)	75.00 (27.50)
[6/294]	1.039 (2.358)	40.00 (29.29)
[7/294]	0.732 (2.154)	80.00 (35.62)
[8/294]	0.770 (2.001)	65.00 (38.89)
[9/294]	0.766 (1.877)	60.00 (41.00)
[10/294]	0.777 (1.777)	65.00 (43.18)
[11/294]	0.590 (1.678)	75.00 (45.83)
[12/294]	0.750 (1.607)	70.00 (47.69)
[13/294]	0.831 (1.551)	60.00 (48.57)
[14/294]	0.780 (1.500)	70.00 (50.00)
[15/294]	0.831 (1.458)	60.00 (50.62)
[16/294]	0.708 (1.414)	75.00 (52.06)
[17/294]	0.825 (1.381)	75.00 (53.33)
[18/294]	0.773 (1.349)	65.00 (53.95)
[19/294]	0.665 (1.315)	80.00 (55.25)
[20/294]	0.629 (1.282)	80.00 (56.43)
[21/294]	0.812 (1.261)	55.00 (56.36)
[22/294]	0.853 (1.243)	70.00 (56.96)
[23/294]	0.682 (1.220)	80.00 (57.92)
[24/294]	0.819 (1.204)	60.00 (58.00)
[25/294]	0.675 (1.183)	70.00 (58.46)
[26/294]	0.660 (1.164)	75.00 (59.07)
[27/294]	0.723 (1.148)	75.00 (59.64)
[28/294]	0.646 (1.131)	80.00 (60.34)
[29/294]	0.500 (1.110)	90.00 (61.33)
[30/294]	0.508 (1.091)	90.00 (62.26)
[31/294]	0.452 (1.071)	100.00 (63.44)
[32/294]	0.531 (1.054)	80.00 (63.94)
[33/294]	0.595 (1.041)	75.00 (64.26)
[34/294]	0.526 (1.026)	90.00 (65.00)
[35/294]	0.358 (1.007)	100.00 (65.97)
[36/294]	0.462 (0.993)	90.00 (66.62)
[37/294]	0.472 (0.979)	85.00 (67.11)
[38/294]	0.423 (0.965)	80.00 (67.44)
[39/294]	0.517 (0.954)	85.00 (67.88)
[40/294]	0.541 (0.944)	80.00 (68.17)
[41/294]	0.369 (0.930)	90.00 (68.69)
[42/294]	0.420 (0.918)	90.00 (69.19)
[43/294]	0.464 (0.908)	85.00 (69.55)
[44/294]	0.378 (0.896)	85.00 (69.89)
[45/294]	0.798 (0.894)	65.00 (69.78)
[46/294]	0.623 (0.888)	65.00 (69.68)
[47/294]	0.370 (0.877)	85.00 (70.00)
[48/294]	0.354 (0.867)	95.00 (70.51)
[49/294]	0.396 (0.857)	80.00 (70.70)
[50/294]	0.523 (0.851)	85.00 (70.98)
[51/294]	0.494 (0.844)	85.00 (71.25)
[52/294]	0.417 (0.836)	90.00 (71.60)
[53/294]	0.345 (0.827)	85.00 (71.85)
[54/294]	0.265 (0.816)	100.00 (72.36)
[55/294]	0.341 (0.808)	80.00 (72.50)
[56/294]	0.283 (0.799)	95.00 (72.89)
[57/294]	0.439 (0.792)	75.00 (72.93)
[58/294]	0.305 (0.784)	90.00 (73.22)
[59/294]	0.320 (0.776)	85.00 (73.42)
[60/294]	0.333 (0.769)	90.00 (73.69)
[61/294]	0.238 (0.761)	95.00 (74.03)
[62/294]	0.262 (0.753)	90.00 (74.29)
[63/294]	0.478 (0.748)	75.00 (74.30)
[64/294]	0.336 (0.742)	85.00 (74.46)
[65/294]	0.916 (0.745)	65.00 (74.32)
[66/294]	0.568 (0.742)	70.00 (74.25)
[67/294]	0.337 (0.736)	90.00 (74.49)
[68/294]	0.271 (0.729)	90.00 (74.71)
[69/294]	0.293 (0.723)	95.00 (75.00)
[70/294]	0.242 (0.716)	90.00 (75.21)
[71/294]	0.193 (0.709)	100.00 (75.56)
[72/294]	0.262 (0.703)	95.00 (75.82)
[73/294]	0.444 (0.700)	80.00 (75.88)
[74/294]	0.385 (0.695)	80.00 (75.93)
[75/294]	0.233 (0.689)	95.00 (76.18)
[76/294]	0.289 (0.684)	95.00 (76.43)
[77/294]	0.266 (0.679)	95.00 (76.67)
[78/294]	0.195 (0.673)	100.00 (76.96)
[79/294]	0.328 (0.668)	90.00 (77.12)
[80/294]	0.322 (0.664)	85.00 (77.22)
[81/294]	0.232 (0.659)	90.00 (77.38)
[82/294]	0.197 (0.653)	95.00 (77.59)
[83/294]	0.255 (0.648)	95.00 (77.80)
[84/294]	0.320 (0.645)	90.00 (77.94)
[85/294]	0.178 (0.639)	100.00 (78.20)
[86/294]	0.345 (0.636)	90.00 (78.33)
[87/294]	0.372 (0.633)	95.00 (78.52)
[88/294]	0.382 (0.630)	80.00 (78.54)
[89/294]	0.312 (0.626)	90.00 (78.67)
[90/294]	0.188 (0.622)	95.00 (78.85)
[91/294]	0.379 (0.619)	85.00 (78.91)
[92/294]	0.560 (0.618)	80.00 (78.92)
[93/294]	0.870 (0.621)	60.00 (78.72)
[94/294]	0.168 (0.616)	95.00 (78.89)
[95/294]	0.310 (0.613)	85.00 (78.96)
[96/294]	0.294 (0.610)	90.00 (79.07)
[97/294]	0.360 (0.607)	75.00 (79.03)
[98/294]	0.271 (0.604)	90.00 (79.14)
[99/294]	0.356 (0.601)	75.00 (79.10)
[100/294]	0.364 (0.599)	85.00 (79.16)
[101/294]	0.318 (0.596)	80.00 (79.17)
[102/294]	0.309 (0.593)	90.00 (79.27)
[103/294]	0.273 (0.590)	90.00 (79.38)
[104/294]	0.142 (0.586)	95.00 (79.52)
[105/294]	0.467 (0.585)	85.00 (79.58)
[106/294]	0.244 (0.582)	95.00 (79.72)
[107/294]	0.202 (0.578)	90.00 (79.81)
[108/294]	0.256 (0.575)	90.00 (79.91)
[109/294]	0.152 (0.571)	100.00 (80.09)
[110/294]	0.137 (0.568)	95.00 (80.23)
[111/294]	0.153 (0.564)	100.00 (80.40)
[112/294]	0.215 (0.561)	95.00 (80.53)
[113/294]	0.173 (0.557)	100.00 (80.70)
[114/294]	0.245 (0.555)	85.00 (80.74)
[115/294]	0.303 (0.552)	90.00 (80.82)
[116/294]	0.218 (0.550)	95.00 (80.94)
[117/294]	0.142 (0.546)	95.00 (81.06)
[118/294]	0.457 (0.545)	85.00 (81.09)
[119/294]	0.577 (0.546)	80.00 (81.08)
[120/294]	0.343 (0.544)	85.00 (81.12)
[121/294]	0.197 (0.541)	95.00 (81.23)
[122/294]	0.157 (0.538)	95.00 (81.34)
[123/294]	0.159 (0.535)	95.00 (81.45)
[124/294]	0.333 (0.533)	85.00 (81.48)
[125/294]	0.166 (0.530)	95.00 (81.59)
[126/294]	0.204 (0.528)	90.00 (81.65)
[127/294]	0.294 (0.526)	90.00 (81.72)
[128/294]	0.162 (0.523)	95.00 (81.82)
[129/294]	0.285 (0.521)	90.00 (81.88)
[130/294]	0.234 (0.519)	95.00 (81.98)
[131/294]	0.167 (0.517)	95.00 (82.08)
[132/294]	0.082 (0.513)	100.00 (82.22)
[133/294]	0.220 (0.511)	90.00 (82.28)
[134/294]	0.372 (0.510)	90.00 (82.33)
[135/294]	0.500 (0.510)	85.00 (82.35)
[136/294]	0.422 (0.509)	95.00 (82.45)
[137/294]	0.293 (0.508)	90.00 (82.50)
[138/294]	0.378 (0.507)	90.00 (82.55)
[139/294]	0.118 (0.504)	100.00 (82.68)
[140/294]	0.068 (0.501)	100.00 (82.80)
[141/294]	0.167 (0.499)	90.00 (82.85)
[142/294]	0.355 (0.498)	90.00 (82.90)
[143/294]	0.254 (0.496)	85.00 (82.92)
[144/294]	0.135 (0.493)	100.00 (83.03)
[145/294]	0.151 (0.491)	90.00 (83.08)
[146/294]	0.120 (0.489)	100.00 (83.20)
[147/294]	0.237 (0.487)	90.00 (83.24)
[148/294]	0.154 (0.485)	95.00 (83.32)
[149/294]	0.112 (0.482)	95.00 (83.40)
[150/294]	0.307 (0.481)	85.00 (83.41)
[151/294]	0.102 (0.478)	100.00 (83.52)
[152/294]	0.301 (0.477)	95.00 (83.59)
[153/294]	0.084 (0.475)	95.00 (83.67)
[154/294]	0.269 (0.473)	80.00 (83.65)
[155/294]	0.262 (0.472)	85.00 (83.65)
[156/294]	0.161 (0.470)	95.00 (83.73)
[157/294]	0.175 (0.468)	95.00 (83.80)
[158/294]	0.061 (0.466)	100.00 (83.90)
[159/294]	0.267 (0.464)	85.00 (83.91)
[160/294]	0.106 (0.462)	100.00 (84.01)
[161/294]	0.198 (0.461)	90.00 (84.04)
[162/294]	0.213 (0.459)	90.00 (84.08)
[163/294]	0.138 (0.457)	90.00 (84.12)
[164/294]	0.122 (0.455)	95.00 (84.18)
[165/294]	0.154 (0.453)	95.00 (84.25)
[166/294]	0.097 (0.451)	100.00 (84.34)
[167/294]	0.069 (0.449)	100.00 (84.43)
[168/294]	0.138 (0.447)	95.00 (84.50)
[169/294]	0.494 (0.447)	80.00 (84.47)
[170/294]	0.173 (0.446)	95.00 (84.53)
[171/294]	0.161 (0.444)	95.00 (84.59)
[172/294]	0.208 (0.443)	90.00 (84.62)
[173/294]	0.150 (0.441)	95.00 (84.68)
[174/294]	0.471 (0.441)	80.00 (84.66)
[175/294]	0.259 (0.440)	85.00 (84.66)
[176/294]	0.272 (0.439)	95.00 (84.72)
[177/294]	0.279 (0.438)	90.00 (84.75)
[178/294]	0.178 (0.437)	90.00 (84.78)
[179/294]	0.131 (0.435)	95.00 (84.83)
[180/294]	0.083 (0.433)	95.00 (84.89)
[181/294]	0.122 (0.431)	95.00 (84.95)
[182/294]	0.196 (0.430)	95.00 (85.00)
[183/294]	0.104 (0.428)	100.00 (85.08)
[184/294]	0.091 (0.427)	95.00 (85.14)
[185/294]	0.111 (0.425)	100.00 (85.22)
[186/294]	0.302 (0.424)	90.00 (85.24)
[187/294]	0.191 (0.423)	95.00 (85.29)
[188/294]	0.126 (0.421)	90.00 (85.32)
[189/294]	0.292 (0.421)	85.00 (85.32)
[190/294]	0.220 (0.420)	95.00 (85.37)
[191/294]	0.237 (0.419)	90.00 (85.39)
[192/294]	0.037 (0.417)	100.00 (85.47)
[193/294]	0.368 (0.416)	80.00 (85.44)
[194/294]	0.168 (0.415)	90.00 (85.46)
[195/294]	0.089 (0.414)	95.00 (85.51)
[196/294]	0.212 (0.413)	95.00 (85.56)
[197/294]	0.215 (0.412)	85.00 (85.56)
[198/294]	0.115 (0.410)	95.00 (85.60)
[199/294]	0.113 (0.409)	95.00 (85.65)
[200/294]	0.196 (0.407)	90.00 (85.67)
[201/294]	0.178 (0.406)	90.00 (85.69)
[202/294]	0.128 (0.405)	95.00 (85.74)
[203/294]	0.126 (0.404)	95.00 (85.78)
[204/294]	0.200 (0.403)	90.00 (85.80)
[205/294]	0.295 (0.402)	90.00 (85.83)
[206/294]	0.184 (0.401)	95.00 (85.87)
[207/294]	0.218 (0.400)	95.00 (85.91)
[208/294]	0.117 (0.399)	95.00 (85.96)
[209/294]	0.064 (0.397)	100.00 (86.02)
[210/294]	0.081 (0.396)	100.00 (86.09)
[211/294]	0.178 (0.395)	95.00 (86.13)
[212/294]	0.111 (0.393)	95.00 (86.17)
[213/294]	0.104 (0.392)	100.00 (86.24)
[214/294]	0.216 (0.391)	90.00 (86.26)
[215/294]	0.172 (0.390)	90.00 (86.27)
[216/294]	0.126 (0.389)	95.00 (86.31)
[217/294]	0.085 (0.388)	100.00 (86.38)
[218/294]	0.400 (0.388)	85.00 (86.37)
[219/294]	0.132 (0.386)	95.00 (86.41)
[220/294]	0.255 (0.386)	85.00 (86.40)
[221/294]	0.193 (0.385)	95.00 (86.44)
[222/294]	0.350 (0.385)	80.00 (86.41)
[223/294]	0.102 (0.384)	95.00 (86.45)
[224/294]	0.076 (0.382)	95.00 (86.49)
[225/294]	0.250 (0.382)	90.00 (86.50)
[226/294]	0.221 (0.381)	90.00 (86.52)
[227/294]	0.116 (0.380)	95.00 (86.56)
[228/294]	0.359 (0.380)	80.00 (86.53)
[229/294]	0.549 (0.380)	85.00 (86.52)
[230/294]	0.277 (0.380)	85.00 (86.52)
[231/294]	0.086 (0.379)	100.00 (86.57)
[232/294]	0.286 (0.378)	95.00 (86.61)
[233/294]	0.054 (0.377)	100.00 (86.67)
[234/294]	0.104 (0.376)	95.00 (86.70)
[235/294]	0.363 (0.376)	80.00 (86.67)
[236/294]	0.141 (0.375)	95.00 (86.71)
[237/294]	0.280 (0.374)	90.00 (86.72)
[238/294]	0.052 (0.373)	100.00 (86.78)
[239/294]	0.133 (0.372)	90.00 (86.79)
[240/294]	0.060 (0.371)	100.00 (86.85)
[241/294]	0.328 (0.370)	80.00 (86.82)
[242/294]	0.146 (0.370)	95.00 (86.85)
[243/294]	0.222 (0.369)	90.00 (86.86)
[244/294]	0.074 (0.368)	100.00 (86.92)
[245/294]	0.278 (0.367)	85.00 (86.91)
[246/294]	0.075 (0.366)	95.00 (86.94)
[247/294]	0.145 (0.365)	90.00 (86.96)
[248/294]	0.151 (0.364)	95.00 (86.99)
[249/294]	0.418 (0.365)	80.00 (86.96)
[250/294]	0.177 (0.364)	95.00 (86.99)
[251/294]	0.135 (0.363)	95.00 (87.02)
[252/294]	0.066 (0.362)	100.00 (87.08)
[253/294]	0.266 (0.361)	85.00 (87.07)
[254/294]	0.182 (0.361)	95.00 (87.10)
[255/294]	0.164 (0.360)	95.00 (87.13)
[256/294]	0.037 (0.359)	100.00 (87.18)
[257/294]	0.231 (0.358)	90.00 (87.19)
[258/294]	0.222 (0.358)	95.00 (87.22)
[259/294]	0.096 (0.357)	100.00 (87.27)
[260/294]	0.096 (0.356)	95.00 (87.30)
[261/294]	0.130 (0.355)	95.00 (87.33)
[262/294]	0.347 (0.355)	95.00 (87.36)
[263/294]	0.217 (0.354)	90.00 (87.37)
[264/294]	0.092 (0.353)	95.00 (87.40)
[265/294]	0.234 (0.353)	95.00 (87.42)
[266/294]	0.219 (0.352)	90.00 (87.43)
[267/294]	0.056 (0.351)	100.00 (87.48)
[268/294]	0.071 (0.350)	100.00 (87.53)
[269/294]	0.125 (0.349)	90.00 (87.54)
[270/294]	0.129 (0.349)	95.00 (87.56)
[271/294]	0.201 (0.348)	95.00 (87.59)
[272/294]	0.066 (0.347)	100.00 (87.64)
[273/294]	0.116 (0.346)	100.00 (87.68)
[274/294]	0.054 (0.345)	100.00 (87.73)
[275/294]	0.138 (0.344)	95.00 (87.75)
[276/294]	0.095 (0.343)	100.00 (87.80)
[277/294]	0.081 (0.342)	100.00 (87.84)
[278/294]	0.052 (0.341)	100.00 (87.89)
[279/294]	0.223 (0.341)	95.00 (87.91)
[280/294]	0.074 (0.340)	100.00 (87.95)
[281/294]	0.200 (0.340)	95.00 (87.98)
[282/294]	0.236 (0.339)	90.00 (87.99)
[283/294]	0.027 (0.338)	100.00 (88.03)
[284/294]	0.082 (0.337)	95.00 (88.05)
[285/294]	0.097 (0.336)	100.00 (88.09)
[286/294]	0.048 (0.335)	100.00 (88.14)
[287/294]	0.117 (0.335)	95.00 (88.16)
[288/294]	0.223 (0.334)	90.00 (88.17)
[289/294]	0.057 (0.333)	100.00 (88.21)
[290/294]	0.028 (0.332)	100.00 (88.25)
[291/294]	0.052 (0.331)	100.00 (88.29)
[292/294]	0.174 (0.331)	90.00 (88.29)
[293/294]	0.359 (0.331)	66.67 (88.27)
 * Train Acc: 88.271
 * Avg. Data time: 0.004, Avg. Batch time: 0.063, Avg. Forward time: 0.004, Avg. Backward time: 0.050
Computing SI
 * Val Acc: 45.890, Time: 2.03
 * Test Acc: 48.819, Time: 3.99
=============Training Task 2=============
Active output nodes for this task: 
[0, 1, 2, 3, 4, 5]
=============Training Epoch 0=============
#reg terms:  1
Batch	 Loss		 Acc
[0/294]	12.791 (12.791)	0.00 (0.00)
[1/294]	9.925 (11.358)	0.00 (0.00)
[2/294]	7.298 (10.005)	0.00 (0.00)
[3/294]	4.590 (8.651)	0.00 (0.00)
[4/294]	2.883 (7.497)	0.00 (0.00)
[5/294]	2.272 (6.626)	5.00 (0.83)
[6/294]	1.874 (5.947)	25.00 (4.29)
[7/294]	1.717 (5.419)	60.00 (11.25)
[8/294]	1.703 (5.006)	75.00 (18.33)
[9/294]	1.694 (4.675)	60.00 (22.50)
[10/294]	1.623 (4.397)	65.00 (26.36)
[11/294]	1.562 (4.161)	60.00 (29.17)
[12/294]	1.560 (3.961)	75.00 (32.69)
[13/294]	1.424 (3.780)	80.00 (36.07)
[14/294]	1.442 (3.624)	65.00 (38.00)
[15/294]	1.370 (3.483)	75.00 (40.31)
[16/294]	1.354 (3.358)	55.00 (41.18)
[17/294]	1.239 (3.240)	85.00 (43.61)
[18/294]	1.213 (3.133)	85.00 (45.79)
[19/294]	1.200 (3.037)	75.00 (47.25)
[20/294]	1.207 (2.950)	55.00 (47.62)
[21/294]	1.173 (2.869)	45.00 (47.50)
[22/294]	1.105 (2.792)	85.00 (49.13)
[23/294]	1.130 (2.723)	60.00 (49.58)
[24/294]	1.072 (2.657)	65.00 (50.20)
[25/294]	1.114 (2.597)	65.00 (50.77)
[26/294]	1.064 (2.541)	65.00 (51.30)
[27/294]	0.969 (2.485)	75.00 (52.14)
[28/294]	1.002 (2.433)	65.00 (52.59)
[29/294]	0.943 (2.384)	90.00 (53.83)
[30/294]	0.910 (2.336)	85.00 (54.84)
[31/294]	0.921 (2.292)	80.00 (55.62)
[32/294]	0.892 (2.250)	75.00 (56.21)
[33/294]	0.916 (2.210)	70.00 (56.62)
[34/294]	0.849 (2.171)	85.00 (57.43)
[35/294]	0.824 (2.134)	85.00 (58.19)
[36/294]	0.778 (2.097)	75.00 (58.65)
[37/294]	0.842 (2.064)	80.00 (59.21)
[38/294]	1.115 (2.040)	40.00 (58.72)
[39/294]	0.937 (2.012)	50.00 (58.50)
[40/294]	0.757 (1.982)	80.00 (59.02)
[41/294]	0.736 (1.952)	75.00 (59.40)
[42/294]	0.692 (1.923)	80.00 (59.88)
[43/294]	0.728 (1.896)	60.00 (59.89)
[44/294]	0.695 (1.869)	75.00 (60.22)
[45/294]	0.768 (1.845)	60.00 (60.22)
[46/294]	0.726 (1.821)	70.00 (60.43)
[47/294]	0.701 (1.798)	75.00 (60.73)
[48/294]	0.726 (1.776)	70.00 (60.92)
[49/294]	0.705 (1.755)	70.00 (61.10)
[50/294]	0.635 (1.733)	80.00 (61.47)
[51/294]	0.552 (1.710)	95.00 (62.12)
[52/294]	0.508 (1.687)	90.00 (62.64)
[53/294]	0.570 (1.667)	90.00 (63.15)
[54/294]	0.565 (1.647)	75.00 (63.36)
[55/294]	0.536 (1.627)	85.00 (63.75)
[56/294]	0.497 (1.607)	90.00 (64.21)
[57/294]	0.575 (1.589)	85.00 (64.57)
[58/294]	0.460 (1.570)	95.00 (65.08)
[59/294]	0.589 (1.554)	80.00 (65.33)
[60/294]	0.797 (1.541)	55.00 (65.16)
[61/294]	0.455 (1.524)	80.00 (65.40)
[62/294]	0.541 (1.508)	75.00 (65.56)
[63/294]	0.597 (1.494)	75.00 (65.70)
[64/294]	0.380 (1.477)	95.00 (66.15)
[65/294]	0.492 (1.462)	85.00 (66.44)
[66/294]	0.404 (1.446)	90.00 (66.79)
[67/294]	0.536 (1.433)	80.00 (66.99)
[68/294]	0.473 (1.419)	80.00 (67.17)
[69/294]	0.532 (1.406)	80.00 (67.36)
[70/294]	0.327 (1.391)	100.00 (67.82)
[71/294]	0.623 (1.380)	75.00 (67.92)
[72/294]	0.426 (1.367)	95.00 (68.29)
[73/294]	0.537 (1.356)	80.00 (68.45)
[74/294]	0.271 (1.341)	100.00 (68.87)
[75/294]	0.538 (1.331)	80.00 (69.01)
[76/294]	0.328 (1.318)	90.00 (69.29)
[77/294]	0.548 (1.308)	85.00 (69.49)
[78/294]	0.462 (1.297)	80.00 (69.62)
[79/294]	0.432 (1.286)	90.00 (69.88)
[80/294]	0.339 (1.275)	95.00 (70.19)
[81/294]	0.501 (1.265)	75.00 (70.24)
[82/294]	0.457 (1.256)	85.00 (70.42)
[83/294]	0.322 (1.244)	90.00 (70.65)
[84/294]	0.430 (1.235)	90.00 (70.88)
[85/294]	0.308 (1.224)	95.00 (71.16)
[86/294]	0.385 (1.214)	85.00 (71.32)
[87/294]	0.403 (1.205)	85.00 (71.48)
[88/294]	0.354 (1.196)	80.00 (71.57)
[89/294]	0.239 (1.185)	95.00 (71.83)
[90/294]	0.229 (1.175)	90.00 (72.03)
[91/294]	0.410 (1.166)	85.00 (72.17)
[92/294]	0.342 (1.157)	90.00 (72.37)
[93/294]	0.319 (1.148)	90.00 (72.55)
[94/294]	0.251 (1.139)	90.00 (72.74)
[95/294]	0.405 (1.131)	75.00 (72.76)
[96/294]	0.177 (1.122)	100.00 (73.04)
[97/294]	0.325 (1.113)	90.00 (73.21)
[98/294]	0.205 (1.104)	95.00 (73.43)
[99/294]	0.326 (1.096)	85.00 (73.55)
[100/294]	0.275 (1.088)	90.00 (73.71)
[101/294]	0.215 (1.080)	95.00 (73.92)
[102/294]	0.196 (1.071)	95.00 (74.13)
[103/294]	0.231 (1.063)	95.00 (74.33)
[104/294]	0.356 (1.056)	80.00 (74.38)
[105/294]	0.276 (1.049)	90.00 (74.53)
[106/294]	0.477 (1.044)	80.00 (74.58)
[107/294]	0.281 (1.037)	90.00 (74.72)
[108/294]	0.241 (1.029)	95.00 (74.91)
[109/294]	0.303 (1.023)	90.00 (75.05)
[110/294]	0.251 (1.016)	95.00 (75.23)
[111/294]	0.153 (1.008)	95.00 (75.40)
[112/294]	0.400 (1.003)	75.00 (75.40)
[113/294]	0.400 (0.997)	85.00 (75.48)
[114/294]	0.188 (0.990)	95.00 (75.65)
[115/294]	0.162 (0.983)	95.00 (75.82)
[116/294]	0.152 (0.976)	95.00 (75.98)
[117/294]	0.174 (0.969)	95.00 (76.14)
[118/294]	0.155 (0.962)	95.00 (76.30)
[119/294]	0.222 (0.956)	95.00 (76.46)
[120/294]	0.195 (0.950)	95.00 (76.61)
[121/294]	0.271 (0.944)	90.00 (76.72)
[122/294]	0.199 (0.938)	90.00 (76.83)
[123/294]	0.207 (0.932)	95.00 (76.98)
[124/294]	0.197 (0.927)	90.00 (77.08)
[125/294]	0.236 (0.921)	95.00 (77.22)
[126/294]	0.220 (0.916)	90.00 (77.32)
[127/294]	0.377 (0.911)	90.00 (77.42)
[128/294]	0.303 (0.907)	90.00 (77.52)
[129/294]	0.281 (0.902)	95.00 (77.65)
[130/294]	0.210 (0.897)	95.00 (77.79)
[131/294]	0.079 (0.890)	100.00 (77.95)
[132/294]	0.156 (0.885)	95.00 (78.08)
[133/294]	0.390 (0.881)	90.00 (78.17)
[134/294]	0.364 (0.877)	85.00 (78.22)
[135/294]	0.305 (0.873)	85.00 (78.27)
[136/294]	0.148 (0.868)	95.00 (78.39)
[137/294]	0.577 (0.866)	75.00 (78.37)
[138/294]	0.401 (0.862)	85.00 (78.42)
[139/294]	0.109 (0.857)	100.00 (78.57)
[140/294]	0.172 (0.852)	95.00 (78.69)
[141/294]	0.109 (0.847)	100.00 (78.84)
[142/294]	0.213 (0.842)	90.00 (78.92)
[143/294]	0.157 (0.838)	95.00 (79.03)
[144/294]	0.112 (0.833)	100.00 (79.17)
[145/294]	0.179 (0.828)	95.00 (79.28)
[146/294]	0.218 (0.824)	95.00 (79.39)
[147/294]	0.223 (0.820)	90.00 (79.46)
[148/294]	0.189 (0.816)	95.00 (79.56)
[149/294]	0.231 (0.812)	90.00 (79.63)
[150/294]	0.128 (0.807)	100.00 (79.77)
[151/294]	0.113 (0.803)	100.00 (79.90)
[152/294]	0.120 (0.798)	95.00 (80.00)
[153/294]	0.139 (0.794)	95.00 (80.10)
[154/294]	0.428 (0.792)	85.00 (80.13)
[155/294]	0.319 (0.789)	95.00 (80.22)
[156/294]	0.230 (0.785)	95.00 (80.32)
[157/294]	0.091 (0.781)	95.00 (80.41)
[158/294]	0.136 (0.777)	90.00 (80.47)
[159/294]	0.107 (0.772)	100.00 (80.59)
[160/294]	0.187 (0.769)	90.00 (80.65)
[161/294]	0.095 (0.765)	100.00 (80.77)
[162/294]	0.101 (0.761)	95.00 (80.86)
[163/294]	0.180 (0.757)	90.00 (80.91)
[164/294]	0.258 (0.754)	90.00 (80.97)
[165/294]	0.122 (0.750)	100.00 (81.08)
[166/294]	0.203 (0.747)	90.00 (81.14)
[167/294]	0.122 (0.743)	100.00 (81.25)
[168/294]	0.163 (0.740)	100.00 (81.36)
[169/294]	0.243 (0.737)	85.00 (81.38)
[170/294]	0.158 (0.733)	95.00 (81.46)
[171/294]	0.163 (0.730)	100.00 (81.57)
[172/294]	0.162 (0.727)	95.00 (81.65)
[173/294]	0.209 (0.724)	90.00 (81.70)
[174/294]	0.370 (0.722)	85.00 (81.71)
[175/294]	0.082 (0.718)	100.00 (81.82)
[176/294]	0.107 (0.715)	95.00 (81.89)
[177/294]	0.163 (0.712)	95.00 (81.97)
[178/294]	0.150 (0.709)	95.00 (82.04)
[179/294]	0.165 (0.706)	95.00 (82.11)
[180/294]	0.204 (0.703)	90.00 (82.15)
[181/294]	0.103 (0.699)	100.00 (82.25)
[182/294]	0.094 (0.696)	95.00 (82.32)
[183/294]	0.125 (0.693)	100.00 (82.42)
[184/294]	0.124 (0.690)	90.00 (82.46)
[185/294]	0.082 (0.687)	100.00 (82.55)
[186/294]	0.189 (0.684)	95.00 (82.62)
[187/294]	0.126 (0.681)	100.00 (82.71)
[188/294]	0.210 (0.679)	95.00 (82.78)
[189/294]	0.222 (0.676)	90.00 (82.82)
[190/294]	0.134 (0.673)	100.00 (82.91)
[191/294]	0.143 (0.671)	100.00 (82.99)
[192/294]	0.091 (0.668)	100.00 (83.08)
[193/294]	0.114 (0.665)	100.00 (83.17)
[194/294]	0.100 (0.662)	95.00 (83.23)
[195/294]	0.140 (0.659)	95.00 (83.29)
[196/294]	0.078 (0.656)	100.00 (83.38)
[197/294]	0.066 (0.653)	100.00 (83.46)
[198/294]	0.119 (0.651)	95.00 (83.52)
[199/294]	0.074 (0.648)	100.00 (83.60)
[200/294]	0.163 (0.645)	95.00 (83.66)
[201/294]	0.091 (0.643)	95.00 (83.71)
[202/294]	0.208 (0.640)	85.00 (83.72)
[203/294]	0.187 (0.638)	90.00 (83.75)
[204/294]	0.316 (0.637)	85.00 (83.76)
[205/294]	0.239 (0.635)	90.00 (83.79)
[206/294]	0.155 (0.632)	95.00 (83.84)
[207/294]	0.031 (0.629)	100.00 (83.92)
[208/294]	0.046 (0.627)	100.00 (84.00)
[209/294]	0.073 (0.624)	100.00 (84.07)
[210/294]	0.043 (0.621)	100.00 (84.15)
[211/294]	0.170 (0.619)	95.00 (84.20)
[212/294]	0.095 (0.617)	100.00 (84.27)
[213/294]	0.131 (0.614)	95.00 (84.32)
[214/294]	0.171 (0.612)	95.00 (84.37)
[215/294]	0.097 (0.610)	95.00 (84.42)
[216/294]	0.057 (0.607)	100.00 (84.49)
[217/294]	0.154 (0.605)	90.00 (84.52)
[218/294]	0.062 (0.603)	100.00 (84.59)
[219/294]	0.071 (0.600)	100.00 (84.66)
[220/294]	0.209 (0.599)	90.00 (84.68)
[221/294]	0.166 (0.597)	90.00 (84.71)
[222/294]	0.154 (0.595)	95.00 (84.75)
[223/294]	0.175 (0.593)	95.00 (84.80)
[224/294]	0.056 (0.590)	100.00 (84.87)
[225/294]	0.227 (0.589)	85.00 (84.87)
[226/294]	0.064 (0.587)	100.00 (84.93)
[227/294]	0.208 (0.585)	90.00 (84.96)
[228/294]	0.144 (0.583)	95.00 (85.00)
[229/294]	0.164 (0.581)	95.00 (85.04)
[230/294]	0.105 (0.579)	90.00 (85.06)
[231/294]	0.196 (0.577)	90.00 (85.09)
[232/294]	0.168 (0.576)	95.00 (85.13)
[233/294]	0.082 (0.574)	95.00 (85.17)
[234/294]	0.119 (0.572)	95.00 (85.21)
[235/294]	0.062 (0.569)	100.00 (85.28)
[236/294]	0.078 (0.567)	100.00 (85.34)
[237/294]	0.171 (0.566)	95.00 (85.38)
[238/294]	0.040 (0.564)	100.00 (85.44)
[239/294]	0.243 (0.562)	85.00 (85.44)
[240/294]	0.094 (0.560)	95.00 (85.48)
[241/294]	0.048 (0.558)	100.00 (85.54)
[242/294]	0.059 (0.556)	100.00 (85.60)
[243/294]	0.085 (0.554)	100.00 (85.66)
[244/294]	0.071 (0.552)	100.00 (85.71)
[245/294]	0.054 (0.550)	100.00 (85.77)
[246/294]	0.176 (0.549)	95.00 (85.81)
[247/294]	0.035 (0.547)	100.00 (85.87)
[248/294]	0.037 (0.545)	100.00 (85.92)
[249/294]	0.148 (0.543)	95.00 (85.96)
[250/294]	0.072 (0.541)	100.00 (86.02)
[251/294]	0.171 (0.540)	95.00 (86.05)
[252/294]	0.102 (0.538)	95.00 (86.09)
[253/294]	0.065 (0.536)	100.00 (86.14)
[254/294]	0.035 (0.534)	100.00 (86.20)
[255/294]	0.114 (0.532)	100.00 (86.25)
[256/294]	0.083 (0.531)	100.00 (86.30)
[257/294]	0.057 (0.529)	100.00 (86.36)
[258/294]	0.100 (0.527)	100.00 (86.41)
[259/294]	0.149 (0.526)	95.00 (86.44)
[260/294]	0.104 (0.524)	100.00 (86.49)
[261/294]	0.087 (0.522)	100.00 (86.55)
[262/294]	0.065 (0.521)	100.00 (86.60)
[263/294]	0.048 (0.519)	100.00 (86.65)
[264/294]	0.094 (0.517)	95.00 (86.68)
[265/294]	0.033 (0.515)	100.00 (86.73)
[266/294]	0.037 (0.514)	100.00 (86.78)
[267/294]	0.047 (0.512)	100.00 (86.83)
[268/294]	0.029 (0.510)	100.00 (86.88)
[269/294]	0.049 (0.508)	100.00 (86.93)
[270/294]	0.067 (0.507)	100.00 (86.97)
[271/294]	0.056 (0.505)	100.00 (87.02)
[272/294]	0.032 (0.503)	100.00 (87.07)
[273/294]	0.138 (0.502)	95.00 (87.10)
[274/294]	0.074 (0.501)	95.00 (87.13)
[275/294]	0.026 (0.499)	100.00 (87.17)
[276/294]	0.031 (0.497)	100.00 (87.22)
[277/294]	0.258 (0.496)	90.00 (87.23)
[278/294]	0.021 (0.495)	100.00 (87.28)
[279/294]	0.025 (0.493)	100.00 (87.32)
[280/294]	0.034 (0.491)	100.00 (87.37)
[281/294]	0.032 (0.490)	100.00 (87.41)
[282/294]	0.201 (0.489)	85.00 (87.40)
[283/294]	0.023 (0.487)	100.00 (87.45)
[284/294]	0.027 (0.485)	100.00 (87.49)
[285/294]	0.079 (0.484)	100.00 (87.53)
[286/294]	0.019 (0.482)	100.00 (87.58)
[287/294]	0.018 (0.481)	100.00 (87.62)
[288/294]	0.117 (0.479)	90.00 (87.63)
[289/294]	0.019 (0.478)	100.00 (87.67)
[290/294]	0.115 (0.477)	95.00 (87.70)
[291/294]	0.045 (0.475)	100.00 (87.74)
[292/294]	0.027 (0.474)	100.00 (87.78)
[293/294]	0.037 (0.472)	100.00 (87.82)
 * Train Acc: 87.823
 * Avg. Data time: 0.009, Avg. Batch time: 0.065, Avg. Forward time: 0.004, Avg. Backward time: 0.046
Computing SI
 * Val Acc: 30.355, Time: 2.52
 * Test Acc: 32.706, Time: 5.26
=============Training Task 3=============
Active output nodes for this task: 
[0, 1, 2, 3, 4, 5, 6, 7]
=============Training Epoch 0=============
#reg terms:  1
Batch	 Loss		 Acc
[0/294]	12.609 (12.609)	0.00 (0.00)
[1/294]	11.917 (12.263)	0.00 (0.00)
[2/294]	9.090 (11.205)	0.00 (0.00)
[3/294]	6.999 (10.154)	0.00 (0.00)
[4/294]	4.967 (9.117)	0.00 (0.00)
[5/294]	4.094 (8.279)	0.00 (0.00)
[6/294]	3.436 (7.587)	0.00 (0.00)
[7/294]	3.181 (7.037)	0.00 (0.00)
[8/294]	2.970 (6.585)	0.00 (0.00)
[9/294]	3.014 (6.228)	0.00 (0.00)
[10/294]	2.752 (5.912)	10.00 (0.91)
[11/294]	2.748 (5.648)	15.00 (2.08)
[12/294]	2.559 (5.410)	25.00 (3.85)
[13/294]	2.554 (5.206)	30.00 (5.71)
[14/294]	2.240 (5.009)	70.00 (10.00)
[15/294]	2.116 (4.828)	55.00 (12.81)
[16/294]	2.092 (4.667)	35.00 (14.12)
[17/294]	1.824 (4.509)	40.00 (15.56)
[18/294]	1.523 (4.352)	65.00 (18.16)
[19/294]	1.479 (4.208)	45.00 (19.50)
[20/294]	1.528 (4.081)	40.00 (20.48)
[21/294]	1.243 (3.952)	60.00 (22.27)
[22/294]	1.144 (3.829)	70.00 (24.35)
[23/294]	1.213 (3.720)	55.00 (25.62)
[24/294]	1.345 (3.625)	45.00 (26.40)
[25/294]	1.244 (3.534)	30.00 (26.54)
[26/294]	1.056 (3.442)	65.00 (27.96)
[27/294]	0.998 (3.355)	75.00 (29.64)
[28/294]	1.008 (3.274)	65.00 (30.86)
[29/294]	1.156 (3.203)	55.00 (31.67)
[30/294]	1.027 (3.133)	65.00 (32.74)
[31/294]	0.988 (3.066)	65.00 (33.75)
[32/294]	0.870 (2.999)	65.00 (34.70)
[33/294]	0.957 (2.939)	50.00 (35.15)
[34/294]	1.021 (2.885)	50.00 (35.57)
[35/294]	0.932 (2.830)	70.00 (36.53)
[36/294]	0.782 (2.775)	75.00 (37.57)
[37/294]	1.173 (2.733)	45.00 (37.76)
[38/294]	0.932 (2.687)	55.00 (38.21)
[39/294]	0.692 (2.637)	80.00 (39.25)
[40/294]	1.009 (2.597)	35.00 (39.15)
[41/294]	0.752 (2.553)	60.00 (39.64)
[42/294]	0.942 (2.516)	40.00 (39.65)
[43/294]	0.654 (2.473)	90.00 (40.80)
[44/294]	0.836 (2.437)	55.00 (41.11)
[45/294]	0.871 (2.403)	55.00 (41.41)
[46/294]	0.627 (2.365)	75.00 (42.13)
[47/294]	0.537 (2.327)	90.00 (43.12)
[48/294]	0.809 (2.296)	75.00 (43.78)
[49/294]	0.790 (2.266)	70.00 (44.30)
[50/294]	0.600 (2.233)	75.00 (44.90)
[51/294]	0.572 (2.201)	80.00 (45.58)
[52/294]	0.669 (2.172)	85.00 (46.32)
[53/294]	0.443 (2.140)	95.00 (47.22)
[54/294]	0.652 (2.113)	70.00 (47.64)
[55/294]	0.478 (2.084)	85.00 (48.30)
[56/294]	0.861 (2.063)	55.00 (48.42)
[57/294]	0.684 (2.039)	65.00 (48.71)
[58/294]	0.580 (2.014)	80.00 (49.24)
[59/294]	0.507 (1.989)	80.00 (49.75)
[60/294]	0.717 (1.968)	60.00 (49.92)
[61/294]	0.693 (1.948)	60.00 (50.08)
[62/294]	0.557 (1.926)	75.00 (50.48)
[63/294]	0.681 (1.906)	60.00 (50.62)
[64/294]	0.511 (1.885)	75.00 (51.00)
[65/294]	0.474 (1.863)	90.00 (51.59)
[66/294]	0.497 (1.843)	85.00 (52.09)
[67/294]	0.505 (1.823)	90.00 (52.65)
[68/294]	0.519 (1.804)	80.00 (53.04)
[69/294]	0.529 (1.786)	80.00 (53.43)
[70/294]	0.516 (1.768)	80.00 (53.80)
[71/294]	0.512 (1.751)	85.00 (54.24)
[72/294]	0.446 (1.733)	80.00 (54.59)
[73/294]	0.252 (1.713)	100.00 (55.20)
[74/294]	0.363 (1.695)	95.00 (55.73)
[75/294]	0.384 (1.678)	90.00 (56.18)
[76/294]	0.471 (1.662)	75.00 (56.43)
[77/294]	0.418 (1.646)	85.00 (56.79)
[78/294]	0.485 (1.631)	80.00 (57.09)
[79/294]	0.533 (1.618)	80.00 (57.38)
[80/294]	0.262 (1.601)	100.00 (57.90)
[81/294]	0.317 (1.585)	95.00 (58.35)
[82/294]	0.377 (1.571)	90.00 (58.73)
[83/294]	0.340 (1.556)	90.00 (59.11)
[84/294]	0.548 (1.544)	75.00 (59.29)
[85/294]	0.443 (1.531)	90.00 (59.65)
[86/294]	0.272 (1.517)	100.00 (60.11)
[87/294]	0.349 (1.504)	90.00 (60.45)
[88/294]	0.215 (1.489)	100.00 (60.90)
[89/294]	0.404 (1.477)	80.00 (61.11)
[90/294]	0.220 (1.463)	100.00 (61.54)
[91/294]	0.319 (1.451)	95.00 (61.90)
[92/294]	0.349 (1.439)	90.00 (62.20)
[93/294]	0.327 (1.427)	95.00 (62.55)
[94/294]	0.381 (1.416)	85.00 (62.79)
[95/294]	0.303 (1.405)	85.00 (63.02)
[96/294]	0.514 (1.395)	80.00 (63.20)
[97/294]	0.249 (1.384)	95.00 (63.52)
[98/294]	0.472 (1.374)	75.00 (63.64)
[99/294]	0.300 (1.364)	90.00 (63.90)
[100/294]	0.276 (1.353)	95.00 (64.21)
[101/294]	0.384 (1.343)	85.00 (64.41)
[102/294]	0.270 (1.333)	95.00 (64.71)
[103/294]	0.250 (1.323)	100.00 (65.05)
[104/294]	0.399 (1.314)	85.00 (65.24)
[105/294]	0.396 (1.305)	85.00 (65.42)
[106/294]	0.300 (1.296)	90.00 (65.65)
[107/294]	0.307 (1.287)	90.00 (65.88)
[108/294]	0.309 (1.278)	95.00 (66.15)
[109/294]	0.255 (1.268)	95.00 (66.41)
[110/294]	0.330 (1.260)	85.00 (66.58)
[111/294]	0.191 (1.250)	95.00 (66.83)
[112/294]	0.308 (1.242)	80.00 (66.95)
[113/294]	0.299 (1.234)	85.00 (67.11)
[114/294]	0.293 (1.226)	95.00 (67.35)
[115/294]	0.202 (1.217)	95.00 (67.59)
[116/294]	0.276 (1.209)	90.00 (67.78)
[117/294]	0.261 (1.201)	95.00 (68.01)
[118/294]	0.233 (1.193)	95.00 (68.24)
[119/294]	0.239 (1.185)	90.00 (68.42)
[120/294]	0.143 (1.176)	100.00 (68.68)
[121/294]	0.367 (1.169)	85.00 (68.81)
[122/294]	0.371 (1.163)	85.00 (68.94)
[123/294]	0.249 (1.155)	90.00 (69.11)
[124/294]	0.136 (1.147)	100.00 (69.36)
[125/294]	0.199 (1.140)	95.00 (69.56)
[126/294]	0.598 (1.136)	85.00 (69.69)
[127/294]	0.196 (1.128)	100.00 (69.92)
[128/294]	0.194 (1.121)	100.00 (70.16)
[129/294]	0.208 (1.114)	95.00 (70.35)
[130/294]	0.167 (1.107)	100.00 (70.57)
[131/294]	0.156 (1.100)	100.00 (70.80)
[132/294]	0.274 (1.093)	90.00 (70.94)
[133/294]	0.229 (1.087)	95.00 (71.12)
[134/294]	0.427 (1.082)	80.00 (71.19)
[135/294]	0.125 (1.075)	100.00 (71.40)
[136/294]	0.175 (1.068)	100.00 (71.61)
[137/294]	0.277 (1.063)	90.00 (71.74)
[138/294]	0.144 (1.056)	95.00 (71.91)
[139/294]	0.145 (1.050)	100.00 (72.11)
[140/294]	0.230 (1.044)	95.00 (72.27)
[141/294]	0.183 (1.038)	95.00 (72.43)
[142/294]	0.139 (1.031)	100.00 (72.62)
[143/294]	0.224 (1.026)	95.00 (72.78)
[144/294]	0.183 (1.020)	90.00 (72.90)
[145/294]	0.207 (1.014)	95.00 (73.05)
[146/294]	0.337 (1.010)	85.00 (73.13)
[147/294]	0.115 (1.004)	100.00 (73.31)
[148/294]	0.183 (0.998)	95.00 (73.46)
[149/294]	0.215 (0.993)	90.00 (73.57)
[150/294]	0.142 (0.987)	95.00 (73.71)
[151/294]	0.193 (0.982)	90.00 (73.82)
[152/294]	0.124 (0.976)	100.00 (73.99)
[153/294]	0.079 (0.971)	100.00 (74.16)
[154/294]	0.199 (0.966)	95.00 (74.29)
[155/294]	0.151 (0.960)	95.00 (74.42)
[156/294]	0.220 (0.956)	90.00 (74.52)
[157/294]	0.103 (0.950)	100.00 (74.68)
[158/294]	0.116 (0.945)	100.00 (74.84)
[159/294]	0.149 (0.940)	100.00 (75.00)
[160/294]	0.154 (0.935)	100.00 (75.16)
[161/294]	0.268 (0.931)	90.00 (75.25)
[162/294]	0.128 (0.926)	100.00 (75.40)
[163/294]	0.174 (0.922)	95.00 (75.52)
[164/294]	0.097 (0.917)	100.00 (75.67)
[165/294]	0.159 (0.912)	95.00 (75.78)
[166/294]	0.119 (0.907)	100.00 (75.93)
[167/294]	0.103 (0.903)	100.00 (76.07)
[168/294]	0.170 (0.898)	95.00 (76.18)
[169/294]	0.138 (0.894)	100.00 (76.32)
[170/294]	0.095 (0.889)	100.00 (76.46)
[171/294]	0.190 (0.885)	95.00 (76.57)
[172/294]	0.102 (0.880)	95.00 (76.68)
[173/294]	0.124 (0.876)	100.00 (76.81)
[174/294]	0.084 (0.872)	100.00 (76.94)
[175/294]	0.146 (0.867)	100.00 (77.07)
[176/294]	0.081 (0.863)	100.00 (77.20)
[177/294]	0.131 (0.859)	100.00 (77.33)
[178/294]	0.114 (0.855)	100.00 (77.46)
[179/294]	0.198 (0.851)	90.00 (77.53)
[180/294]	0.074 (0.847)	100.00 (77.65)
[181/294]	0.220 (0.843)	85.00 (77.69)
[182/294]	0.197 (0.840)	95.00 (77.79)
[183/294]	0.516 (0.838)	95.00 (77.88)
[184/294]	0.090 (0.834)	100.00 (78.00)
[185/294]	0.284 (0.831)	90.00 (78.06)
[186/294]	0.190 (0.828)	100.00 (78.18)
[187/294]	0.233 (0.824)	95.00 (78.27)
[188/294]	0.155 (0.821)	95.00 (78.36)
[189/294]	0.124 (0.817)	100.00 (78.47)
[190/294]	0.072 (0.813)	100.00 (78.59)
[191/294]	0.102 (0.810)	100.00 (78.70)
[192/294]	0.061 (0.806)	100.00 (78.81)
[193/294]	0.191 (0.803)	95.00 (78.89)
[194/294]	0.172 (0.799)	95.00 (78.97)
[195/294]	0.384 (0.797)	90.00 (79.03)
[196/294]	0.258 (0.795)	90.00 (79.09)
[197/294]	0.196 (0.791)	90.00 (79.14)
[198/294]	0.139 (0.788)	95.00 (79.22)
[199/294]	0.070 (0.785)	100.00 (79.33)
[200/294]	0.145 (0.781)	95.00 (79.40)
[201/294]	0.076 (0.778)	100.00 (79.50)
[202/294]	0.211 (0.775)	95.00 (79.58)
[203/294]	0.226 (0.772)	95.00 (79.66)
[204/294]	0.155 (0.769)	100.00 (79.76)
[205/294]	0.164 (0.767)	100.00 (79.85)
[206/294]	0.121 (0.763)	100.00 (79.95)
[207/294]	0.060 (0.760)	100.00 (80.05)
[208/294]	0.068 (0.757)	100.00 (80.14)
[209/294]	0.148 (0.754)	95.00 (80.21)
[210/294]	0.052 (0.750)	100.00 (80.31)
[211/294]	0.063 (0.747)	100.00 (80.40)
[212/294]	0.133 (0.744)	95.00 (80.47)
[213/294]	0.393 (0.743)	85.00 (80.49)
[214/294]	0.103 (0.740)	95.00 (80.56)
[215/294]	0.170 (0.737)	95.00 (80.62)
[216/294]	0.353 (0.735)	95.00 (80.69)
[217/294]	0.101 (0.732)	100.00 (80.78)
[218/294]	0.087 (0.729)	100.00 (80.87)
[219/294]	0.154 (0.727)	95.00 (80.93)
[220/294]	0.204 (0.724)	95.00 (81.00)
[221/294]	0.071 (0.722)	100.00 (81.08)
[222/294]	0.154 (0.719)	95.00 (81.14)
[223/294]	0.136 (0.716)	95.00 (81.21)
[224/294]	0.109 (0.714)	100.00 (81.29)
[225/294]	0.092 (0.711)	100.00 (81.37)
[226/294]	0.058 (0.708)	100.00 (81.45)
[227/294]	0.073 (0.705)	100.00 (81.54)
[228/294]	0.076 (0.703)	100.00 (81.62)
[229/294]	0.092 (0.700)	100.00 (81.70)
[230/294]	0.193 (0.698)	90.00 (81.73)
[231/294]	0.101 (0.695)	95.00 (81.79)
[232/294]	0.179 (0.693)	95.00 (81.85)
[233/294]	0.067 (0.690)	100.00 (81.92)
[234/294]	0.137 (0.688)	95.00 (81.98)
[235/294]	0.070 (0.685)	100.00 (82.06)
[236/294]	0.093 (0.683)	100.00 (82.13)
[237/294]	0.170 (0.681)	95.00 (82.18)
[238/294]	0.073 (0.678)	100.00 (82.26)
[239/294]	0.252 (0.676)	95.00 (82.31)
[240/294]	0.136 (0.674)	95.00 (82.37)
[241/294]	0.202 (0.672)	90.00 (82.40)
[242/294]	0.127 (0.670)	95.00 (82.45)
[243/294]	0.090 (0.667)	100.00 (82.52)
[244/294]	0.102 (0.665)	95.00 (82.57)
[245/294]	0.243 (0.663)	95.00 (82.62)
[246/294]	0.116 (0.661)	100.00 (82.69)
[247/294]	0.106 (0.659)	95.00 (82.74)
[248/294]	0.080 (0.657)	100.00 (82.81)
[249/294]	0.050 (0.654)	100.00 (82.88)
[250/294]	0.167 (0.652)	95.00 (82.93)
[251/294]	0.258 (0.651)	90.00 (82.96)
[252/294]	0.055 (0.648)	100.00 (83.02)
[253/294]	0.053 (0.646)	100.00 (83.09)
[254/294]	0.138 (0.644)	95.00 (83.14)
[255/294]	0.073 (0.642)	100.00 (83.20)
[256/294]	0.128 (0.640)	95.00 (83.25)
[257/294]	0.086 (0.638)	100.00 (83.31)
[258/294]	0.073 (0.635)	100.00 (83.38)
[259/294]	0.060 (0.633)	100.00 (83.44)
[260/294]	0.064 (0.631)	100.00 (83.51)
[261/294]	0.365 (0.630)	90.00 (83.53)
[262/294]	0.131 (0.628)	95.00 (83.57)
[263/294]	0.147 (0.626)	95.00 (83.62)
[264/294]	0.227 (0.625)	95.00 (83.66)
[265/294]	0.156 (0.623)	95.00 (83.70)
[266/294]	0.074 (0.621)	100.00 (83.76)
[267/294]	0.142 (0.619)	90.00 (83.79)
[268/294]	0.045 (0.617)	100.00 (83.85)
[269/294]	0.251 (0.616)	95.00 (83.89)
[270/294]	0.083 (0.614)	95.00 (83.93)
[271/294]	0.088 (0.612)	100.00 (83.99)
[272/294]	0.070 (0.610)	100.00 (84.05)
[273/294]	0.069 (0.608)	100.00 (84.11)
[274/294]	0.070 (0.606)	100.00 (84.16)
[275/294]	0.042 (0.604)	100.00 (84.22)
[276/294]	0.122 (0.602)	95.00 (84.26)
[277/294]	0.098 (0.600)	100.00 (84.32)
[278/294]	0.216 (0.599)	95.00 (84.35)
[279/294]	0.060 (0.597)	100.00 (84.41)
[280/294]	0.161 (0.595)	95.00 (84.45)
[281/294]	0.382 (0.595)	95.00 (84.49)
[282/294]	0.098 (0.593)	95.00 (84.52)
[283/294]	0.078 (0.591)	100.00 (84.58)
[284/294]	0.086 (0.589)	100.00 (84.63)
[285/294]	0.107 (0.588)	100.00 (84.69)
[286/294]	0.154 (0.586)	90.00 (84.70)
[287/294]	0.055 (0.584)	100.00 (84.76)
[288/294]	0.051 (0.582)	100.00 (84.81)
[289/294]	0.067 (0.581)	100.00 (84.86)
[290/294]	0.392 (0.580)	95.00 (84.90)
[291/294]	0.104 (0.578)	100.00 (84.95)
[292/294]	0.050 (0.577)	100.00 (85.00)
[293/294]	0.195 (0.575)	90.00 (85.02)
 * Train Acc: 85.017
 * Avg. Data time: 0.008, Avg. Batch time: 0.065, Avg. Forward time: 0.004, Avg. Backward time: 0.047
Computing SI
 * Val Acc: 24.805, Time: 3.79
 * Test Acc: 24.346, Time: 9.19
=============Training Task 4=============
Active output nodes for this task: 
[0, 1, 2, 3, 4, 5, 6, 7, 8, 9]
=============Training Epoch 0=============
#reg terms:  1
Batch	 Loss		 Acc
[0/294]	12.301 (12.301)	0.00 (0.00)
[1/294]	8.797 (10.549)	0.00 (0.00)
[2/294]	6.339 (9.146)	0.00 (0.00)
[3/294]	4.532 (7.992)	0.00 (0.00)
[4/294]	3.860 (7.166)	0.00 (0.00)
[5/294]	3.452 (6.547)	0.00 (0.00)
[6/294]	3.256 (6.077)	0.00 (0.00)
[7/294]	2.995 (5.692)	0.00 (0.00)
[8/294]	3.017 (5.394)	0.00 (0.00)
[9/294]	2.959 (5.151)	0.00 (0.00)
[10/294]	2.856 (4.942)	0.00 (0.00)
[11/294]	2.870 (4.770)	10.00 (0.83)
[12/294]	2.755 (4.615)	10.00 (1.54)
[13/294]	2.696 (4.478)	10.00 (2.14)
[14/294]	2.564 (4.350)	20.00 (3.33)
[15/294]	2.592 (4.240)	15.00 (4.06)
[16/294]	2.487 (4.137)	20.00 (5.00)
[17/294]	2.435 (4.042)	40.00 (6.94)
[18/294]	2.408 (3.956)	30.00 (8.16)
[19/294]	2.237 (3.870)	55.00 (10.50)
[20/294]	2.089 (3.786)	75.00 (13.57)
[21/294]	2.016 (3.705)	80.00 (16.59)
[22/294]	2.022 (3.632)	70.00 (18.91)
[23/294]	1.792 (3.555)	60.00 (20.62)
[24/294]	1.687 (3.481)	65.00 (22.40)
[25/294]	1.648 (3.410)	75.00 (24.42)
[26/294]	1.463 (3.338)	75.00 (26.30)
[27/294]	1.362 (3.267)	80.00 (28.21)
[28/294]	1.252 (3.198)	80.00 (30.00)
[29/294]	1.156 (3.130)	75.00 (31.50)
[30/294]	1.131 (3.065)	55.00 (32.26)
[31/294]	1.099 (3.004)	65.00 (33.28)
[32/294]	1.023 (2.944)	60.00 (34.09)
[33/294]	0.926 (2.885)	70.00 (35.15)
[34/294]	0.890 (2.828)	80.00 (36.43)
[35/294]	0.827 (2.772)	75.00 (37.50)
[36/294]	0.805 (2.719)	75.00 (38.51)
[37/294]	0.825 (2.669)	65.00 (39.21)
[38/294]	0.825 (2.622)	55.00 (39.62)
[39/294]	0.899 (2.579)	55.00 (40.00)
[40/294]	0.756 (2.534)	70.00 (40.73)
[41/294]	0.709 (2.491)	80.00 (41.67)
[42/294]	0.627 (2.447)	95.00 (42.91)
[43/294]	0.712 (2.408)	80.00 (43.75)
[44/294]	0.663 (2.369)	95.00 (44.89)
[45/294]	0.686 (2.333)	70.00 (45.43)
[46/294]	0.594 (2.296)	95.00 (46.49)
[47/294]	0.716 (2.263)	90.00 (47.40)
[48/294]	0.580 (2.228)	85.00 (48.16)
[49/294]	0.671 (2.197)	75.00 (48.70)
[50/294]	0.676 (2.167)	70.00 (49.12)
[51/294]	0.594 (2.137)	80.00 (49.71)
[52/294]	0.555 (2.107)	85.00 (50.38)
[53/294]	0.550 (2.078)	90.00 (51.11)
[54/294]	0.584 (2.051)	90.00 (51.82)
[55/294]	0.656 (2.026)	65.00 (52.05)
[56/294]	0.523 (2.000)	85.00 (52.63)
[57/294]	0.563 (1.975)	75.00 (53.02)
[58/294]	0.459 (1.950)	85.00 (53.56)
[59/294]	0.569 (1.927)	75.00 (53.92)
[60/294]	0.562 (1.904)	80.00 (54.34)
[61/294]	0.530 (1.882)	85.00 (54.84)
[62/294]	0.362 (1.858)	90.00 (55.40)
[63/294]	0.522 (1.837)	85.00 (55.86)
[64/294]	0.411 (1.815)	85.00 (56.31)
[65/294]	0.544 (1.796)	80.00 (56.67)
[66/294]	0.459 (1.776)	85.00 (57.09)
[67/294]	0.519 (1.757)	90.00 (57.57)
[68/294]	0.463 (1.739)	85.00 (57.97)
[69/294]	0.537 (1.721)	80.00 (58.29)
[70/294]	0.425 (1.703)	85.00 (58.66)
[71/294]	0.487 (1.686)	80.00 (58.96)
[72/294]	0.342 (1.668)	95.00 (59.45)
[73/294]	0.404 (1.651)	95.00 (59.93)
[74/294]	0.367 (1.634)	90.00 (60.33)
[75/294]	0.313 (1.616)	90.00 (60.72)
[76/294]	0.420 (1.601)	90.00 (61.10)
[77/294]	0.495 (1.587)	80.00 (61.35)
[78/294]	0.351 (1.571)	90.00 (61.71)
[79/294]	0.466 (1.557)	80.00 (61.94)
[80/294]	0.411 (1.543)	85.00 (62.22)
[81/294]	0.363 (1.529)	95.00 (62.62)
[82/294]	0.248 (1.513)	95.00 (63.01)
[83/294]	0.417 (1.500)	85.00 (63.27)
[84/294]	0.412 (1.487)	85.00 (63.53)
[85/294]	0.284 (1.473)	95.00 (63.90)
[86/294]	0.414 (1.461)	80.00 (64.08)
[87/294]	0.332 (1.448)	85.00 (64.32)
[88/294]	0.321 (1.436)	95.00 (64.66)
[89/294]	0.449 (1.425)	95.00 (65.00)
[90/294]	0.297 (1.412)	95.00 (65.33)
[91/294]	0.387 (1.401)	90.00 (65.60)
[92/294]	0.319 (1.389)	95.00 (65.91)
[93/294]	0.303 (1.378)	90.00 (66.17)
[94/294]	0.421 (1.368)	85.00 (66.37)
[95/294]	0.257 (1.356)	95.00 (66.67)
[96/294]	0.215 (1.345)	100.00 (67.01)
[97/294]	0.284 (1.334)	95.00 (67.30)
[98/294]	0.152 (1.322)	100.00 (67.63)
[99/294]	0.261 (1.311)	95.00 (67.90)
[100/294]	0.233 (1.300)	95.00 (68.17)
[101/294]	0.198 (1.290)	95.00 (68.43)
[102/294]	0.186 (1.279)	100.00 (68.74)
[103/294]	0.303 (1.270)	95.00 (68.99)
[104/294]	0.102 (1.258)	100.00 (69.29)
[105/294]	0.223 (1.249)	100.00 (69.58)
[106/294]	0.230 (1.239)	90.00 (69.77)
[107/294]	0.211 (1.230)	90.00 (69.95)
[108/294]	0.271 (1.221)	90.00 (70.14)
[109/294]	0.231 (1.212)	95.00 (70.36)
[110/294]	0.259 (1.203)	90.00 (70.54)
[111/294]	0.345 (1.196)	90.00 (70.71)
[112/294]	0.190 (1.187)	100.00 (70.97)
[113/294]	0.356 (1.179)	90.00 (71.14)
[114/294]	0.366 (1.172)	90.00 (71.30)
[115/294]	0.195 (1.164)	95.00 (71.51)
[116/294]	0.254 (1.156)	95.00 (71.71)
[117/294]	0.283 (1.149)	90.00 (71.86)
[118/294]	0.158 (1.140)	95.00 (72.06)
[119/294]	0.298 (1.133)	90.00 (72.21)
[120/294]	0.226 (1.126)	95.00 (72.40)
[121/294]	0.165 (1.118)	95.00 (72.58)
[122/294]	0.235 (1.111)	95.00 (72.76)
[123/294]	0.141 (1.103)	100.00 (72.98)
[124/294]	0.302 (1.097)	90.00 (73.12)
[125/294]	0.139 (1.089)	100.00 (73.33)
[126/294]	0.213 (1.082)	95.00 (73.50)
[127/294]	0.129 (1.075)	100.00 (73.71)
[128/294]	0.110 (1.067)	100.00 (73.91)
[129/294]	0.129 (1.060)	100.00 (74.12)
[130/294]	0.196 (1.053)	100.00 (74.31)
[131/294]	0.183 (1.047)	95.00 (74.47)
[132/294]	0.220 (1.041)	100.00 (74.66)
[133/294]	0.170 (1.034)	95.00 (74.81)
[134/294]	0.177 (1.028)	100.00 (75.00)
[135/294]	0.292 (1.022)	90.00 (75.11)
[136/294]	0.095 (1.016)	100.00 (75.29)
[137/294]	0.266 (1.010)	85.00 (75.36)
[138/294]	0.264 (1.005)	90.00 (75.47)
[139/294]	0.131 (0.999)	100.00 (75.64)
[140/294]	0.282 (0.993)	90.00 (75.74)
[141/294]	0.235 (0.988)	90.00 (75.85)
[142/294]	0.172 (0.982)	95.00 (75.98)
[143/294]	0.254 (0.977)	85.00 (76.04)
[144/294]	0.081 (0.971)	100.00 (76.21)
[145/294]	0.124 (0.965)	100.00 (76.37)
[146/294]	0.153 (0.960)	100.00 (76.53)
[147/294]	0.174 (0.954)	95.00 (76.66)
[148/294]	0.289 (0.950)	90.00 (76.74)
[149/294]	0.178 (0.945)	100.00 (76.90)
[150/294]	0.235 (0.940)	90.00 (76.99)
[151/294]	0.095 (0.935)	100.00 (77.14)
[152/294]	0.142 (0.929)	100.00 (77.29)
[153/294]	0.160 (0.924)	95.00 (77.40)
[154/294]	0.159 (0.919)	95.00 (77.52)
[155/294]	0.080 (0.914)	100.00 (77.66)
[156/294]	0.134 (0.909)	100.00 (77.80)
[157/294]	0.136 (0.904)	95.00 (77.91)
[158/294]	0.141 (0.899)	95.00 (78.02)
[159/294]	0.097 (0.894)	100.00 (78.16)
[160/294]	0.165 (0.890)	95.00 (78.26)
[161/294]	0.091 (0.885)	100.00 (78.40)
[162/294]	0.164 (0.881)	95.00 (78.50)
[163/294]	0.127 (0.876)	95.00 (78.60)
[164/294]	0.108 (0.871)	95.00 (78.70)
[165/294]	0.226 (0.867)	90.00 (78.77)
[166/294]	0.179 (0.863)	95.00 (78.86)
[167/294]	0.120 (0.859)	95.00 (78.96)
[168/294]	0.092 (0.854)	100.00 (79.08)
[169/294]	0.235 (0.851)	90.00 (79.15)
[170/294]	0.203 (0.847)	90.00 (79.21)
[171/294]	0.129 (0.843)	95.00 (79.30)
[172/294]	0.058 (0.838)	100.00 (79.42)
[173/294]	0.076 (0.834)	100.00 (79.54)
[174/294]	0.257 (0.831)	95.00 (79.63)
[175/294]	0.109 (0.826)	100.00 (79.74)
[176/294]	0.114 (0.822)	100.00 (79.86)
[177/294]	0.258 (0.819)	90.00 (79.92)
[178/294]	0.116 (0.815)	95.00 (80.00)
[179/294]	0.165 (0.812)	90.00 (80.06)
[180/294]	0.105 (0.808)	100.00 (80.17)
[181/294]	0.056 (0.804)	100.00 (80.27)
[182/294]	0.078 (0.800)	100.00 (80.38)
[183/294]	0.181 (0.796)	90.00 (80.43)
[184/294]	0.095 (0.793)	100.00 (80.54)
[185/294]	0.139 (0.789)	95.00 (80.62)
[186/294]	0.204 (0.786)	90.00 (80.67)
[187/294]	0.083 (0.782)	100.00 (80.77)
[188/294]	0.083 (0.778)	100.00 (80.87)
[189/294]	0.105 (0.775)	100.00 (80.97)
[190/294]	0.196 (0.772)	95.00 (81.05)
[191/294]	0.143 (0.769)	95.00 (81.12)
[192/294]	0.095 (0.765)	100.00 (81.22)
[193/294]	0.299 (0.763)	90.00 (81.26)
[194/294]	0.075 (0.759)	100.00 (81.36)
[195/294]	0.115 (0.756)	100.00 (81.45)
[196/294]	0.066 (0.752)	100.00 (81.55)
[197/294]	0.126 (0.749)	95.00 (81.62)
[198/294]	0.066 (0.746)	100.00 (81.71)
[199/294]	0.094 (0.743)	100.00 (81.80)
[200/294]	0.110 (0.739)	95.00 (81.87)
[201/294]	0.050 (0.736)	100.00 (81.96)
[202/294]	0.065 (0.733)	100.00 (82.04)
[203/294]	0.295 (0.731)	90.00 (82.08)
[204/294]	0.470 (0.729)	85.00 (82.10)
[205/294]	0.064 (0.726)	100.00 (82.18)
[206/294]	0.371 (0.724)	75.00 (82.15)
[207/294]	0.083 (0.721)	100.00 (82.24)
[208/294]	0.151 (0.719)	95.00 (82.30)
[209/294]	0.116 (0.716)	100.00 (82.38)
[210/294]	0.463 (0.714)	80.00 (82.37)
[211/294]	0.192 (0.712)	90.00 (82.41)
[212/294]	0.301 (0.710)	90.00 (82.44)
[213/294]	0.137 (0.707)	95.00 (82.50)
[214/294]	0.091 (0.704)	100.00 (82.58)
[215/294]	0.090 (0.702)	100.00 (82.66)
[216/294]	0.099 (0.699)	100.00 (82.74)
[217/294]	0.213 (0.697)	90.00 (82.78)
[218/294]	0.129 (0.694)	95.00 (82.83)
[219/294]	0.370 (0.693)	85.00 (82.84)
[220/294]	0.103 (0.690)	100.00 (82.92)
[221/294]	0.367 (0.688)	85.00 (82.93)
[222/294]	0.081 (0.686)	100.00 (83.00)
[223/294]	0.080 (0.683)	100.00 (83.08)
[224/294]	0.131 (0.681)	95.00 (83.13)
[225/294]	0.114 (0.678)	100.00 (83.21)
[226/294]	0.067 (0.675)	100.00 (83.28)
[227/294]	0.093 (0.673)	100.00 (83.36)
[228/294]	0.138 (0.670)	100.00 (83.43)
[229/294]	0.127 (0.668)	95.00 (83.48)
[230/294]	0.042 (0.665)	100.00 (83.55)
[231/294]	0.071 (0.663)	100.00 (83.62)
[232/294]	0.102 (0.660)	100.00 (83.69)
[233/294]	0.262 (0.659)	85.00 (83.70)
[234/294]	0.080 (0.656)	100.00 (83.77)
[235/294]	0.082 (0.654)	100.00 (83.83)
[236/294]	0.117 (0.652)	95.00 (83.88)
[237/294]	0.062 (0.649)	100.00 (83.95)
[238/294]	0.086 (0.647)	95.00 (84.00)
[239/294]	0.103 (0.644)	100.00 (84.06)
[240/294]	0.272 (0.643)	90.00 (84.09)
[241/294]	0.135 (0.641)	95.00 (84.13)
[242/294]	0.055 (0.638)	100.00 (84.20)
[243/294]	0.086 (0.636)	100.00 (84.26)
[244/294]	0.067 (0.634)	100.00 (84.33)
[245/294]	0.101 (0.632)	95.00 (84.37)
[246/294]	0.355 (0.631)	90.00 (84.39)
[247/294]	0.130 (0.629)	100.00 (84.46)
[248/294]	0.049 (0.626)	100.00 (84.52)
[249/294]	0.168 (0.624)	90.00 (84.54)
[250/294]	0.060 (0.622)	100.00 (84.60)
[251/294]	0.170 (0.620)	90.00 (84.62)
[252/294]	0.110 (0.618)	100.00 (84.68)
[253/294]	0.065 (0.616)	100.00 (84.74)
[254/294]	0.096 (0.614)	100.00 (84.80)
[255/294]	0.185 (0.612)	95.00 (84.84)
[256/294]	0.099 (0.610)	100.00 (84.90)
[257/294]	0.110 (0.608)	100.00 (84.96)
[258/294]	0.216 (0.607)	90.00 (84.98)
[259/294]	0.169 (0.605)	95.00 (85.02)
[260/294]	0.082 (0.603)	100.00 (85.08)
[261/294]	0.100 (0.601)	100.00 (85.13)
[262/294]	0.170 (0.600)	95.00 (85.17)
[263/294]	0.125 (0.598)	95.00 (85.21)
[264/294]	0.066 (0.596)	100.00 (85.26)
[265/294]	0.045 (0.594)	100.00 (85.32)
[266/294]	0.044 (0.592)	100.00 (85.37)
[267/294]	0.072 (0.590)	100.00 (85.43)
[268/294]	0.083 (0.588)	100.00 (85.48)
[269/294]	0.123 (0.586)	100.00 (85.54)
[270/294]	0.134 (0.585)	95.00 (85.57)
[271/294]	0.050 (0.583)	100.00 (85.62)
[272/294]	0.117 (0.581)	95.00 (85.66)
[273/294]	0.208 (0.580)	90.00 (85.68)
[274/294]	0.179 (0.578)	95.00 (85.71)
[275/294]	0.144 (0.577)	95.00 (85.74)
[276/294]	0.059 (0.575)	100.00 (85.79)
[277/294]	0.077 (0.573)	100.00 (85.85)
[278/294]	0.053 (0.571)	100.00 (85.90)
[279/294]	0.121 (0.569)	95.00 (85.93)
[280/294]	0.070 (0.568)	100.00 (85.98)
[281/294]	0.069 (0.566)	100.00 (86.03)
[282/294]	0.168 (0.564)	95.00 (86.06)
[283/294]	0.097 (0.563)	95.00 (86.09)
[284/294]	0.050 (0.561)	100.00 (86.14)
[285/294]	0.067 (0.559)	100.00 (86.19)
[286/294]	0.100 (0.558)	100.00 (86.24)
[287/294]	0.073 (0.556)	100.00 (86.28)
[288/294]	0.067 (0.554)	100.00 (86.33)
[289/294]	0.064 (0.553)	100.00 (86.38)
[290/294]	0.095 (0.551)	100.00 (86.43)
[291/294]	0.064 (0.549)	100.00 (86.47)
[292/294]	0.088 (0.548)	100.00 (86.52)
[293/294]	0.057 (0.546)	100.00 (86.56)
 * Train Acc: 86.565
 * Avg. Data time: 0.007, Avg. Batch time: 0.067, Avg. Forward time: 0.004, Avg. Backward time: 0.050
Computing SI
 * Val Acc: 19.031, Time: 5.10
 * Test Acc: 19.877, Time: 10.60
=============Training Task 5=============
Active output nodes for this task: 
[0, 1, 2, 3, 4, 5, 6, 7, 8, 9, 10, 11]
=============Training Epoch 0=============
#reg terms:  1
Batch	 Loss		 Acc
