=============Stream Learning Run 0=============
Changing output layer to contain 12 classes
============BEGINNING STREAM LEARNING============
=============Training Task 0=============
Active output nodes for this task: 
[0, 1]
=============Training Epoch 0=============
#reg terms:  0
Batch	 Loss		 Acc
[0/294]	0.906 (0.906)	60.00 (60.00)
[1/294]	1.048 (0.977)	55.00 (57.50)
[2/294]	1.304 (1.086)	45.00 (53.33)
[3/294]	1.195 (1.113)	40.00 (50.00)
[4/294]	0.900 (1.071)	45.00 (49.00)
[5/294]	0.797 (1.025)	55.00 (50.00)
[6/294]	0.816 (0.995)	55.00 (50.71)
[7/294]	0.705 (0.959)	65.00 (52.50)
[8/294]	0.709 (0.931)	50.00 (52.22)
[9/294]	0.860 (0.924)	40.00 (51.00)
[10/294]	0.751 (0.908)	50.00 (50.91)
[11/294]	0.635 (0.886)	60.00 (51.67)
[12/294]	0.641 (0.867)	70.00 (53.08)
[13/294]	0.793 (0.861)	35.00 (51.79)
[14/294]	0.589 (0.843)	75.00 (53.33)
[15/294]	0.684 (0.833)	65.00 (54.06)
[16/294]	0.989 (0.843)	40.00 (53.24)
[17/294]	0.771 (0.839)	55.00 (53.33)
[18/294]	0.499 (0.821)	70.00 (54.21)
[19/294]	0.664 (0.813)	60.00 (54.50)
[20/294]	0.661 (0.806)	60.00 (54.76)
[21/294]	0.704 (0.801)	55.00 (54.77)
[22/294]	0.848 (0.803)	35.00 (53.91)
[23/294]	0.618 (0.795)	60.00 (54.17)
[24/294]	0.595 (0.787)	70.00 (54.80)
[25/294]	0.501 (0.776)	95.00 (56.35)
[26/294]	0.628 (0.771)	60.00 (56.48)
[27/294]	0.635 (0.766)	60.00 (56.61)
[28/294]	0.527 (0.758)	75.00 (57.24)
[29/294]	0.612 (0.753)	50.00 (57.00)
[30/294]	0.631 (0.749)	65.00 (57.26)
[31/294]	0.606 (0.745)	65.00 (57.50)
[32/294]	0.413 (0.734)	85.00 (58.33)
[33/294]	0.555 (0.729)	70.00 (58.68)
[34/294]	0.581 (0.725)	65.00 (58.86)
[35/294]	0.609 (0.722)	65.00 (59.03)
[36/294]	0.641 (0.720)	60.00 (59.05)
[37/294]	0.570 (0.716)	65.00 (59.21)
[38/294]	0.571 (0.712)	75.00 (59.62)
[39/294]	0.584 (0.709)	65.00 (59.75)
[40/294]	0.516 (0.704)	75.00 (60.12)
[41/294]	0.453 (0.698)	85.00 (60.71)
[42/294]	0.601 (0.696)	65.00 (60.81)
[43/294]	0.605 (0.694)	70.00 (61.02)
[44/294]	0.526 (0.690)	70.00 (61.22)
[45/294]	0.486 (0.686)	85.00 (61.74)
[46/294]	0.540 (0.683)	75.00 (62.02)
[47/294]	0.744 (0.684)	50.00 (61.77)
[48/294]	0.626 (0.683)	50.00 (61.53)
[49/294]	0.473 (0.678)	85.00 (62.00)
[50/294]	0.570 (0.676)	70.00 (62.16)
[51/294]	0.591 (0.675)	60.00 (62.12)
[52/294]	0.431 (0.670)	90.00 (62.64)
[53/294]	0.453 (0.666)	80.00 (62.96)
[54/294]	0.497 (0.663)	80.00 (63.27)
[55/294]	0.501 (0.660)	85.00 (63.66)
[56/294]	0.454 (0.656)	85.00 (64.04)
[57/294]	0.554 (0.655)	85.00 (64.40)
[58/294]	0.530 (0.653)	75.00 (64.58)
[59/294]	0.526 (0.650)	80.00 (64.83)
[60/294]	0.396 (0.646)	85.00 (65.16)
[61/294]	0.576 (0.645)	70.00 (65.24)
[62/294]	0.489 (0.643)	65.00 (65.24)
[63/294]	0.572 (0.642)	70.00 (65.31)
[64/294]	0.575 (0.641)	80.00 (65.54)
[65/294]	0.399 (0.637)	85.00 (65.83)
[66/294]	0.502 (0.635)	75.00 (65.97)
[67/294]	0.429 (0.632)	90.00 (66.32)
[68/294]	0.534 (0.630)	80.00 (66.52)
[69/294]	0.558 (0.629)	75.00 (66.64)
[70/294]	0.417 (0.626)	85.00 (66.90)
[71/294]	0.616 (0.626)	65.00 (66.88)
[72/294]	0.568 (0.625)	70.00 (66.92)
[73/294]	0.450 (0.623)	80.00 (67.09)
[74/294]	0.479 (0.621)	70.00 (67.13)
[75/294]	0.330 (0.617)	95.00 (67.50)
[76/294]	0.447 (0.615)	80.00 (67.66)
[77/294]	0.326 (0.611)	90.00 (67.95)
[78/294]	0.407 (0.609)	80.00 (68.10)
[79/294]	0.486 (0.607)	75.00 (68.19)
[80/294]	0.502 (0.606)	90.00 (68.46)
[81/294]	0.384 (0.603)	90.00 (68.72)
[82/294]	0.524 (0.602)	65.00 (68.67)
[83/294]	0.365 (0.600)	85.00 (68.87)
[84/294]	0.382 (0.597)	90.00 (69.12)
[85/294]	0.436 (0.595)	80.00 (69.24)
[86/294]	0.437 (0.593)	75.00 (69.31)
[87/294]	0.356 (0.591)	90.00 (69.55)
[88/294]	0.491 (0.589)	70.00 (69.55)
[89/294]	0.505 (0.589)	80.00 (69.67)
[90/294]	0.480 (0.587)	80.00 (69.78)
[91/294]	0.330 (0.585)	95.00 (70.05)
[92/294]	0.617 (0.585)	65.00 (70.00)
[93/294]	0.442 (0.583)	80.00 (70.11)
[94/294]	0.495 (0.582)	85.00 (70.26)
[95/294]	0.374 (0.580)	90.00 (70.47)
[96/294]	0.384 (0.578)	85.00 (70.62)
[97/294]	0.353 (0.576)	80.00 (70.71)
[98/294]	0.235 (0.572)	100.00 (71.01)
[99/294]	0.355 (0.570)	90.00 (71.20)
[100/294]	0.442 (0.569)	80.00 (71.29)
[101/294]	0.376 (0.567)	90.00 (71.47)
[102/294]	0.456 (0.566)	75.00 (71.50)
[103/294]	0.556 (0.566)	65.00 (71.44)
[104/294]	0.383 (0.564)	85.00 (71.57)
[105/294]	0.232 (0.561)	95.00 (71.79)
[106/294]	0.448 (0.560)	80.00 (71.87)
[107/294]	0.330 (0.558)	90.00 (72.04)
[108/294]	0.377 (0.556)	80.00 (72.11)
[109/294]	0.353 (0.554)	90.00 (72.27)
[110/294]	0.337 (0.552)	90.00 (72.43)
[111/294]	0.381 (0.551)	85.00 (72.54)
[112/294]	0.317 (0.549)	100.00 (72.79)
[113/294]	0.483 (0.548)	65.00 (72.72)
[114/294]	0.342 (0.546)	95.00 (72.91)
[115/294]	0.316 (0.544)	90.00 (73.06)
[116/294]	0.412 (0.543)	80.00 (73.12)
[117/294]	0.492 (0.543)	85.00 (73.22)
[118/294]	0.419 (0.542)	80.00 (73.28)
[119/294]	0.456 (0.541)	80.00 (73.33)
[120/294]	0.369 (0.540)	80.00 (73.39)
[121/294]	0.459 (0.539)	75.00 (73.40)
[122/294]	0.500 (0.539)	70.00 (73.37)
[123/294]	0.464 (0.538)	75.00 (73.39)
[124/294]	0.408 (0.537)	80.00 (73.44)
[125/294]	0.321 (0.535)	85.00 (73.53)
[126/294]	0.446 (0.535)	85.00 (73.62)
[127/294]	0.369 (0.533)	95.00 (73.79)
[128/294]	0.277 (0.531)	90.00 (73.91)
[129/294]	0.398 (0.530)	75.00 (73.92)
[130/294]	0.278 (0.528)	90.00 (74.05)
[131/294]	0.417 (0.528)	75.00 (74.05)
[132/294]	0.284 (0.526)	90.00 (74.17)
[133/294]	0.311 (0.524)	90.00 (74.29)
[134/294]	0.236 (0.522)	95.00 (74.44)
[135/294]	0.351 (0.521)	90.00 (74.56)
[136/294]	0.351 (0.520)	90.00 (74.67)
[137/294]	0.367 (0.518)	85.00 (74.75)
[138/294]	0.294 (0.517)	85.00 (74.82)
[139/294]	0.378 (0.516)	80.00 (74.86)
[140/294]	0.417 (0.515)	85.00 (74.93)
[141/294]	0.297 (0.514)	95.00 (75.07)
[142/294]	0.348 (0.512)	80.00 (75.10)
[143/294]	0.222 (0.510)	100.00 (75.28)
[144/294]	0.348 (0.509)	90.00 (75.38)
[145/294]	0.313 (0.508)	95.00 (75.51)
[146/294]	0.342 (0.507)	90.00 (75.61)
[147/294]	0.337 (0.506)	85.00 (75.68)
[148/294]	0.364 (0.505)	80.00 (75.70)
[149/294]	0.431 (0.504)	80.00 (75.73)
[150/294]	0.396 (0.504)	85.00 (75.79)
[151/294]	0.340 (0.502)	80.00 (75.82)
[152/294]	0.358 (0.502)	95.00 (75.95)
[153/294]	0.248 (0.500)	95.00 (76.07)
[154/294]	0.337 (0.499)	85.00 (76.13)
[155/294]	0.469 (0.499)	65.00 (76.06)
[156/294]	0.370 (0.498)	85.00 (76.11)
[157/294]	0.184 (0.496)	95.00 (76.23)
[158/294]	0.285 (0.494)	90.00 (76.32)
[159/294]	0.403 (0.494)	85.00 (76.38)
[160/294]	0.485 (0.494)	75.00 (76.37)
[161/294]	0.423 (0.493)	75.00 (76.36)
[162/294]	0.255 (0.492)	95.00 (76.47)
[163/294]	0.325 (0.491)	85.00 (76.52)
[164/294]	0.353 (0.490)	90.00 (76.61)
[165/294]	0.354 (0.489)	85.00 (76.66)
[166/294]	0.333 (0.488)	85.00 (76.71)
[167/294]	0.251 (0.487)	95.00 (76.82)
[168/294]	0.351 (0.486)	85.00 (76.86)
[169/294]	0.326 (0.485)	95.00 (76.97)
[170/294]	0.473 (0.485)	80.00 (76.99)
[171/294]	0.410 (0.485)	80.00 (77.01)
[172/294]	0.332 (0.484)	85.00 (77.05)
[173/294]	0.191 (0.482)	95.00 (77.16)
[174/294]	0.244 (0.481)	95.00 (77.26)
[175/294]	0.301 (0.480)	80.00 (77.27)
[176/294]	0.334 (0.479)	90.00 (77.34)
[177/294]	0.343 (0.478)	85.00 (77.39)
[178/294]	0.284 (0.477)	90.00 (77.46)
[179/294]	0.462 (0.477)	75.00 (77.44)
[180/294]	0.212 (0.476)	95.00 (77.54)
[181/294]	0.234 (0.474)	95.00 (77.64)
[182/294]	0.296 (0.473)	90.00 (77.70)
[183/294]	0.320 (0.472)	85.00 (77.74)
[184/294]	0.214 (0.471)	100.00 (77.86)
[185/294]	0.298 (0.470)	95.00 (77.96)
[186/294]	0.292 (0.469)	90.00 (78.02)
[187/294]	0.434 (0.469)	75.00 (78.01)
[188/294]	0.481 (0.469)	85.00 (78.04)
[189/294]	0.351 (0.468)	90.00 (78.11)
[190/294]	0.170 (0.467)	100.00 (78.22)
[191/294]	0.235 (0.466)	95.00 (78.31)
[192/294]	0.267 (0.465)	90.00 (78.37)
[193/294]	0.266 (0.464)	90.00 (78.43)
[194/294]	0.343 (0.463)	75.00 (78.41)
[195/294]	0.243 (0.462)	90.00 (78.47)
[196/294]	0.144 (0.460)	100.00 (78.58)
[197/294]	0.218 (0.459)	90.00 (78.64)
[198/294]	0.268 (0.458)	95.00 (78.72)
[199/294]	0.351 (0.457)	80.00 (78.72)
[200/294]	0.464 (0.458)	80.00 (78.73)
[201/294]	0.368 (0.457)	80.00 (78.74)
[202/294]	0.387 (0.457)	85.00 (78.77)
[203/294]	0.293 (0.456)	90.00 (78.82)
[204/294]	0.351 (0.455)	80.00 (78.83)
[205/294]	0.191 (0.454)	95.00 (78.91)
[206/294]	0.360 (0.454)	85.00 (78.94)
[207/294]	0.299 (0.453)	85.00 (78.97)
[208/294]	0.185 (0.452)	100.00 (79.07)
[209/294]	0.203 (0.450)	100.00 (79.17)
[210/294]	0.218 (0.449)	95.00 (79.24)
[211/294]	0.132 (0.448)	100.00 (79.34)
[212/294]	0.217 (0.447)	100.00 (79.44)
[213/294]	0.239 (0.446)	95.00 (79.51)
[214/294]	0.288 (0.445)	95.00 (79.58)
[215/294]	0.427 (0.445)	80.00 (79.58)
[216/294]	0.324 (0.444)	95.00 (79.65)
[217/294]	0.412 (0.444)	85.00 (79.68)
[218/294]	0.229 (0.443)	90.00 (79.73)
[219/294]	0.323 (0.443)	90.00 (79.77)
[220/294]	0.189 (0.442)	95.00 (79.84)
[221/294]	0.229 (0.441)	95.00 (79.91)
[222/294]	0.405 (0.440)	80.00 (79.91)
[223/294]	0.252 (0.440)	90.00 (79.96)
[224/294]	0.218 (0.439)	95.00 (80.02)
[225/294]	0.305 (0.438)	95.00 (80.09)
[226/294]	0.166 (0.437)	95.00 (80.15)
[227/294]	0.241 (0.436)	90.00 (80.20)
[228/294]	0.122 (0.435)	100.00 (80.28)
[229/294]	0.360 (0.434)	80.00 (80.28)
[230/294]	0.246 (0.434)	95.00 (80.35)
[231/294]	0.201 (0.433)	95.00 (80.41)
[232/294]	0.183 (0.431)	100.00 (80.49)
[233/294]	0.161 (0.430)	100.00 (80.58)
[234/294]	0.205 (0.429)	100.00 (80.66)
[235/294]	0.151 (0.428)	95.00 (80.72)
[236/294]	0.170 (0.427)	95.00 (80.78)
[237/294]	0.320 (0.427)	85.00 (80.80)
[238/294]	0.204 (0.426)	95.00 (80.86)
[239/294]	0.131 (0.424)	100.00 (80.94)
[240/294]	0.205 (0.424)	95.00 (81.00)
[241/294]	0.370 (0.423)	85.00 (81.01)
[242/294]	0.287 (0.423)	85.00 (81.03)
[243/294]	0.216 (0.422)	100.00 (81.11)
[244/294]	0.368 (0.422)	80.00 (81.10)
[245/294]	0.196 (0.421)	95.00 (81.16)
[246/294]	0.380 (0.421)	80.00 (81.15)
[247/294]	0.318 (0.420)	80.00 (81.15)
[248/294]	0.224 (0.419)	95.00 (81.20)
[249/294]	0.238 (0.419)	95.00 (81.26)
[250/294]	0.317 (0.418)	80.00 (81.25)
[251/294]	0.282 (0.418)	80.00 (81.25)
[252/294]	0.180 (0.417)	90.00 (81.28)
[253/294]	0.211 (0.416)	95.00 (81.34)
[254/294]	0.327 (0.416)	85.00 (81.35)
[255/294]	0.265 (0.415)	80.00 (81.35)
[256/294]	0.277 (0.414)	80.00 (81.34)
[257/294]	0.426 (0.415)	75.00 (81.32)
[258/294]	0.154 (0.414)	95.00 (81.37)
[259/294]	0.214 (0.413)	95.00 (81.42)
[260/294]	0.178 (0.412)	100.00 (81.49)
[261/294]	0.175 (0.411)	90.00 (81.53)
[262/294]	0.211 (0.410)	90.00 (81.56)
[263/294]	0.182 (0.409)	95.00 (81.61)
[264/294]	0.375 (0.409)	85.00 (81.62)
[265/294]	0.140 (0.408)	100.00 (81.69)
[266/294]	0.123 (0.407)	100.00 (81.76)
[267/294]	0.331 (0.407)	90.00 (81.79)
[268/294]	0.138 (0.406)	100.00 (81.86)
[269/294]	0.183 (0.405)	95.00 (81.91)
[270/294]	0.278 (0.405)	90.00 (81.94)
[271/294]	0.279 (0.404)	90.00 (81.97)
[272/294]	0.357 (0.404)	95.00 (82.01)
[273/294]	0.214 (0.403)	95.00 (82.06)
[274/294]	0.278 (0.403)	85.00 (82.07)
[275/294]	0.173 (0.402)	95.00 (82.12)
[276/294]	0.154 (0.401)	100.00 (82.18)
[277/294]	0.157 (0.400)	100.00 (82.25)
[278/294]	0.335 (0.400)	80.00 (82.24)
[279/294]	0.180 (0.399)	95.00 (82.29)
[280/294]	0.301 (0.399)	85.00 (82.30)
[281/294]	0.121 (0.398)	95.00 (82.34)
[282/294]	0.104 (0.397)	100.00 (82.40)
[283/294]	0.163 (0.396)	95.00 (82.45)
[284/294]	0.070 (0.395)	100.00 (82.51)
[285/294]	0.219 (0.394)	95.00 (82.55)
[286/294]	0.358 (0.394)	80.00 (82.54)
[287/294]	0.205 (0.393)	90.00 (82.57)
[288/294]	0.096 (0.392)	100.00 (82.63)
[289/294]	0.289 (0.392)	85.00 (82.64)
[290/294]	0.222 (0.391)	95.00 (82.68)
[291/294]	0.242 (0.391)	95.00 (82.72)
[292/294]	0.285 (0.391)	90.00 (82.75)
[293/294]	0.205 (0.390)	95.00 (82.79)
 * Train Acc: 82.789
 * Avg. Data time: 0.006, Avg. Batch time: 0.054, Avg. Forward time: 0.004, Avg. Backward time: 0.039
Computing SI
 * Val Acc: 93.333, Time: 1.63
 * Test Acc: 94.262, Time: 3.19
=============Training Task 1=============
Active output nodes for this task: 
[0, 1, 2, 3]
=============Training Epoch 0=============
#reg terms:  1
Batch	 Loss		 Acc
[0/294]	4.249 (4.249)	0.00 (0.00)
[1/294]	3.763 (4.006)	0.00 (0.00)
[2/294]	3.601 (3.871)	0.00 (0.00)
[3/294]	3.223 (3.709)	0.00 (0.00)
[4/294]	2.769 (3.521)	0.00 (0.00)
[5/294]	2.448 (3.342)	0.00 (0.00)
[6/294]	2.106 (3.166)	20.00 (2.86)
[7/294]	1.844 (3.000)	10.00 (3.75)
[8/294]	1.777 (2.864)	20.00 (5.56)
[9/294]	1.239 (2.702)	45.00 (9.50)
[10/294]	1.138 (2.560)	60.00 (14.09)
[11/294]	1.368 (2.460)	15.00 (14.17)
[12/294]	0.884 (2.339)	50.00 (16.92)
[13/294]	0.979 (2.242)	45.00 (18.93)
[14/294]	0.986 (2.158)	40.00 (20.33)
[15/294]	0.806 (2.074)	55.00 (22.50)
[16/294]	0.739 (1.995)	65.00 (25.00)
[17/294]	0.986 (1.939)	45.00 (26.11)
[18/294]	0.725 (1.875)	70.00 (28.42)
[19/294]	0.526 (1.808)	80.00 (31.00)
[20/294]	0.783 (1.759)	65.00 (32.62)
[21/294]	1.176 (1.732)	30.00 (32.50)
[22/294]	0.844 (1.694)	40.00 (32.83)
[23/294]	0.573 (1.647)	70.00 (34.38)
[24/294]	0.776 (1.612)	65.00 (35.60)
[25/294]	0.807 (1.581)	45.00 (35.96)
[26/294]	0.798 (1.552)	45.00 (36.30)
[27/294]	0.877 (1.528)	45.00 (36.61)
[28/294]	0.737 (1.501)	55.00 (37.24)
[29/294]	0.656 (1.473)	60.00 (38.00)
[30/294]	0.470 (1.440)	80.00 (39.35)
[31/294]	0.637 (1.415)	70.00 (40.31)
[32/294]	0.526 (1.388)	60.00 (40.91)
[33/294]	0.570 (1.364)	75.00 (41.91)
[34/294]	0.674 (1.345)	70.00 (42.71)
[35/294]	0.414 (1.319)	90.00 (44.03)
[36/294]	0.569 (1.298)	80.00 (45.00)
[37/294]	0.568 (1.279)	70.00 (45.66)
[38/294]	0.489 (1.259)	70.00 (46.28)
[39/294]	0.489 (1.240)	70.00 (46.88)
[40/294]	0.657 (1.225)	65.00 (47.32)
[41/294]	0.664 (1.212)	60.00 (47.62)
[42/294]	0.624 (1.198)	55.00 (47.79)
[43/294]	0.510 (1.183)	65.00 (48.18)
[44/294]	0.522 (1.168)	80.00 (48.89)
[45/294]	0.743 (1.159)	55.00 (49.02)
[46/294]	0.489 (1.145)	80.00 (49.68)
[47/294]	0.631 (1.134)	65.00 (50.00)
[48/294]	0.540 (1.122)	60.00 (50.20)
[49/294]	0.464 (1.109)	80.00 (50.80)
[50/294]	0.534 (1.097)	80.00 (51.37)
[51/294]	0.595 (1.088)	75.00 (51.83)
[52/294]	0.453 (1.076)	85.00 (52.45)
[53/294]	0.533 (1.066)	80.00 (52.96)
[54/294]	0.474 (1.055)	80.00 (53.45)
[55/294]	0.525 (1.045)	75.00 (53.84)
[56/294]	0.466 (1.035)	80.00 (54.30)
[57/294]	0.689 (1.029)	60.00 (54.40)
[58/294]	0.576 (1.022)	75.00 (54.75)
[59/294]	0.462 (1.012)	85.00 (55.25)
[60/294]	0.495 (1.004)	75.00 (55.57)
[61/294]	0.389 (0.994)	80.00 (55.97)
[62/294]	0.444 (0.985)	75.00 (56.27)
[63/294]	0.583 (0.979)	65.00 (56.41)
[64/294]	0.516 (0.972)	80.00 (56.77)
[65/294]	0.678 (0.967)	55.00 (56.74)
[66/294]	0.533 (0.961)	75.00 (57.01)
[67/294]	0.456 (0.953)	80.00 (57.35)
[68/294]	0.520 (0.947)	75.00 (57.61)
[69/294]	0.635 (0.943)	60.00 (57.64)
[70/294]	0.471 (0.936)	75.00 (57.89)
[71/294]	0.483 (0.930)	75.00 (58.12)
[72/294]	0.338 (0.922)	95.00 (58.63)
[73/294]	0.848 (0.921)	45.00 (58.45)
[74/294]	0.480 (0.915)	65.00 (58.53)
[75/294]	0.521 (0.910)	70.00 (58.68)
[76/294]	0.543 (0.905)	70.00 (58.83)
[77/294]	0.538 (0.900)	80.00 (59.10)
[78/294]	0.433 (0.894)	85.00 (59.43)
[79/294]	0.514 (0.889)	80.00 (59.69)
[80/294]	0.496 (0.885)	70.00 (59.81)
[81/294]	0.322 (0.878)	90.00 (60.18)
[82/294]	0.318 (0.871)	95.00 (60.60)
[83/294]	0.317 (0.864)	90.00 (60.95)
[84/294]	0.483 (0.860)	80.00 (61.18)
[85/294]	0.367 (0.854)	85.00 (61.45)
[86/294]	0.515 (0.850)	75.00 (61.61)
[87/294]	0.483 (0.846)	80.00 (61.82)
[88/294]	0.722 (0.845)	65.00 (61.85)
[89/294]	0.480 (0.841)	75.00 (62.00)
[90/294]	0.413 (0.836)	80.00 (62.20)
[91/294]	0.453 (0.832)	75.00 (62.34)
[92/294]	0.550 (0.829)	75.00 (62.47)
[93/294]	0.558 (0.826)	65.00 (62.50)
[94/294]	0.355 (0.821)	85.00 (62.74)
[95/294]	0.462 (0.817)	85.00 (62.97)
[96/294]	0.356 (0.812)	85.00 (63.20)
[97/294]	0.384 (0.808)	95.00 (63.52)
[98/294]	0.513 (0.805)	75.00 (63.64)
[99/294]	0.415 (0.801)	65.00 (63.65)
[100/294]	0.442 (0.798)	75.00 (63.76)
[101/294]	0.515 (0.795)	80.00 (63.92)
[102/294]	0.511 (0.792)	80.00 (64.08)
[103/294]	0.438 (0.789)	90.00 (64.33)
[104/294]	0.331 (0.784)	85.00 (64.52)
[105/294]	0.469 (0.781)	85.00 (64.72)
[106/294]	0.417 (0.778)	85.00 (64.91)
[107/294]	0.426 (0.775)	85.00 (65.09)
[108/294]	0.370 (0.771)	80.00 (65.23)
[109/294]	0.286 (0.767)	85.00 (65.41)
[110/294]	0.370 (0.763)	80.00 (65.54)
[111/294]	0.369 (0.759)	80.00 (65.67)
[112/294]	0.545 (0.758)	70.00 (65.71)
[113/294]	0.424 (0.755)	75.00 (65.79)
[114/294]	0.560 (0.753)	65.00 (65.78)
[115/294]	0.559 (0.751)	65.00 (65.78)
[116/294]	0.406 (0.748)	80.00 (65.90)
[117/294]	0.271 (0.744)	90.00 (66.10)
[118/294]	0.479 (0.742)	75.00 (66.18)
[119/294]	0.553 (0.740)	70.00 (66.21)
[120/294]	0.482 (0.738)	75.00 (66.28)
[121/294]	0.318 (0.735)	90.00 (66.48)
[122/294]	0.337 (0.732)	95.00 (66.71)
[123/294]	0.446 (0.729)	85.00 (66.85)
[124/294]	0.591 (0.728)	60.00 (66.80)
[125/294]	0.490 (0.726)	75.00 (66.87)
[126/294]	0.383 (0.724)	85.00 (67.01)
[127/294]	0.335 (0.721)	85.00 (67.15)
[128/294]	0.275 (0.717)	95.00 (67.36)
[129/294]	0.503 (0.716)	75.00 (67.42)
[130/294]	0.391 (0.713)	80.00 (67.52)
[131/294]	0.496 (0.711)	80.00 (67.61)
[132/294]	0.358 (0.709)	90.00 (67.78)
[133/294]	0.298 (0.706)	90.00 (67.95)
[134/294]	0.433 (0.704)	70.00 (67.96)
[135/294]	0.496 (0.702)	75.00 (68.01)
[136/294]	0.415 (0.700)	90.00 (68.18)
[137/294]	0.523 (0.699)	70.00 (68.19)
[138/294]	0.391 (0.697)	80.00 (68.27)
[139/294]	0.340 (0.694)	85.00 (68.39)
[140/294]	0.322 (0.691)	90.00 (68.55)
[141/294]	0.488 (0.690)	80.00 (68.63)
[142/294]	0.416 (0.688)	85.00 (68.74)
[143/294]	0.545 (0.687)	70.00 (68.75)
[144/294]	0.284 (0.684)	100.00 (68.97)
[145/294]	0.379 (0.682)	85.00 (69.08)
[146/294]	0.358 (0.680)	85.00 (69.18)
[147/294]	0.422 (0.678)	70.00 (69.19)
[148/294]	0.333 (0.676)	90.00 (69.33)
[149/294]	0.311 (0.673)	90.00 (69.47)
[150/294]	0.486 (0.672)	70.00 (69.47)
[151/294]	0.346 (0.670)	90.00 (69.61)
[152/294]	0.363 (0.668)	85.00 (69.71)
[153/294]	0.397 (0.666)	85.00 (69.81)
[154/294]	0.403 (0.665)	85.00 (69.90)
[155/294]	0.176 (0.661)	95.00 (70.06)
[156/294]	0.245 (0.659)	90.00 (70.19)
[157/294]	0.210 (0.656)	100.00 (70.38)
[158/294]	0.298 (0.654)	80.00 (70.44)
[159/294]	0.317 (0.652)	85.00 (70.53)
[160/294]	0.275 (0.649)	90.00 (70.65)
[161/294]	0.362 (0.648)	80.00 (70.71)
[162/294]	0.288 (0.645)	85.00 (70.80)
[163/294]	0.286 (0.643)	90.00 (70.91)
[164/294]	0.189 (0.640)	95.00 (71.06)
[165/294]	0.411 (0.639)	80.00 (71.11)
[166/294]	0.281 (0.637)	85.00 (71.20)
[167/294]	0.247 (0.635)	95.00 (71.34)
[168/294]	0.288 (0.632)	90.00 (71.45)
[169/294]	0.499 (0.632)	70.00 (71.44)
[170/294]	0.348 (0.630)	90.00 (71.55)
[171/294]	0.321 (0.628)	85.00 (71.63)
[172/294]	0.340 (0.627)	85.00 (71.71)
[173/294]	0.433 (0.625)	80.00 (71.75)
[174/294]	0.389 (0.624)	75.00 (71.77)
[175/294]	0.409 (0.623)	70.00 (71.76)
[176/294]	0.319 (0.621)	85.00 (71.84)
[177/294]	0.356 (0.620)	85.00 (71.91)
[178/294]	0.353 (0.618)	75.00 (71.93)
[179/294]	0.364 (0.617)	85.00 (72.00)
[180/294]	0.194 (0.614)	95.00 (72.13)
[181/294]	0.262 (0.612)	95.00 (72.25)
[182/294]	0.223 (0.610)	90.00 (72.35)
[183/294]	0.330 (0.609)	90.00 (72.45)
[184/294]	0.243 (0.607)	95.00 (72.57)
[185/294]	0.474 (0.606)	70.00 (72.55)
[186/294]	0.214 (0.604)	95.00 (72.67)
[187/294]	0.389 (0.603)	85.00 (72.74)
[188/294]	0.402 (0.602)	80.00 (72.78)
[189/294]	0.478 (0.601)	70.00 (72.76)
[190/294]	0.457 (0.600)	80.00 (72.80)
[191/294]	0.281 (0.599)	80.00 (72.84)
[192/294]	0.223 (0.597)	95.00 (72.95)
[193/294]	0.456 (0.596)	75.00 (72.96)
[194/294]	0.329 (0.595)	85.00 (73.03)
[195/294]	0.329 (0.593)	90.00 (73.11)
[196/294]	0.405 (0.592)	75.00 (73.12)
[197/294]	0.246 (0.591)	95.00 (73.23)
[198/294]	0.337 (0.589)	90.00 (73.32)
[199/294]	0.270 (0.588)	100.00 (73.45)
[200/294]	0.249 (0.586)	90.00 (73.53)
[201/294]	0.292 (0.585)	85.00 (73.59)
[202/294]	0.240 (0.583)	95.00 (73.69)
[203/294]	0.385 (0.582)	90.00 (73.77)
[204/294]	0.355 (0.581)	80.00 (73.80)
[205/294]	0.410 (0.580)	75.00 (73.81)
[206/294]	0.356 (0.579)	90.00 (73.89)
[207/294]	0.458 (0.578)	70.00 (73.87)
[208/294]	0.324 (0.577)	85.00 (73.92)
[209/294]	0.344 (0.576)	80.00 (73.95)
[210/294]	0.213 (0.574)	95.00 (74.05)
[211/294]	0.281 (0.573)	85.00 (74.10)
[212/294]	0.459 (0.572)	80.00 (74.13)
[213/294]	0.333 (0.571)	85.00 (74.18)
[214/294]	0.384 (0.570)	80.00 (74.21)
[215/294]	0.326 (0.569)	90.00 (74.28)
[216/294]	0.353 (0.568)	80.00 (74.31)
[217/294]	0.314 (0.567)	90.00 (74.38)
[218/294]	0.574 (0.567)	60.00 (74.32)
[219/294]	0.194 (0.565)	90.00 (74.39)
[220/294]	0.477 (0.565)	75.00 (74.39)
[221/294]	0.380 (0.564)	80.00 (74.41)
[222/294]	0.713 (0.565)	50.00 (74.30)
[223/294]	0.340 (0.564)	80.00 (74.33)
[224/294]	0.260 (0.563)	95.00 (74.42)
[225/294]	0.472 (0.562)	80.00 (74.45)
[226/294]	0.252 (0.561)	90.00 (74.52)
[227/294]	0.331 (0.560)	85.00 (74.56)
[228/294]	0.370 (0.559)	80.00 (74.59)
[229/294]	0.491 (0.559)	75.00 (74.59)
[230/294]	0.196 (0.557)	90.00 (74.65)
[231/294]	0.265 (0.556)	85.00 (74.70)
[232/294]	0.586 (0.556)	70.00 (74.68)
[233/294]	0.237 (0.555)	85.00 (74.72)
[234/294]	0.257 (0.553)	90.00 (74.79)
[235/294]	0.572 (0.553)	65.00 (74.75)
[236/294]	0.200 (0.552)	90.00 (74.81)
[237/294]	0.321 (0.551)	80.00 (74.83)
[238/294]	0.245 (0.550)	85.00 (74.87)
[239/294]	0.256 (0.548)	90.00 (74.94)
[240/294]	0.204 (0.547)	95.00 (75.02)
[241/294]	0.440 (0.547)	75.00 (75.02)
[242/294]	0.397 (0.546)	85.00 (75.06)
[243/294]	0.366 (0.545)	90.00 (75.12)
[244/294]	0.333 (0.544)	80.00 (75.14)
[245/294]	0.432 (0.544)	85.00 (75.18)
[246/294]	0.250 (0.543)	95.00 (75.26)
[247/294]	0.300 (0.542)	95.00 (75.34)
[248/294]	0.249 (0.541)	95.00 (75.42)
[249/294]	0.334 (0.540)	90.00 (75.48)
[250/294]	0.265 (0.539)	90.00 (75.54)
[251/294]	0.178 (0.537)	95.00 (75.62)
[252/294]	0.224 (0.536)	95.00 (75.69)
[253/294]	0.583 (0.536)	75.00 (75.69)
[254/294]	0.406 (0.536)	80.00 (75.71)
[255/294]	0.262 (0.535)	90.00 (75.76)
[256/294]	0.180 (0.533)	90.00 (75.82)
[257/294]	0.356 (0.532)	80.00 (75.83)
[258/294]	0.312 (0.532)	85.00 (75.87)
[259/294]	0.297 (0.531)	85.00 (75.90)
[260/294]	0.246 (0.530)	90.00 (75.96)
[261/294]	0.237 (0.529)	95.00 (76.03)
[262/294]	0.369 (0.528)	90.00 (76.08)
[263/294]	0.435 (0.528)	80.00 (76.10)
[264/294]	0.245 (0.527)	95.00 (76.17)
[265/294]	0.311 (0.526)	80.00 (76.18)
[266/294]	0.537 (0.526)	80.00 (76.20)
[267/294]	0.170 (0.524)	100.00 (76.29)
[268/294]	0.208 (0.523)	95.00 (76.36)
[269/294]	0.194 (0.522)	90.00 (76.41)
[270/294]	0.341 (0.521)	85.00 (76.44)
[271/294]	0.422 (0.521)	90.00 (76.49)
[272/294]	0.211 (0.520)	85.00 (76.52)
[273/294]	0.269 (0.519)	90.00 (76.57)
[274/294]	0.243 (0.518)	90.00 (76.62)
[275/294]	0.293 (0.517)	90.00 (76.67)
[276/294]	0.360 (0.517)	75.00 (76.66)
[277/294]	0.240 (0.516)	85.00 (76.69)
[278/294]	0.183 (0.514)	100.00 (76.77)
[279/294]	0.331 (0.514)	85.00 (76.80)
[280/294]	0.209 (0.513)	90.00 (76.85)
[281/294]	0.358 (0.512)	85.00 (76.88)
[282/294]	0.464 (0.512)	70.00 (76.86)
[283/294]	0.188 (0.511)	95.00 (76.92)
[284/294]	0.359 (0.510)	80.00 (76.93)
[285/294]	0.294 (0.509)	90.00 (76.98)
[286/294]	0.167 (0.508)	95.00 (77.04)
[287/294]	0.225 (0.507)	90.00 (77.08)
[288/294]	0.387 (0.507)	90.00 (77.13)
[289/294]	0.274 (0.506)	95.00 (77.19)
[290/294]	0.234 (0.505)	90.00 (77.23)
[291/294]	0.187 (0.504)	95.00 (77.29)
[292/294]	0.239 (0.503)	95.00 (77.35)
[293/294]	0.476 (0.503)	83.33 (77.36)
 * Train Acc: 77.361
 * Avg. Data time: 0.004, Avg. Batch time: 0.064, Avg. Forward time: 0.004, Avg. Backward time: 0.051
Computing SI
 * Val Acc: 42.770, Time: 1.95
 * Test Acc: 45.437, Time: 4.11
=============Training Task 2=============
Active output nodes for this task: 
[0, 1, 2, 3, 4, 5]
=============Training Epoch 0=============
#reg terms:  1
Batch	 Loss		 Acc
[0/294]	6.103 (6.103)	0.00 (0.00)
[1/294]	5.120 (5.612)	0.00 (0.00)
[2/294]	5.168 (5.464)	0.00 (0.00)
[3/294]	4.310 (5.175)	0.00 (0.00)
[4/294]	3.786 (4.897)	0.00 (0.00)
[5/294]	3.029 (4.586)	0.00 (0.00)
[6/294]	2.415 (4.276)	5.00 (0.71)
[7/294]	2.178 (4.014)	15.00 (2.50)
[8/294]	1.359 (3.719)	45.00 (7.22)
[9/294]	1.445 (3.491)	35.00 (10.00)
[10/294]	1.339 (3.296)	60.00 (14.55)
[11/294]	0.842 (3.091)	65.00 (18.75)
[12/294]	0.701 (2.907)	70.00 (22.69)
[13/294]	0.709 (2.750)	60.00 (25.36)
[14/294]	0.608 (2.607)	80.00 (29.00)
[15/294]	0.573 (2.480)	70.00 (31.56)
[16/294]	0.771 (2.380)	65.00 (33.53)
[17/294]	0.578 (2.280)	70.00 (35.56)
[18/294]	0.520 (2.187)	85.00 (38.16)
[19/294]	0.366 (2.096)	80.00 (40.25)
[20/294]	0.619 (2.026)	70.00 (41.67)
[21/294]	0.423 (1.953)	80.00 (43.41)
[22/294]	0.637 (1.896)	70.00 (44.57)
[23/294]	0.459 (1.836)	70.00 (45.62)
[24/294]	0.494 (1.782)	70.00 (46.60)
[25/294]	0.530 (1.734)	75.00 (47.69)
[26/294]	0.308 (1.681)	85.00 (49.07)
[27/294]	0.350 (1.634)	80.00 (50.18)
[28/294]	0.319 (1.588)	90.00 (51.55)
[29/294]	0.370 (1.548)	80.00 (52.50)
[30/294]	0.298 (1.507)	95.00 (53.87)
[31/294]	0.306 (1.470)	90.00 (55.00)
[32/294]	0.255 (1.433)	95.00 (56.21)
[33/294]	0.410 (1.403)	80.00 (56.91)
[34/294]	0.392 (1.374)	85.00 (57.71)
[35/294]	0.328 (1.345)	80.00 (58.33)
[36/294]	0.298 (1.317)	90.00 (59.19)
[37/294]	0.339 (1.291)	85.00 (59.87)
[38/294]	0.736 (1.277)	60.00 (59.87)
[39/294]	0.374 (1.254)	85.00 (60.50)
[40/294]	0.217 (1.229)	100.00 (61.46)
[41/294]	0.322 (1.207)	85.00 (62.02)
[42/294]	0.194 (1.184)	100.00 (62.91)
[43/294]	0.332 (1.164)	85.00 (63.41)
[44/294]	0.478 (1.149)	70.00 (63.56)
[45/294]	0.337 (1.131)	95.00 (64.24)
[46/294]	0.567 (1.119)	75.00 (64.47)
[47/294]	0.304 (1.102)	90.00 (65.00)
[48/294]	0.483 (1.090)	85.00 (65.41)
[49/294]	0.370 (1.075)	80.00 (65.70)
[50/294]	0.317 (1.061)	85.00 (66.08)
[51/294]	0.270 (1.045)	95.00 (66.63)
[52/294]	0.165 (1.029)	95.00 (67.17)
[53/294]	0.286 (1.015)	90.00 (67.59)
[54/294]	0.209 (1.000)	95.00 (68.09)
[55/294]	0.171 (0.986)	100.00 (68.66)
[56/294]	0.144 (0.971)	100.00 (69.21)
[57/294]	0.417 (0.961)	95.00 (69.66)
[58/294]	0.327 (0.950)	90.00 (70.00)
[59/294]	0.254 (0.939)	90.00 (70.33)
[60/294]	0.569 (0.933)	70.00 (70.33)
[61/294]	0.386 (0.924)	75.00 (70.40)
[62/294]	0.404 (0.916)	85.00 (70.63)
[63/294]	0.533 (0.910)	70.00 (70.62)
[64/294]	0.199 (0.899)	95.00 (71.00)
[65/294]	0.252 (0.889)	90.00 (71.29)
[66/294]	0.275 (0.880)	95.00 (71.64)
[67/294]	0.385 (0.873)	90.00 (71.91)
[68/294]	0.276 (0.864)	95.00 (72.25)
[69/294]	0.485 (0.858)	85.00 (72.43)
[70/294]	0.212 (0.849)	95.00 (72.75)
[71/294]	0.370 (0.843)	85.00 (72.92)
[72/294]	0.266 (0.835)	95.00 (73.22)
[73/294]	0.496 (0.830)	85.00 (73.38)
[74/294]	0.214 (0.822)	95.00 (73.67)
[75/294]	0.416 (0.817)	80.00 (73.75)
[76/294]	0.242 (0.809)	90.00 (73.96)
[77/294]	0.230 (0.802)	90.00 (74.17)
[78/294]	0.254 (0.795)	90.00 (74.37)
[79/294]	0.361 (0.789)	80.00 (74.44)
[80/294]	0.254 (0.783)	95.00 (74.69)
[81/294]	0.270 (0.777)	95.00 (74.94)
[82/294]	0.415 (0.772)	80.00 (75.00)
[83/294]	0.150 (0.765)	100.00 (75.30)
[84/294]	0.388 (0.760)	80.00 (75.35)
[85/294]	0.340 (0.755)	85.00 (75.47)
[86/294]	0.251 (0.750)	90.00 (75.63)
[87/294]	0.253 (0.744)	95.00 (75.85)
[88/294]	0.207 (0.738)	90.00 (76.01)
[89/294]	0.091 (0.731)	100.00 (76.28)
[90/294]	0.090 (0.724)	100.00 (76.54)
[91/294]	0.281 (0.719)	90.00 (76.68)
[92/294]	0.241 (0.714)	95.00 (76.88)
[93/294]	0.297 (0.709)	90.00 (77.02)
[94/294]	0.125 (0.703)	100.00 (77.26)
[95/294]	0.466 (0.701)	80.00 (77.29)
[96/294]	0.236 (0.696)	90.00 (77.42)
[97/294]	0.322 (0.692)	85.00 (77.50)
[98/294]	0.163 (0.687)	90.00 (77.63)
[99/294]	0.237 (0.682)	95.00 (77.80)
[100/294]	0.119 (0.677)	100.00 (78.02)
[101/294]	0.194 (0.672)	95.00 (78.19)
[102/294]	0.136 (0.667)	95.00 (78.35)
[103/294]	0.092 (0.661)	100.00 (78.56)
[104/294]	0.287 (0.658)	85.00 (78.62)
[105/294]	0.279 (0.654)	90.00 (78.73)
[106/294]	0.304 (0.651)	90.00 (78.83)
[107/294]	0.203 (0.647)	95.00 (78.98)
[108/294]	0.213 (0.643)	90.00 (79.08)
[109/294]	0.269 (0.639)	90.00 (79.18)
[110/294]	0.237 (0.636)	95.00 (79.32)
[111/294]	0.100 (0.631)	100.00 (79.51)
[112/294]	0.296 (0.628)	85.00 (79.56)
[113/294]	0.349 (0.626)	80.00 (79.56)
[114/294]	0.153 (0.621)	95.00 (79.70)
[115/294]	0.170 (0.618)	100.00 (79.87)
[116/294]	0.106 (0.613)	95.00 (80.00)
[117/294]	0.186 (0.610)	95.00 (80.13)
[118/294]	0.110 (0.605)	95.00 (80.25)
[119/294]	0.133 (0.601)	100.00 (80.42)
[120/294]	0.224 (0.598)	90.00 (80.50)
[121/294]	0.280 (0.596)	85.00 (80.53)
[122/294]	0.156 (0.592)	95.00 (80.65)
[123/294]	0.140 (0.588)	100.00 (80.81)
[124/294]	0.079 (0.584)	100.00 (80.96)
[125/294]	0.195 (0.581)	95.00 (81.07)
[126/294]	0.175 (0.578)	95.00 (81.18)
[127/294]	0.213 (0.575)	95.00 (81.29)
[128/294]	0.174 (0.572)	95.00 (81.40)
[129/294]	0.085 (0.568)	95.00 (81.50)
[130/294]	0.284 (0.566)	90.00 (81.56)
[131/294]	0.091 (0.563)	95.00 (81.67)
[132/294]	0.147 (0.559)	95.00 (81.77)
[133/294]	0.218 (0.557)	95.00 (81.87)
[134/294]	0.299 (0.555)	90.00 (81.93)
[135/294]	0.166 (0.552)	95.00 (82.02)
[136/294]	0.101 (0.549)	100.00 (82.15)
[137/294]	0.324 (0.547)	90.00 (82.21)
[138/294]	0.232 (0.545)	85.00 (82.23)
[139/294]	0.142 (0.542)	100.00 (82.36)
[140/294]	0.130 (0.539)	100.00 (82.48)
[141/294]	0.119 (0.536)	95.00 (82.57)
[142/294]	0.203 (0.534)	90.00 (82.62)
[143/294]	0.118 (0.531)	100.00 (82.74)
[144/294]	0.065 (0.528)	100.00 (82.86)
[145/294]	0.132 (0.525)	100.00 (82.98)
[146/294]	0.164 (0.523)	95.00 (83.06)
[147/294]	0.218 (0.521)	90.00 (83.11)
[148/294]	0.180 (0.518)	95.00 (83.19)
[149/294]	0.288 (0.517)	85.00 (83.20)
[150/294]	0.180 (0.515)	90.00 (83.25)
[151/294]	0.118 (0.512)	100.00 (83.36)
[152/294]	0.170 (0.510)	100.00 (83.46)
[153/294]	0.170 (0.507)	95.00 (83.54)
[154/294]	0.345 (0.506)	85.00 (83.55)
[155/294]	0.282 (0.505)	95.00 (83.62)
[156/294]	0.184 (0.503)	95.00 (83.69)
[157/294]	0.054 (0.500)	100.00 (83.80)
[158/294]	0.121 (0.498)	95.00 (83.87)
[159/294]	0.201 (0.496)	85.00 (83.88)
[160/294]	0.224 (0.494)	90.00 (83.91)
[161/294]	0.117 (0.492)	95.00 (83.98)
[162/294]	0.070 (0.489)	100.00 (84.08)
[163/294]	0.178 (0.487)	90.00 (84.12)
[164/294]	0.102 (0.485)	100.00 (84.21)
[165/294]	0.195 (0.483)	95.00 (84.28)
[166/294]	0.209 (0.482)	90.00 (84.31)
[167/294]	0.170 (0.480)	95.00 (84.38)
[168/294]	0.183 (0.478)	90.00 (84.41)
[169/294]	0.184 (0.476)	90.00 (84.44)
[170/294]	0.157 (0.474)	100.00 (84.53)
[171/294]	0.143 (0.472)	100.00 (84.62)
[172/294]	0.082 (0.470)	100.00 (84.71)
[173/294]	0.235 (0.469)	90.00 (84.74)
[174/294]	0.293 (0.468)	90.00 (84.77)
[175/294]	0.079 (0.466)	100.00 (84.86)
[176/294]	0.132 (0.464)	95.00 (84.92)
[177/294]	0.253 (0.463)	95.00 (84.97)
[178/294]	0.181 (0.461)	90.00 (85.00)
[179/294]	0.174 (0.459)	95.00 (85.06)
[180/294]	0.080 (0.457)	100.00 (85.14)
[181/294]	0.142 (0.456)	100.00 (85.22)
[182/294]	0.126 (0.454)	100.00 (85.30)
[183/294]	0.186 (0.452)	90.00 (85.33)
[184/294]	0.098 (0.450)	95.00 (85.38)
[185/294]	0.046 (0.448)	100.00 (85.46)
[186/294]	0.130 (0.447)	100.00 (85.53)
[187/294]	0.210 (0.445)	95.00 (85.59)
[188/294]	0.213 (0.444)	90.00 (85.61)
[189/294]	0.153 (0.443)	100.00 (85.68)
[190/294]	0.100 (0.441)	100.00 (85.76)
[191/294]	0.223 (0.440)	90.00 (85.78)
[192/294]	0.148 (0.438)	100.00 (85.85)
[193/294]	0.189 (0.437)	95.00 (85.90)
[194/294]	0.081 (0.435)	100.00 (85.97)
[195/294]	0.146 (0.434)	95.00 (86.02)
[196/294]	0.081 (0.432)	95.00 (86.07)
[197/294]	0.062 (0.430)	100.00 (86.14)
[198/294]	0.102 (0.428)	95.00 (86.18)
[199/294]	0.108 (0.427)	95.00 (86.22)
[200/294]	0.107 (0.425)	95.00 (86.27)
[201/294]	0.261 (0.424)	95.00 (86.31)
[202/294]	0.231 (0.423)	90.00 (86.33)
[203/294]	0.098 (0.422)	100.00 (86.40)
[204/294]	0.323 (0.421)	90.00 (86.41)
[205/294]	0.176 (0.420)	90.00 (86.43)
[206/294]	0.099 (0.418)	100.00 (86.50)
[207/294]	0.045 (0.417)	100.00 (86.56)
[208/294]	0.132 (0.415)	90.00 (86.58)
[209/294]	0.181 (0.414)	90.00 (86.60)
[210/294]	0.056 (0.412)	100.00 (86.66)
[211/294]	0.136 (0.411)	95.00 (86.70)
[212/294]	0.110 (0.410)	100.00 (86.76)
[213/294]	0.207 (0.409)	95.00 (86.80)
[214/294]	0.108 (0.407)	95.00 (86.84)
[215/294]	0.182 (0.406)	90.00 (86.85)
[216/294]	0.043 (0.405)	100.00 (86.91)
[217/294]	0.258 (0.404)	85.00 (86.90)
[218/294]	0.073 (0.402)	100.00 (86.96)
[219/294]	0.102 (0.401)	95.00 (87.00)
[220/294]	0.244 (0.400)	90.00 (87.01)
[221/294]	0.175 (0.399)	90.00 (87.03)
[222/294]	0.207 (0.399)	95.00 (87.06)
[223/294]	0.127 (0.397)	100.00 (87.12)
[224/294]	0.093 (0.396)	100.00 (87.18)
[225/294]	0.395 (0.396)	80.00 (87.15)
[226/294]	0.109 (0.395)	95.00 (87.18)
[227/294]	0.162 (0.394)	95.00 (87.21)
[228/294]	0.157 (0.393)	95.00 (87.25)
[229/294]	0.224 (0.392)	95.00 (87.28)
[230/294]	0.050 (0.390)	100.00 (87.34)
[231/294]	0.157 (0.389)	95.00 (87.37)
[232/294]	0.196 (0.389)	95.00 (87.40)
[233/294]	0.099 (0.387)	95.00 (87.44)
[234/294]	0.153 (0.386)	95.00 (87.47)
[235/294]	0.059 (0.385)	100.00 (87.52)
[236/294]	0.109 (0.384)	100.00 (87.57)
[237/294]	0.148 (0.383)	90.00 (87.58)
[238/294]	0.074 (0.382)	100.00 (87.64)
[239/294]	0.273 (0.381)	85.00 (87.62)
[240/294]	0.150 (0.380)	100.00 (87.68)
[241/294]	0.045 (0.379)	100.00 (87.73)
[242/294]	0.046 (0.377)	100.00 (87.78)
[243/294]	0.110 (0.376)	95.00 (87.81)
[244/294]	0.122 (0.375)	100.00 (87.86)
[245/294]	0.056 (0.374)	100.00 (87.91)
[246/294]	0.242 (0.373)	85.00 (87.89)
[247/294]	0.043 (0.372)	100.00 (87.94)
[248/294]	0.076 (0.371)	95.00 (87.97)
[249/294]	0.115 (0.370)	95.00 (88.00)
[250/294]	0.107 (0.369)	100.00 (88.05)
[251/294]	0.222 (0.368)	90.00 (88.06)
[252/294]	0.181 (0.367)	90.00 (88.06)
[253/294]	0.094 (0.366)	95.00 (88.09)
[254/294]	0.087 (0.365)	100.00 (88.14)
[255/294]	0.134 (0.364)	90.00 (88.14)
[256/294]	0.084 (0.363)	95.00 (88.17)
[257/294]	0.090 (0.362)	100.00 (88.22)
[258/294]	0.153 (0.361)	95.00 (88.24)
[259/294]	0.301 (0.361)	85.00 (88.23)
[260/294]	0.098 (0.360)	100.00 (88.28)
[261/294]	0.142 (0.359)	95.00 (88.30)
[262/294]	0.040 (0.358)	100.00 (88.35)
[263/294]	0.039 (0.357)	100.00 (88.39)
[264/294]	0.197 (0.356)	90.00 (88.40)
[265/294]	0.054 (0.355)	100.00 (88.44)
[266/294]	0.041 (0.354)	100.00 (88.48)
[267/294]	0.086 (0.353)	100.00 (88.53)
[268/294]	0.081 (0.352)	100.00 (88.57)
[269/294]	0.072 (0.351)	100.00 (88.61)
[270/294]	0.083 (0.350)	95.00 (88.63)
[271/294]	0.112 (0.349)	95.00 (88.66)
[272/294]	0.132 (0.348)	95.00 (88.68)
[273/294]	0.168 (0.348)	90.00 (88.69)
[274/294]	0.134 (0.347)	95.00 (88.71)
[275/294]	0.082 (0.346)	100.00 (88.75)
[276/294]	0.020 (0.345)	100.00 (88.79)
[277/294]	0.303 (0.345)	90.00 (88.79)
[278/294]	0.016 (0.343)	100.00 (88.84)
[279/294]	0.048 (0.342)	100.00 (88.88)
[280/294]	0.043 (0.341)	100.00 (88.91)
[281/294]	0.094 (0.340)	100.00 (88.95)
[282/294]	0.372 (0.341)	80.00 (88.92)
[283/294]	0.036 (0.339)	100.00 (88.96)
[284/294]	0.153 (0.339)	90.00 (88.96)
[285/294]	0.169 (0.338)	95.00 (88.99)
[286/294]	0.060 (0.337)	100.00 (89.02)
[287/294]	0.032 (0.336)	100.00 (89.06)
[288/294]	0.143 (0.336)	90.00 (89.07)
[289/294]	0.133 (0.335)	90.00 (89.07)
[290/294]	0.198 (0.334)	95.00 (89.09)
[291/294]	0.173 (0.334)	95.00 (89.11)
[292/294]	0.035 (0.333)	100.00 (89.15)
[293/294]	0.125 (0.332)	95.00 (89.17)
 * Train Acc: 89.167
 * Avg. Data time: 0.008, Avg. Batch time: 0.066, Avg. Forward time: 0.004, Avg. Backward time: 0.048
Computing SI
 * Val Acc: 29.676, Time: 3.19
 * Test Acc: 31.747, Time: 6.88
=============Training Task 3=============
Active output nodes for this task: 
[0, 1, 2, 3, 4, 5, 6, 7]
=============Training Epoch 0=============
#reg terms:  1
Batch	 Loss		 Acc
[0/294]	11.267 (11.267)	0.00 (0.00)
[1/294]	10.595 (10.931)	0.00 (0.00)
[2/294]	9.682 (10.515)	0.00 (0.00)
[3/294]	9.195 (10.185)	0.00 (0.00)
[4/294]	8.470 (9.842)	0.00 (0.00)
[5/294]	7.385 (9.432)	0.00 (0.00)
[6/294]	6.257 (8.979)	0.00 (0.00)
[7/294]	6.019 (8.609)	0.00 (0.00)
[8/294]	4.977 (8.205)	0.00 (0.00)
[9/294]	4.257 (7.811)	0.00 (0.00)
[10/294]	3.859 (7.451)	0.00 (0.00)
[11/294]	3.077 (7.087)	0.00 (0.00)
[12/294]	2.572 (6.740)	0.00 (0.00)
[13/294]	2.498 (6.437)	0.00 (0.00)
[14/294]	1.908 (6.135)	20.00 (1.33)
[15/294]	1.689 (5.857)	35.00 (3.44)
[16/294]	1.641 (5.609)	10.00 (3.82)
[17/294]	1.699 (5.392)	20.00 (4.72)
[18/294]	1.158 (5.169)	60.00 (7.63)
[19/294]	1.501 (4.985)	60.00 (10.25)
[20/294]	1.152 (4.803)	45.00 (11.90)
[21/294]	1.045 (4.632)	65.00 (14.32)
[22/294]	1.248 (4.485)	40.00 (15.43)
[23/294]	1.004 (4.340)	65.00 (17.50)
[24/294]	1.055 (4.208)	65.00 (19.40)
[25/294]	0.872 (4.080)	65.00 (21.15)
[26/294]	1.120 (3.970)	30.00 (21.48)
[27/294]	0.733 (3.855)	70.00 (23.21)
[28/294]	0.791 (3.749)	70.00 (24.83)
[29/294]	0.760 (3.650)	85.00 (26.83)
[30/294]	0.797 (3.558)	70.00 (28.23)
[31/294]	0.767 (3.470)	70.00 (29.53)
[32/294]	0.677 (3.386)	75.00 (30.91)
[33/294]	0.775 (3.309)	70.00 (32.06)
[34/294]	0.847 (3.239)	55.00 (32.71)
[35/294]	0.783 (3.170)	70.00 (33.75)
[36/294]	0.648 (3.102)	75.00 (34.86)
[37/294]	0.608 (3.037)	70.00 (35.79)
[38/294]	0.544 (2.973)	80.00 (36.92)
[39/294]	0.446 (2.909)	90.00 (38.25)
[40/294]	0.538 (2.852)	90.00 (39.51)
[41/294]	0.529 (2.796)	80.00 (40.48)
[42/294]	0.727 (2.748)	70.00 (41.16)
[43/294]	0.595 (2.699)	80.00 (42.05)
[44/294]	0.567 (2.652)	70.00 (42.67)
[45/294]	0.453 (2.604)	85.00 (43.59)
[46/294]	0.394 (2.557)	90.00 (44.57)
[47/294]	0.427 (2.513)	90.00 (45.52)
[48/294]	0.559 (2.473)	75.00 (46.12)
[49/294]	0.499 (2.433)	80.00 (46.80)
[50/294]	0.262 (2.391)	95.00 (47.75)
[51/294]	0.263 (2.350)	100.00 (48.75)
[52/294]	0.537 (2.316)	80.00 (49.34)
[53/294]	0.361 (2.279)	95.00 (50.19)
[54/294]	0.373 (2.245)	90.00 (50.91)
[55/294]	0.364 (2.211)	95.00 (51.70)
[56/294]	0.399 (2.179)	85.00 (52.28)
[57/294]	0.445 (2.149)	85.00 (52.84)
[58/294]	0.408 (2.120)	85.00 (53.39)
[59/294]	0.555 (2.094)	80.00 (53.83)
[60/294]	0.535 (2.068)	80.00 (54.26)
[61/294]	0.494 (2.043)	80.00 (54.68)
[62/294]	0.354 (2.016)	85.00 (55.16)
[63/294]	0.467 (1.992)	80.00 (55.55)
[64/294]	0.579 (1.970)	70.00 (55.77)
[65/294]	0.321 (1.945)	90.00 (56.29)
[66/294]	0.451 (1.923)	75.00 (56.57)
[67/294]	0.419 (1.901)	85.00 (56.99)
[68/294]	0.357 (1.878)	90.00 (57.46)
[69/294]	0.334 (1.856)	90.00 (57.93)
[70/294]	0.335 (1.835)	90.00 (58.38)
[71/294]	0.242 (1.813)	90.00 (58.82)
[72/294]	0.421 (1.794)	80.00 (59.11)
[73/294]	0.239 (1.773)	100.00 (59.66)
[74/294]	0.326 (1.753)	85.00 (60.00)
[75/294]	0.259 (1.734)	90.00 (60.39)
[76/294]	0.292 (1.715)	95.00 (60.84)
[77/294]	0.303 (1.697)	95.00 (61.28)
[78/294]	0.313 (1.679)	90.00 (61.65)
[79/294]	0.476 (1.664)	80.00 (61.88)
[80/294]	0.285 (1.647)	95.00 (62.28)
[81/294]	0.353 (1.632)	80.00 (62.50)
[82/294]	0.272 (1.615)	90.00 (62.83)
[83/294]	0.247 (1.599)	95.00 (63.21)
[84/294]	0.231 (1.583)	90.00 (63.53)
[85/294]	0.294 (1.568)	90.00 (63.84)
[86/294]	0.355 (1.554)	80.00 (64.02)
[87/294]	0.322 (1.540)	90.00 (64.32)
[88/294]	0.225 (1.525)	95.00 (64.66)
[89/294]	0.282 (1.511)	80.00 (64.83)
[90/294]	0.211 (1.497)	95.00 (65.16)
[91/294]	0.165 (1.483)	100.00 (65.54)
[92/294]	0.301 (1.470)	90.00 (65.81)
[93/294]	0.349 (1.458)	85.00 (66.01)
[94/294]	0.226 (1.445)	90.00 (66.26)
[95/294]	0.141 (1.431)	100.00 (66.61)
[96/294]	0.428 (1.421)	85.00 (66.80)
[97/294]	0.170 (1.408)	95.00 (67.09)
[98/294]	0.219 (1.396)	90.00 (67.32)
[99/294]	0.263 (1.385)	90.00 (67.55)
[100/294]	0.233 (1.374)	95.00 (67.82)
[101/294]	0.205 (1.362)	85.00 (67.99)
[102/294]	0.236 (1.351)	95.00 (68.25)
[103/294]	0.327 (1.341)	85.00 (68.41)
[104/294]	0.296 (1.331)	85.00 (68.57)
[105/294]	0.332 (1.322)	80.00 (68.68)
[106/294]	0.243 (1.312)	95.00 (68.93)
[107/294]	0.298 (1.302)	90.00 (69.12)
[108/294]	0.313 (1.293)	90.00 (69.31)
[109/294]	0.244 (1.284)	95.00 (69.55)
[110/294]	0.405 (1.276)	80.00 (69.64)
[111/294]	0.279 (1.267)	95.00 (69.87)
[112/294]	0.244 (1.258)	95.00 (70.09)
[113/294]	0.282 (1.249)	90.00 (70.26)
[114/294]	0.273 (1.241)	90.00 (70.43)
[115/294]	0.137 (1.231)	100.00 (70.69)
[116/294]	0.225 (1.223)	90.00 (70.85)
[117/294]	0.233 (1.214)	90.00 (71.02)
[118/294]	0.243 (1.206)	85.00 (71.13)
[119/294]	0.276 (1.198)	85.00 (71.25)
[120/294]	0.130 (1.190)	100.00 (71.49)
[121/294]	0.127 (1.181)	90.00 (71.64)
[122/294]	0.219 (1.173)	85.00 (71.75)
[123/294]	0.189 (1.165)	100.00 (71.98)
[124/294]	0.124 (1.157)	100.00 (72.20)
[125/294]	0.252 (1.150)	90.00 (72.34)
[126/294]	0.175 (1.142)	100.00 (72.56)
[127/294]	0.179 (1.134)	95.00 (72.73)
[128/294]	0.111 (1.127)	100.00 (72.95)
[129/294]	0.261 (1.120)	85.00 (73.04)
[130/294]	0.105 (1.112)	100.00 (73.24)
[131/294]	0.198 (1.105)	90.00 (73.37)
[132/294]	0.196 (1.098)	95.00 (73.53)
[133/294]	0.183 (1.092)	95.00 (73.69)
[134/294]	0.167 (1.085)	100.00 (73.89)
[135/294]	0.128 (1.078)	95.00 (74.04)
[136/294]	0.108 (1.071)	100.00 (74.23)
[137/294]	0.191 (1.064)	90.00 (74.35)
[138/294]	0.202 (1.058)	95.00 (74.50)
[139/294]	0.177 (1.052)	90.00 (74.61)
[140/294]	0.229 (1.046)	90.00 (74.72)
[141/294]	0.165 (1.040)	95.00 (74.86)
[142/294]	0.332 (1.035)	80.00 (74.90)
[143/294]	0.298 (1.030)	80.00 (74.93)
[144/294]	0.226 (1.024)	90.00 (75.03)
[145/294]	0.250 (1.019)	95.00 (75.17)
[146/294]	0.325 (1.014)	90.00 (75.27)
[147/294]	0.349 (1.010)	80.00 (75.30)
[148/294]	0.230 (1.004)	85.00 (75.37)
[149/294]	0.289 (1.000)	95.00 (75.50)
[150/294]	0.195 (0.994)	100.00 (75.66)
[151/294]	0.201 (0.989)	100.00 (75.82)
[152/294]	0.189 (0.984)	95.00 (75.95)
[153/294]	0.113 (0.978)	95.00 (76.07)
[154/294]	0.243 (0.973)	95.00 (76.19)
[155/294]	0.104 (0.968)	100.00 (76.35)
[156/294]	0.187 (0.963)	95.00 (76.46)
[157/294]	0.071 (0.957)	100.00 (76.61)
[158/294]	0.191 (0.952)	90.00 (76.70)
[159/294]	0.087 (0.947)	100.00 (76.84)
[160/294]	0.258 (0.943)	85.00 (76.89)
[161/294]	0.390 (0.939)	85.00 (76.94)
[162/294]	0.108 (0.934)	100.00 (77.09)
[163/294]	0.211 (0.930)	90.00 (77.16)
[164/294]	0.067 (0.925)	100.00 (77.30)
[165/294]	0.240 (0.920)	90.00 (77.38)
[166/294]	0.288 (0.917)	85.00 (77.43)
[167/294]	0.188 (0.912)	95.00 (77.53)
[168/294]	0.168 (0.908)	95.00 (77.63)
[169/294]	0.196 (0.904)	90.00 (77.71)
[170/294]	0.107 (0.899)	100.00 (77.84)
[171/294]	0.185 (0.895)	95.00 (77.94)
[172/294]	0.085 (0.890)	100.00 (78.06)
[173/294]	0.175 (0.886)	90.00 (78.13)
[174/294]	0.121 (0.882)	100.00 (78.26)
[175/294]	0.096 (0.877)	100.00 (78.38)
[176/294]	0.107 (0.873)	95.00 (78.47)
[177/294]	0.123 (0.869)	100.00 (78.60)
[178/294]	0.122 (0.865)	100.00 (78.72)
[179/294]	0.342 (0.862)	85.00 (78.75)
[180/294]	0.091 (0.857)	100.00 (78.87)
[181/294]	0.279 (0.854)	85.00 (78.90)
[182/294]	0.187 (0.851)	95.00 (78.99)
[183/294]	0.285 (0.847)	90.00 (79.05)
[184/294]	0.287 (0.844)	85.00 (79.08)
[185/294]	0.298 (0.842)	95.00 (79.17)
[186/294]	0.258 (0.838)	85.00 (79.20)
[187/294]	0.090 (0.834)	100.00 (79.31)
[188/294]	0.132 (0.831)	95.00 (79.39)
[189/294]	0.173 (0.827)	95.00 (79.47)
[190/294]	0.091 (0.823)	100.00 (79.58)
[191/294]	0.141 (0.820)	90.00 (79.64)
[192/294]	0.123 (0.816)	95.00 (79.72)
[193/294]	0.209 (0.813)	90.00 (79.77)
[194/294]	0.182 (0.810)	90.00 (79.82)
[195/294]	0.176 (0.807)	95.00 (79.90)
[196/294]	0.251 (0.804)	90.00 (79.95)
[197/294]	0.151 (0.800)	95.00 (80.03)
[198/294]	0.206 (0.797)	95.00 (80.10)
[199/294]	0.145 (0.794)	90.00 (80.15)
[200/294]	0.178 (0.791)	95.00 (80.22)
[201/294]	0.045 (0.787)	100.00 (80.32)
[202/294]	0.102 (0.784)	100.00 (80.42)
[203/294]	0.167 (0.781)	90.00 (80.47)
[204/294]	0.160 (0.778)	95.00 (80.54)
[205/294]	0.331 (0.776)	95.00 (80.61)
[206/294]	0.187 (0.773)	95.00 (80.68)
[207/294]	0.158 (0.770)	95.00 (80.75)
[208/294]	0.070 (0.767)	100.00 (80.84)
[209/294]	0.141 (0.764)	95.00 (80.90)
[210/294]	0.104 (0.761)	95.00 (80.97)
[211/294]	0.143 (0.758)	95.00 (81.04)
[212/294]	0.127 (0.755)	100.00 (81.13)
[213/294]	0.179 (0.752)	95.00 (81.19)
[214/294]	0.096 (0.749)	100.00 (81.28)
[215/294]	0.157 (0.746)	90.00 (81.32)
[216/294]	0.205 (0.744)	95.00 (81.38)
[217/294]	0.217 (0.741)	90.00 (81.42)
[218/294]	0.161 (0.739)	95.00 (81.48)
[219/294]	0.067 (0.736)	100.00 (81.57)
[220/294]	0.195 (0.733)	95.00 (81.63)
[221/294]	0.182 (0.731)	95.00 (81.69)
[222/294]	0.201 (0.728)	95.00 (81.75)
[223/294]	0.094 (0.726)	95.00 (81.81)
[224/294]	0.051 (0.723)	100.00 (81.89)
[225/294]	0.101 (0.720)	100.00 (81.97)
[226/294]	0.118 (0.717)	95.00 (82.03)
[227/294]	0.141 (0.715)	100.00 (82.11)
[228/294]	0.050 (0.712)	100.00 (82.18)
[229/294]	0.085 (0.709)	100.00 (82.26)
[230/294]	0.118 (0.706)	100.00 (82.34)
[231/294]	0.136 (0.704)	95.00 (82.39)
[232/294]	0.161 (0.702)	95.00 (82.45)
[233/294]	0.093 (0.699)	100.00 (82.52)
[234/294]	0.198 (0.697)	90.00 (82.55)
[235/294]	0.066 (0.694)	100.00 (82.63)
[236/294]	0.128 (0.692)	95.00 (82.68)
[237/294]	0.227 (0.690)	95.00 (82.73)
[238/294]	0.091 (0.687)	95.00 (82.78)
[239/294]	0.108 (0.685)	95.00 (82.83)
[240/294]	0.211 (0.683)	90.00 (82.86)
[241/294]	0.156 (0.681)	95.00 (82.91)
[242/294]	0.162 (0.679)	90.00 (82.94)
[243/294]	0.064 (0.676)	100.00 (83.01)
[244/294]	0.221 (0.674)	90.00 (83.04)
[245/294]	0.154 (0.672)	95.00 (83.09)
[246/294]	0.186 (0.670)	100.00 (83.16)
[247/294]	0.070 (0.668)	100.00 (83.23)
[248/294]	0.132 (0.666)	100.00 (83.29)
[249/294]	0.156 (0.664)	95.00 (83.34)
[250/294]	0.196 (0.662)	90.00 (83.37)
[251/294]	0.180 (0.660)	95.00 (83.41)
[252/294]	0.093 (0.658)	100.00 (83.48)
[253/294]	0.153 (0.656)	95.00 (83.52)
[254/294]	0.183 (0.654)	95.00 (83.57)
[255/294]	0.118 (0.652)	95.00 (83.61)
[256/294]	0.094 (0.649)	100.00 (83.68)
[257/294]	0.055 (0.647)	100.00 (83.74)
[258/294]	0.106 (0.645)	100.00 (83.80)
[259/294]	0.116 (0.643)	95.00 (83.85)
[260/294]	0.059 (0.641)	100.00 (83.91)
[261/294]	0.179 (0.639)	90.00 (83.93)
[262/294]	0.101 (0.637)	100.00 (83.99)
[263/294]	0.073 (0.635)	100.00 (84.05)
[264/294]	0.247 (0.633)	90.00 (84.08)
[265/294]	0.236 (0.632)	90.00 (84.10)
[266/294]	0.053 (0.630)	100.00 (84.16)
[267/294]	0.066 (0.628)	100.00 (84.22)
[268/294]	0.088 (0.626)	95.00 (84.26)
[269/294]	0.092 (0.624)	100.00 (84.31)
[270/294]	0.061 (0.622)	100.00 (84.37)
[271/294]	0.144 (0.620)	90.00 (84.39)
[272/294]	0.154 (0.618)	95.00 (84.43)
[273/294]	0.063 (0.616)	100.00 (84.49)
[274/294]	0.085 (0.614)	95.00 (84.53)
[275/294]	0.074 (0.612)	100.00 (84.58)
[276/294]	0.198 (0.611)	85.00 (84.58)
[277/294]	0.221 (0.609)	95.00 (84.62)
[278/294]	0.134 (0.608)	95.00 (84.66)
[279/294]	0.126 (0.606)	95.00 (84.70)
[280/294]	0.249 (0.605)	90.00 (84.72)
[281/294]	0.135 (0.603)	90.00 (84.73)
[282/294]	0.056 (0.601)	100.00 (84.79)
[283/294]	0.090 (0.599)	100.00 (84.84)
[284/294]	0.083 (0.597)	100.00 (84.89)
[285/294]	0.069 (0.596)	100.00 (84.95)
[286/294]	0.100 (0.594)	100.00 (85.00)
[287/294]	0.055 (0.592)	100.00 (85.05)
[288/294]	0.090 (0.590)	95.00 (85.09)
[289/294]	0.187 (0.589)	90.00 (85.10)
[290/294]	0.176 (0.587)	95.00 (85.14)
[291/294]	0.186 (0.586)	90.00 (85.15)
[292/294]	0.106 (0.584)	95.00 (85.19)
[293/294]	0.375 (0.584)	90.00 (85.20)
 * Train Acc: 85.204
 * Avg. Data time: 0.008, Avg. Batch time: 0.066, Avg. Forward time: 0.004, Avg. Backward time: 0.047
Computing SI
 * Val Acc: 24.766, Time: 4.77
 * Test Acc: 24.399, Time: 10.91
=============Training Task 4=============
Active output nodes for this task: 
[0, 1, 2, 3, 4, 5, 6, 7, 8, 9]
=============Training Epoch 0=============
#reg terms:  1
Batch	 Loss		 Acc
[0/294]	8.932 (8.932)	0.00 (0.00)
[1/294]	7.787 (8.360)	0.00 (0.00)
[2/294]	7.142 (7.954)	0.00 (0.00)
[3/294]	7.425 (7.822)	0.00 (0.00)
[4/294]	7.272 (7.712)	0.00 (0.00)
[5/294]	6.267 (7.471)	0.00 (0.00)
[6/294]	5.746 (7.224)	0.00 (0.00)
[7/294]	5.057 (6.953)	0.00 (0.00)
[8/294]	4.252 (6.653)	0.00 (0.00)
[9/294]	3.873 (6.375)	0.00 (0.00)
[10/294]	3.637 (6.126)	0.00 (0.00)
[11/294]	3.194 (5.882)	0.00 (0.00)
[12/294]	2.374 (5.612)	0.00 (0.00)
[13/294]	2.708 (5.405)	5.00 (0.36)
[14/294]	1.967 (5.176)	15.00 (1.33)
[15/294]	1.650 (4.955)	30.00 (3.12)
[16/294]	1.963 (4.779)	25.00 (4.41)
[17/294]	1.905 (4.620)	35.00 (6.11)
[18/294]	1.543 (4.458)	40.00 (7.89)
[19/294]	1.677 (4.319)	45.00 (9.75)
[20/294]	1.541 (4.186)	40.00 (11.19)
[21/294]	1.444 (4.062)	45.00 (12.73)
[22/294]	1.483 (3.950)	40.00 (13.91)
[23/294]	1.022 (3.828)	55.00 (15.62)
[24/294]	0.979 (3.714)	65.00 (17.60)
[25/294]	0.845 (3.603)	65.00 (19.42)
[26/294]	1.073 (3.510)	50.00 (20.56)
[27/294]	1.070 (3.422)	55.00 (21.79)
[28/294]	1.045 (3.340)	45.00 (22.59)
[29/294]	0.833 (3.257)	70.00 (24.17)
[30/294]	0.826 (3.178)	60.00 (25.32)
[31/294]	0.830 (3.105)	65.00 (26.56)
[32/294]	0.826 (3.036)	60.00 (27.58)
[33/294]	0.870 (2.972)	65.00 (28.68)
[34/294]	0.701 (2.907)	75.00 (30.00)
[35/294]	0.777 (2.848)	65.00 (30.97)
[36/294]	0.701 (2.790)	75.00 (32.16)
[37/294]	0.627 (2.733)	80.00 (33.42)
[38/294]	0.594 (2.678)	85.00 (34.74)
[39/294]	0.775 (2.631)	60.00 (35.38)
[40/294]	0.580 (2.581)	80.00 (36.46)
[41/294]	0.587 (2.533)	70.00 (37.26)
[42/294]	0.549 (2.487)	85.00 (38.37)
[43/294]	0.602 (2.444)	80.00 (39.32)
[44/294]	0.615 (2.404)	75.00 (40.11)
[45/294]	0.517 (2.363)	75.00 (40.87)
[46/294]	0.493 (2.323)	90.00 (41.91)
[47/294]	0.561 (2.286)	80.00 (42.71)
[48/294]	0.508 (2.250)	85.00 (43.57)
[49/294]	0.539 (2.216)	80.00 (44.30)
[50/294]	0.440 (2.181)	90.00 (45.20)
[51/294]	0.466 (2.148)	85.00 (45.96)
[52/294]	0.615 (2.119)	65.00 (46.32)
[53/294]	0.423 (2.088)	80.00 (46.94)
[54/294]	0.471 (2.058)	80.00 (47.55)
[55/294]	0.611 (2.032)	65.00 (47.86)
[56/294]	0.431 (2.004)	90.00 (48.60)
[57/294]	0.397 (1.977)	90.00 (49.31)
[58/294]	0.341 (1.949)	95.00 (50.08)
[59/294]	0.371 (1.922)	90.00 (50.75)
[60/294]	0.458 (1.898)	85.00 (51.31)
[61/294]	0.444 (1.875)	80.00 (51.77)
[62/294]	0.367 (1.851)	85.00 (52.30)
[63/294]	0.451 (1.829)	85.00 (52.81)
[64/294]	0.306 (1.806)	95.00 (53.46)
[65/294]	0.455 (1.785)	75.00 (53.79)
[66/294]	0.420 (1.765)	90.00 (54.33)
[67/294]	0.362 (1.744)	95.00 (54.93)
[68/294]	0.510 (1.726)	70.00 (55.14)
[69/294]	0.353 (1.707)	90.00 (55.64)
[70/294]	0.382 (1.688)	100.00 (56.27)
[71/294]	0.393 (1.670)	80.00 (56.60)
[72/294]	0.421 (1.653)	75.00 (56.85)
[73/294]	0.402 (1.636)	85.00 (57.23)
[74/294]	0.313 (1.618)	85.00 (57.60)
[75/294]	0.186 (1.600)	100.00 (58.16)
[76/294]	0.339 (1.583)	85.00 (58.51)
[77/294]	0.324 (1.567)	95.00 (58.97)
[78/294]	0.323 (1.551)	90.00 (59.37)
[79/294]	0.512 (1.538)	75.00 (59.56)
[80/294]	0.326 (1.523)	85.00 (59.88)
[81/294]	0.326 (1.509)	90.00 (60.24)
[82/294]	0.304 (1.494)	95.00 (60.66)
[83/294]	0.297 (1.480)	90.00 (61.01)
[84/294]	0.362 (1.467)	95.00 (61.41)
[85/294]	0.296 (1.453)	90.00 (61.74)
[86/294]	0.296 (1.440)	90.00 (62.07)
[87/294]	0.309 (1.427)	80.00 (62.27)
[88/294]	0.275 (1.414)	100.00 (62.70)
[89/294]	0.433 (1.403)	90.00 (63.00)
[90/294]	0.267 (1.391)	85.00 (63.24)
[91/294]	0.264 (1.379)	100.00 (63.64)
[92/294]	0.289 (1.367)	95.00 (63.98)
[93/294]	0.318 (1.356)	90.00 (64.26)
[94/294]	0.311 (1.345)	90.00 (64.53)
[95/294]	0.173 (1.332)	100.00 (64.90)
[96/294]	0.343 (1.322)	85.00 (65.10)
[97/294]	0.323 (1.312)	95.00 (65.41)
[98/294]	0.155 (1.300)	100.00 (65.76)
[99/294]	0.326 (1.291)	95.00 (66.05)
[100/294]	0.291 (1.281)	95.00 (66.34)
[101/294]	0.289 (1.271)	90.00 (66.57)
[102/294]	0.197 (1.261)	100.00 (66.89)
[103/294]	0.218 (1.251)	95.00 (67.16)
[104/294]	0.127 (1.240)	100.00 (67.48)
[105/294]	0.226 (1.230)	100.00 (67.78)
[106/294]	0.180 (1.220)	100.00 (68.08)
[107/294]	0.221 (1.211)	95.00 (68.33)
[108/294]	0.264 (1.203)	90.00 (68.53)
[109/294]	0.135 (1.193)	100.00 (68.82)
[110/294]	0.271 (1.185)	95.00 (69.05)
[111/294]	0.311 (1.177)	85.00 (69.20)
[112/294]	0.254 (1.169)	100.00 (69.47)
[113/294]	0.258 (1.161)	95.00 (69.69)
[114/294]	0.330 (1.153)	85.00 (69.83)
[115/294]	0.233 (1.145)	95.00 (70.04)
[116/294]	0.272 (1.138)	90.00 (70.21)
[117/294]	0.219 (1.130)	95.00 (70.42)
[118/294]	0.184 (1.122)	95.00 (70.63)
[119/294]	0.241 (1.115)	95.00 (70.83)
[120/294]	0.253 (1.108)	95.00 (71.03)
[121/294]	0.198 (1.100)	100.00 (71.27)
[122/294]	0.292 (1.094)	90.00 (71.42)
[123/294]	0.222 (1.087)	95.00 (71.61)
[124/294]	0.176 (1.079)	100.00 (71.84)
[125/294]	0.219 (1.073)	95.00 (72.02)
[126/294]	0.288 (1.066)	95.00 (72.20)
[127/294]	0.192 (1.060)	100.00 (72.42)
[128/294]	0.160 (1.053)	95.00 (72.60)
[129/294]	0.200 (1.046)	100.00 (72.81)
[130/294]	0.228 (1.040)	95.00 (72.98)
[131/294]	0.163 (1.033)	100.00 (73.18)
[132/294]	0.275 (1.027)	85.00 (73.27)
[133/294]	0.180 (1.021)	100.00 (73.47)
[134/294]	0.216 (1.015)	90.00 (73.59)
[135/294]	0.262 (1.010)	85.00 (73.68)
[136/294]	0.160 (1.003)	100.00 (73.87)
[137/294]	0.277 (0.998)	90.00 (73.99)
[138/294]	0.259 (0.993)	85.00 (74.06)
[139/294]	0.160 (0.987)	95.00 (74.21)
[140/294]	0.242 (0.982)	100.00 (74.40)
[141/294]	0.136 (0.976)	90.00 (74.51)
[142/294]	0.218 (0.970)	90.00 (74.62)
[143/294]	0.151 (0.965)	100.00 (74.79)
[144/294]	0.090 (0.959)	95.00 (74.93)
[145/294]	0.203 (0.953)	95.00 (75.07)
[146/294]	0.192 (0.948)	95.00 (75.20)
[147/294]	0.232 (0.943)	95.00 (75.34)
[148/294]	0.175 (0.938)	100.00 (75.50)
[149/294]	0.143 (0.933)	100.00 (75.67)
[150/294]	0.224 (0.928)	90.00 (75.76)
[151/294]	0.072 (0.923)	100.00 (75.92)
[152/294]	0.187 (0.918)	95.00 (76.05)
[153/294]	0.218 (0.913)	100.00 (76.20)
[154/294]	0.160 (0.908)	95.00 (76.32)
[155/294]	0.092 (0.903)	100.00 (76.47)
[156/294]	0.150 (0.898)	95.00 (76.59)
[157/294]	0.151 (0.894)	100.00 (76.74)
[158/294]	0.096 (0.889)	100.00 (76.89)
[159/294]	0.190 (0.884)	95.00 (77.00)
[160/294]	0.107 (0.879)	100.00 (77.14)
[161/294]	0.090 (0.875)	100.00 (77.28)
[162/294]	0.226 (0.871)	95.00 (77.39)
[163/294]	0.142 (0.866)	95.00 (77.50)
[164/294]	0.129 (0.862)	100.00 (77.64)
[165/294]	0.243 (0.858)	85.00 (77.68)
[166/294]	0.173 (0.854)	95.00 (77.78)
[167/294]	0.228 (0.850)	90.00 (77.86)
[168/294]	0.133 (0.846)	95.00 (77.96)
[169/294]	0.232 (0.842)	90.00 (78.03)
[170/294]	0.207 (0.839)	90.00 (78.10)
[171/294]	0.104 (0.834)	100.00 (78.23)
[172/294]	0.089 (0.830)	100.00 (78.35)
[173/294]	0.113 (0.826)	100.00 (78.48)
[174/294]	0.249 (0.823)	90.00 (78.54)
[175/294]	0.174 (0.819)	95.00 (78.64)
[176/294]	0.169 (0.815)	95.00 (78.73)
[177/294]	0.176 (0.812)	95.00 (78.82)
[178/294]	0.151 (0.808)	100.00 (78.94)
[179/294]	0.157 (0.804)	100.00 (79.06)
[180/294]	0.099 (0.800)	100.00 (79.17)
[181/294]	0.071 (0.796)	100.00 (79.29)
[182/294]	0.209 (0.793)	100.00 (79.40)
[183/294]	0.228 (0.790)	90.00 (79.46)
[184/294]	0.135 (0.787)	100.00 (79.57)
[185/294]	0.141 (0.783)	100.00 (79.68)
[186/294]	0.270 (0.780)	90.00 (79.73)
[187/294]	0.113 (0.777)	100.00 (79.84)
[188/294]	0.079 (0.773)	100.00 (79.95)
[189/294]	0.226 (0.770)	90.00 (80.00)
[190/294]	0.154 (0.767)	95.00 (80.08)
[191/294]	0.255 (0.764)	90.00 (80.13)
[192/294]	0.079 (0.761)	100.00 (80.23)
[193/294]	0.294 (0.758)	85.00 (80.26)
[194/294]	0.132 (0.755)	95.00 (80.33)
[195/294]	0.131 (0.752)	95.00 (80.41)
[196/294]	0.070 (0.749)	100.00 (80.51)
[197/294]	0.144 (0.746)	95.00 (80.58)
[198/294]	0.201 (0.743)	95.00 (80.65)
[199/294]	0.123 (0.740)	100.00 (80.75)
[200/294]	0.127 (0.737)	95.00 (80.82)
[201/294]	0.111 (0.734)	100.00 (80.92)
[202/294]	0.117 (0.730)	100.00 (81.01)
[203/294]	0.121 (0.728)	90.00 (81.05)
[204/294]	0.178 (0.725)	90.00 (81.10)
[205/294]	0.058 (0.722)	100.00 (81.19)
[206/294]	0.479 (0.720)	75.00 (81.16)
[207/294]	0.112 (0.717)	95.00 (81.23)
[208/294]	0.115 (0.715)	100.00 (81.32)
[209/294]	0.084 (0.712)	100.00 (81.40)
[210/294]	0.205 (0.709)	85.00 (81.42)
[211/294]	0.218 (0.707)	95.00 (81.49)
[212/294]	0.166 (0.704)	90.00 (81.53)
[213/294]	0.142 (0.702)	100.00 (81.61)
[214/294]	0.088 (0.699)	100.00 (81.70)
[215/294]	0.115 (0.696)	100.00 (81.78)
[216/294]	0.144 (0.694)	95.00 (81.84)
[217/294]	0.120 (0.691)	100.00 (81.93)
[218/294]	0.111 (0.688)	100.00 (82.01)
[219/294]	0.247 (0.686)	85.00 (82.02)
[220/294]	0.137 (0.684)	100.00 (82.10)
[221/294]	0.287 (0.682)	90.00 (82.14)
[222/294]	0.080 (0.679)	100.00 (82.22)
[223/294]	0.116 (0.677)	100.00 (82.30)
[224/294]	0.148 (0.675)	95.00 (82.36)
[225/294]	0.119 (0.672)	100.00 (82.43)
[226/294]	0.119 (0.670)	95.00 (82.49)
[227/294]	0.041 (0.667)	100.00 (82.57)
[228/294]	0.158 (0.665)	85.00 (82.58)
[229/294]	0.124 (0.662)	95.00 (82.63)
[230/294]	0.027 (0.660)	100.00 (82.71)
[231/294]	0.069 (0.657)	100.00 (82.78)
[232/294]	0.098 (0.655)	100.00 (82.85)
[233/294]	0.221 (0.653)	90.00 (82.88)
[234/294]	0.190 (0.651)	90.00 (82.91)
[235/294]	0.120 (0.649)	100.00 (82.99)
[236/294]	0.110 (0.646)	100.00 (83.06)
[237/294]	0.069 (0.644)	100.00 (83.13)
[238/294]	0.119 (0.642)	95.00 (83.18)
[239/294]	0.221 (0.640)	90.00 (83.21)
[240/294]	0.178 (0.638)	95.00 (83.26)
[241/294]	0.114 (0.636)	95.00 (83.31)
[242/294]	0.063 (0.633)	100.00 (83.37)
[243/294]	0.082 (0.631)	100.00 (83.44)
[244/294]	0.110 (0.629)	100.00 (83.51)
[245/294]	0.104 (0.627)	100.00 (83.58)
[246/294]	0.200 (0.625)	95.00 (83.62)
[247/294]	0.139 (0.623)	100.00 (83.69)
[248/294]	0.104 (0.621)	100.00 (83.76)
[249/294]	0.107 (0.619)	100.00 (83.82)
[250/294]	0.106 (0.617)	100.00 (83.88)
[251/294]	0.173 (0.615)	95.00 (83.93)
[252/294]	0.097 (0.613)	100.00 (83.99)
[253/294]	0.149 (0.611)	95.00 (84.04)
[254/294]	0.112 (0.609)	100.00 (84.10)
[255/294]	0.145 (0.608)	90.00 (84.12)
[256/294]	0.182 (0.606)	95.00 (84.16)
[257/294]	0.139 (0.604)	100.00 (84.22)
[258/294]	0.168 (0.602)	95.00 (84.27)
[259/294]	0.156 (0.601)	90.00 (84.29)
[260/294]	0.109 (0.599)	100.00 (84.35)
[261/294]	0.192 (0.597)	90.00 (84.37)
[262/294]	0.149 (0.596)	95.00 (84.41)
[263/294]	0.045 (0.594)	100.00 (84.47)
[264/294]	0.059 (0.592)	100.00 (84.53)
[265/294]	0.059 (0.590)	100.00 (84.59)
[266/294]	0.054 (0.587)	100.00 (84.64)
[267/294]	0.098 (0.586)	100.00 (84.70)
[268/294]	0.086 (0.584)	95.00 (84.74)
[269/294]	0.093 (0.582)	100.00 (84.80)
[270/294]	0.164 (0.580)	95.00 (84.83)
[271/294]	0.065 (0.579)	100.00 (84.89)
[272/294]	0.085 (0.577)	100.00 (84.95)
[273/294]	0.142 (0.575)	100.00 (85.00)
[274/294]	0.160 (0.574)	95.00 (85.04)
[275/294]	0.208 (0.572)	90.00 (85.05)
[276/294]	0.084 (0.571)	100.00 (85.11)
[277/294]	0.082 (0.569)	100.00 (85.16)
[278/294]	0.073 (0.567)	100.00 (85.22)
[279/294]	0.105 (0.565)	100.00 (85.27)
[280/294]	0.157 (0.564)	90.00 (85.28)
[281/294]	0.139 (0.562)	95.00 (85.32)
[282/294]	0.127 (0.561)	100.00 (85.37)
[283/294]	0.057 (0.559)	100.00 (85.42)
[284/294]	0.077 (0.557)	100.00 (85.47)
[285/294]	0.178 (0.556)	90.00 (85.49)
[286/294]	0.172 (0.555)	90.00 (85.51)
[287/294]	0.068 (0.553)	100.00 (85.56)
[288/294]	0.098 (0.551)	100.00 (85.61)
[289/294]	0.093 (0.550)	95.00 (85.64)
[290/294]	0.157 (0.549)	95.00 (85.67)
[291/294]	0.044 (0.547)	100.00 (85.72)
[292/294]	0.164 (0.546)	100.00 (85.77)
[293/294]	0.121 (0.544)	95.00 (85.80)
 * Train Acc: 85.799
 * Avg. Data time: 0.004, Avg. Batch time: 0.064, Avg. Forward time: 0.004, Avg. Backward time: 0.051
Computing SI
 * Val Acc: 18.905, Time: 4.52
 * Test Acc: 19.781, Time: 12.48
=============Training Task 5=============
Active output nodes for this task: 
[0, 1, 2, 3, 4, 5, 6, 7, 8, 9, 10, 11]
=============Training Epoch 0=============
#reg terms:  1
Batch	 Loss		 Acc
