=============Stream Learning Run 0=============
Changing output layer to contain 12 classes
============BEGINNING STREAM LEARNING============
=============Training Task 0=============
Active output nodes for this task: 
[0, 1]
=============Training Epoch 0=============
#reg terms:  0
Batch	 Loss		 Acc
[0/294]	1.884 (1.884)	45.00 (45.00)
[1/294]	1.394 (1.639)	45.00 (45.00)
[2/294]	1.361 (1.546)	50.00 (46.67)
[3/294]	1.244 (1.471)	50.00 (47.50)
[4/294]	1.046 (1.386)	35.00 (45.00)
[5/294]	0.910 (1.307)	50.00 (45.83)
[6/294]	0.658 (1.214)	55.00 (47.14)
[7/294]	0.796 (1.162)	55.00 (48.12)
[8/294]	0.580 (1.097)	70.00 (50.56)
[9/294]	0.576 (1.045)	75.00 (53.00)
[10/294]	0.861 (1.028)	40.00 (51.82)
[11/294]	0.905 (1.018)	20.00 (49.17)
[12/294]	0.717 (0.995)	60.00 (50.00)
[13/294]	0.718 (0.975)	65.00 (51.07)
[14/294]	1.199 (0.990)	30.00 (49.67)
[15/294]	1.080 (0.995)	30.00 (48.44)
[16/294]	0.879 (0.989)	30.00 (47.35)
[17/294]	0.786 (0.977)	50.00 (47.50)
[18/294]	0.787 (0.967)	55.00 (47.89)
[19/294]	0.865 (0.962)	45.00 (47.75)
[20/294]	0.771 (0.953)	35.00 (47.14)
[21/294]	0.920 (0.952)	60.00 (47.73)
[22/294]	0.890 (0.949)	40.00 (47.39)
[23/294]	0.757 (0.941)	40.00 (47.08)
[24/294]	0.657 (0.930)	75.00 (48.20)
[25/294]	0.663 (0.919)	65.00 (48.85)
[26/294]	0.758 (0.913)	45.00 (48.70)
[27/294]	0.952 (0.915)	45.00 (48.57)
[28/294]	0.615 (0.904)	60.00 (48.97)
[29/294]	0.502 (0.891)	80.00 (50.00)
[30/294]	0.509 (0.879)	85.00 (51.13)
[31/294]	0.973 (0.882)	10.00 (49.84)
[32/294]	0.768 (0.878)	60.00 (50.15)
[33/294]	0.601 (0.870)	80.00 (51.03)
[34/294]	0.658 (0.864)	65.00 (51.43)
[35/294]	0.501 (0.854)	75.00 (52.08)
[36/294]	0.671 (0.849)	55.00 (52.16)
[37/294]	0.812 (0.848)	35.00 (51.71)
[38/294]	0.559 (0.841)	70.00 (52.18)
[39/294]	0.635 (0.835)	60.00 (52.38)
[40/294]	0.746 (0.833)	40.00 (52.07)
[41/294]	0.706 (0.830)	60.00 (52.26)
[42/294]	0.632 (0.826)	65.00 (52.56)
[43/294]	0.660 (0.822)	50.00 (52.50)
[44/294]	0.957 (0.825)	50.00 (52.44)
[45/294]	0.507 (0.818)	80.00 (53.04)
[46/294]	0.699 (0.815)	55.00 (53.09)
[47/294]	0.892 (0.817)	40.00 (52.81)
[48/294]	0.790 (0.816)	55.00 (52.86)
[49/294]	0.613 (0.812)	65.00 (53.10)
[50/294]	0.659 (0.809)	55.00 (53.14)
[51/294]	0.588 (0.805)	75.00 (53.56)
[52/294]	0.560 (0.800)	85.00 (54.15)
[53/294]	0.514 (0.795)	85.00 (54.72)
[54/294]	0.450 (0.789)	85.00 (55.27)
[55/294]	0.770 (0.789)	50.00 (55.18)
[56/294]	0.489 (0.783)	80.00 (55.61)
[57/294]	0.464 (0.778)	80.00 (56.03)
[58/294]	0.688 (0.776)	65.00 (56.19)
[59/294]	0.505 (0.772)	60.00 (56.25)
[60/294]	0.600 (0.769)	65.00 (56.39)
[61/294]	0.781 (0.769)	50.00 (56.29)
[62/294]	0.794 (0.770)	50.00 (56.19)
[63/294]	0.609 (0.767)	55.00 (56.17)
[64/294]	0.647 (0.765)	50.00 (56.08)
[65/294]	0.687 (0.764)	60.00 (56.14)
[66/294]	0.468 (0.760)	80.00 (56.49)
[67/294]	0.605 (0.757)	65.00 (56.62)
[68/294]	0.635 (0.756)	60.00 (56.67)
[69/294]	0.720 (0.755)	40.00 (56.43)
[70/294]	0.599 (0.753)	85.00 (56.83)
[71/294]	0.435 (0.748)	90.00 (57.29)
[72/294]	0.446 (0.744)	90.00 (57.74)
[73/294]	0.432 (0.740)	100.00 (58.31)
[74/294]	0.427 (0.736)	90.00 (58.73)
[75/294]	0.500 (0.733)	80.00 (59.01)
[76/294]	0.608 (0.731)	65.00 (59.09)
[77/294]	0.444 (0.727)	90.00 (59.49)
[78/294]	0.427 (0.724)	85.00 (59.81)
[79/294]	0.430 (0.720)	85.00 (60.12)
[80/294]	0.612 (0.719)	75.00 (60.31)
[81/294]	0.472 (0.716)	85.00 (60.61)
[82/294]	0.494 (0.713)	80.00 (60.84)
[83/294]	0.522 (0.711)	70.00 (60.95)
[84/294]	0.602 (0.709)	60.00 (60.94)
[85/294]	0.486 (0.707)	85.00 (61.22)
[86/294]	0.390 (0.703)	95.00 (61.61)
[87/294]	0.542 (0.701)	75.00 (61.76)
[88/294]	0.344 (0.697)	95.00 (62.13)
[89/294]	0.316 (0.693)	95.00 (62.50)
[90/294]	0.268 (0.688)	95.00 (62.86)
[91/294]	0.558 (0.687)	85.00 (63.10)
[92/294]	0.519 (0.685)	85.00 (63.33)
[93/294]	0.615 (0.684)	70.00 (63.40)
[94/294]	0.629 (0.684)	60.00 (63.37)
[95/294]	0.353 (0.680)	90.00 (63.65)
[96/294]	0.454 (0.678)	85.00 (63.87)
[97/294]	0.402 (0.675)	90.00 (64.13)
[98/294]	0.342 (0.672)	100.00 (64.49)
[99/294]	0.501 (0.670)	70.00 (64.55)
[100/294]	0.673 (0.670)	55.00 (64.46)
[101/294]	0.465 (0.668)	60.00 (64.41)
[102/294]	0.582 (0.667)	60.00 (64.37)
[103/294]	0.560 (0.666)	80.00 (64.52)
[104/294]	0.584 (0.666)	75.00 (64.62)
[105/294]	0.191 (0.661)	100.00 (64.95)
[106/294]	0.196 (0.657)	100.00 (65.28)
[107/294]	0.334 (0.654)	95.00 (65.56)
[108/294]	0.342 (0.651)	95.00 (65.83)
[109/294]	0.554 (0.650)	65.00 (65.82)
[110/294]	0.744 (0.651)	50.00 (65.68)
[111/294]	0.831 (0.652)	50.00 (65.54)
[112/294]	0.462 (0.651)	85.00 (65.71)
[113/294]	0.598 (0.650)	75.00 (65.79)
[114/294]	0.574 (0.650)	65.00 (65.78)
[115/294]	0.369 (0.647)	100.00 (66.08)
[116/294]	0.622 (0.647)	65.00 (66.07)
[117/294]	0.571 (0.646)	75.00 (66.14)
[118/294]	0.414 (0.644)	85.00 (66.30)
[119/294]	0.571 (0.644)	75.00 (66.38)
[120/294]	0.388 (0.642)	75.00 (66.45)
[121/294]	0.248 (0.638)	100.00 (66.72)
[122/294]	0.435 (0.637)	90.00 (66.91)
[123/294]	0.640 (0.637)	60.00 (66.85)
[124/294]	0.697 (0.637)	35.00 (66.60)
[125/294]	0.359 (0.635)	90.00 (66.79)
[126/294]	0.600 (0.635)	75.00 (66.85)
[127/294]	0.388 (0.633)	85.00 (66.99)
[128/294]	0.349 (0.631)	95.00 (67.21)
[129/294]	0.411 (0.629)	95.00 (67.42)
[130/294]	0.296 (0.626)	100.00 (67.67)
[131/294]	0.273 (0.624)	95.00 (67.88)
[132/294]	0.461 (0.623)	80.00 (67.97)
[133/294]	0.307 (0.620)	100.00 (68.21)
[134/294]	0.359 (0.618)	95.00 (68.41)
[135/294]	0.399 (0.617)	80.00 (68.49)
[136/294]	0.237 (0.614)	100.00 (68.72)
[137/294]	0.240 (0.611)	100.00 (68.95)
[138/294]	0.329 (0.609)	95.00 (69.14)
[139/294]	0.241 (0.607)	100.00 (69.36)
[140/294]	0.304 (0.604)	95.00 (69.54)
[141/294]	0.336 (0.602)	95.00 (69.72)
[142/294]	0.326 (0.601)	90.00 (69.86)
[143/294]	0.236 (0.598)	95.00 (70.03)
[144/294]	0.489 (0.597)	90.00 (70.17)
[145/294]	0.560 (0.597)	80.00 (70.24)
[146/294]	0.489 (0.596)	75.00 (70.27)
[147/294]	0.427 (0.595)	80.00 (70.34)
[148/294]	0.439 (0.594)	85.00 (70.44)
[149/294]	0.219 (0.592)	95.00 (70.60)
[150/294]	0.229 (0.589)	100.00 (70.79)
[151/294]	0.378 (0.588)	85.00 (70.89)
[152/294]	0.380 (0.586)	95.00 (71.05)
[153/294]	0.319 (0.585)	85.00 (71.14)
[154/294]	0.762 (0.586)	40.00 (70.94)
[155/294]	0.395 (0.585)	85.00 (71.03)
[156/294]	0.319 (0.583)	90.00 (71.15)
[157/294]	0.534 (0.583)	65.00 (71.11)
[158/294]	0.424 (0.582)	90.00 (71.23)
[159/294]	0.491 (0.581)	80.00 (71.28)
[160/294]	0.478 (0.580)	75.00 (71.30)
[161/294]	0.334 (0.579)	75.00 (71.33)
[162/294]	0.313 (0.577)	95.00 (71.47)
[163/294]	0.342 (0.576)	95.00 (71.62)
[164/294]	0.300 (0.574)	85.00 (71.70)
[165/294]	0.382 (0.573)	80.00 (71.75)
[166/294]	0.355 (0.572)	95.00 (71.89)
[167/294]	0.430 (0.571)	90.00 (71.99)
[168/294]	0.500 (0.570)	80.00 (72.04)
[169/294]	0.300 (0.569)	90.00 (72.15)
[170/294]	0.352 (0.568)	85.00 (72.22)
[171/294]	0.425 (0.567)	85.00 (72.30)
[172/294]	0.142 (0.564)	100.00 (72.46)
[173/294]	0.317 (0.563)	90.00 (72.56)
[174/294]	0.485 (0.562)	80.00 (72.60)
[175/294]	0.390 (0.561)	75.00 (72.61)
[176/294]	0.351 (0.560)	85.00 (72.68)
[177/294]	0.397 (0.559)	80.00 (72.72)
[178/294]	0.483 (0.559)	75.00 (72.74)
[179/294]	0.419 (0.558)	95.00 (72.86)
[180/294]	0.427 (0.557)	90.00 (72.96)
[181/294]	0.300 (0.556)	90.00 (73.05)
[182/294]	0.129 (0.554)	100.00 (73.20)
[183/294]	0.123 (0.551)	100.00 (73.34)
[184/294]	0.180 (0.549)	100.00 (73.49)
[185/294]	0.441 (0.549)	90.00 (73.58)
[186/294]	0.450 (0.548)	70.00 (73.56)
[187/294]	0.473 (0.548)	80.00 (73.59)
[188/294]	0.634 (0.548)	70.00 (73.57)
[189/294]	0.362 (0.547)	85.00 (73.63)
[190/294]	0.262 (0.546)	95.00 (73.74)
[191/294]	0.277 (0.544)	90.00 (73.83)
[192/294]	0.248 (0.543)	95.00 (73.94)
[193/294]	0.274 (0.541)	100.00 (74.07)
[194/294]	0.366 (0.541)	85.00 (74.13)
[195/294]	0.300 (0.539)	90.00 (74.21)
[196/294]	0.157 (0.537)	100.00 (74.34)
[197/294]	0.471 (0.537)	75.00 (74.34)
[198/294]	0.573 (0.537)	60.00 (74.27)
[199/294]	0.104 (0.535)	100.00 (74.40)
[200/294]	0.207 (0.533)	100.00 (74.53)
[201/294]	0.196 (0.532)	95.00 (74.63)
[202/294]	0.206 (0.530)	100.00 (74.75)
[203/294]	0.250 (0.529)	95.00 (74.85)
[204/294]	0.348 (0.528)	90.00 (74.93)
[205/294]	0.297 (0.527)	100.00 (75.05)
[206/294]	0.088 (0.525)	100.00 (75.17)
[207/294]	0.203 (0.523)	95.00 (75.26)
[208/294]	0.214 (0.522)	95.00 (75.36)
[209/294]	0.706 (0.523)	70.00 (75.33)
[210/294]	0.238 (0.521)	95.00 (75.43)
[211/294]	0.298 (0.520)	90.00 (75.50)
[212/294]	0.243 (0.519)	95.00 (75.59)
[213/294]	0.185 (0.517)	95.00 (75.68)
[214/294]	0.218 (0.516)	100.00 (75.79)
[215/294]	0.230 (0.515)	100.00 (75.90)
[216/294]	0.156 (0.513)	100.00 (76.01)
[217/294]	0.470 (0.513)	80.00 (76.03)
[218/294]	0.347 (0.512)	85.00 (76.07)
[219/294]	0.238 (0.511)	95.00 (76.16)
[220/294]	0.322 (0.510)	80.00 (76.18)
[221/294]	0.298 (0.509)	90.00 (76.24)
[222/294]	0.433 (0.509)	80.00 (76.26)
[223/294]	0.381 (0.508)	90.00 (76.32)
[224/294]	0.349 (0.507)	80.00 (76.33)
[225/294]	0.478 (0.507)	75.00 (76.33)
[226/294]	0.492 (0.507)	75.00 (76.32)
[227/294]	0.492 (0.507)	85.00 (76.36)
[228/294]	0.565 (0.507)	70.00 (76.33)
[229/294]	0.194 (0.506)	95.00 (76.41)
[230/294]	0.015 (0.504)	100.00 (76.52)
[231/294]	0.377 (0.503)	90.00 (76.57)
[232/294]	0.322 (0.502)	85.00 (76.61)
[233/294]	0.179 (0.501)	100.00 (76.71)
[234/294]	0.224 (0.500)	100.00 (76.81)
[235/294]	0.313 (0.499)	90.00 (76.86)
[236/294]	0.344 (0.498)	80.00 (76.88)
[237/294]	0.335 (0.498)	90.00 (76.93)
[238/294]	0.119 (0.496)	100.00 (77.03)
[239/294]	0.101 (0.495)	100.00 (77.12)
[240/294]	0.183 (0.493)	100.00 (77.22)
[241/294]	0.180 (0.492)	100.00 (77.31)
[242/294]	0.252 (0.491)	90.00 (77.37)
[243/294]	0.244 (0.490)	85.00 (77.40)
[244/294]	0.470 (0.490)	80.00 (77.41)
[245/294]	0.436 (0.490)	80.00 (77.42)
[246/294]	0.307 (0.489)	90.00 (77.47)
[247/294]	0.285 (0.488)	90.00 (77.52)
[248/294]	0.108 (0.487)	100.00 (77.61)
[249/294]	0.087 (0.485)	100.00 (77.70)
[250/294]	0.179 (0.484)	95.00 (77.77)
[251/294]	0.390 (0.483)	90.00 (77.82)
[252/294]	0.168 (0.482)	100.00 (77.91)
[253/294]	0.210 (0.481)	95.00 (77.97)
[254/294]	0.270 (0.480)	90.00 (78.02)
[255/294]	0.507 (0.480)	70.00 (77.99)
[256/294]	0.163 (0.479)	100.00 (78.07)
[257/294]	0.130 (0.478)	100.00 (78.16)
[258/294]	0.101 (0.476)	100.00 (78.24)
[259/294]	0.061 (0.475)	100.00 (78.33)
[260/294]	0.047 (0.473)	100.00 (78.41)
[261/294]	0.048 (0.471)	100.00 (78.49)
[262/294]	0.125 (0.470)	100.00 (78.57)
[263/294]	0.255 (0.469)	100.00 (78.66)
[264/294]	0.352 (0.469)	90.00 (78.70)
[265/294]	0.446 (0.469)	75.00 (78.68)
[266/294]	0.201 (0.468)	90.00 (78.73)
[267/294]	0.225 (0.467)	90.00 (78.77)
[268/294]	0.295 (0.466)	90.00 (78.81)
[269/294]	0.184 (0.465)	95.00 (78.87)
[270/294]	0.219 (0.464)	100.00 (78.95)
[271/294]	0.289 (0.464)	85.00 (78.97)
[272/294]	0.462 (0.464)	85.00 (78.99)
[273/294]	0.112 (0.462)	95.00 (79.05)
[274/294]	0.271 (0.462)	90.00 (79.09)
[275/294]	0.269 (0.461)	90.00 (79.13)
[276/294]	0.297 (0.460)	100.00 (79.21)
[277/294]	0.235 (0.460)	100.00 (79.28)
[278/294]	0.286 (0.459)	85.00 (79.30)
[279/294]	0.438 (0.459)	70.00 (79.27)
[280/294]	0.066 (0.457)	100.00 (79.34)
[281/294]	0.195 (0.456)	90.00 (79.38)
[282/294]	0.257 (0.456)	95.00 (79.43)
[283/294]	0.359 (0.455)	80.00 (79.44)
[284/294]	0.185 (0.455)	95.00 (79.49)
[285/294]	0.175 (0.454)	100.00 (79.56)
[286/294]	0.209 (0.453)	90.00 (79.60)
[287/294]	0.134 (0.452)	100.00 (79.67)
[288/294]	0.200 (0.451)	95.00 (79.72)
[289/294]	0.185 (0.450)	100.00 (79.79)
[290/294]	0.076 (0.448)	95.00 (79.85)
[291/294]	0.042 (0.447)	100.00 (79.91)
[292/294]	0.113 (0.446)	100.00 (79.98)
[293/294]	0.136 (0.445)	95.00 (80.03)
 * Train Acc: 80.034
 * Avg. Data time: 0.005, Avg. Batch time: 0.033, Avg. Forward time: 0.004, Avg. Backward time: 0.017
Computing MAS
 * Val Acc: 89.855, Time: 1.48
 * Test Acc: 92.842, Time: 2.86
=============Training Task 1=============
Active output nodes for this task: 
[0, 1, 2, 3]
=============Training Epoch 0=============
#reg terms:  1
Batch	 Loss		 Acc
[0/294]	3.198 (3.198)	0.00 (0.00)
[1/294]	3.281 (3.239)	0.00 (0.00)
[2/294]	3.390 (3.290)	0.00 (0.00)
[3/294]	2.535 (3.101)	0.00 (0.00)
[4/294]	2.142 (2.909)	10.00 (2.00)
[5/294]	1.946 (2.749)	0.00 (1.67)
[6/294]	2.249 (2.677)	0.00 (1.43)
[7/294]	1.554 (2.537)	45.00 (6.88)
[8/294]	1.573 (2.430)	50.00 (11.67)
[9/294]	1.366 (2.323)	45.00 (15.00)
[10/294]	1.336 (2.234)	45.00 (17.73)
[11/294]	1.401 (2.164)	45.00 (20.00)
[12/294]	1.278 (2.096)	50.00 (22.31)
[13/294]	0.810 (2.004)	60.00 (25.00)
[14/294]	1.251 (1.954)	40.00 (26.00)
[15/294]	0.957 (1.892)	50.00 (27.50)
[16/294]	0.948 (1.836)	50.00 (28.82)
[17/294]	0.755 (1.776)	55.00 (30.28)
[18/294]	0.784 (1.724)	55.00 (31.58)
[19/294]	0.793 (1.677)	50.00 (32.50)
[20/294]	1.084 (1.649)	25.00 (32.14)
[21/294]	0.785 (1.610)	55.00 (33.18)
[22/294]	0.952 (1.581)	45.00 (33.70)
[23/294]	0.902 (1.553)	50.00 (34.38)
[24/294]	0.820 (1.524)	55.00 (35.20)
[25/294]	0.948 (1.502)	50.00 (35.77)
[26/294]	0.835 (1.477)	50.00 (36.30)
[27/294]	0.576 (1.445)	75.00 (37.68)
[28/294]	0.663 (1.418)	65.00 (38.62)
[29/294]	0.402 (1.384)	85.00 (40.17)
[30/294]	0.810 (1.365)	65.00 (40.97)
[31/294]	0.722 (1.345)	60.00 (41.56)
[32/294]	0.711 (1.326)	55.00 (41.97)
[33/294]	0.365 (1.298)	85.00 (43.24)
[34/294]	0.392 (1.272)	95.00 (44.71)
[35/294]	0.592 (1.253)	75.00 (45.56)
[36/294]	0.597 (1.235)	85.00 (46.62)
[37/294]	0.579 (1.218)	90.00 (47.76)
[38/294]	0.582 (1.202)	80.00 (48.59)
[39/294]	0.700 (1.189)	60.00 (48.88)
[40/294]	0.804 (1.180)	55.00 (49.02)
[41/294]	0.895 (1.173)	60.00 (49.29)
[42/294]	0.920 (1.167)	50.00 (49.30)
[43/294]	0.587 (1.154)	80.00 (50.00)
[44/294]	0.794 (1.146)	50.00 (50.00)
[45/294]	0.734 (1.137)	60.00 (50.22)
[46/294]	0.675 (1.127)	70.00 (50.64)
[47/294]	0.735 (1.119)	60.00 (50.83)
[48/294]	0.892 (1.114)	50.00 (50.82)
[49/294]	0.669 (1.105)	70.00 (51.20)
[50/294]	0.510 (1.094)	80.00 (51.76)
[51/294]	0.612 (1.084)	70.00 (52.12)
[52/294]	0.985 (1.083)	35.00 (51.79)
[53/294]	0.993 (1.081)	40.00 (51.57)
[54/294]	0.823 (1.076)	55.00 (51.64)
[55/294]	0.714 (1.070)	65.00 (51.88)
[56/294]	0.750 (1.064)	60.00 (52.02)
[57/294]	0.875 (1.061)	60.00 (52.16)
[58/294]	0.728 (1.055)	65.00 (52.37)
[59/294]	0.547 (1.047)	80.00 (52.83)
[60/294]	0.475 (1.037)	80.00 (53.28)
[61/294]	0.591 (1.030)	65.00 (53.47)
[62/294]	0.596 (1.023)	65.00 (53.65)
[63/294]	0.561 (1.016)	65.00 (53.83)
[64/294]	0.682 (1.011)	65.00 (54.00)
[65/294]	0.427 (1.002)	90.00 (54.55)
[66/294]	0.564 (0.996)	70.00 (54.78)
[67/294]	0.869 (0.994)	50.00 (54.71)
[68/294]	0.385 (0.985)	100.00 (55.36)
[69/294]	0.719 (0.981)	60.00 (55.43)
[70/294]	0.902 (0.980)	35.00 (55.14)
[71/294]	0.737 (0.977)	50.00 (55.07)
[72/294]	0.771 (0.974)	60.00 (55.14)
[73/294]	0.524 (0.968)	75.00 (55.41)
[74/294]	0.327 (0.959)	95.00 (55.93)
[75/294]	0.302 (0.950)	95.00 (56.45)
[76/294]	0.475 (0.944)	85.00 (56.82)
[77/294]	0.384 (0.937)	95.00 (57.31)
[78/294]	0.428 (0.931)	90.00 (57.72)
[79/294]	0.627 (0.927)	65.00 (57.81)
[80/294]	0.537 (0.922)	70.00 (57.96)
[81/294]	0.425 (0.916)	85.00 (58.29)
[82/294]	0.351 (0.909)	95.00 (58.73)
[83/294]	0.576 (0.905)	70.00 (58.87)
[84/294]	0.578 (0.901)	75.00 (59.06)
[85/294]	0.422 (0.896)	80.00 (59.30)
[86/294]	0.519 (0.891)	85.00 (59.60)
[87/294]	0.476 (0.887)	85.00 (59.89)
[88/294]	0.372 (0.881)	90.00 (60.22)
[89/294]	0.892 (0.881)	40.00 (60.00)
[90/294]	0.907 (0.881)	55.00 (59.95)
[91/294]	0.697 (0.879)	60.00 (59.95)
[92/294]	0.737 (0.878)	55.00 (59.89)
[93/294]	0.581 (0.875)	60.00 (59.89)
[94/294]	0.565 (0.871)	75.00 (60.05)
[95/294]	0.684 (0.870)	50.00 (59.95)
[96/294]	0.439 (0.865)	90.00 (60.26)
[97/294]	0.505 (0.861)	90.00 (60.56)
[98/294]	0.793 (0.861)	60.00 (60.56)
[99/294]	0.778 (0.860)	65.00 (60.60)
[100/294]	0.336 (0.855)	90.00 (60.89)
[101/294]	0.435 (0.851)	85.00 (61.13)
[102/294]	0.608 (0.848)	70.00 (61.21)
[103/294]	0.179 (0.842)	100.00 (61.59)
[104/294]	0.368 (0.837)	80.00 (61.76)
[105/294]	0.648 (0.835)	60.00 (61.75)
[106/294]	0.859 (0.836)	50.00 (61.64)
[107/294]	0.490 (0.833)	85.00 (61.85)
[108/294]	0.381 (0.828)	100.00 (62.20)
[109/294]	0.333 (0.824)	95.00 (62.50)
[110/294]	0.719 (0.823)	60.00 (62.48)
[111/294]	0.555 (0.821)	70.00 (62.54)
[112/294]	0.674 (0.819)	65.00 (62.57)
[113/294]	0.577 (0.817)	75.00 (62.68)
[114/294]	0.237 (0.812)	95.00 (62.96)
[115/294]	0.337 (0.808)	90.00 (63.19)
[116/294]	0.308 (0.804)	95.00 (63.46)
[117/294]	0.375 (0.800)	85.00 (63.64)
[118/294]	0.723 (0.799)	55.00 (63.57)
[119/294]	0.574 (0.798)	65.00 (63.58)
[120/294]	0.366 (0.794)	90.00 (63.80)
[121/294]	0.462 (0.791)	80.00 (63.93)
[122/294]	0.441 (0.788)	70.00 (63.98)
[123/294]	0.519 (0.786)	75.00 (64.07)
[124/294]	0.670 (0.785)	65.00 (64.08)
[125/294]	0.397 (0.782)	85.00 (64.25)
[126/294]	0.403 (0.779)	85.00 (64.41)
[127/294]	0.280 (0.775)	100.00 (64.69)
[128/294]	0.714 (0.775)	60.00 (64.65)
[129/294]	0.504 (0.773)	85.00 (64.81)
[130/294]	0.409 (0.770)	85.00 (64.96)
[131/294]	0.256 (0.766)	95.00 (65.19)
[132/294]	0.502 (0.764)	75.00 (65.26)
[133/294]	0.357 (0.761)	90.00 (65.45)
[134/294]	0.326 (0.758)	90.00 (65.63)
[135/294]	0.106 (0.753)	100.00 (65.88)
[136/294]	0.119 (0.748)	100.00 (66.13)
[137/294]	0.254 (0.745)	95.00 (66.34)
[138/294]	0.956 (0.746)	60.00 (66.29)
[139/294]	0.878 (0.747)	65.00 (66.29)
[140/294]	0.943 (0.749)	50.00 (66.17)
[141/294]	0.246 (0.745)	95.00 (66.37)
[142/294]	0.296 (0.742)	90.00 (66.54)
[143/294]	0.678 (0.742)	75.00 (66.60)
[144/294]	0.765 (0.742)	65.00 (66.59)
[145/294]	0.412 (0.739)	80.00 (66.68)
[146/294]	0.708 (0.739)	60.00 (66.63)
[147/294]	0.761 (0.739)	60.00 (66.59)
[148/294]	0.573 (0.738)	65.00 (66.58)
[149/294]	0.306 (0.735)	85.00 (66.70)
[150/294]	0.386 (0.733)	90.00 (66.85)
[151/294]	0.372 (0.731)	90.00 (67.01)
[152/294]	0.266 (0.728)	95.00 (67.19)
[153/294]	0.297 (0.725)	90.00 (67.34)
[154/294]	0.335 (0.722)	85.00 (67.45)
[155/294]	0.256 (0.719)	95.00 (67.63)
[156/294]	0.144 (0.716)	100.00 (67.83)
[157/294]	0.273 (0.713)	95.00 (68.01)
[158/294]	0.514 (0.712)	75.00 (68.05)
[159/294]	0.634 (0.711)	60.00 (68.00)
[160/294]	0.548 (0.710)	75.00 (68.04)
[161/294]	0.731 (0.710)	65.00 (68.02)
[162/294]	0.462 (0.709)	75.00 (68.07)
[163/294]	0.475 (0.707)	70.00 (68.08)
[164/294]	0.577 (0.707)	65.00 (68.06)
[165/294]	0.685 (0.706)	60.00 (68.01)
[166/294]	0.653 (0.706)	70.00 (68.02)
[167/294]	0.448 (0.705)	80.00 (68.10)
[168/294]	0.446 (0.703)	70.00 (68.11)
[169/294]	0.540 (0.702)	70.00 (68.12)
[170/294]	0.713 (0.702)	60.00 (68.07)
[171/294]	0.353 (0.700)	85.00 (68.17)
[172/294]	0.213 (0.697)	95.00 (68.32)
[173/294]	0.246 (0.695)	90.00 (68.45)
[174/294]	0.570 (0.694)	70.00 (68.46)
[175/294]	0.464 (0.693)	75.00 (68.49)
[176/294]	0.857 (0.694)	45.00 (68.36)
[177/294]	0.294 (0.691)	95.00 (68.51)
[178/294]	0.268 (0.689)	90.00 (68.63)
[179/294]	0.352 (0.687)	75.00 (68.67)
[180/294]	0.581 (0.687)	65.00 (68.65)
[181/294]	0.428 (0.685)	85.00 (68.74)
[182/294]	0.306 (0.683)	90.00 (68.85)
[183/294]	0.218 (0.681)	95.00 (68.99)
[184/294]	1.279 (0.684)	55.00 (68.92)
[185/294]	1.025 (0.686)	75.00 (68.95)
[186/294]	0.200 (0.683)	95.00 (69.09)
[187/294]	0.258 (0.681)	100.00 (69.26)
[188/294]	0.572 (0.680)	75.00 (69.29)
[189/294]	0.486 (0.679)	75.00 (69.32)
[190/294]	0.283 (0.677)	85.00 (69.40)
[191/294]	0.269 (0.675)	95.00 (69.53)
[192/294]	0.181 (0.672)	95.00 (69.66)
[193/294]	0.288 (0.670)	90.00 (69.77)
[194/294]	0.445 (0.669)	60.00 (69.72)
[195/294]	0.815 (0.670)	50.00 (69.62)
[196/294]	0.758 (0.670)	55.00 (69.54)
[197/294]	0.293 (0.669)	85.00 (69.62)
[198/294]	0.615 (0.668)	75.00 (69.65)
[199/294]	0.591 (0.668)	75.00 (69.67)
[200/294]	0.566 (0.667)	75.00 (69.70)
[201/294]	0.818 (0.668)	35.00 (69.53)
[202/294]	0.431 (0.667)	80.00 (69.58)
[203/294]	0.391 (0.666)	80.00 (69.63)
[204/294]	0.171 (0.663)	100.00 (69.78)
[205/294]	0.373 (0.662)	95.00 (69.90)
[206/294]	0.305 (0.660)	95.00 (70.02)
[207/294]	0.381 (0.659)	85.00 (70.10)
[208/294]	0.329 (0.657)	80.00 (70.14)
[209/294]	0.524 (0.656)	85.00 (70.21)
[210/294]	0.378 (0.655)	80.00 (70.26)
[211/294]	0.331 (0.654)	85.00 (70.33)
[212/294]	0.400 (0.652)	75.00 (70.35)
[213/294]	0.263 (0.651)	90.00 (70.44)
[214/294]	0.191 (0.648)	95.00 (70.56)
[215/294]	0.334 (0.647)	90.00 (70.65)
[216/294]	0.422 (0.646)	75.00 (70.67)
[217/294]	0.511 (0.645)	75.00 (70.69)
[218/294]	0.122 (0.643)	100.00 (70.82)
[219/294]	0.297 (0.641)	90.00 (70.91)
[220/294]	0.403 (0.640)	85.00 (70.97)
[221/294]	0.381 (0.639)	85.00 (71.04)
[222/294]	0.167 (0.637)	100.00 (71.17)
[223/294]	0.743 (0.638)	65.00 (71.14)
[224/294]	0.538 (0.637)	65.00 (71.11)
[225/294]	0.124 (0.635)	100.00 (71.24)
[226/294]	0.282 (0.633)	90.00 (71.32)
[227/294]	0.393 (0.632)	90.00 (71.40)
[228/294]	0.323 (0.631)	90.00 (71.48)
[229/294]	0.242 (0.629)	90.00 (71.57)
[230/294]	0.621 (0.629)	75.00 (71.58)
[231/294]	1.134 (0.631)	55.00 (71.51)
[232/294]	0.481 (0.631)	85.00 (71.57)
[233/294]	0.144 (0.629)	100.00 (71.69)
[234/294]	0.432 (0.628)	75.00 (71.70)
[235/294]	0.588 (0.628)	80.00 (71.74)
[236/294]	0.357 (0.626)	85.00 (71.79)
[237/294]	0.563 (0.626)	70.00 (71.79)
[238/294]	0.722 (0.627)	60.00 (71.74)
[239/294]	0.495 (0.626)	80.00 (71.77)
[240/294]	0.296 (0.625)	95.00 (71.87)
[241/294]	0.210 (0.623)	95.00 (71.96)
[242/294]	0.198 (0.621)	95.00 (72.06)
[243/294]	0.258 (0.620)	90.00 (72.13)
[244/294]	0.265 (0.618)	95.00 (72.22)
[245/294]	0.229 (0.617)	90.00 (72.30)
[246/294]	0.056 (0.614)	100.00 (72.41)
[247/294]	0.290 (0.613)	95.00 (72.50)
[248/294]	0.457 (0.612)	80.00 (72.53)
[249/294]	0.838 (0.613)	65.00 (72.50)
[250/294]	0.181 (0.612)	95.00 (72.59)
[251/294]	0.225 (0.610)	95.00 (72.68)
[252/294]	0.295 (0.609)	90.00 (72.75)
[253/294]	0.103 (0.607)	100.00 (72.85)
[254/294]	0.388 (0.606)	80.00 (72.88)
[255/294]	0.346 (0.605)	85.00 (72.93)
[256/294]	0.211 (0.603)	100.00 (73.04)
[257/294]	0.680 (0.604)	65.00 (73.00)
[258/294]	0.246 (0.602)	85.00 (73.05)
[259/294]	0.173 (0.601)	100.00 (73.15)
[260/294]	0.316 (0.600)	95.00 (73.24)
[261/294]	0.589 (0.600)	55.00 (73.17)
[262/294]	0.363 (0.599)	85.00 (73.21)
[263/294]	0.206 (0.597)	95.00 (73.30)
[264/294]	0.140 (0.595)	100.00 (73.40)
[265/294]	0.264 (0.594)	95.00 (73.48)
[266/294]	0.525 (0.594)	85.00 (73.52)
[267/294]	0.612 (0.594)	70.00 (73.51)
[268/294]	0.454 (0.594)	70.00 (73.49)
[269/294]	0.143 (0.592)	95.00 (73.57)
[270/294]	0.063 (0.590)	100.00 (73.67)
[271/294]	0.250 (0.589)	100.00 (73.77)
[272/294]	0.342 (0.588)	85.00 (73.81)
[273/294]	0.216 (0.586)	95.00 (73.89)
[274/294]	0.201 (0.585)	95.00 (73.96)
[275/294]	0.677 (0.585)	70.00 (73.95)
[276/294]	0.855 (0.586)	65.00 (73.92)
[277/294]	0.288 (0.585)	95.00 (73.99)
[278/294]	0.070 (0.583)	100.00 (74.09)
[279/294]	0.059 (0.581)	100.00 (74.18)
[280/294]	0.124 (0.580)	95.00 (74.25)
[281/294]	0.311 (0.579)	90.00 (74.31)
[282/294]	0.134 (0.577)	100.00 (74.40)
[283/294]	0.287 (0.576)	90.00 (74.45)
[284/294]	0.221 (0.575)	95.00 (74.53)
[285/294]	0.421 (0.575)	85.00 (74.56)
[286/294]	0.181 (0.573)	100.00 (74.65)
[287/294]	0.369 (0.572)	85.00 (74.69)
[288/294]	0.484 (0.572)	65.00 (74.65)
[289/294]	0.241 (0.571)	95.00 (74.72)
[290/294]	0.310 (0.570)	90.00 (74.78)
[291/294]	0.263 (0.569)	90.00 (74.83)
[292/294]	0.218 (0.568)	90.00 (74.88)
[293/294]	0.099 (0.567)	100.00 (74.91)
 * Train Acc: 74.906
 * Avg. Data time: 0.004, Avg. Batch time: 0.044, Avg. Forward time: 0.004, Avg. Backward time: 0.028
Computing MAS
 * Val Acc: 41.248, Time: 2.52
 * Test Acc: 44.928, Time: 3.61
=============Training Task 2=============
Active output nodes for this task: 
[0, 1, 2, 3, 4, 5]
=============Training Epoch 0=============
#reg terms:  1
Batch	 Loss		 Acc
[0/294]	5.547 (5.547)	0.00 (0.00)
[1/294]	4.792 (5.170)	0.00 (0.00)
[2/294]	4.989 (5.109)	0.00 (0.00)
[3/294]	5.143 (5.118)	0.00 (0.00)
[4/294]	3.893 (4.873)	0.00 (0.00)
[5/294]	4.434 (4.800)	0.00 (0.00)
[6/294]	3.986 (4.683)	0.00 (0.00)
[7/294]	2.005 (4.349)	5.00 (0.62)
[8/294]	1.821 (4.068)	15.00 (2.22)
[9/294]	1.537 (3.815)	40.00 (6.00)
[10/294]	1.390 (3.594)	50.00 (10.00)
[11/294]	1.362 (3.408)	50.00 (13.33)
[12/294]	1.017 (3.224)	70.00 (17.69)
[13/294]	0.591 (3.036)	90.00 (22.86)
[14/294]	0.887 (2.893)	65.00 (25.67)
[15/294]	0.738 (2.758)	75.00 (28.75)
[16/294]	0.638 (2.634)	80.00 (31.76)
[17/294]	0.648 (2.523)	90.00 (35.00)
[18/294]	0.618 (2.423)	75.00 (37.11)
[19/294]	0.681 (2.336)	75.00 (39.00)
[20/294]	0.943 (2.269)	50.00 (39.52)
[21/294]	0.527 (2.190)	90.00 (41.82)
[22/294]	0.513 (2.117)	90.00 (43.91)
[23/294]	0.407 (2.046)	95.00 (46.04)
[24/294]	0.713 (1.993)	70.00 (47.00)
[25/294]	0.649 (1.941)	75.00 (48.08)
[26/294]	0.752 (1.897)	75.00 (49.07)
[27/294]	0.593 (1.850)	80.00 (50.18)
[28/294]	0.820 (1.815)	60.00 (50.52)
[29/294]	0.733 (1.779)	70.00 (51.17)
[30/294]	0.708 (1.744)	80.00 (52.10)
[31/294]	0.432 (1.703)	95.00 (53.44)
[32/294]	0.559 (1.669)	80.00 (54.24)
[33/294]	0.733 (1.641)	70.00 (54.71)
[34/294]	0.843 (1.618)	55.00 (54.71)
[35/294]	0.619 (1.591)	80.00 (55.42)
[36/294]	0.409 (1.559)	95.00 (56.49)
[37/294]	0.373 (1.527)	95.00 (57.50)
[38/294]	0.603 (1.504)	75.00 (57.95)
[39/294]	0.627 (1.482)	80.00 (58.50)
[40/294]	0.553 (1.459)	80.00 (59.02)
[41/294]	0.860 (1.445)	70.00 (59.29)
[42/294]	0.668 (1.427)	85.00 (59.88)
[43/294]	0.536 (1.407)	90.00 (60.57)
[44/294]	0.398 (1.384)	100.00 (61.44)
[45/294]	0.449 (1.364)	100.00 (62.28)
[46/294]	0.357 (1.342)	100.00 (63.09)
[47/294]	0.388 (1.323)	100.00 (63.85)
[48/294]	0.448 (1.305)	90.00 (64.39)
[49/294]	0.406 (1.287)	95.00 (65.00)
[50/294]	0.510 (1.272)	100.00 (65.69)
[51/294]	0.582 (1.258)	80.00 (65.96)
[52/294]	0.425 (1.243)	95.00 (66.51)
[53/294]	0.745 (1.233)	65.00 (66.48)
[54/294]	0.623 (1.222)	75.00 (66.64)
[55/294]	0.356 (1.207)	90.00 (67.05)
[56/294]	0.300 (1.191)	95.00 (67.54)
[57/294]	0.381 (1.177)	90.00 (67.93)
[58/294]	0.349 (1.163)	95.00 (68.39)
[59/294]	0.281 (1.148)	100.00 (68.92)
[60/294]	0.354 (1.135)	90.00 (69.26)
[61/294]	0.275 (1.121)	100.00 (69.76)
[62/294]	0.315 (1.108)	90.00 (70.08)
[63/294]	0.221 (1.095)	95.00 (70.47)
[64/294]	0.404 (1.084)	80.00 (70.62)
[65/294]	0.350 (1.073)	100.00 (71.06)
[66/294]	0.292 (1.061)	100.00 (71.49)
[67/294]	0.386 (1.051)	90.00 (71.76)
[68/294]	0.427 (1.042)	90.00 (72.03)
[69/294]	0.362 (1.032)	90.00 (72.29)
[70/294]	0.524 (1.025)	95.00 (72.61)
[71/294]	0.604 (1.019)	65.00 (72.50)
[72/294]	0.606 (1.014)	60.00 (72.33)
[73/294]	0.236 (1.003)	100.00 (72.70)
[74/294]	0.336 (0.994)	100.00 (73.07)
[75/294]	0.262 (0.985)	100.00 (73.42)
[76/294]	0.413 (0.977)	100.00 (73.77)
[77/294]	0.441 (0.970)	85.00 (73.91)
[78/294]	0.414 (0.963)	85.00 (74.05)
[79/294]	0.407 (0.956)	85.00 (74.19)
[80/294]	0.380 (0.949)	100.00 (74.51)
[81/294]	0.325 (0.942)	95.00 (74.76)
[82/294]	0.297 (0.934)	90.00 (74.94)
[83/294]	0.117 (0.924)	100.00 (75.24)
[84/294]	0.247 (0.916)	85.00 (75.35)
[85/294]	0.370 (0.910)	90.00 (75.52)
[86/294]	0.303 (0.903)	95.00 (75.75)
[87/294]	0.140 (0.894)	100.00 (76.02)
[88/294]	0.383 (0.889)	90.00 (76.18)
[89/294]	0.380 (0.883)	90.00 (76.33)
[90/294]	0.325 (0.877)	100.00 (76.59)
[91/294]	0.422 (0.872)	90.00 (76.74)
[92/294]	0.218 (0.865)	100.00 (76.99)
[93/294]	0.224 (0.858)	100.00 (77.23)
[94/294]	0.247 (0.852)	100.00 (77.47)
[95/294]	0.223 (0.845)	95.00 (77.66)
[96/294]	0.141 (0.838)	100.00 (77.89)
[97/294]	0.378 (0.833)	85.00 (77.96)
[98/294]	0.167 (0.826)	100.00 (78.18)
[99/294]	0.198 (0.820)	100.00 (78.40)
[100/294]	0.183 (0.814)	100.00 (78.61)
[101/294]	0.239 (0.808)	100.00 (78.82)
[102/294]	0.289 (0.803)	95.00 (78.98)
[103/294]	0.160 (0.797)	100.00 (79.18)
[104/294]	0.169 (0.791)	100.00 (79.38)
[105/294]	0.160 (0.785)	100.00 (79.58)
[106/294]	0.374 (0.781)	85.00 (79.63)
[107/294]	0.418 (0.778)	100.00 (79.81)
[108/294]	0.141 (0.772)	100.00 (80.00)
[109/294]	0.212 (0.767)	100.00 (80.18)
[110/294]	0.217 (0.762)	100.00 (80.36)
[111/294]	0.351 (0.758)	95.00 (80.49)
[112/294]	0.435 (0.755)	90.00 (80.58)
[113/294]	0.215 (0.751)	100.00 (80.75)
[114/294]	0.201 (0.746)	95.00 (80.87)
[115/294]	0.311 (0.742)	90.00 (80.95)
[116/294]	0.093 (0.737)	100.00 (81.11)
[117/294]	0.120 (0.731)	95.00 (81.23)
[118/294]	0.109 (0.726)	100.00 (81.39)
[119/294]	0.202 (0.722)	100.00 (81.54)
[120/294]	0.232 (0.718)	100.00 (81.69)
[121/294]	0.207 (0.713)	100.00 (81.84)
[122/294]	0.241 (0.710)	100.00 (81.99)
[123/294]	0.159 (0.705)	100.00 (82.14)
[124/294]	0.151 (0.701)	100.00 (82.28)
[125/294]	0.210 (0.697)	95.00 (82.38)
[126/294]	0.101 (0.692)	100.00 (82.52)
[127/294]	0.130 (0.688)	100.00 (82.66)
[128/294]	0.145 (0.684)	100.00 (82.79)
[129/294]	0.104 (0.679)	100.00 (82.92)
[130/294]	0.286 (0.676)	85.00 (82.94)
[131/294]	0.206 (0.673)	95.00 (83.03)
[132/294]	0.236 (0.669)	100.00 (83.16)
[133/294]	0.148 (0.665)	100.00 (83.28)
[134/294]	0.189 (0.662)	95.00 (83.37)
[135/294]	0.238 (0.659)	90.00 (83.42)
[136/294]	0.236 (0.656)	95.00 (83.50)
[137/294]	0.148 (0.652)	100.00 (83.62)
[138/294]	0.186 (0.649)	95.00 (83.71)
[139/294]	0.196 (0.645)	100.00 (83.82)
[140/294]	0.228 (0.642)	95.00 (83.90)
[141/294]	0.142 (0.639)	100.00 (84.01)
[142/294]	0.173 (0.636)	100.00 (84.13)
[143/294]	0.268 (0.633)	90.00 (84.17)
[144/294]	0.269 (0.631)	95.00 (84.24)
[145/294]	0.200 (0.628)	95.00 (84.32)
[146/294]	0.173 (0.625)	95.00 (84.39)
[147/294]	0.114 (0.621)	100.00 (84.49)
[148/294]	0.142 (0.618)	100.00 (84.60)
[149/294]	0.218 (0.615)	90.00 (84.63)
[150/294]	0.146 (0.612)	100.00 (84.74)
[151/294]	0.099 (0.609)	100.00 (84.84)
[152/294]	0.121 (0.606)	100.00 (84.93)
[153/294]	0.138 (0.602)	100.00 (85.03)
[154/294]	0.169 (0.600)	95.00 (85.10)
[155/294]	0.161 (0.597)	100.00 (85.19)
[156/294]	0.099 (0.594)	100.00 (85.29)
[157/294]	0.055 (0.590)	100.00 (85.38)
[158/294]	0.202 (0.588)	95.00 (85.44)
[159/294]	0.150 (0.585)	90.00 (85.47)
[160/294]	0.070 (0.582)	100.00 (85.56)
[161/294]	0.093 (0.579)	100.00 (85.65)
[162/294]	0.135 (0.576)	100.00 (85.74)
[163/294]	0.170 (0.574)	95.00 (85.79)
[164/294]	0.096 (0.571)	100.00 (85.88)
[165/294]	0.297 (0.569)	90.00 (85.90)
[166/294]	0.204 (0.567)	100.00 (85.99)
[167/294]	0.105 (0.564)	100.00 (86.07)
[168/294]	0.135 (0.562)	100.00 (86.15)
[169/294]	0.201 (0.560)	90.00 (86.18)
[170/294]	0.082 (0.557)	100.00 (86.26)
[171/294]	0.101 (0.554)	100.00 (86.34)
[172/294]	0.088 (0.551)	100.00 (86.42)
[173/294]	0.091 (0.549)	100.00 (86.49)
[174/294]	0.096 (0.546)	95.00 (86.54)
[175/294]	0.104 (0.544)	100.00 (86.62)
[176/294]	0.122 (0.541)	100.00 (86.69)
[177/294]	0.222 (0.540)	95.00 (86.74)
[178/294]	0.140 (0.537)	100.00 (86.82)
[179/294]	0.187 (0.535)	100.00 (86.89)
[180/294]	0.434 (0.535)	75.00 (86.82)
[181/294]	0.417 (0.534)	80.00 (86.79)
[182/294]	0.198 (0.532)	90.00 (86.80)
[183/294]	0.090 (0.530)	100.00 (86.88)
[184/294]	0.124 (0.528)	100.00 (86.95)
[185/294]	0.039 (0.525)	100.00 (87.02)
[186/294]	0.115 (0.523)	100.00 (87.09)
[187/294]	0.201 (0.521)	90.00 (87.10)
[188/294]	0.086 (0.519)	100.00 (87.17)
[189/294]	0.090 (0.517)	100.00 (87.24)
[190/294]	0.083 (0.514)	100.00 (87.30)
[191/294]	0.104 (0.512)	100.00 (87.37)
[192/294]	0.034 (0.510)	100.00 (87.44)
[193/294]	0.078 (0.507)	100.00 (87.50)
[194/294]	0.087 (0.505)	100.00 (87.56)
[195/294]	0.174 (0.504)	100.00 (87.63)
[196/294]	0.259 (0.502)	85.00 (87.61)
[197/294]	0.191 (0.501)	90.00 (87.63)
[198/294]	0.051 (0.499)	100.00 (87.69)
[199/294]	0.067 (0.496)	100.00 (87.75)
[200/294]	0.117 (0.495)	100.00 (87.81)
[201/294]	0.167 (0.493)	100.00 (87.87)
[202/294]	0.141 (0.491)	100.00 (87.93)
[203/294]	0.039 (0.489)	100.00 (87.99)
[204/294]	0.311 (0.488)	85.00 (87.98)
[205/294]	0.161 (0.486)	100.00 (88.03)
[206/294]	0.186 (0.485)	95.00 (88.07)
[207/294]	0.116 (0.483)	95.00 (88.10)
[208/294]	0.042 (0.481)	100.00 (88.16)
[209/294]	0.044 (0.479)	100.00 (88.21)
[210/294]	0.091 (0.477)	100.00 (88.27)
[211/294]	0.182 (0.476)	95.00 (88.30)
[212/294]	0.129 (0.474)	95.00 (88.33)
[213/294]	0.180 (0.473)	100.00 (88.39)
[214/294]	0.397 (0.472)	80.00 (88.35)
[215/294]	0.306 (0.472)	80.00 (88.31)
[216/294]	0.082 (0.470)	100.00 (88.36)
[217/294]	0.107 (0.468)	95.00 (88.39)
[218/294]	0.131 (0.467)	100.00 (88.45)
[219/294]	0.150 (0.465)	95.00 (88.48)
[220/294]	0.078 (0.464)	100.00 (88.53)
[221/294]	0.086 (0.462)	100.00 (88.58)
[222/294]	0.105 (0.460)	100.00 (88.63)
[223/294]	0.125 (0.459)	95.00 (88.66)
[224/294]	0.095 (0.457)	100.00 (88.71)
[225/294]	0.268 (0.456)	90.00 (88.72)
[226/294]	0.457 (0.456)	80.00 (88.68)
[227/294]	0.041 (0.454)	100.00 (88.73)
[228/294]	0.066 (0.453)	100.00 (88.78)
[229/294]	0.083 (0.451)	100.00 (88.83)
[230/294]	0.088 (0.450)	100.00 (88.87)
[231/294]	0.081 (0.448)	100.00 (88.92)
[232/294]	0.056 (0.446)	100.00 (88.97)
[233/294]	0.049 (0.445)	100.00 (89.02)
[234/294]	0.419 (0.444)	85.00 (89.00)
[235/294]	0.129 (0.443)	100.00 (89.05)
[236/294]	0.085 (0.442)	100.00 (89.09)
[237/294]	0.268 (0.441)	85.00 (89.08)
[238/294]	0.320 (0.440)	85.00 (89.06)
[239/294]	0.253 (0.440)	95.00 (89.08)
[240/294]	0.226 (0.439)	95.00 (89.11)
[241/294]	0.121 (0.437)	100.00 (89.15)
[242/294]	0.144 (0.436)	95.00 (89.18)
[243/294]	0.235 (0.435)	90.00 (89.18)
[244/294]	0.195 (0.434)	100.00 (89.22)
[245/294]	0.087 (0.433)	100.00 (89.27)
[246/294]	0.066 (0.432)	100.00 (89.31)
[247/294]	0.035 (0.430)	100.00 (89.35)
[248/294]	0.047 (0.428)	100.00 (89.40)
[249/294]	0.044 (0.427)	100.00 (89.44)
[250/294]	0.057 (0.425)	100.00 (89.48)
[251/294]	0.076 (0.424)	100.00 (89.52)
[252/294]	0.021 (0.422)	100.00 (89.57)
[253/294]	0.030 (0.421)	100.00 (89.61)
[254/294]	0.095 (0.420)	100.00 (89.65)
[255/294]	0.159 (0.419)	100.00 (89.69)
[256/294]	0.140 (0.417)	95.00 (89.71)
[257/294]	0.128 (0.416)	95.00 (89.73)
[258/294]	0.106 (0.415)	95.00 (89.75)
[259/294]	0.342 (0.415)	90.00 (89.75)
[260/294]	0.357 (0.415)	90.00 (89.75)
[261/294]	0.349 (0.414)	85.00 (89.73)
[262/294]	0.122 (0.413)	95.00 (89.75)
[263/294]	0.045 (0.412)	100.00 (89.79)
[264/294]	0.077 (0.411)	100.00 (89.83)
[265/294]	0.071 (0.409)	100.00 (89.87)
[266/294]	0.049 (0.408)	100.00 (89.91)
[267/294]	0.036 (0.407)	100.00 (89.94)
[268/294]	0.139 (0.406)	95.00 (89.96)
[269/294]	0.157 (0.405)	100.00 (90.00)
[270/294]	0.087 (0.404)	100.00 (90.04)
[271/294]	0.156 (0.403)	95.00 (90.06)
[272/294]	0.243 (0.402)	95.00 (90.07)
[273/294]	0.051 (0.401)	100.00 (90.11)
[274/294]	0.065 (0.400)	100.00 (90.15)
[275/294]	0.070 (0.398)	100.00 (90.18)
[276/294]	0.085 (0.397)	100.00 (90.22)
[277/294]	0.241 (0.397)	90.00 (90.22)
[278/294]	0.160 (0.396)	95.00 (90.23)
[279/294]	0.033 (0.394)	100.00 (90.27)
[280/294]	0.065 (0.393)	100.00 (90.30)
[281/294]	0.224 (0.393)	90.00 (90.30)
[282/294]	0.194 (0.392)	85.00 (90.28)
[283/294]	0.165 (0.391)	100.00 (90.32)
[284/294]	0.121 (0.390)	95.00 (90.33)
[285/294]	0.158 (0.389)	95.00 (90.35)
[286/294]	0.299 (0.389)	100.00 (90.38)
[287/294]	0.055 (0.388)	100.00 (90.42)
[288/294]	0.089 (0.387)	100.00 (90.45)
[289/294]	0.131 (0.386)	95.00 (90.47)
[290/294]	0.051 (0.385)	100.00 (90.50)
[291/294]	0.303 (0.385)	90.00 (90.50)
[292/294]	0.073 (0.384)	100.00 (90.53)
[293/294]	0.084 (0.383)	100.00 (90.56)
 * Train Acc: 90.561
 * Avg. Data time: 0.022, Avg. Batch time: 0.061, Avg. Forward time: 0.004, Avg. Backward time: 0.027
Computing MAS
 * Val Acc: 29.781, Time: 2.88
 * Test Acc: 31.925, Time: 7.52
=============Training Task 3=============
Active output nodes for this task: 
[0, 1, 2, 3, 4, 5, 6, 7]
=============Training Epoch 0=============
#reg terms:  1
Batch	 Loss		 Acc
[0/294]	7.835 (7.835)	0.00 (0.00)
[1/294]	9.926 (8.881)	0.00 (0.00)
[2/294]	10.632 (9.465)	0.00 (0.00)
[3/294]	9.140 (9.384)	0.00 (0.00)
[4/294]	7.990 (9.105)	0.00 (0.00)
[5/294]	6.650 (8.696)	0.00 (0.00)
[6/294]	5.623 (8.257)	0.00 (0.00)
[7/294]	6.724 (8.065)	0.00 (0.00)
[8/294]	5.629 (7.794)	0.00 (0.00)
[9/294]	4.306 (7.446)	0.00 (0.00)
[10/294]	4.863 (7.211)	0.00 (0.00)
[11/294]	3.373 (6.891)	0.00 (0.00)
[12/294]	3.125 (6.601)	0.00 (0.00)
[13/294]	2.867 (6.335)	5.00 (0.36)
[14/294]	2.406 (6.073)	20.00 (1.67)
[15/294]	1.901 (5.812)	50.00 (4.69)
[16/294]	1.839 (5.578)	40.00 (6.76)
[17/294]	1.648 (5.360)	45.00 (8.89)
[18/294]	1.957 (5.181)	50.00 (11.05)
[19/294]	1.746 (5.009)	50.00 (13.00)
[20/294]	1.452 (4.840)	55.00 (15.00)
[21/294]	1.544 (4.690)	50.00 (16.59)
[22/294]	1.310 (4.543)	60.00 (18.48)
[23/294]	1.165 (4.402)	60.00 (20.21)
[24/294]	1.314 (4.279)	50.00 (21.40)
[25/294]	1.404 (4.168)	50.00 (22.50)
[26/294]	1.558 (4.071)	45.00 (23.33)
[27/294]	1.704 (3.987)	30.00 (23.57)
[28/294]	1.213 (3.891)	55.00 (24.66)
[29/294]	1.091 (3.798)	50.00 (25.50)
[30/294]	0.891 (3.704)	60.00 (26.61)
[31/294]	1.059 (3.621)	50.00 (27.34)
[32/294]	0.892 (3.539)	90.00 (29.24)
[33/294]	0.864 (3.460)	85.00 (30.88)
[34/294]	0.978 (3.389)	65.00 (31.86)
[35/294]	0.704 (3.315)	95.00 (33.61)
[36/294]	0.533 (3.239)	100.00 (35.41)
[37/294]	0.826 (3.176)	70.00 (36.32)
[38/294]	1.276 (3.127)	40.00 (36.41)
[39/294]	1.037 (3.075)	60.00 (37.00)
[40/294]	0.862 (3.021)	85.00 (38.17)
[41/294]	0.955 (2.972)	60.00 (38.69)
[42/294]	0.945 (2.925)	60.00 (39.19)
[43/294]	0.801 (2.876)	75.00 (40.00)
[44/294]	0.614 (2.826)	95.00 (41.22)
[45/294]	0.466 (2.775)	100.00 (42.50)
[46/294]	0.556 (2.728)	95.00 (43.62)
[47/294]	0.462 (2.680)	100.00 (44.79)
[48/294]	0.506 (2.636)	95.00 (45.82)
[49/294]	1.095 (2.605)	55.00 (46.00)
[50/294]	0.883 (2.571)	80.00 (46.67)
[51/294]	0.590 (2.533)	90.00 (47.50)
[52/294]	0.428 (2.494)	100.00 (48.49)
[53/294]	0.540 (2.457)	90.00 (49.26)
[54/294]	0.582 (2.423)	80.00 (49.82)
[55/294]	0.477 (2.389)	85.00 (50.45)
[56/294]	0.411 (2.354)	100.00 (51.32)
[57/294]	0.458 (2.321)	95.00 (52.07)
[58/294]	0.651 (2.293)	90.00 (52.71)
[59/294]	0.443 (2.262)	100.00 (53.50)
[60/294]	0.423 (2.232)	100.00 (54.26)
[61/294]	0.439 (2.203)	100.00 (55.00)
[62/294]	0.371 (2.174)	100.00 (55.71)
[63/294]	0.552 (2.149)	100.00 (56.41)
[64/294]	0.460 (2.123)	100.00 (57.08)
[65/294]	0.408 (2.097)	95.00 (57.65)
[66/294]	0.347 (2.071)	100.00 (58.28)
[67/294]	0.431 (2.046)	100.00 (58.90)
[68/294]	0.488 (2.024)	95.00 (59.42)
[69/294]	0.431 (2.001)	100.00 (60.00)
[70/294]	0.488 (1.980)	95.00 (60.49)
[71/294]	0.951 (1.965)	60.00 (60.49)
[72/294]	0.785 (1.949)	80.00 (60.75)
[73/294]	0.443 (1.929)	90.00 (61.15)
[74/294]	1.019 (1.917)	55.00 (61.07)
[75/294]	0.933 (1.904)	65.00 (61.12)
[76/294]	0.440 (1.885)	100.00 (61.62)
[77/294]	0.250 (1.864)	100.00 (62.12)
[78/294]	0.599 (1.848)	85.00 (62.41)
[79/294]	0.808 (1.835)	75.00 (62.56)
[80/294]	0.703 (1.821)	65.00 (62.59)
[81/294]	0.380 (1.803)	100.00 (63.05)
[82/294]	0.371 (1.786)	100.00 (63.49)
[83/294]	0.426 (1.770)	90.00 (63.81)
[84/294]	0.300 (1.753)	100.00 (64.24)
[85/294]	0.522 (1.738)	100.00 (64.65)
[86/294]	0.572 (1.725)	85.00 (64.89)
[87/294]	0.888 (1.715)	50.00 (64.72)
[88/294]	1.107 (1.709)	55.00 (64.61)
[89/294]	0.964 (1.700)	55.00 (64.50)
[90/294]	0.275 (1.685)	100.00 (64.89)
[91/294]	0.410 (1.671)	95.00 (65.22)
[92/294]	0.363 (1.657)	95.00 (65.54)
[93/294]	0.261 (1.642)	95.00 (65.85)
[94/294]	0.674 (1.632)	80.00 (66.00)
[95/294]	0.352 (1.618)	90.00 (66.25)
[96/294]	0.253 (1.604)	100.00 (66.60)
[97/294]	0.182 (1.590)	100.00 (66.94)
[98/294]	0.267 (1.576)	100.00 (67.27)
[99/294]	0.290 (1.564)	100.00 (67.60)
[100/294]	0.282 (1.551)	100.00 (67.92)
[101/294]	0.386 (1.539)	95.00 (68.19)
[102/294]	0.298 (1.527)	100.00 (68.50)
[103/294]	0.221 (1.515)	100.00 (68.80)
[104/294]	0.221 (1.502)	100.00 (69.10)
[105/294]	0.176 (1.490)	100.00 (69.39)
[106/294]	0.257 (1.478)	100.00 (69.67)
[107/294]	0.258 (1.467)	100.00 (69.95)
[108/294]	0.162 (1.455)	100.00 (70.23)
[109/294]	0.188 (1.444)	100.00 (70.50)
[110/294]	0.262 (1.433)	95.00 (70.72)
[111/294]	0.452 (1.424)	85.00 (70.85)
[112/294]	0.202 (1.413)	100.00 (71.11)
[113/294]	0.234 (1.403)	100.00 (71.36)
[114/294]	0.305 (1.394)	90.00 (71.52)
[115/294]	0.650 (1.387)	75.00 (71.55)
[116/294]	0.303 (1.378)	100.00 (71.79)
[117/294]	0.232 (1.368)	100.00 (72.03)
[118/294]	0.403 (1.360)	95.00 (72.23)
[119/294]	0.156 (1.350)	100.00 (72.46)
[120/294]	0.158 (1.340)	100.00 (72.69)
[121/294]	0.233 (1.331)	100.00 (72.91)
[122/294]	0.812 (1.327)	55.00 (72.76)
[123/294]	0.398 (1.319)	90.00 (72.90)
[124/294]	0.537 (1.313)	80.00 (72.96)
[125/294]	0.602 (1.307)	65.00 (72.90)
[126/294]	0.479 (1.301)	90.00 (73.03)
[127/294]	0.318 (1.293)	90.00 (73.16)
[128/294]	0.209 (1.285)	95.00 (73.33)
[129/294]	0.309 (1.277)	90.00 (73.46)
[130/294]	0.221 (1.269)	95.00 (73.63)
[131/294]	0.299 (1.262)	85.00 (73.71)
[132/294]	0.599 (1.257)	75.00 (73.72)
[133/294]	0.225 (1.249)	100.00 (73.92)
[134/294]	0.216 (1.242)	100.00 (74.11)
[135/294]	0.260 (1.234)	95.00 (74.26)
[136/294]	0.374 (1.228)	90.00 (74.38)
[137/294]	0.352 (1.222)	95.00 (74.53)
[138/294]	0.175 (1.214)	100.00 (74.71)
[139/294]	0.133 (1.207)	100.00 (74.89)
[140/294]	0.248 (1.200)	90.00 (75.00)
[141/294]	0.223 (1.193)	95.00 (75.14)
[142/294]	0.232 (1.186)	95.00 (75.28)
[143/294]	0.196 (1.179)	100.00 (75.45)
[144/294]	0.302 (1.173)	90.00 (75.55)
[145/294]	0.195 (1.166)	100.00 (75.72)
[146/294]	0.446 (1.162)	85.00 (75.78)
[147/294]	0.351 (1.156)	90.00 (75.88)
[148/294]	0.291 (1.150)	90.00 (75.97)
[149/294]	0.138 (1.144)	100.00 (76.13)
[150/294]	0.127 (1.137)	100.00 (76.29)
[151/294]	0.135 (1.130)	100.00 (76.45)
[152/294]	0.404 (1.125)	90.00 (76.54)
[153/294]	0.334 (1.120)	90.00 (76.62)
[154/294]	0.159 (1.114)	100.00 (76.77)
[155/294]	0.235 (1.109)	95.00 (76.89)
[156/294]	0.240 (1.103)	95.00 (77.01)
[157/294]	0.297 (1.098)	95.00 (77.12)
[158/294]	0.247 (1.093)	90.00 (77.20)
[159/294]	0.271 (1.087)	90.00 (77.28)
[160/294]	0.289 (1.082)	95.00 (77.39)
[161/294]	0.121 (1.076)	100.00 (77.53)
[162/294]	0.455 (1.073)	90.00 (77.61)
[163/294]	0.490 (1.069)	85.00 (77.65)
[164/294]	0.257 (1.064)	100.00 (77.79)
[165/294]	0.496 (1.061)	90.00 (77.86)
[166/294]	0.443 (1.057)	90.00 (77.93)
[167/294]	0.352 (1.053)	95.00 (78.04)
[168/294]	0.368 (1.049)	100.00 (78.17)
[169/294]	0.215 (1.044)	100.00 (78.29)
[170/294]	0.138 (1.039)	100.00 (78.42)
[171/294]	0.193 (1.034)	100.00 (78.55)
[172/294]	0.526 (1.031)	70.00 (78.50)
[173/294]	0.513 (1.028)	75.00 (78.48)
[174/294]	0.210 (1.023)	100.00 (78.60)
[175/294]	0.699 (1.021)	75.00 (78.58)
[176/294]	0.405 (1.018)	90.00 (78.64)
[177/294]	0.121 (1.013)	100.00 (78.76)
[178/294]	0.118 (1.008)	100.00 (78.88)
[179/294]	0.364 (1.004)	85.00 (78.92)
[180/294]	0.498 (1.001)	80.00 (78.92)
[181/294]	0.119 (0.997)	100.00 (79.04)
[182/294]	0.452 (0.994)	80.00 (79.04)
[183/294]	0.343 (0.990)	90.00 (79.10)
[184/294]	0.276 (0.986)	95.00 (79.19)
[185/294]	0.210 (0.982)	95.00 (79.27)
[186/294]	0.152 (0.978)	100.00 (79.39)
[187/294]	0.213 (0.974)	95.00 (79.47)
[188/294]	0.247 (0.970)	95.00 (79.55)
[189/294]	0.182 (0.966)	95.00 (79.63)
[190/294]	0.220 (0.962)	100.00 (79.74)
[191/294]	0.254 (0.958)	95.00 (79.82)
[192/294]	0.147 (0.954)	100.00 (79.92)
[193/294]	0.102 (0.949)	100.00 (80.03)
[194/294]	0.198 (0.945)	95.00 (80.10)
[195/294]	0.086 (0.941)	100.00 (80.20)
[196/294]	0.222 (0.937)	95.00 (80.28)
[197/294]	0.237 (0.934)	90.00 (80.33)
[198/294]	0.290 (0.931)	90.00 (80.38)
[199/294]	0.152 (0.927)	100.00 (80.47)
[200/294]	0.156 (0.923)	100.00 (80.57)
[201/294]	0.184 (0.919)	95.00 (80.64)
[202/294]	0.320 (0.916)	90.00 (80.69)
[203/294]	0.330 (0.913)	90.00 (80.74)
[204/294]	0.133 (0.910)	100.00 (80.83)
[205/294]	0.101 (0.906)	100.00 (80.92)
[206/294]	0.091 (0.902)	100.00 (81.01)
[207/294]	0.097 (0.898)	100.00 (81.11)
[208/294]	0.075 (0.894)	100.00 (81.20)
[209/294]	0.131 (0.890)	100.00 (81.29)
[210/294]	0.184 (0.887)	100.00 (81.37)
[211/294]	0.223 (0.884)	95.00 (81.44)
[212/294]	0.253 (0.881)	95.00 (81.50)
[213/294]	0.198 (0.878)	100.00 (81.59)
[214/294]	0.225 (0.875)	100.00 (81.67)
[215/294]	0.110 (0.871)	100.00 (81.76)
[216/294]	0.102 (0.868)	100.00 (81.84)
[217/294]	0.129 (0.864)	100.00 (81.93)
[218/294]	0.135 (0.861)	100.00 (82.01)
[219/294]	0.152 (0.858)	100.00 (82.09)
[220/294]	0.335 (0.855)	85.00 (82.10)
[221/294]	0.121 (0.852)	100.00 (82.18)
[222/294]	0.148 (0.849)	100.00 (82.26)
[223/294]	0.163 (0.846)	100.00 (82.34)
[224/294]	0.171 (0.843)	95.00 (82.40)
[225/294]	0.115 (0.840)	100.00 (82.48)
[226/294]	0.130 (0.836)	100.00 (82.56)
[227/294]	0.066 (0.833)	100.00 (82.63)
[228/294]	0.179 (0.830)	100.00 (82.71)
[229/294]	0.270 (0.828)	95.00 (82.76)
[230/294]	0.363 (0.826)	85.00 (82.77)
[231/294]	0.079 (0.823)	100.00 (82.84)
[232/294]	0.137 (0.820)	100.00 (82.92)
[233/294]	0.103 (0.817)	100.00 (82.99)
[234/294]	0.497 (0.815)	90.00 (83.02)
[235/294]	0.219 (0.813)	95.00 (83.07)
[236/294]	0.221 (0.810)	95.00 (83.12)
[237/294]	0.130 (0.807)	95.00 (83.17)
[238/294]	0.097 (0.804)	100.00 (83.24)
[239/294]	0.147 (0.802)	95.00 (83.29)
[240/294]	0.142 (0.799)	95.00 (83.34)
[241/294]	0.282 (0.797)	95.00 (83.39)
[242/294]	0.194 (0.794)	95.00 (83.44)
[243/294]	0.198 (0.792)	90.00 (83.46)
[244/294]	0.280 (0.790)	90.00 (83.49)
[245/294]	0.111 (0.787)	100.00 (83.56)
[246/294]	0.202 (0.785)	90.00 (83.58)
[247/294]	0.212 (0.782)	95.00 (83.63)
[248/294]	0.202 (0.780)	100.00 (83.69)
[249/294]	0.127 (0.777)	100.00 (83.76)
[250/294]	0.254 (0.775)	90.00 (83.78)
[251/294]	0.646 (0.775)	75.00 (83.75)
[252/294]	0.086 (0.772)	100.00 (83.81)
[253/294]	0.076 (0.769)	100.00 (83.88)
[254/294]	0.071 (0.767)	100.00 (83.94)
[255/294]	0.060 (0.764)	100.00 (84.00)
[256/294]	0.095 (0.761)	100.00 (84.07)
[257/294]	0.104 (0.759)	100.00 (84.13)
[258/294]	0.153 (0.756)	100.00 (84.19)
[259/294]	0.127 (0.754)	95.00 (84.23)
[260/294]	0.077 (0.751)	100.00 (84.29)
[261/294]	0.065 (0.749)	100.00 (84.35)
[262/294]	0.088 (0.746)	100.00 (84.41)
[263/294]	0.076 (0.744)	100.00 (84.47)
[264/294]	0.070 (0.741)	100.00 (84.53)
[265/294]	0.093 (0.739)	100.00 (84.59)
[266/294]	0.093 (0.736)	100.00 (84.64)
[267/294]	0.099 (0.734)	100.00 (84.70)
[268/294]	0.083 (0.731)	100.00 (84.76)
[269/294]	0.089 (0.729)	100.00 (84.81)
[270/294]	0.099 (0.727)	100.00 (84.87)
[271/294]	0.138 (0.725)	100.00 (84.93)
[272/294]	0.255 (0.723)	90.00 (84.95)
[273/294]	0.060 (0.720)	100.00 (85.00)
[274/294]	0.122 (0.718)	100.00 (85.05)
[275/294]	0.096 (0.716)	100.00 (85.11)
[276/294]	0.069 (0.714)	100.00 (85.16)
[277/294]	0.069 (0.711)	100.00 (85.22)
[278/294]	0.101 (0.709)	100.00 (85.27)
[279/294]	0.322 (0.708)	95.00 (85.30)
[280/294]	0.241 (0.706)	90.00 (85.32)
[281/294]	0.231 (0.704)	95.00 (85.35)
[282/294]	0.280 (0.703)	90.00 (85.37)
[283/294]	0.082 (0.701)	100.00 (85.42)
[284/294]	0.063 (0.698)	100.00 (85.47)
[285/294]	0.098 (0.696)	100.00 (85.52)
[286/294]	0.152 (0.694)	100.00 (85.57)
[287/294]	0.151 (0.693)	95.00 (85.61)
[288/294]	0.081 (0.690)	100.00 (85.66)
[289/294]	0.349 (0.689)	90.00 (85.67)
[290/294]	0.244 (0.688)	95.00 (85.70)
[291/294]	0.531 (0.687)	80.00 (85.68)
[292/294]	0.269 (0.686)	90.00 (85.70)
[293/294]	0.085 (0.684)	100.00 (85.75)
 * Train Acc: 85.748
 * Avg. Data time: 0.021, Avg. Batch time: 0.060, Avg. Forward time: 0.004, Avg. Backward time: 0.026
Computing MAS
 * Val Acc: 25.702, Time: 5.49
 * Test Acc: 25.187, Time: 11.93
=============Training Task 4=============
Active output nodes for this task: 
[0, 1, 2, 3, 4, 5, 6, 7, 8, 9]
=============Training Epoch 0=============
#reg terms:  1
Batch	 Loss		 Acc
[0/294]	10.300 (10.300)	0.00 (0.00)
[1/294]	10.281 (10.290)	0.00 (0.00)
[2/294]	9.243 (9.941)	0.00 (0.00)
[3/294]	6.853 (9.169)	0.00 (0.00)
[4/294]	7.557 (8.847)	0.00 (0.00)
[5/294]	7.029 (8.544)	0.00 (0.00)
[6/294]	6.440 (8.243)	0.00 (0.00)
[7/294]	6.799 (8.063)	0.00 (0.00)
[8/294]	5.656 (7.795)	0.00 (0.00)
[9/294]	5.161 (7.532)	0.00 (0.00)
[10/294]	5.176 (7.318)	0.00 (0.00)
[11/294]	3.973 (7.039)	0.00 (0.00)
[12/294]	3.802 (6.790)	0.00 (0.00)
[13/294]	3.383 (6.547)	0.00 (0.00)
[14/294]	3.507 (6.344)	0.00 (0.00)
[15/294]	3.309 (6.154)	0.00 (0.00)
[16/294]	3.171 (5.979)	0.00 (0.00)
[17/294]	2.438 (5.782)	0.00 (0.00)
[18/294]	2.174 (5.592)	5.00 (0.26)
[19/294]	2.006 (5.413)	25.00 (1.50)
[20/294]	2.150 (5.257)	45.00 (3.57)
[21/294]	2.023 (5.110)	30.00 (4.77)
[22/294]	1.745 (4.964)	35.00 (6.09)
[23/294]	1.575 (4.823)	45.00 (7.71)
[24/294]	1.643 (4.696)	30.00 (8.60)
[25/294]	1.553 (4.575)	50.00 (10.19)
[26/294]	1.473 (4.460)	50.00 (11.67)
[27/294]	1.674 (4.361)	50.00 (13.04)
[28/294]	1.341 (4.256)	50.00 (14.31)
[29/294]	1.346 (4.159)	55.00 (15.67)
[30/294]	1.255 (4.066)	55.00 (16.94)
[31/294]	1.470 (3.985)	50.00 (17.97)
[32/294]	1.510 (3.910)	30.00 (18.33)
[33/294]	1.201 (3.830)	45.00 (19.12)
[34/294]	1.245 (3.756)	45.00 (19.86)
[35/294]	0.506 (3.666)	100.00 (22.08)
[36/294]	0.904 (3.591)	75.00 (23.51)
[37/294]	0.881 (3.520)	75.00 (24.87)
[38/294]	0.783 (3.450)	100.00 (26.79)
[39/294]	0.792 (3.383)	75.00 (28.00)
[40/294]	0.810 (3.320)	75.00 (29.15)
[41/294]	0.664 (3.257)	100.00 (30.83)
[42/294]	0.825 (3.201)	60.00 (31.51)
[43/294]	0.714 (3.144)	80.00 (32.61)
[44/294]	0.590 (3.087)	95.00 (34.00)
[45/294]	0.314 (3.027)	100.00 (35.43)
[46/294]	0.659 (2.977)	90.00 (36.60)
[47/294]	0.690 (2.929)	85.00 (37.60)
[48/294]	0.470 (2.879)	100.00 (38.88)
[49/294]	0.731 (2.836)	100.00 (40.10)
[50/294]	0.894 (2.798)	70.00 (40.69)
[51/294]	0.968 (2.763)	55.00 (40.96)
[52/294]	0.397 (2.718)	95.00 (41.98)
[53/294]	0.659 (2.680)	85.00 (42.78)
[54/294]	0.748 (2.645)	80.00 (43.45)
[55/294]	0.662 (2.609)	85.00 (44.20)
[56/294]	0.479 (2.572)	95.00 (45.09)
[57/294]	0.540 (2.537)	85.00 (45.78)
[58/294]	0.567 (2.504)	80.00 (46.36)
[59/294]	0.572 (2.471)	85.00 (47.00)
[60/294]	0.953 (2.446)	55.00 (47.13)
[61/294]	0.603 (2.417)	70.00 (47.50)
[62/294]	0.386 (2.384)	95.00 (48.25)
[63/294]	0.575 (2.356)	85.00 (48.83)
[64/294]	0.577 (2.329)	90.00 (49.46)
[65/294]	0.510 (2.301)	95.00 (50.15)
[66/294]	0.689 (2.277)	85.00 (50.67)
[67/294]	0.650 (2.253)	80.00 (51.10)
[68/294]	0.350 (2.226)	100.00 (51.81)
[69/294]	0.271 (2.198)	100.00 (52.50)
[70/294]	0.270 (2.171)	100.00 (53.17)
[71/294]	0.545 (2.148)	80.00 (53.54)
[72/294]	0.657 (2.128)	75.00 (53.84)
[73/294]	0.495 (2.106)	85.00 (54.26)
[74/294]	0.577 (2.085)	75.00 (54.53)
[75/294]	0.405 (2.063)	90.00 (55.00)
[76/294]	0.178 (2.039)	100.00 (55.58)
[77/294]	0.264 (2.016)	100.00 (56.15)
[78/294]	0.307 (1.994)	100.00 (56.71)
[79/294]	0.260 (1.973)	100.00 (57.25)
[80/294]	0.370 (1.953)	95.00 (57.72)
[81/294]	0.442 (1.934)	80.00 (57.99)
[82/294]	0.459 (1.917)	75.00 (58.19)
[83/294]	0.631 (1.901)	70.00 (58.33)
[84/294]	0.984 (1.890)	70.00 (58.47)
[85/294]	0.498 (1.874)	85.00 (58.78)
[86/294]	0.227 (1.855)	100.00 (59.25)
[87/294]	0.228 (1.837)	100.00 (59.72)
[88/294]	0.420 (1.821)	90.00 (60.06)
[89/294]	0.542 (1.807)	75.00 (60.22)
[90/294]	0.654 (1.794)	65.00 (60.27)
[91/294]	0.275 (1.778)	100.00 (60.71)
[92/294]	0.244 (1.761)	100.00 (61.13)
[93/294]	0.305 (1.746)	95.00 (61.49)
[94/294]	0.361 (1.731)	85.00 (61.74)
[95/294]	0.327 (1.716)	95.00 (62.08)
[96/294]	0.364 (1.702)	95.00 (62.42)
[97/294]	0.219 (1.687)	100.00 (62.81)
[98/294]	0.280 (1.673)	100.00 (63.18)
[99/294]	0.188 (1.658)	100.00 (63.55)
[100/294]	0.197 (1.644)	100.00 (63.91)
[101/294]	0.277 (1.630)	100.00 (64.26)
[102/294]	0.191 (1.616)	100.00 (64.61)
[103/294]	0.366 (1.604)	85.00 (64.81)
[104/294]	0.896 (1.598)	60.00 (64.76)
[105/294]	0.278 (1.585)	95.00 (65.05)
[106/294]	0.217 (1.572)	100.00 (65.37)
[107/294]	0.277 (1.560)	95.00 (65.65)
[108/294]	0.262 (1.548)	100.00 (65.96)
[109/294]	0.211 (1.536)	100.00 (66.27)
[110/294]	0.262 (1.525)	100.00 (66.58)
[111/294]	0.209 (1.513)	100.00 (66.88)
[112/294]	0.549 (1.505)	85.00 (67.04)
[113/294]	0.344 (1.494)	95.00 (67.28)
[114/294]	0.297 (1.484)	100.00 (67.57)
[115/294]	0.350 (1.474)	95.00 (67.80)
[116/294]	0.342 (1.465)	90.00 (67.99)
[117/294]	0.707 (1.458)	60.00 (67.92)
[118/294]	0.431 (1.449)	90.00 (68.11)
[119/294]	0.286 (1.440)	100.00 (68.38)
[120/294]	0.377 (1.431)	90.00 (68.55)
[121/294]	0.304 (1.422)	100.00 (68.81)
[122/294]	0.234 (1.412)	100.00 (69.07)
[123/294]	0.355 (1.404)	90.00 (69.23)
[124/294]	0.241 (1.394)	95.00 (69.44)
[125/294]	0.211 (1.385)	100.00 (69.68)
[126/294]	0.426 (1.377)	90.00 (69.84)
[127/294]	0.263 (1.369)	95.00 (70.04)
[128/294]	0.167 (1.359)	100.00 (70.27)
[129/294]	0.236 (1.351)	100.00 (70.50)
[130/294]	0.243 (1.342)	95.00 (70.69)
[131/294]	0.487 (1.336)	80.00 (70.76)
[132/294]	0.931 (1.333)	65.00 (70.71)
[133/294]	0.181 (1.324)	100.00 (70.93)
[134/294]	0.356 (1.317)	100.00 (71.15)
[135/294]	0.349 (1.310)	100.00 (71.36)
[136/294]	0.249 (1.302)	100.00 (71.57)
[137/294]	0.220 (1.294)	100.00 (71.78)
[138/294]	0.172 (1.286)	100.00 (71.98)
[139/294]	0.169 (1.278)	100.00 (72.18)
[140/294]	0.342 (1.272)	95.00 (72.34)
[141/294]	0.293 (1.265)	95.00 (72.50)
[142/294]	0.222 (1.257)	100.00 (72.69)
[143/294]	0.180 (1.250)	100.00 (72.88)
[144/294]	0.571 (1.245)	65.00 (72.83)
[145/294]	0.550 (1.240)	70.00 (72.81)
[146/294]	0.268 (1.234)	95.00 (72.96)
[147/294]	0.128 (1.226)	100.00 (73.14)
[148/294]	0.199 (1.219)	95.00 (73.29)
[149/294]	0.447 (1.214)	85.00 (73.37)
[150/294]	0.326 (1.208)	85.00 (73.44)
[151/294]	0.205 (1.202)	95.00 (73.59)
[152/294]	0.282 (1.196)	95.00 (73.73)
[153/294]	0.197 (1.189)	95.00 (73.86)
[154/294]	0.300 (1.184)	100.00 (74.03)
[155/294]	0.416 (1.179)	90.00 (74.13)
[156/294]	0.288 (1.173)	100.00 (74.30)
[157/294]	0.336 (1.168)	90.00 (74.40)
[158/294]	0.197 (1.162)	95.00 (74.53)
[159/294]	0.134 (1.155)	100.00 (74.69)
[160/294]	0.140 (1.149)	100.00 (74.84)
[161/294]	0.212 (1.143)	100.00 (75.00)
[162/294]	0.329 (1.138)	95.00 (75.12)
[163/294]	0.343 (1.133)	95.00 (75.24)
[164/294]	0.200 (1.128)	100.00 (75.39)
[165/294]	0.151 (1.122)	100.00 (75.54)
[166/294]	0.167 (1.116)	100.00 (75.69)
[167/294]	0.196 (1.110)	100.00 (75.83)
[168/294]	0.235 (1.105)	90.00 (75.92)
[169/294]	0.255 (1.100)	95.00 (76.03)
[170/294]	0.177 (1.095)	100.00 (76.17)
[171/294]	0.098 (1.089)	100.00 (76.31)
[172/294]	0.254 (1.084)	95.00 (76.42)
[173/294]	0.301 (1.080)	95.00 (76.52)
[174/294]	0.135 (1.074)	100.00 (76.66)
[175/294]	0.116 (1.069)	100.00 (76.79)
[176/294]	0.104 (1.063)	100.00 (76.92)
[177/294]	0.183 (1.059)	95.00 (77.02)
[178/294]	0.565 (1.056)	75.00 (77.01)
[179/294]	0.335 (1.052)	95.00 (77.11)
[180/294]	0.233 (1.047)	100.00 (77.24)
[181/294]	0.130 (1.042)	100.00 (77.36)
[182/294]	0.827 (1.041)	70.00 (77.32)
[183/294]	0.551 (1.038)	85.00 (77.36)
[184/294]	0.160 (1.034)	95.00 (77.46)
[185/294]	0.510 (1.031)	80.00 (77.47)
[186/294]	0.411 (1.027)	75.00 (77.46)
[187/294]	0.324 (1.024)	90.00 (77.53)
[188/294]	0.150 (1.019)	100.00 (77.65)
[189/294]	0.154 (1.015)	95.00 (77.74)
[190/294]	0.508 (1.012)	85.00 (77.77)
[191/294]	0.793 (1.011)	70.00 (77.73)
[192/294]	0.179 (1.006)	100.00 (77.85)
[193/294]	0.151 (1.002)	100.00 (77.96)
[194/294]	0.193 (0.998)	95.00 (78.05)
[195/294]	0.118 (0.993)	100.00 (78.16)
[196/294]	0.079 (0.989)	100.00 (78.27)
[197/294]	0.144 (0.985)	100.00 (78.38)
[198/294]	0.149 (0.980)	100.00 (78.49)
[199/294]	0.206 (0.976)	95.00 (78.58)
[200/294]	0.382 (0.973)	90.00 (78.63)
[201/294]	0.214 (0.970)	100.00 (78.74)
[202/294]	0.254 (0.966)	95.00 (78.82)
[203/294]	0.259 (0.963)	95.00 (78.90)
[204/294]	0.147 (0.959)	100.00 (79.00)
[205/294]	0.179 (0.955)	95.00 (79.08)
[206/294]	0.163 (0.951)	100.00 (79.18)
[207/294]	0.177 (0.947)	100.00 (79.28)
[208/294]	0.174 (0.944)	90.00 (79.33)
[209/294]	0.104 (0.940)	100.00 (79.43)
[210/294]	0.325 (0.937)	100.00 (79.53)
[211/294]	0.097 (0.933)	100.00 (79.62)
[212/294]	0.120 (0.929)	100.00 (79.72)
[213/294]	0.121 (0.925)	100.00 (79.81)
[214/294]	0.382 (0.923)	85.00 (79.84)
[215/294]	0.232 (0.920)	95.00 (79.91)
[216/294]	0.119 (0.916)	100.00 (80.00)
[217/294]	0.280 (0.913)	95.00 (80.07)
[218/294]	0.224 (0.910)	100.00 (80.16)
[219/294]	0.239 (0.907)	100.00 (80.25)
[220/294]	0.342 (0.904)	100.00 (80.34)
[221/294]	0.425 (0.902)	90.00 (80.38)
[222/294]	0.183 (0.899)	95.00 (80.45)
[223/294]	0.108 (0.895)	100.00 (80.54)
[224/294]	0.300 (0.893)	90.00 (80.58)
[225/294]	0.250 (0.890)	95.00 (80.64)
[226/294]	0.329 (0.887)	90.00 (80.68)
[227/294]	0.339 (0.885)	85.00 (80.70)
[228/294]	0.196 (0.882)	100.00 (80.79)
[229/294]	0.141 (0.879)	100.00 (80.87)
[230/294]	0.122 (0.875)	100.00 (80.95)
[231/294]	0.168 (0.872)	95.00 (81.01)
[232/294]	0.083 (0.869)	100.00 (81.09)
[233/294]	0.172 (0.866)	95.00 (81.15)
[234/294]	0.508 (0.864)	80.00 (81.15)
[235/294]	0.165 (0.861)	100.00 (81.23)
[236/294]	0.086 (0.858)	100.00 (81.31)
[237/294]	0.169 (0.855)	100.00 (81.39)
[238/294]	0.430 (0.854)	85.00 (81.40)
[239/294]	0.322 (0.851)	85.00 (81.42)
[240/294]	0.118 (0.848)	100.00 (81.49)
[241/294]	0.074 (0.845)	100.00 (81.57)
[242/294]	0.103 (0.842)	100.00 (81.65)
[243/294]	0.100 (0.839)	100.00 (81.72)
[244/294]	0.110 (0.836)	100.00 (81.80)
[245/294]	0.119 (0.833)	95.00 (81.85)
[246/294]	0.087 (0.830)	100.00 (81.92)
[247/294]	0.113 (0.827)	100.00 (82.00)
[248/294]	0.188 (0.825)	100.00 (82.07)
[249/294]	0.164 (0.822)	100.00 (82.14)
[250/294]	0.247 (0.820)	95.00 (82.19)
[251/294]	0.199 (0.817)	95.00 (82.24)
[252/294]	0.140 (0.815)	100.00 (82.31)
[253/294]	0.152 (0.812)	100.00 (82.38)
[254/294]	0.105 (0.809)	100.00 (82.45)
[255/294]	0.260 (0.807)	95.00 (82.50)
[256/294]	0.138 (0.804)	100.00 (82.57)
[257/294]	0.137 (0.802)	100.00 (82.64)
[258/294]	0.136 (0.799)	95.00 (82.68)
[259/294]	0.278 (0.797)	95.00 (82.73)
[260/294]	0.368 (0.796)	85.00 (82.74)
[261/294]	0.395 (0.794)	85.00 (82.75)
[262/294]	0.295 (0.792)	100.00 (82.81)
[263/294]	0.234 (0.790)	90.00 (82.84)
[264/294]	0.185 (0.788)	95.00 (82.89)
[265/294]	0.119 (0.785)	100.00 (82.95)
[266/294]	0.077 (0.783)	100.00 (83.01)
[267/294]	0.134 (0.780)	95.00 (83.06)
[268/294]	0.119 (0.778)	100.00 (83.12)
[269/294]	0.146 (0.775)	100.00 (83.19)
[270/294]	0.248 (0.773)	100.00 (83.25)
[271/294]	0.103 (0.771)	100.00 (83.31)
[272/294]	0.140 (0.769)	100.00 (83.37)
[273/294]	0.105 (0.766)	100.00 (83.43)
[274/294]	0.205 (0.764)	100.00 (83.49)
[275/294]	0.249 (0.762)	100.00 (83.55)
[276/294]	0.199 (0.760)	95.00 (83.59)
[277/294]	0.102 (0.758)	100.00 (83.65)
[278/294]	0.095 (0.756)	100.00 (83.71)
[279/294]	0.084 (0.753)	100.00 (83.77)
[280/294]	0.066 (0.751)	100.00 (83.83)
[281/294]	0.193 (0.749)	95.00 (83.87)
[282/294]	0.166 (0.747)	90.00 (83.89)
[283/294]	0.171 (0.745)	90.00 (83.91)
[284/294]	0.355 (0.743)	85.00 (83.91)
[285/294]	0.316 (0.742)	90.00 (83.93)
[286/294]	0.145 (0.740)	100.00 (83.99)
[287/294]	0.094 (0.737)	100.00 (84.05)
[288/294]	0.209 (0.736)	95.00 (84.08)
[289/294]	0.226 (0.734)	95.00 (84.12)
[290/294]	0.202 (0.732)	100.00 (84.18)
[291/294]	0.277 (0.731)	95.00 (84.21)
[292/294]	0.265 (0.729)	90.00 (84.23)
[293/294]	0.079 (0.727)	100.00 (84.29)
 * Train Acc: 84.286
 * Avg. Data time: 0.009, Avg. Batch time: 0.047, Avg. Forward time: 0.004, Avg. Backward time: 0.026
Computing MAS
 * Val Acc: 20.981, Time: 7.32
 * Test Acc: 21.399, Time: 15.37
=============Training Task 5=============
Active output nodes for this task: 
[0, 1, 2, 3, 4, 5, 6, 7, 8, 9, 10, 11]
=============Training Epoch 0=============
#reg terms:  1
Batch	 Loss		 Acc
