=============Stream Learning Run 0=============
Changing output layer to contain 12 classes
============BEGINNING STREAM LEARNING============
=============Training Task 0=============
Active output nodes for this task: 
[0, 1]
=============Training Epoch 0=============
#reg terms:  0
Batch	 Loss		 Acc
[0/294]	0.906 (0.906)	60.00 (60.00)
[1/294]	0.895 (0.900)	60.00 (60.00)
[2/294]	0.820 (0.874)	50.00 (56.67)
[3/294]	0.553 (0.793)	70.00 (60.00)
[4/294]	1.167 (0.868)	50.00 (58.00)
[5/294]	1.050 (0.898)	50.00 (56.67)
[6/294]	0.967 (0.908)	50.00 (55.71)
[7/294]	0.687 (0.881)	55.00 (55.62)
[8/294]	0.491 (0.837)	85.00 (58.89)
[9/294]	0.676 (0.821)	55.00 (58.50)
[10/294]	0.620 (0.803)	60.00 (58.64)
[11/294]	0.555 (0.782)	60.00 (58.75)
[12/294]	0.585 (0.767)	60.00 (58.85)
[13/294]	0.436 (0.743)	80.00 (60.36)
[14/294]	0.631 (0.736)	65.00 (60.67)
[15/294]	0.617 (0.728)	65.00 (60.94)
[16/294]	0.426 (0.711)	90.00 (62.65)
[17/294]	0.467 (0.697)	85.00 (63.89)
[18/294]	0.465 (0.685)	90.00 (65.26)
[19/294]	0.393 (0.670)	90.00 (66.50)
[20/294]	0.425 (0.659)	85.00 (67.38)
[21/294]	0.494 (0.651)	75.00 (67.73)
[22/294]	0.616 (0.650)	65.00 (67.61)
[23/294]	0.509 (0.644)	60.00 (67.29)
[24/294]	0.340 (0.632)	90.00 (68.20)
[25/294]	0.392 (0.622)	90.00 (69.04)
[26/294]	0.380 (0.613)	85.00 (69.63)
[27/294]	0.458 (0.608)	75.00 (69.82)
[28/294]	0.330 (0.598)	95.00 (70.69)
[29/294]	0.385 (0.591)	85.00 (71.17)
[30/294]	0.271 (0.581)	90.00 (71.77)
[31/294]	0.408 (0.575)	80.00 (72.03)
[32/294]	0.191 (0.564)	90.00 (72.58)
[33/294]	0.399 (0.559)	80.00 (72.79)
[34/294]	0.309 (0.552)	80.00 (73.00)
[35/294]	0.201 (0.542)	100.00 (73.75)
[36/294]	0.343 (0.537)	85.00 (74.05)
[37/294]	0.256 (0.529)	90.00 (74.47)
[38/294]	0.437 (0.527)	85.00 (74.74)
[39/294]	0.367 (0.523)	85.00 (75.00)
[40/294]	0.171 (0.514)	95.00 (75.49)
[41/294]	0.165 (0.506)	100.00 (76.07)
[42/294]	0.198 (0.499)	95.00 (76.51)
[43/294]	0.222 (0.493)	95.00 (76.93)
[44/294]	0.327 (0.489)	80.00 (77.00)
[45/294]	0.307 (0.485)	85.00 (77.17)
[46/294]	0.244 (0.480)	90.00 (77.45)
[47/294]	0.562 (0.481)	75.00 (77.40)
[48/294]	0.256 (0.477)	85.00 (77.55)
[49/294]	0.188 (0.471)	90.00 (77.80)
[50/294]	0.125 (0.464)	100.00 (78.24)
[51/294]	0.398 (0.463)	85.00 (78.37)
[52/294]	0.231 (0.459)	90.00 (78.58)
[53/294]	0.108 (0.452)	100.00 (78.98)
[54/294]	0.163 (0.447)	100.00 (79.36)
[55/294]	0.391 (0.446)	85.00 (79.46)
[56/294]	0.157 (0.441)	95.00 (79.74)
[57/294]	0.264 (0.438)	90.00 (79.91)
[58/294]	0.095 (0.432)	100.00 (80.25)
[59/294]	0.163 (0.428)	95.00 (80.50)
[60/294]	0.180 (0.423)	90.00 (80.66)
[61/294]	0.177 (0.419)	95.00 (80.89)
[62/294]	0.255 (0.417)	85.00 (80.95)
[63/294]	0.116 (0.412)	95.00 (81.17)
[64/294]	0.264 (0.410)	90.00 (81.31)
[65/294]	0.123 (0.406)	100.00 (81.59)
[66/294]	0.104 (0.401)	95.00 (81.79)
[67/294]	0.160 (0.397)	90.00 (81.91)
[68/294]	0.142 (0.394)	95.00 (82.10)
[69/294]	0.195 (0.391)	85.00 (82.14)
[70/294]	0.066 (0.386)	100.00 (82.39)
[71/294]	0.252 (0.385)	85.00 (82.43)
[72/294]	0.328 (0.384)	90.00 (82.53)
[73/294]	0.157 (0.381)	95.00 (82.70)
[74/294]	0.110 (0.377)	100.00 (82.93)
[75/294]	0.049 (0.373)	100.00 (83.16)
[76/294]	0.059 (0.369)	100.00 (83.38)
[77/294]	0.018 (0.364)	100.00 (83.59)
[78/294]	0.096 (0.361)	95.00 (83.73)
[79/294]	0.172 (0.358)	95.00 (83.88)
[80/294]	0.336 (0.358)	95.00 (84.01)
[81/294]	0.027 (0.354)	100.00 (84.21)
[82/294]	0.151 (0.352)	100.00 (84.40)
[83/294]	0.115 (0.349)	95.00 (84.52)
[84/294]	0.168 (0.347)	90.00 (84.59)
[85/294]	0.189 (0.345)	90.00 (84.65)
[86/294]	0.215 (0.343)	90.00 (84.71)
[87/294]	0.127 (0.341)	95.00 (84.83)
[88/294]	0.138 (0.339)	95.00 (84.94)
[89/294]	0.332 (0.339)	90.00 (85.00)
[90/294]	0.220 (0.337)	90.00 (85.05)
[91/294]	0.100 (0.335)	95.00 (85.16)
[92/294]	0.413 (0.336)	75.00 (85.05)
[93/294]	0.094 (0.333)	100.00 (85.21)
[94/294]	0.208 (0.332)	95.00 (85.32)
[95/294]	0.074 (0.329)	100.00 (85.47)
[96/294]	0.186 (0.327)	95.00 (85.57)
[97/294]	0.071 (0.325)	95.00 (85.66)
[98/294]	0.054 (0.322)	100.00 (85.81)
[99/294]	0.068 (0.320)	95.00 (85.90)
[100/294]	0.098 (0.317)	95.00 (85.99)
[101/294]	0.080 (0.315)	95.00 (86.08)
[102/294]	0.250 (0.314)	85.00 (86.07)
[103/294]	0.281 (0.314)	90.00 (86.11)
[104/294]	0.084 (0.312)	100.00 (86.24)
[105/294]	0.068 (0.310)	95.00 (86.32)
[106/294]	0.097 (0.308)	100.00 (86.45)
[107/294]	0.066 (0.305)	100.00 (86.57)
[108/294]	0.097 (0.304)	100.00 (86.70)
[109/294]	0.088 (0.302)	95.00 (86.77)
[110/294]	0.081 (0.300)	100.00 (86.89)
[111/294]	0.050 (0.297)	100.00 (87.01)
[112/294]	0.147 (0.296)	95.00 (87.08)
[113/294]	0.146 (0.295)	90.00 (87.11)
[114/294]	0.060 (0.293)	100.00 (87.22)
[115/294]	0.177 (0.292)	90.00 (87.24)
[116/294]	0.069 (0.290)	95.00 (87.31)
[117/294]	0.075 (0.288)	100.00 (87.42)
[118/294]	0.167 (0.287)	90.00 (87.44)
[119/294]	0.128 (0.286)	95.00 (87.50)
[120/294]	0.092 (0.284)	100.00 (87.60)
[121/294]	0.152 (0.283)	90.00 (87.62)
[122/294]	0.249 (0.283)	95.00 (87.68)
[123/294]	0.052 (0.281)	100.00 (87.78)
[124/294]	0.156 (0.280)	90.00 (87.80)
[125/294]	0.192 (0.279)	90.00 (87.82)
[126/294]	0.661 (0.282)	75.00 (87.72)
[127/294]	0.156 (0.281)	95.00 (87.77)
[128/294]	0.071 (0.279)	95.00 (87.83)
[129/294]	0.142 (0.278)	90.00 (87.85)
[130/294]	0.058 (0.277)	100.00 (87.94)
[131/294]	0.228 (0.276)	95.00 (87.99)
[132/294]	0.122 (0.275)	90.00 (88.01)
[133/294]	0.347 (0.276)	90.00 (88.02)
[134/294]	0.178 (0.275)	90.00 (88.04)
[135/294]	0.401 (0.276)	90.00 (88.05)
[136/294]	0.058 (0.274)	100.00 (88.14)
[137/294]	0.121 (0.273)	95.00 (88.19)
[138/294]	0.067 (0.272)	100.00 (88.27)
[139/294]	0.131 (0.271)	100.00 (88.36)
[140/294]	0.213 (0.270)	95.00 (88.40)
[141/294]	0.151 (0.270)	90.00 (88.42)
[142/294]	0.093 (0.268)	100.00 (88.50)
[143/294]	0.052 (0.267)	100.00 (88.58)
[144/294]	0.066 (0.265)	95.00 (88.62)
[145/294]	0.131 (0.264)	100.00 (88.70)
[146/294]	0.071 (0.263)	100.00 (88.78)
[147/294]	0.029 (0.262)	100.00 (88.85)
[148/294]	0.235 (0.261)	90.00 (88.86)
[149/294]	0.324 (0.262)	85.00 (88.83)
[150/294]	0.206 (0.261)	90.00 (88.84)
[151/294]	0.174 (0.261)	95.00 (88.88)
[152/294]	0.020 (0.259)	100.00 (88.95)
[153/294]	0.038 (0.258)	100.00 (89.03)
[154/294]	0.039 (0.256)	100.00 (89.10)
[155/294]	0.065 (0.255)	100.00 (89.17)
[156/294]	0.175 (0.255)	85.00 (89.14)
[157/294]	0.015 (0.253)	100.00 (89.21)
[158/294]	0.050 (0.252)	100.00 (89.28)
[159/294]	0.252 (0.252)	90.00 (89.28)
[160/294]	0.177 (0.251)	95.00 (89.32)
[161/294]	0.114 (0.251)	95.00 (89.35)
[162/294]	0.133 (0.250)	95.00 (89.39)
[163/294]	0.070 (0.249)	95.00 (89.42)
[164/294]	0.069 (0.248)	95.00 (89.45)
[165/294]	0.072 (0.247)	100.00 (89.52)
[166/294]	0.066 (0.246)	95.00 (89.55)
[167/294]	0.068 (0.244)	100.00 (89.61)
[168/294]	0.129 (0.244)	95.00 (89.64)
[169/294]	0.121 (0.243)	95.00 (89.68)
[170/294]	0.106 (0.242)	95.00 (89.71)
[171/294]	0.206 (0.242)	90.00 (89.71)
[172/294]	0.066 (0.241)	95.00 (89.74)
[173/294]	0.049 (0.240)	100.00 (89.80)
[174/294]	0.200 (0.240)	85.00 (89.77)
[175/294]	0.086 (0.239)	95.00 (89.80)
[176/294]	0.056 (0.238)	100.00 (89.86)
[177/294]	0.125 (0.237)	90.00 (89.86)
[178/294]	0.033 (0.236)	100.00 (89.92)
[179/294]	0.272 (0.236)	85.00 (89.89)
[180/294]	0.024 (0.235)	100.00 (89.94)
[181/294]	0.152 (0.235)	95.00 (89.97)
[182/294]	0.107 (0.234)	95.00 (90.00)
[183/294]	0.048 (0.233)	100.00 (90.05)
[184/294]	0.026 (0.232)	100.00 (90.11)
[185/294]	0.087 (0.231)	100.00 (90.16)
[186/294]	0.034 (0.230)	100.00 (90.21)
[187/294]	0.080 (0.229)	100.00 (90.27)
[188/294]	0.228 (0.229)	85.00 (90.24)
[189/294]	0.338 (0.230)	90.00 (90.24)
[190/294]	0.049 (0.229)	100.00 (90.29)
[191/294]	0.024 (0.228)	100.00 (90.34)
[192/294]	0.122 (0.227)	95.00 (90.36)
[193/294]	0.052 (0.226)	95.00 (90.39)
[194/294]	0.199 (0.226)	95.00 (90.41)
[195/294]	0.089 (0.225)	95.00 (90.43)
[196/294]	0.009 (0.224)	100.00 (90.48)
[197/294]	0.063 (0.224)	95.00 (90.51)
[198/294]	0.037 (0.223)	100.00 (90.55)
[199/294]	0.200 (0.222)	90.00 (90.55)
[200/294]	0.064 (0.222)	100.00 (90.60)
[201/294]	0.439 (0.223)	90.00 (90.59)
[202/294]	0.179 (0.223)	95.00 (90.62)
[203/294]	0.060 (0.222)	100.00 (90.66)
[204/294]	0.152 (0.221)	90.00 (90.66)
[205/294]	0.022 (0.220)	100.00 (90.70)
[206/294]	0.134 (0.220)	95.00 (90.72)
[207/294]	0.048 (0.219)	100.00 (90.77)
[208/294]	0.153 (0.219)	90.00 (90.77)
[209/294]	0.085 (0.218)	95.00 (90.79)
[210/294]	0.053 (0.217)	95.00 (90.81)
[211/294]	0.006 (0.216)	100.00 (90.85)
[212/294]	0.036 (0.216)	100.00 (90.89)
[213/294]	0.070 (0.215)	95.00 (90.91)
[214/294]	0.053 (0.214)	100.00 (90.95)
[215/294]	0.243 (0.214)	95.00 (90.97)
[216/294]	0.104 (0.214)	100.00 (91.01)
[217/294]	0.080 (0.213)	95.00 (91.03)
[218/294]	0.045 (0.212)	100.00 (91.07)
[219/294]	0.074 (0.212)	95.00 (91.09)
[220/294]	0.054 (0.211)	95.00 (91.11)
[221/294]	0.022 (0.210)	100.00 (91.15)
[222/294]	0.196 (0.210)	90.00 (91.14)
[223/294]	0.077 (0.210)	95.00 (91.16)
[224/294]	0.025 (0.209)	100.00 (91.20)
[225/294]	0.136 (0.208)	95.00 (91.22)
[226/294]	0.024 (0.208)	100.00 (91.26)
[227/294]	0.037 (0.207)	100.00 (91.29)
[228/294]	0.020 (0.206)	100.00 (91.33)
[229/294]	0.105 (0.206)	95.00 (91.35)
[230/294]	0.111 (0.205)	95.00 (91.36)
[231/294]	0.096 (0.205)	95.00 (91.38)
[232/294]	0.190 (0.205)	95.00 (91.39)
[233/294]	0.052 (0.204)	100.00 (91.43)
[234/294]	0.075 (0.203)	100.00 (91.47)
[235/294]	0.029 (0.203)	100.00 (91.50)
[236/294]	0.025 (0.202)	100.00 (91.54)
[237/294]	0.071 (0.201)	95.00 (91.55)
[238/294]	0.034 (0.201)	100.00 (91.59)
[239/294]	0.026 (0.200)	100.00 (91.62)
[240/294]	0.107 (0.200)	90.00 (91.62)
[241/294]	0.138 (0.199)	95.00 (91.63)
[242/294]	0.068 (0.199)	100.00 (91.67)
[243/294]	0.008 (0.198)	100.00 (91.70)
[244/294]	0.330 (0.199)	90.00 (91.69)
[245/294]	0.020 (0.198)	100.00 (91.73)
[246/294]	0.092 (0.197)	95.00 (91.74)
[247/294]	0.071 (0.197)	95.00 (91.75)
[248/294]	0.042 (0.196)	100.00 (91.79)
[249/294]	0.208 (0.196)	95.00 (91.80)
[250/294]	0.120 (0.196)	95.00 (91.81)
[251/294]	0.145 (0.196)	95.00 (91.83)
[252/294]	0.103 (0.195)	95.00 (91.84)
[253/294]	0.122 (0.195)	95.00 (91.85)
[254/294]	0.065 (0.195)	100.00 (91.88)
[255/294]	0.079 (0.194)	95.00 (91.89)
[256/294]	0.104 (0.194)	95.00 (91.91)
[257/294]	0.236 (0.194)	90.00 (91.90)
[258/294]	0.028 (0.193)	100.00 (91.93)
[259/294]	0.036 (0.193)	100.00 (91.96)
[260/294]	0.014 (0.192)	100.00 (91.99)
[261/294]	0.043 (0.192)	95.00 (92.00)
[262/294]	0.032 (0.191)	100.00 (92.03)
[263/294]	0.037 (0.190)	100.00 (92.06)
[264/294]	0.114 (0.190)	95.00 (92.08)
[265/294]	0.011 (0.189)	100.00 (92.11)
[266/294]	0.022 (0.189)	100.00 (92.13)
[267/294]	0.193 (0.189)	95.00 (92.15)
[268/294]	0.020 (0.188)	100.00 (92.17)
[269/294]	0.112 (0.188)	95.00 (92.19)
[270/294]	0.081 (0.187)	100.00 (92.21)
[271/294]	0.056 (0.187)	95.00 (92.22)
[272/294]	0.123 (0.187)	95.00 (92.23)
[273/294]	0.050 (0.186)	100.00 (92.26)
[274/294]	0.028 (0.186)	100.00 (92.29)
[275/294]	0.044 (0.185)	100.00 (92.32)
[276/294]	0.013 (0.185)	100.00 (92.35)
[277/294]	0.093 (0.184)	95.00 (92.36)
[278/294]	0.115 (0.184)	95.00 (92.37)
[279/294]	0.040 (0.183)	100.00 (92.39)
[280/294]	0.062 (0.183)	100.00 (92.42)
[281/294]	0.065 (0.183)	95.00 (92.43)
[282/294]	0.022 (0.182)	100.00 (92.46)
[283/294]	0.033 (0.181)	100.00 (92.48)
[284/294]	0.018 (0.181)	100.00 (92.51)
[285/294]	0.030 (0.180)	100.00 (92.53)
[286/294]	0.107 (0.180)	95.00 (92.54)
[287/294]	0.033 (0.180)	100.00 (92.57)
[288/294]	0.013 (0.179)	100.00 (92.60)
[289/294]	0.129 (0.179)	90.00 (92.59)
[290/294]	0.071 (0.179)	95.00 (92.59)
[291/294]	0.035 (0.178)	100.00 (92.62)
[292/294]	0.049 (0.178)	100.00 (92.65)
[293/294]	0.015 (0.177)	100.00 (92.67)
 * Train Acc: 92.670
 * Avg. Data time: 0.007, Avg. Batch time: 0.055, Avg. Forward time: 0.004, Avg. Backward time: 0.039
Computing SI
 * Val Acc: 96.522, Time: 1.43
 * Test Acc: 97.650, Time: 2.33
=============Training Task 1=============
Active output nodes for this task: 
[0, 1, 2, 3]
=============Training Epoch 0=============
#reg terms:  1
Batch	 Loss		 Acc
[0/294]	6.423 (6.423)	0.00 (0.00)
[1/294]	3.765 (5.094)	0.00 (0.00)
[2/294]	2.491 (4.226)	10.00 (3.33)
[3/294]	1.177 (3.464)	40.00 (12.50)
[4/294]	0.913 (2.954)	30.00 (16.00)
[5/294]	0.602 (2.562)	75.00 (25.83)
[6/294]	0.960 (2.333)	40.00 (27.86)
[7/294]	0.632 (2.120)	80.00 (34.38)
[8/294]	0.652 (1.957)	65.00 (37.78)
[9/294]	0.624 (1.824)	60.00 (40.00)
[10/294]	0.620 (1.715)	65.00 (42.27)
[11/294]	0.412 (1.606)	75.00 (45.00)
[12/294]	0.562 (1.526)	70.00 (46.92)
[13/294]	0.630 (1.462)	60.00 (47.86)
[14/294]	0.569 (1.402)	70.00 (49.33)
[15/294]	0.611 (1.353)	65.00 (50.31)
[16/294]	0.486 (1.302)	75.00 (51.76)
[17/294]	0.599 (1.263)	75.00 (53.06)
[18/294]	0.547 (1.225)	65.00 (53.68)
[19/294]	0.440 (1.186)	80.00 (55.00)
[20/294]	0.407 (1.149)	80.00 (56.19)
[21/294]	0.594 (1.124)	55.00 (56.14)
[22/294]	0.640 (1.103)	70.00 (56.74)
[23/294]	0.475 (1.076)	80.00 (57.71)
[24/294]	0.615 (1.058)	60.00 (57.80)
[25/294]	0.479 (1.036)	70.00 (58.27)
[26/294]	0.469 (1.015)	75.00 (58.89)
[27/294]	0.536 (0.998)	75.00 (59.46)
[28/294]	0.468 (0.979)	80.00 (60.17)
[29/294]	0.328 (0.958)	90.00 (61.17)
[30/294]	0.344 (0.938)	90.00 (62.10)
[31/294]	0.293 (0.918)	100.00 (63.28)
[32/294]	0.379 (0.901)	80.00 (63.79)
[33/294]	0.450 (0.888)	75.00 (64.12)
[34/294]	0.385 (0.874)	90.00 (64.86)
[35/294]	0.225 (0.856)	100.00 (65.83)
[36/294]	0.336 (0.842)	90.00 (66.49)
[37/294]	0.348 (0.829)	85.00 (66.97)
[38/294]	0.304 (0.815)	80.00 (67.31)
[39/294]	0.402 (0.805)	85.00 (67.75)
[40/294]	0.431 (0.796)	80.00 (68.05)
[41/294]	0.265 (0.783)	90.00 (68.57)
[42/294]	0.319 (0.772)	90.00 (69.07)
[43/294]	0.366 (0.763)	85.00 (69.43)
[44/294]	0.282 (0.752)	85.00 (69.78)
[45/294]	0.700 (0.751)	65.00 (69.67)
[46/294]	0.538 (0.747)	65.00 (69.57)
[47/294]	0.285 (0.737)	80.00 (69.79)
[48/294]	0.269 (0.727)	95.00 (70.31)
[49/294]	0.313 (0.719)	80.00 (70.50)
[50/294]	0.439 (0.714)	85.00 (70.78)
[51/294]	0.420 (0.708)	85.00 (71.06)
[52/294]	0.344 (0.701)	90.00 (71.42)
[53/294]	0.275 (0.693)	85.00 (71.67)
[54/294]	0.196 (0.684)	100.00 (72.18)
[55/294]	0.270 (0.677)	80.00 (72.32)
[56/294]	0.215 (0.669)	95.00 (72.72)
[57/294]	0.377 (0.664)	75.00 (72.76)
[58/294]	0.244 (0.657)	90.00 (73.05)
[59/294]	0.261 (0.650)	85.00 (73.25)
[60/294]	0.273 (0.644)	90.00 (73.52)
[61/294]	0.181 (0.636)	95.00 (73.87)
[62/294]	0.205 (0.630)	90.00 (74.13)
[63/294]	0.423 (0.626)	75.00 (74.14)
[64/294]	0.285 (0.621)	85.00 (74.31)
[65/294]	0.863 (0.625)	65.00 (74.17)
[66/294]	0.516 (0.623)	70.00 (74.10)
[67/294]	0.286 (0.618)	90.00 (74.34)
[68/294]	0.221 (0.612)	90.00 (74.57)
[69/294]	0.248 (0.607)	95.00 (74.86)
[70/294]	0.197 (0.601)	90.00 (75.07)
[71/294]	0.147 (0.595)	100.00 (75.42)
[72/294]	0.223 (0.590)	90.00 (75.62)
[73/294]	0.399 (0.587)	80.00 (75.68)
[74/294]	0.346 (0.584)	80.00 (75.73)
[75/294]	0.195 (0.579)	95.00 (75.99)
[76/294]	0.250 (0.575)	95.00 (76.23)
[77/294]	0.228 (0.570)	95.00 (76.47)
[78/294]	0.157 (0.565)	100.00 (76.77)
[79/294]	0.289 (0.562)	90.00 (76.94)
[80/294]	0.287 (0.558)	85.00 (77.04)
[81/294]	0.195 (0.554)	90.00 (77.20)
[82/294]	0.164 (0.549)	95.00 (77.41)
[83/294]	0.221 (0.545)	95.00 (77.62)
[84/294]	0.282 (0.542)	90.00 (77.76)
[85/294]	0.146 (0.538)	100.00 (78.02)
[86/294]	0.312 (0.535)	90.00 (78.16)
[87/294]	0.345 (0.533)	95.00 (78.35)
[88/294]	0.355 (0.531)	80.00 (78.37)
[89/294]	0.281 (0.528)	90.00 (78.50)
[90/294]	0.156 (0.524)	95.00 (78.68)
[91/294]	0.336 (0.522)	85.00 (78.75)
[92/294]	0.524 (0.522)	80.00 (78.76)
[93/294]	0.835 (0.525)	60.00 (78.56)
[94/294]	0.140 (0.521)	95.00 (78.74)
[95/294]	0.289 (0.519)	85.00 (78.80)
[96/294]	0.265 (0.516)	90.00 (78.92)
[97/294]	0.324 (0.514)	75.00 (78.88)
[98/294]	0.241 (0.511)	90.00 (78.99)
[99/294]	0.327 (0.510)	75.00 (78.95)
[100/294]	0.339 (0.508)	85.00 (79.01)
[101/294]	0.295 (0.506)	80.00 (79.02)
[102/294]	0.282 (0.504)	90.00 (79.13)
[103/294]	0.244 (0.501)	90.00 (79.23)
[104/294]	0.119 (0.498)	95.00 (79.38)
[105/294]	0.434 (0.497)	85.00 (79.43)
[106/294]	0.221 (0.494)	95.00 (79.58)
[107/294]	0.176 (0.491)	90.00 (79.68)
[108/294]	0.236 (0.489)	90.00 (79.77)
[109/294]	0.128 (0.486)	100.00 (79.95)
[110/294]	0.117 (0.482)	95.00 (80.09)
[111/294]	0.132 (0.479)	100.00 (80.27)
[112/294]	0.195 (0.477)	95.00 (80.40)
[113/294]	0.154 (0.474)	100.00 (80.57)
[114/294]	0.222 (0.472)	90.00 (80.65)
[115/294]	0.282 (0.470)	90.00 (80.73)
[116/294]	0.199 (0.468)	90.00 (80.81)
[117/294]	0.126 (0.465)	95.00 (80.93)
[118/294]	0.437 (0.465)	85.00 (80.97)
[119/294]	0.552 (0.465)	80.00 (80.96)
[120/294]	0.317 (0.464)	85.00 (80.99)
[121/294]	0.181 (0.462)	95.00 (81.11)
[122/294]	0.139 (0.459)	95.00 (81.22)
[123/294]	0.139 (0.457)	95.00 (81.33)
[124/294]	0.317 (0.456)	85.00 (81.36)
[125/294]	0.145 (0.453)	95.00 (81.47)
[126/294]	0.184 (0.451)	90.00 (81.54)
[127/294]	0.276 (0.450)	90.00 (81.60)
[128/294]	0.149 (0.447)	95.00 (81.71)
[129/294]	0.267 (0.446)	90.00 (81.77)
[130/294]	0.222 (0.444)	95.00 (81.87)
[131/294]	0.150 (0.442)	95.00 (81.97)
[132/294]	0.065 (0.439)	100.00 (82.11)
[133/294]	0.206 (0.437)	90.00 (82.16)
[134/294]	0.358 (0.437)	90.00 (82.22)
[135/294]	0.480 (0.437)	85.00 (82.24)
[136/294]	0.406 (0.437)	95.00 (82.34)
[137/294]	0.286 (0.436)	90.00 (82.39)
[138/294]	0.363 (0.435)	90.00 (82.45)
[139/294]	0.103 (0.433)	100.00 (82.57)
[140/294]	0.054 (0.430)	100.00 (82.70)
[141/294]	0.151 (0.428)	90.00 (82.75)
[142/294]	0.344 (0.428)	90.00 (82.80)
[143/294]	0.240 (0.426)	85.00 (82.81)
[144/294]	0.124 (0.424)	100.00 (82.93)
[145/294]	0.139 (0.422)	90.00 (82.98)
[146/294]	0.108 (0.420)	100.00 (83.10)
[147/294]	0.224 (0.419)	90.00 (83.14)
[148/294]	0.143 (0.417)	95.00 (83.22)
[149/294]	0.097 (0.415)	95.00 (83.30)
[150/294]	0.291 (0.414)	85.00 (83.31)
[151/294]	0.089 (0.412)	100.00 (83.42)
[152/294]	0.287 (0.411)	95.00 (83.50)
[153/294]	0.069 (0.409)	95.00 (83.57)
[154/294]	0.260 (0.408)	85.00 (83.58)
[155/294]	0.255 (0.407)	85.00 (83.59)
[156/294]	0.151 (0.405)	95.00 (83.66)
[157/294]	0.160 (0.404)	95.00 (83.73)
[158/294]	0.051 (0.402)	100.00 (83.84)
[159/294]	0.272 (0.401)	85.00 (83.84)
[160/294]	0.098 (0.399)	100.00 (83.94)
[161/294]	0.188 (0.398)	90.00 (83.98)
[162/294]	0.198 (0.396)	90.00 (84.02)
[163/294]	0.121 (0.395)	90.00 (84.05)
[164/294]	0.113 (0.393)	95.00 (84.12)
[165/294]	0.146 (0.391)	95.00 (84.19)
[166/294]	0.092 (0.390)	100.00 (84.28)
[167/294]	0.058 (0.388)	100.00 (84.38)
[168/294]	0.132 (0.386)	95.00 (84.44)
[169/294]	0.490 (0.387)	80.00 (84.41)
[170/294]	0.162 (0.385)	90.00 (84.44)
[171/294]	0.151 (0.384)	95.00 (84.51)
[172/294]	0.199 (0.383)	90.00 (84.54)
[173/294]	0.141 (0.382)	95.00 (84.60)
[174/294]	0.460 (0.382)	80.00 (84.57)
[175/294]	0.251 (0.381)	85.00 (84.57)
[176/294]	0.260 (0.381)	95.00 (84.63)
[177/294]	0.267 (0.380)	90.00 (84.66)
[178/294]	0.166 (0.379)	90.00 (84.69)
[179/294]	0.119 (0.377)	95.00 (84.75)
[180/294]	0.070 (0.376)	95.00 (84.81)
[181/294]	0.113 (0.374)	95.00 (84.86)
[182/294]	0.184 (0.373)	95.00 (84.92)
[183/294]	0.096 (0.372)	100.00 (85.00)
[184/294]	0.083 (0.370)	95.00 (85.05)
[185/294]	0.104 (0.369)	100.00 (85.13)
[186/294]	0.295 (0.368)	90.00 (85.16)
[187/294]	0.176 (0.367)	95.00 (85.21)
[188/294]	0.118 (0.366)	90.00 (85.24)
[189/294]	0.280 (0.366)	90.00 (85.26)
[190/294]	0.210 (0.365)	95.00 (85.31)
[191/294]	0.225 (0.364)	90.00 (85.34)
[192/294]	0.030 (0.362)	100.00 (85.41)
[193/294]	0.356 (0.362)	80.00 (85.39)
[194/294]	0.164 (0.361)	90.00 (85.41)
[195/294]	0.079 (0.360)	95.00 (85.46)
[196/294]	0.203 (0.359)	95.00 (85.51)
[197/294]	0.206 (0.358)	85.00 (85.51)
[198/294]	0.108 (0.357)	95.00 (85.55)
[199/294]	0.104 (0.356)	95.00 (85.60)
[200/294]	0.186 (0.355)	90.00 (85.62)
[201/294]	0.176 (0.354)	90.00 (85.64)
[202/294]	0.115 (0.353)	95.00 (85.69)
[203/294]	0.115 (0.352)	95.00 (85.74)
[204/294]	0.196 (0.351)	90.00 (85.76)
[205/294]	0.288 (0.351)	90.00 (85.78)
[206/294]	0.170 (0.350)	95.00 (85.82)
[207/294]	0.206 (0.349)	95.00 (85.87)
[208/294]	0.108 (0.348)	95.00 (85.91)
[209/294]	0.058 (0.346)	100.00 (85.98)
[210/294]	0.070 (0.345)	100.00 (86.04)
[211/294]	0.168 (0.344)	95.00 (86.08)
[212/294]	0.103 (0.343)	95.00 (86.13)
[213/294]	0.100 (0.342)	100.00 (86.19)
[214/294]	0.203 (0.341)	90.00 (86.21)
[215/294]	0.166 (0.341)	90.00 (86.23)
[216/294]	0.117 (0.340)	95.00 (86.27)
[217/294]	0.078 (0.338)	100.00 (86.33)
[218/294]	0.382 (0.339)	85.00 (86.32)
[219/294]	0.127 (0.338)	95.00 (86.36)
[220/294]	0.249 (0.337)	85.00 (86.36)
[221/294]	0.185 (0.336)	95.00 (86.40)
[222/294]	0.340 (0.336)	80.00 (86.37)
[223/294]	0.100 (0.335)	95.00 (86.41)
[224/294]	0.067 (0.334)	100.00 (86.47)
[225/294]	0.244 (0.334)	90.00 (86.48)
[226/294]	0.219 (0.333)	90.00 (86.50)
[227/294]	0.109 (0.332)	95.00 (86.54)
[228/294]	0.339 (0.332)	80.00 (86.51)
[229/294]	0.540 (0.333)	85.00 (86.50)
[230/294]	0.276 (0.333)	85.00 (86.49)
[231/294]	0.087 (0.332)	100.00 (86.55)
[232/294]	0.299 (0.332)	95.00 (86.59)
[233/294]	0.048 (0.331)	100.00 (86.65)
[234/294]	0.090 (0.330)	95.00 (86.68)
[235/294]	0.355 (0.330)	80.00 (86.65)
[236/294]	0.135 (0.329)	95.00 (86.69)
[237/294]	0.271 (0.329)	90.00 (86.70)
[238/294]	0.048 (0.327)	100.00 (86.76)
[239/294]	0.124 (0.327)	90.00 (86.77)
[240/294]	0.056 (0.325)	100.00 (86.83)
[241/294]	0.332 (0.326)	80.00 (86.80)
[242/294]	0.160 (0.325)	90.00 (86.81)
[243/294]	0.224 (0.324)	90.00 (86.82)
[244/294]	0.070 (0.323)	100.00 (86.88)
[245/294]	0.264 (0.323)	85.00 (86.87)
[246/294]	0.073 (0.322)	100.00 (86.92)
[247/294]	0.144 (0.321)	90.00 (86.94)
[248/294]	0.158 (0.321)	95.00 (86.97)
[249/294]	0.417 (0.321)	80.00 (86.94)
[250/294]	0.179 (0.321)	95.00 (86.97)
[251/294]	0.137 (0.320)	95.00 (87.00)
[252/294]	0.061 (0.319)	100.00 (87.06)
[253/294]	0.252 (0.319)	85.00 (87.05)
[254/294]	0.168 (0.318)	95.00 (87.08)
[255/294]	0.152 (0.317)	95.00 (87.11)
[256/294]	0.033 (0.316)	100.00 (87.16)
[257/294]	0.229 (0.316)	90.00 (87.17)
[258/294]	0.230 (0.316)	95.00 (87.20)
[259/294]	0.094 (0.315)	100.00 (87.25)
[260/294]	0.088 (0.314)	95.00 (87.28)
[261/294]	0.122 (0.313)	95.00 (87.31)
[262/294]	0.328 (0.313)	95.00 (87.34)
[263/294]	0.210 (0.313)	90.00 (87.35)
[264/294]	0.088 (0.312)	95.00 (87.38)
[265/294]	0.230 (0.312)	95.00 (87.41)
[266/294]	0.219 (0.311)	90.00 (87.42)
[267/294]	0.055 (0.310)	100.00 (87.46)
[268/294]	0.058 (0.309)	100.00 (87.51)
[269/294]	0.110 (0.309)	90.00 (87.52)
[270/294]	0.114 (0.308)	95.00 (87.55)
[271/294]	0.195 (0.307)	95.00 (87.57)
[272/294]	0.058 (0.307)	100.00 (87.62)
[273/294]	0.118 (0.306)	100.00 (87.66)
[274/294]	0.050 (0.305)	95.00 (87.69)
[275/294]	0.135 (0.304)	95.00 (87.72)
[276/294]	0.090 (0.304)	100.00 (87.76)
[277/294]	0.083 (0.303)	100.00 (87.81)
[278/294]	0.046 (0.302)	100.00 (87.85)
[279/294]	0.204 (0.301)	95.00 (87.88)
[280/294]	0.071 (0.301)	100.00 (87.92)
[281/294]	0.203 (0.300)	95.00 (87.94)
[282/294]	0.233 (0.300)	90.00 (87.95)
[283/294]	0.021 (0.299)	100.00 (87.99)
[284/294]	0.076 (0.298)	95.00 (88.02)
[285/294]	0.092 (0.298)	100.00 (88.06)
[286/294]	0.045 (0.297)	100.00 (88.10)
[287/294]	0.114 (0.296)	95.00 (88.12)
[288/294]	0.216 (0.296)	90.00 (88.13)
[289/294]	0.051 (0.295)	100.00 (88.17)
[290/294]	0.024 (0.294)	100.00 (88.21)
[291/294]	0.042 (0.293)	100.00 (88.25)
[292/294]	0.161 (0.293)	90.00 (88.26)
[293/294]	0.368 (0.293)	66.67 (88.24)
 * Train Acc: 88.237
 * Avg. Data time: 0.004, Avg. Batch time: 0.064, Avg. Forward time: 0.004, Avg. Backward time: 0.051
Computing SI
 * Val Acc: 45.890, Time: 1.90
 * Test Acc: 48.819, Time: 3.74
=============Training Task 2=============
Active output nodes for this task: 
[0, 1, 2, 3, 4, 5]
=============Training Epoch 0=============
#reg terms:  1
Batch	 Loss		 Acc
[0/294]	12.371 (12.371)	0.00 (0.00)
[1/294]	9.682 (11.026)	0.00 (0.00)
[2/294]	7.140 (9.731)	0.00 (0.00)
[3/294]	4.458 (8.413)	0.00 (0.00)
[4/294]	2.668 (7.264)	0.00 (0.00)
[5/294]	1.960 (6.380)	5.00 (0.83)
[6/294]	1.456 (5.676)	25.00 (4.29)
[7/294]	1.192 (5.116)	65.00 (11.88)
[8/294]	1.106 (4.670)	75.00 (18.89)
[9/294]	1.048 (4.308)	55.00 (22.50)
[10/294]	0.928 (4.001)	70.00 (26.82)
[11/294]	0.864 (3.739)	65.00 (30.00)
[12/294]	0.864 (3.518)	75.00 (33.46)
[13/294]	0.744 (3.320)	90.00 (37.50)
[14/294]	0.779 (3.151)	70.00 (39.67)
[15/294]	0.735 (3.000)	75.00 (41.88)
[16/294]	0.752 (2.867)	60.00 (42.94)
[17/294]	0.671 (2.745)	75.00 (44.72)
[18/294]	0.668 (2.636)	85.00 (46.84)
[19/294]	0.678 (2.538)	75.00 (48.25)
[20/294]	0.708 (2.451)	50.00 (48.33)
[21/294]	0.685 (2.371)	50.00 (48.41)
[22/294]	0.628 (2.295)	80.00 (49.78)
[23/294]	0.679 (2.228)	60.00 (50.21)
[24/294]	0.631 (2.164)	65.00 (50.80)
[25/294]	0.692 (2.107)	65.00 (51.35)
[26/294]	0.652 (2.053)	65.00 (51.85)
[27/294]	0.579 (2.001)	75.00 (52.68)
[28/294]	0.623 (1.953)	65.00 (53.10)
[29/294]	0.582 (1.907)	90.00 (54.33)
[30/294]	0.573 (1.864)	85.00 (55.32)
[31/294]	0.595 (1.825)	75.00 (55.94)
[32/294]	0.580 (1.787)	80.00 (56.67)
[33/294]	0.621 (1.753)	70.00 (57.06)
[34/294]	0.571 (1.719)	80.00 (57.71)
[35/294]	0.554 (1.687)	90.00 (58.61)
[36/294]	0.523 (1.655)	75.00 (59.05)
[37/294]	0.593 (1.627)	80.00 (59.61)
[38/294]	0.851 (1.607)	40.00 (59.10)
[39/294]	0.705 (1.585)	55.00 (59.00)
[40/294]	0.546 (1.559)	75.00 (59.39)
[41/294]	0.538 (1.535)	75.00 (59.76)
[42/294]	0.489 (1.511)	80.00 (60.23)
[43/294]	0.537 (1.489)	70.00 (60.45)
[44/294]	0.513 (1.467)	75.00 (60.78)
[45/294]	0.589 (1.448)	60.00 (60.76)
[46/294]	0.557 (1.429)	70.00 (60.96)
[47/294]	0.547 (1.411)	75.00 (61.25)
[48/294]	0.572 (1.393)	75.00 (61.53)
[49/294]	0.545 (1.376)	70.00 (61.70)
[50/294]	0.482 (1.359)	80.00 (62.06)
[51/294]	0.418 (1.341)	90.00 (62.60)
[52/294]	0.367 (1.322)	95.00 (63.21)
[53/294]	0.444 (1.306)	90.00 (63.70)
[54/294]	0.438 (1.290)	75.00 (63.91)
[55/294]	0.400 (1.274)	85.00 (64.29)
[56/294]	0.394 (1.259)	95.00 (64.82)
[57/294]	0.452 (1.245)	85.00 (65.17)
[58/294]	0.345 (1.230)	90.00 (65.59)
[59/294]	0.475 (1.217)	85.00 (65.92)
[60/294]	0.724 (1.209)	60.00 (65.82)
[61/294]	0.371 (1.196)	80.00 (66.05)
[62/294]	0.467 (1.184)	75.00 (66.19)
[63/294]	0.509 (1.174)	75.00 (66.33)
[64/294]	0.291 (1.160)	95.00 (66.77)
[65/294]	0.404 (1.149)	85.00 (67.05)
[66/294]	0.317 (1.136)	95.00 (67.46)
[67/294]	0.467 (1.126)	75.00 (67.57)
[68/294]	0.403 (1.116)	80.00 (67.75)
[69/294]	0.464 (1.106)	80.00 (67.93)
[70/294]	0.251 (1.094)	100.00 (68.38)
[71/294]	0.566 (1.087)	65.00 (68.33)
[72/294]	0.371 (1.077)	95.00 (68.70)
[73/294]	0.473 (1.069)	75.00 (68.78)
[74/294]	0.206 (1.058)	100.00 (69.20)
[75/294]	0.453 (1.050)	85.00 (69.41)
[76/294]	0.267 (1.039)	90.00 (69.68)
[77/294]	0.509 (1.033)	85.00 (69.87)
[78/294]	0.439 (1.025)	85.00 (70.06)
[79/294]	0.381 (1.017)	85.00 (70.25)
[80/294]	0.290 (1.008)	90.00 (70.49)
[81/294]	0.456 (1.001)	75.00 (70.55)
[82/294]	0.389 (0.994)	85.00 (70.72)
[83/294]	0.268 (0.985)	90.00 (70.95)
[84/294]	0.341 (0.978)	90.00 (71.18)
[85/294]	0.242 (0.969)	100.00 (71.51)
[86/294]	0.345 (0.962)	85.00 (71.67)
[87/294]	0.353 (0.955)	80.00 (71.76)
[88/294]	0.327 (0.948)	80.00 (71.85)
[89/294]	0.191 (0.940)	95.00 (72.11)
[90/294]	0.183 (0.931)	90.00 (72.31)
[91/294]	0.367 (0.925)	80.00 (72.39)
[92/294]	0.307 (0.919)	85.00 (72.53)
[93/294]	0.280 (0.912)	90.00 (72.71)
[94/294]	0.193 (0.904)	95.00 (72.95)
[95/294]	0.383 (0.899)	75.00 (72.97)
[96/294]	0.134 (0.891)	100.00 (73.25)
[97/294]	0.257 (0.884)	90.00 (73.42)
[98/294]	0.164 (0.877)	95.00 (73.64)
[99/294]	0.332 (0.872)	85.00 (73.75)
[100/294]	0.246 (0.866)	90.00 (73.91)
[101/294]	0.183 (0.859)	90.00 (74.07)
[102/294]	0.155 (0.852)	100.00 (74.32)
[103/294]	0.208 (0.846)	95.00 (74.52)
[104/294]	0.318 (0.841)	80.00 (74.57)
[105/294]	0.211 (0.835)	90.00 (74.72)
[106/294]	0.425 (0.831)	85.00 (74.81)
[107/294]	0.228 (0.825)	90.00 (74.95)
[108/294]	0.223 (0.820)	90.00 (75.09)
[109/294]	0.269 (0.815)	90.00 (75.23)
[110/294]	0.234 (0.810)	90.00 (75.36)
[111/294]	0.131 (0.804)	95.00 (75.54)
[112/294]	0.370 (0.800)	75.00 (75.53)
[113/294]	0.364 (0.796)	85.00 (75.61)
[114/294]	0.161 (0.790)	95.00 (75.78)
[115/294]	0.132 (0.785)	95.00 (75.95)
[116/294]	0.138 (0.779)	95.00 (76.11)
[117/294]	0.150 (0.774)	95.00 (76.27)
[118/294]	0.132 (0.768)	95.00 (76.43)
[119/294]	0.197 (0.764)	95.00 (76.58)
[120/294]	0.185 (0.759)	95.00 (76.74)
[121/294]	0.235 (0.755)	85.00 (76.80)
[122/294]	0.207 (0.750)	90.00 (76.91)
[123/294]	0.195 (0.746)	95.00 (77.06)
[124/294]	0.187 (0.741)	90.00 (77.16)
[125/294]	0.207 (0.737)	90.00 (77.26)
[126/294]	0.198 (0.733)	90.00 (77.36)
[127/294]	0.291 (0.729)	90.00 (77.46)
[128/294]	0.297 (0.726)	90.00 (77.56)
[129/294]	0.252 (0.722)	95.00 (77.69)
[130/294]	0.194 (0.718)	95.00 (77.82)
[131/294]	0.054 (0.713)	100.00 (77.99)
[132/294]	0.146 (0.709)	95.00 (78.12)
[133/294]	0.388 (0.707)	90.00 (78.21)
[134/294]	0.315 (0.704)	85.00 (78.26)
[135/294]	0.293 (0.701)	85.00 (78.31)
[136/294]	0.107 (0.696)	95.00 (78.43)
[137/294]	0.588 (0.696)	75.00 (78.41)
[138/294]	0.403 (0.693)	80.00 (78.42)
[139/294]	0.090 (0.689)	100.00 (78.57)
[140/294]	0.139 (0.685)	95.00 (78.69)
[141/294]	0.093 (0.681)	100.00 (78.84)
[142/294]	0.192 (0.678)	95.00 (78.95)
[143/294]	0.121 (0.674)	95.00 (79.06)
[144/294]	0.105 (0.670)	100.00 (79.21)
[145/294]	0.163 (0.666)	95.00 (79.32)
[146/294]	0.204 (0.663)	95.00 (79.42)
[147/294]	0.237 (0.660)	90.00 (79.49)
[148/294]	0.149 (0.657)	95.00 (79.60)
[149/294]	0.200 (0.654)	90.00 (79.67)
[150/294]	0.093 (0.650)	100.00 (79.80)
[151/294]	0.094 (0.646)	95.00 (79.90)
[152/294]	0.119 (0.643)	95.00 (80.00)
[153/294]	0.144 (0.640)	90.00 (80.06)
[154/294]	0.417 (0.638)	85.00 (80.10)
[155/294]	0.309 (0.636)	95.00 (80.19)
[156/294]	0.222 (0.634)	95.00 (80.29)
[157/294]	0.073 (0.630)	95.00 (80.38)
[158/294]	0.128 (0.627)	90.00 (80.44)
[159/294]	0.072 (0.623)	100.00 (80.56)
[160/294]	0.176 (0.621)	90.00 (80.62)
[161/294]	0.067 (0.617)	100.00 (80.74)
[162/294]	0.089 (0.614)	100.00 (80.86)
[163/294]	0.156 (0.611)	95.00 (80.95)
[164/294]	0.318 (0.609)	90.00 (81.00)
[165/294]	0.114 (0.606)	100.00 (81.11)
[166/294]	0.159 (0.604)	95.00 (81.20)
[167/294]	0.109 (0.601)	100.00 (81.31)
[168/294]	0.167 (0.598)	95.00 (81.39)
[169/294]	0.228 (0.596)	90.00 (81.44)
[170/294]	0.148 (0.593)	95.00 (81.52)
[171/294]	0.158 (0.591)	90.00 (81.57)
[172/294]	0.184 (0.589)	90.00 (81.62)
[173/294]	0.143 (0.586)	95.00 (81.70)
[174/294]	0.360 (0.585)	85.00 (81.71)
[175/294]	0.066 (0.582)	100.00 (81.82)
[176/294]	0.097 (0.579)	95.00 (81.89)
[177/294]	0.154 (0.577)	95.00 (81.97)
[178/294]	0.141 (0.574)	95.00 (82.04)
[179/294]	0.179 (0.572)	90.00 (82.08)
[180/294]	0.188 (0.570)	90.00 (82.13)
[181/294]	0.080 (0.567)	100.00 (82.23)
[182/294]	0.086 (0.565)	100.00 (82.32)
[183/294]	0.114 (0.562)	95.00 (82.39)
[184/294]	0.103 (0.560)	90.00 (82.43)
[185/294]	0.074 (0.557)	100.00 (82.53)
[186/294]	0.183 (0.555)	95.00 (82.59)
[187/294]	0.114 (0.553)	95.00 (82.66)
[188/294]	0.191 (0.551)	90.00 (82.70)
[189/294]	0.281 (0.549)	90.00 (82.74)
[190/294]	0.129 (0.547)	100.00 (82.83)
[191/294]	0.121 (0.545)	100.00 (82.92)
[192/294]	0.068 (0.542)	100.00 (83.01)
[193/294]	0.084 (0.540)	100.00 (83.09)
[194/294]	0.072 (0.538)	100.00 (83.18)
[195/294]	0.133 (0.536)	95.00 (83.24)
[196/294]	0.055 (0.533)	100.00 (83.32)
[197/294]	0.050 (0.531)	100.00 (83.41)
[198/294]	0.095 (0.529)	95.00 (83.47)
[199/294]	0.056 (0.526)	100.00 (83.55)
[200/294]	0.179 (0.524)	95.00 (83.61)
[201/294]	0.044 (0.522)	100.00 (83.69)
[202/294]	0.266 (0.521)	85.00 (83.69)
[203/294]	0.136 (0.519)	95.00 (83.75)
[204/294]	0.214 (0.517)	85.00 (83.76)
[205/294]	0.293 (0.516)	90.00 (83.79)
[206/294]	0.116 (0.514)	95.00 (83.84)
[207/294]	0.025 (0.512)	100.00 (83.92)
[208/294]	0.032 (0.510)	100.00 (84.00)
[209/294]	0.066 (0.508)	100.00 (84.07)
[210/294]	0.036 (0.505)	100.00 (84.15)
[211/294]	0.243 (0.504)	85.00 (84.15)
[212/294]	0.076 (0.502)	100.00 (84.23)
[213/294]	0.119 (0.500)	90.00 (84.25)
[214/294]	0.163 (0.499)	95.00 (84.30)
[215/294]	0.097 (0.497)	95.00 (84.35)
[216/294]	0.045 (0.495)	100.00 (84.42)
[217/294]	0.154 (0.493)	95.00 (84.47)
[218/294]	0.049 (0.491)	100.00 (84.54)
[219/294]	0.061 (0.489)	100.00 (84.61)
[220/294]	0.185 (0.488)	90.00 (84.64)
[221/294]	0.174 (0.487)	90.00 (84.66)
[222/294]	0.132 (0.485)	95.00 (84.71)
[223/294]	0.201 (0.484)	95.00 (84.75)
[224/294]	0.043 (0.482)	100.00 (84.82)
[225/294]	0.237 (0.481)	85.00 (84.82)
[226/294]	0.040 (0.479)	100.00 (84.89)
[227/294]	0.208 (0.478)	90.00 (84.91)
[228/294]	0.122 (0.476)	95.00 (84.96)
[229/294]	0.159 (0.475)	95.00 (85.00)
[230/294]	0.084 (0.473)	95.00 (85.04)
[231/294]	0.184 (0.472)	95.00 (85.09)
[232/294]	0.156 (0.470)	95.00 (85.13)
[233/294]	0.071 (0.469)	95.00 (85.17)
[234/294]	0.099 (0.467)	95.00 (85.21)
[235/294]	0.045 (0.465)	100.00 (85.28)
[236/294]	0.098 (0.464)	95.00 (85.32)
[237/294]	0.151 (0.462)	95.00 (85.36)
[238/294]	0.041 (0.461)	100.00 (85.42)
[239/294]	0.192 (0.459)	85.00 (85.42)
[240/294]	0.063 (0.458)	100.00 (85.48)
[241/294]	0.049 (0.456)	100.00 (85.54)
[242/294]	0.053 (0.454)	100.00 (85.60)
[243/294]	0.068 (0.453)	100.00 (85.66)
[244/294]	0.072 (0.451)	95.00 (85.69)
[245/294]	0.040 (0.450)	100.00 (85.75)
[246/294]	0.160 (0.448)	95.00 (85.79)
[247/294]	0.020 (0.447)	100.00 (85.85)
[248/294]	0.021 (0.445)	100.00 (85.90)
[249/294]	0.207 (0.444)	85.00 (85.90)
[250/294]	0.059 (0.443)	100.00 (85.96)
[251/294]	0.175 (0.442)	90.00 (85.97)
[252/294]	0.096 (0.440)	95.00 (86.01)
[253/294]	0.051 (0.439)	100.00 (86.06)
[254/294]	0.026 (0.437)	100.00 (86.12)
[255/294]	0.138 (0.436)	90.00 (86.13)
[256/294]	0.088 (0.434)	95.00 (86.17)
[257/294]	0.047 (0.433)	100.00 (86.22)
[258/294]	0.104 (0.432)	100.00 (86.27)
[259/294]	0.151 (0.431)	85.00 (86.27)
[260/294]	0.106 (0.429)	95.00 (86.30)
[261/294]	0.058 (0.428)	100.00 (86.35)
[262/294]	0.059 (0.427)	100.00 (86.41)
[263/294]	0.030 (0.425)	100.00 (86.46)
[264/294]	0.069 (0.424)	100.00 (86.51)
[265/294]	0.021 (0.422)	100.00 (86.56)
[266/294]	0.029 (0.421)	100.00 (86.61)
[267/294]	0.053 (0.419)	100.00 (86.66)
[268/294]	0.017 (0.418)	100.00 (86.71)
[269/294]	0.030 (0.416)	100.00 (86.76)
[270/294]	0.077 (0.415)	100.00 (86.81)
[271/294]	0.053 (0.414)	100.00 (86.86)
[272/294]	0.024 (0.412)	100.00 (86.90)
[273/294]	0.153 (0.411)	95.00 (86.93)
[274/294]	0.048 (0.410)	100.00 (86.98)
[275/294]	0.020 (0.409)	100.00 (87.03)
[276/294]	0.029 (0.407)	100.00 (87.08)
[277/294]	0.249 (0.407)	90.00 (87.09)
[278/294]	0.016 (0.405)	100.00 (87.13)
[279/294]	0.017 (0.404)	100.00 (87.18)
[280/294]	0.038 (0.403)	100.00 (87.22)
[281/294]	0.029 (0.401)	100.00 (87.27)
[282/294]	0.268 (0.401)	90.00 (87.28)
[283/294]	0.016 (0.400)	100.00 (87.32)
[284/294]	0.020 (0.398)	100.00 (87.37)
[285/294]	0.059 (0.397)	100.00 (87.41)
[286/294]	0.012 (0.396)	100.00 (87.46)
[287/294]	0.010 (0.394)	100.00 (87.50)
[288/294]	0.089 (0.393)	95.00 (87.53)
[289/294]	0.011 (0.392)	100.00 (87.57)
[290/294]	0.164 (0.391)	95.00 (87.59)
[291/294]	0.025 (0.390)	100.00 (87.64)
[292/294]	0.027 (0.389)	100.00 (87.68)
[293/294]	0.032 (0.387)	100.00 (87.72)
 * Train Acc: 87.721
 * Avg. Data time: 0.008, Avg. Batch time: 0.065, Avg. Forward time: 0.004, Avg. Backward time: 0.047
Computing SI
 * Val Acc: 30.460, Time: 3.45
 * Test Acc: 32.848, Time: 7.65
=============Training Task 3=============
Active output nodes for this task: 
[0, 1, 2, 3, 4, 5, 6, 7]
=============Training Epoch 0=============
#reg terms:  1
Batch	 Loss		 Acc
[0/294]	11.675 (11.675)	0.00 (0.00)
[1/294]	11.119 (11.397)	0.00 (0.00)
[2/294]	8.755 (10.516)	0.00 (0.00)
[3/294]	6.784 (9.583)	0.00 (0.00)
[4/294]	4.716 (8.610)	0.00 (0.00)
[5/294]	3.543 (7.765)	0.00 (0.00)
[6/294]	2.740 (7.047)	0.00 (0.00)
[7/294]	2.371 (6.463)	0.00 (0.00)
[8/294]	2.175 (5.986)	0.00 (0.00)
[9/294]	2.150 (5.603)	0.00 (0.00)
[10/294]	2.003 (5.275)	10.00 (0.91)
[11/294]	2.005 (5.003)	10.00 (1.67)
[12/294]	1.951 (4.768)	15.00 (2.69)
[13/294]	1.959 (4.567)	15.00 (3.57)
[14/294]	1.877 (4.388)	35.00 (5.67)
[15/294]	1.848 (4.229)	35.00 (7.50)
[16/294]	1.822 (4.088)	40.00 (9.41)
[17/294]	1.745 (3.958)	40.00 (11.11)
[18/294]	1.674 (3.837)	55.00 (13.42)
[19/294]	1.515 (3.721)	55.00 (15.50)
[20/294]	1.524 (3.617)	45.00 (16.90)
[21/294]	1.386 (3.515)	55.00 (18.64)
[22/294]	1.336 (3.421)	75.00 (21.09)
[23/294]	1.156 (3.326)	50.00 (22.29)
[24/294]	1.127 (3.238)	35.00 (22.80)
[25/294]	0.944 (3.150)	80.00 (25.00)
[26/294]	0.914 (3.067)	45.00 (25.74)
[27/294]	0.775 (2.985)	70.00 (27.32)
[28/294]	0.720 (2.907)	60.00 (28.45)
[29/294]	0.808 (2.837)	50.00 (29.17)
[30/294]	0.739 (2.770)	60.00 (30.16)
[31/294]	0.683 (2.704)	65.00 (31.25)
[32/294]	0.659 (2.642)	70.00 (32.42)
[33/294]	0.701 (2.585)	45.00 (32.79)
[34/294]	0.718 (2.532)	55.00 (33.43)
[35/294]	0.705 (2.481)	70.00 (34.44)
[36/294]	0.588 (2.430)	65.00 (35.27)
[37/294]	0.868 (2.389)	45.00 (35.53)
[38/294]	0.798 (2.348)	50.00 (35.90)
[39/294]	0.604 (2.304)	70.00 (36.75)
[40/294]	0.748 (2.267)	45.00 (36.95)
[41/294]	0.573 (2.226)	65.00 (37.62)
[42/294]	0.929 (2.196)	40.00 (37.67)
[43/294]	0.649 (2.161)	60.00 (38.18)
[44/294]	0.549 (2.125)	60.00 (38.67)
[45/294]	0.704 (2.094)	55.00 (39.02)
[46/294]	0.630 (2.063)	65.00 (39.57)
[47/294]	0.534 (2.031)	70.00 (40.21)
[48/294]	0.733 (2.005)	70.00 (40.82)
[49/294]	0.706 (1.979)	60.00 (41.20)
[50/294]	0.598 (1.952)	65.00 (41.67)
[51/294]	0.496 (1.924)	80.00 (42.40)
[52/294]	0.606 (1.899)	70.00 (42.92)
[53/294]	0.362 (1.870)	90.00 (43.80)
[54/294]	0.633 (1.848)	70.00 (44.27)
[55/294]	0.394 (1.822)	85.00 (45.00)
[56/294]	0.753 (1.803)	50.00 (45.09)
[57/294]	0.634 (1.783)	55.00 (45.26)
[58/294]	0.533 (1.762)	80.00 (45.85)
[59/294]	0.499 (1.741)	75.00 (46.33)
[60/294]	0.611 (1.722)	65.00 (46.64)
[61/294]	0.518 (1.703)	70.00 (47.02)
[62/294]	0.487 (1.683)	75.00 (47.46)
[63/294]	0.697 (1.668)	45.00 (47.42)
[64/294]	0.521 (1.650)	65.00 (47.69)
[65/294]	0.393 (1.631)	90.00 (48.33)
[66/294]	0.491 (1.614)	65.00 (48.58)
[67/294]	0.436 (1.597)	80.00 (49.04)
[68/294]	0.506 (1.581)	80.00 (49.49)
[69/294]	0.496 (1.566)	80.00 (49.93)
[70/294]	0.428 (1.550)	80.00 (50.35)
[71/294]	0.460 (1.535)	80.00 (50.76)
[72/294]	0.399 (1.519)	80.00 (51.16)
[73/294]	0.226 (1.502)	100.00 (51.82)
[74/294]	0.277 (1.485)	100.00 (52.47)
[75/294]	0.342 (1.470)	90.00 (52.96)
[76/294]	0.394 (1.456)	75.00 (53.25)
[77/294]	0.354 (1.442)	90.00 (53.72)
[78/294]	0.419 (1.429)	80.00 (54.05)
[79/294]	0.494 (1.417)	65.00 (54.19)
[80/294]	0.255 (1.403)	95.00 (54.69)
[81/294]	0.299 (1.390)	90.00 (55.12)
[82/294]	0.333 (1.377)	90.00 (55.54)
[83/294]	0.321 (1.364)	90.00 (55.95)
[84/294]	0.434 (1.353)	75.00 (56.18)
[85/294]	0.374 (1.342)	90.00 (56.57)
[86/294]	0.247 (1.329)	100.00 (57.07)
[87/294]	0.304 (1.318)	85.00 (57.39)
[88/294]	0.178 (1.305)	100.00 (57.87)
[89/294]	0.348 (1.294)	85.00 (58.17)
[90/294]	0.193 (1.282)	100.00 (58.63)
[91/294]	0.284 (1.271)	95.00 (59.02)
[92/294]	0.324 (1.261)	85.00 (59.30)
[93/294]	0.312 (1.251)	85.00 (59.57)
[94/294]	0.352 (1.242)	80.00 (59.79)
[95/294]	0.250 (1.231)	80.00 (60.00)
[96/294]	0.419 (1.223)	85.00 (60.26)
[97/294]	0.199 (1.212)	95.00 (60.61)
[98/294]	0.373 (1.204)	80.00 (60.81)
[99/294]	0.293 (1.195)	85.00 (61.05)
[100/294]	0.244 (1.185)	85.00 (61.29)
[101/294]	0.324 (1.177)	85.00 (61.52)
[102/294]	0.171 (1.167)	95.00 (61.84)
[103/294]	0.228 (1.158)	90.00 (62.12)
[104/294]	0.331 (1.150)	85.00 (62.33)
[105/294]	0.385 (1.143)	85.00 (62.55)
[106/294]	0.285 (1.135)	90.00 (62.80)
[107/294]	0.219 (1.127)	90.00 (63.06)
[108/294]	0.325 (1.119)	95.00 (63.35)
[109/294]	0.241 (1.111)	95.00 (63.64)
[110/294]	0.256 (1.104)	90.00 (63.87)
[111/294]	0.128 (1.095)	100.00 (64.20)
[112/294]	0.212 (1.087)	85.00 (64.38)
[113/294]	0.278 (1.080)	85.00 (64.56)
[114/294]	0.266 (1.073)	95.00 (64.83)
[115/294]	0.157 (1.065)	95.00 (65.09)
[116/294]	0.213 (1.058)	95.00 (65.34)
[117/294]	0.204 (1.050)	90.00 (65.55)
[118/294]	0.186 (1.043)	95.00 (65.80)
[119/294]	0.222 (1.036)	90.00 (66.00)
[120/294]	0.093 (1.029)	100.00 (66.28)
[121/294]	0.251 (1.022)	85.00 (66.43)
[122/294]	0.284 (1.016)	80.00 (66.54)
[123/294]	0.235 (1.010)	80.00 (66.65)
[124/294]	0.110 (1.003)	95.00 (66.88)
[125/294]	0.200 (0.996)	90.00 (67.06)
[126/294]	0.685 (0.994)	85.00 (67.20)
[127/294]	0.150 (0.987)	100.00 (67.46)
[128/294]	0.183 (0.981)	100.00 (67.71)
[129/294]	0.172 (0.975)	95.00 (67.92)
[130/294]	0.120 (0.968)	100.00 (68.17)
[131/294]	0.119 (0.962)	95.00 (68.37)
[132/294]	0.257 (0.957)	90.00 (68.53)
[133/294]	0.194 (0.951)	95.00 (68.73)
[134/294]	0.346 (0.946)	80.00 (68.81)
[135/294]	0.113 (0.940)	100.00 (69.04)
[136/294]	0.179 (0.935)	95.00 (69.23)
[137/294]	0.225 (0.930)	90.00 (69.38)
[138/294]	0.091 (0.923)	95.00 (69.57)
[139/294]	0.095 (0.918)	95.00 (69.75)
[140/294]	0.157 (0.912)	95.00 (69.93)
[141/294]	0.122 (0.907)	95.00 (70.11)
[142/294]	0.080 (0.901)	100.00 (70.31)
[143/294]	0.194 (0.896)	90.00 (70.45)
[144/294]	0.151 (0.891)	95.00 (70.62)
[145/294]	0.178 (0.886)	95.00 (70.79)
[146/294]	0.348 (0.882)	85.00 (70.88)
[147/294]	0.084 (0.877)	100.00 (71.08)
[148/294]	0.153 (0.872)	90.00 (71.21)
[149/294]	0.161 (0.867)	90.00 (71.33)
[150/294]	0.112 (0.862)	95.00 (71.49)
[151/294]	0.169 (0.858)	90.00 (71.61)
[152/294]	0.089 (0.853)	100.00 (71.80)
[153/294]	0.038 (0.847)	100.00 (71.98)
[154/294]	0.198 (0.843)	95.00 (72.13)
[155/294]	0.140 (0.839)	90.00 (72.24)
[156/294]	0.210 (0.835)	90.00 (72.36)
[157/294]	0.058 (0.830)	100.00 (72.53)
[158/294]	0.074 (0.825)	100.00 (72.70)
[159/294]	0.137 (0.821)	95.00 (72.84)
[160/294]	0.096 (0.816)	100.00 (73.01)
[161/294]	0.241 (0.813)	90.00 (73.12)
[162/294]	0.096 (0.808)	100.00 (73.28)
[163/294]	0.142 (0.804)	95.00 (73.41)
[164/294]	0.057 (0.800)	100.00 (73.58)
[165/294]	0.101 (0.795)	95.00 (73.70)
[166/294]	0.109 (0.791)	95.00 (73.83)
[167/294]	0.072 (0.787)	95.00 (73.96)
[168/294]	0.156 (0.783)	90.00 (74.05)
[169/294]	0.125 (0.779)	95.00 (74.18)
[170/294]	0.050 (0.775)	100.00 (74.33)
[171/294]	0.156 (0.772)	95.00 (74.45)
[172/294]	0.066 (0.768)	95.00 (74.57)
[173/294]	0.083 (0.764)	100.00 (74.71)
[174/294]	0.037 (0.759)	100.00 (74.86)
[175/294]	0.093 (0.756)	100.00 (75.00)
[176/294]	0.041 (0.752)	100.00 (75.14)
[177/294]	0.085 (0.748)	100.00 (75.28)
[178/294]	0.073 (0.744)	100.00 (75.42)
[179/294]	0.205 (0.741)	85.00 (75.47)
[180/294]	0.027 (0.737)	100.00 (75.61)
[181/294]	0.156 (0.734)	85.00 (75.66)
[182/294]	0.154 (0.731)	95.00 (75.77)
[183/294]	0.410 (0.729)	95.00 (75.87)
[184/294]	0.060 (0.725)	100.00 (76.00)
[185/294]	0.241 (0.723)	90.00 (76.08)
[186/294]	0.155 (0.720)	100.00 (76.20)
[187/294]	0.160 (0.717)	95.00 (76.30)
[188/294]	0.098 (0.714)	95.00 (76.40)
[189/294]	0.121 (0.710)	95.00 (76.50)
[190/294]	0.045 (0.707)	100.00 (76.62)
[191/294]	0.079 (0.704)	95.00 (76.72)
[192/294]	0.024 (0.700)	100.00 (76.84)
[193/294]	0.094 (0.697)	95.00 (76.93)
[194/294]	0.110 (0.694)	95.00 (77.03)
[195/294]	0.232 (0.692)	90.00 (77.09)
[196/294]	0.123 (0.689)	100.00 (77.21)
[197/294]	0.115 (0.686)	90.00 (77.27)
[198/294]	0.103 (0.683)	95.00 (77.36)
[199/294]	0.027 (0.680)	100.00 (77.47)
[200/294]	0.072 (0.677)	95.00 (77.56)
[201/294]	0.029 (0.673)	100.00 (77.67)
[202/294]	0.107 (0.671)	95.00 (77.76)
[203/294]	0.103 (0.668)	95.00 (77.84)
[204/294]	0.131 (0.665)	95.00 (77.93)
[205/294]	0.111 (0.663)	100.00 (78.03)
[206/294]	0.082 (0.660)	100.00 (78.14)
[207/294]	0.030 (0.657)	100.00 (78.25)
[208/294]	0.031 (0.654)	100.00 (78.35)
[209/294]	0.115 (0.651)	100.00 (78.45)
[210/294]	0.028 (0.648)	100.00 (78.55)
[211/294]	0.050 (0.645)	100.00 (78.66)
[212/294]	0.062 (0.643)	100.00 (78.76)
[213/294]	0.290 (0.641)	90.00 (78.81)
[214/294]	0.056 (0.638)	100.00 (78.91)
[215/294]	0.138 (0.636)	95.00 (78.98)
[216/294]	0.299 (0.634)	95.00 (79.06)
[217/294]	0.058 (0.632)	100.00 (79.15)
[218/294]	0.059 (0.629)	100.00 (79.25)
[219/294]	0.108 (0.627)	95.00 (79.32)
[220/294]	0.145 (0.625)	95.00 (79.39)
[221/294]	0.031 (0.622)	100.00 (79.48)
[222/294]	0.101 (0.620)	100.00 (79.57)
[223/294]	0.088 (0.617)	95.00 (79.64)
[224/294]	0.060 (0.615)	100.00 (79.73)
[225/294]	0.055 (0.612)	100.00 (79.82)
[226/294]	0.026 (0.610)	100.00 (79.91)
[227/294]	0.033 (0.607)	100.00 (80.00)
[228/294]	0.064 (0.605)	100.00 (80.09)
[229/294]	0.062 (0.602)	100.00 (80.17)
[230/294]	0.161 (0.601)	90.00 (80.22)
[231/294]	0.051 (0.598)	100.00 (80.30)
[232/294]	0.082 (0.596)	100.00 (80.39)
[233/294]	0.024 (0.593)	100.00 (80.47)
[234/294]	0.053 (0.591)	100.00 (80.55)
[235/294]	0.043 (0.589)	100.00 (80.64)
[236/294]	0.097 (0.587)	95.00 (80.70)
[237/294]	0.130 (0.585)	95.00 (80.76)
[238/294]	0.074 (0.583)	95.00 (80.82)
[239/294]	0.195 (0.581)	95.00 (80.88)
[240/294]	0.075 (0.579)	100.00 (80.95)
[241/294]	0.145 (0.577)	95.00 (81.01)
[242/294]	0.092 (0.575)	95.00 (81.07)
[243/294]	0.034 (0.573)	100.00 (81.15)
[244/294]	0.076 (0.571)	95.00 (81.20)
[245/294]	0.245 (0.570)	90.00 (81.24)
[246/294]	0.091 (0.568)	100.00 (81.32)
[247/294]	0.061 (0.566)	100.00 (81.39)
[248/294]	0.061 (0.564)	100.00 (81.47)
[249/294]	0.020 (0.561)	100.00 (81.54)
[250/294]	0.103 (0.560)	95.00 (81.59)
[251/294]	0.132 (0.558)	95.00 (81.65)
[252/294]	0.037 (0.556)	100.00 (81.72)
[253/294]	0.036 (0.554)	100.00 (81.79)
[254/294]	0.096 (0.552)	100.00 (81.86)
[255/294]	0.057 (0.550)	100.00 (81.93)
[256/294]	0.099 (0.548)	95.00 (81.98)
[257/294]	0.038 (0.546)	100.00 (82.05)
[258/294]	0.046 (0.544)	100.00 (82.12)
[259/294]	0.040 (0.543)	100.00 (82.19)
[260/294]	0.053 (0.541)	100.00 (82.26)
[261/294]	0.246 (0.540)	90.00 (82.29)
[262/294]	0.072 (0.538)	95.00 (82.34)
[263/294]	0.140 (0.536)	95.00 (82.39)
[264/294]	0.192 (0.535)	95.00 (82.43)
[265/294]	0.172 (0.534)	95.00 (82.48)
[266/294]	0.046 (0.532)	100.00 (82.55)
[267/294]	0.170 (0.530)	90.00 (82.57)
[268/294]	0.021 (0.529)	100.00 (82.64)
[269/294]	0.249 (0.527)	95.00 (82.69)
[270/294]	0.070 (0.526)	95.00 (82.73)
[271/294]	0.067 (0.524)	100.00 (82.79)
[272/294]	0.061 (0.522)	100.00 (82.86)
[273/294]	0.033 (0.521)	100.00 (82.92)
[274/294]	0.043 (0.519)	100.00 (82.98)
[275/294]	0.017 (0.517)	100.00 (83.04)
[276/294]	0.080 (0.515)	100.00 (83.10)
[277/294]	0.074 (0.514)	100.00 (83.17)
[278/294]	0.259 (0.513)	95.00 (83.21)
[279/294]	0.056 (0.511)	100.00 (83.27)
[280/294]	0.142 (0.510)	95.00 (83.31)
[281/294]	0.269 (0.509)	95.00 (83.35)
[282/294]	0.052 (0.508)	100.00 (83.41)
[283/294]	0.050 (0.506)	100.00 (83.47)
[284/294]	0.072 (0.504)	95.00 (83.51)
[285/294]	0.076 (0.503)	100.00 (83.57)
[286/294]	0.081 (0.501)	95.00 (83.61)
[287/294]	0.028 (0.500)	100.00 (83.66)
[288/294]	0.031 (0.498)	100.00 (83.72)
[289/294]	0.049 (0.497)	100.00 (83.78)
[290/294]	0.244 (0.496)	95.00 (83.81)
[291/294]	0.086 (0.494)	95.00 (83.85)
[292/294]	0.073 (0.493)	95.00 (83.89)
[293/294]	0.120 (0.492)	90.00 (83.91)
 * Train Acc: 83.912
 * Avg. Data time: 0.009, Avg. Batch time: 0.067, Avg. Forward time: 0.004, Avg. Backward time: 0.047
Computing SI
 * Val Acc: 24.688, Time: 3.83
 * Test Acc: 24.359, Time: 10.74
=============Training Task 4=============
Active output nodes for this task: 
[0, 1, 2, 3, 4, 5, 6, 7, 8, 9]
=============Training Epoch 0=============
#reg terms:  1
Batch	 Loss		 Acc
[0/294]	12.976 (12.976)	0.00 (0.00)
[1/294]	9.201 (11.088)	0.00 (0.00)
[2/294]	6.855 (9.677)	0.00 (0.00)
[3/294]	4.773 (8.451)	0.00 (0.00)
[4/294]	3.398 (7.441)	0.00 (0.00)
[5/294]	2.781 (6.664)	0.00 (0.00)
[6/294]	2.481 (6.067)	0.00 (0.00)
[7/294]	2.029 (5.562)	15.00 (1.88)
[8/294]	2.045 (5.171)	5.00 (2.22)
[9/294]	1.995 (4.853)	20.00 (4.00)
[10/294]	1.867 (4.582)	25.00 (5.91)
[11/294]	1.969 (4.364)	35.00 (8.33)
[12/294]	1.932 (4.177)	45.00 (11.15)
[13/294]	1.795 (4.007)	75.00 (15.71)
[14/294]	1.764 (3.857)	65.00 (19.00)
[15/294]	1.865 (3.733)	55.00 (21.25)
[16/294]	1.708 (3.614)	80.00 (24.71)
[17/294]	1.681 (3.506)	65.00 (26.94)
[18/294]	1.747 (3.414)	60.00 (28.68)
[19/294]	1.578 (3.322)	75.00 (31.00)
[20/294]	1.540 (3.237)	85.00 (33.57)
[21/294]	1.488 (3.158)	80.00 (35.68)
[22/294]	1.501 (3.086)	90.00 (38.04)
[23/294]	1.420 (3.016)	60.00 (38.96)
[24/294]	1.287 (2.947)	75.00 (40.40)
[25/294]	1.298 (2.884)	70.00 (41.54)
[26/294]	1.109 (2.818)	90.00 (43.33)
[27/294]	1.075 (2.756)	70.00 (44.29)
[28/294]	0.932 (2.693)	90.00 (45.86)
[29/294]	0.832 (2.631)	85.00 (47.17)
[30/294]	0.924 (2.576)	70.00 (47.90)
[31/294]	0.892 (2.523)	65.00 (48.44)
[32/294]	0.795 (2.471)	75.00 (49.24)
[33/294]	0.738 (2.420)	70.00 (49.85)
[34/294]	0.639 (2.369)	85.00 (50.86)
[35/294]	0.653 (2.321)	75.00 (51.53)
[36/294]	0.544 (2.273)	90.00 (52.57)
[37/294]	0.509 (2.227)	85.00 (53.42)
[38/294]	0.492 (2.182)	85.00 (54.23)
[39/294]	0.547 (2.141)	65.00 (54.50)
[40/294]	0.513 (2.102)	80.00 (55.12)
[41/294]	0.418 (2.061)	90.00 (55.95)
[42/294]	0.357 (2.022)	90.00 (56.74)
[43/294]	0.449 (1.986)	80.00 (57.27)
[44/294]	0.405 (1.951)	85.00 (57.89)
[45/294]	0.430 (1.918)	80.00 (58.37)
[46/294]	0.370 (1.885)	95.00 (59.15)
[47/294]	0.331 (1.853)	95.00 (59.90)
[48/294]	0.303 (1.821)	95.00 (60.61)
[49/294]	0.399 (1.793)	75.00 (60.90)
[50/294]	0.401 (1.765)	90.00 (61.47)
[51/294]	0.428 (1.740)	75.00 (61.73)
[52/294]	0.306 (1.712)	90.00 (62.26)
[53/294]	0.331 (1.687)	95.00 (62.87)
[54/294]	0.315 (1.662)	90.00 (63.36)
[55/294]	0.475 (1.641)	80.00 (63.66)
[56/294]	0.269 (1.617)	95.00 (64.21)
[57/294]	0.242 (1.593)	90.00 (64.66)
[58/294]	0.301 (1.571)	90.00 (65.08)
[59/294]	0.253 (1.549)	90.00 (65.50)
[60/294]	0.331 (1.529)	85.00 (65.82)
[61/294]	0.348 (1.510)	85.00 (66.13)
[62/294]	0.234 (1.490)	90.00 (66.51)
[63/294]	0.163 (1.469)	95.00 (66.95)
[64/294]	0.147 (1.449)	100.00 (67.46)
[65/294]	0.342 (1.432)	75.00 (67.58)
[66/294]	0.253 (1.414)	90.00 (67.91)
[67/294]	0.267 (1.398)	95.00 (68.31)
[68/294]	0.224 (1.381)	95.00 (68.70)
[69/294]	0.317 (1.365)	95.00 (69.07)
[70/294]	0.264 (1.350)	85.00 (69.30)
[71/294]	0.230 (1.334)	90.00 (69.58)
[72/294]	0.252 (1.319)	90.00 (69.86)
[73/294]	0.166 (1.304)	100.00 (70.27)
[74/294]	0.204 (1.289)	90.00 (70.53)
[75/294]	0.160 (1.274)	95.00 (70.86)
[76/294]	0.275 (1.261)	90.00 (71.10)
[77/294]	0.261 (1.249)	85.00 (71.28)
[78/294]	0.150 (1.235)	95.00 (71.58)
[79/294]	0.589 (1.227)	80.00 (71.69)
[80/294]	0.207 (1.214)	95.00 (71.98)
[81/294]	0.229 (1.202)	95.00 (72.26)
[82/294]	0.112 (1.189)	95.00 (72.53)
[83/294]	0.258 (1.178)	95.00 (72.80)
[84/294]	0.275 (1.167)	85.00 (72.94)
[85/294]	0.194 (1.156)	90.00 (73.14)
[86/294]	0.195 (1.145)	95.00 (73.39)
[87/294]	0.147 (1.133)	95.00 (73.64)
[88/294]	0.212 (1.123)	95.00 (73.88)
[89/294]	0.354 (1.115)	90.00 (74.06)
[90/294]	0.201 (1.104)	95.00 (74.29)
[91/294]	0.289 (1.096)	90.00 (74.46)
[92/294]	0.197 (1.086)	95.00 (74.68)
[93/294]	0.181 (1.076)	85.00 (74.79)
[94/294]	0.366 (1.069)	80.00 (74.84)
[95/294]	0.119 (1.059)	100.00 (75.10)
[96/294]	0.133 (1.049)	100.00 (75.36)
[97/294]	0.223 (1.041)	95.00 (75.56)
[98/294]	0.061 (1.031)	100.00 (75.81)
[99/294]	0.194 (1.023)	85.00 (75.90)
[100/294]	0.188 (1.014)	85.00 (75.99)
[101/294]	0.079 (1.005)	95.00 (76.18)
[102/294]	0.073 (0.996)	100.00 (76.41)
[103/294]	0.137 (0.988)	95.00 (76.59)
[104/294]	0.035 (0.979)	100.00 (76.81)
[105/294]	0.150 (0.971)	95.00 (76.98)
[106/294]	0.169 (0.964)	90.00 (77.10)
[107/294]	0.137 (0.956)	90.00 (77.22)
[108/294]	0.149 (0.949)	95.00 (77.39)
[109/294]	0.142 (0.941)	95.00 (77.55)
[110/294]	0.142 (0.934)	95.00 (77.70)
[111/294]	0.257 (0.928)	90.00 (77.81)
[112/294]	0.119 (0.921)	100.00 (78.01)
[113/294]	0.172 (0.914)	95.00 (78.16)
[114/294]	0.317 (0.909)	85.00 (78.22)
[115/294]	0.079 (0.902)	100.00 (78.41)
[116/294]	0.222 (0.896)	95.00 (78.55)
[117/294]	0.115 (0.889)	95.00 (78.69)
[118/294]	0.067 (0.883)	100.00 (78.87)
[119/294]	0.086 (0.876)	100.00 (79.04)
[120/294]	0.135 (0.870)	100.00 (79.21)
[121/294]	0.108 (0.864)	95.00 (79.34)
[122/294]	0.149 (0.858)	90.00 (79.43)
[123/294]	0.084 (0.851)	95.00 (79.56)
[124/294]	0.190 (0.846)	85.00 (79.60)
[125/294]	0.080 (0.840)	100.00 (79.76)
[126/294]	0.200 (0.835)	90.00 (79.84)
[127/294]	0.092 (0.829)	95.00 (79.96)
[128/294]	0.043 (0.823)	100.00 (80.12)
[129/294]	0.048 (0.817)	100.00 (80.27)
[130/294]	0.129 (0.812)	100.00 (80.42)
[131/294]	0.143 (0.807)	95.00 (80.53)
[132/294]	0.193 (0.802)	90.00 (80.60)
[133/294]	0.093 (0.797)	95.00 (80.71)
[134/294]	0.098 (0.792)	100.00 (80.85)
[135/294]	0.199 (0.787)	90.00 (80.92)
[136/294]	0.048 (0.782)	100.00 (81.06)
[137/294]	0.156 (0.777)	95.00 (81.16)
[138/294]	0.196 (0.773)	90.00 (81.22)
[139/294]	0.073 (0.768)	100.00 (81.36)
[140/294]	0.189 (0.764)	90.00 (81.42)
[141/294]	0.188 (0.760)	90.00 (81.48)
[142/294]	0.105 (0.756)	95.00 (81.57)
[143/294]	0.174 (0.752)	95.00 (81.67)
[144/294]	0.021 (0.746)	100.00 (81.79)
[145/294]	0.063 (0.742)	100.00 (81.92)
[146/294]	0.080 (0.737)	100.00 (82.04)
[147/294]	0.101 (0.733)	95.00 (82.13)
[148/294]	0.176 (0.729)	90.00 (82.18)
[149/294]	0.136 (0.725)	95.00 (82.27)
[150/294]	0.137 (0.721)	95.00 (82.35)
[151/294]	0.055 (0.717)	100.00 (82.47)
[152/294]	0.086 (0.713)	100.00 (82.58)
[153/294]	0.109 (0.709)	95.00 (82.66)
[154/294]	0.104 (0.705)	95.00 (82.74)
[155/294]	0.064 (0.701)	95.00 (82.82)
[156/294]	0.143 (0.697)	90.00 (82.87)
[157/294]	0.072 (0.693)	100.00 (82.97)
[158/294]	0.046 (0.689)	100.00 (83.08)
[159/294]	0.025 (0.685)	100.00 (83.19)
[160/294]	0.131 (0.682)	95.00 (83.26)
[161/294]	0.027 (0.678)	100.00 (83.36)
[162/294]	0.075 (0.674)	100.00 (83.47)
[163/294]	0.118 (0.671)	95.00 (83.54)
[164/294]	0.049 (0.667)	100.00 (83.64)
[165/294]	0.092 (0.663)	95.00 (83.70)
[166/294]	0.100 (0.660)	95.00 (83.77)
[167/294]	0.128 (0.657)	95.00 (83.84)
[168/294]	0.040 (0.653)	100.00 (83.93)
[169/294]	0.158 (0.650)	95.00 (84.00)
[170/294]	0.157 (0.647)	90.00 (84.04)
[171/294]	0.118 (0.644)	95.00 (84.10)
[172/294]	0.028 (0.641)	100.00 (84.19)
[173/294]	0.041 (0.637)	100.00 (84.28)
[174/294]	0.185 (0.635)	90.00 (84.31)
[175/294]	0.066 (0.632)	100.00 (84.40)
[176/294]	0.094 (0.628)	95.00 (84.46)
[177/294]	0.167 (0.626)	90.00 (84.49)
[178/294]	0.056 (0.623)	95.00 (84.55)
[179/294]	0.047 (0.620)	100.00 (84.64)
[180/294]	0.035 (0.616)	100.00 (84.72)
[181/294]	0.021 (0.613)	100.00 (84.81)
[182/294]	0.029 (0.610)	100.00 (84.89)
[183/294]	0.116 (0.607)	90.00 (84.92)
[184/294]	0.118 (0.604)	95.00 (84.97)
[185/294]	0.076 (0.602)	95.00 (85.03)
[186/294]	0.178 (0.599)	90.00 (85.05)
[187/294]	0.035 (0.596)	100.00 (85.13)
[188/294]	0.069 (0.594)	100.00 (85.21)
[189/294]	0.061 (0.591)	100.00 (85.29)
[190/294]	0.113 (0.588)	95.00 (85.34)
[191/294]	0.108 (0.586)	95.00 (85.39)
[192/294]	0.035 (0.583)	100.00 (85.47)
[193/294]	0.159 (0.581)	95.00 (85.52)
[194/294]	0.050 (0.578)	100.00 (85.59)
[195/294]	0.042 (0.575)	100.00 (85.66)
[196/294]	0.036 (0.573)	100.00 (85.74)
[197/294]	0.035 (0.570)	100.00 (85.81)
[198/294]	0.040 (0.567)	100.00 (85.88)
[199/294]	0.089 (0.565)	100.00 (85.95)
[200/294]	0.051 (0.562)	95.00 (86.00)
[201/294]	0.027 (0.560)	100.00 (86.06)
[202/294]	0.018 (0.557)	100.00 (86.13)
[203/294]	0.271 (0.556)	90.00 (86.15)
[204/294]	0.353 (0.555)	85.00 (86.15)
[205/294]	0.026 (0.552)	100.00 (86.21)
[206/294]	0.299 (0.551)	85.00 (86.21)
[207/294]	0.054 (0.548)	95.00 (86.25)
[208/294]	0.183 (0.547)	90.00 (86.27)
[209/294]	0.085 (0.544)	95.00 (86.31)
[210/294]	0.442 (0.544)	80.00 (86.28)
[211/294]	0.153 (0.542)	90.00 (86.30)
[212/294]	0.160 (0.540)	90.00 (86.31)
[213/294]	0.062 (0.538)	100.00 (86.38)
[214/294]	0.043 (0.536)	100.00 (86.44)
[215/294]	0.056 (0.534)	100.00 (86.50)
[216/294]	0.092 (0.531)	95.00 (86.54)
[217/294]	0.074 (0.529)	100.00 (86.61)
[218/294]	0.097 (0.527)	95.00 (86.64)
[219/294]	0.203 (0.526)	85.00 (86.64)
[220/294]	0.052 (0.524)	100.00 (86.70)
[221/294]	0.250 (0.523)	90.00 (86.71)
[222/294]	0.052 (0.520)	100.00 (86.77)
[223/294]	0.042 (0.518)	100.00 (86.83)
[224/294]	0.030 (0.516)	100.00 (86.89)
[225/294]	0.052 (0.514)	100.00 (86.95)
[226/294]	0.022 (0.512)	100.00 (87.00)
[227/294]	0.037 (0.510)	100.00 (87.06)
[228/294]	0.063 (0.508)	100.00 (87.12)
[229/294]	0.042 (0.506)	100.00 (87.17)
[230/294]	0.066 (0.504)	95.00 (87.21)
[231/294]	0.025 (0.502)	100.00 (87.26)
[232/294]	0.132 (0.500)	95.00 (87.30)
[233/294]	0.127 (0.499)	95.00 (87.33)
[234/294]	0.061 (0.497)	100.00 (87.38)
[235/294]	0.047 (0.495)	100.00 (87.44)
[236/294]	0.027 (0.493)	100.00 (87.49)
[237/294]	0.049 (0.491)	100.00 (87.54)
[238/294]	0.029 (0.489)	100.00 (87.59)
[239/294]	0.134 (0.488)	90.00 (87.60)
[240/294]	0.238 (0.487)	90.00 (87.61)
[241/294]	0.100 (0.485)	95.00 (87.64)
[242/294]	0.013 (0.483)	100.00 (87.70)
[243/294]	0.032 (0.481)	100.00 (87.75)
[244/294]	0.029 (0.479)	100.00 (87.80)
[245/294]	0.031 (0.478)	100.00 (87.85)
[246/294]	0.319 (0.477)	85.00 (87.83)
[247/294]	0.055 (0.475)	100.00 (87.88)
[248/294]	0.012 (0.473)	100.00 (87.93)
[249/294]	0.053 (0.472)	100.00 (87.98)
[250/294]	0.025 (0.470)	100.00 (88.03)
[251/294]	0.118 (0.469)	95.00 (88.06)
[252/294]	0.083 (0.467)	95.00 (88.08)
[253/294]	0.039 (0.465)	100.00 (88.13)
[254/294]	0.087 (0.464)	95.00 (88.16)
[255/294]	0.166 (0.463)	95.00 (88.18)
[256/294]	0.097 (0.461)	95.00 (88.21)
[257/294]	0.086 (0.460)	95.00 (88.24)
[258/294]	0.048 (0.458)	100.00 (88.28)
[259/294]	0.086 (0.457)	95.00 (88.31)
[260/294]	0.019 (0.455)	100.00 (88.35)
[261/294]	0.048 (0.454)	100.00 (88.40)
[262/294]	0.101 (0.452)	95.00 (88.42)
[263/294]	0.108 (0.451)	95.00 (88.45)
[264/294]	0.037 (0.449)	100.00 (88.49)
[265/294]	0.015 (0.448)	100.00 (88.53)
[266/294]	0.011 (0.446)	100.00 (88.58)
[267/294]	0.022 (0.444)	100.00 (88.62)
[268/294]	0.052 (0.443)	100.00 (88.66)
[269/294]	0.045 (0.442)	100.00 (88.70)
[270/294]	0.110 (0.440)	90.00 (88.71)
[271/294]	0.015 (0.439)	100.00 (88.75)
[272/294]	0.099 (0.438)	95.00 (88.77)
[273/294]	0.187 (0.437)	90.00 (88.78)
[274/294]	0.103 (0.435)	95.00 (88.80)
[275/294]	0.088 (0.434)	100.00 (88.84)
[276/294]	0.039 (0.433)	100.00 (88.88)
[277/294]	0.019 (0.431)	100.00 (88.92)
[278/294]	0.034 (0.430)	100.00 (88.96)
[279/294]	0.053 (0.428)	100.00 (89.00)
[280/294]	0.040 (0.427)	100.00 (89.04)
[281/294]	0.042 (0.426)	100.00 (89.08)
[282/294]	0.111 (0.425)	90.00 (89.08)
[283/294]	0.056 (0.423)	95.00 (89.10)
[284/294]	0.027 (0.422)	100.00 (89.14)
[285/294]	0.053 (0.421)	100.00 (89.18)
[286/294]	0.038 (0.419)	100.00 (89.22)
[287/294]	0.048 (0.418)	100.00 (89.25)
[288/294]	0.037 (0.417)	100.00 (89.29)
[289/294]	0.102 (0.416)	95.00 (89.31)
[290/294]	0.082 (0.414)	100.00 (89.35)
[291/294]	0.060 (0.413)	100.00 (89.38)
[292/294]	0.042 (0.412)	100.00 (89.42)
[293/294]	0.016 (0.411)	100.00 (89.46)
 * Train Acc: 89.456
 * Avg. Data time: 0.004, Avg. Batch time: 0.064, Avg. Forward time: 0.004, Avg. Backward time: 0.051
Computing SI
 * Val Acc: 19.157, Time: 4.91
 * Test Acc: 19.908, Time: 13.73
=============Training Task 5=============
Active output nodes for this task: 
[0, 1, 2, 3, 4, 5, 6, 7, 8, 9, 10, 11]
=============Training Epoch 0=============
#reg terms:  1
Batch	 Loss		 Acc
