=============Stream Learning Run 0=============
Changing output layer to contain 12 classes
============BEGINNING STREAM LEARNING============
=============Training Task 0=============
Active output nodes for this task: 
[0, 1]
=============Training Epoch 0=============
#reg terms:  0
Batch	 Loss		 Acc
[0/294]	1.884 (1.884)	45.00 (45.00)
[1/294]	1.157 (1.520)	40.00 (42.50)
[2/294]	0.950 (1.330)	50.00 (45.00)
[3/294]	0.705 (1.174)	60.00 (48.75)
[4/294]	0.991 (1.137)	50.00 (49.00)
[5/294]	0.953 (1.107)	50.00 (49.17)
[6/294]	1.076 (1.102)	50.00 (49.29)
[7/294]	0.614 (1.041)	60.00 (50.62)
[8/294]	0.465 (0.977)	90.00 (55.00)
[9/294]	0.459 (0.925)	85.00 (58.00)
[10/294]	0.534 (0.890)	75.00 (59.55)
[11/294]	0.778 (0.881)	50.00 (58.75)
[12/294]	0.678 (0.865)	60.00 (58.85)
[13/294]	0.715 (0.854)	55.00 (58.57)
[14/294]	0.417 (0.825)	90.00 (60.67)
[15/294]	0.494 (0.804)	70.00 (61.25)
[16/294]	0.510 (0.787)	90.00 (62.94)
[17/294]	0.593 (0.776)	75.00 (63.61)
[18/294]	0.400 (0.757)	90.00 (65.00)
[19/294]	0.468 (0.742)	75.00 (65.50)
[20/294]	0.583 (0.735)	75.00 (65.95)
[21/294]	0.495 (0.724)	75.00 (66.36)
[22/294]	0.486 (0.713)	80.00 (66.96)
[23/294]	0.439 (0.702)	90.00 (67.92)
[24/294]	0.572 (0.697)	80.00 (68.40)
[25/294]	0.592 (0.693)	80.00 (68.85)
[26/294]	0.691 (0.693)	50.00 (68.15)
[27/294]	0.511 (0.686)	55.00 (67.68)
[28/294]	0.108 (0.666)	100.00 (68.79)
[29/294]	0.291 (0.654)	90.00 (69.50)
[30/294]	0.397 (0.645)	90.00 (70.16)
[31/294]	0.560 (0.643)	65.00 (70.00)
[32/294]	0.372 (0.635)	70.00 (70.00)
[33/294]	0.349 (0.626)	80.00 (70.29)
[34/294]	0.642 (0.627)	60.00 (70.00)
[35/294]	0.195 (0.615)	100.00 (70.83)
[36/294]	0.349 (0.607)	85.00 (71.22)
[37/294]	0.330 (0.600)	95.00 (71.84)
[38/294]	0.432 (0.596)	90.00 (72.31)
[39/294]	0.424 (0.592)	90.00 (72.75)
[40/294]	0.287 (0.584)	100.00 (73.41)
[41/294]	0.246 (0.576)	100.00 (74.05)
[42/294]	0.353 (0.571)	90.00 (74.42)
[43/294]	0.238 (0.563)	90.00 (74.77)
[44/294]	0.258 (0.556)	90.00 (75.11)
[45/294]	0.144 (0.548)	100.00 (75.65)
[46/294]	0.409 (0.545)	85.00 (75.85)
[47/294]	0.315 (0.540)	95.00 (76.25)
[48/294]	0.191 (0.533)	100.00 (76.73)
[49/294]	0.122 (0.524)	100.00 (77.20)
[50/294]	0.087 (0.516)	100.00 (77.65)
[51/294]	0.062 (0.507)	100.00 (78.08)
[52/294]	0.225 (0.502)	90.00 (78.30)
[53/294]	0.239 (0.497)	100.00 (78.70)
[54/294]	0.085 (0.489)	100.00 (79.09)
[55/294]	0.171 (0.484)	95.00 (79.38)
[56/294]	0.068 (0.476)	100.00 (79.74)
[57/294]	0.037 (0.469)	100.00 (80.09)
[58/294]	0.049 (0.462)	100.00 (80.42)
[59/294]	0.004 (0.454)	100.00 (80.75)
[60/294]	0.020 (0.447)	100.00 (81.07)
[61/294]	0.026 (0.440)	100.00 (81.37)
[62/294]	0.129 (0.435)	100.00 (81.67)
[63/294]	0.188 (0.431)	90.00 (81.80)
[64/294]	0.103 (0.426)	100.00 (82.08)
[65/294]	0.085 (0.421)	100.00 (82.35)
[66/294]	0.436 (0.421)	80.00 (82.31)
[67/294]	0.800 (0.427)	55.00 (81.91)
[68/294]	0.742 (0.432)	60.00 (81.59)
[69/294]	0.765 (0.436)	65.00 (81.36)
[70/294]	0.484 (0.437)	75.00 (81.27)
[71/294]	0.197 (0.434)	90.00 (81.39)
[72/294]	0.200 (0.430)	95.00 (81.58)
[73/294]	0.044 (0.425)	100.00 (81.82)
[74/294]	0.061 (0.420)	100.00 (82.07)
[75/294]	0.177 (0.417)	95.00 (82.24)
[76/294]	0.272 (0.415)	85.00 (82.27)
[77/294]	0.103 (0.411)	95.00 (82.44)
[78/294]	0.180 (0.408)	90.00 (82.53)
[79/294]	0.107 (0.405)	95.00 (82.69)
[80/294]	0.164 (0.402)	95.00 (82.84)
[81/294]	0.188 (0.399)	90.00 (82.93)
[82/294]	0.365 (0.399)	80.00 (82.89)
[83/294]	0.412 (0.399)	75.00 (82.80)
[84/294]	0.655 (0.402)	75.00 (82.71)
[85/294]	0.244 (0.400)	90.00 (82.79)
[86/294]	0.171 (0.397)	95.00 (82.93)
[87/294]	0.255 (0.396)	90.00 (83.01)
[88/294]	0.217 (0.394)	90.00 (83.09)
[89/294]	0.142 (0.391)	100.00 (83.28)
[90/294]	0.021 (0.387)	100.00 (83.46)
[91/294]	0.511 (0.388)	70.00 (83.32)
[92/294]	0.058 (0.385)	100.00 (83.49)
[93/294]	0.269 (0.383)	90.00 (83.56)
[94/294]	0.226 (0.382)	85.00 (83.58)
[95/294]	0.065 (0.378)	100.00 (83.75)
[96/294]	0.098 (0.376)	95.00 (83.87)
[97/294]	0.046 (0.372)	100.00 (84.03)
[98/294]	0.038 (0.369)	100.00 (84.19)
[99/294]	0.281 (0.368)	90.00 (84.25)
[100/294]	0.325 (0.367)	85.00 (84.26)
[101/294]	0.048 (0.364)	100.00 (84.41)
[102/294]	0.113 (0.362)	100.00 (84.56)
[103/294]	0.422 (0.363)	90.00 (84.62)
[104/294]	0.360 (0.362)	85.00 (84.62)
[105/294]	0.001 (0.359)	100.00 (84.76)
[106/294]	0.003 (0.356)	100.00 (84.91)
[107/294]	0.009 (0.353)	100.00 (85.05)
[108/294]	0.007 (0.349)	100.00 (85.18)
[109/294]	0.158 (0.348)	95.00 (85.27)
[110/294]	0.341 (0.348)	80.00 (85.23)
[111/294]	0.197 (0.346)	95.00 (85.31)
[112/294]	0.099 (0.344)	95.00 (85.40)
[113/294]	0.309 (0.344)	90.00 (85.44)
[114/294]	0.344 (0.344)	90.00 (85.48)
[115/294]	0.175 (0.342)	95.00 (85.56)
[116/294]	0.587 (0.344)	60.00 (85.34)
[117/294]	0.665 (0.347)	75.00 (85.25)
[118/294]	1.201 (0.354)	55.00 (85.00)
[119/294]	0.455 (0.355)	75.00 (84.92)
[120/294]	0.057 (0.353)	100.00 (85.04)
[121/294]	0.026 (0.350)	100.00 (85.16)
[122/294]	0.222 (0.349)	90.00 (85.20)
[123/294]	0.984 (0.354)	75.00 (85.12)
[124/294]	0.992 (0.359)	65.00 (84.96)
[125/294]	0.125 (0.357)	95.00 (85.04)
[126/294]	1.287 (0.365)	55.00 (84.80)
[127/294]	0.399 (0.365)	80.00 (84.77)
[128/294]	0.139 (0.363)	100.00 (84.88)
[129/294]	0.067 (0.361)	100.00 (85.00)
[130/294]	0.201 (0.360)	90.00 (85.04)
[131/294]	0.075 (0.357)	100.00 (85.15)
[132/294]	0.195 (0.356)	100.00 (85.26)
[133/294]	0.092 (0.354)	100.00 (85.37)
[134/294]	0.168 (0.353)	100.00 (85.48)
[135/294]	0.232 (0.352)	100.00 (85.59)
[136/294]	0.096 (0.350)	100.00 (85.69)
[137/294]	0.052 (0.348)	100.00 (85.80)
[138/294]	0.099 (0.346)	95.00 (85.86)
[139/294]	0.161 (0.345)	100.00 (85.96)
[140/294]	0.127 (0.343)	100.00 (86.06)
[141/294]	0.215 (0.342)	100.00 (86.16)
[142/294]	0.293 (0.342)	90.00 (86.19)
[143/294]	0.096 (0.340)	100.00 (86.28)
[144/294]	0.151 (0.339)	100.00 (86.38)
[145/294]	0.302 (0.339)	80.00 (86.34)
[146/294]	0.203 (0.338)	90.00 (86.36)
[147/294]	0.185 (0.337)	90.00 (86.39)
[148/294]	0.309 (0.337)	80.00 (86.34)
[149/294]	0.106 (0.335)	95.00 (86.40)
[150/294]	0.122 (0.334)	100.00 (86.49)
[151/294]	0.149 (0.332)	100.00 (86.58)
[152/294]	0.238 (0.332)	90.00 (86.60)
[153/294]	0.173 (0.331)	95.00 (86.66)
[154/294]	0.261 (0.330)	95.00 (86.71)
[155/294]	0.135 (0.329)	95.00 (86.76)
[156/294]	0.123 (0.328)	95.00 (86.82)
[157/294]	0.330 (0.328)	85.00 (86.80)
[158/294]	0.341 (0.328)	90.00 (86.82)
[159/294]	0.271 (0.328)	95.00 (86.88)
[160/294]	0.178 (0.327)	95.00 (86.93)
[161/294]	0.187 (0.326)	100.00 (87.01)
[162/294]	0.149 (0.325)	100.00 (87.09)
[163/294]	0.225 (0.324)	85.00 (87.07)
[164/294]	0.004 (0.322)	100.00 (87.15)
[165/294]	0.108 (0.321)	95.00 (87.20)
[166/294]	0.212 (0.320)	85.00 (87.19)
[167/294]	0.100 (0.319)	100.00 (87.26)
[168/294]	0.116 (0.318)	100.00 (87.34)
[169/294]	0.050 (0.316)	100.00 (87.41)
[170/294]	0.059 (0.315)	100.00 (87.49)
[171/294]	0.063 (0.313)	100.00 (87.56)
[172/294]	0.007 (0.311)	100.00 (87.63)
[173/294]	0.040 (0.310)	100.00 (87.70)
[174/294]	0.025 (0.308)	100.00 (87.77)
[175/294]	0.044 (0.307)	100.00 (87.84)
[176/294]	0.053 (0.305)	95.00 (87.88)
[177/294]	0.009 (0.304)	100.00 (87.95)
[178/294]	0.176 (0.303)	90.00 (87.96)
[179/294]	0.047 (0.301)	100.00 (88.03)
[180/294]	0.364 (0.302)	85.00 (88.01)
[181/294]	0.090 (0.301)	95.00 (88.05)
[182/294]	0.002 (0.299)	100.00 (88.11)
[183/294]	0.009 (0.297)	100.00 (88.18)
[184/294]	0.027 (0.296)	100.00 (88.24)
[185/294]	0.312 (0.296)	90.00 (88.25)
[186/294]	0.068 (0.295)	100.00 (88.32)
[187/294]	0.029 (0.293)	100.00 (88.38)
[188/294]	0.528 (0.295)	75.00 (88.31)
[189/294]	0.880 (0.298)	60.00 (88.16)
[190/294]	0.347 (0.298)	95.00 (88.19)
[191/294]	0.381 (0.298)	80.00 (88.15)
[192/294]	0.012 (0.297)	100.00 (88.21)
[193/294]	0.010 (0.295)	100.00 (88.27)
[194/294]	0.150 (0.295)	95.00 (88.31)
[195/294]	0.056 (0.293)	100.00 (88.37)
[196/294]	0.007 (0.292)	100.00 (88.43)
[197/294]	0.380 (0.292)	80.00 (88.38)
[198/294]	0.730 (0.295)	60.00 (88.24)
[199/294]	0.002 (0.293)	100.00 (88.30)
[200/294]	0.012 (0.292)	100.00 (88.36)
[201/294]	0.078 (0.291)	95.00 (88.39)
[202/294]	0.016 (0.289)	100.00 (88.45)
[203/294]	0.078 (0.288)	100.00 (88.50)
[204/294]	0.272 (0.288)	95.00 (88.54)
[205/294]	0.099 (0.287)	100.00 (88.59)
[206/294]	0.004 (0.286)	100.00 (88.65)
[207/294]	0.102 (0.285)	100.00 (88.70)
[208/294]	0.067 (0.284)	100.00 (88.76)
[209/294]	0.143 (0.283)	100.00 (88.81)
[210/294]	0.087 (0.282)	100.00 (88.86)
[211/294]	0.225 (0.282)	85.00 (88.84)
[212/294]	0.167 (0.282)	100.00 (88.90)
[213/294]	0.019 (0.280)	100.00 (88.95)
[214/294]	0.077 (0.279)	100.00 (89.00)
[215/294]	0.048 (0.278)	100.00 (89.05)
[216/294]	0.004 (0.277)	100.00 (89.10)
[217/294]	0.130 (0.276)	100.00 (89.15)
[218/294]	0.066 (0.275)	100.00 (89.20)
[219/294]	0.025 (0.274)	100.00 (89.25)
[220/294]	0.055 (0.273)	100.00 (89.30)
[221/294]	0.113 (0.273)	95.00 (89.32)
[222/294]	0.218 (0.272)	85.00 (89.30)
[223/294]	0.063 (0.271)	95.00 (89.33)
[224/294]	0.197 (0.271)	90.00 (89.33)
[225/294]	0.326 (0.271)	95.00 (89.36)
[226/294]	0.173 (0.271)	95.00 (89.38)
[227/294]	0.085 (0.270)	100.00 (89.43)
[228/294]	0.219 (0.270)	95.00 (89.45)
[229/294]	0.106 (0.269)	95.00 (89.48)
[230/294]	0.000 (0.268)	100.00 (89.52)
[231/294]	0.447 (0.269)	85.00 (89.50)
[232/294]	0.173 (0.268)	90.00 (89.51)
[233/294]	0.039 (0.267)	100.00 (89.55)
[234/294]	0.015 (0.266)	100.00 (89.60)
[235/294]	0.065 (0.265)	100.00 (89.64)
[236/294]	0.068 (0.265)	100.00 (89.68)
[237/294]	0.059 (0.264)	100.00 (89.73)
[238/294]	0.004 (0.263)	100.00 (89.77)
[239/294]	0.001 (0.262)	100.00 (89.81)
[240/294]	0.003 (0.261)	100.00 (89.85)
[241/294]	0.012 (0.260)	100.00 (89.90)
[242/294]	0.042 (0.259)	100.00 (89.94)
[243/294]	0.048 (0.258)	100.00 (89.98)
[244/294]	0.201 (0.258)	95.00 (90.00)
[245/294]	0.117 (0.257)	95.00 (90.02)
[246/294]	0.329 (0.257)	85.00 (90.00)
[247/294]	0.056 (0.256)	100.00 (90.04)
[248/294]	0.005 (0.255)	100.00 (90.08)
[249/294]	0.010 (0.254)	100.00 (90.12)
[250/294]	0.027 (0.254)	100.00 (90.16)
[251/294]	0.059 (0.253)	100.00 (90.20)
[252/294]	0.033 (0.252)	100.00 (90.24)
[253/294]	0.050 (0.251)	100.00 (90.28)
[254/294]	0.019 (0.250)	100.00 (90.31)
[255/294]	0.176 (0.250)	90.00 (90.31)
[256/294]	0.031 (0.249)	100.00 (90.35)
[257/294]	0.006 (0.248)	100.00 (90.39)
[258/294]	0.005 (0.247)	100.00 (90.42)
[259/294]	0.004 (0.246)	100.00 (90.46)
[260/294]	0.006 (0.245)	100.00 (90.50)
[261/294]	0.005 (0.244)	100.00 (90.53)
[262/294]	0.001 (0.243)	100.00 (90.57)
[263/294]	0.020 (0.243)	100.00 (90.61)
[264/294]	0.128 (0.242)	90.00 (90.60)
[265/294]	0.211 (0.242)	90.00 (90.60)
[266/294]	0.046 (0.241)	100.00 (90.64)
[267/294]	0.034 (0.241)	100.00 (90.67)
[268/294]	0.010 (0.240)	100.00 (90.71)
[269/294]	0.030 (0.239)	100.00 (90.74)
[270/294]	0.031 (0.238)	100.00 (90.77)
[271/294]	0.119 (0.238)	100.00 (90.81)
[272/294]	0.316 (0.238)	85.00 (90.79)
[273/294]	0.001 (0.237)	100.00 (90.82)
[274/294]	0.046 (0.236)	100.00 (90.85)
[275/294]	0.109 (0.236)	95.00 (90.87)
[276/294]	0.113 (0.236)	95.00 (90.88)
[277/294]	0.054 (0.235)	100.00 (90.92)
[278/294]	0.152 (0.235)	90.00 (90.91)
[279/294]	0.260 (0.235)	90.00 (90.91)
[280/294]	0.048 (0.234)	95.00 (90.93)
[281/294]	0.064 (0.233)	95.00 (90.94)
[282/294]	0.006 (0.233)	100.00 (90.97)
[283/294]	0.101 (0.232)	100.00 (91.00)
[284/294]	0.060 (0.232)	100.00 (91.04)
[285/294]	0.072 (0.231)	100.00 (91.07)
[286/294]	0.017 (0.230)	100.00 (91.10)
[287/294]	0.032 (0.230)	100.00 (91.13)
[288/294]	0.076 (0.229)	95.00 (91.14)
[289/294]	0.013 (0.228)	100.00 (91.17)
[290/294]	0.139 (0.228)	95.00 (91.19)
[291/294]	0.001 (0.227)	100.00 (91.22)
[292/294]	0.006 (0.226)	100.00 (91.25)
[293/294]	0.008 (0.226)	100.00 (91.28)
 * Train Acc: 91.276
 * Avg. Data time: 0.007, Avg. Batch time: 0.035, Avg. Forward time: 0.004, Avg. Backward time: 0.016
Computing MAS
 * Val Acc: 95.362, Time: 1.64
 * Test Acc: 96.885, Time: 2.20
=============Training Task 1=============
Active output nodes for this task: 
[0, 1, 2, 3]
=============Training Epoch 0=============
#reg terms:  1
Batch	 Loss		 Acc
[0/294]	5.341 (5.341)	0.00 (0.00)
[1/294]	5.738 (5.540)	5.00 (2.50)
[2/294]	11.081 (7.387)	15.00 (6.67)
[3/294]	313.553 (83.928)	30.00 (12.50)
[4/294]	22301.342 (4527.411)	5.00 (11.00)
[5/294]	1849710.125 (312057.867)	75.00 (21.67)
[6/294]	165361712.000 (23890580.114)	45.00 (25.00)
[7/294]	15382645760.000 (1943735091.200)	50.00 (28.12)
[8/294]	1464044486656.000 (164399368692.622)	50.00 (30.56)
[9/294]	141344102154240.000 (14282368818872.320)	50.00 (32.50)
[10/294]	nan (nan)	0.00 (29.55)
[11/294]	nan (nan)	0.00 (27.08)
[12/294]	nan (nan)	0.00 (25.00)
[13/294]	nan (nan)	0.00 (23.21)
[14/294]	nan (nan)	0.00 (21.67)
[15/294]	nan (nan)	0.00 (20.31)
[16/294]	nan (nan)	0.00 (19.12)
[17/294]	nan (nan)	0.00 (18.06)
[18/294]	nan (nan)	0.00 (17.11)
[19/294]	nan (nan)	0.00 (16.25)
[20/294]	nan (nan)	0.00 (15.48)
[21/294]	nan (nan)	0.00 (14.77)
[22/294]	nan (nan)	0.00 (14.13)
[23/294]	nan (nan)	0.00 (13.54)
[24/294]	nan (nan)	0.00 (13.00)
[25/294]	nan (nan)	0.00 (12.50)
[26/294]	nan (nan)	0.00 (12.04)
[27/294]	nan (nan)	0.00 (11.61)
[28/294]	nan (nan)	0.00 (11.21)
[29/294]	nan (nan)	0.00 (10.83)
[30/294]	nan (nan)	0.00 (10.48)
[31/294]	nan (nan)	0.00 (10.16)
[32/294]	nan (nan)	0.00 (9.85)
[33/294]	nan (nan)	0.00 (9.56)
[34/294]	nan (nan)	0.00 (9.29)
[35/294]	nan (nan)	0.00 (9.03)
[36/294]	nan (nan)	0.00 (8.78)
[37/294]	nan (nan)	0.00 (8.55)
[38/294]	nan (nan)	0.00 (8.33)
[39/294]	nan (nan)	0.00 (8.12)
[40/294]	nan (nan)	0.00 (7.93)
[41/294]	nan (nan)	0.00 (7.74)
[42/294]	nan (nan)	0.00 (7.56)
[43/294]	nan (nan)	0.00 (7.39)
[44/294]	nan (nan)	0.00 (7.22)
[45/294]	nan (nan)	0.00 (7.07)
[46/294]	nan (nan)	0.00 (6.91)
[47/294]	nan (nan)	0.00 (6.77)
[48/294]	nan (nan)	0.00 (6.63)
[49/294]	nan (nan)	0.00 (6.50)
[50/294]	nan (nan)	0.00 (6.37)
[51/294]	nan (nan)	0.00 (6.25)
[52/294]	nan (nan)	0.00 (6.13)
[53/294]	nan (nan)	0.00 (6.02)
[54/294]	nan (nan)	0.00 (5.91)
[55/294]	nan (nan)	0.00 (5.80)
[56/294]	nan (nan)	0.00 (5.70)
[57/294]	nan (nan)	0.00 (5.60)
[58/294]	nan (nan)	0.00 (5.51)
[59/294]	nan (nan)	0.00 (5.42)
[60/294]	nan (nan)	0.00 (5.33)
[61/294]	nan (nan)	0.00 (5.24)
[62/294]	nan (nan)	0.00 (5.16)
[63/294]	nan (nan)	0.00 (5.08)
[64/294]	nan (nan)	0.00 (5.00)
[65/294]	nan (nan)	0.00 (4.92)
[66/294]	nan (nan)	0.00 (4.85)
[67/294]	nan (nan)	0.00 (4.78)
[68/294]	nan (nan)	0.00 (4.71)
[69/294]	nan (nan)	0.00 (4.64)
[70/294]	nan (nan)	0.00 (4.58)
[71/294]	nan (nan)	0.00 (4.51)
[72/294]	nan (nan)	0.00 (4.45)
[73/294]	nan (nan)	0.00 (4.39)
[74/294]	nan (nan)	0.00 (4.33)
[75/294]	nan (nan)	0.00 (4.28)
[76/294]	nan (nan)	0.00 (4.22)
[77/294]	nan (nan)	0.00 (4.17)
[78/294]	nan (nan)	0.00 (4.11)
[79/294]	nan (nan)	0.00 (4.06)
[80/294]	nan (nan)	0.00 (4.01)
[81/294]	nan (nan)	0.00 (3.96)
[82/294]	nan (nan)	0.00 (3.92)
[83/294]	nan (nan)	0.00 (3.87)
[84/294]	nan (nan)	0.00 (3.82)
[85/294]	nan (nan)	0.00 (3.78)
[86/294]	nan (nan)	0.00 (3.74)
[87/294]	nan (nan)	0.00 (3.69)
[88/294]	nan (nan)	0.00 (3.65)
[89/294]	nan (nan)	0.00 (3.61)
[90/294]	nan (nan)	0.00 (3.57)
[91/294]	nan (nan)	0.00 (3.53)
[92/294]	nan (nan)	0.00 (3.49)
[93/294]	nan (nan)	0.00 (3.46)
[94/294]	nan (nan)	0.00 (3.42)
[95/294]	nan (nan)	0.00 (3.39)
[96/294]	nan (nan)	0.00 (3.35)
[97/294]	nan (nan)	0.00 (3.32)
[98/294]	nan (nan)	0.00 (3.28)
[99/294]	nan (nan)	0.00 (3.25)
[100/294]	nan (nan)	0.00 (3.22)
[101/294]	nan (nan)	0.00 (3.19)
[102/294]	nan (nan)	0.00 (3.16)
[103/294]	nan (nan)	0.00 (3.12)
[104/294]	nan (nan)	0.00 (3.10)
[105/294]	nan (nan)	0.00 (3.07)
[106/294]	nan (nan)	0.00 (3.04)
[107/294]	nan (nan)	0.00 (3.01)
[108/294]	nan (nan)	0.00 (2.98)
[109/294]	nan (nan)	0.00 (2.95)
[110/294]	nan (nan)	0.00 (2.93)
[111/294]	nan (nan)	0.00 (2.90)
[112/294]	nan (nan)	0.00 (2.88)
[113/294]	nan (nan)	0.00 (2.85)
[114/294]	nan (nan)	0.00 (2.83)
[115/294]	nan (nan)	0.00 (2.80)
[116/294]	nan (nan)	0.00 (2.78)
[117/294]	nan (nan)	0.00 (2.75)
[118/294]	nan (nan)	0.00 (2.73)
[119/294]	nan (nan)	0.00 (2.71)
[120/294]	nan (nan)	0.00 (2.69)
[121/294]	nan (nan)	0.00 (2.66)
[122/294]	nan (nan)	0.00 (2.64)
[123/294]	nan (nan)	0.00 (2.62)
[124/294]	nan (nan)	0.00 (2.60)
[125/294]	nan (nan)	0.00 (2.58)
[126/294]	nan (nan)	0.00 (2.56)
[127/294]	nan (nan)	0.00 (2.54)
[128/294]	nan (nan)	0.00 (2.52)
[129/294]	nan (nan)	0.00 (2.50)
[130/294]	nan (nan)	0.00 (2.48)
[131/294]	nan (nan)	0.00 (2.46)
[132/294]	nan (nan)	0.00 (2.44)
[133/294]	nan (nan)	0.00 (2.43)
[134/294]	nan (nan)	0.00 (2.41)
[135/294]	nan (nan)	0.00 (2.39)
[136/294]	nan (nan)	0.00 (2.37)
[137/294]	nan (nan)	0.00 (2.36)
[138/294]	nan (nan)	0.00 (2.34)
[139/294]	nan (nan)	0.00 (2.32)
[140/294]	nan (nan)	0.00 (2.30)
[141/294]	nan (nan)	0.00 (2.29)
[142/294]	nan (nan)	0.00 (2.27)
[143/294]	nan (nan)	0.00 (2.26)
[144/294]	nan (nan)	0.00 (2.24)
[145/294]	nan (nan)	0.00 (2.23)
[146/294]	nan (nan)	0.00 (2.21)
[147/294]	nan (nan)	0.00 (2.20)
[148/294]	nan (nan)	0.00 (2.18)
[149/294]	nan (nan)	0.00 (2.17)
[150/294]	nan (nan)	0.00 (2.15)
[151/294]	nan (nan)	0.00 (2.14)
[152/294]	nan (nan)	0.00 (2.12)
[153/294]	nan (nan)	0.00 (2.11)
[154/294]	nan (nan)	0.00 (2.10)
[155/294]	nan (nan)	0.00 (2.08)
[156/294]	nan (nan)	0.00 (2.07)
[157/294]	nan (nan)	0.00 (2.06)
[158/294]	nan (nan)	0.00 (2.04)
[159/294]	nan (nan)	0.00 (2.03)
[160/294]	nan (nan)	0.00 (2.02)
[161/294]	nan (nan)	0.00 (2.01)
[162/294]	nan (nan)	0.00 (1.99)
[163/294]	nan (nan)	0.00 (1.98)
[164/294]	nan (nan)	0.00 (1.97)
[165/294]	nan (nan)	0.00 (1.96)
[166/294]	nan (nan)	0.00 (1.95)
[167/294]	nan (nan)	0.00 (1.93)
[168/294]	nan (nan)	0.00 (1.92)
[169/294]	nan (nan)	0.00 (1.91)
[170/294]	nan (nan)	0.00 (1.90)
[171/294]	nan (nan)	0.00 (1.89)
[172/294]	nan (nan)	0.00 (1.88)
[173/294]	nan (nan)	0.00 (1.87)
[174/294]	nan (nan)	0.00 (1.86)
[175/294]	nan (nan)	0.00 (1.85)
[176/294]	nan (nan)	0.00 (1.84)
[177/294]	nan (nan)	0.00 (1.83)
[178/294]	nan (nan)	0.00 (1.82)
[179/294]	nan (nan)	0.00 (1.81)
[180/294]	nan (nan)	0.00 (1.80)
[181/294]	nan (nan)	0.00 (1.79)
[182/294]	nan (nan)	0.00 (1.78)
[183/294]	nan (nan)	0.00 (1.77)
[184/294]	nan (nan)	0.00 (1.76)
[185/294]	nan (nan)	0.00 (1.75)
[186/294]	nan (nan)	0.00 (1.74)
[187/294]	nan (nan)	0.00 (1.73)
[188/294]	nan (nan)	0.00 (1.72)
[189/294]	nan (nan)	0.00 (1.71)
[190/294]	nan (nan)	0.00 (1.70)
[191/294]	nan (nan)	0.00 (1.69)
[192/294]	nan (nan)	0.00 (1.68)
[193/294]	nan (nan)	0.00 (1.68)
[194/294]	nan (nan)	0.00 (1.67)
[195/294]	nan (nan)	0.00 (1.66)
[196/294]	nan (nan)	0.00 (1.65)
[197/294]	nan (nan)	0.00 (1.64)
[198/294]	nan (nan)	0.00 (1.63)
[199/294]	nan (nan)	0.00 (1.62)
[200/294]	nan (nan)	0.00 (1.62)
[201/294]	nan (nan)	0.00 (1.61)
[202/294]	nan (nan)	0.00 (1.60)
[203/294]	nan (nan)	0.00 (1.59)
[204/294]	nan (nan)	0.00 (1.59)
[205/294]	nan (nan)	0.00 (1.58)
[206/294]	nan (nan)	0.00 (1.57)
[207/294]	nan (nan)	0.00 (1.56)
[208/294]	nan (nan)	0.00 (1.56)
[209/294]	nan (nan)	0.00 (1.55)
[210/294]	nan (nan)	0.00 (1.54)
[211/294]	nan (nan)	0.00 (1.53)
[212/294]	nan (nan)	0.00 (1.53)
[213/294]	nan (nan)	0.00 (1.52)
[214/294]	nan (nan)	0.00 (1.51)
[215/294]	nan (nan)	0.00 (1.50)
[216/294]	nan (nan)	0.00 (1.50)
[217/294]	nan (nan)	0.00 (1.49)
[218/294]	nan (nan)	0.00 (1.48)
[219/294]	nan (nan)	0.00 (1.48)
[220/294]	nan (nan)	0.00 (1.47)
[221/294]	nan (nan)	0.00 (1.46)
[222/294]	nan (nan)	0.00 (1.46)
[223/294]	nan (nan)	0.00 (1.45)
[224/294]	nan (nan)	0.00 (1.44)
[225/294]	nan (nan)	0.00 (1.44)
[226/294]	nan (nan)	0.00 (1.43)
[227/294]	nan (nan)	0.00 (1.43)
[228/294]	nan (nan)	0.00 (1.42)
[229/294]	nan (nan)	0.00 (1.41)
[230/294]	nan (nan)	0.00 (1.41)
[231/294]	nan (nan)	0.00 (1.40)
[232/294]	nan (nan)	0.00 (1.39)
[233/294]	nan (nan)	0.00 (1.39)
[234/294]	nan (nan)	0.00 (1.38)
[235/294]	nan (nan)	0.00 (1.38)
[236/294]	nan (nan)	0.00 (1.37)
[237/294]	nan (nan)	0.00 (1.37)
[238/294]	nan (nan)	0.00 (1.36)
[239/294]	nan (nan)	0.00 (1.35)
[240/294]	nan (nan)	0.00 (1.35)
[241/294]	nan (nan)	0.00 (1.34)
[242/294]	nan (nan)	0.00 (1.34)
[243/294]	nan (nan)	0.00 (1.33)
[244/294]	nan (nan)	0.00 (1.33)
[245/294]	nan (nan)	0.00 (1.32)
[246/294]	nan (nan)	0.00 (1.32)
[247/294]	nan (nan)	0.00 (1.31)
[248/294]	nan (nan)	0.00 (1.31)
[249/294]	nan (nan)	0.00 (1.30)
[250/294]	nan (nan)	0.00 (1.29)
[251/294]	nan (nan)	0.00 (1.29)
[252/294]	nan (nan)	0.00 (1.28)
[253/294]	nan (nan)	0.00 (1.28)
[254/294]	nan (nan)	0.00 (1.27)
[255/294]	nan (nan)	0.00 (1.27)
[256/294]	nan (nan)	0.00 (1.26)
[257/294]	nan (nan)	0.00 (1.26)
[258/294]	nan (nan)	0.00 (1.25)
[259/294]	nan (nan)	0.00 (1.25)
[260/294]	nan (nan)	0.00 (1.25)
[261/294]	nan (nan)	0.00 (1.24)
[262/294]	nan (nan)	0.00 (1.24)
[263/294]	nan (nan)	0.00 (1.23)
[264/294]	nan (nan)	0.00 (1.23)
[265/294]	nan (nan)	0.00 (1.22)
[266/294]	nan (nan)	0.00 (1.22)
[267/294]	nan (nan)	0.00 (1.21)
[268/294]	nan (nan)	0.00 (1.21)
[269/294]	nan (nan)	0.00 (1.20)
[270/294]	nan (nan)	0.00 (1.20)
[271/294]	nan (nan)	0.00 (1.19)
[272/294]	nan (nan)	0.00 (1.19)
[273/294]	nan (nan)	0.00 (1.19)
[274/294]	nan (nan)	0.00 (1.18)
[275/294]	nan (nan)	0.00 (1.18)
[276/294]	nan (nan)	0.00 (1.17)
[277/294]	nan (nan)	0.00 (1.17)
[278/294]	nan (nan)	0.00 (1.16)
[279/294]	nan (nan)	0.00 (1.16)
[280/294]	nan (nan)	0.00 (1.16)
[281/294]	nan (nan)	0.00 (1.15)
[282/294]	nan (nan)	0.00 (1.15)
[283/294]	nan (nan)	0.00 (1.14)
[284/294]	nan (nan)	0.00 (1.14)
[285/294]	nan (nan)	0.00 (1.14)
[286/294]	nan (nan)	0.00 (1.13)
[287/294]	nan (nan)	0.00 (1.13)
[288/294]	nan (nan)	0.00 (1.12)
[289/294]	nan (nan)	0.00 (1.12)
[290/294]	nan (nan)	0.00 (1.12)
[291/294]	nan (nan)	0.00 (1.11)
[292/294]	nan (nan)	0.00 (1.11)
[293/294]	nan (nan)	0.00 (1.11)
 * Train Acc: 1.108
 * Avg. Data time: 0.006, Avg. Batch time: 0.045, Avg. Forward time: 0.004, Avg. Backward time: 0.027
Computing MAS
 * Val Acc: 25.647, Time: 1.99
 * Test Acc: 24.772, Time: 3.52
=============Training Task 2=============
Active output nodes for this task: 
[0, 1, 2, 3, 4, 5]
=============Training Epoch 0=============
#reg terms:  1
Batch	 Loss		 Acc
[0/294]	nan (nan)	0.00 (0.00)
[1/294]	nan (nan)	0.00 (0.00)
[2/294]	nan (nan)	0.00 (0.00)
[3/294]	nan (nan)	0.00 (0.00)
[4/294]	nan (nan)	0.00 (0.00)
[5/294]	nan (nan)	0.00 (0.00)
[6/294]	nan (nan)	0.00 (0.00)
[7/294]	nan (nan)	0.00 (0.00)
[8/294]	nan (nan)	0.00 (0.00)
[9/294]	nan (nan)	0.00 (0.00)
[10/294]	nan (nan)	0.00 (0.00)
[11/294]	nan (nan)	0.00 (0.00)
[12/294]	nan (nan)	0.00 (0.00)
[13/294]	nan (nan)	0.00 (0.00)
[14/294]	nan (nan)	0.00 (0.00)
[15/294]	nan (nan)	0.00 (0.00)
[16/294]	nan (nan)	0.00 (0.00)
[17/294]	nan (nan)	0.00 (0.00)
[18/294]	nan (nan)	0.00 (0.00)
[19/294]	nan (nan)	0.00 (0.00)
[20/294]	nan (nan)	0.00 (0.00)
[21/294]	nan (nan)	0.00 (0.00)
[22/294]	nan (nan)	0.00 (0.00)
[23/294]	nan (nan)	0.00 (0.00)
[24/294]	nan (nan)	0.00 (0.00)
[25/294]	nan (nan)	0.00 (0.00)
[26/294]	nan (nan)	0.00 (0.00)
[27/294]	nan (nan)	0.00 (0.00)
[28/294]	nan (nan)	0.00 (0.00)
[29/294]	nan (nan)	0.00 (0.00)
[30/294]	nan (nan)	0.00 (0.00)
[31/294]	nan (nan)	0.00 (0.00)
[32/294]	nan (nan)	0.00 (0.00)
[33/294]	nan (nan)	0.00 (0.00)
[34/294]	nan (nan)	0.00 (0.00)
[35/294]	nan (nan)	0.00 (0.00)
[36/294]	nan (nan)	0.00 (0.00)
[37/294]	nan (nan)	0.00 (0.00)
[38/294]	nan (nan)	0.00 (0.00)
[39/294]	nan (nan)	0.00 (0.00)
[40/294]	nan (nan)	0.00 (0.00)
[41/294]	nan (nan)	0.00 (0.00)
[42/294]	nan (nan)	0.00 (0.00)
[43/294]	nan (nan)	0.00 (0.00)
[44/294]	nan (nan)	0.00 (0.00)
[45/294]	nan (nan)	0.00 (0.00)
[46/294]	nan (nan)	0.00 (0.00)
[47/294]	nan (nan)	0.00 (0.00)
[48/294]	nan (nan)	0.00 (0.00)
[49/294]	nan (nan)	0.00 (0.00)
[50/294]	nan (nan)	0.00 (0.00)
[51/294]	nan (nan)	0.00 (0.00)
[52/294]	nan (nan)	0.00 (0.00)
[53/294]	nan (nan)	0.00 (0.00)
[54/294]	nan (nan)	0.00 (0.00)
[55/294]	nan (nan)	0.00 (0.00)
[56/294]	nan (nan)	0.00 (0.00)
[57/294]	nan (nan)	0.00 (0.00)
[58/294]	nan (nan)	0.00 (0.00)
[59/294]	nan (nan)	0.00 (0.00)
[60/294]	nan (nan)	0.00 (0.00)
[61/294]	nan (nan)	0.00 (0.00)
[62/294]	nan (nan)	0.00 (0.00)
[63/294]	nan (nan)	0.00 (0.00)
[64/294]	nan (nan)	0.00 (0.00)
[65/294]	nan (nan)	0.00 (0.00)
[66/294]	nan (nan)	0.00 (0.00)
[67/294]	nan (nan)	0.00 (0.00)
[68/294]	nan (nan)	0.00 (0.00)
[69/294]	nan (nan)	0.00 (0.00)
[70/294]	nan (nan)	0.00 (0.00)
[71/294]	nan (nan)	0.00 (0.00)
[72/294]	nan (nan)	0.00 (0.00)
[73/294]	nan (nan)	0.00 (0.00)
[74/294]	nan (nan)	0.00 (0.00)
[75/294]	nan (nan)	0.00 (0.00)
[76/294]	nan (nan)	0.00 (0.00)
[77/294]	nan (nan)	0.00 (0.00)
[78/294]	nan (nan)	0.00 (0.00)
[79/294]	nan (nan)	0.00 (0.00)
[80/294]	nan (nan)	0.00 (0.00)
[81/294]	nan (nan)	0.00 (0.00)
[82/294]	nan (nan)	0.00 (0.00)
[83/294]	nan (nan)	0.00 (0.00)
[84/294]	nan (nan)	0.00 (0.00)
[85/294]	nan (nan)	0.00 (0.00)
[86/294]	nan (nan)	0.00 (0.00)
[87/294]	nan (nan)	0.00 (0.00)
[88/294]	nan (nan)	0.00 (0.00)
[89/294]	nan (nan)	0.00 (0.00)
[90/294]	nan (nan)	0.00 (0.00)
[91/294]	nan (nan)	0.00 (0.00)
[92/294]	nan (nan)	0.00 (0.00)
[93/294]	nan (nan)	0.00 (0.00)
[94/294]	nan (nan)	0.00 (0.00)
[95/294]	nan (nan)	0.00 (0.00)
[96/294]	nan (nan)	0.00 (0.00)
[97/294]	nan (nan)	0.00 (0.00)
[98/294]	nan (nan)	0.00 (0.00)
[99/294]	nan (nan)	0.00 (0.00)
[100/294]	nan (nan)	0.00 (0.00)
[101/294]	nan (nan)	0.00 (0.00)
[102/294]	nan (nan)	0.00 (0.00)
[103/294]	nan (nan)	0.00 (0.00)
[104/294]	nan (nan)	0.00 (0.00)
[105/294]	nan (nan)	0.00 (0.00)
[106/294]	nan (nan)	0.00 (0.00)
[107/294]	nan (nan)	0.00 (0.00)
[108/294]	nan (nan)	0.00 (0.00)
[109/294]	nan (nan)	0.00 (0.00)
[110/294]	nan (nan)	0.00 (0.00)
[111/294]	nan (nan)	0.00 (0.00)
[112/294]	nan (nan)	0.00 (0.00)
[113/294]	nan (nan)	0.00 (0.00)
[114/294]	nan (nan)	0.00 (0.00)
[115/294]	nan (nan)	0.00 (0.00)
[116/294]	nan (nan)	0.00 (0.00)
[117/294]	nan (nan)	0.00 (0.00)
[118/294]	nan (nan)	0.00 (0.00)
[119/294]	nan (nan)	0.00 (0.00)
[120/294]	nan (nan)	0.00 (0.00)
[121/294]	nan (nan)	0.00 (0.00)
[122/294]	nan (nan)	0.00 (0.00)
[123/294]	nan (nan)	0.00 (0.00)
[124/294]	nan (nan)	0.00 (0.00)
[125/294]	nan (nan)	0.00 (0.00)
[126/294]	nan (nan)	0.00 (0.00)
[127/294]	nan (nan)	0.00 (0.00)
[128/294]	nan (nan)	0.00 (0.00)
[129/294]	nan (nan)	0.00 (0.00)
[130/294]	nan (nan)	0.00 (0.00)
[131/294]	nan (nan)	0.00 (0.00)
[132/294]	nan (nan)	0.00 (0.00)
[133/294]	nan (nan)	0.00 (0.00)
[134/294]	nan (nan)	0.00 (0.00)
[135/294]	nan (nan)	0.00 (0.00)
[136/294]	nan (nan)	0.00 (0.00)
[137/294]	nan (nan)	0.00 (0.00)
[138/294]	nan (nan)	0.00 (0.00)
[139/294]	nan (nan)	0.00 (0.00)
[140/294]	nan (nan)	0.00 (0.00)
[141/294]	nan (nan)	0.00 (0.00)
[142/294]	nan (nan)	0.00 (0.00)
[143/294]	nan (nan)	0.00 (0.00)
[144/294]	nan (nan)	0.00 (0.00)
[145/294]	nan (nan)	0.00 (0.00)
[146/294]	nan (nan)	0.00 (0.00)
[147/294]	nan (nan)	0.00 (0.00)
[148/294]	nan (nan)	0.00 (0.00)
[149/294]	nan (nan)	0.00 (0.00)
[150/294]	nan (nan)	0.00 (0.00)
[151/294]	nan (nan)	0.00 (0.00)
[152/294]	nan (nan)	0.00 (0.00)
[153/294]	nan (nan)	0.00 (0.00)
[154/294]	nan (nan)	0.00 (0.00)
[155/294]	nan (nan)	0.00 (0.00)
[156/294]	nan (nan)	0.00 (0.00)
[157/294]	nan (nan)	0.00 (0.00)
[158/294]	nan (nan)	0.00 (0.00)
[159/294]	nan (nan)	0.00 (0.00)
[160/294]	nan (nan)	0.00 (0.00)
[161/294]	nan (nan)	0.00 (0.00)
[162/294]	nan (nan)	0.00 (0.00)
[163/294]	nan (nan)	0.00 (0.00)
[164/294]	nan (nan)	0.00 (0.00)
[165/294]	nan (nan)	0.00 (0.00)
[166/294]	nan (nan)	0.00 (0.00)
[167/294]	nan (nan)	0.00 (0.00)
[168/294]	nan (nan)	0.00 (0.00)
[169/294]	nan (nan)	0.00 (0.00)
[170/294]	nan (nan)	0.00 (0.00)
[171/294]	nan (nan)	0.00 (0.00)
[172/294]	nan (nan)	0.00 (0.00)
[173/294]	nan (nan)	0.00 (0.00)
[174/294]	nan (nan)	0.00 (0.00)
[175/294]	nan (nan)	0.00 (0.00)
[176/294]	nan (nan)	0.00 (0.00)
[177/294]	nan (nan)	0.00 (0.00)
[178/294]	nan (nan)	0.00 (0.00)
[179/294]	nan (nan)	0.00 (0.00)
[180/294]	nan (nan)	0.00 (0.00)
[181/294]	nan (nan)	0.00 (0.00)
[182/294]	nan (nan)	0.00 (0.00)
[183/294]	nan (nan)	0.00 (0.00)
[184/294]	nan (nan)	0.00 (0.00)
[185/294]	nan (nan)	0.00 (0.00)
[186/294]	nan (nan)	0.00 (0.00)
[187/294]	nan (nan)	0.00 (0.00)
[188/294]	nan (nan)	0.00 (0.00)
[189/294]	nan (nan)	0.00 (0.00)
[190/294]	nan (nan)	0.00 (0.00)
[191/294]	nan (nan)	0.00 (0.00)
[192/294]	nan (nan)	0.00 (0.00)
[193/294]	nan (nan)	0.00 (0.00)
[194/294]	nan (nan)	0.00 (0.00)
[195/294]	nan (nan)	0.00 (0.00)
[196/294]	nan (nan)	0.00 (0.00)
[197/294]	nan (nan)	0.00 (0.00)
[198/294]	nan (nan)	0.00 (0.00)
[199/294]	nan (nan)	0.00 (0.00)
[200/294]	nan (nan)	0.00 (0.00)
[201/294]	nan (nan)	0.00 (0.00)
[202/294]	nan (nan)	0.00 (0.00)
[203/294]	nan (nan)	0.00 (0.00)
[204/294]	nan (nan)	0.00 (0.00)
[205/294]	nan (nan)	0.00 (0.00)
[206/294]	nan (nan)	0.00 (0.00)
[207/294]	nan (nan)	0.00 (0.00)
[208/294]	nan (nan)	0.00 (0.00)
[209/294]	nan (nan)	0.00 (0.00)
[210/294]	nan (nan)	0.00 (0.00)
[211/294]	nan (nan)	0.00 (0.00)
[212/294]	nan (nan)	0.00 (0.00)
[213/294]	nan (nan)	0.00 (0.00)
[214/294]	nan (nan)	0.00 (0.00)
[215/294]	nan (nan)	0.00 (0.00)
[216/294]	nan (nan)	0.00 (0.00)
[217/294]	nan (nan)	0.00 (0.00)
[218/294]	nan (nan)	0.00 (0.00)
[219/294]	nan (nan)	0.00 (0.00)
[220/294]	nan (nan)	0.00 (0.00)
[221/294]	nan (nan)	0.00 (0.00)
[222/294]	nan (nan)	0.00 (0.00)
[223/294]	nan (nan)	0.00 (0.00)
[224/294]	nan (nan)	0.00 (0.00)
[225/294]	nan (nan)	0.00 (0.00)
[226/294]	nan (nan)	0.00 (0.00)
[227/294]	nan (nan)	0.00 (0.00)
[228/294]	nan (nan)	0.00 (0.00)
[229/294]	nan (nan)	0.00 (0.00)
[230/294]	nan (nan)	0.00 (0.00)
[231/294]	nan (nan)	0.00 (0.00)
[232/294]	nan (nan)	0.00 (0.00)
[233/294]	nan (nan)	0.00 (0.00)
[234/294]	nan (nan)	0.00 (0.00)
[235/294]	nan (nan)	0.00 (0.00)
[236/294]	nan (nan)	0.00 (0.00)
[237/294]	nan (nan)	0.00 (0.00)
[238/294]	nan (nan)	0.00 (0.00)
[239/294]	nan (nan)	0.00 (0.00)
[240/294]	nan (nan)	0.00 (0.00)
[241/294]	nan (nan)	0.00 (0.00)
[242/294]	nan (nan)	0.00 (0.00)
[243/294]	nan (nan)	0.00 (0.00)
[244/294]	nan (nan)	0.00 (0.00)
[245/294]	nan (nan)	0.00 (0.00)
[246/294]	nan (nan)	0.00 (0.00)
[247/294]	nan (nan)	0.00 (0.00)
[248/294]	nan (nan)	0.00 (0.00)
[249/294]	nan (nan)	0.00 (0.00)
[250/294]	nan (nan)	0.00 (0.00)
[251/294]	nan (nan)	0.00 (0.00)
[252/294]	nan (nan)	0.00 (0.00)
[253/294]	nan (nan)	0.00 (0.00)
[254/294]	nan (nan)	0.00 (0.00)
[255/294]	nan (nan)	0.00 (0.00)
[256/294]	nan (nan)	0.00 (0.00)
[257/294]	nan (nan)	0.00 (0.00)
[258/294]	nan (nan)	0.00 (0.00)
[259/294]	nan (nan)	0.00 (0.00)
[260/294]	nan (nan)	0.00 (0.00)
[261/294]	nan (nan)	0.00 (0.00)
[262/294]	nan (nan)	0.00 (0.00)
[263/294]	nan (nan)	0.00 (0.00)
[264/294]	nan (nan)	0.00 (0.00)
[265/294]	nan (nan)	0.00 (0.00)
[266/294]	nan (nan)	0.00 (0.00)
[267/294]	nan (nan)	0.00 (0.00)
[268/294]	nan (nan)	0.00 (0.00)
[269/294]	nan (nan)	0.00 (0.00)
[270/294]	nan (nan)	0.00 (0.00)
[271/294]	nan (nan)	0.00 (0.00)
[272/294]	nan (nan)	0.00 (0.00)
[273/294]	nan (nan)	0.00 (0.00)
[274/294]	nan (nan)	0.00 (0.00)
[275/294]	nan (nan)	0.00 (0.00)
[276/294]	nan (nan)	0.00 (0.00)
[277/294]	nan (nan)	0.00 (0.00)
[278/294]	nan (nan)	0.00 (0.00)
[279/294]	nan (nan)	0.00 (0.00)
[280/294]	nan (nan)	0.00 (0.00)
[281/294]	nan (nan)	0.00 (0.00)
[282/294]	nan (nan)	0.00 (0.00)
[283/294]	nan (nan)	0.00 (0.00)
[284/294]	nan (nan)	0.00 (0.00)
[285/294]	nan (nan)	0.00 (0.00)
[286/294]	nan (nan)	0.00 (0.00)
[287/294]	nan (nan)	0.00 (0.00)
[288/294]	nan (nan)	0.00 (0.00)
[289/294]	nan (nan)	0.00 (0.00)
[290/294]	nan (nan)	0.00 (0.00)
[291/294]	nan (nan)	0.00 (0.00)
[292/294]	nan (nan)	0.00 (0.00)
[293/294]	nan (nan)	0.00 (0.00)
 * Train Acc: 0.000
 * Avg. Data time: 0.027, Avg. Batch time: 0.065, Avg. Forward time: 0.004, Avg. Backward time: 0.026
Computing MAS
 * Val Acc: 17.607, Time: 3.80
 * Test Acc: 16.388, Time: 7.12
=============Training Task 3=============
Active output nodes for this task: 
[0, 1, 2, 3, 4, 5, 6, 7]
=============Training Epoch 0=============
#reg terms:  1
Batch	 Loss		 Acc
[0/294]	nan (nan)	0.00 (0.00)
[1/294]	nan (nan)	0.00 (0.00)
[2/294]	nan (nan)	0.00 (0.00)
[3/294]	nan (nan)	0.00 (0.00)
[4/294]	nan (nan)	0.00 (0.00)
[5/294]	nan (nan)	0.00 (0.00)
[6/294]	nan (nan)	0.00 (0.00)
[7/294]	nan (nan)	0.00 (0.00)
[8/294]	nan (nan)	0.00 (0.00)
[9/294]	nan (nan)	0.00 (0.00)
[10/294]	nan (nan)	0.00 (0.00)
[11/294]	nan (nan)	0.00 (0.00)
[12/294]	nan (nan)	0.00 (0.00)
[13/294]	nan (nan)	0.00 (0.00)
[14/294]	nan (nan)	0.00 (0.00)
[15/294]	nan (nan)	0.00 (0.00)
[16/294]	nan (nan)	0.00 (0.00)
[17/294]	nan (nan)	0.00 (0.00)
[18/294]	nan (nan)	0.00 (0.00)
[19/294]	nan (nan)	0.00 (0.00)
[20/294]	nan (nan)	0.00 (0.00)
[21/294]	nan (nan)	0.00 (0.00)
[22/294]	nan (nan)	0.00 (0.00)
[23/294]	nan (nan)	0.00 (0.00)
[24/294]	nan (nan)	0.00 (0.00)
[25/294]	nan (nan)	0.00 (0.00)
[26/294]	nan (nan)	0.00 (0.00)
[27/294]	nan (nan)	0.00 (0.00)
[28/294]	nan (nan)	0.00 (0.00)
[29/294]	nan (nan)	0.00 (0.00)
[30/294]	nan (nan)	0.00 (0.00)
[31/294]	nan (nan)	0.00 (0.00)
[32/294]	nan (nan)	0.00 (0.00)
[33/294]	nan (nan)	0.00 (0.00)
[34/294]	nan (nan)	0.00 (0.00)
[35/294]	nan (nan)	0.00 (0.00)
[36/294]	nan (nan)	0.00 (0.00)
[37/294]	nan (nan)	0.00 (0.00)
[38/294]	nan (nan)	0.00 (0.00)
[39/294]	nan (nan)	0.00 (0.00)
[40/294]	nan (nan)	0.00 (0.00)
[41/294]	nan (nan)	0.00 (0.00)
[42/294]	nan (nan)	0.00 (0.00)
[43/294]	nan (nan)	0.00 (0.00)
[44/294]	nan (nan)	0.00 (0.00)
[45/294]	nan (nan)	0.00 (0.00)
[46/294]	nan (nan)	0.00 (0.00)
[47/294]	nan (nan)	0.00 (0.00)
[48/294]	nan (nan)	0.00 (0.00)
[49/294]	nan (nan)	0.00 (0.00)
[50/294]	nan (nan)	0.00 (0.00)
[51/294]	nan (nan)	0.00 (0.00)
[52/294]	nan (nan)	0.00 (0.00)
[53/294]	nan (nan)	0.00 (0.00)
[54/294]	nan (nan)	0.00 (0.00)
[55/294]	nan (nan)	0.00 (0.00)
[56/294]	nan (nan)	0.00 (0.00)
[57/294]	nan (nan)	0.00 (0.00)
[58/294]	nan (nan)	0.00 (0.00)
[59/294]	nan (nan)	0.00 (0.00)
[60/294]	nan (nan)	0.00 (0.00)
[61/294]	nan (nan)	0.00 (0.00)
[62/294]	nan (nan)	0.00 (0.00)
[63/294]	nan (nan)	0.00 (0.00)
[64/294]	nan (nan)	0.00 (0.00)
[65/294]	nan (nan)	0.00 (0.00)
[66/294]	nan (nan)	0.00 (0.00)
[67/294]	nan (nan)	0.00 (0.00)
[68/294]	nan (nan)	0.00 (0.00)
[69/294]	nan (nan)	0.00 (0.00)
[70/294]	nan (nan)	0.00 (0.00)
[71/294]	nan (nan)	0.00 (0.00)
[72/294]	nan (nan)	0.00 (0.00)
[73/294]	nan (nan)	0.00 (0.00)
[74/294]	nan (nan)	0.00 (0.00)
[75/294]	nan (nan)	0.00 (0.00)
[76/294]	nan (nan)	0.00 (0.00)
[77/294]	nan (nan)	0.00 (0.00)
[78/294]	nan (nan)	0.00 (0.00)
[79/294]	nan (nan)	0.00 (0.00)
[80/294]	nan (nan)	0.00 (0.00)
[81/294]	nan (nan)	0.00 (0.00)
[82/294]	nan (nan)	0.00 (0.00)
[83/294]	nan (nan)	0.00 (0.00)
[84/294]	nan (nan)	0.00 (0.00)
[85/294]	nan (nan)	0.00 (0.00)
[86/294]	nan (nan)	0.00 (0.00)
[87/294]	nan (nan)	0.00 (0.00)
[88/294]	nan (nan)	0.00 (0.00)
[89/294]	nan (nan)	0.00 (0.00)
[90/294]	nan (nan)	0.00 (0.00)
[91/294]	nan (nan)	0.00 (0.00)
[92/294]	nan (nan)	0.00 (0.00)
[93/294]	nan (nan)	0.00 (0.00)
[94/294]	nan (nan)	0.00 (0.00)
[95/294]	nan (nan)	0.00 (0.00)
[96/294]	nan (nan)	0.00 (0.00)
[97/294]	nan (nan)	0.00 (0.00)
[98/294]	nan (nan)	0.00 (0.00)
[99/294]	nan (nan)	0.00 (0.00)
[100/294]	nan (nan)	0.00 (0.00)
[101/294]	nan (nan)	0.00 (0.00)
[102/294]	nan (nan)	0.00 (0.00)
[103/294]	nan (nan)	0.00 (0.00)
[104/294]	nan (nan)	0.00 (0.00)
[105/294]	nan (nan)	0.00 (0.00)
[106/294]	nan (nan)	0.00 (0.00)
[107/294]	nan (nan)	0.00 (0.00)
[108/294]	nan (nan)	0.00 (0.00)
[109/294]	nan (nan)	0.00 (0.00)
[110/294]	nan (nan)	0.00 (0.00)
[111/294]	nan (nan)	0.00 (0.00)
[112/294]	nan (nan)	0.00 (0.00)
[113/294]	nan (nan)	0.00 (0.00)
[114/294]	nan (nan)	0.00 (0.00)
[115/294]	nan (nan)	0.00 (0.00)
[116/294]	nan (nan)	0.00 (0.00)
[117/294]	nan (nan)	0.00 (0.00)
[118/294]	nan (nan)	0.00 (0.00)
[119/294]	nan (nan)	0.00 (0.00)
[120/294]	nan (nan)	0.00 (0.00)
[121/294]	nan (nan)	0.00 (0.00)
[122/294]	nan (nan)	0.00 (0.00)
[123/294]	nan (nan)	0.00 (0.00)
[124/294]	nan (nan)	0.00 (0.00)
[125/294]	nan (nan)	0.00 (0.00)
[126/294]	nan (nan)	0.00 (0.00)
[127/294]	nan (nan)	0.00 (0.00)
[128/294]	nan (nan)	0.00 (0.00)
[129/294]	nan (nan)	0.00 (0.00)
[130/294]	nan (nan)	0.00 (0.00)
[131/294]	nan (nan)	0.00 (0.00)
[132/294]	nan (nan)	0.00 (0.00)
[133/294]	nan (nan)	0.00 (0.00)
[134/294]	nan (nan)	0.00 (0.00)
[135/294]	nan (nan)	0.00 (0.00)
[136/294]	nan (nan)	0.00 (0.00)
[137/294]	nan (nan)	0.00 (0.00)
[138/294]	nan (nan)	0.00 (0.00)
[139/294]	nan (nan)	0.00 (0.00)
[140/294]	nan (nan)	0.00 (0.00)
[141/294]	nan (nan)	0.00 (0.00)
[142/294]	nan (nan)	0.00 (0.00)
[143/294]	nan (nan)	0.00 (0.00)
[144/294]	nan (nan)	0.00 (0.00)
[145/294]	nan (nan)	0.00 (0.00)
[146/294]	nan (nan)	0.00 (0.00)
[147/294]	nan (nan)	0.00 (0.00)
[148/294]	nan (nan)	0.00 (0.00)
[149/294]	nan (nan)	0.00 (0.00)
[150/294]	nan (nan)	0.00 (0.00)
[151/294]	nan (nan)	0.00 (0.00)
[152/294]	nan (nan)	0.00 (0.00)
[153/294]	nan (nan)	0.00 (0.00)
[154/294]	nan (nan)	0.00 (0.00)
[155/294]	nan (nan)	0.00 (0.00)
[156/294]	nan (nan)	0.00 (0.00)
[157/294]	nan (nan)	0.00 (0.00)
[158/294]	nan (nan)	0.00 (0.00)
[159/294]	nan (nan)	0.00 (0.00)
[160/294]	nan (nan)	0.00 (0.00)
[161/294]	nan (nan)	0.00 (0.00)
[162/294]	nan (nan)	0.00 (0.00)
[163/294]	nan (nan)	0.00 (0.00)
[164/294]	nan (nan)	0.00 (0.00)
[165/294]	nan (nan)	0.00 (0.00)
[166/294]	nan (nan)	0.00 (0.00)
[167/294]	nan (nan)	0.00 (0.00)
[168/294]	nan (nan)	0.00 (0.00)
[169/294]	nan (nan)	0.00 (0.00)
[170/294]	nan (nan)	0.00 (0.00)
[171/294]	nan (nan)	0.00 (0.00)
[172/294]	nan (nan)	0.00 (0.00)
[173/294]	nan (nan)	0.00 (0.00)
[174/294]	nan (nan)	0.00 (0.00)
[175/294]	nan (nan)	0.00 (0.00)
[176/294]	nan (nan)	0.00 (0.00)
[177/294]	nan (nan)	0.00 (0.00)
[178/294]	nan (nan)	0.00 (0.00)
[179/294]	nan (nan)	0.00 (0.00)
[180/294]	nan (nan)	0.00 (0.00)
[181/294]	nan (nan)	0.00 (0.00)
[182/294]	nan (nan)	0.00 (0.00)
[183/294]	nan (nan)	0.00 (0.00)
[184/294]	nan (nan)	0.00 (0.00)
[185/294]	nan (nan)	0.00 (0.00)
[186/294]	nan (nan)	0.00 (0.00)
[187/294]	nan (nan)	0.00 (0.00)
[188/294]	nan (nan)	0.00 (0.00)
[189/294]	nan (nan)	0.00 (0.00)
[190/294]	nan (nan)	0.00 (0.00)
[191/294]	nan (nan)	0.00 (0.00)
[192/294]	nan (nan)	0.00 (0.00)
[193/294]	nan (nan)	0.00 (0.00)
[194/294]	nan (nan)	0.00 (0.00)
[195/294]	nan (nan)	0.00 (0.00)
[196/294]	nan (nan)	0.00 (0.00)
[197/294]	nan (nan)	0.00 (0.00)
[198/294]	nan (nan)	0.00 (0.00)
[199/294]	nan (nan)	0.00 (0.00)
[200/294]	nan (nan)	0.00 (0.00)
[201/294]	nan (nan)	0.00 (0.00)
[202/294]	nan (nan)	0.00 (0.00)
[203/294]	nan (nan)	0.00 (0.00)
[204/294]	nan (nan)	0.00 (0.00)
[205/294]	nan (nan)	0.00 (0.00)
[206/294]	nan (nan)	0.00 (0.00)
[207/294]	nan (nan)	0.00 (0.00)
[208/294]	nan (nan)	0.00 (0.00)
[209/294]	nan (nan)	0.00 (0.00)
[210/294]	nan (nan)	0.00 (0.00)
[211/294]	nan (nan)	0.00 (0.00)
[212/294]	nan (nan)	0.00 (0.00)
[213/294]	nan (nan)	0.00 (0.00)
[214/294]	nan (nan)	0.00 (0.00)
[215/294]	nan (nan)	0.00 (0.00)
[216/294]	nan (nan)	0.00 (0.00)
[217/294]	nan (nan)	0.00 (0.00)
[218/294]	nan (nan)	0.00 (0.00)
[219/294]	nan (nan)	0.00 (0.00)
[220/294]	nan (nan)	0.00 (0.00)
[221/294]	nan (nan)	0.00 (0.00)
[222/294]	nan (nan)	0.00 (0.00)
[223/294]	nan (nan)	0.00 (0.00)
[224/294]	nan (nan)	0.00 (0.00)
[225/294]	nan (nan)	0.00 (0.00)
[226/294]	nan (nan)	0.00 (0.00)
[227/294]	nan (nan)	0.00 (0.00)
[228/294]	nan (nan)	0.00 (0.00)
[229/294]	nan (nan)	0.00 (0.00)
[230/294]	nan (nan)	0.00 (0.00)
[231/294]	nan (nan)	0.00 (0.00)
[232/294]	nan (nan)	0.00 (0.00)
[233/294]	nan (nan)	0.00 (0.00)
[234/294]	nan (nan)	0.00 (0.00)
[235/294]	nan (nan)	0.00 (0.00)
[236/294]	nan (nan)	0.00 (0.00)
[237/294]	nan (nan)	0.00 (0.00)
[238/294]	nan (nan)	0.00 (0.00)
[239/294]	nan (nan)	0.00 (0.00)
[240/294]	nan (nan)	0.00 (0.00)
[241/294]	nan (nan)	0.00 (0.00)
[242/294]	nan (nan)	0.00 (0.00)
[243/294]	nan (nan)	0.00 (0.00)
[244/294]	nan (nan)	0.00 (0.00)
[245/294]	nan (nan)	0.00 (0.00)
[246/294]	nan (nan)	0.00 (0.00)
[247/294]	nan (nan)	0.00 (0.00)
[248/294]	nan (nan)	0.00 (0.00)
[249/294]	nan (nan)	0.00 (0.00)
[250/294]	nan (nan)	0.00 (0.00)
[251/294]	nan (nan)	0.00 (0.00)
[252/294]	nan (nan)	0.00 (0.00)
[253/294]	nan (nan)	0.00 (0.00)
[254/294]	nan (nan)	0.00 (0.00)
[255/294]	nan (nan)	0.00 (0.00)
[256/294]	nan (nan)	0.00 (0.00)
[257/294]	nan (nan)	0.00 (0.00)
[258/294]	nan (nan)	0.00 (0.00)
[259/294]	nan (nan)	0.00 (0.00)
[260/294]	nan (nan)	0.00 (0.00)
[261/294]	nan (nan)	0.00 (0.00)
[262/294]	nan (nan)	0.00 (0.00)
[263/294]	nan (nan)	0.00 (0.00)
[264/294]	nan (nan)	0.00 (0.00)
[265/294]	nan (nan)	0.00 (0.00)
[266/294]	nan (nan)	0.00 (0.00)
[267/294]	nan (nan)	0.00 (0.00)
[268/294]	nan (nan)	0.00 (0.00)
[269/294]	nan (nan)	0.00 (0.00)
[270/294]	nan (nan)	0.00 (0.00)
[271/294]	nan (nan)	0.00 (0.00)
[272/294]	nan (nan)	0.00 (0.00)
[273/294]	nan (nan)	0.00 (0.00)
[274/294]	nan (nan)	0.00 (0.00)
[275/294]	nan (nan)	0.00 (0.00)
[276/294]	nan (nan)	0.00 (0.00)
[277/294]	nan (nan)	0.00 (0.00)
[278/294]	nan (nan)	0.00 (0.00)
[279/294]	nan (nan)	0.00 (0.00)
[280/294]	nan (nan)	0.00 (0.00)
[281/294]	nan (nan)	0.00 (0.00)
[282/294]	nan (nan)	0.00 (0.00)
[283/294]	nan (nan)	0.00 (0.00)
[284/294]	nan (nan)	0.00 (0.00)
[285/294]	nan (nan)	0.00 (0.00)
[286/294]	nan (nan)	0.00 (0.00)
[287/294]	nan (nan)	0.00 (0.00)
[288/294]	nan (nan)	0.00 (0.00)
[289/294]	nan (nan)	0.00 (0.00)
[290/294]	nan (nan)	0.00 (0.00)
[291/294]	nan (nan)	0.00 (0.00)
[292/294]	nan (nan)	0.00 (0.00)
[293/294]	nan (nan)	0.00 (0.00)
 * Train Acc: 0.000
 * Avg. Data time: 0.014, Avg. Batch time: 0.053, Avg. Forward time: 0.005, Avg. Backward time: 0.027
Computing MAS
 * Val Acc: 13.144, Time: 5.40
 * Test Acc: 12.326, Time: 12.55
=============Training Task 4=============
Active output nodes for this task: 
[0, 1, 2, 3, 4, 5, 6, 7, 8, 9]
=============Training Epoch 0=============
#reg terms:  1
Batch	 Loss		 Acc
[0/294]	nan (nan)	0.00 (0.00)
[1/294]	nan (nan)	0.00 (0.00)
[2/294]	nan (nan)	0.00 (0.00)
[3/294]	nan (nan)	0.00 (0.00)
[4/294]	nan (nan)	0.00 (0.00)
[5/294]	nan (nan)	0.00 (0.00)
[6/294]	nan (nan)	0.00 (0.00)
[7/294]	nan (nan)	0.00 (0.00)
[8/294]	nan (nan)	0.00 (0.00)
[9/294]	nan (nan)	0.00 (0.00)
[10/294]	nan (nan)	0.00 (0.00)
[11/294]	nan (nan)	0.00 (0.00)
[12/294]	nan (nan)	0.00 (0.00)
[13/294]	nan (nan)	0.00 (0.00)
[14/294]	nan (nan)	0.00 (0.00)
[15/294]	nan (nan)	0.00 (0.00)
[16/294]	nan (nan)	0.00 (0.00)
[17/294]	nan (nan)	0.00 (0.00)
[18/294]	nan (nan)	0.00 (0.00)
[19/294]	nan (nan)	0.00 (0.00)
[20/294]	nan (nan)	0.00 (0.00)
[21/294]	nan (nan)	0.00 (0.00)
[22/294]	nan (nan)	0.00 (0.00)
[23/294]	nan (nan)	0.00 (0.00)
[24/294]	nan (nan)	0.00 (0.00)
[25/294]	nan (nan)	0.00 (0.00)
[26/294]	nan (nan)	0.00 (0.00)
[27/294]	nan (nan)	0.00 (0.00)
[28/294]	nan (nan)	0.00 (0.00)
[29/294]	nan (nan)	0.00 (0.00)
[30/294]	nan (nan)	0.00 (0.00)
[31/294]	nan (nan)	0.00 (0.00)
[32/294]	nan (nan)	0.00 (0.00)
[33/294]	nan (nan)	0.00 (0.00)
[34/294]	nan (nan)	0.00 (0.00)
[35/294]	nan (nan)	0.00 (0.00)
[36/294]	nan (nan)	0.00 (0.00)
[37/294]	nan (nan)	0.00 (0.00)
[38/294]	nan (nan)	0.00 (0.00)
[39/294]	nan (nan)	0.00 (0.00)
[40/294]	nan (nan)	0.00 (0.00)
[41/294]	nan (nan)	0.00 (0.00)
[42/294]	nan (nan)	0.00 (0.00)
[43/294]	nan (nan)	0.00 (0.00)
[44/294]	nan (nan)	0.00 (0.00)
[45/294]	nan (nan)	0.00 (0.00)
[46/294]	nan (nan)	0.00 (0.00)
[47/294]	nan (nan)	0.00 (0.00)
[48/294]	nan (nan)	0.00 (0.00)
[49/294]	nan (nan)	0.00 (0.00)
[50/294]	nan (nan)	0.00 (0.00)
[51/294]	nan (nan)	0.00 (0.00)
[52/294]	nan (nan)	0.00 (0.00)
[53/294]	nan (nan)	0.00 (0.00)
[54/294]	nan (nan)	0.00 (0.00)
[55/294]	nan (nan)	0.00 (0.00)
[56/294]	nan (nan)	0.00 (0.00)
[57/294]	nan (nan)	0.00 (0.00)
[58/294]	nan (nan)	0.00 (0.00)
[59/294]	nan (nan)	0.00 (0.00)
[60/294]	nan (nan)	0.00 (0.00)
[61/294]	nan (nan)	0.00 (0.00)
[62/294]	nan (nan)	0.00 (0.00)
[63/294]	nan (nan)	0.00 (0.00)
[64/294]	nan (nan)	0.00 (0.00)
[65/294]	nan (nan)	0.00 (0.00)
[66/294]	nan (nan)	0.00 (0.00)
[67/294]	nan (nan)	0.00 (0.00)
[68/294]	nan (nan)	0.00 (0.00)
[69/294]	nan (nan)	0.00 (0.00)
[70/294]	nan (nan)	0.00 (0.00)
[71/294]	nan (nan)	0.00 (0.00)
[72/294]	nan (nan)	0.00 (0.00)
[73/294]	nan (nan)	0.00 (0.00)
[74/294]	nan (nan)	0.00 (0.00)
[75/294]	nan (nan)	0.00 (0.00)
[76/294]	nan (nan)	0.00 (0.00)
[77/294]	nan (nan)	0.00 (0.00)
[78/294]	nan (nan)	0.00 (0.00)
[79/294]	nan (nan)	0.00 (0.00)
[80/294]	nan (nan)	0.00 (0.00)
[81/294]	nan (nan)	0.00 (0.00)
[82/294]	nan (nan)	0.00 (0.00)
[83/294]	nan (nan)	0.00 (0.00)
[84/294]	nan (nan)	0.00 (0.00)
[85/294]	nan (nan)	0.00 (0.00)
[86/294]	nan (nan)	0.00 (0.00)
[87/294]	nan (nan)	0.00 (0.00)
[88/294]	nan (nan)	0.00 (0.00)
[89/294]	nan (nan)	0.00 (0.00)
[90/294]	nan (nan)	0.00 (0.00)
[91/294]	nan (nan)	0.00 (0.00)
[92/294]	nan (nan)	0.00 (0.00)
[93/294]	nan (nan)	0.00 (0.00)
[94/294]	nan (nan)	0.00 (0.00)
[95/294]	nan (nan)	0.00 (0.00)
[96/294]	nan (nan)	0.00 (0.00)
[97/294]	nan (nan)	0.00 (0.00)
[98/294]	nan (nan)	0.00 (0.00)
[99/294]	nan (nan)	0.00 (0.00)
[100/294]	nan (nan)	0.00 (0.00)
[101/294]	nan (nan)	0.00 (0.00)
[102/294]	nan (nan)	0.00 (0.00)
[103/294]	nan (nan)	0.00 (0.00)
[104/294]	nan (nan)	0.00 (0.00)
[105/294]	nan (nan)	0.00 (0.00)
[106/294]	nan (nan)	0.00 (0.00)
[107/294]	nan (nan)	0.00 (0.00)
[108/294]	nan (nan)	0.00 (0.00)
[109/294]	nan (nan)	0.00 (0.00)
[110/294]	nan (nan)	0.00 (0.00)
[111/294]	nan (nan)	0.00 (0.00)
[112/294]	nan (nan)	0.00 (0.00)
[113/294]	nan (nan)	0.00 (0.00)
[114/294]	nan (nan)	0.00 (0.00)
[115/294]	nan (nan)	0.00 (0.00)
[116/294]	nan (nan)	0.00 (0.00)
[117/294]	nan (nan)	0.00 (0.00)
[118/294]	nan (nan)	0.00 (0.00)
[119/294]	nan (nan)	0.00 (0.00)
[120/294]	nan (nan)	0.00 (0.00)
[121/294]	nan (nan)	0.00 (0.00)
[122/294]	nan (nan)	0.00 (0.00)
[123/294]	nan (nan)	0.00 (0.00)
[124/294]	nan (nan)	0.00 (0.00)
[125/294]	nan (nan)	0.00 (0.00)
[126/294]	nan (nan)	0.00 (0.00)
[127/294]	nan (nan)	0.00 (0.00)
[128/294]	nan (nan)	0.00 (0.00)
[129/294]	nan (nan)	0.00 (0.00)
[130/294]	nan (nan)	0.00 (0.00)
[131/294]	nan (nan)	0.00 (0.00)
[132/294]	nan (nan)	0.00 (0.00)
[133/294]	nan (nan)	0.00 (0.00)
[134/294]	nan (nan)	0.00 (0.00)
[135/294]	nan (nan)	0.00 (0.00)
[136/294]	nan (nan)	0.00 (0.00)
[137/294]	nan (nan)	0.00 (0.00)
[138/294]	nan (nan)	0.00 (0.00)
[139/294]	nan (nan)	0.00 (0.00)
[140/294]	nan (nan)	0.00 (0.00)
[141/294]	nan (nan)	0.00 (0.00)
[142/294]	nan (nan)	0.00 (0.00)
[143/294]	nan (nan)	0.00 (0.00)
[144/294]	nan (nan)	0.00 (0.00)
[145/294]	nan (nan)	0.00 (0.00)
[146/294]	nan (nan)	0.00 (0.00)
[147/294]	nan (nan)	0.00 (0.00)
[148/294]	nan (nan)	0.00 (0.00)
[149/294]	nan (nan)	0.00 (0.00)
[150/294]	nan (nan)	0.00 (0.00)
[151/294]	nan (nan)	0.00 (0.00)
[152/294]	nan (nan)	0.00 (0.00)
[153/294]	nan (nan)	0.00 (0.00)
[154/294]	nan (nan)	0.00 (0.00)
[155/294]	nan (nan)	0.00 (0.00)
[156/294]	nan (nan)	0.00 (0.00)
[157/294]	nan (nan)	0.00 (0.00)
[158/294]	nan (nan)	0.00 (0.00)
[159/294]	nan (nan)	0.00 (0.00)
[160/294]	nan (nan)	0.00 (0.00)
[161/294]	nan (nan)	0.00 (0.00)
[162/294]	nan (nan)	0.00 (0.00)
[163/294]	nan (nan)	0.00 (0.00)
[164/294]	nan (nan)	0.00 (0.00)
[165/294]	nan (nan)	0.00 (0.00)
[166/294]	nan (nan)	0.00 (0.00)
[167/294]	nan (nan)	0.00 (0.00)
[168/294]	nan (nan)	0.00 (0.00)
[169/294]	nan (nan)	0.00 (0.00)
[170/294]	nan (nan)	0.00 (0.00)
[171/294]	nan (nan)	0.00 (0.00)
[172/294]	nan (nan)	0.00 (0.00)
[173/294]	nan (nan)	0.00 (0.00)
[174/294]	nan (nan)	0.00 (0.00)
[175/294]	nan (nan)	0.00 (0.00)
[176/294]	nan (nan)	0.00 (0.00)
[177/294]	nan (nan)	0.00 (0.00)
[178/294]	nan (nan)	0.00 (0.00)
[179/294]	nan (nan)	0.00 (0.00)
[180/294]	nan (nan)	0.00 (0.00)
[181/294]	nan (nan)	0.00 (0.00)
[182/294]	nan (nan)	0.00 (0.00)
[183/294]	nan (nan)	0.00 (0.00)
[184/294]	nan (nan)	0.00 (0.00)
[185/294]	nan (nan)	0.00 (0.00)
[186/294]	nan (nan)	0.00 (0.00)
[187/294]	nan (nan)	0.00 (0.00)
[188/294]	nan (nan)	0.00 (0.00)
[189/294]	nan (nan)	0.00 (0.00)
[190/294]	nan (nan)	0.00 (0.00)
[191/294]	nan (nan)	0.00 (0.00)
[192/294]	nan (nan)	0.00 (0.00)
[193/294]	nan (nan)	0.00 (0.00)
[194/294]	nan (nan)	0.00 (0.00)
[195/294]	nan (nan)	0.00 (0.00)
[196/294]	nan (nan)	0.00 (0.00)
[197/294]	nan (nan)	0.00 (0.00)
[198/294]	nan (nan)	0.00 (0.00)
[199/294]	nan (nan)	0.00 (0.00)
[200/294]	nan (nan)	0.00 (0.00)
[201/294]	nan (nan)	0.00 (0.00)
[202/294]	nan (nan)	0.00 (0.00)
[203/294]	nan (nan)	0.00 (0.00)
[204/294]	nan (nan)	0.00 (0.00)
[205/294]	nan (nan)	0.00 (0.00)
[206/294]	nan (nan)	0.00 (0.00)
[207/294]	nan (nan)	0.00 (0.00)
[208/294]	nan (nan)	0.00 (0.00)
[209/294]	nan (nan)	0.00 (0.00)
[210/294]	nan (nan)	0.00 (0.00)
[211/294]	nan (nan)	0.00 (0.00)
[212/294]	nan (nan)	0.00 (0.00)
[213/294]	nan (nan)	0.00 (0.00)
[214/294]	nan (nan)	0.00 (0.00)
[215/294]	nan (nan)	0.00 (0.00)
[216/294]	nan (nan)	0.00 (0.00)
[217/294]	nan (nan)	0.00 (0.00)
[218/294]	nan (nan)	0.00 (0.00)
[219/294]	nan (nan)	0.00 (0.00)
[220/294]	nan (nan)	0.00 (0.00)
[221/294]	nan (nan)	0.00 (0.00)
[222/294]	nan (nan)	0.00 (0.00)
[223/294]	nan (nan)	0.00 (0.00)
[224/294]	nan (nan)	0.00 (0.00)
[225/294]	nan (nan)	0.00 (0.00)
[226/294]	nan (nan)	0.00 (0.00)
[227/294]	nan (nan)	0.00 (0.00)
[228/294]	nan (nan)	0.00 (0.00)
[229/294]	nan (nan)	0.00 (0.00)
[230/294]	nan (nan)	0.00 (0.00)
[231/294]	nan (nan)	0.00 (0.00)
[232/294]	nan (nan)	0.00 (0.00)
[233/294]	nan (nan)	0.00 (0.00)
[234/294]	nan (nan)	0.00 (0.00)
[235/294]	nan (nan)	0.00 (0.00)
[236/294]	nan (nan)	0.00 (0.00)
[237/294]	nan (nan)	0.00 (0.00)
[238/294]	nan (nan)	0.00 (0.00)
[239/294]	nan (nan)	0.00 (0.00)
[240/294]	nan (nan)	0.00 (0.00)
[241/294]	nan (nan)	0.00 (0.00)
[242/294]	nan (nan)	0.00 (0.00)
[243/294]	nan (nan)	0.00 (0.00)
[244/294]	nan (nan)	0.00 (0.00)
[245/294]	nan (nan)	0.00 (0.00)
[246/294]	nan (nan)	0.00 (0.00)
[247/294]	nan (nan)	0.00 (0.00)
[248/294]	nan (nan)	0.00 (0.00)
[249/294]	nan (nan)	0.00 (0.00)
[250/294]	nan (nan)	0.00 (0.00)
[251/294]	nan (nan)	0.00 (0.00)
[252/294]	nan (nan)	0.00 (0.00)
[253/294]	nan (nan)	0.00 (0.00)
[254/294]	nan (nan)	0.00 (0.00)
[255/294]	nan (nan)	0.00 (0.00)
[256/294]	nan (nan)	0.00 (0.00)
[257/294]	nan (nan)	0.00 (0.00)
[258/294]	nan (nan)	0.00 (0.00)
[259/294]	nan (nan)	0.00 (0.00)
[260/294]	nan (nan)	0.00 (0.00)
[261/294]	nan (nan)	0.00 (0.00)
[262/294]	nan (nan)	0.00 (0.00)
[263/294]	nan (nan)	0.00 (0.00)
[264/294]	nan (nan)	0.00 (0.00)
[265/294]	nan (nan)	0.00 (0.00)
[266/294]	nan (nan)	0.00 (0.00)
[267/294]	nan (nan)	0.00 (0.00)
[268/294]	nan (nan)	0.00 (0.00)
[269/294]	nan (nan)	0.00 (0.00)
[270/294]	nan (nan)	0.00 (0.00)
[271/294]	nan (nan)	0.00 (0.00)
[272/294]	nan (nan)	0.00 (0.00)
[273/294]	nan (nan)	0.00 (0.00)
[274/294]	nan (nan)	0.00 (0.00)
[275/294]	nan (nan)	0.00 (0.00)
[276/294]	nan (nan)	0.00 (0.00)
[277/294]	nan (nan)	0.00 (0.00)
[278/294]	nan (nan)	0.00 (0.00)
[279/294]	nan (nan)	0.00 (0.00)
[280/294]	nan (nan)	0.00 (0.00)
[281/294]	nan (nan)	0.00 (0.00)
[282/294]	nan (nan)	0.00 (0.00)
[283/294]	nan (nan)	0.00 (0.00)
[284/294]	nan (nan)	0.00 (0.00)
[285/294]	nan (nan)	0.00 (0.00)
[286/294]	nan (nan)	0.00 (0.00)
[287/294]	nan (nan)	0.00 (0.00)
[288/294]	nan (nan)	0.00 (0.00)
[289/294]	nan (nan)	0.00 (0.00)
[290/294]	nan (nan)	0.00 (0.00)
[291/294]	nan (nan)	0.00 (0.00)
[292/294]	nan (nan)	0.00 (0.00)
[293/294]	nan (nan)	0.00 (0.00)
 * Train Acc: 0.000
 * Avg. Data time: 0.014, Avg. Batch time: 0.052, Avg. Forward time: 0.004, Avg. Backward time: 0.026
Computing MAS
