=============Stream Learning Run 0=============
Changing output layer to contain 12 classes
============BEGINNING STREAM LEARNING============
=============Training Task 0=============
Active output nodes for this task: 
[0, 1]
=============Training Epoch 0=============
#reg terms:  0
Batch	 Loss		 Acc
[0/294]	0.905 (0.905)	60.00 (60.00)
[1/294]	1.090 (0.998)	45.00 (52.50)
[2/294]	0.582 (0.859)	65.00 (56.67)
[3/294]	0.686 (0.816)	45.00 (53.75)
[4/294]	0.638 (0.780)	55.00 (54.00)
[5/294]	0.560 (0.743)	65.00 (55.83)
[6/294]	0.480 (0.706)	85.00 (60.00)
[7/294]	0.458 (0.675)	90.00 (63.75)
[8/294]	0.384 (0.643)	90.00 (66.67)
[9/294]	0.440 (0.622)	80.00 (68.00)
[10/294]	0.340 (0.597)	80.00 (69.09)
[11/294]	0.265 (0.569)	90.00 (70.83)
[12/294]	0.195 (0.540)	100.00 (73.08)
[13/294]	0.123 (0.510)	95.00 (74.64)
[14/294]	0.323 (0.498)	85.00 (75.33)
[15/294]	0.318 (0.487)	90.00 (76.25)
[16/294]	0.043 (0.461)	100.00 (77.65)
[17/294]	0.327 (0.453)	85.00 (78.06)
[18/294]	0.527 (0.457)	85.00 (78.42)
[19/294]	0.435 (0.456)	90.00 (79.00)
[20/294]	0.097 (0.439)	95.00 (79.76)
[21/294]	0.520 (0.443)	85.00 (80.00)
[22/294]	0.154 (0.430)	100.00 (80.87)
[23/294]	0.417 (0.430)	75.00 (80.62)
[24/294]	0.245 (0.422)	100.00 (81.40)
[25/294]	0.177 (0.413)	100.00 (82.12)
[26/294]	0.317 (0.409)	85.00 (82.22)
[27/294]	0.209 (0.402)	85.00 (82.32)
[28/294]	0.185 (0.395)	95.00 (82.76)
[29/294]	0.239 (0.389)	90.00 (83.00)
[30/294]	0.146 (0.382)	95.00 (83.39)
[31/294]	0.326 (0.380)	90.00 (83.59)
[32/294]	0.131 (0.372)	95.00 (83.94)
[33/294]	0.328 (0.371)	85.00 (83.97)
[34/294]	0.053 (0.362)	100.00 (84.43)
[35/294]	0.039 (0.353)	100.00 (84.86)
[36/294]	0.230 (0.350)	85.00 (84.86)
[37/294]	0.058 (0.342)	95.00 (85.13)
[38/294]	0.206 (0.338)	90.00 (85.26)
[39/294]	0.146 (0.334)	95.00 (85.50)
[40/294]	0.394 (0.335)	75.00 (85.24)
[41/294]	0.013 (0.327)	100.00 (85.60)
[42/294]	0.041 (0.321)	100.00 (85.93)
[43/294]	0.279 (0.320)	90.00 (86.02)
[44/294]	0.118 (0.315)	90.00 (86.11)
[45/294]	0.196 (0.313)	95.00 (86.30)
[46/294]	0.089 (0.308)	100.00 (86.60)
[47/294]	0.179 (0.305)	95.00 (86.77)
[48/294]	0.111 (0.301)	95.00 (86.94)
[49/294]	0.201 (0.299)	100.00 (87.20)
[50/294]	0.093 (0.295)	100.00 (87.45)
[51/294]	0.192 (0.293)	90.00 (87.50)
[52/294]	0.175 (0.291)	90.00 (87.55)
[53/294]	0.063 (0.287)	100.00 (87.78)
[54/294]	0.065 (0.283)	100.00 (88.00)
[55/294]	0.164 (0.281)	95.00 (88.12)
[56/294]	0.132 (0.278)	95.00 (88.25)
[57/294]	0.239 (0.277)	90.00 (88.28)
[58/294]	0.044 (0.273)	100.00 (88.47)
[59/294]	0.061 (0.270)	95.00 (88.58)
[60/294]	0.111 (0.267)	95.00 (88.69)
[61/294]	0.034 (0.264)	100.00 (88.87)
[62/294]	0.442 (0.266)	90.00 (88.89)
[63/294]	0.066 (0.263)	100.00 (89.06)
[64/294]	0.081 (0.260)	100.00 (89.23)
[65/294]	0.483 (0.264)	85.00 (89.17)
[66/294]	0.073 (0.261)	95.00 (89.25)
[67/294]	0.046 (0.258)	100.00 (89.41)
[68/294]	0.060 (0.255)	100.00 (89.57)
[69/294]	0.032 (0.252)	100.00 (89.71)
[70/294]	0.053 (0.249)	95.00 (89.79)
[71/294]	0.144 (0.248)	95.00 (89.86)
[72/294]	0.078 (0.245)	100.00 (90.00)
[73/294]	0.091 (0.243)	95.00 (90.07)
[74/294]	0.136 (0.242)	95.00 (90.13)
[75/294]	0.018 (0.239)	100.00 (90.26)
[76/294]	0.050 (0.236)	100.00 (90.39)
[77/294]	0.010 (0.233)	100.00 (90.51)
[78/294]	0.037 (0.231)	100.00 (90.63)
[79/294]	0.063 (0.229)	100.00 (90.75)
[80/294]	0.059 (0.227)	95.00 (90.80)
[81/294]	0.063 (0.225)	95.00 (90.85)
[82/294]	0.097 (0.223)	95.00 (90.90)
[83/294]	0.057 (0.221)	100.00 (91.01)
[84/294]	0.076 (0.219)	95.00 (91.06)
[85/294]	0.087 (0.218)	95.00 (91.10)
[86/294]	0.317 (0.219)	95.00 (91.15)
[87/294]	0.114 (0.218)	95.00 (91.19)
[88/294]	0.114 (0.217)	95.00 (91.24)
[89/294]	0.015 (0.214)	100.00 (91.33)
[90/294]	0.250 (0.215)	90.00 (91.32)
[91/294]	0.006 (0.213)	100.00 (91.41)
[92/294]	0.419 (0.215)	85.00 (91.34)
[93/294]	0.026 (0.213)	100.00 (91.44)
[94/294]	0.089 (0.211)	95.00 (91.47)
[95/294]	0.056 (0.210)	100.00 (91.56)
[96/294]	0.155 (0.209)	95.00 (91.60)
[97/294]	0.087 (0.208)	95.00 (91.63)
[98/294]	0.007 (0.206)	100.00 (91.72)
[99/294]	0.027 (0.204)	100.00 (91.80)
[100/294]	0.066 (0.203)	95.00 (91.83)
[101/294]	0.139 (0.202)	90.00 (91.81)
[102/294]	0.141 (0.202)	95.00 (91.84)
[103/294]	0.105 (0.201)	95.00 (91.88)
[104/294]	0.137 (0.200)	90.00 (91.86)
[105/294]	0.185 (0.200)	90.00 (91.84)
[106/294]	0.029 (0.198)	100.00 (91.92)
[107/294]	0.011 (0.197)	100.00 (91.99)
[108/294]	0.051 (0.195)	100.00 (92.06)
[109/294]	0.050 (0.194)	100.00 (92.14)
[110/294]	0.175 (0.194)	95.00 (92.16)
[111/294]	0.028 (0.192)	100.00 (92.23)
[112/294]	0.293 (0.193)	95.00 (92.26)
[113/294]	0.018 (0.192)	100.00 (92.32)
[114/294]	0.051 (0.190)	95.00 (92.35)
[115/294]	0.075 (0.189)	100.00 (92.41)
[116/294]	0.079 (0.189)	95.00 (92.44)
[117/294]	0.114 (0.188)	95.00 (92.46)
[118/294]	0.148 (0.188)	95.00 (92.48)
[119/294]	0.005 (0.186)	100.00 (92.54)
[120/294]	0.021 (0.185)	100.00 (92.60)
[121/294]	0.030 (0.183)	100.00 (92.66)
[122/294]	0.128 (0.183)	90.00 (92.64)
[123/294]	0.029 (0.182)	100.00 (92.70)
[124/294]	0.029 (0.180)	100.00 (92.76)
[125/294]	0.189 (0.181)	95.00 (92.78)
[126/294]	0.341 (0.182)	90.00 (92.76)
[127/294]	0.089 (0.181)	95.00 (92.77)
[128/294]	0.041 (0.180)	100.00 (92.83)
[129/294]	0.130 (0.180)	95.00 (92.85)
[130/294]	0.021 (0.178)	100.00 (92.90)
[131/294]	0.195 (0.179)	95.00 (92.92)
[132/294]	0.117 (0.178)	95.00 (92.93)
[133/294]	0.190 (0.178)	90.00 (92.91)
[134/294]	0.067 (0.177)	100.00 (92.96)
[135/294]	0.105 (0.177)	95.00 (92.98)
[136/294]	0.033 (0.176)	100.00 (93.03)
[137/294]	0.075 (0.175)	100.00 (93.08)
[138/294]	0.177 (0.175)	90.00 (93.06)
[139/294]	0.164 (0.175)	95.00 (93.07)
[140/294]	0.262 (0.176)	90.00 (93.05)
[141/294]	0.022 (0.174)	100.00 (93.10)
[142/294]	0.040 (0.174)	100.00 (93.15)
[143/294]	0.158 (0.173)	90.00 (93.12)
[144/294]	0.053 (0.173)	100.00 (93.17)
[145/294]	0.126 (0.172)	95.00 (93.18)
[146/294]	0.026 (0.171)	100.00 (93.23)
[147/294]	0.028 (0.170)	100.00 (93.28)
[148/294]	0.043 (0.169)	100.00 (93.32)
[149/294]	0.194 (0.170)	95.00 (93.33)
[150/294]	0.147 (0.169)	90.00 (93.31)
[151/294]	0.337 (0.171)	95.00 (93.32)
[152/294]	0.094 (0.170)	95.00 (93.33)
[153/294]	0.048 (0.169)	100.00 (93.38)
[154/294]	0.024 (0.168)	100.00 (93.42)
[155/294]	0.023 (0.167)	100.00 (93.46)
[156/294]	0.070 (0.167)	100.00 (93.50)
[157/294]	0.001 (0.166)	100.00 (93.54)
[158/294]	0.097 (0.165)	95.00 (93.55)
[159/294]	0.097 (0.165)	95.00 (93.56)
[160/294]	0.065 (0.164)	95.00 (93.57)
[161/294]	0.092 (0.164)	95.00 (93.58)
[162/294]	0.029 (0.163)	100.00 (93.62)
[163/294]	0.015 (0.162)	100.00 (93.66)
[164/294]	0.019 (0.161)	100.00 (93.70)
[165/294]	0.056 (0.161)	100.00 (93.73)
[166/294]	0.004 (0.160)	100.00 (93.77)
[167/294]	0.019 (0.159)	100.00 (93.81)
[168/294]	0.163 (0.159)	85.00 (93.76)
[169/294]	0.181 (0.159)	85.00 (93.71)
[170/294]	0.028 (0.158)	100.00 (93.74)
[171/294]	0.386 (0.160)	90.00 (93.72)
[172/294]	0.274 (0.160)	95.00 (93.73)
[173/294]	0.031 (0.159)	100.00 (93.76)
[174/294]	0.099 (0.159)	95.00 (93.77)
[175/294]	0.103 (0.159)	95.00 (93.78)
[176/294]	0.075 (0.158)	95.00 (93.79)
[177/294]	0.158 (0.158)	90.00 (93.76)
[178/294]	0.057 (0.158)	95.00 (93.77)
[179/294]	0.222 (0.158)	85.00 (93.72)
[180/294]	0.059 (0.158)	100.00 (93.76)
[181/294]	0.043 (0.157)	100.00 (93.79)
[182/294]	0.065 (0.156)	100.00 (93.83)
[183/294]	0.040 (0.156)	100.00 (93.86)
[184/294]	0.018 (0.155)	100.00 (93.89)
[185/294]	0.033 (0.154)	100.00 (93.92)
[186/294]	0.035 (0.154)	100.00 (93.96)
[187/294]	0.031 (0.153)	100.00 (93.99)
[188/294]	0.109 (0.153)	90.00 (93.97)
[189/294]	0.113 (0.153)	95.00 (93.97)
[190/294]	0.036 (0.152)	100.00 (94.01)
[191/294]	0.007 (0.151)	100.00 (94.04)
[192/294]	0.006 (0.151)	100.00 (94.07)
[193/294]	0.008 (0.150)	100.00 (94.10)
[194/294]	0.004 (0.149)	100.00 (94.13)
[195/294]	0.076 (0.149)	95.00 (94.13)
[196/294]	0.007 (0.148)	100.00 (94.16)
[197/294]	0.060 (0.148)	95.00 (94.17)
[198/294]	0.004 (0.147)	100.00 (94.20)
[199/294]	0.063 (0.146)	95.00 (94.20)
[200/294]	0.086 (0.146)	95.00 (94.20)
[201/294]	0.580 (0.148)	90.00 (94.18)
[202/294]	0.274 (0.149)	90.00 (94.16)
[203/294]	0.009 (0.148)	100.00 (94.19)
[204/294]	0.009 (0.147)	100.00 (94.22)
[205/294]	0.658 (0.150)	75.00 (94.13)
[206/294]	0.104 (0.150)	95.00 (94.13)
[207/294]	0.027 (0.149)	100.00 (94.16)
[208/294]	0.261 (0.150)	90.00 (94.14)
[209/294]	0.221 (0.150)	90.00 (94.12)
[210/294]	0.174 (0.150)	95.00 (94.12)
[211/294]	0.234 (0.151)	95.00 (94.13)
[212/294]	0.121 (0.150)	100.00 (94.15)
[213/294]	0.121 (0.150)	100.00 (94.18)
[214/294]	0.449 (0.152)	90.00 (94.16)
[215/294]	0.203 (0.152)	95.00 (94.17)
[216/294]	0.121 (0.152)	95.00 (94.17)
[217/294]	0.349 (0.153)	85.00 (94.13)
[218/294]	0.108 (0.152)	95.00 (94.13)
[219/294]	0.026 (0.152)	100.00 (94.16)
[220/294]	0.034 (0.151)	100.00 (94.19)
[221/294]	0.039 (0.151)	100.00 (94.21)
[222/294]	0.099 (0.151)	100.00 (94.24)
[223/294]	0.158 (0.151)	95.00 (94.24)
[224/294]	0.098 (0.150)	95.00 (94.24)
[225/294]	0.106 (0.150)	95.00 (94.25)
[226/294]	0.179 (0.150)	95.00 (94.25)
[227/294]	0.042 (0.150)	100.00 (94.28)
[228/294]	0.016 (0.149)	100.00 (94.30)
[229/294]	0.025 (0.149)	100.00 (94.33)
[230/294]	0.090 (0.148)	95.00 (94.33)
[231/294]	0.072 (0.148)	95.00 (94.33)
[232/294]	0.017 (0.148)	100.00 (94.36)
[233/294]	0.030 (0.147)	100.00 (94.38)
[234/294]	0.007 (0.146)	100.00 (94.40)
[235/294]	0.001 (0.146)	100.00 (94.43)
[236/294]	0.015 (0.145)	100.00 (94.45)
[237/294]	0.033 (0.145)	100.00 (94.47)
[238/294]	0.095 (0.145)	95.00 (94.48)
[239/294]	0.019 (0.144)	100.00 (94.50)
[240/294]	0.023 (0.144)	100.00 (94.52)
[241/294]	0.040 (0.143)	100.00 (94.55)
[242/294]	0.073 (0.143)	95.00 (94.55)
[243/294]	0.008 (0.142)	100.00 (94.57)
[244/294]	0.022 (0.142)	100.00 (94.59)
[245/294]	0.005 (0.141)	100.00 (94.61)
[246/294]	0.009 (0.141)	100.00 (94.64)
[247/294]	0.002 (0.140)	100.00 (94.66)
[248/294]	0.046 (0.140)	100.00 (94.68)
[249/294]	0.322 (0.141)	95.00 (94.68)
[250/294]	0.002 (0.140)	100.00 (94.70)
[251/294]	0.076 (0.140)	95.00 (94.70)
[252/294]	0.031 (0.139)	100.00 (94.72)
[253/294]	0.003 (0.139)	100.00 (94.74)
[254/294]	0.004 (0.138)	100.00 (94.76)
[255/294]	0.016 (0.138)	100.00 (94.79)
[256/294]	0.017 (0.137)	100.00 (94.81)
[257/294]	0.118 (0.137)	90.00 (94.79)
[258/294]	0.036 (0.137)	100.00 (94.81)
[259/294]	0.000 (0.136)	100.00 (94.83)
[260/294]	0.026 (0.136)	100.00 (94.85)
[261/294]	0.031 (0.135)	100.00 (94.87)
[262/294]	0.001 (0.135)	100.00 (94.89)
[263/294]	0.036 (0.135)	100.00 (94.91)
[264/294]	0.008 (0.134)	100.00 (94.92)
[265/294]	0.006 (0.134)	100.00 (94.94)
[266/294]	0.001 (0.133)	100.00 (94.96)
[267/294]	0.205 (0.133)	90.00 (94.94)
[268/294]	0.076 (0.133)	95.00 (94.94)
[269/294]	0.024 (0.133)	100.00 (94.96)
[270/294]	0.114 (0.133)	95.00 (94.96)
[271/294]	0.024 (0.132)	100.00 (94.98)
[272/294]	0.024 (0.132)	100.00 (95.00)
[273/294]	0.009 (0.131)	100.00 (95.02)
[274/294]	0.006 (0.131)	100.00 (95.04)
[275/294]	0.012 (0.131)	100.00 (95.05)
[276/294]	0.018 (0.130)	100.00 (95.07)
[277/294]	0.001 (0.130)	100.00 (95.09)
[278/294]	0.172 (0.130)	95.00 (95.09)
[279/294]	0.043 (0.130)	95.00 (95.09)
[280/294]	0.042 (0.129)	95.00 (95.09)
[281/294]	0.003 (0.129)	100.00 (95.11)
[282/294]	0.005 (0.128)	100.00 (95.12)
[283/294]	0.004 (0.128)	100.00 (95.14)
[284/294]	0.125 (0.128)	95.00 (95.14)
[285/294]	0.020 (0.128)	100.00 (95.16)
[286/294]	0.193 (0.128)	90.00 (95.14)
[287/294]	0.013 (0.127)	100.00 (95.16)
[288/294]	0.011 (0.127)	100.00 (95.17)
[289/294]	0.041 (0.127)	100.00 (95.19)
[290/294]	0.213 (0.127)	95.00 (95.19)
[291/294]	0.042 (0.127)	100.00 (95.21)
[292/294]	0.015 (0.126)	100.00 (95.22)
[293/294]	0.047 (0.126)	100.00 (95.24)
 * Train Acc: 95.238
 * Avg. Data time: 0.046, Avg. Batch time: 0.130, Avg. Forward time: 0.004, Avg. Backward time: 0.060
Computing SI
 * Val Acc: 97.816, Time: 3.71
 * Test Acc: 97.765, Time: 8.10
=============Training Task 1=============
Active output nodes for this task: 
[0, 1, 2, 3]
=============Training Epoch 0=============
#reg terms:  1
Batch	 Loss		 Acc
[0/294]	8.594 (8.594)	0.00 (0.00)
[1/294]	2.433 (5.514)	5.00 (2.50)
[2/294]	1.572 (4.200)	25.00 (10.00)
[3/294]	1.169 (3.442)	40.00 (17.50)
[4/294]	0.936 (2.941)	50.00 (24.00)
[5/294]	0.814 (2.587)	60.00 (30.00)
[6/294]	0.973 (2.356)	35.00 (30.71)
[7/294]	0.775 (2.159)	45.00 (32.50)
[8/294]	0.796 (2.007)	50.00 (34.44)
[9/294]	0.761 (1.883)	35.00 (34.50)
[10/294]	0.614 (1.767)	80.00 (38.64)
[11/294]	0.796 (1.686)	35.00 (38.33)
[12/294]	0.806 (1.619)	50.00 (39.23)
[13/294]	0.919 (1.569)	40.00 (39.29)
[14/294]	0.623 (1.506)	70.00 (41.33)
[15/294]	0.799 (1.461)	55.00 (42.19)
[16/294]	0.766 (1.421)	40.00 (42.06)
[17/294]	0.665 (1.379)	45.00 (42.22)
[18/294]	1.083 (1.363)	35.00 (41.84)
[19/294]	0.795 (1.335)	45.00 (42.00)
[20/294]	0.672 (1.303)	70.00 (43.33)
[21/294]	0.545 (1.269)	75.00 (44.77)
[22/294]	0.948 (1.255)	50.00 (45.00)
[23/294]	0.851 (1.238)	50.00 (45.21)
[24/294]	0.785 (1.220)	45.00 (45.20)
[25/294]	0.691 (1.199)	65.00 (45.96)
[26/294]	0.767 (1.183)	45.00 (45.93)
[27/294]	0.859 (1.172)	45.00 (45.89)
[28/294]	0.658 (1.154)	70.00 (46.72)
[29/294]	0.743 (1.140)	60.00 (47.17)
[30/294]	0.809 (1.130)	50.00 (47.26)
[31/294]	0.715 (1.117)	55.00 (47.50)
[32/294]	0.673 (1.103)	60.00 (47.88)
[33/294]	0.742 (1.093)	55.00 (48.09)
[34/294]	0.749 (1.083)	50.00 (48.14)
[35/294]	0.815 (1.075)	30.00 (47.64)
[36/294]	0.685 (1.065)	60.00 (47.97)
[37/294]	0.767 (1.057)	25.00 (47.37)
[38/294]	0.730 (1.049)	50.00 (47.44)
[39/294]	0.666 (1.039)	80.00 (48.25)
[40/294]	0.728 (1.032)	55.00 (48.41)
[41/294]	0.918 (1.029)	25.00 (47.86)
[42/294]	0.707 (1.021)	60.00 (48.14)
[43/294]	0.656 (1.013)	60.00 (48.41)
[44/294]	0.646 (1.005)	60.00 (48.67)
[45/294]	0.966 (1.004)	40.00 (48.48)
[46/294]	0.894 (1.002)	30.00 (48.09)
[47/294]	0.673 (0.995)	65.00 (48.44)
[48/294]	0.771 (0.990)	45.00 (48.37)
[49/294]	0.689 (0.984)	55.00 (48.50)
[50/294]	0.799 (0.981)	50.00 (48.53)
[51/294]	0.846 (0.978)	40.00 (48.37)
[52/294]	0.604 (0.971)	65.00 (48.68)
[53/294]	0.627 (0.965)	70.00 (49.07)
[54/294]	0.597 (0.958)	70.00 (49.45)
[55/294]	0.611 (0.952)	70.00 (49.82)
[56/294]	0.681 (0.947)	60.00 (50.00)
[57/294]	0.698 (0.943)	55.00 (50.09)
[58/294]	0.832 (0.941)	45.00 (50.00)
[59/294]	0.533 (0.934)	75.00 (50.42)
[60/294]	0.613 (0.929)	65.00 (50.66)
[61/294]	0.555 (0.923)	70.00 (50.97)
[62/294]	0.738 (0.920)	45.00 (50.87)
[63/294]	0.685 (0.916)	50.00 (50.86)
[64/294]	0.597 (0.911)	70.00 (51.15)
[65/294]	0.608 (0.907)	70.00 (51.44)
[66/294]	0.618 (0.902)	80.00 (51.87)
[67/294]	0.689 (0.899)	60.00 (51.99)
[68/294]	0.606 (0.895)	70.00 (52.25)
[69/294]	0.595 (0.891)	70.00 (52.50)
[70/294]	0.576 (0.886)	80.00 (52.89)
[71/294]	0.596 (0.882)	80.00 (53.26)
[72/294]	0.545 (0.878)	75.00 (53.56)
[73/294]	0.695 (0.875)	35.00 (53.31)
[74/294]	0.687 (0.873)	55.00 (53.33)
[75/294]	0.581 (0.869)	75.00 (53.62)
[76/294]	0.616 (0.865)	70.00 (53.83)
[77/294]	0.509 (0.861)	75.00 (54.10)
[78/294]	0.582 (0.857)	60.00 (54.18)
[79/294]	0.594 (0.854)	70.00 (54.38)
[80/294]	0.625 (0.851)	70.00 (54.57)
[81/294]	0.531 (0.847)	80.00 (54.88)
[82/294]	0.538 (0.844)	80.00 (55.18)
[83/294]	0.578 (0.840)	70.00 (55.36)
[84/294]	0.557 (0.837)	75.00 (55.59)
[85/294]	0.399 (0.832)	85.00 (55.93)
[86/294]	0.621 (0.830)	60.00 (55.98)
[87/294]	0.569 (0.827)	85.00 (56.31)
[88/294]	0.633 (0.824)	65.00 (56.40)
[89/294]	0.520 (0.821)	75.00 (56.61)
[90/294]	0.454 (0.817)	75.00 (56.81)
[91/294]	0.616 (0.815)	70.00 (56.96)
[92/294]	0.432 (0.811)	80.00 (57.20)
[93/294]	0.655 (0.809)	65.00 (57.29)
[94/294]	0.454 (0.805)	85.00 (57.58)
[95/294]	0.577 (0.803)	75.00 (57.76)
[96/294]	0.511 (0.800)	85.00 (58.04)
[97/294]	0.360 (0.795)	85.00 (58.32)
[98/294]	0.505 (0.793)	65.00 (58.38)
[99/294]	0.524 (0.790)	80.00 (58.60)
[100/294]	0.474 (0.787)	75.00 (58.76)
[101/294]	0.765 (0.787)	70.00 (58.87)
[102/294]	0.341 (0.782)	90.00 (59.17)
[103/294]	0.426 (0.779)	85.00 (59.42)
[104/294]	0.518 (0.776)	75.00 (59.57)
[105/294]	0.488 (0.774)	75.00 (59.72)
[106/294]	0.501 (0.771)	75.00 (59.86)
[107/294]	0.478 (0.768)	80.00 (60.05)
[108/294]	0.434 (0.765)	70.00 (60.14)
[109/294]	0.452 (0.762)	80.00 (60.32)
[110/294]	0.595 (0.761)	65.00 (60.36)
[111/294]	0.456 (0.758)	80.00 (60.54)
[112/294]	0.399 (0.755)	80.00 (60.71)
[113/294]	0.521 (0.753)	70.00 (60.79)
[114/294]	0.533 (0.751)	75.00 (60.91)
[115/294]	0.310 (0.747)	85.00 (61.12)
[116/294]	0.550 (0.746)	70.00 (61.20)
[117/294]	0.399 (0.743)	75.00 (61.31)
[118/294]	0.451 (0.740)	85.00 (61.51)
[119/294]	0.516 (0.738)	70.00 (61.58)
[120/294]	0.607 (0.737)	80.00 (61.74)
[121/294]	0.367 (0.734)	85.00 (61.93)
[122/294]	0.336 (0.731)	90.00 (62.15)
[123/294]	0.435 (0.729)	85.00 (62.34)
[124/294]	0.792 (0.729)	70.00 (62.40)
[125/294]	0.326 (0.726)	90.00 (62.62)
[126/294]	0.556 (0.724)	75.00 (62.72)
[127/294]	0.357 (0.722)	80.00 (62.85)
[128/294]	0.777 (0.722)	55.00 (62.79)
[129/294]	0.585 (0.721)	85.00 (62.96)
[130/294]	0.359 (0.718)	80.00 (63.09)
[131/294]	0.387 (0.716)	85.00 (63.26)
[132/294]	0.371 (0.713)	85.00 (63.42)
[133/294]	0.394 (0.711)	90.00 (63.62)
[134/294]	0.487 (0.709)	80.00 (63.74)
[135/294]	0.364 (0.707)	90.00 (63.93)
[136/294]	0.461 (0.705)	80.00 (64.05)
[137/294]	0.623 (0.704)	75.00 (64.13)
[138/294]	0.437 (0.702)	75.00 (64.21)
[139/294]	0.335 (0.700)	85.00 (64.36)
[140/294]	0.248 (0.696)	85.00 (64.50)
[141/294]	0.457 (0.695)	75.00 (64.58)
[142/294]	0.614 (0.694)	60.00 (64.55)
[143/294]	0.410 (0.692)	85.00 (64.69)
[144/294]	0.486 (0.691)	75.00 (64.76)
[145/294]	0.167 (0.687)	95.00 (64.97)
[146/294]	0.404 (0.685)	85.00 (65.10)
[147/294]	0.617 (0.685)	65.00 (65.10)
[148/294]	0.516 (0.684)	75.00 (65.17)
[149/294]	0.521 (0.683)	80.00 (65.27)
[150/294]	0.702 (0.683)	60.00 (65.23)
[151/294]	0.323 (0.680)	90.00 (65.39)
[152/294]	0.408 (0.679)	90.00 (65.56)
[153/294]	0.479 (0.677)	85.00 (65.68)
[154/294]	0.521 (0.676)	80.00 (65.77)
[155/294]	0.445 (0.675)	80.00 (65.87)
[156/294]	0.418 (0.673)	75.00 (65.92)
[157/294]	0.334 (0.671)	90.00 (66.08)
[158/294]	0.446 (0.670)	70.00 (66.10)
[159/294]	0.372 (0.668)	85.00 (66.22)
[160/294]	0.329 (0.666)	85.00 (66.34)
[161/294]	0.196 (0.663)	100.00 (66.54)
[162/294]	0.315 (0.661)	85.00 (66.66)
[163/294]	0.332 (0.659)	85.00 (66.77)
[164/294]	0.320 (0.657)	85.00 (66.88)
[165/294]	0.502 (0.656)	75.00 (66.93)
[166/294]	0.516 (0.655)	75.00 (66.98)
[167/294]	0.322 (0.653)	90.00 (67.11)
[168/294]	0.399 (0.651)	90.00 (67.25)
[169/294]	0.414 (0.650)	70.00 (67.26)
[170/294]	0.300 (0.648)	90.00 (67.40)
[171/294]	0.532 (0.647)	70.00 (67.41)
[172/294]	0.721 (0.648)	65.00 (67.40)
[173/294]	0.426 (0.646)	75.00 (67.44)
[174/294]	0.413 (0.645)	80.00 (67.51)
[175/294]	0.385 (0.644)	80.00 (67.59)
[176/294]	0.738 (0.644)	70.00 (67.60)
[177/294]	0.839 (0.645)	55.00 (67.53)
[178/294]	0.438 (0.644)	70.00 (67.54)
[179/294]	0.353 (0.642)	85.00 (67.64)
[180/294]	0.271 (0.640)	95.00 (67.79)
[181/294]	0.394 (0.639)	75.00 (67.83)
[182/294]	0.200 (0.637)	90.00 (67.95)
[183/294]	0.324 (0.635)	80.00 (68.02)
[184/294]	0.210 (0.633)	90.00 (68.14)
[185/294]	0.201 (0.630)	95.00 (68.28)
[186/294]	0.394 (0.629)	85.00 (68.37)
[187/294]	0.188 (0.627)	95.00 (68.51)
[188/294]	0.282 (0.625)	85.00 (68.60)
[189/294]	0.457 (0.624)	75.00 (68.63)
[190/294]	0.440 (0.623)	80.00 (68.69)
[191/294]	0.349 (0.622)	80.00 (68.75)
[192/294]	0.154 (0.619)	95.00 (68.89)
[193/294]	0.467 (0.618)	80.00 (68.94)
[194/294]	0.456 (0.618)	75.00 (68.97)
[195/294]	0.633 (0.618)	65.00 (68.95)
[196/294]	0.398 (0.616)	75.00 (68.98)
[197/294]	0.467 (0.616)	70.00 (68.99)
[198/294]	0.570 (0.615)	65.00 (68.97)
[199/294]	0.625 (0.616)	55.00 (68.90)
[200/294]	0.316 (0.614)	90.00 (69.00)
[201/294]	0.488 (0.613)	70.00 (69.01)
[202/294]	0.360 (0.612)	85.00 (69.09)
[203/294]	0.456 (0.611)	75.00 (69.12)
[204/294]	0.325 (0.610)	85.00 (69.20)
[205/294]	0.297 (0.608)	95.00 (69.32)
[206/294]	0.359 (0.607)	85.00 (69.40)
[207/294]	0.648 (0.607)	60.00 (69.35)
[208/294]	0.276 (0.606)	90.00 (69.45)
[209/294]	0.302 (0.604)	90.00 (69.55)
[210/294]	0.319 (0.603)	85.00 (69.62)
[211/294]	0.340 (0.602)	90.00 (69.72)
[212/294]	0.513 (0.601)	85.00 (69.79)
[213/294]	0.187 (0.599)	95.00 (69.91)
[214/294]	0.304 (0.598)	90.00 (70.00)
[215/294]	0.258 (0.597)	90.00 (70.09)
[216/294]	0.290 (0.595)	85.00 (70.16)
[217/294]	0.320 (0.594)	80.00 (70.21)
[218/294]	0.276 (0.592)	90.00 (70.30)
[219/294]	0.170 (0.590)	90.00 (70.39)
[220/294]	0.394 (0.590)	80.00 (70.43)
[221/294]	0.236 (0.588)	85.00 (70.50)
[222/294]	0.213 (0.586)	95.00 (70.61)
[223/294]	0.207 (0.585)	95.00 (70.71)
[224/294]	0.168 (0.583)	95.00 (70.82)
[225/294]	0.183 (0.581)	95.00 (70.93)
[226/294]	0.282 (0.580)	85.00 (70.99)
[227/294]	0.104 (0.578)	100.00 (71.12)
[228/294]	0.562 (0.578)	75.00 (71.14)
[229/294]	0.604 (0.578)	75.00 (71.15)
[230/294]	0.207 (0.576)	95.00 (71.26)
[231/294]	0.148 (0.574)	95.00 (71.36)
[232/294]	0.214 (0.573)	95.00 (71.46)
[233/294]	0.232 (0.571)	85.00 (71.52)
[234/294]	0.363 (0.570)	75.00 (71.53)
[235/294]	0.448 (0.570)	80.00 (71.57)
[236/294]	0.204 (0.568)	90.00 (71.65)
[237/294]	0.498 (0.568)	70.00 (71.64)
[238/294]	0.311 (0.567)	85.00 (71.69)
[239/294]	0.164 (0.565)	95.00 (71.79)
[240/294]	0.196 (0.564)	90.00 (71.87)
[241/294]	0.323 (0.563)	85.00 (71.92)
[242/294]	0.398 (0.562)	80.00 (71.95)
[243/294]	0.391 (0.561)	80.00 (71.99)
[244/294]	0.256 (0.560)	90.00 (72.06)
[245/294]	0.349 (0.559)	80.00 (72.09)
[246/294]	0.255 (0.558)	90.00 (72.17)
[247/294]	0.169 (0.556)	95.00 (72.26)
[248/294]	0.182 (0.555)	95.00 (72.35)
[249/294]	0.249 (0.554)	90.00 (72.42)
[250/294]	0.214 (0.552)	100.00 (72.53)
[251/294]	0.145 (0.551)	95.00 (72.62)
[252/294]	0.208 (0.549)	95.00 (72.71)
[253/294]	0.311 (0.548)	85.00 (72.76)
[254/294]	0.147 (0.547)	100.00 (72.86)
[255/294]	0.270 (0.546)	85.00 (72.91)
[256/294]	0.064 (0.544)	95.00 (73.00)
[257/294]	0.210 (0.543)	90.00 (73.06)
[258/294]	0.076 (0.541)	100.00 (73.17)
[259/294]	0.139 (0.539)	95.00 (73.25)
[260/294]	0.073 (0.537)	100.00 (73.35)
[261/294]	0.131 (0.536)	95.00 (73.44)
[262/294]	0.124 (0.534)	95.00 (73.52)
[263/294]	0.280 (0.533)	85.00 (73.56)
[264/294]	0.225 (0.532)	85.00 (73.60)
[265/294]	0.115 (0.531)	95.00 (73.68)
[266/294]	0.168 (0.529)	95.00 (73.76)
[267/294]	0.024 (0.527)	100.00 (73.86)
[268/294]	0.150 (0.526)	95.00 (73.94)
[269/294]	0.079 (0.524)	100.00 (74.04)
[270/294]	0.037 (0.523)	100.00 (74.13)
[271/294]	0.181 (0.521)	95.00 (74.21)
[272/294]	0.055 (0.520)	100.00 (74.30)
[273/294]	0.114 (0.518)	95.00 (74.38)
[274/294]	0.058 (0.516)	100.00 (74.47)
[275/294]	0.194 (0.515)	90.00 (74.53)
[276/294]	0.194 (0.514)	95.00 (74.60)
[277/294]	0.065 (0.512)	100.00 (74.69)
[278/294]	0.134 (0.511)	90.00 (74.75)
[279/294]	0.178 (0.510)	90.00 (74.80)
[280/294]	0.130 (0.509)	90.00 (74.86)
[281/294]	0.225 (0.508)	90.00 (74.91)
[282/294]	0.314 (0.507)	90.00 (74.96)
[283/294]	0.036 (0.505)	100.00 (75.05)
[284/294]	0.080 (0.504)	100.00 (75.14)
[285/294]	0.045 (0.502)	100.00 (75.23)
[286/294]	0.037 (0.501)	100.00 (75.31)
[287/294]	0.202 (0.499)	90.00 (75.36)
[288/294]	0.259 (0.499)	90.00 (75.42)
[289/294]	0.237 (0.498)	95.00 (75.48)
[290/294]	0.026 (0.496)	100.00 (75.57)
[291/294]	0.258 (0.495)	90.00 (75.62)
[292/294]	0.296 (0.495)	90.00 (75.67)
[293/294]	0.538 (0.495)	83.33 (75.67)
 * Train Acc: 75.673
 * Avg. Data time: 0.008, Avg. Batch time: 0.130, Avg. Forward time: 0.005, Avg. Backward time: 0.089
Computing SI
 * Val Acc: 46.916, Time: 6.42
 * Test Acc: 47.193, Time: 10.78
=============Training Task 2=============
Active output nodes for this task: 
[0, 1, 2, 3, 4, 5]
=============Training Epoch 0=============
#reg terms:  1
Batch	 Loss		 Acc
[0/294]	12.514 (12.514)	0.00 (0.00)
[1/294]	5.336 (8.925)	0.00 (0.00)
[2/294]	2.697 (6.849)	0.00 (0.00)
[3/294]	2.066 (5.653)	0.00 (0.00)
[4/294]	1.864 (4.895)	0.00 (0.00)
[5/294]	1.817 (4.382)	0.00 (0.00)
[6/294]	1.808 (4.015)	5.00 (0.71)
[7/294]	1.692 (3.724)	45.00 (6.25)
[8/294]	1.700 (3.499)	35.00 (9.44)
[9/294]	1.654 (3.315)	45.00 (13.00)
[10/294]	1.524 (3.152)	50.00 (16.36)
[11/294]	1.228 (2.992)	55.00 (19.58)
[12/294]	1.232 (2.856)	45.00 (21.54)
[13/294]	0.818 (2.711)	70.00 (25.00)
[14/294]	0.901 (2.590)	35.00 (25.67)
[15/294]	0.869 (2.482)	60.00 (27.81)
[16/294]	1.520 (2.426)	35.00 (28.24)
[17/294]	0.756 (2.333)	55.00 (29.72)
[18/294]	1.398 (2.284)	35.00 (30.00)
[19/294]	0.726 (2.206)	55.00 (31.25)
[20/294]	0.774 (2.138)	80.00 (33.57)
[21/294]	0.815 (2.078)	60.00 (34.77)
[22/294]	0.941 (2.028)	35.00 (34.78)
[23/294]	0.835 (1.978)	55.00 (35.62)
[24/294]	0.768 (1.930)	60.00 (36.60)
[25/294]	0.725 (1.884)	70.00 (37.88)
[26/294]	0.795 (1.843)	40.00 (37.96)
[27/294]	0.649 (1.801)	80.00 (39.46)
[28/294]	0.604 (1.759)	70.00 (40.52)
[29/294]	0.817 (1.728)	40.00 (40.50)
[30/294]	0.746 (1.696)	45.00 (40.65)
[31/294]	0.632 (1.663)	60.00 (41.25)
[32/294]	1.156 (1.648)	40.00 (41.21)
[33/294]	0.794 (1.623)	60.00 (41.76)
[34/294]	1.247 (1.612)	35.00 (41.57)
[35/294]	1.109 (1.598)	25.00 (41.11)
[36/294]	0.564 (1.570)	65.00 (41.76)
[37/294]	1.434 (1.566)	45.00 (41.84)
[38/294]	1.257 (1.558)	40.00 (41.79)
[39/294]	1.168 (1.549)	30.00 (41.50)
[40/294]	1.138 (1.539)	65.00 (42.07)
[41/294]	1.262 (1.532)	40.00 (42.02)
[42/294]	1.170 (1.524)	60.00 (42.44)
[43/294]	1.071 (1.513)	65.00 (42.95)
[44/294]	0.970 (1.501)	50.00 (43.11)
[45/294]	0.797 (1.486)	50.00 (43.26)
[46/294]	0.736 (1.470)	50.00 (43.40)
[47/294]	0.730 (1.455)	60.00 (43.75)
[48/294]	0.678 (1.439)	70.00 (44.29)
[49/294]	0.728 (1.425)	50.00 (44.40)
[50/294]	0.671 (1.410)	60.00 (44.71)
[51/294]	0.685 (1.396)	55.00 (44.90)
[52/294]	0.652 (1.382)	70.00 (45.38)
[53/294]	1.049 (1.376)	55.00 (45.56)
[54/294]	0.781 (1.365)	45.00 (45.55)
[55/294]	1.772 (1.372)	25.00 (45.18)
[56/294]	0.659 (1.360)	65.00 (45.53)
[57/294]	1.526 (1.362)	50.00 (45.60)
[58/294]	0.776 (1.352)	45.00 (45.59)
[59/294]	0.692 (1.341)	60.00 (45.83)
[60/294]	1.270 (1.340)	45.00 (45.82)
[61/294]	0.830 (1.332)	55.00 (45.97)
[62/294]	0.638 (1.321)	75.00 (46.43)
[63/294]	0.761 (1.312)	45.00 (46.41)
[64/294]	0.761 (1.304)	75.00 (46.85)
[65/294]	0.778 (1.296)	55.00 (46.97)
[66/294]	0.878 (1.290)	35.00 (46.79)
[67/294]	0.788 (1.282)	55.00 (46.91)
[68/294]	0.907 (1.277)	45.00 (46.88)
[69/294]	0.866 (1.271)	40.00 (46.79)
[70/294]	0.738 (1.263)	55.00 (46.90)
[71/294]	0.811 (1.257)	50.00 (46.94)
[72/294]	0.680 (1.249)	70.00 (47.26)
[73/294]	0.713 (1.242)	60.00 (47.43)
[74/294]	0.680 (1.235)	65.00 (47.67)
[75/294]	0.643 (1.227)	70.00 (47.96)
[76/294]	0.656 (1.219)	70.00 (48.25)
[77/294]	0.823 (1.214)	60.00 (48.40)
[78/294]	0.600 (1.206)	70.00 (48.67)
[79/294]	0.618 (1.199)	55.00 (48.75)
[80/294]	0.613 (1.192)	70.00 (49.01)
[81/294]	0.753 (1.187)	60.00 (49.15)
[82/294]	0.654 (1.180)	65.00 (49.34)
[83/294]	0.552 (1.173)	70.00 (49.58)
[84/294]	0.582 (1.166)	80.00 (49.94)
[85/294]	0.625 (1.159)	75.00 (50.23)
[86/294]	0.591 (1.153)	70.00 (50.46)
[87/294]	0.808 (1.149)	70.00 (50.68)
[88/294]	0.675 (1.144)	65.00 (50.84)
[89/294]	0.629 (1.138)	70.00 (51.06)
[90/294]	0.671 (1.133)	65.00 (51.21)
[91/294]	0.679 (1.128)	75.00 (51.47)
[92/294]	0.848 (1.125)	40.00 (51.34)
[93/294]	0.608 (1.119)	70.00 (51.54)
[94/294]	0.703 (1.115)	50.00 (51.53)
[95/294]	0.685 (1.110)	70.00 (51.72)
[96/294]	0.497 (1.104)	90.00 (52.11)
[97/294]	0.588 (1.099)	80.00 (52.40)
[98/294]	0.643 (1.094)	70.00 (52.58)
[99/294]	0.715 (1.090)	55.00 (52.60)
[100/294]	0.654 (1.086)	60.00 (52.67)
[101/294]	0.530 (1.081)	70.00 (52.84)
[102/294]	0.701 (1.077)	60.00 (52.91)
[103/294]	0.642 (1.073)	65.00 (53.03)
[104/294]	0.677 (1.069)	65.00 (53.14)
[105/294]	0.671 (1.065)	60.00 (53.21)
[106/294]	0.563 (1.061)	80.00 (53.46)
[107/294]	0.530 (1.056)	85.00 (53.75)
[108/294]	0.691 (1.052)	60.00 (53.81)
[109/294]	0.649 (1.049)	75.00 (54.00)
[110/294]	0.461 (1.043)	95.00 (54.37)
[111/294]	0.665 (1.040)	65.00 (54.46)
[112/294]	0.715 (1.037)	65.00 (54.56)
[113/294]	0.618 (1.033)	75.00 (54.74)
[114/294]	0.703 (1.031)	60.00 (54.78)
[115/294]	0.595 (1.027)	65.00 (54.87)
[116/294]	0.547 (1.023)	80.00 (55.09)
[117/294]	0.481 (1.018)	70.00 (55.21)
[118/294]	1.037 (1.018)	40.00 (55.08)
[119/294]	0.657 (1.015)	80.00 (55.29)
[120/294]	0.519 (1.011)	75.00 (55.45)
[121/294]	0.967 (1.011)	55.00 (55.45)
[122/294]	0.622 (1.008)	70.00 (55.57)
[123/294]	0.682 (1.005)	65.00 (55.65)
[124/294]	0.752 (1.003)	50.00 (55.60)
[125/294]	0.670 (1.000)	65.00 (55.67)
[126/294]	0.649 (0.998)	80.00 (55.87)
[127/294]	0.644 (0.995)	65.00 (55.94)
[128/294]	0.614 (0.992)	65.00 (56.01)
[129/294]	0.649 (0.989)	60.00 (56.04)
[130/294]	0.829 (0.988)	45.00 (55.95)
[131/294]	0.538 (0.985)	70.00 (56.06)
[132/294]	0.957 (0.984)	40.00 (55.94)
[133/294]	0.686 (0.982)	55.00 (55.93)
[134/294]	0.645 (0.980)	65.00 (56.00)
[135/294]	0.682 (0.977)	70.00 (56.10)
[136/294]	0.627 (0.975)	75.00 (56.24)
[137/294]	0.636 (0.972)	80.00 (56.41)
[138/294]	0.657 (0.970)	65.00 (56.47)
[139/294]	0.517 (0.967)	75.00 (56.61)
[140/294]	0.445 (0.963)	90.00 (56.84)
[141/294]	0.529 (0.960)	80.00 (57.01)
[142/294]	0.439 (0.957)	80.00 (57.17)
[143/294]	0.366 (0.952)	90.00 (57.40)
[144/294]	0.541 (0.950)	75.00 (57.52)
[145/294]	0.445 (0.946)	80.00 (57.67)
[146/294]	0.506 (0.943)	85.00 (57.86)
[147/294]	1.102 (0.944)	50.00 (57.80)
[148/294]	1.118 (0.945)	50.00 (57.75)
[149/294]	1.444 (0.949)	40.00 (57.63)
[150/294]	0.847 (0.948)	50.00 (57.58)
[151/294]	0.654 (0.946)	55.00 (57.57)
[152/294]	0.596 (0.944)	75.00 (57.68)
[153/294]	0.637 (0.942)	55.00 (57.66)
[154/294]	0.695 (0.940)	65.00 (57.71)
[155/294]	0.825 (0.940)	50.00 (57.66)
[156/294]	0.665 (0.938)	65.00 (57.71)
[157/294]	0.566 (0.935)	80.00 (57.85)
[158/294]	0.871 (0.935)	55.00 (57.83)
[159/294]	0.723 (0.934)	80.00 (57.97)
[160/294]	0.659 (0.932)	90.00 (58.17)
[161/294]	0.671 (0.930)	75.00 (58.27)
[162/294]	0.571 (0.928)	100.00 (58.53)
[163/294]	0.630 (0.926)	75.00 (58.63)
[164/294]	0.535 (0.924)	85.00 (58.79)
[165/294]	0.539 (0.922)	80.00 (58.92)
[166/294]	0.649 (0.920)	65.00 (58.95)
[167/294]	0.688 (0.919)	50.00 (58.90)
[168/294]	0.729 (0.918)	70.00 (58.96)
[169/294]	0.648 (0.916)	65.00 (59.00)
[170/294]	0.591 (0.914)	75.00 (59.09)
[171/294]	0.697 (0.913)	60.00 (59.10)
[172/294]	0.600 (0.911)	70.00 (59.16)
[173/294]	0.636 (0.909)	65.00 (59.20)
[174/294]	0.602 (0.908)	75.00 (59.29)
[175/294]	0.501 (0.905)	75.00 (59.38)
[176/294]	0.395 (0.902)	80.00 (59.49)
[177/294]	0.607 (0.901)	70.00 (59.55)
[178/294]	0.384 (0.898)	90.00 (59.72)
[179/294]	0.551 (0.896)	75.00 (59.81)
[180/294]	0.605 (0.894)	70.00 (59.86)
[181/294]	0.631 (0.893)	70.00 (59.92)
[182/294]	0.498 (0.891)	80.00 (60.03)
[183/294]	0.552 (0.889)	75.00 (60.11)
[184/294]	0.454 (0.887)	80.00 (60.22)
[185/294]	0.485 (0.884)	75.00 (60.30)
[186/294]	0.454 (0.882)	80.00 (60.40)
[187/294]	0.537 (0.880)	75.00 (60.48)
[188/294]	0.414 (0.878)	90.00 (60.63)
[189/294]	0.459 (0.876)	75.00 (60.71)
[190/294]	0.635 (0.874)	70.00 (60.76)
[191/294]	0.615 (0.873)	60.00 (60.76)
[192/294]	0.718 (0.872)	60.00 (60.75)
[193/294]	0.618 (0.871)	80.00 (60.85)
[194/294]	0.371 (0.868)	90.00 (61.00)
[195/294]	0.301 (0.865)	90.00 (61.15)
[196/294]	0.623 (0.864)	60.00 (61.14)
[197/294]	0.336 (0.862)	85.00 (61.26)
[198/294]	0.392 (0.859)	90.00 (61.41)
[199/294]	0.547 (0.858)	70.00 (61.45)
[200/294]	0.460 (0.856)	75.00 (61.52)
[201/294]	0.358 (0.853)	90.00 (61.66)
[202/294]	0.614 (0.852)	65.00 (61.67)
[203/294]	0.560 (0.851)	60.00 (61.67)
[204/294]	0.465 (0.849)	75.00 (61.73)
[205/294]	0.458 (0.847)	65.00 (61.75)
[206/294]	0.435 (0.845)	70.00 (61.79)
[207/294]	0.497 (0.843)	80.00 (61.88)
[208/294]	0.438 (0.841)	85.00 (61.99)
[209/294]	0.344 (0.839)	80.00 (62.07)
[210/294]	0.492 (0.837)	75.00 (62.13)
[211/294]	0.461 (0.835)	85.00 (62.24)
[212/294]	0.457 (0.834)	80.00 (62.32)
[213/294]	0.305 (0.831)	85.00 (62.43)
[214/294]	1.059 (0.832)	35.00 (62.30)
[215/294]	0.359 (0.830)	85.00 (62.41)
[216/294]	0.178 (0.827)	100.00 (62.58)
[217/294]	1.069 (0.828)	55.00 (62.55)
[218/294]	0.571 (0.827)	75.00 (62.60)
[219/294]	0.290 (0.824)	95.00 (62.75)
[220/294]	0.531 (0.823)	65.00 (62.76)
[221/294]	0.376 (0.821)	80.00 (62.84)
[222/294]	0.911 (0.822)	45.00 (62.76)
[223/294]	0.590 (0.821)	65.00 (62.77)
[224/294]	0.476 (0.819)	80.00 (62.84)
[225/294]	0.662 (0.818)	75.00 (62.90)
[226/294]	0.551 (0.817)	80.00 (62.97)
[227/294]	0.426 (0.815)	80.00 (63.05)
[228/294]	0.463 (0.814)	80.00 (63.12)
[229/294]	0.609 (0.813)	80.00 (63.20)
[230/294]	0.409 (0.811)	85.00 (63.29)
[231/294]	0.644 (0.810)	65.00 (63.30)
[232/294]	0.584 (0.810)	75.00 (63.35)
[233/294]	0.372 (0.808)	75.00 (63.40)
[234/294]	0.475 (0.806)	75.00 (63.45)
[235/294]	0.463 (0.805)	80.00 (63.52)
[236/294]	0.583 (0.804)	75.00 (63.57)
[237/294]	0.421 (0.802)	85.00 (63.66)
[238/294]	0.377 (0.800)	90.00 (63.77)
[239/294]	0.509 (0.799)	90.00 (63.88)
[240/294]	0.505 (0.798)	80.00 (63.94)
[241/294]	0.569 (0.797)	65.00 (63.95)
[242/294]	0.512 (0.796)	65.00 (63.95)
[243/294]	0.294 (0.794)	100.00 (64.10)
[244/294]	0.316 (0.792)	90.00 (64.20)
[245/294]	0.319 (0.790)	80.00 (64.27)
[246/294]	0.644 (0.789)	70.00 (64.29)
[247/294]	0.418 (0.788)	75.00 (64.33)
[248/294]	0.371 (0.786)	75.00 (64.38)
[249/294]	0.359 (0.785)	80.00 (64.44)
[250/294]	0.218 (0.782)	95.00 (64.56)
[251/294]	0.177 (0.780)	90.00 (64.66)
[252/294]	0.593 (0.779)	65.00 (64.66)
[253/294]	0.263 (0.777)	85.00 (64.74)
[254/294]	0.151 (0.775)	95.00 (64.86)
[255/294]	0.449 (0.773)	85.00 (64.94)
[256/294]	0.572 (0.773)	80.00 (65.00)
[257/294]	0.160 (0.770)	95.00 (65.12)
[258/294]	0.306 (0.768)	90.00 (65.21)
[259/294]	0.278 (0.767)	90.00 (65.31)
[260/294]	0.419 (0.765)	70.00 (65.33)
[261/294]	0.188 (0.763)	100.00 (65.46)
[262/294]	0.305 (0.761)	90.00 (65.55)
[263/294]	0.213 (0.759)	90.00 (65.64)
[264/294]	0.174 (0.757)	95.00 (65.75)
[265/294]	0.217 (0.755)	90.00 (65.85)
[266/294]	0.208 (0.753)	90.00 (65.94)
[267/294]	0.365 (0.751)	85.00 (66.01)
[268/294]	0.214 (0.749)	90.00 (66.10)
[269/294]	0.249 (0.748)	90.00 (66.19)
[270/294]	0.204 (0.746)	95.00 (66.29)
[271/294]	0.150 (0.743)	95.00 (66.40)
[272/294]	0.274 (0.742)	90.00 (66.48)
[273/294]	0.219 (0.740)	90.00 (66.57)
[274/294]	0.183 (0.738)	95.00 (66.67)
[275/294]	0.172 (0.736)	95.00 (66.78)
[276/294]	0.065 (0.733)	100.00 (66.90)
[277/294]	0.400 (0.732)	80.00 (66.94)
[278/294]	0.040 (0.730)	100.00 (67.06)
[279/294]	0.059 (0.727)	100.00 (67.18)
[280/294]	0.305 (0.726)	90.00 (67.26)
[281/294]	0.113 (0.723)	95.00 (67.36)
[282/294]	0.200 (0.722)	90.00 (67.44)
[283/294]	0.089 (0.719)	100.00 (67.55)
[284/294]	0.185 (0.718)	95.00 (67.65)
[285/294]	0.481 (0.717)	85.00 (67.71)
[286/294]	0.074 (0.714)	100.00 (67.82)
[287/294]	0.127 (0.712)	95.00 (67.92)
[288/294]	0.048 (0.710)	100.00 (68.03)
[289/294]	0.161 (0.708)	90.00 (68.10)
[290/294]	0.353 (0.707)	90.00 (68.18)
[291/294]	0.129 (0.705)	95.00 (68.27)
[292/294]	0.253 (0.704)	90.00 (68.34)
[293/294]	0.369 (0.702)	75.00 (68.37)
 * Train Acc: 68.367
 * Avg. Data time: 0.008, Avg. Batch time: 0.125, Avg. Forward time: 0.005, Avg. Backward time: 0.086
Computing SI
 * Val Acc: 29.480, Time: 4.65
 * Test Acc: 30.530, Time: 11.23
=============Training Task 3=============
Active output nodes for this task: 
[0, 1, 2, 3, 4, 5, 6, 7]
=============Training Epoch 0=============
#reg terms:  1
Batch	 Loss		 Acc
[0/294]	10.671 (10.671)	0.00 (0.00)
[1/294]	3.335 (7.003)	0.00 (0.00)
[2/294]	2.257 (5.421)	0.00 (0.00)
[3/294]	2.172 (4.609)	0.00 (0.00)
[4/294]	2.136 (4.114)	0.00 (0.00)
[5/294]	2.104 (3.779)	0.00 (0.00)
[6/294]	2.109 (3.540)	5.00 (0.71)
[7/294]	2.061 (3.355)	45.00 (6.25)
[8/294]	2.077 (3.213)	35.00 (9.44)
[9/294]	2.007 (3.093)	50.00 (13.50)
[10/294]	1.887 (2.983)	50.00 (16.82)
[11/294]	1.737 (2.879)	55.00 (20.00)
[12/294]	1.277 (2.756)	50.00 (22.31)
[13/294]	1.070 (2.636)	30.00 (22.86)
[14/294]	4.240 (2.743)	35.00 (23.67)
[15/294]	1.315 (2.653)	60.00 (25.94)
[16/294]	1.268 (2.572)	35.00 (26.47)
[17/294]	1.325 (2.503)	50.00 (27.78)
[18/294]	1.542 (2.452)	45.00 (28.68)
[19/294]	1.439 (2.401)	55.00 (30.00)
[20/294]	1.229 (2.346)	65.00 (31.67)
[21/294]	1.338 (2.300)	50.00 (32.50)
[22/294]	1.031 (2.245)	65.00 (33.91)
[23/294]	1.042 (2.194)	50.00 (34.58)
[24/294]	0.890 (2.142)	50.00 (35.20)
[25/294]	1.011 (2.099)	65.00 (36.35)
[26/294]	2.330 (2.107)	25.00 (35.93)
[27/294]	0.882 (2.064)	55.00 (36.61)
[28/294]	0.786 (2.020)	65.00 (37.59)
[29/294]	1.267 (1.994)	40.00 (37.67)
[30/294]	1.186 (1.968)	45.00 (37.90)
[31/294]	1.103 (1.941)	45.00 (38.12)
[32/294]	0.897 (1.910)	60.00 (38.79)
[33/294]	0.964 (1.882)	55.00 (39.26)
[34/294]	1.048 (1.858)	50.00 (39.57)
[35/294]	0.879 (1.831)	65.00 (40.28)
[36/294]	0.888 (1.805)	65.00 (40.95)
[37/294]	1.047 (1.785)	45.00 (41.05)
[38/294]	1.220 (1.771)	40.00 (41.03)
[39/294]	1.224 (1.757)	30.00 (40.75)
[40/294]	0.763 (1.733)	65.00 (41.34)
[41/294]	0.818 (1.711)	50.00 (41.55)
[42/294]	0.865 (1.691)	40.00 (41.51)
[43/294]	0.890 (1.673)	40.00 (41.48)
[44/294]	0.777 (1.653)	55.00 (41.78)
[45/294]	0.838 (1.636)	45.00 (41.85)
[46/294]	0.807 (1.618)	40.00 (41.81)
[47/294]	0.777 (1.600)	55.00 (42.08)
[48/294]	0.803 (1.584)	60.00 (42.45)
[49/294]	0.780 (1.568)	60.00 (42.80)
[50/294]	0.791 (1.553)	50.00 (42.94)
[51/294]	0.775 (1.538)	50.00 (43.08)
[52/294]	0.789 (1.524)	50.00 (43.21)
[53/294]	0.771 (1.510)	45.00 (43.24)
[54/294]	0.767 (1.496)	55.00 (43.45)
[55/294]	0.655 (1.481)	75.00 (44.02)
[56/294]	0.746 (1.468)	55.00 (44.21)
[57/294]	0.789 (1.457)	50.00 (44.31)
[58/294]	0.872 (1.447)	45.00 (44.32)
[59/294]	0.784 (1.436)	40.00 (44.25)
[60/294]	0.801 (1.425)	30.00 (44.02)
[61/294]	0.748 (1.414)	60.00 (44.27)
[62/294]	0.631 (1.402)	75.00 (44.76)
[63/294]	0.968 (1.395)	40.00 (44.69)
[64/294]	0.818 (1.386)	45.00 (44.69)
[65/294]	0.705 (1.376)	80.00 (45.23)
[66/294]	0.789 (1.367)	45.00 (45.22)
[67/294]	0.701 (1.357)	65.00 (45.51)
[68/294]	0.743 (1.349)	45.00 (45.51)
[69/294]	0.771 (1.340)	35.00 (45.36)
[70/294]	0.704 (1.331)	60.00 (45.56)
[71/294]	0.728 (1.323)	60.00 (45.76)
[72/294]	0.706 (1.314)	55.00 (45.89)
[73/294]	0.743 (1.307)	65.00 (46.15)
[74/294]	0.703 (1.299)	60.00 (46.33)
[75/294]	0.682 (1.291)	70.00 (46.64)
[76/294]	0.649 (1.282)	60.00 (46.82)
[77/294]	0.672 (1.274)	60.00 (46.99)
[78/294]	0.751 (1.268)	50.00 (47.03)
[79/294]	0.739 (1.261)	45.00 (47.00)
[80/294]	0.806 (1.256)	45.00 (46.98)
[81/294]	0.750 (1.249)	55.00 (47.07)
[82/294]	0.658 (1.242)	75.00 (47.41)
[83/294]	0.631 (1.235)	70.00 (47.68)
[84/294]	0.692 (1.229)	70.00 (47.94)
[85/294]	0.538 (1.221)	95.00 (48.49)
[86/294]	0.719 (1.215)	50.00 (48.51)
[87/294]	0.566 (1.207)	80.00 (48.86)
[88/294]	0.514 (1.200)	85.00 (49.27)
[89/294]	0.821 (1.195)	55.00 (49.33)
[90/294]	0.734 (1.190)	50.00 (49.34)
[91/294]	0.657 (1.185)	80.00 (49.67)
[92/294]	0.765 (1.180)	50.00 (49.68)
[93/294]	0.561 (1.173)	85.00 (50.05)
[94/294]	0.738 (1.169)	60.00 (50.16)
[95/294]	0.675 (1.164)	75.00 (50.42)
[96/294]	0.639 (1.158)	55.00 (50.46)
[97/294]	0.639 (1.153)	70.00 (50.66)
[98/294]	0.667 (1.148)	60.00 (50.76)
[99/294]	0.663 (1.143)	65.00 (50.90)
[100/294]	0.662 (1.139)	70.00 (51.09)
[101/294]	0.465 (1.132)	90.00 (51.47)
[102/294]	0.632 (1.127)	70.00 (51.65)
[103/294]	0.605 (1.122)	65.00 (51.78)
[104/294]	0.699 (1.118)	65.00 (51.90)
[105/294]	0.652 (1.114)	65.00 (52.03)
[106/294]	0.740 (1.110)	45.00 (51.96)
[107/294]	0.665 (1.106)	60.00 (52.04)
[108/294]	0.602 (1.101)	65.00 (52.16)
[109/294]	0.643 (1.097)	65.00 (52.27)
[110/294]	0.712 (1.094)	60.00 (52.34)
[111/294]	0.628 (1.090)	65.00 (52.46)
[112/294]	0.528 (1.085)	85.00 (52.74)
[113/294]	0.703 (1.081)	60.00 (52.81)
[114/294]	0.858 (1.079)	55.00 (52.83)
[115/294]	0.827 (1.077)	55.00 (52.84)
[116/294]	0.778 (1.075)	60.00 (52.91)
[117/294]	0.744 (1.072)	65.00 (53.01)
[118/294]	0.682 (1.069)	70.00 (53.15)
[119/294]	0.601 (1.065)	80.00 (53.38)
[120/294]	0.809 (1.063)	40.00 (53.26)
[121/294]	0.715 (1.060)	50.00 (53.24)
[122/294]	0.780 (1.057)	65.00 (53.33)
[123/294]	0.566 (1.053)	85.00 (53.59)
[124/294]	0.571 (1.050)	80.00 (53.80)
[125/294]	0.565 (1.046)	85.00 (54.05)
[126/294]	0.798 (1.044)	60.00 (54.09)
[127/294]	0.905 (1.043)	55.00 (54.10)
[128/294]	0.941 (1.042)	55.00 (54.11)
[129/294]	0.737 (1.040)	65.00 (54.19)
[130/294]	0.495 (1.035)	85.00 (54.43)
[131/294]	0.647 (1.032)	75.00 (54.58)
[132/294]	0.918 (1.032)	40.00 (54.47)
[133/294]	0.745 (1.029)	55.00 (54.48)
[134/294]	0.541 (1.026)	75.00 (54.63)
[135/294]	0.750 (1.024)	45.00 (54.56)
[136/294]	0.629 (1.021)	60.00 (54.60)
[137/294]	0.669 (1.018)	75.00 (54.75)
[138/294]	0.653 (1.016)	70.00 (54.86)
[139/294]	0.589 (1.013)	75.00 (55.00)
[140/294]	0.588 (1.010)	80.00 (55.18)
[141/294]	0.598 (1.007)	70.00 (55.28)
[142/294]	0.425 (1.003)	95.00 (55.56)
[143/294]	0.563 (1.000)	85.00 (55.76)
[144/294]	0.511 (0.996)	85.00 (55.97)
[145/294]	0.669 (0.994)	70.00 (56.06)
[146/294]	0.525 (0.991)	80.00 (56.22)
[147/294]	0.462 (0.987)	80.00 (56.39)
[148/294]	0.541 (0.984)	75.00 (56.51)
[149/294]	0.469 (0.981)	85.00 (56.70)
[150/294]	0.463 (0.977)	75.00 (56.82)
[151/294]	0.446 (0.974)	70.00 (56.91)
[152/294]	0.402 (0.970)	80.00 (57.06)
[153/294]	0.323 (0.966)	90.00 (57.27)
[154/294]	0.313 (0.962)	85.00 (57.45)
[155/294]	0.636 (0.960)	70.00 (57.53)
[156/294]	0.708 (0.958)	60.00 (57.55)
[157/294]	0.702 (0.956)	75.00 (57.66)
[158/294]	0.363 (0.953)	80.00 (57.80)
[159/294]	0.390 (0.949)	85.00 (57.97)
[160/294]	0.375 (0.946)	85.00 (58.14)
[161/294]	0.495 (0.943)	85.00 (58.30)
[162/294]	0.468 (0.940)	80.00 (58.44)
[163/294]	0.517 (0.937)	85.00 (58.60)
[164/294]	0.783 (0.936)	65.00 (58.64)
[165/294]	0.569 (0.934)	80.00 (58.77)
[166/294]	0.793 (0.933)	55.00 (58.74)
[167/294]	0.720 (0.932)	50.00 (58.69)
[168/294]	0.585 (0.930)	60.00 (58.70)
[169/294]	0.478 (0.927)	90.00 (58.88)
[170/294]	0.513 (0.925)	80.00 (59.01)
[171/294]	0.525 (0.923)	70.00 (59.07)
[172/294]	0.513 (0.920)	70.00 (59.13)
[173/294]	0.772 (0.919)	55.00 (59.11)
[174/294]	0.535 (0.917)	80.00 (59.23)
[175/294]	0.808 (0.917)	50.00 (59.18)
[176/294]	0.452 (0.914)	80.00 (59.29)
[177/294]	0.698 (0.913)	55.00 (59.27)
[178/294]	0.630 (0.911)	60.00 (59.27)
[179/294]	0.862 (0.911)	50.00 (59.22)
[180/294]	0.562 (0.909)	75.00 (59.31)
[181/294]	0.493 (0.907)	80.00 (59.42)
[182/294]	0.556 (0.905)	75.00 (59.51)
[183/294]	0.590 (0.903)	75.00 (59.59)
[184/294]	0.410 (0.900)	85.00 (59.73)
[185/294]	0.874 (0.900)	40.00 (59.62)
[186/294]	0.644 (0.899)	70.00 (59.68)
[187/294]	0.605 (0.897)	80.00 (59.79)
[188/294]	0.395 (0.895)	85.00 (59.92)
[189/294]	0.388 (0.892)	85.00 (60.05)
[190/294]	0.355 (0.889)	80.00 (60.16)
[191/294]	0.616 (0.888)	70.00 (60.21)
[192/294]	0.347 (0.885)	95.00 (60.39)
[193/294]	0.346 (0.882)	85.00 (60.52)
[194/294]	0.432 (0.880)	85.00 (60.64)
[195/294]	0.541 (0.878)	80.00 (60.74)
[196/294]	0.453 (0.876)	80.00 (60.84)
[197/294]	0.261 (0.873)	100.00 (61.04)
[198/294]	0.335 (0.870)	95.00 (61.21)
[199/294]	0.476 (0.868)	70.00 (61.25)
[200/294]	0.489 (0.866)	75.00 (61.32)
[201/294]	0.417 (0.864)	85.00 (61.44)
[202/294]	0.804 (0.864)	70.00 (61.48)
[203/294]	0.418 (0.862)	75.00 (61.54)
[204/294]	0.927 (0.862)	65.00 (61.56)
[205/294]	0.371 (0.860)	85.00 (61.67)
[206/294]	0.539 (0.858)	75.00 (61.74)
[207/294]	0.794 (0.858)	65.00 (61.75)
[208/294]	0.655 (0.857)	60.00 (61.75)
[209/294]	0.569 (0.855)	75.00 (61.81)
[210/294]	0.384 (0.853)	90.00 (61.94)
[211/294]	0.309 (0.851)	95.00 (62.10)
[212/294]	0.933 (0.851)	65.00 (62.11)
[213/294]	1.247 (0.853)	35.00 (61.99)
[214/294]	0.430 (0.851)	80.00 (62.07)
[215/294]	0.655 (0.850)	80.00 (62.15)
[216/294]	0.574 (0.849)	85.00 (62.26)
[217/294]	0.598 (0.848)	85.00 (62.36)
[218/294]	0.701 (0.847)	70.00 (62.40)
[219/294]	0.797 (0.847)	65.00 (62.41)
[220/294]	0.530 (0.845)	75.00 (62.47)
[221/294]	0.347 (0.843)	85.00 (62.57)
[222/294]	0.720 (0.842)	70.00 (62.60)
[223/294]	0.304 (0.840)	90.00 (62.72)
[224/294]	0.282 (0.838)	85.00 (62.82)
[225/294]	0.439 (0.836)	90.00 (62.94)
[226/294]	0.547 (0.834)	90.00 (63.06)
[227/294]	0.373 (0.832)	80.00 (63.14)
[228/294]	0.367 (0.830)	85.00 (63.23)
[229/294]	0.252 (0.828)	90.00 (63.35)
[230/294]	0.529 (0.827)	85.00 (63.44)
[231/294]	0.560 (0.825)	80.00 (63.51)
[232/294]	0.452 (0.824)	85.00 (63.61)
[233/294]	0.550 (0.823)	70.00 (63.63)
[234/294]	0.201 (0.820)	90.00 (63.74)
[235/294]	1.193 (0.822)	60.00 (63.73)
[236/294]	0.368 (0.820)	85.00 (63.82)
[237/294]	0.421 (0.818)	85.00 (63.91)
[238/294]	0.465 (0.817)	80.00 (63.97)
[239/294]	0.637 (0.816)	65.00 (63.98)
[240/294]	0.260 (0.814)	90.00 (64.09)
[241/294]	0.581 (0.813)	75.00 (64.13)
[242/294]	0.332 (0.811)	85.00 (64.22)
[243/294]	0.197 (0.808)	95.00 (64.34)
[244/294]	0.932 (0.809)	60.00 (64.33)
[245/294]	0.382 (0.807)	85.00 (64.41)
[246/294]	0.330 (0.805)	95.00 (64.53)
[247/294]	0.466 (0.804)	75.00 (64.58)
[248/294]	0.518 (0.802)	65.00 (64.58)
[249/294]	0.381 (0.801)	90.00 (64.68)
[250/294]	0.502 (0.800)	85.00 (64.76)
[251/294]	0.317 (0.798)	95.00 (64.88)
[252/294]	0.351 (0.796)	85.00 (64.96)
[253/294]	0.411 (0.794)	80.00 (65.02)
[254/294]	0.359 (0.793)	85.00 (65.10)
[255/294]	0.496 (0.791)	85.00 (65.18)
[256/294]	0.299 (0.790)	90.00 (65.27)
[257/294]	0.445 (0.788)	80.00 (65.33)
[258/294]	0.521 (0.787)	80.00 (65.39)
[259/294]	0.447 (0.786)	85.00 (65.46)
[260/294]	0.254 (0.784)	85.00 (65.54)
[261/294]	0.384 (0.782)	90.00 (65.63)
[262/294]	0.239 (0.780)	95.00 (65.74)
[263/294]	0.482 (0.779)	85.00 (65.81)
[264/294]	0.663 (0.779)	70.00 (65.83)
[265/294]	0.378 (0.777)	85.00 (65.90)
[266/294]	0.380 (0.776)	80.00 (65.96)
[267/294]	0.215 (0.774)	90.00 (66.04)
[268/294]	0.705 (0.773)	70.00 (66.06)
[269/294]	0.280 (0.771)	95.00 (66.17)
[270/294]	0.237 (0.770)	90.00 (66.25)
[271/294]	0.514 (0.769)	80.00 (66.31)
[272/294]	0.270 (0.767)	90.00 (66.39)
[273/294]	0.216 (0.765)	95.00 (66.50)
[274/294]	0.234 (0.763)	90.00 (66.58)
[275/294]	0.327 (0.761)	90.00 (66.67)
[276/294]	0.497 (0.760)	75.00 (66.70)
[277/294]	0.587 (0.760)	75.00 (66.73)
[278/294]	0.315 (0.758)	90.00 (66.81)
[279/294]	0.381 (0.757)	85.00 (66.88)
[280/294]	0.343 (0.755)	90.00 (66.96)
[281/294]	0.248 (0.753)	90.00 (67.04)
[282/294]	0.346 (0.752)	85.00 (67.10)
[283/294]	0.438 (0.751)	75.00 (67.13)
[284/294]	0.229 (0.749)	95.00 (67.23)
[285/294]	0.239 (0.747)	90.00 (67.31)
[286/294]	0.597 (0.747)	75.00 (67.33)
[287/294]	0.229 (0.745)	90.00 (67.41)
[288/294]	0.323 (0.744)	85.00 (67.47)
[289/294]	0.282 (0.742)	85.00 (67.53)
[290/294]	0.280 (0.740)	95.00 (67.63)
[291/294]	0.378 (0.739)	90.00 (67.71)
[292/294]	0.360 (0.738)	85.00 (67.76)
[293/294]	0.368 (0.737)	85.00 (67.82)
 * Train Acc: 67.823
 * Avg. Data time: 0.008, Avg. Batch time: 0.098, Avg. Forward time: 0.004, Avg. Backward time: 0.067
Computing SI
 * Val Acc: 21.443, Time: 5.05
 * Test Acc: 21.304, Time: 11.06
=============Training Task 4=============
Active output nodes for this task: 
[0, 1, 2, 3, 4, 5, 6, 7, 8, 9]
=============Training Epoch 0=============
#reg terms:  1
Batch	 Loss		 Acc
[0/294]	15.472 (15.472)	0.00 (0.00)
[1/294]	3.454 (9.463)	0.00 (0.00)
[2/294]	2.499 (7.142)	0.00 (0.00)
[3/294]	2.492 (5.979)	0.00 (0.00)
[4/294]	2.456 (5.275)	0.00 (0.00)
[5/294]	2.440 (4.802)	0.00 (0.00)
[6/294]	2.441 (4.465)	0.00 (0.00)
[7/294]	2.449 (4.213)	0.00 (0.00)
[8/294]	2.481 (4.020)	0.00 (0.00)
[9/294]	2.495 (3.868)	0.00 (0.00)
[10/294]	2.518 (3.745)	0.00 (0.00)
[11/294]	2.531 (3.644)	20.00 (1.67)
[12/294]	2.549 (3.560)	15.00 (2.69)
[13/294]	2.530 (3.486)	70.00 (7.50)
[14/294]	2.527 (3.422)	35.00 (9.33)
[15/294]	2.456 (3.362)	40.00 (11.25)
[16/294]	2.244 (3.296)	65.00 (14.41)
[17/294]	1.916 (3.219)	55.00 (16.67)
[18/294]	1.783 (3.144)	35.00 (17.63)
[19/294]	1.236 (3.048)	55.00 (19.50)
[20/294]	1.047 (2.953)	65.00 (21.67)
[21/294]	1.048 (2.867)	45.00 (22.73)
[22/294]	1.031 (2.787)	65.00 (24.57)
[23/294]	1.688 (2.741)	45.00 (25.42)
[24/294]	3.645 (2.777)	60.00 (26.80)
[25/294]	1.578 (2.731)	65.00 (28.27)
[26/294]	1.222 (2.675)	75.00 (30.00)
[27/294]	2.369 (2.664)	50.00 (30.71)
[28/294]	1.242 (2.615)	65.00 (31.90)
[29/294]	1.835 (2.589)	40.00 (32.17)
[30/294]	1.931 (2.568)	45.00 (32.58)
[31/294]	1.825 (2.545)	60.00 (33.44)
[32/294]	1.646 (2.517)	40.00 (33.64)
[33/294]	1.348 (2.483)	50.00 (34.12)
[34/294]	1.130 (2.444)	60.00 (34.86)
[35/294]	1.017 (2.405)	65.00 (35.69)
[36/294]	0.999 (2.367)	65.00 (36.49)
[37/294]	1.142 (2.335)	45.00 (36.71)
[38/294]	0.979 (2.300)	60.00 (37.31)
[39/294]	0.970 (2.267)	70.00 (38.12)
[40/294]	1.587 (2.250)	35.00 (38.05)
[41/294]	1.672 (2.236)	40.00 (38.10)
[42/294]	1.124 (2.210)	60.00 (38.60)
[43/294]	0.973 (2.182)	60.00 (39.09)
[44/294]	0.949 (2.155)	50.00 (39.33)
[45/294]	1.102 (2.132)	45.00 (39.46)
[46/294]	1.016 (2.108)	50.00 (39.68)
[47/294]	1.002 (2.085)	40.00 (39.69)
[48/294]	1.010 (2.063)	50.00 (39.90)
[49/294]	1.001 (2.042)	50.00 (40.10)
[50/294]	1.032 (2.022)	40.00 (40.10)
[51/294]	0.969 (2.002)	45.00 (40.19)
[52/294]	1.055 (1.984)	25.00 (39.91)
[53/294]	0.964 (1.965)	45.00 (40.00)
[54/294]	0.917 (1.946)	55.00 (40.27)
[55/294]	0.985 (1.929)	40.00 (40.27)
[56/294]	0.923 (1.911)	50.00 (40.44)
[57/294]	0.985 (1.895)	50.00 (40.60)
[58/294]	1.027 (1.881)	45.00 (40.68)
[59/294]	0.976 (1.865)	40.00 (40.67)
[60/294]	0.933 (1.850)	35.00 (40.57)
[61/294]	0.911 (1.835)	55.00 (40.81)
[62/294]	0.801 (1.819)	75.00 (41.35)
[63/294]	1.025 (1.806)	40.00 (41.33)
[64/294]	0.934 (1.793)	45.00 (41.38)
[65/294]	0.865 (1.779)	60.00 (41.67)
[66/294]	1.055 (1.768)	35.00 (41.57)
[67/294]	0.897 (1.755)	55.00 (41.76)
[68/294]	0.889 (1.743)	45.00 (41.81)
[69/294]	0.834 (1.730)	70.00 (42.21)
[70/294]	0.902 (1.718)	45.00 (42.25)
[71/294]	0.943 (1.707)	50.00 (42.36)
[72/294]	1.251 (1.701)	30.00 (42.19)
[73/294]	0.870 (1.690)	55.00 (42.36)
[74/294]	0.908 (1.679)	55.00 (42.53)
[75/294]	1.272 (1.674)	40.00 (42.50)
[76/294]	0.953 (1.665)	60.00 (42.73)
[77/294]	0.962 (1.656)	55.00 (42.88)
[78/294]	0.911 (1.646)	60.00 (43.10)
[79/294]	0.900 (1.637)	50.00 (43.19)
[80/294]	0.903 (1.628)	60.00 (43.40)
[81/294]	0.938 (1.619)	45.00 (43.41)
[82/294]	0.833 (1.610)	60.00 (43.61)
[83/294]	0.991 (1.603)	45.00 (43.63)
[84/294]	0.881 (1.594)	65.00 (43.88)
[85/294]	0.823 (1.585)	60.00 (44.07)
[86/294]	0.917 (1.577)	50.00 (44.14)
[87/294]	0.844 (1.569)	60.00 (44.32)
[88/294]	0.972 (1.562)	35.00 (44.21)
[89/294]	0.850 (1.554)	65.00 (44.44)
[90/294]	0.863 (1.547)	50.00 (44.51)
[91/294]	0.849 (1.539)	55.00 (44.62)
[92/294]	0.831 (1.532)	55.00 (44.73)
[93/294]	0.890 (1.525)	40.00 (44.68)
[94/294]	0.833 (1.518)	60.00 (44.84)
[95/294]	0.832 (1.510)	65.00 (45.05)
[96/294]	0.821 (1.503)	65.00 (45.26)
[97/294]	0.819 (1.496)	70.00 (45.51)
[98/294]	0.784 (1.489)	60.00 (45.66)
[99/294]	0.813 (1.482)	60.00 (45.80)
[100/294]	0.792 (1.476)	55.00 (45.89)
[101/294]	0.710 (1.468)	70.00 (46.13)
[102/294]	0.828 (1.462)	55.00 (46.21)
[103/294]	0.736 (1.455)	60.00 (46.35)
[104/294]	0.790 (1.448)	60.00 (46.48)
[105/294]	0.786 (1.442)	60.00 (46.60)
[106/294]	0.880 (1.437)	40.00 (46.54)
[107/294]	0.815 (1.431)	55.00 (46.62)
[108/294]	0.805 (1.425)	55.00 (46.70)
[109/294]	0.778 (1.420)	65.00 (46.86)
[110/294]	0.764 (1.414)	75.00 (47.12)
[111/294]	0.729 (1.408)	70.00 (47.32)
[112/294]	0.796 (1.402)	55.00 (47.39)
[113/294]	0.781 (1.397)	60.00 (47.50)
[114/294]	0.943 (1.393)	50.00 (47.52)
[115/294]	0.683 (1.387)	85.00 (47.84)
[116/294]	0.707 (1.381)	65.00 (47.99)
[117/294]	0.782 (1.376)	65.00 (48.14)
[118/294]	1.230 (1.375)	25.00 (47.94)
[119/294]	0.699 (1.369)	75.00 (48.17)
[120/294]	0.631 (1.363)	80.00 (48.43)
[121/294]	0.836 (1.359)	55.00 (48.48)
[122/294]	0.624 (1.353)	70.00 (48.66)
[123/294]	0.669 (1.347)	65.00 (48.79)
[124/294]	0.878 (1.343)	50.00 (48.80)
[125/294]	0.720 (1.338)	70.00 (48.97)
[126/294]	0.797 (1.334)	60.00 (49.06)
[127/294]	0.797 (1.330)	55.00 (49.10)
[128/294]	0.722 (1.325)	65.00 (49.22)
[129/294]	0.827 (1.321)	60.00 (49.31)
[130/294]	0.990 (1.319)	45.00 (49.27)
[131/294]	0.747 (1.314)	70.00 (49.43)
[132/294]	1.077 (1.313)	35.00 (49.32)
[133/294]	0.827 (1.309)	50.00 (49.33)
[134/294]	0.794 (1.305)	60.00 (49.41)
[135/294]	0.754 (1.301)	75.00 (49.60)
[136/294]	0.828 (1.298)	50.00 (49.60)
[137/294]	0.757 (1.294)	55.00 (49.64)
[138/294]	0.889 (1.291)	40.00 (49.57)
[139/294]	0.763 (1.287)	55.00 (49.61)
[140/294]	0.666 (1.283)	75.00 (49.79)
[141/294]	0.820 (1.279)	30.00 (49.65)
[142/294]	0.664 (1.275)	65.00 (49.76)
[143/294]	0.750 (1.272)	70.00 (49.90)
[144/294]	0.727 (1.268)	60.00 (49.97)
[145/294]	0.736 (1.264)	50.00 (49.97)
[146/294]	0.678 (1.260)	80.00 (50.17)
[147/294]	0.777 (1.257)	60.00 (50.24)
[148/294]	0.609 (1.253)	80.00 (50.44)
[149/294]	0.741 (1.249)	55.00 (50.47)
[150/294]	0.676 (1.245)	85.00 (50.70)
[151/294]	0.601 (1.241)	75.00 (50.86)
[152/294]	0.584 (1.237)	80.00 (51.05)
[153/294]	0.679 (1.233)	65.00 (51.14)
[154/294]	0.616 (1.229)	75.00 (51.29)
[155/294]	0.686 (1.226)	70.00 (51.41)
[156/294]	0.644 (1.222)	80.00 (51.59)
[157/294]	0.691 (1.219)	60.00 (51.65)
[158/294]	0.507 (1.214)	90.00 (51.89)
[159/294]	0.460 (1.209)	100.00 (52.19)
[160/294]	0.634 (1.206)	80.00 (52.36)
[161/294]	0.634 (1.202)	75.00 (52.50)
[162/294]	0.741 (1.199)	75.00 (52.64)
[163/294]	0.674 (1.196)	80.00 (52.80)
[164/294]	0.450 (1.192)	90.00 (53.03)
[165/294]	0.769 (1.189)	65.00 (53.10)
[166/294]	0.882 (1.187)	40.00 (53.02)
[167/294]	0.464 (1.183)	85.00 (53.21)
[168/294]	0.696 (1.180)	60.00 (53.25)
[169/294]	0.658 (1.177)	70.00 (53.35)
[170/294]	0.647 (1.174)	70.00 (53.45)
[171/294]	0.528 (1.170)	80.00 (53.60)
[172/294]	0.803 (1.168)	55.00 (53.61)
[173/294]	0.542 (1.165)	80.00 (53.76)
[174/294]	0.486 (1.161)	80.00 (53.91)
[175/294]	0.806 (1.159)	75.00 (54.03)
[176/294]	0.567 (1.155)	75.00 (54.15)
[177/294]	0.567 (1.152)	85.00 (54.33)
[178/294]	0.711 (1.150)	65.00 (54.39)
[179/294]	0.959 (1.148)	50.00 (54.36)
[180/294]	0.597 (1.145)	70.00 (54.45)
[181/294]	0.566 (1.142)	80.00 (54.59)
[182/294]	0.678 (1.140)	65.00 (54.64)
[183/294]	0.538 (1.136)	75.00 (54.76)
[184/294]	0.604 (1.134)	70.00 (54.84)
[185/294]	0.718 (1.131)	35.00 (54.73)
[186/294]	0.623 (1.129)	75.00 (54.84)
[187/294]	0.575 (1.126)	80.00 (54.97)
[188/294]	0.657 (1.123)	70.00 (55.05)
[189/294]	0.551 (1.120)	75.00 (55.16)
[190/294]	0.522 (1.117)	85.00 (55.31)
[191/294]	0.582 (1.114)	80.00 (55.44)
[192/294]	0.501 (1.111)	85.00 (55.60)
[193/294]	0.738 (1.109)	65.00 (55.64)
[194/294]	0.545 (1.106)	85.00 (55.79)
[195/294]	0.495 (1.103)	80.00 (55.92)
[196/294]	0.480 (1.100)	80.00 (56.04)
[197/294]	0.548 (1.097)	75.00 (56.14)
[198/294]	0.399 (1.094)	90.00 (56.31)
[199/294]	0.582 (1.091)	80.00 (56.42)
[200/294]	0.630 (1.089)	70.00 (56.49)
[201/294]	0.371 (1.085)	90.00 (56.66)
[202/294]	0.531 (1.083)	80.00 (56.77)
[203/294]	0.582 (1.080)	75.00 (56.86)
[204/294]	0.606 (1.078)	70.00 (56.93)
[205/294]	0.504 (1.075)	75.00 (57.01)
[206/294]	0.383 (1.072)	80.00 (57.13)
[207/294]	0.837 (1.071)	60.00 (57.14)
[208/294]	0.535 (1.068)	75.00 (57.22)
[209/294]	0.574 (1.066)	70.00 (57.29)
[210/294]	0.638 (1.064)	70.00 (57.35)
[211/294]	0.692 (1.062)	70.00 (57.41)
[212/294]	0.692 (1.060)	65.00 (57.44)
[213/294]	0.308 (1.057)	85.00 (57.57)
[214/294]	0.624 (1.055)	80.00 (57.67)
[215/294]	0.614 (1.053)	65.00 (57.71)
[216/294]	0.802 (1.051)	70.00 (57.76)
[217/294]	0.534 (1.049)	85.00 (57.89)
[218/294]	0.601 (1.047)	80.00 (57.99)
[219/294]	0.670 (1.045)	70.00 (58.05)
[220/294]	0.594 (1.043)	65.00 (58.08)
[221/294]	0.625 (1.041)	75.00 (58.15)
[222/294]	0.594 (1.039)	85.00 (58.27)
[223/294]	0.526 (1.037)	90.00 (58.42)
[224/294]	0.460 (1.034)	90.00 (58.56)
[225/294]	0.506 (1.032)	80.00 (58.65)
[226/294]	0.418 (1.029)	90.00 (58.79)
[227/294]	0.376 (1.027)	95.00 (58.95)
[228/294]	0.446 (1.024)	85.00 (59.06)
[229/294]	0.556 (1.022)	70.00 (59.11)
[230/294]	0.439 (1.019)	85.00 (59.22)
[231/294]	0.390 (1.017)	85.00 (59.33)
[232/294]	0.404 (1.014)	85.00 (59.44)
[233/294]	0.611 (1.012)	75.00 (59.51)
[234/294]	0.468 (1.010)	85.00 (59.62)
[235/294]	0.279 (1.007)	95.00 (59.77)
[236/294]	0.464 (1.005)	75.00 (59.83)
[237/294]	0.456 (1.002)	85.00 (59.94)
[238/294]	0.275 (0.999)	95.00 (60.08)
[239/294]	0.372 (0.997)	85.00 (60.19)
[240/294]	0.419 (0.994)	90.00 (60.31)
[241/294]	0.543 (0.992)	80.00 (60.39)
[242/294]	0.474 (0.990)	75.00 (60.45)
[243/294]	0.358 (0.988)	85.00 (60.55)
[244/294]	0.324 (0.985)	85.00 (60.65)
[245/294]	0.573 (0.983)	75.00 (60.71)
[246/294]	0.595 (0.982)	75.00 (60.77)
[247/294]	0.342 (0.979)	80.00 (60.85)
[248/294]	0.269 (0.976)	95.00 (60.98)
[249/294]	0.323 (0.974)	90.00 (61.10)
[250/294]	0.331 (0.971)	95.00 (61.24)
[251/294]	0.279 (0.968)	95.00 (61.37)
[252/294]	0.449 (0.966)	90.00 (61.48)
[253/294]	0.614 (0.965)	70.00 (61.52)
[254/294]	0.434 (0.963)	80.00 (61.59)
[255/294]	0.395 (0.961)	80.00 (61.66)
[256/294]	0.297 (0.958)	95.00 (61.79)
[257/294]	0.323 (0.956)	95.00 (61.92)
[258/294]	0.431 (0.954)	75.00 (61.97)
[259/294]	0.446 (0.952)	70.00 (62.00)
[260/294]	0.631 (0.950)	70.00 (62.03)
[261/294]	0.237 (0.948)	95.00 (62.16)
[262/294]	0.429 (0.946)	80.00 (62.22)
[263/294]	0.377 (0.944)	90.00 (62.33)
[264/294]	0.319 (0.941)	90.00 (62.43)
[265/294]	0.253 (0.939)	95.00 (62.56)
[266/294]	0.154 (0.936)	100.00 (62.70)
[267/294]	0.354 (0.934)	75.00 (62.74)
[268/294]	0.479 (0.932)	80.00 (62.81)
[269/294]	0.465 (0.930)	85.00 (62.89)
[270/294]	0.911 (0.930)	60.00 (62.88)
[271/294]	0.533 (0.929)	75.00 (62.92)
[272/294]	0.240 (0.926)	90.00 (63.02)
[273/294]	0.532 (0.925)	80.00 (63.08)
[274/294]	0.389 (0.923)	80.00 (63.15)
[275/294]	0.616 (0.922)	70.00 (63.17)
[276/294]	0.494 (0.920)	90.00 (63.27)
[277/294]	0.638 (0.919)	65.00 (63.27)
[278/294]	0.560 (0.918)	70.00 (63.30)
[279/294]	0.345 (0.916)	90.00 (63.39)
[280/294]	0.392 (0.914)	80.00 (63.45)
[281/294]	0.353 (0.912)	90.00 (63.55)
[282/294]	0.508 (0.910)	70.00 (63.57)
[283/294]	0.381 (0.909)	85.00 (63.64)
[284/294]	0.474 (0.907)	85.00 (63.72)
[285/294]	0.340 (0.905)	95.00 (63.83)
[286/294]	0.390 (0.903)	85.00 (63.90)
[287/294]	0.507 (0.902)	70.00 (63.92)
[288/294]	0.331 (0.900)	95.00 (64.03)
[289/294]	0.392 (0.898)	85.00 (64.10)
[290/294]	0.321 (0.896)	90.00 (64.19)
[291/294]	0.492 (0.895)	95.00 (64.30)
[292/294]	0.557 (0.894)	70.00 (64.32)
[293/294]	0.226 (0.891)	95.00 (64.42)
 * Train Acc: 64.422
 * Avg. Data time: 0.006, Avg. Batch time: 0.089, Avg. Forward time: 0.004, Avg. Backward time: 0.062
Computing SI
 * Val Acc: 14.850, Time: 5.46
 * Test Acc: 14.245, Time: 12.47
=============Training Task 5=============
Active output nodes for this task: 
[0, 1, 2, 3, 4, 5, 6, 7, 8, 9, 10, 11]
=============Training Epoch 0=============
#reg terms:  1
Batch	 Loss		 Acc
[0/294]	9.373 (9.373)	0.00 (0.00)
[1/294]	4.951 (7.162)	0.00 (0.00)
[2/294]	2.940 (5.755)	0.00 (0.00)
[3/294]	2.595 (4.965)	0.00 (0.00)
[4/294]	2.553 (4.483)	0.00 (0.00)
[5/294]	2.539 (4.159)	0.00 (0.00)
[6/294]	2.532 (3.926)	0.00 (0.00)
[7/294]	2.531 (3.752)	0.00 (0.00)
[8/294]	2.525 (3.616)	0.00 (0.00)
[9/294]	2.526 (3.507)	0.00 (0.00)
[10/294]	2.523 (3.417)	0.00 (0.00)
[11/294]	2.524 (3.343)	0.00 (0.00)
[12/294]	2.519 (3.279)	0.00 (0.00)
[13/294]	2.522 (3.225)	0.00 (0.00)
[14/294]	2.515 (3.178)	0.00 (0.00)
[15/294]	2.514 (3.136)	5.00 (0.31)
[16/294]	2.507 (3.099)	0.00 (0.29)
[17/294]	2.498 (3.066)	10.00 (0.83)
[18/294]	2.475 (3.035)	60.00 (3.95)
[19/294]	2.473 (3.007)	40.00 (5.75)
[20/294]	2.457 (2.981)	40.00 (7.38)
[21/294]	2.421 (2.955)	40.00 (8.86)
[22/294]	2.378 (2.930)	45.00 (10.43)
[23/294]	2.301 (2.904)	60.00 (12.50)
[24/294]	2.221 (2.877)	60.00 (14.40)
[25/294]	2.105 (2.847)	65.00 (16.35)
[26/294]	2.008 (2.816)	35.00 (17.04)
[27/294]	1.675 (2.775)	60.00 (18.57)
[28/294]	1.497 (2.731)	40.00 (19.31)
[29/294]	1.122 (2.677)	50.00 (20.33)
[30/294]	0.917 (2.621)	45.00 (21.13)
[31/294]	0.761 (2.562)	60.00 (22.34)
[32/294]	0.706 (2.506)	65.00 (23.64)
[33/294]	0.948 (2.460)	50.00 (24.41)
[34/294]	0.927 (2.417)	45.00 (25.00)
[35/294]	0.731 (2.370)	50.00 (25.69)
[36/294]	0.760 (2.326)	65.00 (26.76)
[37/294]	0.708 (2.284)	70.00 (27.89)
[38/294]	1.761 (2.270)	60.00 (28.72)
[39/294]	1.660 (2.255)	30.00 (28.75)
[40/294]	2.737 (2.267)	40.00 (29.02)
[41/294]	0.735 (2.230)	60.00 (29.76)
[42/294]	0.759 (2.196)	55.00 (30.35)
[43/294]	0.738 (2.163)	55.00 (30.91)
[44/294]	0.733 (2.131)	70.00 (31.78)
[45/294]	0.789 (2.102)	45.00 (32.07)
[46/294]	0.794 (2.074)	45.00 (32.34)
[47/294]	0.749 (2.047)	45.00 (32.60)
[48/294]	0.735 (2.020)	60.00 (33.16)
[49/294]	0.805 (1.996)	50.00 (33.50)
[50/294]	0.799 (1.972)	45.00 (33.73)
[51/294]	0.817 (1.950)	40.00 (33.85)
[52/294]	0.759 (1.927)	65.00 (34.43)
[53/294]	0.783 (1.906)	55.00 (34.81)
[54/294]	0.789 (1.886)	55.00 (35.18)
[55/294]	0.788 (1.866)	50.00 (35.45)
[56/294]	0.766 (1.847)	70.00 (36.05)
[57/294]	0.765 (1.828)	45.00 (36.21)
[58/294]	0.774 (1.810)	45.00 (36.36)
[59/294]	0.750 (1.793)	35.00 (36.33)
[60/294]	0.756 (1.776)	55.00 (36.64)
[61/294]	0.714 (1.759)	65.00 (37.10)
[62/294]	0.708 (1.742)	70.00 (37.62)
[63/294]	0.767 (1.727)	30.00 (37.50)
[64/294]	0.730 (1.711)	65.00 (37.92)
[65/294]	0.722 (1.696)	50.00 (38.11)
[66/294]	0.710 (1.682)	55.00 (38.36)
[67/294]	0.760 (1.668)	50.00 (38.53)
[68/294]	0.711 (1.654)	55.00 (38.77)
[69/294]	0.718 (1.641)	55.00 (39.00)
[70/294]	0.712 (1.628)	55.00 (39.23)
[71/294]	0.780 (1.616)	45.00 (39.31)
[72/294]	0.871 (1.606)	35.00 (39.25)
[73/294]	0.690 (1.593)	70.00 (39.66)
[74/294]	0.714 (1.582)	50.00 (39.80)
[75/294]	0.861 (1.572)	25.00 (39.61)
[76/294]	0.715 (1.561)	70.00 (40.00)
[77/294]	0.720 (1.550)	60.00 (40.26)
[78/294]	0.819 (1.541)	35.00 (40.19)
[79/294]	0.691 (1.530)	55.00 (40.38)
[80/294]	0.751 (1.521)	45.00 (40.43)
[81/294]	0.656 (1.510)	60.00 (40.67)
[82/294]	0.650 (1.500)	60.00 (40.90)
[83/294]	0.656 (1.490)	55.00 (41.07)
[84/294]	0.707 (1.481)	55.00 (41.24)
[85/294]	0.647 (1.471)	65.00 (41.51)
[86/294]	0.796 (1.463)	50.00 (41.61)
[87/294]	0.830 (1.456)	60.00 (41.82)
[88/294]	0.905 (1.450)	35.00 (41.74)
[89/294]	0.695 (1.441)	70.00 (42.06)
[90/294]	0.725 (1.434)	40.00 (42.03)
[91/294]	0.645 (1.425)	60.00 (42.23)
[92/294]	0.777 (1.418)	55.00 (42.37)
[93/294]	0.871 (1.412)	40.00 (42.34)
[94/294]	0.753 (1.405)	50.00 (42.42)
[95/294]	0.680 (1.398)	60.00 (42.60)
[96/294]	0.647 (1.390)	85.00 (43.04)
[97/294]	0.696 (1.383)	65.00 (43.27)
[98/294]	0.645 (1.375)	70.00 (43.54)
[99/294]	0.703 (1.369)	70.00 (43.80)
[100/294]	0.656 (1.362)	60.00 (43.96)
[101/294]	0.605 (1.354)	80.00 (44.31)
[102/294]	0.588 (1.347)	70.00 (44.56)
[103/294]	0.646 (1.340)	75.00 (44.86)
[104/294]	0.679 (1.334)	65.00 (45.05)
[105/294]	0.587 (1.327)	85.00 (45.42)
[106/294]	0.586 (1.320)	70.00 (45.65)
[107/294]	0.600 (1.313)	60.00 (45.79)
[108/294]	0.769 (1.308)	45.00 (45.78)
[109/294]	0.603 (1.302)	65.00 (45.95)
[110/294]	0.621 (1.296)	75.00 (46.22)
[111/294]	0.566 (1.289)	65.00 (46.38)
[112/294]	0.708 (1.284)	60.00 (46.50)
[113/294]	0.605 (1.278)	70.00 (46.71)
[114/294]	0.635 (1.272)	65.00 (46.87)
[115/294]	0.590 (1.266)	75.00 (47.11)
[116/294]	0.733 (1.262)	55.00 (47.18)
[117/294]	0.549 (1.256)	70.00 (47.37)
[118/294]	0.634 (1.251)	70.00 (47.56)
[119/294]	0.699 (1.246)	55.00 (47.62)
[120/294]	0.571 (1.240)	75.00 (47.85)
[121/294]	0.877 (1.237)	60.00 (47.95)
[122/294]	0.417 (1.231)	85.00 (48.25)
[123/294]	0.464 (1.225)	80.00 (48.51)
[124/294]	0.794 (1.221)	65.00 (48.64)
[125/294]	0.617 (1.216)	65.00 (48.77)
[126/294]	0.602 (1.212)	70.00 (48.94)
[127/294]	0.559 (1.206)	65.00 (49.06)
[128/294]	0.645 (1.202)	65.00 (49.19)
[129/294]	0.764 (1.199)	60.00 (49.27)
[130/294]	0.599 (1.194)	65.00 (49.39)
[131/294]	0.609 (1.190)	70.00 (49.55)
[132/294]	0.495 (1.185)	90.00 (49.85)
[133/294]	0.701 (1.181)	80.00 (50.07)
[134/294]	0.611 (1.177)	70.00 (50.22)
[135/294]	0.629 (1.173)	65.00 (50.33)
[136/294]	0.867 (1.170)	50.00 (50.33)
[137/294]	0.488 (1.165)	85.00 (50.58)
[138/294]	0.488 (1.161)	90.00 (50.86)
[139/294]	0.569 (1.156)	65.00 (50.96)
[140/294]	0.817 (1.154)	50.00 (50.96)
[141/294]	0.554 (1.150)	70.00 (51.09)
[142/294]	0.608 (1.146)	70.00 (51.22)
[143/294]	0.571 (1.142)	85.00 (51.46)
[144/294]	0.511 (1.138)	70.00 (51.59)
[145/294]	0.551 (1.134)	70.00 (51.71)
[146/294]	0.566 (1.130)	70.00 (51.84)
[147/294]	0.569 (1.126)	75.00 (51.99)
[148/294]	0.314 (1.120)	90.00 (52.25)
[149/294]	0.552 (1.117)	65.00 (52.33)
[150/294]	0.236 (1.111)	95.00 (52.62)
[151/294]	0.534 (1.107)	70.00 (52.73)
[152/294]	0.427 (1.103)	85.00 (52.94)
[153/294]	0.382 (1.098)	85.00 (53.15)
[154/294]	0.657 (1.095)	75.00 (53.29)
[155/294]	0.637 (1.092)	65.00 (53.37)
[156/294]	0.474 (1.088)	85.00 (53.57)
[157/294]	0.455 (1.084)	75.00 (53.70)
[158/294]	0.438 (1.080)	75.00 (53.84)
[159/294]	0.482 (1.076)	70.00 (53.94)
[160/294]	0.674 (1.074)	65.00 (54.01)
[161/294]	0.507 (1.070)	75.00 (54.14)
[162/294]	0.483 (1.067)	75.00 (54.26)
[163/294]	0.610 (1.064)	75.00 (54.39)
[164/294]	0.586 (1.061)	65.00 (54.45)
[165/294]	0.621 (1.058)	75.00 (54.58)
[166/294]	0.455 (1.055)	75.00 (54.70)
[167/294]	0.465 (1.051)	80.00 (54.85)
[168/294]	0.709 (1.049)	55.00 (54.85)
[169/294]	0.364 (1.045)	90.00 (55.06)
[170/294]	0.570 (1.043)	75.00 (55.18)
[171/294]	0.663 (1.040)	75.00 (55.29)
[172/294]	0.408 (1.037)	85.00 (55.46)
[173/294]	0.723 (1.035)	55.00 (55.46)
[174/294]	0.543 (1.032)	65.00 (55.51)
[175/294]	0.469 (1.029)	80.00 (55.65)
[176/294]	0.476 (1.026)	70.00 (55.73)
[177/294]	0.606 (1.023)	65.00 (55.79)
[178/294]	0.449 (1.020)	85.00 (55.95)
[179/294]	0.381 (1.017)	100.00 (56.19)
[180/294]	0.593 (1.014)	70.00 (56.27)
[181/294]	0.502 (1.011)	80.00 (56.40)
[182/294]	0.494 (1.009)	80.00 (56.53)
[183/294]	0.389 (1.005)	85.00 (56.68)
[184/294]	0.433 (1.002)	90.00 (56.86)
[185/294]	0.370 (0.999)	85.00 (57.02)
[186/294]	0.377 (0.995)	85.00 (57.17)
[187/294]	0.365 (0.992)	85.00 (57.31)
[188/294]	0.519 (0.990)	70.00 (57.38)
[189/294]	0.590 (0.987)	80.00 (57.50)
[190/294]	0.624 (0.986)	75.00 (57.59)
[191/294]	0.376 (0.982)	80.00 (57.71)
[192/294]	0.251 (0.979)	95.00 (57.90)
[193/294]	0.642 (0.977)	75.00 (57.99)
[194/294]	0.597 (0.975)	65.00 (58.03)
[195/294]	0.456 (0.972)	80.00 (58.14)
[196/294]	0.253 (0.969)	95.00 (58.32)
[197/294]	0.332 (0.965)	90.00 (58.48)
[198/294]	0.532 (0.963)	80.00 (58.59)
[199/294]	0.263 (0.960)	90.00 (58.75)
[200/294]	0.554 (0.958)	80.00 (58.86)
[201/294]	0.190 (0.954)	95.00 (59.03)
[202/294]	0.517 (0.952)	75.00 (59.11)
[203/294]	0.368 (0.949)	90.00 (59.26)
[204/294]	0.553 (0.947)	75.00 (59.34)
[205/294]	0.330 (0.944)	85.00 (59.47)
[206/294]	0.307 (0.941)	90.00 (59.61)
[207/294]	0.537 (0.939)	75.00 (59.69)
[208/294]	0.450 (0.937)	80.00 (59.78)
[209/294]	0.224 (0.933)	90.00 (59.93)
[210/294]	0.389 (0.931)	90.00 (60.07)
[211/294]	1.071 (0.931)	65.00 (60.09)
[212/294]	0.659 (0.930)	75.00 (60.16)
[213/294]	0.367 (0.927)	85.00 (60.28)
[214/294]	0.693 (0.926)	65.00 (60.30)
[215/294]	0.528 (0.924)	75.00 (60.37)
[216/294]	0.607 (0.923)	65.00 (60.39)
[217/294]	0.546 (0.921)	80.00 (60.48)
[218/294]	0.433 (0.919)	80.00 (60.57)
[219/294]	0.610 (0.918)	70.00 (60.61)
[220/294]	0.506 (0.916)	70.00 (60.66)
[221/294]	0.431 (0.914)	90.00 (60.79)
[222/294]	0.334 (0.911)	85.00 (60.90)
[223/294]	0.488 (0.909)	75.00 (60.96)
[224/294]	0.489 (0.907)	75.00 (61.02)
[225/294]	0.485 (0.905)	70.00 (61.06)
[226/294]	0.638 (0.904)	75.00 (61.12)
[227/294]	0.547 (0.903)	70.00 (61.16)
[228/294]	0.543 (0.901)	75.00 (61.22)
[229/294]	0.478 (0.899)	80.00 (61.30)
[230/294]	0.470 (0.897)	80.00 (61.39)
[231/294]	0.488 (0.896)	75.00 (61.44)
[232/294]	0.233 (0.893)	95.00 (61.59)
[233/294]	0.774 (0.892)	55.00 (61.56)
[234/294]	0.425 (0.890)	85.00 (61.66)
[235/294]	0.401 (0.888)	90.00 (61.78)
[236/294]	0.500 (0.887)	65.00 (61.79)
[237/294]	0.608 (0.885)	75.00 (61.85)
[238/294]	0.334 (0.883)	90.00 (61.97)
[239/294]	0.318 (0.881)	85.00 (62.06)
[240/294]	0.440 (0.879)	85.00 (62.16)
[241/294]	0.319 (0.877)	85.00 (62.25)
[242/294]	0.789 (0.876)	75.00 (62.30)
[243/294]	0.504 (0.875)	75.00 (62.36)
[244/294]	0.429 (0.873)	75.00 (62.41)
[245/294]	0.520 (0.871)	70.00 (62.44)
[246/294]	0.657 (0.871)	75.00 (62.49)
[247/294]	0.434 (0.869)	80.00 (62.56)
[248/294]	0.299 (0.867)	90.00 (62.67)
[249/294]	0.667 (0.866)	65.00 (62.68)
[250/294]	0.306 (0.863)	95.00 (62.81)
[251/294]	0.623 (0.863)	90.00 (62.92)
[252/294]	0.434 (0.861)	75.00 (62.96)
[253/294]	0.514 (0.859)	80.00 (63.03)
[254/294]	0.686 (0.859)	55.00 (63.00)
[255/294]	0.619 (0.858)	70.00 (63.03)
[256/294]	0.375 (0.856)	85.00 (63.11)
[257/294]	0.468 (0.854)	90.00 (63.22)
[258/294]	0.489 (0.853)	90.00 (63.32)
[259/294]	0.478 (0.852)	85.00 (63.40)
[260/294]	0.418 (0.850)	85.00 (63.49)
[261/294]	0.497 (0.849)	75.00 (63.53)
[262/294]	0.428 (0.847)	85.00 (63.61)
[263/294]	0.403 (0.845)	80.00 (63.67)
[264/294]	0.410 (0.844)	85.00 (63.75)
[265/294]	0.366 (0.842)	90.00 (63.85)
[266/294]	0.388 (0.840)	85.00 (63.93)
[267/294]	0.333 (0.838)	95.00 (64.05)
[268/294]	0.207 (0.836)	100.00 (64.18)
[269/294]	0.471 (0.835)	80.00 (64.24)
[270/294]	0.376 (0.833)	85.00 (64.32)
[271/294]	0.313 (0.831)	90.00 (64.41)
[272/294]	0.317 (0.829)	90.00 (64.51)
[273/294]	0.299 (0.827)	90.00 (64.60)
[274/294]	0.320 (0.825)	80.00 (64.65)
[275/294]	0.608 (0.825)	75.00 (64.69)
[276/294]	0.496 (0.823)	80.00 (64.75)
[277/294]	0.473 (0.822)	85.00 (64.82)
[278/294]	0.380 (0.821)	95.00 (64.93)
[279/294]	0.583 (0.820)	80.00 (64.98)
[280/294]	0.290 (0.818)	95.00 (65.09)
[281/294]	0.324 (0.816)	80.00 (65.14)
[282/294]	0.650 (0.815)	85.00 (65.21)
[283/294]	0.640 (0.815)	70.00 (65.23)
[284/294]	0.729 (0.815)	80.00 (65.28)
[285/294]	0.481 (0.813)	70.00 (65.30)
[286/294]	0.179 (0.811)	95.00 (65.40)
[287/294]	0.470 (0.810)	80.00 (65.45)
[288/294]	0.197 (0.808)	100.00 (65.57)
[289/294]	0.276 (0.806)	85.00 (65.64)
[290/294]	0.383 (0.805)	90.00 (65.72)
[291/294]	0.662 (0.804)	80.00 (65.77)
[292/294]	0.249 (0.802)	95.00 (65.87)
[293/294]	0.325 (0.801)	93.33 (65.94)
 * Train Acc: 65.940
 * Avg. Data time: 0.005, Avg. Batch time: 0.060, Avg. Forward time: 0.004, Avg. Backward time: 0.045
Computing SI
 * Val Acc: 13.067, Time: 4.62
 * Test Acc: 13.791, Time: 11.21
testing accuracies
           0          1          2          3          4          5
0  97.764768  47.193403  30.530035  21.304059  14.244711  13.790971
validation accuracies
           0          1          2          3          4          5
0  97.815913  46.916472  29.480382  21.442649  14.849921  13.066525
