=============Stream Learning Run 0=============
Changing output layer to contain 12 classes
============BEGINNING STREAM LEARNING============
=============Training Task 0=============
Active output nodes for this task: 
[0, 1]
=============Training Epoch 0=============
#reg terms:  0
Batch	 Loss		 Acc
[0/294]	0.906 (0.906)	60.00 (60.00)
[1/294]	1.093 (0.999)	45.00 (52.50)
[2/294]	0.582 (0.860)	65.00 (56.67)
[3/294]	0.686 (0.817)	45.00 (53.75)
[4/294]	0.638 (0.781)	55.00 (54.00)
[5/294]	0.559 (0.744)	65.00 (55.83)
[6/294]	0.479 (0.706)	85.00 (60.00)
[7/294]	0.457 (0.675)	90.00 (63.75)
[8/294]	0.384 (0.643)	90.00 (66.67)
[9/294]	0.440 (0.622)	80.00 (68.00)
[10/294]	0.340 (0.597)	80.00 (69.09)
[11/294]	0.263 (0.569)	90.00 (70.83)
[12/294]	0.195 (0.540)	100.00 (73.08)
[13/294]	0.123 (0.510)	95.00 (74.64)
[14/294]	0.325 (0.498)	85.00 (75.33)
[15/294]	0.317 (0.487)	95.00 (76.56)
[16/294]	0.044 (0.461)	100.00 (77.94)
[17/294]	0.323 (0.453)	85.00 (78.33)
[18/294]	0.533 (0.457)	85.00 (78.68)
[19/294]	0.432 (0.456)	90.00 (79.25)
[20/294]	0.095 (0.439)	95.00 (80.00)
[21/294]	0.538 (0.443)	85.00 (80.23)
[22/294]	0.150 (0.431)	100.00 (81.09)
[23/294]	0.400 (0.429)	75.00 (80.83)
[24/294]	0.240 (0.422)	100.00 (81.60)
[25/294]	0.172 (0.412)	100.00 (82.31)
[26/294]	0.307 (0.408)	90.00 (82.59)
[27/294]	0.216 (0.401)	85.00 (82.68)
[28/294]	0.194 (0.394)	95.00 (83.10)
[29/294]	0.245 (0.389)	95.00 (83.50)
[30/294]	0.145 (0.381)	95.00 (83.87)
[31/294]	0.352 (0.380)	90.00 (84.06)
[32/294]	0.124 (0.373)	95.00 (84.39)
[33/294]	0.334 (0.372)	85.00 (84.41)
[34/294]	0.059 (0.363)	100.00 (84.86)
[35/294]	0.033 (0.353)	100.00 (85.28)
[36/294]	0.205 (0.349)	90.00 (85.41)
[37/294]	0.050 (0.342)	95.00 (85.66)
[38/294]	0.182 (0.337)	90.00 (85.77)
[39/294]	0.152 (0.333)	95.00 (86.00)
[40/294]	0.393 (0.334)	75.00 (85.73)
[41/294]	0.012 (0.327)	100.00 (86.07)
[42/294]	0.048 (0.320)	100.00 (86.40)
[43/294]	0.251 (0.319)	90.00 (86.48)
[44/294]	0.115 (0.314)	90.00 (86.56)
[45/294]	0.208 (0.312)	95.00 (86.74)
[46/294]	0.075 (0.307)	100.00 (87.02)
[47/294]	0.158 (0.304)	95.00 (87.19)
[48/294]	0.103 (0.300)	95.00 (87.35)
[49/294]	0.182 (0.297)	100.00 (87.60)
[50/294]	0.080 (0.293)	100.00 (87.84)
[51/294]	0.174 (0.291)	90.00 (87.88)
[52/294]	0.145 (0.288)	100.00 (88.11)
[53/294]	0.058 (0.284)	100.00 (88.33)
[54/294]	0.054 (0.279)	100.00 (88.55)
[55/294]	0.148 (0.277)	95.00 (88.66)
[56/294]	0.119 (0.274)	95.00 (88.77)
[57/294]	0.269 (0.274)	90.00 (88.79)
[58/294]	0.033 (0.270)	100.00 (88.98)
[59/294]	0.087 (0.267)	95.00 (89.08)
[60/294]	0.100 (0.264)	95.00 (89.18)
[61/294]	0.036 (0.261)	100.00 (89.35)
[62/294]	0.431 (0.263)	90.00 (89.37)
[63/294]	0.069 (0.260)	100.00 (89.53)
[64/294]	0.082 (0.258)	100.00 (89.69)
[65/294]	0.539 (0.262)	80.00 (89.55)
[66/294]	0.059 (0.259)	95.00 (89.63)
[67/294]	0.044 (0.256)	100.00 (89.78)
[68/294]	0.073 (0.253)	100.00 (89.93)
[69/294]	0.035 (0.250)	100.00 (90.07)
[70/294]	0.053 (0.247)	95.00 (90.14)
[71/294]	0.135 (0.246)	95.00 (90.21)
[72/294]	0.068 (0.243)	100.00 (90.34)
[73/294]	0.095 (0.241)	95.00 (90.41)
[74/294]	0.083 (0.239)	100.00 (90.53)
[75/294]	0.012 (0.236)	100.00 (90.66)
[76/294]	0.053 (0.234)	100.00 (90.78)
[77/294]	0.007 (0.231)	100.00 (90.90)
[78/294]	0.033 (0.228)	100.00 (91.01)
[79/294]	0.054 (0.226)	100.00 (91.12)
[80/294]	0.064 (0.224)	95.00 (91.17)
[81/294]	0.093 (0.222)	95.00 (91.22)
[82/294]	0.132 (0.221)	95.00 (91.27)
[83/294]	0.043 (0.219)	100.00 (91.37)
[84/294]	0.067 (0.217)	95.00 (91.41)
[85/294]	0.084 (0.216)	95.00 (91.45)
[86/294]	0.301 (0.217)	95.00 (91.49)
[87/294]	0.118 (0.216)	95.00 (91.53)
[88/294]	0.106 (0.215)	95.00 (91.57)
[89/294]	0.015 (0.212)	100.00 (91.67)
[90/294]	0.264 (0.213)	90.00 (91.65)
[91/294]	0.013 (0.211)	100.00 (91.74)
[92/294]	0.231 (0.211)	85.00 (91.67)
[93/294]	0.025 (0.209)	100.00 (91.76)
[94/294]	0.069 (0.207)	95.00 (91.79)
[95/294]	0.055 (0.206)	100.00 (91.88)
[96/294]	0.171 (0.206)	95.00 (91.91)
[97/294]	0.013 (0.204)	100.00 (91.99)
[98/294]	0.010 (0.202)	100.00 (92.07)
[99/294]	0.032 (0.200)	100.00 (92.15)
[100/294]	0.056 (0.198)	95.00 (92.18)
[101/294]	0.043 (0.197)	100.00 (92.25)
[102/294]	0.192 (0.197)	90.00 (92.23)
[103/294]	0.133 (0.196)	95.00 (92.26)
[104/294]	0.145 (0.196)	90.00 (92.24)
[105/294]	0.092 (0.195)	95.00 (92.26)
[106/294]	0.051 (0.193)	95.00 (92.29)
[107/294]	0.007 (0.192)	100.00 (92.36)
[108/294]	0.094 (0.191)	95.00 (92.39)
[109/294]	0.048 (0.190)	100.00 (92.45)
[110/294]	0.221 (0.190)	95.00 (92.48)
[111/294]	0.002 (0.188)	100.00 (92.54)
[112/294]	0.350 (0.190)	95.00 (92.57)
[113/294]	0.024 (0.188)	100.00 (92.63)
[114/294]	0.037 (0.187)	100.00 (92.70)
[115/294]	0.169 (0.187)	95.00 (92.72)
[116/294]	0.086 (0.186)	95.00 (92.74)
[117/294]	0.043 (0.185)	100.00 (92.80)
[118/294]	0.071 (0.184)	95.00 (92.82)
[119/294]	0.041 (0.182)	95.00 (92.83)
[120/294]	0.012 (0.181)	100.00 (92.89)
[121/294]	0.041 (0.180)	100.00 (92.95)
[122/294]	0.053 (0.179)	100.00 (93.01)
[123/294]	0.035 (0.178)	100.00 (93.06)
[124/294]	0.024 (0.176)	100.00 (93.12)
[125/294]	0.251 (0.177)	95.00 (93.13)
[126/294]	0.417 (0.179)	90.00 (93.11)
[127/294]	0.049 (0.178)	100.00 (93.16)
[128/294]	0.010 (0.177)	100.00 (93.22)
[129/294]	0.092 (0.176)	95.00 (93.23)
[130/294]	0.040 (0.175)	100.00 (93.28)
[131/294]	0.096 (0.174)	95.00 (93.30)
[132/294]	0.022 (0.173)	100.00 (93.35)
[133/294]	0.025 (0.172)	100.00 (93.40)
[134/294]	0.034 (0.171)	100.00 (93.44)
[135/294]	0.113 (0.171)	95.00 (93.46)
[136/294]	0.046 (0.170)	100.00 (93.50)
[137/294]	0.063 (0.169)	100.00 (93.55)
[138/294]	0.126 (0.169)	95.00 (93.56)
[139/294]	0.142 (0.168)	95.00 (93.57)
[140/294]	0.274 (0.169)	90.00 (93.55)
[141/294]	0.005 (0.168)	100.00 (93.59)
[142/294]	0.119 (0.168)	90.00 (93.57)
[143/294]	0.488 (0.170)	85.00 (93.51)
[144/294]	0.016 (0.169)	100.00 (93.55)
[145/294]	0.067 (0.168)	100.00 (93.60)
[146/294]	0.218 (0.169)	95.00 (93.61)
[147/294]	0.112 (0.168)	95.00 (93.61)
[148/294]	0.037 (0.167)	100.00 (93.66)
[149/294]	0.298 (0.168)	85.00 (93.60)
[150/294]	0.101 (0.168)	100.00 (93.64)
[151/294]	0.177 (0.168)	95.00 (93.65)
[152/294]	0.040 (0.167)	100.00 (93.69)
[153/294]	0.046 (0.166)	100.00 (93.73)
[154/294]	0.043 (0.165)	100.00 (93.77)
[155/294]	0.166 (0.165)	90.00 (93.75)
[156/294]	0.169 (0.165)	90.00 (93.73)
[157/294]	0.004 (0.164)	100.00 (93.77)
[158/294]	0.067 (0.164)	95.00 (93.77)
[159/294]	0.117 (0.163)	90.00 (93.75)
[160/294]	0.104 (0.163)	95.00 (93.76)
[161/294]	0.096 (0.163)	95.00 (93.77)
[162/294]	0.105 (0.162)	100.00 (93.80)
[163/294]	0.017 (0.161)	100.00 (93.84)
[164/294]	0.047 (0.161)	100.00 (93.88)
[165/294]	0.136 (0.161)	95.00 (93.89)
[166/294]	0.067 (0.160)	100.00 (93.92)
[167/294]	0.050 (0.159)	100.00 (93.96)
[168/294]	0.145 (0.159)	95.00 (93.96)
[169/294]	0.063 (0.159)	95.00 (93.97)
[170/294]	0.106 (0.158)	95.00 (93.98)
[171/294]	0.297 (0.159)	90.00 (93.95)
[172/294]	0.323 (0.160)	95.00 (93.96)
[173/294]	0.020 (0.159)	100.00 (93.99)
[174/294]	0.163 (0.159)	95.00 (94.00)
[175/294]	0.040 (0.159)	100.00 (94.03)
[176/294]	0.072 (0.158)	95.00 (94.04)
[177/294]	0.140 (0.158)	90.00 (94.02)
[178/294]	0.017 (0.157)	100.00 (94.05)
[179/294]	0.169 (0.157)	90.00 (94.03)
[180/294]	0.022 (0.157)	100.00 (94.06)
[181/294]	0.098 (0.156)	95.00 (94.07)
[182/294]	0.072 (0.156)	100.00 (94.10)
[183/294]	0.035 (0.155)	100.00 (94.13)
[184/294]	0.012 (0.154)	100.00 (94.16)
[185/294]	0.052 (0.154)	100.00 (94.19)
[186/294]	0.027 (0.153)	100.00 (94.22)
[187/294]	0.020 (0.153)	100.00 (94.26)
[188/294]	0.217 (0.153)	90.00 (94.23)
[189/294]	0.054 (0.152)	100.00 (94.26)
[190/294]	0.044 (0.152)	100.00 (94.29)
[191/294]	0.009 (0.151)	100.00 (94.32)
[192/294]	0.006 (0.150)	100.00 (94.35)
[193/294]	0.011 (0.150)	100.00 (94.38)
[194/294]	0.176 (0.150)	95.00 (94.38)
[195/294]	0.029 (0.149)	100.00 (94.41)
[196/294]	0.013 (0.148)	100.00 (94.44)
[197/294]	0.017 (0.148)	100.00 (94.47)
[198/294]	0.018 (0.147)	100.00 (94.50)
[199/294]	0.120 (0.147)	95.00 (94.50)
[200/294]	0.003 (0.146)	100.00 (94.53)
[201/294]	0.359 (0.147)	95.00 (94.53)
[202/294]	0.088 (0.147)	95.00 (94.53)
[203/294]	0.041 (0.146)	100.00 (94.56)
[204/294]	0.054 (0.146)	95.00 (94.56)
[205/294]	0.022 (0.145)	100.00 (94.59)
[206/294]	0.042 (0.145)	100.00 (94.61)
[207/294]	0.010 (0.144)	100.00 (94.64)
[208/294]	0.214 (0.145)	90.00 (94.62)
[209/294]	0.188 (0.145)	90.00 (94.60)
[210/294]	0.043 (0.144)	100.00 (94.62)
[211/294]	0.012 (0.144)	100.00 (94.65)
[212/294]	0.038 (0.143)	100.00 (94.67)
[213/294]	0.029 (0.143)	100.00 (94.70)
[214/294]	0.063 (0.142)	95.00 (94.70)
[215/294]	0.238 (0.143)	90.00 (94.68)
[216/294]	0.072 (0.142)	100.00 (94.70)
[217/294]	0.124 (0.142)	95.00 (94.70)
[218/294]	0.049 (0.142)	100.00 (94.73)
[219/294]	0.014 (0.141)	100.00 (94.75)
[220/294]	0.040 (0.141)	100.00 (94.77)
[221/294]	0.056 (0.140)	100.00 (94.80)
[222/294]	0.081 (0.140)	100.00 (94.82)
[223/294]	0.184 (0.140)	85.00 (94.78)
[224/294]	0.114 (0.140)	95.00 (94.78)
[225/294]	0.035 (0.140)	100.00 (94.80)
[226/294]	0.006 (0.139)	100.00 (94.82)
[227/294]	0.010 (0.139)	100.00 (94.85)
[228/294]	0.021 (0.138)	100.00 (94.87)
[229/294]	0.127 (0.138)	95.00 (94.87)
[230/294]	0.221 (0.138)	90.00 (94.85)
[231/294]	0.066 (0.138)	95.00 (94.85)
[232/294]	0.087 (0.138)	90.00 (94.83)
[233/294]	0.105 (0.138)	90.00 (94.81)
[234/294]	0.093 (0.138)	100.00 (94.83)
[235/294]	0.095 (0.137)	95.00 (94.83)
[236/294]	0.068 (0.137)	95.00 (94.83)
[237/294]	0.397 (0.138)	90.00 (94.81)
[238/294]	0.086 (0.138)	95.00 (94.81)
[239/294]	0.008 (0.137)	100.00 (94.83)
[240/294]	0.037 (0.137)	100.00 (94.85)
[241/294]	0.184 (0.137)	95.00 (94.86)
[242/294]	0.123 (0.137)	90.00 (94.84)
[243/294]	0.017 (0.137)	100.00 (94.86)
[244/294]	0.306 (0.137)	85.00 (94.82)
[245/294]	0.022 (0.137)	100.00 (94.84)
[246/294]	0.018 (0.136)	100.00 (94.86)
[247/294]	0.012 (0.136)	100.00 (94.88)
[248/294]	0.037 (0.136)	100.00 (94.90)
[249/294]	0.098 (0.135)	95.00 (94.90)
[250/294]	0.040 (0.135)	100.00 (94.92)
[251/294]	0.104 (0.135)	90.00 (94.90)
[252/294]	0.113 (0.135)	100.00 (94.92)
[253/294]	0.095 (0.135)	95.00 (94.92)
[254/294]	0.034 (0.134)	100.00 (94.94)
[255/294]	0.051 (0.134)	100.00 (94.96)
[256/294]	0.111 (0.134)	95.00 (94.96)
[257/294]	0.173 (0.134)	90.00 (94.94)
[258/294]	0.071 (0.134)	95.00 (94.94)
[259/294]	0.007 (0.133)	100.00 (94.96)
[260/294]	0.029 (0.133)	100.00 (94.98)
[261/294]	0.048 (0.133)	95.00 (94.98)
[262/294]	0.007 (0.132)	100.00 (95.00)
[263/294]	0.005 (0.132)	100.00 (95.02)
[264/294]	0.025 (0.131)	100.00 (95.04)
[265/294]	0.027 (0.131)	100.00 (95.06)
[266/294]	0.001 (0.130)	100.00 (95.07)
[267/294]	0.137 (0.130)	95.00 (95.07)
[268/294]	0.146 (0.130)	95.00 (95.07)
[269/294]	0.075 (0.130)	95.00 (95.07)
[270/294]	0.052 (0.130)	100.00 (95.09)
[271/294]	0.008 (0.129)	100.00 (95.11)
[272/294]	0.053 (0.129)	95.00 (95.11)
[273/294]	0.010 (0.129)	100.00 (95.13)
[274/294]	0.009 (0.128)	100.00 (95.15)
[275/294]	0.002 (0.128)	100.00 (95.16)
[276/294]	0.030 (0.127)	100.00 (95.18)
[277/294]	0.011 (0.127)	100.00 (95.20)
[278/294]	0.105 (0.127)	95.00 (95.20)
[279/294]	0.044 (0.127)	100.00 (95.21)
[280/294]	0.025 (0.126)	100.00 (95.23)
[281/294]	0.001 (0.126)	100.00 (95.25)
[282/294]	0.006 (0.125)	100.00 (95.27)
[283/294]	0.011 (0.125)	100.00 (95.28)
[284/294]	0.027 (0.125)	100.00 (95.30)
[285/294]	0.029 (0.124)	100.00 (95.31)
[286/294]	0.205 (0.125)	90.00 (95.30)
[287/294]	0.002 (0.124)	100.00 (95.31)
[288/294]	0.008 (0.124)	100.00 (95.33)
[289/294]	0.037 (0.124)	100.00 (95.34)
[290/294]	0.188 (0.124)	90.00 (95.33)
[291/294]	0.018 (0.123)	100.00 (95.34)
[292/294]	0.013 (0.123)	100.00 (95.36)
[293/294]	0.003 (0.123)	100.00 (95.37)
 * Train Acc: 95.374
 * Avg. Data time: 0.005, Avg. Batch time: 0.053, Avg. Forward time: 0.004, Avg. Backward time: 0.039
Computing SI
 * Val Acc: 97.681, Time: 1.40
 * Test Acc: 98.743, Time: 2.12
=============Training Task 1=============
Active output nodes for this task: 
[0, 1, 2, 3]
=============Training Epoch 0=============
#reg terms:  1
Batch	 Loss		 Acc
[0/294]	8.021 (8.021)	0.00 (0.00)
[1/294]	2.105 (5.063)	5.00 (2.50)
[2/294]	1.122 (3.749)	45.00 (16.67)
[3/294]	0.984 (3.058)	70.00 (30.00)
[4/294]	1.049 (2.656)	50.00 (34.00)
[5/294]	0.983 (2.377)	65.00 (39.17)
[6/294]	1.048 (2.188)	70.00 (43.57)
[7/294]	1.386 (2.087)	55.00 (45.00)
[8/294]	1.102 (1.978)	75.00 (48.33)
[9/294]	2.192 (1.999)	45.00 (48.00)
[10/294]	1.120 (1.919)	75.00 (50.45)
[11/294]	2.587 (1.975)	25.00 (48.33)
[12/294]	1.285 (1.922)	50.00 (48.46)
[13/294]	1.196 (1.870)	50.00 (48.57)
[14/294]	1.275 (1.830)	50.00 (48.67)
[15/294]	1.280 (1.796)	55.00 (49.06)
[16/294]	1.195 (1.761)	60.00 (49.71)
[17/294]	1.228 (1.731)	55.00 (50.00)
[18/294]	1.324 (1.710)	35.00 (49.21)
[19/294]	1.156 (1.682)	45.00 (49.00)
[20/294]	1.090 (1.654)	45.00 (48.81)
[21/294]	0.956 (1.622)	70.00 (49.77)
[22/294]	1.209 (1.604)	50.00 (49.78)
[23/294]	1.206 (1.588)	50.00 (49.79)
[24/294]	1.063 (1.567)	45.00 (49.60)
[25/294]	0.942 (1.542)	65.00 (50.19)
[26/294]	1.202 (1.530)	35.00 (49.63)
[27/294]	1.104 (1.515)	45.00 (49.46)
[28/294]	0.854 (1.492)	70.00 (50.17)
[29/294]	0.931 (1.473)	60.00 (50.50)
[30/294]	0.901 (1.455)	55.00 (50.65)
[31/294]	0.899 (1.437)	60.00 (50.94)
[32/294]	0.863 (1.420)	85.00 (51.97)
[33/294]	0.903 (1.405)	45.00 (51.76)
[34/294]	0.867 (1.389)	60.00 (52.00)
[35/294]	0.832 (1.374)	65.00 (52.36)
[36/294]	0.843 (1.360)	65.00 (52.70)
[37/294]	0.838 (1.346)	55.00 (52.76)
[38/294]	0.752 (1.331)	65.00 (53.08)
[39/294]	0.737 (1.316)	75.00 (53.62)
[40/294]	0.840 (1.304)	55.00 (53.66)
[41/294]	1.003 (1.297)	30.00 (53.10)
[42/294]	0.757 (1.284)	60.00 (53.26)
[43/294]	0.726 (1.272)	75.00 (53.75)
[44/294]	0.742 (1.260)	70.00 (54.11)
[45/294]	1.126 (1.257)	40.00 (53.80)
[46/294]	0.874 (1.249)	50.00 (53.72)
[47/294]	0.752 (1.239)	65.00 (53.96)
[48/294]	1.067 (1.235)	45.00 (53.78)
[49/294]	0.657 (1.224)	65.00 (54.00)
[50/294]	0.687 (1.213)	70.00 (54.31)
[51/294]	0.814 (1.205)	50.00 (54.23)
[52/294]	0.777 (1.197)	55.00 (54.25)
[53/294]	0.673 (1.188)	70.00 (54.54)
[54/294]	0.636 (1.177)	65.00 (54.73)
[55/294]	0.647 (1.168)	75.00 (55.09)
[56/294]	0.658 (1.159)	70.00 (55.35)
[57/294]	0.644 (1.150)	70.00 (55.60)
[58/294]	0.629 (1.141)	85.00 (56.10)
[59/294]	0.633 (1.133)	70.00 (56.33)
[60/294]	0.649 (1.125)	80.00 (56.72)
[61/294]	0.494 (1.115)	85.00 (57.18)
[62/294]	0.617 (1.107)	80.00 (57.54)
[63/294]	0.626 (1.099)	70.00 (57.73)
[64/294]	0.632 (1.092)	70.00 (57.92)
[65/294]	0.708 (1.086)	70.00 (58.11)
[66/294]	0.575 (1.079)	65.00 (58.21)
[67/294]	0.619 (1.072)	90.00 (58.68)
[68/294]	0.487 (1.063)	75.00 (58.91)
[69/294]	0.455 (1.055)	90.00 (59.36)
[70/294]	0.543 (1.048)	80.00 (59.65)
[71/294]	0.410 (1.039)	85.00 (60.00)
[72/294]	0.434 (1.030)	90.00 (60.41)
[73/294]	0.758 (1.027)	65.00 (60.47)
[74/294]	0.655 (1.022)	55.00 (60.40)
[75/294]	0.499 (1.015)	80.00 (60.66)
[76/294]	0.624 (1.010)	85.00 (60.97)
[77/294]	0.553 (1.004)	80.00 (61.22)
[78/294]	0.430 (0.997)	80.00 (61.46)
[79/294]	0.519 (0.991)	85.00 (61.75)
[80/294]	0.538 (0.985)	80.00 (61.98)
[81/294]	0.455 (0.979)	80.00 (62.20)
[82/294]	0.391 (0.972)	80.00 (62.41)
[83/294]	0.468 (0.966)	80.00 (62.62)
[84/294]	0.414 (0.959)	85.00 (62.88)
[85/294]	0.330 (0.952)	95.00 (63.26)
[86/294]	0.493 (0.947)	75.00 (63.39)
[87/294]	0.569 (0.942)	80.00 (63.58)
[88/294]	0.491 (0.937)	75.00 (63.71)
[89/294]	0.388 (0.931)	90.00 (64.00)
[90/294]	0.394 (0.925)	80.00 (64.18)
[91/294]	0.496 (0.921)	85.00 (64.40)
[92/294]	0.386 (0.915)	90.00 (64.68)
[93/294]	0.595 (0.911)	75.00 (64.79)
[94/294]	0.706 (0.909)	65.00 (64.79)
[95/294]	0.298 (0.903)	95.00 (65.10)
[96/294]	0.356 (0.897)	85.00 (65.31)
[97/294]	0.351 (0.892)	85.00 (65.51)
[98/294]	0.612 (0.889)	60.00 (65.45)
[99/294]	0.319 (0.883)	90.00 (65.70)
[100/294]	0.456 (0.879)	85.00 (65.89)
[101/294]	0.396 (0.874)	85.00 (66.08)
[102/294]	0.322 (0.869)	90.00 (66.31)
[103/294]	0.355 (0.864)	85.00 (66.49)
[104/294]	0.283 (0.858)	95.00 (66.76)
[105/294]	0.309 (0.853)	90.00 (66.98)
[106/294]	0.359 (0.848)	90.00 (67.20)
[107/294]	0.317 (0.844)	90.00 (67.41)
[108/294]	0.382 (0.839)	85.00 (67.57)
[109/294]	0.268 (0.834)	90.00 (67.77)
[110/294]	0.332 (0.830)	90.00 (67.97)
[111/294]	0.397 (0.826)	85.00 (68.12)
[112/294]	0.266 (0.821)	90.00 (68.32)
[113/294]	0.246 (0.816)	90.00 (68.51)
[114/294]	0.505 (0.813)	85.00 (68.65)
[115/294]	0.454 (0.810)	85.00 (68.79)
[116/294]	0.404 (0.806)	90.00 (68.97)
[117/294]	0.204 (0.801)	100.00 (69.24)
[118/294]	0.286 (0.797)	85.00 (69.37)
[119/294]	0.337 (0.793)	90.00 (69.54)
[120/294]	0.469 (0.791)	90.00 (69.71)
[121/294]	0.315 (0.787)	95.00 (69.92)
[122/294]	0.440 (0.784)	85.00 (70.04)
[123/294]	0.134 (0.779)	100.00 (70.28)
[124/294]	0.671 (0.778)	70.00 (70.28)
[125/294]	0.252 (0.774)	90.00 (70.44)
[126/294]	0.341 (0.770)	90.00 (70.59)
[127/294]	0.397 (0.767)	85.00 (70.70)
[128/294]	0.268 (0.763)	95.00 (70.89)
[129/294]	0.341 (0.760)	90.00 (71.04)
[130/294]	0.214 (0.756)	95.00 (71.22)
[131/294]	0.325 (0.753)	90.00 (71.36)
[132/294]	0.194 (0.748)	95.00 (71.54)
[133/294]	0.250 (0.745)	95.00 (71.72)
[134/294]	0.179 (0.741)	100.00 (71.93)
[135/294]	0.314 (0.737)	85.00 (72.02)
[136/294]	0.685 (0.737)	85.00 (72.12)
[137/294]	0.381 (0.734)	75.00 (72.14)
[138/294]	0.322 (0.731)	90.00 (72.27)
[139/294]	0.145 (0.727)	100.00 (72.46)
[140/294]	0.141 (0.723)	95.00 (72.62)
[141/294]	0.234 (0.720)	90.00 (72.75)
[142/294]	0.242 (0.716)	95.00 (72.90)
[143/294]	0.184 (0.713)	95.00 (73.06)
[144/294]	0.189 (0.709)	95.00 (73.21)
[145/294]	0.134 (0.705)	100.00 (73.39)
[146/294]	0.264 (0.702)	90.00 (73.50)
[147/294]	0.374 (0.700)	90.00 (73.61)
[148/294]	0.165 (0.696)	100.00 (73.79)
[149/294]	0.186 (0.693)	90.00 (73.90)
[150/294]	0.367 (0.691)	80.00 (73.94)
[151/294]	0.306 (0.688)	90.00 (74.05)
[152/294]	0.180 (0.685)	95.00 (74.18)
[153/294]	0.102 (0.681)	100.00 (74.35)
[154/294]	0.219 (0.678)	85.00 (74.42)
[155/294]	0.341 (0.676)	85.00 (74.49)
[156/294]	0.163 (0.673)	95.00 (74.62)
[157/294]	0.142 (0.669)	100.00 (74.78)
[158/294]	0.074 (0.666)	100.00 (74.94)
[159/294]	0.201 (0.663)	95.00 (75.06)
[160/294]	0.100 (0.659)	100.00 (75.22)
[161/294]	0.168 (0.656)	95.00 (75.34)
[162/294]	0.293 (0.654)	90.00 (75.43)
[163/294]	0.227 (0.651)	90.00 (75.52)
[164/294]	0.118 (0.648)	95.00 (75.64)
[165/294]	0.131 (0.645)	95.00 (75.75)
[166/294]	0.112 (0.642)	100.00 (75.90)
[167/294]	0.143 (0.639)	95.00 (76.01)
[168/294]	0.187 (0.636)	95.00 (76.12)
[169/294]	0.374 (0.635)	90.00 (76.21)
[170/294]	0.154 (0.632)	95.00 (76.32)
[171/294]	0.122 (0.629)	100.00 (76.45)
[172/294]	0.200 (0.626)	90.00 (76.53)
[173/294]	0.187 (0.624)	100.00 (76.67)
[174/294]	0.281 (0.622)	80.00 (76.69)
[175/294]	0.347 (0.620)	85.00 (76.73)
[176/294]	0.179 (0.618)	95.00 (76.84)
[177/294]	0.235 (0.616)	85.00 (76.88)
[178/294]	0.212 (0.613)	90.00 (76.96)
[179/294]	0.194 (0.611)	95.00 (77.06)
[180/294]	0.085 (0.608)	100.00 (77.18)
[181/294]	0.167 (0.606)	100.00 (77.31)
[182/294]	0.385 (0.605)	85.00 (77.35)
[183/294]	0.253 (0.603)	95.00 (77.45)
[184/294]	0.150 (0.600)	95.00 (77.54)
[185/294]	0.412 (0.599)	65.00 (77.47)
[186/294]	0.319 (0.598)	85.00 (77.51)
[187/294]	0.144 (0.595)	100.00 (77.63)
[188/294]	0.307 (0.594)	85.00 (77.67)
[189/294]	0.256 (0.592)	90.00 (77.74)
[190/294]	0.284 (0.590)	90.00 (77.80)
[191/294]	0.175 (0.588)	95.00 (77.89)
[192/294]	0.144 (0.586)	95.00 (77.98)
[193/294]	0.155 (0.584)	100.00 (78.09)
[194/294]	0.179 (0.582)	90.00 (78.15)
[195/294]	0.271 (0.580)	85.00 (78.19)
[196/294]	0.565 (0.580)	85.00 (78.22)
[197/294]	0.149 (0.578)	95.00 (78.31)
[198/294]	0.260 (0.576)	95.00 (78.39)
[199/294]	0.442 (0.575)	85.00 (78.42)
[200/294]	0.604 (0.576)	85.00 (78.46)
[201/294]	0.303 (0.574)	85.00 (78.49)
[202/294]	0.156 (0.572)	100.00 (78.60)
[203/294]	0.259 (0.571)	85.00 (78.63)
[204/294]	0.485 (0.570)	80.00 (78.63)
[205/294]	0.189 (0.568)	100.00 (78.74)
[206/294]	0.167 (0.566)	100.00 (78.84)
[207/294]	0.311 (0.565)	90.00 (78.89)
[208/294]	0.196 (0.563)	95.00 (78.97)
[209/294]	0.223 (0.562)	95.00 (79.05)
[210/294]	0.264 (0.560)	90.00 (79.10)
[211/294]	0.203 (0.559)	90.00 (79.15)
[212/294]	0.225 (0.557)	90.00 (79.20)
[213/294]	0.115 (0.555)	100.00 (79.30)
[214/294]	0.211 (0.554)	95.00 (79.37)
[215/294]	0.291 (0.552)	90.00 (79.42)
[216/294]	0.150 (0.550)	95.00 (79.49)
[217/294]	0.096 (0.548)	100.00 (79.59)
[218/294]	0.374 (0.548)	85.00 (79.61)
[219/294]	0.244 (0.546)	95.00 (79.68)
[220/294]	0.145 (0.544)	95.00 (79.75)
[221/294]	0.166 (0.543)	100.00 (79.84)
[222/294]	0.176 (0.541)	95.00 (79.91)
[223/294]	0.127 (0.539)	95.00 (79.98)
[224/294]	0.116 (0.537)	95.00 (80.04)
[225/294]	0.122 (0.535)	100.00 (80.13)
[226/294]	0.188 (0.534)	90.00 (80.18)
[227/294]	0.082 (0.532)	100.00 (80.26)
[228/294]	0.309 (0.531)	85.00 (80.28)
[229/294]	0.362 (0.530)	80.00 (80.28)
[230/294]	0.397 (0.530)	95.00 (80.35)
[231/294]	0.189 (0.528)	95.00 (80.41)
[232/294]	0.110 (0.526)	100.00 (80.49)
[233/294]	0.170 (0.525)	95.00 (80.56)
[234/294]	0.207 (0.524)	90.00 (80.60)
[235/294]	0.636 (0.524)	80.00 (80.59)
[236/294]	0.123 (0.522)	95.00 (80.65)
[237/294]	0.101 (0.521)	100.00 (80.74)
[238/294]	0.109 (0.519)	100.00 (80.82)
[239/294]	0.172 (0.517)	95.00 (80.88)
[240/294]	0.113 (0.516)	100.00 (80.95)
[241/294]	0.118 (0.514)	100.00 (81.03)
[242/294]	0.144 (0.513)	95.00 (81.09)
[243/294]	0.403 (0.512)	85.00 (81.11)
[244/294]	0.158 (0.511)	90.00 (81.14)
[245/294]	0.285 (0.510)	85.00 (81.16)
[246/294]	0.198 (0.508)	90.00 (81.19)
[247/294]	0.108 (0.507)	100.00 (81.27)
[248/294]	0.265 (0.506)	85.00 (81.29)
[249/294]	0.212 (0.505)	95.00 (81.34)
[250/294]	0.080 (0.503)	100.00 (81.41)
[251/294]	0.137 (0.502)	95.00 (81.47)
[252/294]	0.182 (0.500)	100.00 (81.54)
[253/294]	0.503 (0.500)	80.00 (81.54)
[254/294]	0.460 (0.500)	80.00 (81.53)
[255/294]	0.100 (0.499)	100.00 (81.60)
[256/294]	0.147 (0.497)	95.00 (81.65)
[257/294]	0.209 (0.496)	90.00 (81.69)
[258/294]	0.231 (0.495)	90.00 (81.72)
[259/294]	0.381 (0.495)	90.00 (81.75)
[260/294]	0.198 (0.494)	95.00 (81.80)
[261/294]	0.136 (0.492)	100.00 (81.87)
[262/294]	0.169 (0.491)	95.00 (81.92)
[263/294]	0.424 (0.491)	80.00 (81.91)
[264/294]	0.109 (0.489)	100.00 (81.98)
[265/294]	0.172 (0.488)	95.00 (82.03)
[266/294]	0.213 (0.487)	95.00 (82.08)
[267/294]	0.212 (0.486)	95.00 (82.13)
[268/294]	0.175 (0.485)	95.00 (82.17)
[269/294]	0.134 (0.484)	100.00 (82.24)
[270/294]	0.158 (0.482)	95.00 (82.29)
[271/294]	0.232 (0.481)	95.00 (82.33)
[272/294]	0.120 (0.480)	100.00 (82.40)
[273/294]	0.650 (0.481)	75.00 (82.37)
[274/294]	0.092 (0.479)	100.00 (82.44)
[275/294]	0.134 (0.478)	95.00 (82.48)
[276/294]	0.255 (0.477)	95.00 (82.53)
[277/294]	0.206 (0.476)	90.00 (82.55)
[278/294]	0.222 (0.475)	85.00 (82.56)
[279/294]	0.124 (0.474)	100.00 (82.62)
[280/294]	0.130 (0.473)	100.00 (82.69)
[281/294]	0.205 (0.472)	95.00 (82.73)
[282/294]	0.366 (0.472)	95.00 (82.77)
[283/294]	0.078 (0.470)	100.00 (82.83)
[284/294]	0.096 (0.469)	100.00 (82.89)
[285/294]	0.111 (0.468)	100.00 (82.95)
[286/294]	0.145 (0.466)	90.00 (82.98)
[287/294]	0.107 (0.465)	100.00 (83.04)
[288/294]	0.170 (0.464)	95.00 (83.08)
[289/294]	0.122 (0.463)	95.00 (83.12)
[290/294]	0.093 (0.462)	100.00 (83.18)
[291/294]	0.222 (0.461)	90.00 (83.20)
[292/294]	0.205 (0.460)	95.00 (83.24)
[293/294]	0.225 (0.460)	100.00 (83.26)
 * Train Acc: 83.259
 * Avg. Data time: 0.005, Avg. Batch time: 0.065, Avg. Forward time: 0.004, Avg. Backward time: 0.051
Computing SI
 * Val Acc: 44.977, Time: 1.90
 * Test Acc: 48.497, Time: 3.84
=============Training Task 2=============
Active output nodes for this task: 
[0, 1, 2, 3, 4, 5]
=============Training Epoch 0=============
#reg terms:  1
Batch	 Loss		 Acc
[0/294]	15.925 (15.925)	0.00 (0.00)
[1/294]	6.319 (11.122)	0.00 (0.00)
[2/294]	3.299 (8.514)	0.00 (0.00)
[3/294]	3.297 (7.210)	0.00 (0.00)
[4/294]	3.262 (6.420)	10.00 (2.00)
[5/294]	3.316 (5.903)	45.00 (9.17)
[6/294]	3.170 (5.512)	45.00 (14.29)
[7/294]	2.558 (5.143)	65.00 (20.62)
[8/294]	2.614 (4.862)	35.00 (22.22)
[9/294]	4.007 (4.777)	50.00 (25.00)
[10/294]	2.503 (4.570)	50.00 (27.27)
[11/294]	2.609 (4.406)	55.00 (29.58)
[12/294]	2.534 (4.262)	45.00 (30.77)
[13/294]	2.751 (4.154)	50.00 (32.14)
[14/294]	2.540 (4.047)	70.00 (34.67)
[15/294]	2.293 (3.937)	60.00 (36.25)
[16/294]	2.711 (3.865)	35.00 (36.18)
[17/294]	2.217 (3.774)	55.00 (37.22)
[18/294]	2.790 (3.722)	35.00 (37.11)
[19/294]	2.059 (3.639)	55.00 (38.00)
[20/294]	2.203 (3.570)	35.00 (37.86)
[21/294]	2.047 (3.501)	50.00 (38.41)
[22/294]	2.012 (3.436)	35.00 (38.26)
[23/294]	1.979 (3.376)	50.00 (38.75)
[24/294]	1.876 (3.316)	40.00 (38.80)
[25/294]	1.820 (3.258)	35.00 (38.65)
[26/294]	1.595 (3.196)	80.00 (40.19)
[27/294]	1.729 (3.144)	50.00 (40.54)
[28/294]	1.514 (3.088)	75.00 (41.72)
[29/294]	1.518 (3.036)	75.00 (42.83)
[30/294]	1.599 (2.989)	55.00 (43.23)
[31/294]	1.459 (2.941)	60.00 (43.75)
[32/294]	1.333 (2.893)	70.00 (44.55)
[33/294]	1.644 (2.856)	50.00 (44.71)
[34/294]	1.454 (2.816)	65.00 (45.29)
[35/294]	1.432 (2.777)	65.00 (45.83)
[36/294]	1.220 (2.735)	70.00 (46.49)
[37/294]	1.311 (2.698)	55.00 (46.71)
[38/294]	1.329 (2.663)	60.00 (47.05)
[39/294]	1.172 (2.625)	75.00 (47.75)
[40/294]	1.411 (2.596)	35.00 (47.44)
[41/294]	1.214 (2.563)	60.00 (47.74)
[42/294]	1.159 (2.530)	85.00 (48.60)
[43/294]	1.131 (2.499)	75.00 (49.20)
[44/294]	1.188 (2.469)	55.00 (49.33)
[45/294]	1.162 (2.441)	60.00 (49.57)
[46/294]	1.079 (2.412)	70.00 (50.00)
[47/294]	1.109 (2.385)	60.00 (50.21)
[48/294]	1.142 (2.359)	55.00 (50.31)
[49/294]	1.083 (2.334)	75.00 (50.80)
[50/294]	1.022 (2.308)	70.00 (51.18)
[51/294]	0.846 (2.280)	90.00 (51.92)
[52/294]	1.324 (2.262)	45.00 (51.79)
[53/294]	1.491 (2.248)	55.00 (51.85)
[54/294]	1.522 (2.235)	50.00 (51.82)
[55/294]	0.984 (2.212)	70.00 (52.14)
[56/294]	1.374 (2.198)	45.00 (52.02)
[57/294]	1.212 (2.181)	50.00 (51.98)
[58/294]	1.167 (2.163)	55.00 (52.03)
[59/294]	1.026 (2.144)	60.00 (52.17)
[60/294]	1.181 (2.129)	45.00 (52.05)
[61/294]	1.003 (2.110)	55.00 (52.10)
[62/294]	0.887 (2.091)	75.00 (52.46)
[63/294]	0.957 (2.073)	55.00 (52.50)
[64/294]	0.844 (2.054)	85.00 (53.00)
[65/294]	0.902 (2.037)	65.00 (53.18)
[66/294]	1.096 (2.023)	45.00 (53.06)
[67/294]	0.860 (2.006)	75.00 (53.38)
[68/294]	0.938 (1.990)	55.00 (53.41)
[69/294]	0.845 (1.974)	70.00 (53.64)
[70/294]	0.800 (1.957)	80.00 (54.01)
[71/294]	0.860 (1.942)	70.00 (54.24)
[72/294]	0.751 (1.926)	80.00 (54.59)
[73/294]	0.880 (1.912)	65.00 (54.73)
[74/294]	0.819 (1.897)	60.00 (54.80)
[75/294]	0.886 (1.884)	60.00 (54.87)
[76/294]	0.750 (1.869)	80.00 (55.19)
[77/294]	0.896 (1.857)	55.00 (55.19)
[78/294]	0.826 (1.844)	60.00 (55.25)
[79/294]	0.755 (1.830)	70.00 (55.44)
[80/294]	0.805 (1.817)	70.00 (55.62)
[81/294]	0.880 (1.806)	55.00 (55.61)
[82/294]	0.793 (1.794)	70.00 (55.78)
[83/294]	0.638 (1.780)	85.00 (56.13)
[84/294]	0.648 (1.767)	80.00 (56.41)
[85/294]	0.613 (1.753)	85.00 (56.74)
[86/294]	0.596 (1.740)	90.00 (57.13)
[87/294]	0.677 (1.728)	75.00 (57.33)
[88/294]	0.495 (1.714)	90.00 (57.70)
[89/294]	0.718 (1.703)	70.00 (57.83)
[90/294]	0.496 (1.690)	80.00 (58.08)
[91/294]	0.736 (1.679)	70.00 (58.21)
[92/294]	0.699 (1.669)	65.00 (58.28)
[93/294]	0.552 (1.657)	85.00 (58.56)
[94/294]	0.519 (1.645)	95.00 (58.95)
[95/294]	0.624 (1.634)	80.00 (59.17)
[96/294]	0.416 (1.622)	90.00 (59.48)
[97/294]	0.441 (1.610)	85.00 (59.74)
[98/294]	0.455 (1.598)	95.00 (60.10)
[99/294]	0.611 (1.588)	80.00 (60.30)
[100/294]	0.423 (1.577)	95.00 (60.64)
[101/294]	0.485 (1.566)	80.00 (60.83)
[102/294]	0.376 (1.554)	95.00 (61.17)
[103/294]	0.273 (1.542)	100.00 (61.54)
[104/294]	0.416 (1.531)	85.00 (61.76)
[105/294]	0.255 (1.519)	100.00 (62.12)
[106/294]	0.322 (1.508)	95.00 (62.43)
[107/294]	0.495 (1.499)	90.00 (62.69)
[108/294]	0.505 (1.490)	90.00 (62.94)
[109/294]	0.777 (1.483)	75.00 (63.05)
[110/294]	0.278 (1.472)	95.00 (63.33)
[111/294]	0.420 (1.463)	85.00 (63.53)
[112/294]	0.307 (1.453)	95.00 (63.81)
[113/294]	0.396 (1.443)	95.00 (64.08)
[114/294]	0.272 (1.433)	100.00 (64.39)
[115/294]	0.315 (1.424)	90.00 (64.61)
[116/294]	0.263 (1.414)	100.00 (64.91)
[117/294]	0.211 (1.403)	100.00 (65.21)
[118/294]	0.321 (1.394)	95.00 (65.46)
[119/294]	0.227 (1.385)	100.00 (65.75)
[120/294]	0.419 (1.377)	90.00 (65.95)
[121/294]	0.253 (1.367)	100.00 (66.23)
[122/294]	0.344 (1.359)	90.00 (66.42)
[123/294]	0.255 (1.350)	100.00 (66.69)
[124/294]	0.263 (1.341)	100.00 (66.96)
[125/294]	0.244 (1.333)	100.00 (67.22)
[126/294]	0.295 (1.325)	95.00 (67.44)
[127/294]	0.282 (1.316)	90.00 (67.62)
[128/294]	0.283 (1.308)	90.00 (67.79)
[129/294]	0.269 (1.300)	95.00 (68.00)
[130/294]	1.169 (1.299)	65.00 (67.98)
[131/294]	0.225 (1.291)	95.00 (68.18)
[132/294]	0.217 (1.283)	100.00 (68.42)
[133/294]	0.331 (1.276)	95.00 (68.62)
[134/294]	0.323 (1.269)	100.00 (68.85)
[135/294]	0.299 (1.262)	95.00 (69.04)
[136/294]	0.426 (1.256)	95.00 (69.23)
[137/294]	0.571 (1.251)	85.00 (69.35)
[138/294]	0.674 (1.247)	95.00 (69.53)
[139/294]	0.419 (1.241)	90.00 (69.68)
[140/294]	0.330 (1.234)	90.00 (69.82)
[141/294]	0.285 (1.228)	95.00 (70.00)
[142/294]	0.581 (1.223)	80.00 (70.07)
[143/294]	0.224 (1.216)	100.00 (70.28)
[144/294]	0.249 (1.210)	95.00 (70.45)
[145/294]	0.220 (1.203)	100.00 (70.65)
[146/294]	0.244 (1.196)	100.00 (70.85)
[147/294]	0.246 (1.190)	95.00 (71.01)
[148/294]	0.378 (1.184)	90.00 (71.14)
[149/294]	0.341 (1.179)	95.00 (71.30)
[150/294]	0.243 (1.173)	95.00 (71.46)
[151/294]	0.214 (1.166)	100.00 (71.64)
[152/294]	0.229 (1.160)	100.00 (71.83)
[153/294]	0.270 (1.154)	90.00 (71.95)
[154/294]	0.384 (1.149)	90.00 (72.06)
[155/294]	0.291 (1.144)	95.00 (72.21)
[156/294]	0.296 (1.138)	95.00 (72.36)
[157/294]	0.173 (1.132)	100.00 (72.53)
[158/294]	0.142 (1.126)	100.00 (72.70)
[159/294]	0.154 (1.120)	100.00 (72.88)
[160/294]	0.224 (1.114)	95.00 (73.01)
[161/294]	0.138 (1.108)	100.00 (73.18)
[162/294]	0.159 (1.103)	100.00 (73.34)
[163/294]	0.146 (1.097)	100.00 (73.51)
[164/294]	0.220 (1.091)	95.00 (73.64)
[165/294]	0.276 (1.087)	90.00 (73.73)
[166/294]	0.249 (1.082)	95.00 (73.86)
[167/294]	0.214 (1.076)	95.00 (73.99)
[168/294]	0.422 (1.073)	95.00 (74.11)
[169/294]	0.407 (1.069)	90.00 (74.21)
[170/294]	0.271 (1.064)	95.00 (74.33)
[171/294]	0.236 (1.059)	95.00 (74.45)
[172/294]	0.225 (1.054)	100.00 (74.60)
[173/294]	0.232 (1.050)	95.00 (74.71)
[174/294]	0.393 (1.046)	85.00 (74.77)
[175/294]	0.223 (1.041)	95.00 (74.89)
[176/294]	0.151 (1.036)	100.00 (75.03)
[177/294]	0.197 (1.031)	100.00 (75.17)
[178/294]	0.164 (1.027)	100.00 (75.31)
[179/294]	0.277 (1.022)	95.00 (75.42)
[180/294]	0.309 (1.018)	95.00 (75.52)
[181/294]	0.199 (1.014)	100.00 (75.66)
[182/294]	0.175 (1.009)	100.00 (75.79)
[183/294]	0.208 (1.005)	100.00 (75.92)
[184/294]	0.169 (1.000)	95.00 (76.03)
[185/294]	0.154 (0.996)	100.00 (76.16)
[186/294]	0.207 (0.992)	100.00 (76.28)
[187/294]	0.148 (0.987)	100.00 (76.41)
[188/294]	0.532 (0.985)	85.00 (76.46)
[189/294]	0.165 (0.981)	100.00 (76.58)
[190/294]	0.388 (0.977)	90.00 (76.65)
[191/294]	0.162 (0.973)	95.00 (76.74)
[192/294]	0.156 (0.969)	100.00 (76.87)
[193/294]	0.198 (0.965)	95.00 (76.96)
[194/294]	0.134 (0.961)	100.00 (77.08)
[195/294]	0.540 (0.959)	85.00 (77.12)
[196/294]	0.127 (0.954)	100.00 (77.23)
[197/294]	0.148 (0.950)	100.00 (77.35)
[198/294]	0.193 (0.946)	95.00 (77.44)
[199/294]	0.115 (0.942)	100.00 (77.55)
[200/294]	0.145 (0.938)	100.00 (77.66)
[201/294]	0.128 (0.934)	100.00 (77.77)
[202/294]	0.273 (0.931)	90.00 (77.83)
[203/294]	0.156 (0.927)	100.00 (77.94)
[204/294]	0.344 (0.924)	95.00 (78.02)
[205/294]	0.144 (0.921)	100.00 (78.13)
[206/294]	0.160 (0.917)	100.00 (78.24)
[207/294]	0.113 (0.913)	100.00 (78.34)
[208/294]	0.156 (0.909)	100.00 (78.44)
[209/294]	0.208 (0.906)	95.00 (78.52)
[210/294]	0.204 (0.903)	95.00 (78.60)
[211/294]	0.201 (0.899)	95.00 (78.68)
[212/294]	0.369 (0.897)	95.00 (78.76)
[213/294]	0.153 (0.894)	100.00 (78.86)
[214/294]	0.204 (0.890)	95.00 (78.93)
[215/294]	0.151 (0.887)	100.00 (79.03)
[216/294]	0.114 (0.883)	100.00 (79.12)
[217/294]	0.142 (0.880)	100.00 (79.22)
[218/294]	0.141 (0.877)	100.00 (79.32)
[219/294]	0.164 (0.873)	95.00 (79.39)
[220/294]	0.134 (0.870)	100.00 (79.48)
[221/294]	0.178 (0.867)	95.00 (79.55)
[222/294]	0.128 (0.864)	100.00 (79.64)
[223/294]	0.103 (0.860)	100.00 (79.73)
[224/294]	0.104 (0.857)	100.00 (79.82)
[225/294]	0.236 (0.854)	90.00 (79.87)
[226/294]	0.092 (0.851)	100.00 (79.96)
[227/294]	0.112 (0.847)	100.00 (80.04)
[228/294]	0.528 (0.846)	90.00 (80.09)
[229/294]	0.098 (0.843)	100.00 (80.17)
[230/294]	0.113 (0.840)	100.00 (80.26)
[231/294]	0.119 (0.837)	100.00 (80.34)
[232/294]	0.114 (0.833)	100.00 (80.43)
[233/294]	0.099 (0.830)	100.00 (80.51)
[234/294]	0.106 (0.827)	100.00 (80.60)
[235/294]	0.122 (0.824)	100.00 (80.68)
[236/294]	0.570 (0.823)	95.00 (80.74)
[237/294]	0.135 (0.820)	100.00 (80.82)
[238/294]	0.100 (0.817)	100.00 (80.90)
[239/294]	0.393 (0.815)	85.00 (80.92)
[240/294]	0.208 (0.813)	95.00 (80.98)
[241/294]	0.112 (0.810)	100.00 (81.05)
[242/294]	0.165 (0.807)	95.00 (81.11)
[243/294]	0.095 (0.804)	100.00 (81.19)
[244/294]	0.115 (0.802)	100.00 (81.27)
[245/294]	0.135 (0.799)	100.00 (81.34)
[246/294]	0.158 (0.796)	95.00 (81.40)
[247/294]	0.105 (0.794)	100.00 (81.47)
[248/294]	0.102 (0.791)	100.00 (81.55)
[249/294]	0.125 (0.788)	100.00 (81.62)
[250/294]	0.097 (0.785)	100.00 (81.69)
[251/294]	0.203 (0.783)	95.00 (81.75)
[252/294]	0.124 (0.780)	100.00 (81.82)
[253/294]	0.114 (0.778)	100.00 (81.89)
[254/294]	0.081 (0.775)	100.00 (81.96)
[255/294]	0.082 (0.772)	100.00 (82.03)
[256/294]	0.095 (0.770)	100.00 (82.10)
[257/294]	0.196 (0.768)	95.00 (82.15)
[258/294]	0.126 (0.765)	100.00 (82.22)
[259/294]	0.142 (0.763)	95.00 (82.27)
[260/294]	0.118 (0.760)	100.00 (82.34)
[261/294]	0.095 (0.758)	100.00 (82.40)
[262/294]	0.086 (0.755)	100.00 (82.47)
[263/294]	0.074 (0.753)	100.00 (82.54)
[264/294]	0.146 (0.750)	100.00 (82.60)
[265/294]	0.073 (0.748)	100.00 (82.67)
[266/294]	0.078 (0.745)	100.00 (82.73)
[267/294]	0.226 (0.743)	95.00 (82.78)
[268/294]	0.087 (0.741)	100.00 (82.84)
[269/294]	0.082 (0.738)	100.00 (82.91)
[270/294]	0.076 (0.736)	100.00 (82.97)
[271/294]	0.096 (0.734)	100.00 (83.03)
[272/294]	0.080 (0.731)	100.00 (83.10)
[273/294]	0.096 (0.729)	100.00 (83.16)
[274/294]	0.095 (0.727)	100.00 (83.22)
[275/294]	0.074 (0.724)	100.00 (83.28)
[276/294]	0.072 (0.722)	100.00 (83.34)
[277/294]	0.343 (0.720)	90.00 (83.36)
[278/294]	0.071 (0.718)	100.00 (83.42)
[279/294]	0.116 (0.716)	95.00 (83.46)
[280/294]	0.082 (0.714)	100.00 (83.52)
[281/294]	0.087 (0.712)	100.00 (83.58)
[282/294]	0.140 (0.709)	95.00 (83.62)
[283/294]	0.075 (0.707)	100.00 (83.68)
[284/294]	0.071 (0.705)	100.00 (83.74)
[285/294]	0.082 (0.703)	100.00 (83.79)
[286/294]	0.082 (0.701)	100.00 (83.85)
[287/294]	0.067 (0.698)	100.00 (83.91)
[288/294]	0.092 (0.696)	100.00 (83.96)
[289/294]	0.064 (0.694)	100.00 (84.02)
[290/294]	0.250 (0.693)	90.00 (84.04)
[291/294]	0.187 (0.691)	95.00 (84.08)
[292/294]	0.062 (0.689)	100.00 (84.13)
[293/294]	0.063 (0.687)	100.00 (84.18)
 * Train Acc: 84.184
 * Avg. Data time: 0.008, Avg. Batch time: 0.065, Avg. Forward time: 0.004, Avg. Backward time: 0.047
Computing SI
 * Val Acc: 29.885, Time: 3.46
 * Test Acc: 32.511, Time: 6.90
=============Training Task 3=============
Active output nodes for this task: 
[0, 1, 2, 3, 4, 5, 6, 7]
=============Training Epoch 0=============
#reg terms:  1
Batch	 Loss		 Acc
[0/294]	14.931 (14.931)	0.00 (0.00)
[1/294]	12.307 (13.619)	0.00 (0.00)
[2/294]	59.321 (28.853)	0.00 (0.00)
[3/294]	3149.111 (808.918)	0.00 (0.00)
[4/294]	268617.219 (54370.580)	0.00 (0.00)
[5/294]	23894062.000 (4027652.533)	0.00 (0.00)
[6/294]	2133872000.000 (308291145.143)	0.00 (0.00)
[7/294]	190639390720.000 (24099677798.400)	60.00 (7.50)
[8/294]	17032282112000.000 (1913897638661.689)	35.00 (10.56)
[9/294]	1521719529439232.000 (153894465684111.375)	50.00 (14.50)
[10/294]	135955428818288640.000 (12499488078003628.000)	50.00 (17.73)
[11/294]	12146705174273982464.000 (1023683295261001856.000)	45.00 (20.00)
[12/294]	1085226491232957497344.000 (84423907003965374464.000)	45.00 (21.92)
[13/294]	96957681125685492449280.000 (7003942038502665879552.000)	70.00 (25.36)
[14/294]	8662516653576958297243648.000 (584038121366581168570368.000)	35.00 (26.00)
[15/294]	773937722405014518018080768.000 (48918643907909254287196160.000)	60.00 (28.12)
[16/294]	69146132024562339935628034048.000 (4113460326217224830563909632.000)	35.00 (28.53)
[17/294]	6177741502219273462699427627008.000 (347092784653262987581638836224.000)	55.00 (30.00)
[18/294]	551939821934271839058469501009920.000 (29378291320831037849483171856384.000)	35.00 (30.26)
[19/294]	49312103524893837870331714338816000.000 (2493514484912779174282115292332032.000)	45.00 (31.00)
[20/294]	4405704449286008546148974029845823488.000 (212170230381879379213432147285114880.000)	65.00 (32.62)
[21/294]	inf (inf)	50.00 (33.41)
[22/294]	inf (inf)	65.00 (34.78)
[23/294]	inf (inf)	45.00 (35.21)
[24/294]	inf (inf)	40.00 (35.40)
[25/294]	inf (inf)	65.00 (36.54)
[26/294]	inf (inf)	25.00 (36.11)
[27/294]	inf (inf)	50.00 (36.61)
[28/294]	inf (inf)	65.00 (37.59)
[29/294]	inf (inf)	35.00 (37.50)
[30/294]	inf (inf)	55.00 (38.06)
[31/294]	inf (inf)	55.00 (38.59)
[32/294]	inf (inf)	40.00 (38.64)
[33/294]	inf (inf)	50.00 (38.97)
[34/294]	inf (inf)	65.00 (39.71)
[35/294]	inf (inf)	65.00 (40.42)
[36/294]	inf (inf)	35.00 (40.27)
[37/294]	inf (inf)	45.00 (40.39)
[38/294]	inf (inf)	60.00 (40.90)
[39/294]	inf (inf)	70.00 (41.62)
[40/294]	inf (inf)	35.00 (41.46)
[41/294]	nan (nan)	60.00 (41.90)
[42/294]	nan (nan)	60.00 (42.33)
[43/294]	nan (nan)	60.00 (42.73)
[44/294]	nan (nan)	45.00 (42.78)
[45/294]	nan (nan)	55.00 (43.04)
[46/294]	nan (nan)	50.00 (43.19)
[47/294]	nan (nan)	45.00 (43.23)
[48/294]	nan (nan)	50.00 (43.37)
[49/294]	nan (nan)	50.00 (43.50)
[50/294]	nan (nan)	60.00 (43.82)
[51/294]	nan (nan)	50.00 (43.94)
[52/294]	nan (nan)	25.00 (43.58)
[53/294]	nan (nan)	55.00 (43.80)
[54/294]	nan (nan)	45.00 (43.82)
[55/294]	nan (nan)	75.00 (44.38)
[56/294]	nan (nan)	55.00 (44.56)
[57/294]	nan (nan)	50.00 (44.66)
[58/294]	nan (nan)	45.00 (44.66)
[59/294]	nan (nan)	60.00 (44.92)
[60/294]	nan (nan)	45.00 (44.92)
[61/294]	nan (nan)	55.00 (45.08)
[62/294]	nan (nan)	75.00 (45.56)
[63/294]	nan (nan)	40.00 (45.47)
[64/294]	nan (nan)	55.00 (45.62)
[65/294]	nan (nan)	55.00 (45.76)
[66/294]	nan (nan)	35.00 (45.60)
[67/294]	nan (nan)	55.00 (45.74)
[68/294]	nan (nan)	45.00 (45.72)
[69/294]	nan (nan)	40.00 (45.64)
[70/294]	nan (nan)	55.00 (45.77)
[71/294]	nan (nan)	50.00 (45.83)
[72/294]	nan (nan)	70.00 (46.16)
[73/294]	nan (nan)	60.00 (46.35)
[74/294]	nan (nan)	55.00 (46.47)
[75/294]	nan (nan)	40.00 (46.38)
[76/294]	nan (nan)	60.00 (46.56)
[77/294]	nan (nan)	55.00 (46.67)
[78/294]	nan (nan)	60.00 (46.84)
[79/294]	nan (nan)	50.00 (46.88)
[80/294]	nan (nan)	40.00 (46.79)
[81/294]	nan (nan)	55.00 (46.89)
[82/294]	nan (nan)	40.00 (46.81)
[83/294]	nan (nan)	55.00 (46.90)
[84/294]	nan (nan)	40.00 (46.82)
[85/294]	nan (nan)	40.00 (46.74)
[86/294]	nan (nan)	50.00 (46.78)
[87/294]	nan (nan)	40.00 (46.70)
[88/294]	nan (nan)	65.00 (46.91)
[89/294]	nan (nan)	45.00 (46.89)
[90/294]	nan (nan)	35.00 (46.76)
[91/294]	nan (nan)	55.00 (46.85)
[92/294]	nan (nan)	55.00 (46.94)
[93/294]	nan (nan)	40.00 (46.86)
[94/294]	nan (nan)	55.00 (46.95)
[95/294]	nan (nan)	50.00 (46.98)
[96/294]	nan (nan)	50.00 (47.01)
[97/294]	nan (nan)	50.00 (47.04)
[98/294]	nan (nan)	40.00 (46.97)
[99/294]	nan (nan)	40.00 (46.90)
[100/294]	nan (nan)	45.00 (46.88)
[101/294]	nan (nan)	30.00 (46.72)
[102/294]	nan (nan)	45.00 (46.70)
[103/294]	nan (nan)	40.00 (46.63)
[104/294]	nan (nan)	40.00 (46.57)
[105/294]	nan (nan)	60.00 (46.70)
[106/294]	nan (nan)	35.00 (46.59)
[107/294]	nan (nan)	65.00 (46.76)
[108/294]	nan (nan)	50.00 (46.79)
[109/294]	nan (nan)	50.00 (46.82)
[110/294]	nan (nan)	55.00 (46.89)
[111/294]	nan (nan)	60.00 (47.01)
[112/294]	nan (nan)	50.00 (47.04)
[113/294]	nan (nan)	50.00 (47.06)
[114/294]	nan (nan)	40.00 (47.00)
[115/294]	nan (nan)	40.00 (46.94)
[116/294]	nan (nan)	35.00 (46.84)
[117/294]	nan (nan)	35.00 (46.74)
[118/294]	nan (nan)	75.00 (46.97)
[119/294]	nan (nan)	40.00 (46.92)
[120/294]	nan (nan)	70.00 (47.11)
[121/294]	nan (nan)	55.00 (47.17)
[122/294]	nan (nan)	70.00 (47.36)
[123/294]	nan (nan)	65.00 (47.50)
[124/294]	nan (nan)	50.00 (47.52)
[125/294]	nan (nan)	65.00 (47.66)
[126/294]	nan (nan)	35.00 (47.56)
[127/294]	nan (nan)	45.00 (47.54)
[128/294]	nan (nan)	35.00 (47.44)
[129/294]	nan (nan)	40.00 (47.38)
[130/294]	nan (nan)	55.00 (47.44)
[131/294]	nan (nan)	30.00 (47.31)
[132/294]	nan (nan)	65.00 (47.44)
[133/294]	nan (nan)	50.00 (47.46)
[134/294]	nan (nan)	40.00 (47.41)
[135/294]	nan (nan)	65.00 (47.54)
[136/294]	nan (nan)	25.00 (47.37)
[137/294]	nan (nan)	50.00 (47.39)
[138/294]	nan (nan)	40.00 (47.34)
[139/294]	nan (nan)	55.00 (47.39)
[140/294]	nan (nan)	70.00 (47.55)
[141/294]	nan (nan)	40.00 (47.50)
[142/294]	nan (nan)	60.00 (47.59)
[143/294]	nan (nan)	45.00 (47.57)
[144/294]	nan (nan)	50.00 (47.59)
[145/294]	nan (nan)	45.00 (47.57)
[146/294]	nan (nan)	55.00 (47.62)
[147/294]	nan (nan)	60.00 (47.70)
[148/294]	nan (nan)	50.00 (47.72)
[149/294]	nan (nan)	35.00 (47.63)
[150/294]	nan (nan)	35.00 (47.55)
[151/294]	nan (nan)	55.00 (47.60)
[152/294]	nan (nan)	45.00 (47.58)
[153/294]	nan (nan)	45.00 (47.56)
[154/294]	nan (nan)	30.00 (47.45)
[155/294]	nan (nan)	65.00 (47.56)
[156/294]	nan (nan)	40.00 (47.52)
[157/294]	nan (nan)	30.00 (47.41)
[158/294]	nan (nan)	50.00 (47.42)
[159/294]	nan (nan)	40.00 (47.38)
[160/294]	nan (nan)	55.00 (47.42)
[161/294]	nan (nan)	55.00 (47.47)
[162/294]	nan (nan)	20.00 (47.30)
[163/294]	nan (nan)	65.00 (47.41)
[164/294]	nan (nan)	25.00 (47.27)
[165/294]	nan (nan)	25.00 (47.14)
[166/294]	nan (nan)	60.00 (47.22)
[167/294]	nan (nan)	45.00 (47.20)
[168/294]	nan (nan)	55.00 (47.25)
[169/294]	nan (nan)	65.00 (47.35)
[170/294]	nan (nan)	40.00 (47.31)
[171/294]	nan (nan)	55.00 (47.35)
[172/294]	nan (nan)	40.00 (47.31)
[173/294]	nan (nan)	60.00 (47.39)
[174/294]	nan (nan)	45.00 (47.37)
[175/294]	nan (nan)	55.00 (47.41)
[176/294]	nan (nan)	75.00 (47.57)
[177/294]	nan (nan)	55.00 (47.61)
[178/294]	nan (nan)	50.00 (47.63)
[179/294]	nan (nan)	40.00 (47.58)
[180/294]	nan (nan)	45.00 (47.57)
[181/294]	nan (nan)	50.00 (47.58)
[182/294]	nan (nan)	45.00 (47.57)
[183/294]	nan (nan)	45.00 (47.55)
[184/294]	nan (nan)	35.00 (47.49)
[185/294]	nan (nan)	60.00 (47.55)
[186/294]	nan (nan)	50.00 (47.57)
[187/294]	nan (nan)	30.00 (47.47)
[188/294]	nan (nan)	55.00 (47.51)
[189/294]	nan (nan)	45.00 (47.50)
[190/294]	nan (nan)	60.00 (47.57)
[191/294]	nan (nan)	45.00 (47.55)
[192/294]	nan (nan)	55.00 (47.59)
[193/294]	nan (nan)	70.00 (47.71)
[194/294]	nan (nan)	65.00 (47.79)
[195/294]	nan (nan)	30.00 (47.70)
[196/294]	nan (nan)	60.00 (47.77)
[197/294]	nan (nan)	45.00 (47.75)
[198/294]	nan (nan)	55.00 (47.79)
[199/294]	nan (nan)	60.00 (47.85)
[200/294]	nan (nan)	55.00 (47.89)
[201/294]	nan (nan)	60.00 (47.95)
[202/294]	nan (nan)	45.00 (47.93)
[203/294]	nan (nan)	60.00 (47.99)
[204/294]	nan (nan)	25.00 (47.88)
[205/294]	nan (nan)	40.00 (47.84)
[206/294]	nan (nan)	35.00 (47.78)
[207/294]	nan (nan)	60.00 (47.84)
[208/294]	nan (nan)	55.00 (47.87)
[209/294]	nan (nan)	55.00 (47.90)
[210/294]	nan (nan)	55.00 (47.94)
[211/294]	nan (nan)	60.00 (48.00)
[212/294]	nan (nan)	35.00 (47.93)
[213/294]	nan (nan)	25.00 (47.83)
[214/294]	nan (nan)	65.00 (47.91)
[215/294]	nan (nan)	40.00 (47.87)
[216/294]	nan (nan)	55.00 (47.90)
[217/294]	nan (nan)	25.00 (47.80)
[218/294]	nan (nan)	45.00 (47.79)
[219/294]	nan (nan)	60.00 (47.84)
[220/294]	nan (nan)	40.00 (47.81)
[221/294]	nan (nan)	35.00 (47.75)
[222/294]	nan (nan)	75.00 (47.87)
[223/294]	nan (nan)	65.00 (47.95)
[224/294]	nan (nan)	65.00 (48.02)
[225/294]	nan (nan)	50.00 (48.03)
[226/294]	nan (nan)	55.00 (48.06)
[227/294]	nan (nan)	60.00 (48.11)
[228/294]	nan (nan)	55.00 (48.14)
[229/294]	nan (nan)	40.00 (48.11)
[230/294]	nan (nan)	40.00 (48.07)
[231/294]	nan (nan)	40.00 (48.04)
[232/294]	nan (nan)	35.00 (47.98)
[233/294]	nan (nan)	55.00 (48.01)
[234/294]	nan (nan)	50.00 (48.02)
[235/294]	nan (nan)	40.00 (47.99)
[236/294]	nan (nan)	45.00 (47.97)
[237/294]	nan (nan)	45.00 (47.96)
[238/294]	nan (nan)	40.00 (47.93)
[239/294]	nan (nan)	45.00 (47.92)
[240/294]	nan (nan)	50.00 (47.93)
[241/294]	nan (nan)	50.00 (47.93)
[242/294]	nan (nan)	50.00 (47.94)
[243/294]	nan (nan)	65.00 (48.01)
[244/294]	nan (nan)	45.00 (48.00)
[245/294]	nan (nan)	65.00 (48.07)
[246/294]	nan (nan)	45.00 (48.06)
[247/294]	nan (nan)	45.00 (48.04)
[248/294]	nan (nan)	50.00 (48.05)
[249/294]	nan (nan)	45.00 (48.04)
[250/294]	nan (nan)	40.00 (48.01)
[251/294]	nan (nan)	20.00 (47.90)
[252/294]	nan (nan)	60.00 (47.94)
[253/294]	nan (nan)	60.00 (47.99)
[254/294]	nan (nan)	55.00 (48.02)
[255/294]	nan (nan)	50.00 (48.03)
[256/294]	nan (nan)	60.00 (48.07)
[257/294]	nan (nan)	40.00 (48.04)
[258/294]	nan (nan)	40.00 (48.01)
[259/294]	nan (nan)	50.00 (48.02)
[260/294]	nan (nan)	55.00 (48.05)
[261/294]	nan (nan)	35.00 (48.00)
[262/294]	nan (nan)	55.00 (48.02)
[263/294]	nan (nan)	45.00 (48.01)
[264/294]	nan (nan)	55.00 (48.04)
[265/294]	nan (nan)	50.00 (48.05)
[266/294]	nan (nan)	35.00 (48.00)
[267/294]	nan (nan)	35.00 (47.95)
[268/294]	nan (nan)	60.00 (47.99)
[269/294]	nan (nan)	40.00 (47.96)
[270/294]	nan (nan)	45.00 (47.95)
[271/294]	nan (nan)	45.00 (47.94)
[272/294]	nan (nan)	60.00 (47.99)
[273/294]	nan (nan)	55.00 (48.01)
[274/294]	nan (nan)	60.00 (48.05)
[275/294]	nan (nan)	45.00 (48.04)
[276/294]	nan (nan)	50.00 (48.05)
[277/294]	nan (nan)	65.00 (48.11)
[278/294]	nan (nan)	55.00 (48.14)
[279/294]	nan (nan)	45.00 (48.12)
[280/294]	nan (nan)	75.00 (48.22)
[281/294]	nan (nan)	50.00 (48.23)
[282/294]	nan (nan)	45.00 (48.22)
[283/294]	nan (nan)	60.00 (48.26)
[284/294]	nan (nan)	50.00 (48.26)
[285/294]	nan (nan)	30.00 (48.20)
[286/294]	nan (nan)	40.00 (48.17)
[287/294]	nan (nan)	50.00 (48.18)
[288/294]	nan (nan)	55.00 (48.20)
[289/294]	nan (nan)	40.00 (48.17)
[290/294]	nan (nan)	55.00 (48.20)
[291/294]	nan (nan)	60.00 (48.24)
[292/294]	nan (nan)	25.00 (48.16)
[293/294]	nan (nan)	35.00 (48.11)
 * Train Acc: 48.112
 * Avg. Data time: 0.008, Avg. Batch time: 0.066, Avg. Forward time: 0.004, Avg. Backward time: 0.047
Computing SI
 * Val Acc: 13.339, Time: 4.71
 * Test Acc: 12.073, Time: 12.76
=============Training Task 4=============
Active output nodes for this task: 
[0, 1, 2, 3, 4, 5, 6, 7, 8, 9]
=============Training Epoch 0=============
#reg terms:  1
Batch	 Loss		 Acc
[0/294]	nan (nan)	0.00 (0.00)
[1/294]	nan (nan)	0.00 (0.00)
[2/294]	nan (nan)	0.00 (0.00)
[3/294]	nan (nan)	0.00 (0.00)
[4/294]	nan (nan)	0.00 (0.00)
[5/294]	nan (nan)	0.00 (0.00)
[6/294]	nan (nan)	0.00 (0.00)
[7/294]	nan (nan)	0.00 (0.00)
[8/294]	nan (nan)	0.00 (0.00)
[9/294]	nan (nan)	0.00 (0.00)
[10/294]	nan (nan)	0.00 (0.00)
[11/294]	nan (nan)	0.00 (0.00)
[12/294]	nan (nan)	0.00 (0.00)
[13/294]	nan (nan)	0.00 (0.00)
[14/294]	nan (nan)	0.00 (0.00)
[15/294]	nan (nan)	0.00 (0.00)
[16/294]	nan (nan)	0.00 (0.00)
[17/294]	nan (nan)	0.00 (0.00)
[18/294]	nan (nan)	0.00 (0.00)
[19/294]	nan (nan)	0.00 (0.00)
[20/294]	nan (nan)	0.00 (0.00)
[21/294]	nan (nan)	0.00 (0.00)
[22/294]	nan (nan)	0.00 (0.00)
[23/294]	nan (nan)	0.00 (0.00)
[24/294]	nan (nan)	0.00 (0.00)
[25/294]	nan (nan)	0.00 (0.00)
[26/294]	nan (nan)	0.00 (0.00)
[27/294]	nan (nan)	0.00 (0.00)
[28/294]	nan (nan)	0.00 (0.00)
[29/294]	nan (nan)	0.00 (0.00)
[30/294]	nan (nan)	0.00 (0.00)
[31/294]	nan (nan)	0.00 (0.00)
[32/294]	nan (nan)	0.00 (0.00)
[33/294]	nan (nan)	0.00 (0.00)
[34/294]	nan (nan)	0.00 (0.00)
[35/294]	nan (nan)	0.00 (0.00)
[36/294]	nan (nan)	0.00 (0.00)
[37/294]	nan (nan)	0.00 (0.00)
[38/294]	nan (nan)	0.00 (0.00)
[39/294]	nan (nan)	0.00 (0.00)
[40/294]	nan (nan)	0.00 (0.00)
[41/294]	nan (nan)	0.00 (0.00)
[42/294]	nan (nan)	0.00 (0.00)
[43/294]	nan (nan)	0.00 (0.00)
[44/294]	nan (nan)	0.00 (0.00)
[45/294]	nan (nan)	0.00 (0.00)
[46/294]	nan (nan)	0.00 (0.00)
[47/294]	nan (nan)	0.00 (0.00)
[48/294]	nan (nan)	0.00 (0.00)
[49/294]	nan (nan)	0.00 (0.00)
[50/294]	nan (nan)	0.00 (0.00)
[51/294]	nan (nan)	0.00 (0.00)
[52/294]	nan (nan)	0.00 (0.00)
[53/294]	nan (nan)	0.00 (0.00)
[54/294]	nan (nan)	0.00 (0.00)
[55/294]	nan (nan)	0.00 (0.00)
[56/294]	nan (nan)	0.00 (0.00)
[57/294]	nan (nan)	0.00 (0.00)
[58/294]	nan (nan)	0.00 (0.00)
[59/294]	nan (nan)	0.00 (0.00)
[60/294]	nan (nan)	0.00 (0.00)
[61/294]	nan (nan)	0.00 (0.00)
[62/294]	nan (nan)	0.00 (0.00)
[63/294]	nan (nan)	0.00 (0.00)
[64/294]	nan (nan)	0.00 (0.00)
[65/294]	nan (nan)	0.00 (0.00)
[66/294]	nan (nan)	0.00 (0.00)
[67/294]	nan (nan)	0.00 (0.00)
[68/294]	nan (nan)	0.00 (0.00)
[69/294]	nan (nan)	0.00 (0.00)
[70/294]	nan (nan)	0.00 (0.00)
[71/294]	nan (nan)	0.00 (0.00)
[72/294]	nan (nan)	0.00 (0.00)
[73/294]	nan (nan)	0.00 (0.00)
[74/294]	nan (nan)	0.00 (0.00)
[75/294]	nan (nan)	0.00 (0.00)
[76/294]	nan (nan)	0.00 (0.00)
[77/294]	nan (nan)	0.00 (0.00)
[78/294]	nan (nan)	0.00 (0.00)
[79/294]	nan (nan)	0.00 (0.00)
[80/294]	nan (nan)	0.00 (0.00)
[81/294]	nan (nan)	0.00 (0.00)
[82/294]	nan (nan)	0.00 (0.00)
[83/294]	nan (nan)	0.00 (0.00)
[84/294]	nan (nan)	0.00 (0.00)
[85/294]	nan (nan)	0.00 (0.00)
[86/294]	nan (nan)	0.00 (0.00)
[87/294]	nan (nan)	0.00 (0.00)
[88/294]	nan (nan)	0.00 (0.00)
[89/294]	nan (nan)	0.00 (0.00)
[90/294]	nan (nan)	0.00 (0.00)
[91/294]	nan (nan)	0.00 (0.00)
[92/294]	nan (nan)	0.00 (0.00)
[93/294]	nan (nan)	0.00 (0.00)
[94/294]	nan (nan)	0.00 (0.00)
[95/294]	nan (nan)	0.00 (0.00)
[96/294]	nan (nan)	0.00 (0.00)
[97/294]	nan (nan)	0.00 (0.00)
[98/294]	nan (nan)	0.00 (0.00)
[99/294]	nan (nan)	0.00 (0.00)
[100/294]	nan (nan)	0.00 (0.00)
[101/294]	nan (nan)	0.00 (0.00)
[102/294]	nan (nan)	0.00 (0.00)
[103/294]	nan (nan)	0.00 (0.00)
[104/294]	nan (nan)	0.00 (0.00)
[105/294]	nan (nan)	0.00 (0.00)
[106/294]	nan (nan)	0.00 (0.00)
[107/294]	nan (nan)	0.00 (0.00)
[108/294]	nan (nan)	0.00 (0.00)
[109/294]	nan (nan)	0.00 (0.00)
[110/294]	nan (nan)	0.00 (0.00)
[111/294]	nan (nan)	0.00 (0.00)
[112/294]	nan (nan)	0.00 (0.00)
[113/294]	nan (nan)	0.00 (0.00)
[114/294]	nan (nan)	0.00 (0.00)
[115/294]	nan (nan)	0.00 (0.00)
[116/294]	nan (nan)	0.00 (0.00)
[117/294]	nan (nan)	0.00 (0.00)
[118/294]	nan (nan)	0.00 (0.00)
[119/294]	nan (nan)	0.00 (0.00)
[120/294]	nan (nan)	0.00 (0.00)
[121/294]	nan (nan)	0.00 (0.00)
[122/294]	nan (nan)	0.00 (0.00)
[123/294]	nan (nan)	0.00 (0.00)
[124/294]	nan (nan)	0.00 (0.00)
[125/294]	nan (nan)	0.00 (0.00)
[126/294]	nan (nan)	0.00 (0.00)
[127/294]	nan (nan)	0.00 (0.00)
[128/294]	nan (nan)	0.00 (0.00)
[129/294]	nan (nan)	0.00 (0.00)
[130/294]	nan (nan)	0.00 (0.00)
[131/294]	nan (nan)	0.00 (0.00)
[132/294]	nan (nan)	0.00 (0.00)
[133/294]	nan (nan)	0.00 (0.00)
[134/294]	nan (nan)	0.00 (0.00)
[135/294]	nan (nan)	0.00 (0.00)
[136/294]	nan (nan)	0.00 (0.00)
[137/294]	nan (nan)	0.00 (0.00)
[138/294]	nan (nan)	0.00 (0.00)
[139/294]	nan (nan)	0.00 (0.00)
[140/294]	nan (nan)	0.00 (0.00)
[141/294]	nan (nan)	0.00 (0.00)
[142/294]	nan (nan)	0.00 (0.00)
[143/294]	nan (nan)	0.00 (0.00)
[144/294]	nan (nan)	0.00 (0.00)
[145/294]	nan (nan)	0.00 (0.00)
[146/294]	nan (nan)	0.00 (0.00)
[147/294]	nan (nan)	0.00 (0.00)
[148/294]	nan (nan)	0.00 (0.00)
[149/294]	nan (nan)	0.00 (0.00)
[150/294]	nan (nan)	0.00 (0.00)
[151/294]	nan (nan)	0.00 (0.00)
[152/294]	nan (nan)	0.00 (0.00)
[153/294]	nan (nan)	0.00 (0.00)
[154/294]	nan (nan)	0.00 (0.00)
[155/294]	nan (nan)	0.00 (0.00)
[156/294]	nan (nan)	0.00 (0.00)
[157/294]	nan (nan)	0.00 (0.00)
[158/294]	nan (nan)	0.00 (0.00)
[159/294]	nan (nan)	0.00 (0.00)
[160/294]	nan (nan)	0.00 (0.00)
[161/294]	nan (nan)	0.00 (0.00)
[162/294]	nan (nan)	0.00 (0.00)
[163/294]	nan (nan)	0.00 (0.00)
[164/294]	nan (nan)	0.00 (0.00)
[165/294]	nan (nan)	0.00 (0.00)
[166/294]	nan (nan)	0.00 (0.00)
[167/294]	nan (nan)	0.00 (0.00)
[168/294]	nan (nan)	0.00 (0.00)
[169/294]	nan (nan)	0.00 (0.00)
[170/294]	nan (nan)	0.00 (0.00)
[171/294]	nan (nan)	0.00 (0.00)
[172/294]	nan (nan)	0.00 (0.00)
[173/294]	nan (nan)	0.00 (0.00)
[174/294]	nan (nan)	0.00 (0.00)
[175/294]	nan (nan)	0.00 (0.00)
[176/294]	nan (nan)	0.00 (0.00)
[177/294]	nan (nan)	0.00 (0.00)
[178/294]	nan (nan)	0.00 (0.00)
[179/294]	nan (nan)	0.00 (0.00)
[180/294]	nan (nan)	0.00 (0.00)
[181/294]	nan (nan)	0.00 (0.00)
[182/294]	nan (nan)	0.00 (0.00)
[183/294]	nan (nan)	0.00 (0.00)
[184/294]	nan (nan)	0.00 (0.00)
[185/294]	nan (nan)	0.00 (0.00)
[186/294]	nan (nan)	0.00 (0.00)
[187/294]	nan (nan)	0.00 (0.00)
[188/294]	nan (nan)	0.00 (0.00)
[189/294]	nan (nan)	0.00 (0.00)
[190/294]	nan (nan)	0.00 (0.00)
[191/294]	nan (nan)	0.00 (0.00)
[192/294]	nan (nan)	0.00 (0.00)
[193/294]	nan (nan)	0.00 (0.00)
[194/294]	nan (nan)	0.00 (0.00)
[195/294]	nan (nan)	0.00 (0.00)
[196/294]	nan (nan)	0.00 (0.00)
[197/294]	nan (nan)	0.00 (0.00)
[198/294]	nan (nan)	0.00 (0.00)
[199/294]	nan (nan)	0.00 (0.00)
[200/294]	nan (nan)	0.00 (0.00)
[201/294]	nan (nan)	0.00 (0.00)
[202/294]	nan (nan)	0.00 (0.00)
[203/294]	nan (nan)	0.00 (0.00)
[204/294]	nan (nan)	0.00 (0.00)
[205/294]	nan (nan)	0.00 (0.00)
[206/294]	nan (nan)	0.00 (0.00)
[207/294]	nan (nan)	0.00 (0.00)
[208/294]	nan (nan)	0.00 (0.00)
[209/294]	nan (nan)	0.00 (0.00)
[210/294]	nan (nan)	0.00 (0.00)
[211/294]	nan (nan)	0.00 (0.00)
[212/294]	nan (nan)	0.00 (0.00)
[213/294]	nan (nan)	25.00 (0.12)
[214/294]	nan (nan)	65.00 (0.42)
[215/294]	nan (nan)	40.00 (0.60)
[216/294]	nan (nan)	55.00 (0.85)
[217/294]	nan (nan)	25.00 (0.96)
[218/294]	nan (nan)	45.00 (1.16)
[219/294]	nan (nan)	60.00 (1.43)
[220/294]	nan (nan)	40.00 (1.61)
[221/294]	nan (nan)	35.00 (1.76)
[222/294]	nan (nan)	75.00 (2.09)
[223/294]	nan (nan)	65.00 (2.37)
[224/294]	nan (nan)	65.00 (2.64)
[225/294]	nan (nan)	50.00 (2.85)
[226/294]	nan (nan)	55.00 (3.08)
[227/294]	nan (nan)	60.00 (3.33)
[228/294]	nan (nan)	55.00 (3.56)
[229/294]	nan (nan)	40.00 (3.72)
[230/294]	nan (nan)	40.00 (3.87)
[231/294]	nan (nan)	40.00 (4.03)
[232/294]	nan (nan)	35.00 (4.16)
[233/294]	nan (nan)	55.00 (4.38)
[234/294]	nan (nan)	50.00 (4.57)
[235/294]	nan (nan)	40.00 (4.72)
[236/294]	nan (nan)	45.00 (4.89)
[237/294]	nan (nan)	45.00 (5.06)
[238/294]	nan (nan)	40.00 (5.21)
[239/294]	nan (nan)	45.00 (5.38)
[240/294]	nan (nan)	50.00 (5.56)
[241/294]	nan (nan)	50.00 (5.74)
[242/294]	nan (nan)	50.00 (5.93)
[243/294]	nan (nan)	65.00 (6.17)
[244/294]	nan (nan)	45.00 (6.33)
[245/294]	nan (nan)	65.00 (6.57)
[246/294]	nan (nan)	45.00 (6.72)
[247/294]	nan (nan)	45.00 (6.88)
[248/294]	nan (nan)	50.00 (7.05)
[249/294]	nan (nan)	45.00 (7.20)
[250/294]	nan (nan)	40.00 (7.33)
[251/294]	nan (nan)	20.00 (7.38)
[252/294]	nan (nan)	60.00 (7.59)
[253/294]	nan (nan)	60.00 (7.80)
[254/294]	nan (nan)	55.00 (7.98)
[255/294]	nan (nan)	50.00 (8.14)
[256/294]	nan (nan)	60.00 (8.35)
[257/294]	nan (nan)	40.00 (8.47)
[258/294]	nan (nan)	40.00 (8.59)
[259/294]	nan (nan)	50.00 (8.75)
[260/294]	nan (nan)	55.00 (8.93)
[261/294]	nan (nan)	35.00 (9.03)
[262/294]	nan (nan)	55.00 (9.20)
[263/294]	nan (nan)	45.00 (9.34)
[264/294]	nan (nan)	55.00 (9.51)
[265/294]	nan (nan)	50.00 (9.66)
[266/294]	nan (nan)	35.00 (9.76)
[267/294]	nan (nan)	65.00 (9.96)
[268/294]	nan (nan)	40.00 (10.07)
[269/294]	nan (nan)	60.00 (10.26)
[270/294]	nan (nan)	55.00 (10.42)
[271/294]	nan (nan)	55.00 (10.59)
[272/294]	nan (nan)	40.00 (10.70)
[273/294]	nan (nan)	45.00 (10.82)
[274/294]	nan (nan)	40.00 (10.93)
[275/294]	nan (nan)	55.00 (11.09)
[276/294]	nan (nan)	50.00 (11.23)
[277/294]	nan (nan)	35.00 (11.31)
[278/294]	nan (nan)	45.00 (11.43)
[279/294]	nan (nan)	55.00 (11.59)
[280/294]	nan (nan)	25.00 (11.64)
[281/294]	nan (nan)	50.00 (11.77)
[282/294]	nan (nan)	55.00 (11.93)
[283/294]	nan (nan)	40.00 (12.02)
[284/294]	nan (nan)	50.00 (12.16)
[285/294]	nan (nan)	70.00 (12.36)
[286/294]	nan (nan)	60.00 (12.53)
[287/294]	nan (nan)	50.00 (12.66)
[288/294]	nan (nan)	45.00 (12.77)
[289/294]	nan (nan)	60.00 (12.93)
[290/294]	nan (nan)	45.00 (13.04)
[291/294]	nan (nan)	40.00 (13.13)
[292/294]	nan (nan)	75.00 (13.34)
[293/294]	nan (nan)	65.00 (13.52)
 * Train Acc: 13.520
 * Avg. Data time: 0.005, Avg. Batch time: 0.064, Avg. Forward time: 0.004, Avg. Backward time: 0.050
Computing SI
 * Val Acc: 9.657, Time: 4.47
 * Test Acc: 10.146, Time: 12.74
=============Training Task 5=============
Active output nodes for this task: 
[0, 1, 2, 3, 4, 5, 6, 7, 8, 9, 10, 11]
=============Training Epoch 0=============
#reg terms:  1
Batch	 Loss		 Acc
