=============Stream Learning Run 0=============
Changing output layer to contain 12 classes
============BEGINNING STREAM LEARNING============
=============Training Task 0=============
Active output nodes for this task: 
[0, 1]
=============Training Epoch 0=============
#reg terms:  0
Batch	 Loss		 Acc
[0/294]	1.884 (1.884)	45.00 (45.00)
[1/294]	1.157 (1.520)	40.00 (42.50)
[2/294]	0.950 (1.330)	50.00 (45.00)
[3/294]	0.705 (1.174)	60.00 (48.75)
[4/294]	0.991 (1.137)	50.00 (49.00)
[5/294]	0.953 (1.107)	50.00 (49.17)
[6/294]	1.076 (1.102)	50.00 (49.29)
[7/294]	0.614 (1.041)	60.00 (50.62)
[8/294]	0.465 (0.977)	90.00 (55.00)
[9/294]	0.459 (0.925)	85.00 (58.00)
[10/294]	0.534 (0.890)	75.00 (59.55)
[11/294]	0.778 (0.881)	50.00 (58.75)
[12/294]	0.678 (0.865)	60.00 (58.85)
[13/294]	0.715 (0.854)	55.00 (58.57)
[14/294]	0.417 (0.825)	90.00 (60.67)
[15/294]	0.494 (0.804)	70.00 (61.25)
[16/294]	0.510 (0.787)	90.00 (62.94)
[17/294]	0.593 (0.776)	75.00 (63.61)
[18/294]	0.400 (0.757)	90.00 (65.00)
[19/294]	0.468 (0.742)	75.00 (65.50)
[20/294]	0.583 (0.735)	75.00 (65.95)
[21/294]	0.495 (0.724)	75.00 (66.36)
[22/294]	0.486 (0.713)	80.00 (66.96)
[23/294]	0.439 (0.702)	90.00 (67.92)
[24/294]	0.572 (0.697)	80.00 (68.40)
[25/294]	0.592 (0.693)	80.00 (68.85)
[26/294]	0.691 (0.693)	50.00 (68.15)
[27/294]	0.511 (0.686)	55.00 (67.68)
[28/294]	0.108 (0.666)	100.00 (68.79)
[29/294]	0.291 (0.654)	90.00 (69.50)
[30/294]	0.397 (0.645)	90.00 (70.16)
[31/294]	0.560 (0.643)	65.00 (70.00)
[32/294]	0.372 (0.635)	70.00 (70.00)
[33/294]	0.349 (0.626)	80.00 (70.29)
[34/294]	0.642 (0.627)	60.00 (70.00)
[35/294]	0.195 (0.615)	100.00 (70.83)
[36/294]	0.349 (0.607)	85.00 (71.22)
[37/294]	0.330 (0.600)	95.00 (71.84)
[38/294]	0.432 (0.596)	90.00 (72.31)
[39/294]	0.424 (0.592)	90.00 (72.75)
[40/294]	0.287 (0.584)	100.00 (73.41)
[41/294]	0.246 (0.576)	100.00 (74.05)
[42/294]	0.353 (0.571)	90.00 (74.42)
[43/294]	0.238 (0.563)	90.00 (74.77)
[44/294]	0.258 (0.557)	90.00 (75.11)
[45/294]	0.144 (0.548)	100.00 (75.65)
[46/294]	0.409 (0.545)	85.00 (75.85)
[47/294]	0.315 (0.540)	95.00 (76.25)
[48/294]	0.191 (0.533)	100.00 (76.73)
[49/294]	0.122 (0.524)	100.00 (77.20)
[50/294]	0.086 (0.516)	100.00 (77.65)
[51/294]	0.062 (0.507)	100.00 (78.08)
[52/294]	0.225 (0.502)	90.00 (78.30)
[53/294]	0.239 (0.497)	100.00 (78.70)
[54/294]	0.085 (0.489)	100.00 (79.09)
[55/294]	0.171 (0.484)	95.00 (79.38)
[56/294]	0.068 (0.476)	100.00 (79.74)
[57/294]	0.037 (0.469)	100.00 (80.09)
[58/294]	0.049 (0.462)	100.00 (80.42)
[59/294]	0.004 (0.454)	100.00 (80.75)
[60/294]	0.020 (0.447)	100.00 (81.07)
[61/294]	0.026 (0.440)	100.00 (81.37)
[62/294]	0.129 (0.435)	100.00 (81.67)
[63/294]	0.188 (0.431)	90.00 (81.80)
[64/294]	0.103 (0.426)	100.00 (82.08)
[65/294]	0.085 (0.421)	100.00 (82.35)
[66/294]	0.435 (0.421)	80.00 (82.31)
[67/294]	0.800 (0.427)	55.00 (81.91)
[68/294]	0.742 (0.432)	60.00 (81.59)
[69/294]	0.765 (0.436)	65.00 (81.36)
[70/294]	0.484 (0.437)	75.00 (81.27)
[71/294]	0.197 (0.434)	90.00 (81.39)
[72/294]	0.200 (0.430)	95.00 (81.58)
[73/294]	0.044 (0.425)	100.00 (81.82)
[74/294]	0.061 (0.420)	100.00 (82.07)
[75/294]	0.177 (0.417)	95.00 (82.24)
[76/294]	0.272 (0.415)	85.00 (82.27)
[77/294]	0.102 (0.411)	95.00 (82.44)
[78/294]	0.179 (0.408)	90.00 (82.53)
[79/294]	0.106 (0.405)	95.00 (82.69)
[80/294]	0.164 (0.402)	95.00 (82.84)
[81/294]	0.188 (0.399)	90.00 (82.93)
[82/294]	0.365 (0.399)	80.00 (82.89)
[83/294]	0.412 (0.399)	75.00 (82.80)
[84/294]	0.655 (0.402)	75.00 (82.71)
[85/294]	0.244 (0.400)	90.00 (82.79)
[86/294]	0.171 (0.397)	95.00 (82.93)
[87/294]	0.256 (0.396)	90.00 (83.01)
[88/294]	0.217 (0.394)	90.00 (83.09)
[89/294]	0.142 (0.391)	100.00 (83.28)
[90/294]	0.021 (0.387)	100.00 (83.46)
[91/294]	0.511 (0.388)	70.00 (83.32)
[92/294]	0.058 (0.385)	100.00 (83.49)
[93/294]	0.269 (0.383)	90.00 (83.56)
[94/294]	0.226 (0.382)	85.00 (83.58)
[95/294]	0.065 (0.378)	100.00 (83.75)
[96/294]	0.098 (0.376)	95.00 (83.87)
[97/294]	0.046 (0.372)	100.00 (84.03)
[98/294]	0.037 (0.369)	100.00 (84.19)
[99/294]	0.282 (0.368)	90.00 (84.25)
[100/294]	0.326 (0.368)	85.00 (84.26)
[101/294]	0.048 (0.364)	100.00 (84.41)
[102/294]	0.113 (0.362)	100.00 (84.56)
[103/294]	0.421 (0.363)	90.00 (84.62)
[104/294]	0.360 (0.362)	85.00 (84.62)
[105/294]	0.001 (0.359)	100.00 (84.76)
[106/294]	0.003 (0.356)	100.00 (84.91)
[107/294]	0.009 (0.353)	100.00 (85.05)
[108/294]	0.007 (0.349)	100.00 (85.18)
[109/294]	0.159 (0.348)	95.00 (85.27)
[110/294]	0.343 (0.348)	80.00 (85.23)
[111/294]	0.198 (0.346)	95.00 (85.31)
[112/294]	0.099 (0.344)	95.00 (85.40)
[113/294]	0.310 (0.344)	90.00 (85.44)
[114/294]	0.344 (0.344)	90.00 (85.48)
[115/294]	0.175 (0.342)	95.00 (85.56)
[116/294]	0.588 (0.344)	60.00 (85.34)
[117/294]	0.666 (0.347)	75.00 (85.25)
[118/294]	1.202 (0.354)	55.00 (85.00)
[119/294]	0.456 (0.355)	75.00 (84.92)
[120/294]	0.057 (0.353)	100.00 (85.04)
[121/294]	0.025 (0.350)	100.00 (85.16)
[122/294]	0.221 (0.349)	90.00 (85.20)
[123/294]	0.982 (0.354)	75.00 (85.12)
[124/294]	0.990 (0.359)	65.00 (84.96)
[125/294]	0.125 (0.357)	95.00 (85.04)
[126/294]	1.282 (0.365)	55.00 (84.80)
[127/294]	0.397 (0.365)	80.00 (84.77)
[128/294]	0.139 (0.363)	100.00 (84.88)
[129/294]	0.067 (0.361)	100.00 (85.00)
[130/294]	0.202 (0.360)	90.00 (85.04)
[131/294]	0.076 (0.357)	100.00 (85.15)
[132/294]	0.195 (0.356)	100.00 (85.26)
[133/294]	0.092 (0.354)	100.00 (85.37)
[134/294]	0.168 (0.353)	100.00 (85.48)
[135/294]	0.232 (0.352)	100.00 (85.59)
[136/294]	0.096 (0.350)	100.00 (85.69)
[137/294]	0.052 (0.348)	100.00 (85.80)
[138/294]	0.099 (0.346)	95.00 (85.86)
[139/294]	0.160 (0.345)	100.00 (85.96)
[140/294]	0.127 (0.343)	100.00 (86.06)
[141/294]	0.215 (0.342)	100.00 (86.16)
[142/294]	0.292 (0.342)	90.00 (86.19)
[143/294]	0.096 (0.340)	100.00 (86.28)
[144/294]	0.152 (0.339)	100.00 (86.38)
[145/294]	0.301 (0.339)	80.00 (86.34)
[146/294]	0.203 (0.338)	90.00 (86.36)
[147/294]	0.185 (0.337)	90.00 (86.39)
[148/294]	0.308 (0.337)	80.00 (86.34)
[149/294]	0.106 (0.335)	95.00 (86.40)
[150/294]	0.121 (0.334)	100.00 (86.49)
[151/294]	0.148 (0.332)	100.00 (86.58)
[152/294]	0.238 (0.332)	90.00 (86.60)
[153/294]	0.174 (0.331)	95.00 (86.66)
[154/294]	0.260 (0.330)	95.00 (86.71)
[155/294]	0.135 (0.329)	95.00 (86.76)
[156/294]	0.123 (0.328)	95.00 (86.82)
[157/294]	0.330 (0.328)	85.00 (86.80)
[158/294]	0.340 (0.328)	90.00 (86.82)
[159/294]	0.271 (0.328)	95.00 (86.88)
[160/294]	0.178 (0.327)	95.00 (86.93)
[161/294]	0.187 (0.326)	100.00 (87.01)
[162/294]	0.148 (0.325)	100.00 (87.09)
[163/294]	0.225 (0.324)	85.00 (87.07)
[164/294]	0.004 (0.322)	100.00 (87.15)
[165/294]	0.107 (0.321)	95.00 (87.20)
[166/294]	0.211 (0.320)	85.00 (87.19)
[167/294]	0.100 (0.319)	100.00 (87.26)
[168/294]	0.115 (0.318)	100.00 (87.34)
[169/294]	0.051 (0.316)	100.00 (87.41)
[170/294]	0.059 (0.315)	100.00 (87.49)
[171/294]	0.063 (0.313)	100.00 (87.56)
[172/294]	0.007 (0.311)	100.00 (87.63)
[173/294]	0.040 (0.310)	100.00 (87.70)
[174/294]	0.025 (0.308)	100.00 (87.77)
[175/294]	0.043 (0.307)	100.00 (87.84)
[176/294]	0.054 (0.305)	95.00 (87.88)
[177/294]	0.009 (0.304)	100.00 (87.95)
[178/294]	0.176 (0.303)	90.00 (87.96)
[179/294]	0.046 (0.301)	100.00 (88.03)
[180/294]	0.364 (0.302)	85.00 (88.01)
[181/294]	0.090 (0.301)	95.00 (88.05)
[182/294]	0.002 (0.299)	100.00 (88.11)
[183/294]	0.009 (0.297)	100.00 (88.18)
[184/294]	0.027 (0.296)	100.00 (88.24)
[185/294]	0.312 (0.296)	90.00 (88.25)
[186/294]	0.069 (0.295)	100.00 (88.32)
[187/294]	0.029 (0.293)	100.00 (88.38)
[188/294]	0.527 (0.295)	75.00 (88.31)
[189/294]	0.882 (0.298)	60.00 (88.16)
[190/294]	0.346 (0.298)	95.00 (88.19)
[191/294]	0.380 (0.298)	80.00 (88.15)
[192/294]	0.012 (0.297)	100.00 (88.21)
[193/294]	0.011 (0.295)	100.00 (88.27)
[194/294]	0.148 (0.295)	95.00 (88.31)
[195/294]	0.055 (0.293)	100.00 (88.37)
[196/294]	0.007 (0.292)	100.00 (88.43)
[197/294]	0.381 (0.292)	80.00 (88.38)
[198/294]	0.731 (0.295)	60.00 (88.24)
[199/294]	0.002 (0.293)	100.00 (88.30)
[200/294]	0.012 (0.292)	100.00 (88.36)
[201/294]	0.079 (0.291)	95.00 (88.39)
[202/294]	0.016 (0.289)	100.00 (88.45)
[203/294]	0.078 (0.288)	100.00 (88.50)
[204/294]	0.271 (0.288)	95.00 (88.54)
[205/294]	0.099 (0.287)	100.00 (88.59)
[206/294]	0.004 (0.286)	100.00 (88.65)
[207/294]	0.102 (0.285)	100.00 (88.70)
[208/294]	0.066 (0.284)	100.00 (88.76)
[209/294]	0.142 (0.283)	100.00 (88.81)
[210/294]	0.087 (0.282)	100.00 (88.86)
[211/294]	0.225 (0.282)	85.00 (88.84)
[212/294]	0.166 (0.282)	100.00 (88.90)
[213/294]	0.019 (0.280)	100.00 (88.95)
[214/294]	0.077 (0.279)	100.00 (89.00)
[215/294]	0.049 (0.278)	100.00 (89.05)
[216/294]	0.004 (0.277)	100.00 (89.10)
[217/294]	0.130 (0.276)	100.00 (89.15)
[218/294]	0.066 (0.275)	100.00 (89.20)
[219/294]	0.025 (0.274)	100.00 (89.25)
[220/294]	0.055 (0.273)	100.00 (89.30)
[221/294]	0.113 (0.273)	95.00 (89.32)
[222/294]	0.216 (0.272)	85.00 (89.30)
[223/294]	0.061 (0.271)	95.00 (89.33)
[224/294]	0.199 (0.271)	90.00 (89.33)
[225/294]	0.323 (0.271)	95.00 (89.36)
[226/294]	0.174 (0.271)	95.00 (89.38)
[227/294]	0.086 (0.270)	100.00 (89.43)
[228/294]	0.220 (0.270)	95.00 (89.45)
[229/294]	0.106 (0.269)	95.00 (89.48)
[230/294]	0.000 (0.268)	100.00 (89.52)
[231/294]	0.449 (0.269)	85.00 (89.50)
[232/294]	0.176 (0.268)	90.00 (89.51)
[233/294]	0.039 (0.267)	100.00 (89.55)
[234/294]	0.015 (0.266)	100.00 (89.60)
[235/294]	0.065 (0.265)	100.00 (89.64)
[236/294]	0.068 (0.265)	100.00 (89.68)
[237/294]	0.058 (0.264)	100.00 (89.73)
[238/294]	0.004 (0.263)	100.00 (89.77)
[239/294]	0.002 (0.262)	100.00 (89.81)
[240/294]	0.003 (0.261)	100.00 (89.85)
[241/294]	0.012 (0.259)	100.00 (89.90)
[242/294]	0.041 (0.259)	100.00 (89.94)
[243/294]	0.047 (0.258)	100.00 (89.98)
[244/294]	0.201 (0.257)	95.00 (90.00)
[245/294]	0.119 (0.257)	95.00 (90.02)
[246/294]	0.332 (0.257)	85.00 (90.00)
[247/294]	0.057 (0.256)	100.00 (90.04)
[248/294]	0.005 (0.255)	100.00 (90.08)
[249/294]	0.010 (0.254)	100.00 (90.12)
[250/294]	0.026 (0.254)	100.00 (90.16)
[251/294]	0.059 (0.253)	100.00 (90.20)
[252/294]	0.034 (0.252)	100.00 (90.24)
[253/294]	0.049 (0.251)	100.00 (90.28)
[254/294]	0.019 (0.250)	100.00 (90.31)
[255/294]	0.174 (0.250)	90.00 (90.31)
[256/294]	0.032 (0.249)	100.00 (90.35)
[257/294]	0.006 (0.248)	100.00 (90.39)
[258/294]	0.005 (0.247)	100.00 (90.42)
[259/294]	0.004 (0.246)	100.00 (90.46)
[260/294]	0.006 (0.245)	100.00 (90.50)
[261/294]	0.005 (0.244)	100.00 (90.53)
[262/294]	0.001 (0.243)	100.00 (90.57)
[263/294]	0.020 (0.243)	100.00 (90.61)
[264/294]	0.131 (0.242)	90.00 (90.60)
[265/294]	0.215 (0.242)	90.00 (90.60)
[266/294]	0.046 (0.241)	100.00 (90.64)
[267/294]	0.033 (0.241)	100.00 (90.67)
[268/294]	0.010 (0.240)	100.00 (90.71)
[269/294]	0.030 (0.239)	100.00 (90.74)
[270/294]	0.031 (0.238)	100.00 (90.77)
[271/294]	0.120 (0.238)	100.00 (90.81)
[272/294]	0.319 (0.238)	85.00 (90.79)
[273/294]	0.001 (0.237)	100.00 (90.82)
[274/294]	0.046 (0.236)	100.00 (90.85)
[275/294]	0.106 (0.236)	95.00 (90.87)
[276/294]	0.112 (0.236)	95.00 (90.88)
[277/294]	0.054 (0.235)	100.00 (90.92)
[278/294]	0.153 (0.235)	90.00 (90.91)
[279/294]	0.261 (0.235)	90.00 (90.91)
[280/294]	0.048 (0.234)	95.00 (90.93)
[281/294]	0.064 (0.233)	95.00 (90.94)
[282/294]	0.006 (0.233)	100.00 (90.97)
[283/294]	0.099 (0.232)	100.00 (91.00)
[284/294]	0.060 (0.232)	100.00 (91.04)
[285/294]	0.074 (0.231)	100.00 (91.07)
[286/294]	0.016 (0.230)	100.00 (91.10)
[287/294]	0.032 (0.230)	100.00 (91.13)
[288/294]	0.076 (0.229)	95.00 (91.14)
[289/294]	0.013 (0.228)	100.00 (91.17)
[290/294]	0.143 (0.228)	95.00 (91.19)
[291/294]	0.001 (0.227)	100.00 (91.22)
[292/294]	0.006 (0.226)	100.00 (91.25)
[293/294]	0.008 (0.226)	100.00 (91.28)
 * Train Acc: 91.276
 * Avg. Data time: 0.004, Avg. Batch time: 0.053, Avg. Forward time: 0.004, Avg. Backward time: 0.040
Computing SI
 * Val Acc: 95.362, Time: 1.39
 * Test Acc: 96.885, Time: 2.24
=============Training Task 1=============
Active output nodes for this task: 
[0, 1, 2, 3]
=============Training Epoch 0=============
#reg terms:  1
Batch	 Loss		 Acc
[0/294]	5.330 (5.330)	0.00 (0.00)
[1/294]	4.933 (5.131)	5.00 (2.50)
[2/294]	3.599 (4.620)	25.00 (10.00)
[3/294]	1.328 (3.797)	40.00 (17.50)
[4/294]	0.743 (3.186)	70.00 (28.00)
[5/294]	0.726 (2.776)	65.00 (34.17)
[6/294]	0.908 (2.510)	60.00 (37.86)
[7/294]	1.078 (2.331)	25.00 (36.25)
[8/294]	0.897 (2.171)	45.00 (37.22)
[9/294]	0.730 (2.027)	75.00 (41.00)
[10/294]	1.019 (1.935)	30.00 (40.00)
[11/294]	0.655 (1.829)	80.00 (43.33)
[12/294]	0.603 (1.734)	90.00 (46.92)
[13/294]	0.595 (1.653)	100.00 (50.71)
[14/294]	1.155 (1.620)	40.00 (50.00)
[15/294]	1.039 (1.584)	45.00 (49.69)
[16/294]	0.832 (1.539)	70.00 (50.88)
[17/294]	0.783 (1.497)	65.00 (51.67)
[18/294]	1.182 (1.481)	35.00 (50.79)
[19/294]	1.018 (1.458)	50.00 (50.75)
[20/294]	0.538 (1.414)	80.00 (52.14)
[21/294]	1.269 (1.407)	50.00 (52.05)
[22/294]	1.091 (1.393)	50.00 (51.96)
[23/294]	0.717 (1.365)	75.00 (52.92)
[24/294]	0.800 (1.343)	65.00 (53.40)
[25/294]	1.252 (1.339)	55.00 (53.46)
[26/294]	1.378 (1.341)	50.00 (53.33)
[27/294]	0.553 (1.313)	90.00 (54.64)
[28/294]	0.675 (1.291)	75.00 (55.34)
[29/294]	0.425 (1.262)	80.00 (56.17)
[30/294]	1.033 (1.254)	55.00 (56.13)
[31/294]	1.020 (1.247)	50.00 (55.94)
[32/294]	0.771 (1.233)	55.00 (55.91)
[33/294]	0.466 (1.210)	80.00 (56.62)
[34/294]	0.324 (1.185)	100.00 (57.86)
[35/294]	0.548 (1.167)	80.00 (58.47)
[36/294]	1.121 (1.166)	50.00 (58.24)
[37/294]	0.584 (1.150)	75.00 (58.68)
[38/294]	0.739 (1.140)	75.00 (59.10)
[39/294]	0.901 (1.134)	55.00 (59.00)
[40/294]	0.472 (1.118)	90.00 (59.76)
[41/294]	0.490 (1.103)	90.00 (60.48)
[42/294]	0.598 (1.091)	70.00 (60.70)
[43/294]	0.669 (1.081)	60.00 (60.68)
[44/294]	0.430 (1.067)	90.00 (61.33)
[45/294]	0.629 (1.057)	75.00 (61.63)
[46/294]	0.731 (1.051)	55.00 (61.49)
[47/294]	0.609 (1.041)	85.00 (61.98)
[48/294]	0.526 (1.031)	70.00 (62.14)
[49/294]	0.370 (1.018)	90.00 (62.70)
[50/294]	0.258 (1.003)	100.00 (63.43)
[51/294]	1.172 (1.006)	55.00 (63.27)
[52/294]	1.316 (1.012)	35.00 (62.74)
[53/294]	1.071 (1.013)	30.00 (62.13)
[54/294]	0.507 (1.004)	85.00 (62.55)
[55/294]	0.395 (0.993)	95.00 (63.12)
[56/294]	0.679 (0.987)	70.00 (63.25)
[57/294]	0.678 (0.982)	55.00 (63.10)
[58/294]	0.938 (0.981)	50.00 (62.88)
[59/294]	0.696 (0.977)	65.00 (62.92)
[60/294]	0.411 (0.967)	95.00 (63.44)
[61/294]	0.461 (0.959)	75.00 (63.63)
[62/294]	0.466 (0.951)	80.00 (63.89)
[63/294]	0.620 (0.946)	65.00 (63.91)
[64/294]	0.370 (0.937)	85.00 (64.23)
[65/294]	0.247 (0.927)	90.00 (64.62)
[66/294]	0.519 (0.921)	80.00 (64.85)
[67/294]	0.713 (0.918)	60.00 (64.78)
[68/294]	0.360 (0.910)	90.00 (65.14)
[69/294]	0.688 (0.906)	55.00 (65.00)
[70/294]	0.680 (0.903)	55.00 (64.86)
[71/294]	0.420 (0.896)	95.00 (65.28)
[72/294]	0.556 (0.892)	70.00 (65.34)
[73/294]	0.328 (0.884)	85.00 (65.61)
[74/294]	0.161 (0.875)	90.00 (65.93)
[75/294]	0.233 (0.866)	100.00 (66.38)
[76/294]	0.506 (0.861)	75.00 (66.49)
[77/294]	0.509 (0.857)	75.00 (66.60)
[78/294]	0.539 (0.853)	70.00 (66.65)
[79/294]	0.764 (0.852)	60.00 (66.56)
[80/294]	0.428 (0.847)	85.00 (66.79)
[81/294]	0.280 (0.840)	90.00 (67.07)
[82/294]	0.163 (0.831)	100.00 (67.47)
[83/294]	0.534 (0.828)	80.00 (67.62)
[84/294]	0.468 (0.824)	75.00 (67.71)
[85/294]	0.349 (0.818)	80.00 (67.85)
[86/294]	0.454 (0.814)	75.00 (67.93)
[87/294]	0.332 (0.809)	90.00 (68.18)
[88/294]	0.158 (0.801)	95.00 (68.48)
[89/294]	0.769 (0.801)	50.00 (68.28)
[90/294]	0.841 (0.801)	60.00 (68.19)
[91/294]	0.305 (0.796)	90.00 (68.42)
[92/294]	0.363 (0.791)	95.00 (68.71)
[93/294]	0.299 (0.786)	90.00 (68.94)
[94/294]	0.322 (0.781)	85.00 (69.11)
[95/294]	0.341 (0.777)	95.00 (69.38)
[96/294]	0.185 (0.770)	95.00 (69.64)
[97/294]	1.063 (0.773)	65.00 (69.59)
[98/294]	1.806 (0.784)	50.00 (69.39)
[99/294]	0.426 (0.780)	70.00 (69.40)
[100/294]	0.264 (0.775)	95.00 (69.65)
[101/294]	0.499 (0.772)	70.00 (69.66)
[102/294]	0.374 (0.769)	85.00 (69.81)
[103/294]	0.179 (0.763)	90.00 (70.00)
[104/294]	0.194 (0.758)	95.00 (70.24)
[105/294]	0.146 (0.752)	95.00 (70.47)
[106/294]	0.829 (0.752)	65.00 (70.42)
[107/294]	0.176 (0.747)	100.00 (70.69)
[108/294]	0.176 (0.742)	100.00 (70.96)
[109/294]	0.326 (0.738)	95.00 (71.18)
[110/294]	0.996 (0.740)	55.00 (71.04)
[111/294]	0.683 (0.740)	55.00 (70.89)
[112/294]	0.424 (0.737)	80.00 (70.97)
[113/294]	0.218 (0.733)	95.00 (71.18)
[114/294]	0.360 (0.729)	85.00 (71.30)
[115/294]	0.332 (0.726)	85.00 (71.42)
[116/294]	0.326 (0.722)	80.00 (71.50)
[117/294]	0.611 (0.722)	65.00 (71.44)
[118/294]	0.409 (0.719)	80.00 (71.51)
[119/294]	0.214 (0.715)	95.00 (71.71)
[120/294]	0.245 (0.711)	90.00 (71.86)
[121/294]	0.172 (0.706)	100.00 (72.09)
[122/294]	0.173 (0.702)	100.00 (72.32)
[123/294]	0.285 (0.699)	85.00 (72.42)
[124/294]	0.317 (0.696)	90.00 (72.56)
[125/294]	0.138 (0.691)	100.00 (72.78)
[126/294]	0.148 (0.687)	100.00 (72.99)
[127/294]	0.124 (0.683)	100.00 (73.20)
[128/294]	0.800 (0.683)	55.00 (73.06)
[129/294]	0.958 (0.686)	70.00 (73.04)
[130/294]	0.245 (0.682)	85.00 (73.13)
[131/294]	0.328 (0.680)	80.00 (73.18)
[132/294]	0.393 (0.677)	85.00 (73.27)
[133/294]	0.277 (0.674)	80.00 (73.32)
[134/294]	0.101 (0.670)	100.00 (73.52)
[135/294]	0.027 (0.665)	100.00 (73.71)
[136/294]	0.029 (0.661)	100.00 (73.91)
[137/294]	0.062 (0.656)	100.00 (74.09)
[138/294]	1.471 (0.662)	60.00 (73.99)
[139/294]	1.019 (0.665)	70.00 (73.96)
[140/294]	0.722 (0.665)	75.00 (73.97)
[141/294]	0.070 (0.661)	100.00 (74.15)
[142/294]	0.216 (0.658)	90.00 (74.27)
[143/294]	0.407 (0.656)	80.00 (74.31)
[144/294]	0.434 (0.655)	80.00 (74.34)
[145/294]	0.158 (0.651)	100.00 (74.52)
[146/294]	0.258 (0.649)	100.00 (74.69)
[147/294]	0.205 (0.646)	95.00 (74.83)
[148/294]	0.203 (0.643)	100.00 (75.00)
[149/294]	0.140 (0.639)	95.00 (75.13)
[150/294]	0.162 (0.636)	90.00 (75.23)
[151/294]	0.358 (0.634)	85.00 (75.30)
[152/294]	0.455 (0.633)	70.00 (75.26)
[153/294]	0.536 (0.632)	75.00 (75.26)
[154/294]	0.500 (0.632)	70.00 (75.23)
[155/294]	0.184 (0.629)	100.00 (75.38)
[156/294]	0.212 (0.626)	95.00 (75.51)
[157/294]	0.339 (0.624)	80.00 (75.54)
[158/294]	0.469 (0.623)	70.00 (75.50)
[159/294]	0.320 (0.621)	90.00 (75.59)
[160/294]	0.281 (0.619)	90.00 (75.68)
[161/294]	0.296 (0.617)	90.00 (75.77)
[162/294]	0.394 (0.616)	80.00 (75.80)
[163/294]	0.494 (0.615)	75.00 (75.79)
[164/294]	0.645 (0.615)	60.00 (75.70)
[165/294]	0.393 (0.614)	75.00 (75.69)
[166/294]	1.018 (0.616)	55.00 (75.57)
[167/294]	0.466 (0.616)	80.00 (75.60)
[168/294]	0.179 (0.613)	100.00 (75.74)
[169/294]	0.422 (0.612)	75.00 (75.74)
[170/294]	0.442 (0.611)	75.00 (75.73)
[171/294]	0.261 (0.609)	90.00 (75.81)
[172/294]	0.126 (0.606)	100.00 (75.95)
[173/294]	0.148 (0.603)	95.00 (76.06)
[174/294]	0.471 (0.603)	75.00 (76.06)
[175/294]	0.250 (0.601)	90.00 (76.14)
[176/294]	0.710 (0.601)	75.00 (76.13)
[177/294]	0.161 (0.599)	95.00 (76.24)
[178/294]	0.051 (0.596)	100.00 (76.37)
[179/294]	0.366 (0.594)	80.00 (76.39)
[180/294]	0.306 (0.593)	90.00 (76.46)
[181/294]	0.266 (0.591)	90.00 (76.54)
[182/294]	0.180 (0.589)	90.00 (76.61)
[183/294]	0.177 (0.587)	95.00 (76.71)
[184/294]	2.025 (0.594)	55.00 (76.59)
[185/294]	1.566 (0.600)	70.00 (76.56)
[186/294]	0.073 (0.597)	100.00 (76.68)
[187/294]	0.073 (0.594)	100.00 (76.81)
[188/294]	0.332 (0.593)	85.00 (76.85)
[189/294]	0.234 (0.591)	85.00 (76.89)
[190/294]	0.194 (0.589)	95.00 (76.99)
[191/294]	0.177 (0.586)	90.00 (77.06)
[192/294]	0.125 (0.584)	100.00 (77.18)
[193/294]	0.172 (0.582)	100.00 (77.29)
[194/294]	0.400 (0.581)	75.00 (77.28)
[195/294]	0.509 (0.581)	80.00 (77.30)
[196/294]	0.430 (0.580)	80.00 (77.31)
[197/294]	0.104 (0.577)	100.00 (77.42)
[198/294]	0.460 (0.577)	70.00 (77.39)
[199/294]	0.409 (0.576)	90.00 (77.45)
[200/294]	0.377 (0.575)	80.00 (77.46)
[201/294]	0.337 (0.574)	90.00 (77.52)
[202/294]	0.282 (0.572)	90.00 (77.59)
[203/294]	0.164 (0.570)	95.00 (77.67)
[204/294]	0.108 (0.568)	100.00 (77.78)
[205/294]	0.273 (0.567)	90.00 (77.84)
[206/294]	0.109 (0.565)	100.00 (77.95)
[207/294]	0.175 (0.563)	100.00 (78.05)
[208/294]	0.186 (0.561)	90.00 (78.11)
[209/294]	0.267 (0.559)	90.00 (78.17)
[210/294]	0.079 (0.557)	100.00 (78.27)
[211/294]	0.105 (0.555)	100.00 (78.37)
[212/294]	0.277 (0.554)	85.00 (78.40)
[213/294]	0.151 (0.552)	100.00 (78.50)
[214/294]	0.109 (0.550)	100.00 (78.60)
[215/294]	0.122 (0.548)	100.00 (78.70)
[216/294]	0.145 (0.546)	95.00 (78.78)
[217/294]	0.166 (0.544)	95.00 (78.85)
[218/294]	0.055 (0.542)	100.00 (78.95)
[219/294]	0.214 (0.541)	95.00 (79.02)
[220/294]	0.320 (0.540)	90.00 (79.07)
[221/294]	0.153 (0.538)	100.00 (79.17)
[222/294]	0.047 (0.536)	100.00 (79.26)
[223/294]	0.080 (0.534)	100.00 (79.35)
[224/294]	0.076 (0.531)	100.00 (79.44)
[225/294]	0.076 (0.529)	100.00 (79.54)
[226/294]	0.181 (0.528)	90.00 (79.58)
[227/294]	0.210 (0.527)	95.00 (79.65)
[228/294]	0.402 (0.526)	85.00 (79.67)
[229/294]	0.120 (0.524)	95.00 (79.74)
[230/294]	0.627 (0.525)	75.00 (79.72)
[231/294]	1.026 (0.527)	65.00 (79.66)
[232/294]	0.091 (0.525)	100.00 (79.74)
[233/294]	0.035 (0.523)	100.00 (79.83)
[234/294]	0.246 (0.522)	95.00 (79.89)
[235/294]	0.355 (0.521)	85.00 (79.92)
[236/294]	0.182 (0.520)	95.00 (79.98)
[237/294]	0.196 (0.518)	90.00 (80.02)
[238/294]	0.399 (0.518)	80.00 (80.02)
[239/294]	0.375 (0.517)	80.00 (80.02)
[240/294]	0.110 (0.515)	100.00 (80.10)
[241/294]	0.110 (0.514)	95.00 (80.17)
[242/294]	0.365 (0.513)	75.00 (80.14)
[243/294]	0.115 (0.512)	95.00 (80.20)
[244/294]	0.065 (0.510)	100.00 (80.29)
[245/294]	0.067 (0.508)	100.00 (80.37)
[246/294]	0.054 (0.506)	100.00 (80.45)
[247/294]	0.081 (0.504)	100.00 (80.52)
[248/294]	0.158 (0.503)	95.00 (80.58)
[249/294]	0.418 (0.503)	75.00 (80.56)
[250/294]	0.152 (0.501)	95.00 (80.62)
[251/294]	0.024 (0.499)	100.00 (80.69)
[252/294]	0.024 (0.497)	100.00 (80.77)
[253/294]	0.024 (0.496)	100.00 (80.85)
[254/294]	0.344 (0.495)	85.00 (80.86)
[255/294]	0.193 (0.494)	90.00 (80.90)
[256/294]	0.163 (0.493)	85.00 (80.91)
[257/294]	0.333 (0.492)	90.00 (80.95)
[258/294]	0.089 (0.490)	100.00 (81.02)
[259/294]	0.185 (0.489)	90.00 (81.06)
[260/294]	0.293 (0.488)	85.00 (81.07)
[261/294]	0.997 (0.490)	55.00 (80.97)
[262/294]	0.397 (0.490)	75.00 (80.95)
[263/294]	0.087 (0.488)	100.00 (81.02)
[264/294]	0.086 (0.487)	100.00 (81.09)
[265/294]	0.202 (0.486)	95.00 (81.15)
[266/294]	0.359 (0.485)	80.00 (81.14)
[267/294]	0.481 (0.485)	80.00 (81.14)
[268/294]	0.422 (0.485)	80.00 (81.13)
[269/294]	0.114 (0.484)	95.00 (81.19)
[270/294]	0.013 (0.482)	100.00 (81.25)
[271/294]	0.055 (0.480)	100.00 (81.32)
[272/294]	0.168 (0.479)	90.00 (81.36)
[273/294]	0.124 (0.478)	95.00 (81.41)
[274/294]	0.053 (0.476)	100.00 (81.47)
[275/294]	1.064 (0.479)	60.00 (81.39)
[276/294]	0.678 (0.479)	75.00 (81.37)
[277/294]	0.043 (0.478)	100.00 (81.44)
[278/294]	0.054 (0.476)	100.00 (81.51)
[279/294]	0.035 (0.475)	100.00 (81.57)
[280/294]	0.095 (0.473)	95.00 (81.62)
[281/294]	0.284 (0.473)	85.00 (81.63)
[282/294]	0.091 (0.471)	100.00 (81.70)
[283/294]	0.141 (0.470)	95.00 (81.74)
[284/294]	0.045 (0.469)	100.00 (81.81)
[285/294]	0.768 (0.470)	70.00 (81.77)
[286/294]	0.209 (0.469)	95.00 (81.81)
[287/294]	0.214 (0.468)	90.00 (81.84)
[288/294]	0.353 (0.468)	75.00 (81.82)
[289/294]	0.248 (0.467)	90.00 (81.84)
[290/294]	0.169 (0.466)	90.00 (81.87)
[291/294]	0.136 (0.465)	95.00 (81.92)
[292/294]	0.195 (0.464)	90.00 (81.95)
[293/294]	0.059 (0.463)	100.00 (81.96)
 * Train Acc: 81.964
 * Avg. Data time: 0.004, Avg. Batch time: 0.064, Avg. Forward time: 0.004, Avg. Backward time: 0.052
Computing SI
 * Val Acc: 39.650, Time: 1.86
 * Test Acc: 42.539, Time: 3.46
=============Training Task 2=============
Active output nodes for this task: 
[0, 1, 2, 3, 4, 5]
=============Training Epoch 0=============
#reg terms:  1
Batch	 Loss		 Acc
[0/294]	7.341 (7.341)	0.00 (0.00)
[1/294]	6.448 (6.895)	0.00 (0.00)
[2/294]	5.496 (6.429)	0.00 (0.00)
[3/294]	4.564 (5.962)	0.00 (0.00)
[4/294]	3.112 (5.392)	0.00 (0.00)
[5/294]	2.888 (4.975)	0.00 (0.00)
[6/294]	2.639 (4.641)	0.00 (0.00)
[7/294]	2.030 (4.315)	0.00 (0.00)
[8/294]	2.002 (4.058)	5.00 (0.56)
[9/294]	1.859 (3.838)	25.00 (3.00)
[10/294]	1.853 (3.658)	25.00 (5.00)
[11/294]	1.650 (3.490)	50.00 (8.75)
[12/294]	1.732 (3.355)	50.00 (11.92)
[13/294]	1.763 (3.241)	50.00 (14.64)
[14/294]	1.558 (3.129)	65.00 (18.00)
[15/294]	1.475 (3.026)	85.00 (22.19)
[16/294]	1.339 (2.926)	90.00 (26.18)
[17/294]	1.321 (2.837)	60.00 (28.06)
[18/294]	1.358 (2.759)	60.00 (29.74)
[19/294]	1.202 (2.681)	65.00 (31.50)
[20/294]	1.130 (2.608)	65.00 (33.10)
[21/294]	1.141 (2.541)	55.00 (34.09)
[22/294]	1.081 (2.477)	50.00 (34.78)
[23/294]	0.957 (2.414)	65.00 (36.04)
[24/294]	0.968 (2.356)	75.00 (37.60)
[25/294]	1.008 (2.304)	80.00 (39.23)
[26/294]	0.951 (2.254)	75.00 (40.56)
[27/294]	0.837 (2.204)	90.00 (42.32)
[28/294]	0.875 (2.158)	50.00 (42.59)
[29/294]	0.842 (2.114)	60.00 (43.17)
[30/294]	0.889 (2.074)	60.00 (43.71)
[31/294]	0.954 (2.039)	45.00 (43.75)
[32/294]	0.725 (2.000)	75.00 (44.70)
[33/294]	0.749 (1.963)	75.00 (45.59)
[34/294]	0.826 (1.930)	50.00 (45.71)
[35/294]	0.727 (1.897)	70.00 (46.39)
[36/294]	0.695 (1.864)	80.00 (47.30)
[37/294]	0.639 (1.832)	85.00 (48.29)
[38/294]	0.735 (1.804)	60.00 (48.59)
[39/294]	0.765 (1.778)	60.00 (48.88)
[40/294]	0.669 (1.751)	85.00 (49.76)
[41/294]	0.854 (1.730)	40.00 (49.52)
[42/294]	1.076 (1.714)	50.00 (49.53)
[43/294]	0.797 (1.694)	60.00 (49.77)
[44/294]	0.751 (1.673)	60.00 (50.00)
[45/294]	0.802 (1.654)	60.00 (50.22)
[46/294]	0.659 (1.633)	60.00 (50.43)
[47/294]	0.657 (1.612)	50.00 (50.42)
[48/294]	0.555 (1.591)	75.00 (50.92)
[49/294]	0.756 (1.574)	60.00 (51.10)
[50/294]	0.911 (1.561)	50.00 (51.08)
[51/294]	0.792 (1.546)	60.00 (51.25)
[52/294]	0.540 (1.527)	95.00 (52.08)
[53/294]	0.856 (1.515)	55.00 (52.13)
[54/294]	0.738 (1.501)	60.00 (52.27)
[55/294]	0.698 (1.486)	60.00 (52.41)
[56/294]	0.511 (1.469)	80.00 (52.89)
[57/294]	0.541 (1.453)	85.00 (53.45)
[58/294]	0.647 (1.440)	80.00 (53.90)
[59/294]	0.677 (1.427)	75.00 (54.25)
[60/294]	0.608 (1.413)	75.00 (54.59)
[61/294]	0.737 (1.403)	65.00 (54.76)
[62/294]	0.966 (1.396)	50.00 (54.68)
[63/294]	0.459 (1.381)	95.00 (55.31)
[64/294]	0.681 (1.370)	60.00 (55.38)
[65/294]	0.698 (1.360)	60.00 (55.45)
[66/294]	0.700 (1.350)	60.00 (55.52)
[67/294]	0.604 (1.339)	65.00 (55.66)
[68/294]	0.699 (1.330)	60.00 (55.72)
[69/294]	0.732 (1.321)	60.00 (55.79)
[70/294]	0.704 (1.313)	70.00 (55.99)
[71/294]	0.651 (1.303)	80.00 (56.32)
[72/294]	0.669 (1.295)	60.00 (56.37)
[73/294]	0.666 (1.286)	65.00 (56.49)
[74/294]	0.733 (1.279)	60.00 (56.53)
[75/294]	0.605 (1.270)	75.00 (56.78)
[76/294]	0.648 (1.262)	50.00 (56.69)
[77/294]	0.601 (1.254)	60.00 (56.73)
[78/294]	0.565 (1.245)	75.00 (56.96)
[79/294]	0.584 (1.237)	80.00 (57.25)
[80/294]	0.847 (1.232)	50.00 (57.16)
[81/294]	0.653 (1.225)	65.00 (57.26)
[82/294]	0.536 (1.216)	85.00 (57.59)
[83/294]	0.496 (1.208)	100.00 (58.10)
[84/294]	0.626 (1.201)	50.00 (58.00)
[85/294]	0.690 (1.195)	65.00 (58.08)
[86/294]	0.575 (1.188)	90.00 (58.45)
[87/294]	0.401 (1.179)	100.00 (58.92)
[88/294]	0.511 (1.171)	90.00 (59.27)
[89/294]	0.586 (1.165)	75.00 (59.44)
[90/294]	0.625 (1.159)	90.00 (59.78)
[91/294]	0.716 (1.154)	50.00 (59.67)
[92/294]	0.513 (1.147)	70.00 (59.78)
[93/294]	0.401 (1.139)	90.00 (60.11)
[94/294]	0.736 (1.135)	60.00 (60.11)
[95/294]	0.466 (1.128)	75.00 (60.26)
[96/294]	0.335 (1.120)	95.00 (60.62)
[97/294]	0.357 (1.112)	100.00 (61.02)
[98/294]	0.597 (1.107)	65.00 (61.06)
[99/294]	0.640 (1.102)	70.00 (61.15)
[100/294]	0.542 (1.097)	75.00 (61.29)
[101/294]	0.514 (1.091)	55.00 (61.23)
[102/294]	0.369 (1.084)	95.00 (61.55)
[103/294]	0.443 (1.078)	80.00 (61.73)
[104/294]	0.296 (1.070)	100.00 (62.10)
[105/294]	0.495 (1.065)	80.00 (62.26)
[106/294]	0.954 (1.064)	50.00 (62.15)
[107/294]	1.005 (1.063)	60.00 (62.13)
[108/294]	0.321 (1.057)	90.00 (62.39)
[109/294]	0.278 (1.050)	100.00 (62.73)
[110/294]	0.557 (1.045)	70.00 (62.79)
[111/294]	1.063 (1.045)	35.00 (62.54)
[112/294]	0.652 (1.042)	55.00 (62.48)
[113/294]	0.622 (1.038)	50.00 (62.37)
[114/294]	0.642 (1.035)	60.00 (62.35)
[115/294]	0.485 (1.030)	80.00 (62.50)
[116/294]	0.225 (1.023)	95.00 (62.78)
[117/294]	0.189 (1.016)	100.00 (63.09)
[118/294]	0.200 (1.009)	95.00 (63.36)
[119/294]	0.345 (1.004)	95.00 (63.62)
[120/294]	0.441 (0.999)	85.00 (63.80)
[121/294]	0.506 (0.995)	75.00 (63.89)
[122/294]	0.623 (0.992)	60.00 (63.86)
[123/294]	0.174 (0.985)	95.00 (64.11)
[124/294]	0.170 (0.979)	100.00 (64.40)
[125/294]	0.225 (0.973)	100.00 (64.68)
[126/294]	0.129 (0.966)	100.00 (64.96)
[127/294]	0.221 (0.960)	100.00 (65.23)
[128/294]	0.315 (0.955)	95.00 (65.47)
[129/294]	0.253 (0.950)	100.00 (65.73)
[130/294]	0.245 (0.944)	100.00 (65.99)
[131/294]	0.273 (0.939)	95.00 (66.21)
[132/294]	0.347 (0.935)	85.00 (66.35)
[133/294]	0.238 (0.930)	100.00 (66.60)
[134/294]	0.312 (0.925)	95.00 (66.81)
[135/294]	0.351 (0.921)	85.00 (66.95)
[136/294]	0.586 (0.919)	60.00 (66.90)
[137/294]	0.245 (0.914)	85.00 (67.03)
[138/294]	0.479 (0.911)	75.00 (67.09)
[139/294]	0.848 (0.910)	50.00 (66.96)
[140/294]	0.400 (0.906)	95.00 (67.16)
[141/294]	0.287 (0.902)	80.00 (67.25)
[142/294]	0.326 (0.898)	80.00 (67.34)
[143/294]	0.226 (0.893)	85.00 (67.47)
[144/294]	0.292 (0.889)	90.00 (67.62)
[145/294]	0.238 (0.885)	95.00 (67.81)
[146/294]	0.162 (0.880)	100.00 (68.03)
[147/294]	0.196 (0.875)	95.00 (68.21)
[148/294]	0.259 (0.871)	95.00 (68.39)
[149/294]	0.323 (0.867)	80.00 (68.47)
[150/294]	0.142 (0.863)	95.00 (68.64)
[151/294]	0.374 (0.859)	85.00 (68.75)
[152/294]	0.167 (0.855)	95.00 (68.92)
[153/294]	0.148 (0.850)	95.00 (69.09)
[154/294]	0.419 (0.848)	85.00 (69.19)
[155/294]	0.206 (0.843)	100.00 (69.39)
[156/294]	0.096 (0.839)	100.00 (69.59)
[157/294]	0.072 (0.834)	100.00 (69.78)
[158/294]	0.380 (0.831)	85.00 (69.87)
[159/294]	0.427 (0.828)	80.00 (69.94)
[160/294]	0.093 (0.824)	100.00 (70.12)
[161/294]	0.084 (0.819)	100.00 (70.31)
[162/294]	0.507 (0.817)	85.00 (70.40)
[163/294]	0.322 (0.814)	90.00 (70.52)
[164/294]	0.061 (0.810)	100.00 (70.70)
[165/294]	0.515 (0.808)	80.00 (70.75)
[166/294]	0.430 (0.806)	75.00 (70.78)
[167/294]	0.166 (0.802)	95.00 (70.92)
[168/294]	0.296 (0.799)	85.00 (71.01)
[169/294]	0.288 (0.796)	85.00 (71.09)
[170/294]	0.085 (0.792)	100.00 (71.26)
[171/294]	0.071 (0.788)	100.00 (71.42)
[172/294]	0.073 (0.783)	100.00 (71.59)
[173/294]	0.100 (0.780)	100.00 (71.75)
[174/294]	0.292 (0.777)	90.00 (71.86)
[175/294]	0.082 (0.773)	100.00 (72.02)
[176/294]	0.203 (0.770)	95.00 (72.15)
[177/294]	0.306 (0.767)	85.00 (72.22)
[178/294]	0.296 (0.764)	90.00 (72.32)
[179/294]	0.182 (0.761)	100.00 (72.47)
[180/294]	0.472 (0.760)	75.00 (72.49)
[181/294]	0.783 (0.760)	70.00 (72.47)
[182/294]	0.316 (0.757)	85.00 (72.54)
[183/294]	0.102 (0.754)	100.00 (72.69)
[184/294]	0.070 (0.750)	100.00 (72.84)
[185/294]	0.037 (0.746)	100.00 (72.98)
[186/294]	0.586 (0.745)	75.00 (72.99)
[187/294]	0.610 (0.745)	80.00 (73.03)
[188/294]	0.054 (0.741)	100.00 (73.17)
[189/294]	0.124 (0.738)	100.00 (73.32)
[190/294]	0.094 (0.734)	100.00 (73.46)
[191/294]	0.039 (0.731)	100.00 (73.59)
[192/294]	0.028 (0.727)	100.00 (73.73)
[193/294]	0.027 (0.723)	100.00 (73.87)
[194/294]	0.044 (0.720)	100.00 (74.00)
[195/294]	0.103 (0.717)	100.00 (74.13)
[196/294]	0.674 (0.717)	65.00 (74.09)
[197/294]	0.391 (0.715)	80.00 (74.12)
[198/294]	0.112 (0.712)	95.00 (74.22)
[199/294]	0.036 (0.709)	100.00 (74.35)
[200/294]	0.131 (0.706)	95.00 (74.45)
[201/294]	0.223 (0.703)	85.00 (74.50)
[202/294]	0.098 (0.700)	100.00 (74.63)
[203/294]	0.180 (0.698)	95.00 (74.73)
[204/294]	0.410 (0.696)	80.00 (74.76)
[205/294]	0.211 (0.694)	90.00 (74.83)
[206/294]	0.148 (0.691)	95.00 (74.93)
[207/294]	0.105 (0.689)	100.00 (75.05)
[208/294]	0.077 (0.686)	100.00 (75.17)
[209/294]	0.036 (0.682)	100.00 (75.29)
[210/294]	0.098 (0.680)	100.00 (75.40)
[211/294]	0.137 (0.677)	100.00 (75.52)
[212/294]	0.088 (0.674)	100.00 (75.63)
[213/294]	0.053 (0.671)	100.00 (75.75)
[214/294]	0.836 (0.672)	60.00 (75.67)
[215/294]	0.569 (0.672)	70.00 (75.65)
[216/294]	0.113 (0.669)	100.00 (75.76)
[217/294]	0.203 (0.667)	90.00 (75.83)
[218/294]	0.129 (0.665)	100.00 (75.94)
[219/294]	0.091 (0.662)	100.00 (76.05)
[220/294]	0.094 (0.659)	100.00 (76.15)
[221/294]	0.127 (0.657)	95.00 (76.24)
[222/294]	0.137 (0.655)	95.00 (76.32)
[223/294]	0.194 (0.653)	95.00 (76.41)
[224/294]	0.038 (0.650)	100.00 (76.51)
[225/294]	0.100 (0.647)	95.00 (76.59)
[226/294]	0.469 (0.647)	85.00 (76.63)
[227/294]	0.044 (0.644)	100.00 (76.73)
[228/294]	0.064 (0.642)	100.00 (76.83)
[229/294]	0.165 (0.639)	100.00 (76.93)
[230/294]	0.209 (0.638)	100.00 (77.03)
[231/294]	0.076 (0.635)	100.00 (77.13)
[232/294]	0.066 (0.633)	100.00 (77.23)
[233/294]	0.121 (0.631)	95.00 (77.31)
[234/294]	0.272 (0.629)	85.00 (77.34)
[235/294]	0.076 (0.627)	100.00 (77.44)
[236/294]	0.125 (0.625)	95.00 (77.51)
[237/294]	0.111 (0.622)	95.00 (77.58)
[238/294]	0.269 (0.621)	95.00 (77.66)
[239/294]	0.160 (0.619)	100.00 (77.75)
[240/294]	0.131 (0.617)	100.00 (77.84)
[241/294]	0.299 (0.616)	85.00 (77.87)
[242/294]	0.413 (0.615)	75.00 (77.86)
[243/294]	0.302 (0.614)	85.00 (77.89)
[244/294]	0.109 (0.611)	100.00 (77.98)
[245/294]	0.044 (0.609)	100.00 (78.07)
[246/294]	0.035 (0.607)	100.00 (78.16)
[247/294]	0.067 (0.605)	100.00 (78.25)
[248/294]	0.069 (0.603)	100.00 (78.33)
[249/294]	0.062 (0.600)	100.00 (78.42)
[250/294]	0.116 (0.598)	100.00 (78.51)
[251/294]	0.069 (0.596)	100.00 (78.59)
[252/294]	0.021 (0.594)	100.00 (78.68)
[253/294]	0.051 (0.592)	100.00 (78.76)
[254/294]	0.078 (0.590)	100.00 (78.84)
[255/294]	0.048 (0.588)	100.00 (78.93)
[256/294]	0.076 (0.586)	100.00 (79.01)
[257/294]	0.066 (0.584)	100.00 (79.09)
[258/294]	0.046 (0.582)	100.00 (79.17)
[259/294]	0.286 (0.581)	90.00 (79.21)
[260/294]	0.207 (0.579)	95.00 (79.27)
[261/294]	0.701 (0.580)	65.00 (79.22)
[262/294]	0.365 (0.579)	70.00 (79.18)
[263/294]	0.111 (0.577)	95.00 (79.24)
[264/294]	0.101 (0.575)	100.00 (79.32)
[265/294]	0.273 (0.574)	85.00 (79.34)
[266/294]	0.036 (0.572)	100.00 (79.42)
[267/294]	0.060 (0.570)	100.00 (79.50)
[268/294]	0.234 (0.569)	90.00 (79.54)
[269/294]	0.175 (0.567)	95.00 (79.59)
[270/294]	0.088 (0.566)	95.00 (79.65)
[271/294]	0.213 (0.564)	80.00 (79.65)
[272/294]	0.250 (0.563)	85.00 (79.67)
[273/294]	0.024 (0.561)	100.00 (79.74)
[274/294]	0.031 (0.559)	100.00 (79.82)
[275/294]	0.031 (0.557)	100.00 (79.89)
[276/294]	0.107 (0.556)	100.00 (79.96)
[277/294]	0.236 (0.555)	95.00 (80.02)
[278/294]	0.169 (0.553)	95.00 (80.07)
[279/294]	0.034 (0.551)	100.00 (80.14)
[280/294]	0.077 (0.550)	95.00 (80.20)
[281/294]	0.143 (0.548)	90.00 (80.23)
[282/294]	0.160 (0.547)	95.00 (80.28)
[283/294]	0.156 (0.546)	95.00 (80.33)
[284/294]	0.153 (0.544)	95.00 (80.39)
[285/294]	0.134 (0.543)	100.00 (80.45)
[286/294]	0.407 (0.542)	80.00 (80.45)
[287/294]	0.043 (0.540)	100.00 (80.52)
[288/294]	0.035 (0.539)	100.00 (80.59)
[289/294]	0.053 (0.537)	100.00 (80.66)
[290/294]	0.141 (0.536)	95.00 (80.70)
[291/294]	0.164 (0.534)	90.00 (80.74)
[292/294]	0.041 (0.533)	100.00 (80.80)
[293/294]	0.027 (0.531)	100.00 (80.87)
 * Train Acc: 80.867
 * Avg. Data time: 0.004, Avg. Batch time: 0.065, Avg. Forward time: 0.004, Avg. Backward time: 0.053
Computing SI
 * Val Acc: 29.990, Time: 2.26
 * Test Acc: 32.440, Time: 4.69
=============Training Task 3=============
Active output nodes for this task: 
[0, 1, 2, 3, 4, 5, 6, 7]
=============Training Epoch 0=============
#reg terms:  1
Batch	 Loss		 Acc
[0/294]	8.782 (8.782)	0.00 (0.00)
[1/294]	8.214 (8.498)	0.00 (0.00)
[2/294]	7.183 (8.060)	0.00 (0.00)
[3/294]	4.892 (7.268)	0.00 (0.00)
[4/294]	4.246 (6.664)	0.00 (0.00)
[5/294]	4.377 (6.282)	0.00 (0.00)
[6/294]	4.319 (6.002)	0.00 (0.00)
[7/294]	3.173 (5.648)	0.00 (0.00)
[8/294]	2.795 (5.331)	0.00 (0.00)
[9/294]	2.671 (5.065)	15.00 (1.50)
[10/294]	2.492 (4.831)	5.00 (1.82)
[11/294]	2.152 (4.608)	25.00 (3.75)
[12/294]	2.125 (4.417)	40.00 (6.54)
[13/294]	2.069 (4.249)	45.00 (9.29)
[14/294]	1.535 (4.068)	50.00 (12.00)
[15/294]	1.301 (3.895)	60.00 (15.00)
[16/294]	1.259 (3.740)	60.00 (17.65)
[17/294]	1.426 (3.612)	50.00 (19.44)
[18/294]	2.099 (3.532)	55.00 (21.32)
[19/294]	1.993 (3.455)	60.00 (23.25)
[20/294]	1.599 (3.367)	60.00 (25.00)
[21/294]	1.041 (3.261)	75.00 (27.27)
[22/294]	0.755 (3.152)	90.00 (30.00)
[23/294]	0.523 (3.043)	100.00 (32.92)
[24/294]	0.736 (2.950)	90.00 (35.20)
[25/294]	0.899 (2.871)	75.00 (36.73)
[26/294]	1.256 (2.812)	55.00 (37.41)
[27/294]	1.485 (2.764)	50.00 (37.86)
[28/294]	0.783 (2.696)	75.00 (39.14)
[29/294]	0.707 (2.630)	75.00 (40.33)
[30/294]	0.512 (2.561)	80.00 (41.61)
[31/294]	0.425 (2.494)	100.00 (43.44)
[32/294]	0.441 (2.432)	90.00 (44.85)
[33/294]	0.291 (2.369)	100.00 (46.47)
[34/294]	0.380 (2.312)	100.00 (48.00)
[35/294]	0.413 (2.260)	100.00 (49.44)
[36/294]	0.331 (2.208)	100.00 (50.81)
[37/294]	0.423 (2.161)	90.00 (51.84)
[38/294]	0.763 (2.125)	70.00 (52.31)
[39/294]	0.367 (2.081)	100.00 (53.50)
[40/294]	0.276 (2.037)	100.00 (54.63)
[41/294]	0.295 (1.995)	100.00 (55.71)
[42/294]	0.880 (1.969)	65.00 (55.93)
[43/294]	0.895 (1.945)	65.00 (56.14)
[44/294]	1.122 (1.927)	50.00 (56.00)
[45/294]	0.287 (1.891)	90.00 (56.74)
[46/294]	0.287 (1.857)	95.00 (57.55)
[47/294]	0.363 (1.826)	90.00 (58.23)
[48/294]	0.237 (1.793)	100.00 (59.08)
[49/294]	1.131 (1.780)	30.00 (58.50)
[50/294]	0.565 (1.756)	70.00 (58.73)
[51/294]	0.372 (1.730)	85.00 (59.23)
[52/294]	0.317 (1.703)	100.00 (60.00)
[53/294]	0.490 (1.681)	80.00 (60.37)
[54/294]	0.663 (1.662)	75.00 (60.64)
[55/294]	0.462 (1.641)	75.00 (60.89)
[56/294]	0.157 (1.615)	100.00 (61.58)
[57/294]	0.270 (1.591)	100.00 (62.24)
[58/294]	0.258 (1.569)	100.00 (62.88)
[59/294]	0.153 (1.545)	100.00 (63.50)
[60/294]	0.131 (1.522)	100.00 (64.10)
[61/294]	0.239 (1.501)	95.00 (64.60)
[62/294]	0.484 (1.485)	85.00 (64.92)
[63/294]	0.816 (1.475)	65.00 (64.92)
[64/294]	0.486 (1.460)	80.00 (65.15)
[65/294]	0.186 (1.440)	100.00 (65.68)
[66/294]	0.137 (1.421)	100.00 (66.19)
[67/294]	0.216 (1.403)	100.00 (66.69)
[68/294]	0.236 (1.386)	100.00 (67.17)
[69/294]	0.266 (1.370)	100.00 (67.64)
[70/294]	0.400 (1.356)	85.00 (67.89)
[71/294]	0.513 (1.345)	85.00 (68.12)
[72/294]	0.380 (1.332)	90.00 (68.42)
[73/294]	0.395 (1.319)	85.00 (68.65)
[74/294]	1.327 (1.319)	60.00 (68.53)
[75/294]	0.898 (1.313)	65.00 (68.49)
[76/294]	0.256 (1.300)	95.00 (68.83)
[77/294]	0.095 (1.284)	100.00 (69.23)
[78/294]	0.244 (1.271)	95.00 (69.56)
[79/294]	0.476 (1.261)	85.00 (69.75)
[80/294]	0.811 (1.256)	50.00 (69.51)
[81/294]	0.260 (1.243)	95.00 (69.82)
[82/294]	0.141 (1.230)	100.00 (70.18)
[83/294]	0.109 (1.217)	100.00 (70.54)
[84/294]	0.087 (1.204)	100.00 (70.88)
[85/294]	0.172 (1.192)	100.00 (71.22)
[86/294]	0.411 (1.183)	80.00 (71.32)
[87/294]	0.999 (1.180)	50.00 (71.08)
[88/294]	0.460 (1.172)	70.00 (71.07)
[89/294]	0.453 (1.164)	85.00 (71.22)
[90/294]	0.309 (1.155)	90.00 (71.43)
[91/294]	0.257 (1.145)	95.00 (71.68)
[92/294]	0.165 (1.135)	100.00 (71.99)
[93/294]	0.136 (1.124)	100.00 (72.29)
[94/294]	0.469 (1.117)	90.00 (72.47)
[95/294]	0.350 (1.109)	90.00 (72.66)
[96/294]	0.278 (1.101)	95.00 (72.89)
[97/294]	0.128 (1.091)	100.00 (73.16)
[98/294]	0.113 (1.081)	100.00 (73.43)
[99/294]	0.212 (1.072)	100.00 (73.70)
[100/294]	0.268 (1.064)	95.00 (73.91)
[101/294]	0.107 (1.055)	100.00 (74.17)
[102/294]	0.154 (1.046)	100.00 (74.42)
[103/294]	0.126 (1.037)	100.00 (74.66)
[104/294]	0.143 (1.029)	100.00 (74.90)
[105/294]	0.072 (1.020)	100.00 (75.14)
[106/294]	0.106 (1.011)	100.00 (75.37)
[107/294]	0.104 (1.003)	100.00 (75.60)
[108/294]	0.060 (0.994)	100.00 (75.83)
[109/294]	0.075 (0.986)	100.00 (76.05)
[110/294]	0.078 (0.977)	100.00 (76.26)
[111/294]	0.101 (0.970)	100.00 (76.47)
[112/294]	0.066 (0.962)	100.00 (76.68)
[113/294]	0.099 (0.954)	100.00 (76.89)
[114/294]	0.239 (0.948)	90.00 (77.00)
[115/294]	0.740 (0.946)	50.00 (76.77)
[116/294]	0.260 (0.940)	85.00 (76.84)
[117/294]	0.113 (0.933)	100.00 (77.03)
[118/294]	0.228 (0.927)	95.00 (77.18)
[119/294]	0.067 (0.920)	100.00 (77.38)
[120/294]	0.066 (0.913)	100.00 (77.56)
[121/294]	0.077 (0.906)	100.00 (77.75)
[122/294]	0.265 (0.901)	85.00 (77.80)
[123/294]	0.105 (0.895)	95.00 (77.94)
[124/294]	0.154 (0.889)	95.00 (78.08)
[125/294]	0.229 (0.883)	95.00 (78.21)
[126/294]	0.323 (0.879)	90.00 (78.31)
[127/294]	0.352 (0.875)	90.00 (78.40)
[128/294]	0.083 (0.869)	100.00 (78.57)
[129/294]	0.156 (0.863)	100.00 (78.73)
[130/294]	0.273 (0.859)	90.00 (78.82)
[131/294]	0.456 (0.856)	80.00 (78.83)
[132/294]	0.263 (0.851)	90.00 (78.91)
[133/294]	0.119 (0.846)	100.00 (79.07)
[134/294]	0.157 (0.841)	100.00 (79.22)
[135/294]	0.281 (0.837)	95.00 (79.34)
[136/294]	0.313 (0.833)	90.00 (79.42)
[137/294]	0.362 (0.829)	85.00 (79.46)
[138/294]	0.059 (0.824)	100.00 (79.60)
[139/294]	0.061 (0.818)	100.00 (79.75)
[140/294]	0.771 (0.818)	80.00 (79.75)
[141/294]	0.354 (0.815)	90.00 (79.82)
[142/294]	0.227 (0.811)	90.00 (79.90)
[143/294]	0.078 (0.806)	100.00 (80.03)
[144/294]	0.161 (0.801)	95.00 (80.14)
[145/294]	0.076 (0.796)	100.00 (80.27)
[146/294]	0.575 (0.795)	75.00 (80.24)
[147/294]	0.313 (0.791)	85.00 (80.27)
[148/294]	0.075 (0.787)	100.00 (80.40)
[149/294]	0.068 (0.782)	100.00 (80.53)
[150/294]	0.142 (0.778)	100.00 (80.66)
[151/294]	0.086 (0.773)	100.00 (80.79)
[152/294]	0.066 (0.768)	100.00 (80.92)
[153/294]	0.202 (0.765)	95.00 (81.01)
[154/294]	0.154 (0.761)	100.00 (81.13)
[155/294]	0.161 (0.757)	100.00 (81.25)
[156/294]	0.200 (0.753)	95.00 (81.34)
[157/294]	0.233 (0.750)	95.00 (81.42)
[158/294]	0.096 (0.746)	100.00 (81.54)
[159/294]	0.127 (0.742)	95.00 (81.62)
[160/294]	0.154 (0.738)	100.00 (81.74)
[161/294]	0.173 (0.735)	95.00 (81.82)
[162/294]	0.228 (0.732)	90.00 (81.87)
[163/294]	0.222 (0.729)	90.00 (81.92)
[164/294]	0.151 (0.725)	100.00 (82.03)
[165/294]	0.363 (0.723)	85.00 (82.05)
[166/294]	0.256 (0.720)	95.00 (82.13)
[167/294]	0.237 (0.717)	90.00 (82.17)
[168/294]	0.091 (0.714)	100.00 (82.28)
[169/294]	0.088 (0.710)	100.00 (82.38)
[170/294]	0.067 (0.706)	100.00 (82.49)
[171/294]	0.101 (0.703)	95.00 (82.56)
[172/294]	0.558 (0.702)	65.00 (82.46)
[173/294]	0.486 (0.701)	70.00 (82.39)
[174/294]	0.078 (0.697)	100.00 (82.49)
[175/294]	0.288 (0.695)	100.00 (82.59)
[176/294]	0.152 (0.692)	100.00 (82.68)
[177/294]	0.058 (0.688)	100.00 (82.78)
[178/294]	0.045 (0.685)	100.00 (82.88)
[179/294]	0.223 (0.682)	90.00 (82.92)
[180/294]	0.406 (0.680)	85.00 (82.93)
[181/294]	0.063 (0.677)	100.00 (83.02)
[182/294]	0.043 (0.674)	100.00 (83.11)
[183/294]	0.177 (0.671)	90.00 (83.15)
[184/294]	0.209 (0.668)	90.00 (83.19)
[185/294]	0.125 (0.665)	100.00 (83.28)
[186/294]	0.149 (0.663)	100.00 (83.37)
[187/294]	0.149 (0.660)	100.00 (83.46)
[188/294]	0.118 (0.657)	100.00 (83.54)
[189/294]	0.089 (0.654)	100.00 (83.63)
[190/294]	0.056 (0.651)	100.00 (83.72)
[191/294]	0.044 (0.648)	100.00 (83.80)
[192/294]	0.098 (0.645)	100.00 (83.89)
[193/294]	0.049 (0.642)	100.00 (83.97)
[194/294]	0.070 (0.639)	100.00 (84.05)
[195/294]	0.038 (0.636)	100.00 (84.13)
[196/294]	2.555 (0.646)	50.00 (83.96)
[197/294]	0.640 (0.646)	80.00 (83.94)
[198/294]	0.042 (0.643)	100.00 (84.02)
[199/294]	0.162 (0.640)	100.00 (84.10)
[200/294]	0.084 (0.637)	100.00 (84.18)
[201/294]	0.042 (0.634)	100.00 (84.26)
[202/294]	0.076 (0.632)	100.00 (84.33)
[203/294]	0.171 (0.629)	100.00 (84.41)
[204/294]	0.088 (0.627)	100.00 (84.49)
[205/294]	0.101 (0.624)	100.00 (84.56)
[206/294]	0.061 (0.622)	100.00 (84.64)
[207/294]	0.086 (0.619)	100.00 (84.71)
[208/294]	0.070 (0.616)	100.00 (84.78)
[209/294]	0.086 (0.614)	100.00 (84.86)
[210/294]	0.166 (0.612)	100.00 (84.93)
[211/294]	0.269 (0.610)	95.00 (84.98)
[212/294]	0.439 (0.609)	85.00 (84.98)
[213/294]	0.503 (0.609)	70.00 (84.91)
[214/294]	0.097 (0.606)	100.00 (84.98)
[215/294]	0.082 (0.604)	100.00 (85.05)
[216/294]	0.103 (0.602)	100.00 (85.12)
[217/294]	0.110 (0.599)	100.00 (85.18)
[218/294]	0.063 (0.597)	100.00 (85.25)
[219/294]	0.073 (0.595)	100.00 (85.32)
[220/294]	0.087 (0.592)	100.00 (85.38)
[221/294]	0.045 (0.590)	100.00 (85.45)
[222/294]	0.050 (0.587)	100.00 (85.52)
[223/294]	0.063 (0.585)	100.00 (85.58)
[224/294]	0.077 (0.583)	100.00 (85.64)
[225/294]	0.080 (0.581)	100.00 (85.71)
[226/294]	0.068 (0.578)	100.00 (85.77)
[227/294]	0.036 (0.576)	100.00 (85.83)
[228/294]	0.119 (0.574)	100.00 (85.90)
[229/294]	0.265 (0.573)	95.00 (85.93)
[230/294]	0.674 (0.573)	75.00 (85.89)
[231/294]	0.040 (0.571)	100.00 (85.95)
[232/294]	0.090 (0.569)	100.00 (86.01)
[233/294]	0.128 (0.567)	95.00 (86.05)
[234/294]	0.725 (0.567)	60.00 (85.94)
[235/294]	0.345 (0.567)	85.00 (85.93)
[236/294]	0.238 (0.565)	95.00 (85.97)
[237/294]	0.060 (0.563)	100.00 (86.03)
[238/294]	0.062 (0.561)	100.00 (86.09)
[239/294]	0.053 (0.559)	100.00 (86.15)
[240/294]	0.063 (0.557)	100.00 (86.20)
[241/294]	0.363 (0.556)	85.00 (86.20)
[242/294]	0.211 (0.555)	85.00 (86.19)
[243/294]	0.069 (0.553)	100.00 (86.25)
[244/294]	0.098 (0.551)	100.00 (86.31)
[245/294]	0.345 (0.550)	85.00 (86.30)
[246/294]	0.492 (0.550)	70.00 (86.23)
[247/294]	0.224 (0.548)	95.00 (86.27)
[248/294]	0.074 (0.546)	100.00 (86.33)
[249/294]	0.111 (0.545)	100.00 (86.38)
[250/294]	0.323 (0.544)	85.00 (86.37)
[251/294]	0.633 (0.544)	65.00 (86.29)
[252/294]	0.040 (0.542)	100.00 (86.34)
[253/294]	0.040 (0.540)	100.00 (86.40)
[254/294]	0.041 (0.538)	100.00 (86.45)
[255/294]	0.046 (0.536)	100.00 (86.50)
[256/294]	0.116 (0.535)	95.00 (86.54)
[257/294]	0.066 (0.533)	100.00 (86.59)
[258/294]	0.049 (0.531)	100.00 (86.64)
[259/294]	0.215 (0.530)	95.00 (86.67)
[260/294]	0.041 (0.528)	100.00 (86.72)
[261/294]	0.039 (0.526)	100.00 (86.77)
[262/294]	0.064 (0.524)	100.00 (86.83)
[263/294]	0.056 (0.522)	100.00 (86.88)
[264/294]	0.062 (0.521)	100.00 (86.92)
[265/294]	0.285 (0.520)	80.00 (86.90)
[266/294]	0.055 (0.518)	100.00 (86.95)
[267/294]	0.048 (0.516)	100.00 (87.00)
[268/294]	0.041 (0.515)	100.00 (87.04)
[269/294]	0.038 (0.513)	100.00 (87.09)
[270/294]	0.094 (0.511)	95.00 (87.12)
[271/294]	0.068 (0.510)	100.00 (87.17)
[272/294]	0.192 (0.508)	95.00 (87.20)
[273/294]	0.041 (0.507)	100.00 (87.24)
[274/294]	0.065 (0.505)	100.00 (87.29)
[275/294]	0.049 (0.504)	100.00 (87.34)
[276/294]	0.059 (0.502)	100.00 (87.38)
[277/294]	0.075 (0.500)	95.00 (87.41)
[278/294]	0.038 (0.499)	100.00 (87.46)
[279/294]	0.063 (0.497)	100.00 (87.50)
[280/294]	0.179 (0.496)	95.00 (87.53)
[281/294]	0.195 (0.495)	95.00 (87.55)
[282/294]	0.102 (0.494)	100.00 (87.60)
[283/294]	0.040 (0.492)	100.00 (87.64)
[284/294]	0.032 (0.490)	100.00 (87.68)
[285/294]	0.035 (0.489)	100.00 (87.73)
[286/294]	0.094 (0.487)	100.00 (87.77)
[287/294]	0.066 (0.486)	100.00 (87.81)
[288/294]	0.034 (0.484)	100.00 (87.85)
[289/294]	0.316 (0.484)	90.00 (87.86)
[290/294]	0.395 (0.483)	85.00 (87.85)
[291/294]	0.435 (0.483)	80.00 (87.83)
[292/294]	0.165 (0.482)	95.00 (87.85)
[293/294]	0.087 (0.481)	100.00 (87.89)
 * Train Acc: 87.891
 * Avg. Data time: 0.005, Avg. Batch time: 0.063, Avg. Forward time: 0.004, Avg. Backward time: 0.048
Computing SI
 * Val Acc: 25.234, Time: 2.77
 * Test Acc: 24.265, Time: 6.73
=============Training Task 4=============
Active output nodes for this task: 
[0, 1, 2, 3, 4, 5, 6, 7, 8, 9]
=============Training Epoch 0=============
#reg terms:  1
Batch	 Loss		 Acc
[0/294]	9.867 (9.867)	0.00 (0.00)
[1/294]	12.138 (11.003)	0.00 (0.00)
[2/294]	10.135 (10.713)	0.00 (0.00)
[3/294]	3.671 (8.953)	0.00 (0.00)
[4/294]	3.765 (7.915)	0.00 (0.00)
[5/294]	3.495 (7.179)	0.00 (0.00)
[6/294]	3.451 (6.646)	0.00 (0.00)
[7/294]	3.478 (6.250)	0.00 (0.00)
[8/294]	3.379 (5.931)	0.00 (0.00)
[9/294]	3.292 (5.667)	0.00 (0.00)
[10/294]	3.121 (5.436)	0.00 (0.00)
[11/294]	3.057 (5.237)	0.00 (0.00)
[12/294]	3.049 (5.069)	0.00 (0.00)
[13/294]	3.024 (4.923)	0.00 (0.00)
[14/294]	2.926 (4.790)	0.00 (0.00)
[15/294]	2.800 (4.666)	0.00 (0.00)
[16/294]	2.713 (4.551)	0.00 (0.00)
[17/294]	2.695 (4.448)	0.00 (0.00)
[18/294]	2.585 (4.350)	35.00 (1.84)
[19/294]	2.512 (4.258)	30.00 (3.25)
[20/294]	2.493 (4.174)	5.00 (3.33)
[21/294]	2.427 (4.094)	35.00 (4.77)
[22/294]	2.410 (4.021)	45.00 (6.52)
[23/294]	2.301 (3.949)	40.00 (7.92)
[24/294]	2.355 (3.886)	35.00 (9.00)
[25/294]	2.199 (3.821)	50.00 (10.58)
[26/294]	1.905 (3.750)	65.00 (12.59)
[27/294]	1.783 (3.680)	85.00 (15.18)
[28/294]	1.722 (3.612)	50.00 (16.38)
[29/294]	1.658 (3.547)	50.00 (17.50)
[30/294]	1.545 (3.482)	50.00 (18.55)
[31/294]	1.751 (3.428)	65.00 (20.00)
[32/294]	1.503 (3.370)	50.00 (20.91)
[33/294]	1.350 (3.310)	50.00 (21.76)
[34/294]	1.317 (3.254)	45.00 (22.43)
[35/294]	0.769 (3.185)	100.00 (24.58)
[36/294]	0.902 (3.123)	70.00 (25.81)
[37/294]	0.953 (3.066)	65.00 (26.84)
[38/294]	0.860 (3.009)	65.00 (27.82)
[39/294]	1.035 (2.960)	35.00 (28.00)
[40/294]	1.026 (2.913)	30.00 (28.05)
[41/294]	0.956 (2.866)	50.00 (28.57)
[42/294]	1.002 (2.823)	50.00 (29.07)
[43/294]	0.928 (2.780)	50.00 (29.55)
[44/294]	0.842 (2.737)	65.00 (30.33)
[45/294]	0.835 (2.695)	75.00 (31.30)
[46/294]	0.890 (2.657)	70.00 (32.13)
[47/294]	0.897 (2.620)	65.00 (32.81)
[48/294]	0.807 (2.583)	100.00 (34.18)
[49/294]	0.897 (2.549)	60.00 (34.70)
[50/294]	0.884 (2.517)	60.00 (35.20)
[51/294]	0.844 (2.485)	75.00 (35.96)
[52/294]	0.634 (2.450)	90.00 (36.98)
[53/294]	0.747 (2.418)	85.00 (37.87)
[54/294]	0.862 (2.390)	65.00 (38.36)
[55/294]	0.904 (2.363)	45.00 (38.48)
[56/294]	0.763 (2.335)	85.00 (39.30)
[57/294]	0.636 (2.306)	95.00 (40.26)
[58/294]	0.681 (2.278)	85.00 (41.02)
[59/294]	0.856 (2.255)	50.00 (41.17)
[60/294]	0.773 (2.230)	50.00 (41.31)
[61/294]	0.718 (2.206)	70.00 (41.77)
[62/294]	0.559 (2.180)	90.00 (42.54)
[63/294]	0.638 (2.156)	90.00 (43.28)
[64/294]	0.854 (2.136)	65.00 (43.62)
[65/294]	0.967 (2.118)	50.00 (43.71)
[66/294]	0.875 (2.100)	40.00 (43.66)
[67/294]	0.731 (2.079)	70.00 (44.04)
[68/294]	0.703 (2.059)	60.00 (44.28)
[69/294]	0.628 (2.039)	75.00 (44.71)
[70/294]	0.480 (2.017)	100.00 (45.49)
[71/294]	0.527 (1.996)	95.00 (46.18)
[72/294]	0.487 (1.976)	95.00 (46.85)
[73/294]	0.529 (1.956)	100.00 (47.57)
[74/294]	0.940 (1.943)	55.00 (47.67)
[75/294]	0.677 (1.926)	70.00 (47.96)
[76/294]	0.373 (1.906)	100.00 (48.64)
[77/294]	0.618 (1.889)	85.00 (49.10)
[78/294]	0.567 (1.873)	95.00 (49.68)
[79/294]	0.561 (1.856)	90.00 (50.19)
[80/294]	0.554 (1.840)	75.00 (50.49)
[81/294]	0.481 (1.823)	90.00 (50.98)
[82/294]	0.559 (1.808)	85.00 (51.39)
[83/294]	0.821 (1.796)	70.00 (51.61)
[84/294]	0.651 (1.783)	75.00 (51.88)
[85/294]	0.608 (1.769)	85.00 (52.27)
[86/294]	0.438 (1.754)	85.00 (52.64)
[87/294]	0.504 (1.740)	85.00 (53.01)
[88/294]	0.593 (1.727)	90.00 (53.43)
[89/294]	0.513 (1.713)	95.00 (53.89)
[90/294]	0.651 (1.702)	75.00 (54.12)
[91/294]	0.462 (1.688)	95.00 (54.57)
[92/294]	0.389 (1.674)	95.00 (55.00)
[93/294]	0.437 (1.661)	100.00 (55.48)
[94/294]	0.607 (1.650)	80.00 (55.74)
[95/294]	0.599 (1.639)	70.00 (55.89)
[96/294]	0.676 (1.629)	60.00 (55.93)
[97/294]	0.335 (1.616)	95.00 (56.33)
[98/294]	1.100 (1.611)	50.00 (56.26)
[99/294]	0.677 (1.601)	60.00 (56.30)
[100/294]	0.444 (1.590)	75.00 (56.49)
[101/294]	0.459 (1.579)	75.00 (56.67)
[102/294]	0.217 (1.566)	95.00 (57.04)
[103/294]	0.330 (1.554)	90.00 (57.36)
[104/294]	0.968 (1.548)	55.00 (57.33)
[105/294]	0.483 (1.538)	65.00 (57.41)
[106/294]	0.623 (1.530)	65.00 (57.48)
[107/294]	0.833 (1.523)	65.00 (57.55)
[108/294]	0.480 (1.514)	95.00 (57.89)
[109/294]	0.411 (1.504)	90.00 (58.18)
[110/294]	0.508 (1.495)	75.00 (58.33)
[111/294]	0.681 (1.487)	55.00 (58.30)
[112/294]	0.484 (1.478)	80.00 (58.50)
[113/294]	0.577 (1.471)	80.00 (58.68)
[114/294]	0.503 (1.462)	95.00 (59.00)
[115/294]	0.524 (1.454)	70.00 (59.09)
[116/294]	0.311 (1.444)	100.00 (59.44)
[117/294]	0.277 (1.434)	95.00 (59.75)
[118/294]	0.103 (1.423)	100.00 (60.08)
[119/294]	0.315 (1.414)	90.00 (60.33)
[120/294]	0.161 (1.404)	100.00 (60.66)
[121/294]	0.386 (1.395)	90.00 (60.90)
[122/294]	0.664 (1.389)	75.00 (61.02)
[123/294]	0.771 (1.384)	65.00 (61.05)
[124/294]	0.324 (1.376)	85.00 (61.24)
[125/294]	0.109 (1.366)	100.00 (61.55)
[126/294]	0.530 (1.359)	80.00 (61.69)
[127/294]	0.647 (1.354)	75.00 (61.80)
[128/294]	0.498 (1.347)	70.00 (61.86)
[129/294]	0.207 (1.338)	100.00 (62.15)
[130/294]	0.253 (1.330)	100.00 (62.44)
[131/294]	0.340 (1.322)	100.00 (62.73)
[132/294]	0.759 (1.318)	55.00 (62.67)
[133/294]	0.232 (1.310)	100.00 (62.95)
[134/294]	0.208 (1.302)	100.00 (63.22)
[135/294]	0.197 (1.294)	100.00 (63.49)
[136/294]	0.202 (1.286)	100.00 (63.76)
[137/294]	0.261 (1.278)	90.00 (63.95)
[138/294]	0.236 (1.271)	100.00 (64.21)
[139/294]	0.341 (1.264)	90.00 (64.39)
[140/294]	0.613 (1.260)	80.00 (64.50)
[141/294]	0.484 (1.254)	80.00 (64.61)
[142/294]	0.208 (1.247)	100.00 (64.86)
[143/294]	0.241 (1.240)	100.00 (65.10)
[144/294]	0.556 (1.235)	70.00 (65.14)
[145/294]	0.386 (1.229)	95.00 (65.34)
[146/294]	0.134 (1.222)	100.00 (65.58)
[147/294]	0.081 (1.214)	100.00 (65.81)
[148/294]	0.220 (1.208)	95.00 (66.01)
[149/294]	0.557 (1.203)	75.00 (66.07)
[150/294]	0.385 (1.198)	80.00 (66.16)
[151/294]	0.176 (1.191)	100.00 (66.38)
[152/294]	0.194 (1.185)	90.00 (66.54)
[153/294]	0.076 (1.177)	100.00 (66.75)
[154/294]	0.152 (1.171)	100.00 (66.97)
[155/294]	0.409 (1.166)	85.00 (67.08)
[156/294]	0.268 (1.160)	95.00 (67.26)
[157/294]	0.293 (1.155)	90.00 (67.41)
[158/294]	0.314 (1.149)	85.00 (67.52)
[159/294]	0.169 (1.143)	95.00 (67.69)
[160/294]	0.194 (1.137)	95.00 (67.86)
[161/294]	0.185 (1.131)	100.00 (68.06)
[162/294]	0.222 (1.126)	100.00 (68.25)
[163/294]	0.278 (1.121)	95.00 (68.41)
[164/294]	0.088 (1.114)	100.00 (68.61)
[165/294]	0.082 (1.108)	100.00 (68.80)
[166/294]	0.111 (1.102)	100.00 (68.98)
[167/294]	0.150 (1.097)	100.00 (69.17)
[168/294]	0.074 (1.091)	100.00 (69.35)
[169/294]	0.186 (1.085)	95.00 (69.50)
[170/294]	0.182 (1.080)	100.00 (69.68)
[171/294]	0.084 (1.074)	100.00 (69.85)
[172/294]	0.179 (1.069)	100.00 (70.03)
[173/294]	0.140 (1.064)	100.00 (70.20)
[174/294]	0.104 (1.058)	100.00 (70.37)
[175/294]	0.094 (1.053)	100.00 (70.54)
[176/294]	0.076 (1.047)	100.00 (70.71)
[177/294]	0.142 (1.042)	100.00 (70.87)
[178/294]	0.409 (1.039)	95.00 (71.01)
[179/294]	0.168 (1.034)	90.00 (71.11)
[180/294]	0.115 (1.029)	100.00 (71.27)
[181/294]	0.158 (1.024)	100.00 (71.43)
[182/294]	0.420 (1.021)	90.00 (71.53)
[183/294]	0.481 (1.018)	85.00 (71.60)
[184/294]	0.150 (1.013)	95.00 (71.73)
[185/294]	0.129 (1.008)	100.00 (71.88)
[186/294]	0.255 (1.004)	85.00 (71.95)
[187/294]	0.243 (1.000)	90.00 (72.05)
[188/294]	0.074 (0.995)	100.00 (72.20)
[189/294]	0.082 (0.990)	100.00 (72.34)
[190/294]	0.099 (0.986)	100.00 (72.49)
[191/294]	0.322 (0.982)	85.00 (72.55)
[192/294]	0.267 (0.979)	90.00 (72.64)
[193/294]	0.128 (0.974)	100.00 (72.78)
[194/294]	0.221 (0.970)	90.00 (72.87)
[195/294]	0.112 (0.966)	100.00 (73.01)
[196/294]	0.066 (0.961)	100.00 (73.15)
[197/294]	0.058 (0.957)	100.00 (73.28)
[198/294]	0.060 (0.952)	100.00 (73.42)
[199/294]	0.216 (0.949)	95.00 (73.53)
[200/294]	0.224 (0.945)	90.00 (73.61)
[201/294]	0.093 (0.941)	100.00 (73.74)
[202/294]	0.105 (0.937)	100.00 (73.87)
[203/294]	0.144 (0.933)	95.00 (73.97)
[204/294]	0.099 (0.929)	100.00 (74.10)
[205/294]	0.141 (0.925)	95.00 (74.20)
[206/294]	0.096 (0.921)	100.00 (74.32)
[207/294]	0.105 (0.917)	100.00 (74.45)
[208/294]	0.075 (0.913)	100.00 (74.57)
[209/294]	0.066 (0.909)	100.00 (74.69)
[210/294]	0.064 (0.905)	100.00 (74.81)
[211/294]	0.060 (0.901)	100.00 (74.93)
[212/294]	0.062 (0.897)	100.00 (75.05)
[213/294]	0.088 (0.893)	100.00 (75.16)
[214/294]	0.478 (0.891)	75.00 (75.16)
[215/294]	0.284 (0.888)	80.00 (75.19)
[216/294]	0.055 (0.885)	100.00 (75.30)
[217/294]	0.178 (0.881)	95.00 (75.39)
[218/294]	0.097 (0.878)	100.00 (75.50)
[219/294]	0.145 (0.874)	100.00 (75.61)
[220/294]	0.054 (0.871)	100.00 (75.72)
[221/294]	0.080 (0.867)	100.00 (75.83)
[222/294]	0.084 (0.864)	100.00 (75.94)
[223/294]	0.070 (0.860)	100.00 (76.05)
[224/294]	0.531 (0.859)	85.00 (76.09)
[225/294]	0.208 (0.856)	95.00 (76.17)
[226/294]	0.373 (0.854)	90.00 (76.23)
[227/294]	0.519 (0.852)	85.00 (76.27)
[228/294]	0.290 (0.850)	95.00 (76.35)
[229/294]	0.150 (0.847)	95.00 (76.43)
[230/294]	0.181 (0.844)	95.00 (76.52)
[231/294]	0.115 (0.841)	95.00 (76.59)
[232/294]	0.056 (0.837)	100.00 (76.70)
[233/294]	0.200 (0.835)	90.00 (76.75)
[234/294]	0.736 (0.834)	80.00 (76.77)
[235/294]	0.159 (0.831)	95.00 (76.84)
[236/294]	0.062 (0.828)	100.00 (76.94)
[237/294]	0.098 (0.825)	100.00 (77.04)
[238/294]	0.460 (0.823)	80.00 (77.05)
[239/294]	0.198 (0.821)	95.00 (77.12)
[240/294]	0.072 (0.818)	100.00 (77.22)
[241/294]	0.058 (0.815)	100.00 (77.31)
[242/294]	0.077 (0.812)	100.00 (77.41)
[243/294]	0.060 (0.808)	100.00 (77.50)
[244/294]	0.053 (0.805)	100.00 (77.59)
[245/294]	0.047 (0.802)	100.00 (77.68)
[246/294]	0.050 (0.799)	100.00 (77.77)
[247/294]	0.054 (0.796)	100.00 (77.86)
[248/294]	0.149 (0.794)	95.00 (77.93)
[249/294]	0.087 (0.791)	100.00 (78.02)
[250/294]	0.199 (0.788)	90.00 (78.07)
[251/294]	0.143 (0.786)	95.00 (78.13)
[252/294]	0.198 (0.784)	85.00 (78.16)
[253/294]	0.152 (0.781)	100.00 (78.25)
[254/294]	0.134 (0.779)	100.00 (78.33)
[255/294]	0.148 (0.776)	100.00 (78.42)
[256/294]	0.107 (0.774)	100.00 (78.50)
[257/294]	0.098 (0.771)	100.00 (78.59)
[258/294]	0.053 (0.768)	100.00 (78.67)
[259/294]	0.126 (0.766)	100.00 (78.75)
[260/294]	0.096 (0.763)	100.00 (78.83)
[261/294]	0.161 (0.761)	95.00 (78.89)
[262/294]	0.172 (0.759)	100.00 (78.97)
[263/294]	0.280 (0.757)	95.00 (79.03)
[264/294]	0.287 (0.755)	95.00 (79.09)
[265/294]	0.112 (0.753)	95.00 (79.15)
[266/294]	0.076 (0.750)	100.00 (79.23)
[267/294]	0.319 (0.748)	95.00 (79.29)
[268/294]	0.158 (0.746)	90.00 (79.33)
[269/294]	0.156 (0.744)	100.00 (79.41)
[270/294]	0.240 (0.742)	90.00 (79.45)
[271/294]	0.165 (0.740)	95.00 (79.50)
[272/294]	0.128 (0.738)	100.00 (79.58)
[273/294]	0.063 (0.735)	100.00 (79.65)
[274/294]	0.077 (0.733)	100.00 (79.73)
[275/294]	0.176 (0.731)	95.00 (79.78)
[276/294]	1.234 (0.733)	60.00 (79.71)
[277/294]	0.339 (0.731)	90.00 (79.75)
[278/294]	0.044 (0.729)	100.00 (79.82)
[279/294]	0.049 (0.726)	100.00 (79.89)
[280/294]	0.097 (0.724)	95.00 (79.95)
[281/294]	0.150 (0.722)	95.00 (80.00)
[282/294]	0.104 (0.720)	100.00 (80.07)
[283/294]	0.101 (0.718)	95.00 (80.12)
[284/294]	0.242 (0.716)	90.00 (80.16)
[285/294]	0.211 (0.714)	95.00 (80.21)
[286/294]	0.327 (0.713)	80.00 (80.21)
[287/294]	0.082 (0.711)	100.00 (80.28)
[288/294]	0.201 (0.709)	90.00 (80.31)
[289/294]	0.171 (0.707)	95.00 (80.36)
[290/294]	0.177 (0.705)	95.00 (80.41)
[291/294]	0.124 (0.703)	100.00 (80.48)
[292/294]	0.273 (0.702)	95.00 (80.53)
[293/294]	0.049 (0.700)	100.00 (80.60)
 * Train Acc: 80.595
 * Avg. Data time: 0.004, Avg. Batch time: 0.064, Avg. Forward time: 0.004, Avg. Backward time: 0.052
Computing SI
 * Val Acc: 21.265, Time: 3.13
 * Test Acc: 22.527, Time: 7.40
=============Training Task 5=============
Active output nodes for this task: 
[0, 1, 2, 3, 4, 5, 6, 7, 8, 9, 10, 11]
=============Training Epoch 0=============
#reg terms:  1
Batch	 Loss		 Acc
