=============Stream Learning Run 0=============
Changing output layer to contain 12 classes
============BEGINNING STREAM LEARNING============
=============Training Task 0=============
Active output nodes for this task: 
[0, 1]
=============Training Epoch 0=============
#reg terms:  0
Batch	 Loss		 Acc
[0/294]	1.884 (1.884)	45.00 (45.00)
[1/294]	0.851 (1.367)	50.00 (47.50)
[2/294]	0.742 (1.159)	55.00 (50.00)
[3/294]	0.545 (1.005)	85.00 (58.75)
[4/294]	0.592 (0.923)	80.00 (63.00)
[5/294]	0.672 (0.881)	60.00 (62.50)
[6/294]	0.826 (0.873)	50.00 (60.71)
[7/294]	0.520 (0.829)	75.00 (62.50)
[8/294]	0.552 (0.798)	85.00 (65.00)
[9/294]	0.650 (0.783)	75.00 (66.00)
[10/294]	0.577 (0.765)	90.00 (68.18)
[11/294]	0.666 (0.756)	60.00 (67.50)
[12/294]	0.599 (0.744)	75.00 (68.08)
[13/294]	0.562 (0.731)	80.00 (68.93)
[14/294]	0.068 (0.687)	100.00 (71.00)
[15/294]	0.209 (0.657)	100.00 (72.81)
[16/294]	0.300 (0.636)	95.00 (74.12)
[17/294]	0.289 (0.617)	100.00 (75.56)
[18/294]	0.042 (0.587)	100.00 (76.84)
[19/294]	0.257 (0.570)	85.00 (77.25)
[20/294]	0.786 (0.580)	60.00 (76.43)
[21/294]	0.160 (0.561)	100.00 (77.50)
[22/294]	0.245 (0.548)	90.00 (78.04)
[23/294]	0.261 (0.536)	85.00 (78.33)
[24/294]	0.420 (0.531)	70.00 (78.00)
[25/294]	0.441 (0.528)	65.00 (77.50)
[26/294]	0.912 (0.542)	65.00 (77.04)
[27/294]	0.319 (0.534)	75.00 (76.96)
[28/294]	0.002 (0.515)	100.00 (77.76)
[29/294]	0.116 (0.502)	100.00 (78.50)
[30/294]	0.388 (0.499)	85.00 (78.71)
[31/294]	0.482 (0.498)	75.00 (78.59)
[32/294]	0.209 (0.489)	95.00 (79.09)
[33/294]	0.231 (0.482)	95.00 (79.56)
[34/294]	0.466 (0.481)	75.00 (79.43)
[35/294]	0.143 (0.472)	100.00 (80.00)
[36/294]	0.138 (0.463)	100.00 (80.54)
[37/294]	0.133 (0.454)	100.00 (81.05)
[38/294]	0.487 (0.455)	75.00 (80.90)
[39/294]	0.221 (0.449)	95.00 (81.25)
[40/294]	0.017 (0.439)	100.00 (81.71)
[41/294]	0.117 (0.431)	95.00 (82.02)
[42/294]	0.770 (0.439)	75.00 (81.86)
[43/294]	1.296 (0.458)	70.00 (81.59)
[44/294]	0.361 (0.456)	85.00 (81.67)
[45/294]	0.258 (0.452)	90.00 (81.85)
[46/294]	0.675 (0.457)	55.00 (81.28)
[47/294]	1.090 (0.470)	70.00 (81.04)
[48/294]	0.253 (0.465)	100.00 (81.43)
[49/294]	0.434 (0.465)	100.00 (81.80)
[50/294]	0.384 (0.463)	95.00 (82.06)
[51/294]	0.473 (0.463)	90.00 (82.21)
[52/294]	0.658 (0.467)	75.00 (82.08)
[53/294]	0.549 (0.468)	65.00 (81.76)
[54/294]	0.659 (0.472)	65.00 (81.45)
[55/294]	0.644 (0.475)	65.00 (81.16)
[56/294]	0.442 (0.474)	95.00 (81.40)
[57/294]	0.442 (0.474)	100.00 (81.72)
[58/294]	0.459 (0.474)	85.00 (81.78)
[59/294]	0.454 (0.473)	60.00 (81.42)
[60/294]	0.438 (0.473)	85.00 (81.48)
[61/294]	0.280 (0.470)	95.00 (81.69)
[62/294]	0.117 (0.464)	100.00 (81.98)
[63/294]	0.219 (0.460)	95.00 (82.19)
[64/294]	0.163 (0.456)	100.00 (82.46)
[65/294]	0.187 (0.452)	100.00 (82.73)
[66/294]	0.537 (0.453)	60.00 (82.39)
[67/294]	0.423 (0.452)	65.00 (82.13)
[68/294]	1.012 (0.460)	80.00 (82.10)
[69/294]	0.951 (0.467)	75.00 (82.00)
[70/294]	0.662 (0.470)	70.00 (81.83)
[71/294]	0.286 (0.468)	95.00 (82.01)
[72/294]	0.425 (0.467)	90.00 (82.12)
[73/294]	0.128 (0.463)	100.00 (82.36)
[74/294]	0.104 (0.458)	100.00 (82.60)
[75/294]	0.313 (0.456)	95.00 (82.76)
[76/294]	0.488 (0.456)	75.00 (82.66)
[77/294]	0.205 (0.453)	90.00 (82.76)
[78/294]	0.209 (0.450)	90.00 (82.85)
[79/294]	0.327 (0.448)	90.00 (82.94)
[80/294]	0.489 (0.449)	70.00 (82.78)
[81/294]	0.584 (0.451)	70.00 (82.62)
[82/294]	0.786 (0.455)	65.00 (82.41)
[83/294]	0.586 (0.456)	75.00 (82.32)
[84/294]	0.555 (0.457)	75.00 (82.24)
[85/294]	0.505 (0.458)	75.00 (82.15)
[86/294]	0.499 (0.458)	70.00 (82.01)
[87/294]	0.251 (0.456)	95.00 (82.16)
[88/294]	0.295 (0.454)	95.00 (82.30)
[89/294]	0.351 (0.453)	90.00 (82.39)
[90/294]	0.221 (0.450)	95.00 (82.53)
[91/294]	0.584 (0.452)	70.00 (82.39)
[92/294]	0.395 (0.451)	75.00 (82.31)
[93/294]	0.468 (0.452)	80.00 (82.29)
[94/294]	0.302 (0.450)	100.00 (82.47)
[95/294]	0.175 (0.447)	100.00 (82.66)
[96/294]	0.166 (0.444)	100.00 (82.84)
[97/294]	0.069 (0.440)	100.00 (83.01)
[98/294]	0.637 (0.442)	65.00 (82.83)
[99/294]	0.609 (0.444)	70.00 (82.70)
[100/294]	0.346 (0.443)	85.00 (82.72)
[101/294]	0.125 (0.440)	100.00 (82.89)
[102/294]	0.160 (0.437)	100.00 (83.06)
[103/294]	0.341 (0.436)	85.00 (83.08)
[104/294]	0.242 (0.434)	90.00 (83.14)
[105/294]	0.031 (0.431)	100.00 (83.30)
[106/294]	0.024 (0.427)	100.00 (83.46)
[107/294]	0.028 (0.423)	100.00 (83.61)
[108/294]	0.054 (0.420)	100.00 (83.76)
[109/294]	0.248 (0.418)	85.00 (83.77)
[110/294]	0.528 (0.419)	75.00 (83.69)
[111/294]	0.295 (0.418)	80.00 (83.66)
[112/294]	0.331 (0.417)	85.00 (83.67)
[113/294]	0.474 (0.418)	65.00 (83.51)
[114/294]	0.322 (0.417)	85.00 (83.52)
[115/294]	0.990 (0.422)	70.00 (83.41)
[116/294]	0.183 (0.420)	90.00 (83.46)
[117/294]	0.081 (0.417)	100.00 (83.60)
[118/294]	0.122 (0.415)	95.00 (83.70)
[119/294]	0.035 (0.411)	100.00 (83.83)
[120/294]	0.074 (0.409)	100.00 (83.97)
[121/294]	1.112 (0.414)	80.00 (83.93)
[122/294]	0.251 (0.413)	95.00 (84.02)
[123/294]	0.263 (0.412)	95.00 (84.11)
[124/294]	0.809 (0.415)	85.00 (84.12)
[125/294]	0.763 (0.418)	70.00 (84.01)
[126/294]	0.366 (0.417)	90.00 (84.06)
[127/294]	0.209 (0.416)	95.00 (84.14)
[128/294]	0.262 (0.415)	100.00 (84.26)
[129/294]	0.064 (0.412)	100.00 (84.38)
[130/294]	0.212 (0.410)	100.00 (84.50)
[131/294]	0.560 (0.411)	90.00 (84.55)
[132/294]	0.237 (0.410)	90.00 (84.59)
[133/294]	0.038 (0.407)	100.00 (84.70)
[134/294]	0.085 (0.405)	100.00 (84.81)
[135/294]	0.142 (0.403)	100.00 (84.93)
[136/294]	0.131 (0.401)	95.00 (85.00)
[137/294]	0.025 (0.398)	100.00 (85.11)
[138/294]	0.093 (0.396)	100.00 (85.22)
[139/294]	0.087 (0.394)	100.00 (85.32)
[140/294]	0.100 (0.392)	95.00 (85.39)
[141/294]	0.217 (0.391)	85.00 (85.39)
[142/294]	0.244 (0.390)	80.00 (85.35)
[143/294]	0.016 (0.387)	100.00 (85.45)
[144/294]	0.132 (0.385)	95.00 (85.52)
[145/294]	0.461 (0.386)	80.00 (85.48)
[146/294]	0.077 (0.384)	100.00 (85.58)
[147/294]	0.387 (0.384)	75.00 (85.51)
[148/294]	0.571 (0.385)	85.00 (85.50)
[149/294]	0.046 (0.383)	95.00 (85.57)
[150/294]	0.060 (0.381)	100.00 (85.66)
[151/294]	0.025 (0.378)	100.00 (85.76)
[152/294]	0.096 (0.376)	95.00 (85.82)
[153/294]	0.140 (0.375)	90.00 (85.84)
[154/294]	0.117 (0.373)	90.00 (85.87)
[155/294]	0.085 (0.371)	100.00 (85.96)
[156/294]	0.094 (0.370)	100.00 (86.05)
[157/294]	0.333 (0.369)	85.00 (86.04)
[158/294]	0.427 (0.370)	75.00 (85.97)
[159/294]	0.400 (0.370)	85.00 (85.97)
[160/294]	0.158 (0.369)	95.00 (86.02)
[161/294]	0.439 (0.369)	75.00 (85.96)
[162/294]	0.231 (0.368)	90.00 (85.98)
[163/294]	0.045 (0.366)	100.00 (86.07)
[164/294]	0.027 (0.364)	100.00 (86.15)
[165/294]	1.235 (0.369)	65.00 (86.02)
[166/294]	0.039 (0.367)	100.00 (86.11)
[167/294]	0.095 (0.366)	95.00 (86.16)
[168/294]	0.144 (0.364)	100.00 (86.24)
[169/294]	0.044 (0.363)	100.00 (86.32)
[170/294]	0.053 (0.361)	100.00 (86.40)
[171/294]	0.131 (0.359)	100.00 (86.48)
[172/294]	0.167 (0.358)	95.00 (86.53)
[173/294]	0.169 (0.357)	95.00 (86.58)
[174/294]	0.753 (0.359)	75.00 (86.51)
[175/294]	0.369 (0.359)	90.00 (86.53)
[176/294]	0.079 (0.358)	100.00 (86.61)
[177/294]	0.091 (0.356)	100.00 (86.69)
[178/294]	0.845 (0.359)	70.00 (86.59)
[179/294]	0.445 (0.360)	80.00 (86.56)
[180/294]	0.421 (0.360)	85.00 (86.55)
[181/294]	0.026 (0.358)	100.00 (86.62)
[182/294]	0.149 (0.357)	100.00 (86.69)
[183/294]	0.106 (0.356)	100.00 (86.77)
[184/294]	0.135 (0.354)	100.00 (86.84)
[185/294]	0.463 (0.355)	75.00 (86.77)
[186/294]	0.161 (0.354)	95.00 (86.82)
[187/294]	0.170 (0.353)	100.00 (86.89)
[188/294]	0.482 (0.354)	75.00 (86.83)
[189/294]	0.161 (0.353)	95.00 (86.87)
[190/294]	0.243 (0.352)	90.00 (86.88)
[191/294]	0.273 (0.352)	90.00 (86.90)
[192/294]	0.060 (0.350)	100.00 (86.97)
[193/294]	0.076 (0.349)	100.00 (87.04)
[194/294]	0.084 (0.347)	95.00 (87.08)
[195/294]	0.010 (0.346)	100.00 (87.14)
[196/294]	0.027 (0.344)	100.00 (87.21)
[197/294]	0.320 (0.344)	85.00 (87.20)
[198/294]	0.541 (0.345)	65.00 (87.09)
[199/294]	0.032 (0.343)	100.00 (87.15)
[200/294]	0.015 (0.342)	100.00 (87.21)
[201/294]	0.018 (0.340)	100.00 (87.28)
[202/294]	0.027 (0.339)	100.00 (87.34)
[203/294]	0.021 (0.337)	100.00 (87.40)
[204/294]	0.458 (0.338)	75.00 (87.34)
[205/294]	0.458 (0.338)	85.00 (87.33)
[206/294]	0.011 (0.337)	100.00 (87.39)
[207/294]	0.060 (0.335)	100.00 (87.45)
[208/294]	0.077 (0.334)	100.00 (87.51)
[209/294]	0.137 (0.333)	100.00 (87.57)
[210/294]	0.397 (0.333)	85.00 (87.56)
[211/294]	0.129 (0.332)	95.00 (87.59)
[212/294]	0.102 (0.331)	100.00 (87.65)
[213/294]	0.004 (0.330)	100.00 (87.71)
[214/294]	0.059 (0.329)	100.00 (87.77)
[215/294]	0.051 (0.327)	100.00 (87.82)
[216/294]	0.002 (0.326)	100.00 (87.88)
[217/294]	0.224 (0.325)	95.00 (87.91)
[218/294]	0.027 (0.324)	100.00 (87.97)
[219/294]	0.005 (0.323)	100.00 (88.02)
[220/294]	0.110 (0.322)	95.00 (88.05)
[221/294]	0.019 (0.320)	100.00 (88.11)
[222/294]	0.356 (0.320)	90.00 (88.12)
[223/294]	0.052 (0.319)	95.00 (88.15)
[224/294]	0.047 (0.318)	100.00 (88.20)
[225/294]	0.591 (0.319)	90.00 (88.21)
[226/294]	0.169 (0.318)	90.00 (88.22)
[227/294]	0.232 (0.318)	90.00 (88.22)
[228/294]	0.247 (0.318)	85.00 (88.21)
[229/294]	0.083 (0.317)	95.00 (88.24)
[230/294]	0.000 (0.315)	100.00 (88.29)
[231/294]	0.054 (0.314)	100.00 (88.34)
[232/294]	0.062 (0.313)	95.00 (88.37)
[233/294]	0.029 (0.312)	100.00 (88.42)
[234/294]	0.110 (0.311)	95.00 (88.45)
[235/294]	0.166 (0.310)	95.00 (88.47)
[236/294]	0.116 (0.310)	95.00 (88.50)
[237/294]	0.078 (0.309)	95.00 (88.53)
[238/294]	0.013 (0.307)	100.00 (88.58)
[239/294]	0.015 (0.306)	100.00 (88.62)
[240/294]	0.027 (0.305)	100.00 (88.67)
[241/294]	0.022 (0.304)	100.00 (88.72)
[242/294]	0.012 (0.303)	100.00 (88.77)
[243/294]	0.269 (0.303)	90.00 (88.77)
[244/294]	0.597 (0.304)	80.00 (88.73)
[245/294]	0.089 (0.303)	95.00 (88.76)
[246/294]	0.307 (0.303)	95.00 (88.79)
[247/294]	0.185 (0.302)	90.00 (88.79)
[248/294]	0.039 (0.301)	100.00 (88.84)
[249/294]	0.014 (0.300)	100.00 (88.88)
[250/294]	0.041 (0.299)	100.00 (88.92)
[251/294]	0.025 (0.298)	100.00 (88.97)
[252/294]	0.081 (0.297)	100.00 (89.01)
[253/294]	0.057 (0.296)	100.00 (89.06)
[254/294]	0.023 (0.295)	100.00 (89.10)
[255/294]	0.034 (0.294)	100.00 (89.14)
[256/294]	0.024 (0.293)	100.00 (89.18)
[257/294]	0.013 (0.292)	100.00 (89.22)
[258/294]	0.017 (0.291)	100.00 (89.27)
[259/294]	0.021 (0.290)	100.00 (89.31)
[260/294]	0.012 (0.289)	100.00 (89.35)
[261/294]	0.010 (0.288)	100.00 (89.39)
[262/294]	0.000 (0.287)	100.00 (89.43)
[263/294]	0.084 (0.286)	95.00 (89.45)
[264/294]	0.292 (0.286)	90.00 (89.45)
[265/294]	0.018 (0.285)	100.00 (89.49)
[266/294]	0.033 (0.284)	100.00 (89.53)
[267/294]	0.012 (0.283)	100.00 (89.57)
[268/294]	0.010 (0.282)	100.00 (89.61)
[269/294]	0.001 (0.281)	100.00 (89.65)
[270/294]	0.068 (0.280)	100.00 (89.69)
[271/294]	0.041 (0.279)	100.00 (89.72)
[272/294]	0.020 (0.278)	100.00 (89.76)
[273/294]	0.001 (0.277)	100.00 (89.80)
[274/294]	0.048 (0.277)	100.00 (89.84)
[275/294]	0.085 (0.276)	95.00 (89.86)
[276/294]	0.108 (0.275)	100.00 (89.89)
[277/294]	0.138 (0.275)	90.00 (89.89)
[278/294]	0.030 (0.274)	100.00 (89.93)
[279/294]	0.016 (0.273)	100.00 (89.96)
[280/294]	0.008 (0.272)	100.00 (90.00)
[281/294]	0.098 (0.271)	95.00 (90.02)
[282/294]	0.000 (0.270)	100.00 (90.05)
[283/294]	0.013 (0.270)	100.00 (90.09)
[284/294]	0.080 (0.269)	95.00 (90.11)
[285/294]	0.118 (0.268)	95.00 (90.12)
[286/294]	0.001 (0.267)	100.00 (90.16)
[287/294]	0.004 (0.266)	100.00 (90.19)
[288/294]	0.001 (0.266)	100.00 (90.22)
[289/294]	0.002 (0.265)	100.00 (90.26)
[290/294]	0.001 (0.264)	100.00 (90.29)
[291/294]	0.005 (0.263)	100.00 (90.33)
[292/294]	1.411 (0.267)	80.00 (90.29)
[293/294]	0.000 (0.266)	100.00 (90.32)
 * Train Acc: 90.323
 * Avg. Data time: 0.004, Avg. Batch time: 0.053, Avg. Forward time: 0.004, Avg. Backward time: 0.040
Computing SI
 * Val Acc: 95.507, Time: 1.42
 * Test Acc: 97.541, Time: 2.28
=============Training Task 1=============
Active output nodes for this task: 
[0, 1, 2, 3]
=============Training Epoch 0=============
#reg terms:  1
Batch	 Loss		 Acc
[0/294]	6.411 (6.411)	0.00 (0.00)
[1/294]	3.708 (5.060)	0.00 (0.00)
[2/294]	1.162 (3.761)	50.00 (16.67)
[3/294]	0.920 (3.050)	85.00 (33.75)
[4/294]	1.118 (2.664)	50.00 (37.00)
[5/294]	1.179 (2.416)	55.00 (40.00)
[6/294]	1.227 (2.246)	55.00 (42.14)
[7/294]	1.120 (2.106)	50.00 (43.12)
[8/294]	1.143 (1.999)	50.00 (43.89)
[9/294]	1.233 (1.922)	55.00 (45.00)
[10/294]	1.700 (1.902)	50.00 (45.45)
[11/294]	1.333 (1.855)	50.00 (45.83)
[12/294]	1.186 (1.803)	65.00 (47.31)
[13/294]	1.154 (1.757)	65.00 (48.57)
[14/294]	1.577 (1.745)	30.00 (47.33)
[15/294]	1.488 (1.729)	40.00 (46.88)
[16/294]	1.162 (1.695)	50.00 (47.06)
[17/294]	1.076 (1.661)	50.00 (47.22)
[18/294]	1.546 (1.655)	60.00 (47.89)
[19/294]	1.520 (1.648)	50.00 (48.00)
[20/294]	1.281 (1.631)	50.00 (48.10)
[21/294]	1.339 (1.617)	50.00 (48.18)
[22/294]	1.194 (1.599)	45.00 (48.04)
[23/294]	1.133 (1.580)	50.00 (48.12)
[24/294]	1.020 (1.557)	55.00 (48.40)
[25/294]	1.108 (1.540)	45.00 (48.27)
[26/294]	1.348 (1.533)	40.00 (47.96)
[27/294]	1.090 (1.517)	55.00 (48.21)
[28/294]	1.153 (1.504)	50.00 (48.28)
[29/294]	0.864 (1.483)	75.00 (49.17)
[30/294]	1.803 (1.493)	55.00 (49.35)
[31/294]	1.097 (1.481)	50.00 (49.38)
[32/294]	1.053 (1.468)	30.00 (48.79)
[33/294]	0.978 (1.454)	50.00 (48.82)
[34/294]	1.039 (1.442)	50.00 (48.86)
[35/294]	1.008 (1.430)	50.00 (48.89)
[36/294]	1.046 (1.419)	50.00 (48.92)
[37/294]	0.972 (1.408)	50.00 (48.95)
[38/294]	0.915 (1.395)	70.00 (49.49)
[39/294]	0.999 (1.385)	50.00 (49.50)
[40/294]	0.991 (1.376)	30.00 (49.02)
[41/294]	0.887 (1.364)	50.00 (49.05)
[42/294]	0.893 (1.353)	50.00 (49.07)
[43/294]	0.818 (1.341)	80.00 (49.77)
[44/294]	0.846 (1.330)	85.00 (50.56)
[45/294]	0.782 (1.318)	80.00 (51.20)
[46/294]	0.759 (1.306)	85.00 (51.91)
[47/294]	1.088 (1.301)	50.00 (51.88)
[48/294]	0.768 (1.291)	75.00 (52.35)
[49/294]	0.788 (1.280)	65.00 (52.60)
[50/294]	0.748 (1.270)	75.00 (53.04)
[51/294]	0.656 (1.258)	90.00 (53.75)
[52/294]	0.989 (1.253)	40.00 (53.49)
[53/294]	1.184 (1.252)	15.00 (52.78)
[54/294]	0.980 (1.247)	45.00 (52.64)
[55/294]	0.979 (1.242)	50.00 (52.59)
[56/294]	0.879 (1.236)	65.00 (52.81)
[57/294]	0.550 (1.224)	95.00 (53.53)
[58/294]	0.891 (1.218)	55.00 (53.56)
[59/294]	0.799 (1.211)	70.00 (53.83)
[60/294]	2.025 (1.225)	50.00 (53.77)
[61/294]	0.902 (1.219)	45.00 (53.63)
[62/294]	0.935 (1.215)	50.00 (53.57)
[63/294]	0.801 (1.208)	60.00 (53.67)
[64/294]	0.963 (1.205)	50.00 (53.62)
[65/294]	0.691 (1.197)	65.00 (53.79)
[66/294]	0.751 (1.190)	70.00 (54.03)
[67/294]	0.836 (1.185)	50.00 (53.97)
[68/294]	0.904 (1.181)	45.00 (53.84)
[69/294]	0.842 (1.176)	50.00 (53.79)
[70/294]	0.837 (1.171)	50.00 (53.73)
[71/294]	0.901 (1.168)	50.00 (53.68)
[72/294]	0.758 (1.162)	85.00 (54.11)
[73/294]	0.647 (1.155)	90.00 (54.59)
[74/294]	0.662 (1.148)	65.00 (54.73)
[75/294]	0.386 (1.138)	100.00 (55.33)
[76/294]	0.937 (1.136)	65.00 (55.45)
[77/294]	1.071 (1.135)	50.00 (55.38)
[78/294]	0.758 (1.130)	70.00 (55.57)
[79/294]	0.644 (1.124)	80.00 (55.88)
[80/294]	0.652 (1.118)	80.00 (56.17)
[81/294]	0.573 (1.112)	95.00 (56.65)
[82/294]	1.152 (1.112)	50.00 (56.57)
[83/294]	0.890 (1.110)	50.00 (56.49)
[84/294]	0.774 (1.106)	65.00 (56.59)
[85/294]	0.508 (1.099)	75.00 (56.80)
[86/294]	0.549 (1.092)	75.00 (57.01)
[87/294]	0.713 (1.088)	75.00 (57.22)
[88/294]	0.942 (1.086)	65.00 (57.30)
[89/294]	0.627 (1.081)	75.00 (57.50)
[90/294]	1.212 (1.083)	60.00 (57.53)
[91/294]	0.875 (1.080)	35.00 (57.28)
[92/294]	0.905 (1.079)	50.00 (57.20)
[93/294]	0.623 (1.074)	90.00 (57.55)
[94/294]	0.760 (1.070)	55.00 (57.53)
[95/294]	1.054 (1.070)	30.00 (57.24)
[96/294]	0.624 (1.066)	60.00 (57.27)
[97/294]	0.826 (1.063)	65.00 (57.35)
[98/294]	0.609 (1.059)	70.00 (57.47)
[99/294]	0.481 (1.053)	70.00 (57.60)
[100/294]	1.339 (1.056)	55.00 (57.57)
[101/294]	1.037 (1.055)	55.00 (57.55)
[102/294]	1.581 (1.061)	45.00 (57.43)
[103/294]	0.645 (1.057)	70.00 (57.55)
[104/294]	0.653 (1.053)	90.00 (57.86)
[105/294]	0.625 (1.049)	75.00 (58.02)
[106/294]	1.208 (1.050)	35.00 (57.80)
[107/294]	1.097 (1.051)	50.00 (57.73)
[108/294]	0.979 (1.050)	45.00 (57.61)
[109/294]	0.910 (1.049)	45.00 (57.50)
[110/294]	0.794 (1.046)	70.00 (57.61)
[111/294]	0.686 (1.043)	70.00 (57.72)
[112/294]	0.744 (1.041)	60.00 (57.74)
[113/294]	0.697 (1.038)	65.00 (57.81)
[114/294]	1.005 (1.037)	50.00 (57.74)
[115/294]	0.686 (1.034)	65.00 (57.80)
[116/294]	0.857 (1.033)	45.00 (57.69)
[117/294]	1.298 (1.035)	40.00 (57.54)
[118/294]	0.647 (1.032)	65.00 (57.61)
[119/294]	0.524 (1.027)	95.00 (57.92)
[120/294]	0.544 (1.023)	95.00 (58.22)
[121/294]	0.615 (1.020)	70.00 (58.32)
[122/294]	0.691 (1.017)	55.00 (58.29)
[123/294]	0.567 (1.014)	60.00 (58.31)
[124/294]	0.822 (1.012)	60.00 (58.32)
[125/294]	0.789 (1.010)	55.00 (58.29)
[126/294]	0.755 (1.008)	70.00 (58.39)
[127/294]	0.675 (1.006)	70.00 (58.48)
[128/294]	0.881 (1.005)	65.00 (58.53)
[129/294]	0.623 (1.002)	85.00 (58.73)
[130/294]	0.426 (0.998)	75.00 (58.85)
[131/294]	0.407 (0.993)	100.00 (59.17)
[132/294]	0.865 (0.992)	70.00 (59.25)
[133/294]	0.376 (0.988)	90.00 (59.48)
[134/294]	0.226 (0.982)	100.00 (59.78)
[135/294]	0.133 (0.976)	100.00 (60.07)
[136/294]	0.294 (0.971)	100.00 (60.36)
[137/294]	0.453 (0.967)	90.00 (60.58)
[138/294]	0.781 (0.966)	60.00 (60.58)
[139/294]	0.827 (0.965)	65.00 (60.61)
[140/294]	0.802 (0.963)	70.00 (60.67)
[141/294]	0.420 (0.960)	85.00 (60.85)
[142/294]	1.245 (0.962)	50.00 (60.77)
[143/294]	0.721 (0.960)	65.00 (60.80)
[144/294]	0.605 (0.957)	60.00 (60.79)
[145/294]	0.772 (0.956)	65.00 (60.82)
[146/294]	0.517 (0.953)	75.00 (60.92)
[147/294]	0.526 (0.950)	80.00 (61.05)
[148/294]	0.717 (0.949)	65.00 (61.07)
[149/294]	0.848 (0.948)	55.00 (61.03)
[150/294]	0.634 (0.946)	70.00 (61.09)
[151/294]	0.600 (0.944)	85.00 (61.25)
[152/294]	0.674 (0.942)	85.00 (61.41)
[153/294]	0.590 (0.940)	80.00 (61.53)
[154/294]	0.461 (0.937)	90.00 (61.71)
[155/294]	0.292 (0.932)	100.00 (61.96)
[156/294]	1.164 (0.934)	35.00 (61.78)
[157/294]	1.053 (0.935)	55.00 (61.74)
[158/294]	0.466 (0.932)	80.00 (61.86)
[159/294]	0.529 (0.929)	70.00 (61.91)
[160/294]	0.986 (0.930)	50.00 (61.83)
[161/294]	0.445 (0.927)	80.00 (61.94)
[162/294]	0.387 (0.923)	85.00 (62.09)
[163/294]	1.534 (0.927)	50.00 (62.01)
[164/294]	0.759 (0.926)	50.00 (61.94)
[165/294]	0.638 (0.924)	80.00 (62.05)
[166/294]	1.019 (0.925)	50.00 (61.98)
[167/294]	0.834 (0.924)	50.00 (61.90)
[168/294]	0.752 (0.923)	50.00 (61.83)
[169/294]	1.007 (0.924)	50.00 (61.76)
[170/294]	0.696 (0.922)	55.00 (61.73)
[171/294]	0.738 (0.921)	75.00 (61.80)
[172/294]	0.721 (0.920)	60.00 (61.79)
[173/294]	0.834 (0.920)	60.00 (61.78)
[174/294]	0.775 (0.919)	65.00 (61.80)
[175/294]	0.847 (0.918)	65.00 (61.82)
[176/294]	0.813 (0.918)	60.00 (61.81)
[177/294]	0.407 (0.915)	95.00 (61.99)
[178/294]	0.366 (0.912)	100.00 (62.21)
[179/294]	0.432 (0.909)	100.00 (62.42)
[180/294]	0.411 (0.906)	95.00 (62.60)
[181/294]	0.405 (0.904)	95.00 (62.77)
[182/294]	0.274 (0.900)	100.00 (62.98)
[183/294]	0.224 (0.897)	100.00 (63.18)
[184/294]	0.829 (0.896)	65.00 (63.19)
[185/294]	0.613 (0.895)	75.00 (63.25)
[186/294]	0.250 (0.891)	100.00 (63.45)
[187/294]	0.216 (0.888)	100.00 (63.64)
[188/294]	0.450 (0.885)	80.00 (63.73)
[189/294]	0.329 (0.882)	90.00 (63.87)
[190/294]	0.860 (0.882)	65.00 (63.87)
[191/294]	1.197 (0.884)	65.00 (63.88)
[192/294]	1.179 (0.885)	65.00 (63.89)
[193/294]	1.191 (0.887)	60.00 (63.87)
[194/294]	0.183 (0.883)	100.00 (64.05)
[195/294]	0.373 (0.881)	90.00 (64.18)
[196/294]	0.321 (0.878)	100.00 (64.37)
[197/294]	0.455 (0.876)	80.00 (64.44)
[198/294]	0.504 (0.874)	85.00 (64.55)
[199/294]	0.412 (0.872)	100.00 (64.72)
[200/294]	0.574 (0.870)	85.00 (64.83)
[201/294]	0.576 (0.869)	65.00 (64.83)
[202/294]	0.292 (0.866)	100.00 (65.00)
[203/294]	0.300 (0.863)	100.00 (65.17)
[204/294]	0.359 (0.861)	95.00 (65.32)
[205/294]	0.363 (0.858)	95.00 (65.46)
[206/294]	0.379 (0.856)	90.00 (65.58)
[207/294]	0.424 (0.854)	85.00 (65.67)
[208/294]	0.760 (0.853)	70.00 (65.69)
[209/294]	0.950 (0.854)	60.00 (65.67)
[210/294]	0.556 (0.852)	80.00 (65.73)
[211/294]	0.452 (0.851)	80.00 (65.80)
[212/294]	0.593 (0.849)	70.00 (65.82)
[213/294]	0.708 (0.849)	85.00 (65.91)
[214/294]	0.557 (0.847)	80.00 (65.98)
[215/294]	0.568 (0.846)	80.00 (66.04)
[216/294]	0.285 (0.843)	100.00 (66.20)
[217/294]	0.223 (0.841)	100.00 (66.35)
[218/294]	0.223 (0.838)	95.00 (66.48)
[219/294]	0.216 (0.835)	100.00 (66.64)
[220/294]	0.204 (0.832)	95.00 (66.76)
[221/294]	0.153 (0.829)	100.00 (66.91)
[222/294]	0.115 (0.826)	100.00 (67.06)
[223/294]	0.168 (0.823)	100.00 (67.21)
[224/294]	0.180 (0.820)	95.00 (67.33)
[225/294]	0.140 (0.817)	100.00 (67.48)
[226/294]	0.655 (0.816)	75.00 (67.51)
[227/294]	0.272 (0.814)	90.00 (67.61)
[228/294]	0.180 (0.811)	100.00 (67.75)
[229/294]	0.107 (0.808)	100.00 (67.89)
[230/294]	0.356 (0.806)	90.00 (67.99)
[231/294]	1.236 (0.808)	40.00 (67.87)
[232/294]	0.305 (0.806)	90.00 (67.96)
[233/294]	0.392 (0.804)	95.00 (68.08)
[234/294]	0.641 (0.803)	85.00 (68.15)
[235/294]	1.014 (0.804)	65.00 (68.14)
[236/294]	1.656 (0.808)	50.00 (68.06)
[237/294]	0.573 (0.807)	85.00 (68.13)
[238/294]	0.450 (0.805)	85.00 (68.20)
[239/294]	0.232 (0.803)	95.00 (68.31)
[240/294]	0.245 (0.801)	100.00 (68.44)
[241/294]	0.459 (0.799)	85.00 (68.51)
[242/294]	0.857 (0.800)	55.00 (68.46)
[243/294]	0.296 (0.797)	95.00 (68.57)
[244/294]	0.518 (0.796)	70.00 (68.57)
[245/294]	0.492 (0.795)	85.00 (68.64)
[246/294]	0.373 (0.793)	100.00 (68.77)
[247/294]	0.296 (0.791)	100.00 (68.89)
[248/294]	0.342 (0.790)	95.00 (69.00)
[249/294]	0.648 (0.789)	75.00 (69.02)
[250/294]	0.250 (0.787)	100.00 (69.14)
[251/294]	0.405 (0.785)	85.00 (69.21)
[252/294]	0.318 (0.784)	90.00 (69.29)
[253/294]	0.278 (0.782)	90.00 (69.37)
[254/294]	0.716 (0.781)	65.00 (69.35)
[255/294]	0.704 (0.781)	65.00 (69.34)
[256/294]	0.610 (0.780)	75.00 (69.36)
[257/294]	0.510 (0.779)	80.00 (69.40)
[258/294]	0.232 (0.777)	100.00 (69.52)
[259/294]	0.628 (0.777)	80.00 (69.56)
[260/294]	1.408 (0.779)	50.00 (69.48)
[261/294]	0.696 (0.779)	75.00 (69.50)
[262/294]	0.409 (0.777)	85.00 (69.56)
[263/294]	0.550 (0.776)	70.00 (69.56)
[264/294]	0.449 (0.775)	85.00 (69.62)
[265/294]	0.861 (0.775)	55.00 (69.57)
[266/294]	1.049 (0.776)	55.00 (69.51)
[267/294]	0.926 (0.777)	60.00 (69.48)
[268/294]	0.885 (0.777)	50.00 (69.41)
[269/294]	0.444 (0.776)	85.00 (69.46)
[270/294]	0.166 (0.774)	100.00 (69.58)
[271/294]	0.359 (0.772)	100.00 (69.69)
[272/294]	0.445 (0.771)	90.00 (69.76)
[273/294]	0.314 (0.770)	100.00 (69.87)
[274/294]	0.393 (0.768)	100.00 (69.98)
[275/294]	0.748 (0.768)	60.00 (69.95)
[276/294]	0.624 (0.768)	75.00 (69.96)
[277/294]	0.333 (0.766)	100.00 (70.07)
[278/294]	0.268 (0.764)	100.00 (70.18)
[279/294]	0.271 (0.762)	95.00 (70.27)
[280/294]	0.286 (0.761)	95.00 (70.36)
[281/294]	0.341 (0.759)	95.00 (70.44)
[282/294]	0.723 (0.759)	75.00 (70.46)
[283/294]	0.871 (0.760)	60.00 (70.42)
[284/294]	0.710 (0.759)	65.00 (70.40)
[285/294]	0.918 (0.760)	60.00 (70.37)
[286/294]	0.347 (0.759)	90.00 (70.44)
[287/294]	0.382 (0.757)	85.00 (70.49)
[288/294]	0.884 (0.758)	60.00 (70.45)
[289/294]	0.247 (0.756)	100.00 (70.55)
[290/294]	0.370 (0.755)	90.00 (70.62)
[291/294]	0.581 (0.754)	75.00 (70.63)
[292/294]	0.441 (0.753)	85.00 (70.68)
[293/294]	0.612 (0.753)	66.67 (70.68)
 * Train Acc: 70.678
 * Avg. Data time: 0.004, Avg. Batch time: 0.064, Avg. Forward time: 0.004, Avg. Backward time: 0.051
Computing SI
 * Val Acc: 39.193, Time: 1.88
 * Test Acc: 41.412, Time: 4.03
=============Training Task 2=============
Active output nodes for this task: 
[0, 1, 2, 3, 4, 5]
=============Training Epoch 0=============
#reg terms:  1
Batch	 Loss		 Acc
[0/294]	7.890 (7.890)	0.00 (0.00)
[1/294]	5.138 (6.514)	0.00 (0.00)
[2/294]	3.235 (5.421)	0.00 (0.00)
[3/294]	2.480 (4.686)	0.00 (0.00)
[4/294]	2.282 (4.205)	0.00 (0.00)
[5/294]	2.307 (3.889)	0.00 (0.00)
[6/294]	2.328 (3.666)	0.00 (0.00)
[7/294]	2.362 (3.503)	0.00 (0.00)
[8/294]	2.376 (3.378)	15.00 (1.67)
[9/294]	2.385 (3.278)	55.00 (7.00)
[10/294]	2.385 (3.197)	50.00 (10.91)
[11/294]	2.313 (3.123)	50.00 (14.17)
[12/294]	2.192 (3.052)	50.00 (16.92)
[13/294]	2.012 (2.977)	50.00 (19.29)
[14/294]	1.643 (2.888)	50.00 (21.33)
[15/294]	1.485 (2.801)	50.00 (23.12)
[16/294]	1.387 (2.718)	50.00 (24.71)
[17/294]	1.377 (2.643)	50.00 (26.11)
[18/294]	1.354 (2.575)	50.00 (27.37)
[19/294]	1.320 (2.512)	50.00 (28.50)
[20/294]	1.293 (2.454)	65.00 (30.24)
[21/294]	1.665 (2.419)	50.00 (31.14)
[22/294]	3.438 (2.463)	50.00 (31.96)
[23/294]	2.486 (2.464)	50.00 (32.71)
[24/294]	1.776 (2.436)	50.00 (33.40)
[25/294]	1.929 (2.417)	50.00 (34.04)
[26/294]	2.124 (2.406)	50.00 (34.63)
[27/294]	1.804 (2.384)	50.00 (35.18)
[28/294]	1.487 (2.354)	50.00 (35.69)
[29/294]	1.710 (2.332)	50.00 (36.17)
[30/294]	1.832 (2.316)	50.00 (36.61)
[31/294]	1.735 (2.298)	50.00 (37.03)
[32/294]	1.632 (2.278)	50.00 (37.42)
[33/294]	1.513 (2.255)	20.00 (36.91)
[34/294]	1.376 (2.230)	50.00 (37.29)
[35/294]	1.179 (2.201)	50.00 (37.64)
[36/294]	1.142 (2.172)	50.00 (37.97)
[37/294]	1.156 (2.145)	50.00 (38.29)
[38/294]	1.122 (2.119)	50.00 (38.59)
[39/294]	1.185 (2.096)	50.00 (38.88)
[40/294]	1.185 (2.074)	50.00 (39.15)
[41/294]	1.101 (2.051)	55.00 (39.52)
[42/294]	1.121 (2.029)	50.00 (39.77)
[43/294]	1.132 (2.009)	50.00 (40.00)
[44/294]	1.054 (1.987)	35.00 (39.89)
[45/294]	1.002 (1.966)	50.00 (40.11)
[46/294]	1.051 (1.946)	50.00 (40.32)
[47/294]	1.005 (1.927)	50.00 (40.52)
[48/294]	0.957 (1.907)	50.00 (40.71)
[49/294]	1.037 (1.890)	50.00 (40.90)
[50/294]	0.910 (1.870)	65.00 (41.37)
[51/294]	0.850 (1.851)	85.00 (42.21)
[52/294]	0.910 (1.833)	60.00 (42.55)
[53/294]	0.965 (1.817)	60.00 (42.87)
[54/294]	0.906 (1.800)	50.00 (43.00)
[55/294]	1.076 (1.787)	50.00 (43.12)
[56/294]	0.648 (1.767)	100.00 (44.12)
[57/294]	0.585 (1.747)	85.00 (44.83)
[58/294]	0.553 (1.727)	90.00 (45.59)
[59/294]	0.889 (1.713)	45.00 (45.58)
[60/294]	0.625 (1.695)	90.00 (46.31)
[61/294]	0.897 (1.682)	80.00 (46.85)
[62/294]	1.080 (1.673)	50.00 (46.90)
[63/294]	1.348 (1.667)	50.00 (46.95)
[64/294]	1.553 (1.666)	50.00 (47.00)
[65/294]	0.830 (1.653)	60.00 (47.20)
[66/294]	1.096 (1.645)	50.00 (47.24)
[67/294]	1.404 (1.641)	50.00 (47.28)
[68/294]	0.993 (1.632)	50.00 (47.32)
[69/294]	1.108 (1.624)	60.00 (47.50)
[70/294]	1.314 (1.620)	80.00 (47.96)
[71/294]	1.101 (1.613)	80.00 (48.40)
[72/294]	0.963 (1.604)	50.00 (48.42)
[73/294]	0.912 (1.594)	50.00 (48.45)
[74/294]	0.896 (1.585)	50.00 (48.47)
[75/294]	0.891 (1.576)	50.00 (48.49)
[76/294]	0.889 (1.567)	50.00 (48.51)
[77/294]	0.891 (1.558)	60.00 (48.65)
[78/294]	0.892 (1.550)	65.00 (48.86)
[79/294]	0.887 (1.542)	55.00 (48.94)
[80/294]	0.862 (1.533)	70.00 (49.20)
[81/294]	0.857 (1.525)	90.00 (49.70)
[82/294]	0.851 (1.517)	75.00 (50.00)
[83/294]	0.795 (1.508)	75.00 (50.30)
[84/294]	0.775 (1.500)	90.00 (50.76)
[85/294]	0.783 (1.491)	75.00 (51.05)
[86/294]	0.817 (1.484)	65.00 (51.21)
[87/294]	0.692 (1.475)	95.00 (51.70)
[88/294]	0.778 (1.467)	50.00 (51.69)
[89/294]	0.801 (1.459)	85.00 (52.06)
[90/294]	0.754 (1.452)	85.00 (52.42)
[91/294]	0.713 (1.444)	100.00 (52.93)
[92/294]	0.594 (1.435)	85.00 (53.28)
[93/294]	0.491 (1.424)	90.00 (53.67)
[94/294]	0.547 (1.415)	95.00 (54.11)
[95/294]	0.387 (1.405)	85.00 (54.43)
[96/294]	0.480 (1.395)	80.00 (54.69)
[97/294]	0.410 (1.385)	95.00 (55.10)
[98/294]	0.594 (1.377)	70.00 (55.25)
[99/294]	1.033 (1.374)	50.00 (55.20)
[100/294]	0.498 (1.365)	85.00 (55.50)
[101/294]	0.442 (1.356)	80.00 (55.74)
[102/294]	0.300 (1.346)	90.00 (56.07)
[103/294]	0.236 (1.335)	100.00 (56.49)
[104/294]	0.355 (1.326)	90.00 (56.81)
[105/294]	0.192 (1.315)	100.00 (57.22)
[106/294]	0.543 (1.308)	90.00 (57.52)
[107/294]	0.652 (1.302)	80.00 (57.73)
[108/294]	0.369 (1.293)	90.00 (58.03)
[109/294]	0.307 (1.284)	100.00 (58.41)
[110/294]	0.443 (1.276)	90.00 (58.69)
[111/294]	0.554 (1.270)	80.00 (58.88)
[112/294]	0.578 (1.264)	85.00 (59.12)
[113/294]	0.364 (1.256)	95.00 (59.43)
[114/294]	0.595 (1.250)	85.00 (59.65)
[115/294]	0.335 (1.242)	85.00 (59.87)
[116/294]	0.201 (1.233)	95.00 (60.17)
[117/294]	0.204 (1.225)	100.00 (60.51)
[118/294]	0.580 (1.219)	85.00 (60.71)
[119/294]	0.208 (1.211)	100.00 (61.04)
[120/294]	0.224 (1.203)	100.00 (61.36)
[121/294]	0.262 (1.195)	100.00 (61.68)
[122/294]	0.535 (1.190)	90.00 (61.91)
[123/294]	0.302 (1.183)	100.00 (62.22)
[124/294]	0.217 (1.175)	100.00 (62.52)
[125/294]	0.197 (1.167)	100.00 (62.82)
[126/294]	0.167 (1.159)	100.00 (63.11)
[127/294]	0.152 (1.151)	100.00 (63.40)
[128/294]	0.149 (1.144)	100.00 (63.68)
[129/294]	0.149 (1.136)	100.00 (63.96)
[130/294]	0.149 (1.128)	100.00 (64.24)
[131/294]	0.154 (1.121)	100.00 (64.51)
[132/294]	0.172 (1.114)	100.00 (64.77)
[133/294]	0.153 (1.107)	100.00 (65.04)
[134/294]	0.568 (1.103)	90.00 (65.22)
[135/294]	0.536 (1.098)	90.00 (65.40)
[136/294]	0.116 (1.091)	100.00 (65.66)
[137/294]	0.129 (1.084)	100.00 (65.91)
[138/294]	0.277 (1.079)	95.00 (66.12)
[139/294]	0.311 (1.073)	90.00 (66.29)
[140/294]	3.311 (1.089)	50.00 (66.17)
[141/294]	0.755 (1.087)	85.00 (66.30)
[142/294]	0.197 (1.080)	95.00 (66.50)
[143/294]	0.766 (1.078)	65.00 (66.49)
[144/294]	1.965 (1.084)	55.00 (66.41)
[145/294]	1.057 (1.084)	60.00 (66.37)
[146/294]	0.935 (1.083)	75.00 (66.43)
[147/294]	1.015 (1.083)	90.00 (66.59)
[148/294]	1.087 (1.083)	95.00 (66.78)
[149/294]	0.974 (1.082)	90.00 (66.93)
[150/294]	0.830 (1.080)	50.00 (66.82)
[151/294]	0.836 (1.079)	50.00 (66.71)
[152/294]	0.890 (1.077)	50.00 (66.60)
[153/294]	0.857 (1.076)	50.00 (66.49)
[154/294]	0.878 (1.075)	50.00 (66.39)
[155/294]	0.790 (1.073)	50.00 (66.28)
[156/294]	0.680 (1.070)	100.00 (66.50)
[157/294]	0.496 (1.067)	100.00 (66.71)
[158/294]	0.496 (1.063)	100.00 (66.92)
[159/294]	0.468 (1.059)	95.00 (67.09)
[160/294]	0.381 (1.055)	95.00 (67.27)
[161/294]	0.235 (1.050)	100.00 (67.47)
[162/294]	0.400 (1.046)	90.00 (67.61)
[163/294]	0.429 (1.042)	85.00 (67.71)
[164/294]	0.191 (1.037)	100.00 (67.91)
[165/294]	0.662 (1.035)	85.00 (68.01)
[166/294]	0.385 (1.031)	90.00 (68.14)
[167/294]	0.166 (1.026)	100.00 (68.33)
[168/294]	0.460 (1.023)	85.00 (68.43)
[169/294]	0.311 (1.018)	90.00 (68.56)
[170/294]	0.300 (1.014)	95.00 (68.71)
[171/294]	0.228 (1.010)	95.00 (68.87)
[172/294]	0.507 (1.007)	75.00 (68.90)
[173/294]	0.206 (1.002)	100.00 (69.08)
[174/294]	0.417 (0.999)	85.00 (69.17)
[175/294]	0.134 (0.994)	100.00 (69.35)
[176/294]	0.151 (0.989)	100.00 (69.52)
[177/294]	0.180 (0.985)	100.00 (69.69)
[178/294]	1.162 (0.986)	65.00 (69.66)
[179/294]	0.144 (0.981)	100.00 (69.83)
[180/294]	0.322 (0.977)	95.00 (69.97)
[181/294]	0.890 (0.977)	65.00 (69.95)
[182/294]	0.838 (0.976)	75.00 (69.97)
[183/294]	1.117 (0.977)	85.00 (70.05)
[184/294]	0.212 (0.973)	100.00 (70.22)
[185/294]	0.184 (0.968)	100.00 (70.38)
[186/294]	2.221 (0.975)	70.00 (70.37)
[187/294]	0.756 (0.974)	80.00 (70.43)
[188/294]	0.263 (0.970)	100.00 (70.58)
[189/294]	0.821 (0.969)	75.00 (70.61)
[190/294]	2.133 (0.975)	50.00 (70.50)
[191/294]	1.244 (0.977)	55.00 (70.42)
[192/294]	0.613 (0.975)	80.00 (70.47)
[193/294]	0.781 (0.974)	100.00 (70.62)
[194/294]	1.067 (0.974)	80.00 (70.67)
[195/294]	1.282 (0.976)	50.00 (70.56)
[196/294]	1.307 (0.978)	45.00 (70.43)
[197/294]	0.919 (0.977)	55.00 (70.35)
[198/294]	0.791 (0.976)	55.00 (70.28)
[199/294]	0.704 (0.975)	50.00 (70.17)
[200/294]	0.713 (0.974)	80.00 (70.22)
[201/294]	0.651 (0.972)	95.00 (70.35)
[202/294]	0.531 (0.970)	100.00 (70.49)
[203/294]	0.619 (0.968)	80.00 (70.54)
[204/294]	0.590 (0.966)	90.00 (70.63)
[205/294]	0.517 (0.964)	95.00 (70.75)
[206/294]	0.343 (0.961)	100.00 (70.89)
[207/294]	0.294 (0.958)	100.00 (71.03)
[208/294]	0.526 (0.956)	80.00 (71.08)
[209/294]	0.287 (0.953)	100.00 (71.21)
[210/294]	1.041 (0.953)	60.00 (71.16)
[211/294]	0.588 (0.952)	80.00 (71.20)
[212/294]	0.334 (0.949)	95.00 (71.31)
[213/294]	0.346 (0.946)	100.00 (71.45)
[214/294]	0.468 (0.944)	100.00 (71.58)
[215/294]	0.525 (0.942)	80.00 (71.62)
[216/294]	1.332 (0.943)	65.00 (71.59)
[217/294]	1.222 (0.945)	70.00 (71.58)
[218/294]	0.371 (0.942)	85.00 (71.64)
[219/294]	0.205 (0.939)	100.00 (71.77)
[220/294]	0.860 (0.938)	65.00 (71.74)
[221/294]	0.214 (0.935)	95.00 (71.85)
[222/294]	0.408 (0.933)	90.00 (71.93)
[223/294]	0.557 (0.931)	85.00 (71.99)
[224/294]	0.198 (0.928)	100.00 (72.11)
[225/294]	0.478 (0.926)	95.00 (72.21)
[226/294]	0.600 (0.924)	90.00 (72.29)
[227/294]	0.302 (0.922)	100.00 (72.41)
[228/294]	0.306 (0.919)	100.00 (72.53)
[229/294]	0.376 (0.917)	95.00 (72.63)
[230/294]	0.494 (0.915)	90.00 (72.71)
[231/294]	0.241 (0.912)	100.00 (72.82)
[232/294]	0.225 (0.909)	100.00 (72.94)
[233/294]	0.297 (0.906)	90.00 (73.01)
[234/294]	0.747 (0.906)	80.00 (73.04)
[235/294]	0.286 (0.903)	95.00 (73.14)
[236/294]	0.235 (0.900)	95.00 (73.23)
[237/294]	0.218 (0.897)	100.00 (73.34)
[238/294]	0.794 (0.897)	80.00 (73.37)
[239/294]	0.310 (0.894)	90.00 (73.44)
[240/294]	0.230 (0.892)	100.00 (73.55)
[241/294]	0.820 (0.891)	75.00 (73.55)
[242/294]	0.872 (0.891)	55.00 (73.48)
[243/294]	0.409 (0.889)	90.00 (73.55)
[244/294]	0.366 (0.887)	100.00 (73.65)
[245/294]	0.492 (0.886)	90.00 (73.72)
[246/294]	0.309 (0.883)	95.00 (73.81)
[247/294]	0.369 (0.881)	90.00 (73.87)
[248/294]	0.356 (0.879)	90.00 (73.94)
[249/294]	0.322 (0.877)	100.00 (74.04)
[250/294]	0.344 (0.875)	95.00 (74.12)
[251/294]	0.326 (0.873)	95.00 (74.21)
[252/294]	0.148 (0.870)	100.00 (74.31)
[253/294]	0.155 (0.867)	100.00 (74.41)
[254/294]	0.163 (0.864)	100.00 (74.51)
[255/294]	0.179 (0.861)	100.00 (74.61)
[256/294]	0.210 (0.859)	95.00 (74.69)
[257/294]	0.151 (0.856)	100.00 (74.79)
[258/294]	0.138 (0.853)	100.00 (74.88)
[259/294]	0.324 (0.851)	95.00 (74.96)
[260/294]	0.326 (0.849)	90.00 (75.02)
[261/294]	0.372 (0.848)	85.00 (75.06)
[262/294]	0.187 (0.845)	95.00 (75.13)
[263/294]	0.133 (0.842)	100.00 (75.23)
[264/294]	0.296 (0.840)	95.00 (75.30)
[265/294]	0.208 (0.838)	95.00 (75.38)
[266/294]	0.163 (0.835)	100.00 (75.47)
[267/294]	0.139 (0.833)	100.00 (75.56)
[268/294]	0.346 (0.831)	95.00 (75.63)
[269/294]	0.173 (0.829)	100.00 (75.72)
[270/294]	0.207 (0.826)	95.00 (75.79)
[271/294]	0.114 (0.824)	100.00 (75.88)
[272/294]	0.174 (0.821)	95.00 (75.95)
[273/294]	0.103 (0.819)	100.00 (76.04)
[274/294]	0.110 (0.816)	100.00 (76.13)
[275/294]	0.116 (0.813)	100.00 (76.21)
[276/294]	0.179 (0.811)	100.00 (76.30)
[277/294]	0.300 (0.809)	90.00 (76.35)
[278/294]	0.190 (0.807)	95.00 (76.42)
[279/294]	0.115 (0.805)	100.00 (76.50)
[280/294]	0.220 (0.803)	95.00 (76.57)
[281/294]	0.149 (0.800)	100.00 (76.65)
[282/294]	0.157 (0.798)	100.00 (76.73)
[283/294]	0.451 (0.797)	85.00 (76.76)
[284/294]	0.361 (0.795)	85.00 (76.79)
[285/294]	0.153 (0.793)	95.00 (76.85)
[286/294]	0.309 (0.791)	85.00 (76.88)
[287/294]	0.095 (0.789)	100.00 (76.96)
[288/294]	0.094 (0.787)	100.00 (77.04)
[289/294]	0.172 (0.784)	95.00 (77.10)
[290/294]	0.125 (0.782)	100.00 (77.18)
[291/294]	0.999 (0.783)	75.00 (77.17)
[292/294]	0.151 (0.781)	95.00 (77.24)
[293/294]	0.095 (0.778)	100.00 (77.31)
 * Train Acc: 77.313
 * Avg. Data time: 0.004, Avg. Batch time: 0.063, Avg. Forward time: 0.004, Avg. Backward time: 0.050
Computing SI
 * Val Acc: 30.460, Time: 2.66
 * Test Acc: 32.795, Time: 4.86
=============Training Task 3=============
Active output nodes for this task: 
[0, 1, 2, 3, 4, 5, 6, 7]
=============Training Epoch 0=============
#reg terms:  1
Batch	 Loss		 Acc
[0/294]	7.917 (7.917)	0.00 (0.00)
[1/294]	5.788 (6.853)	0.00 (0.00)
[2/294]	4.643 (6.116)	0.00 (0.00)
[3/294]	3.909 (5.564)	0.00 (0.00)
[4/294]	3.733 (5.198)	0.00 (0.00)
[5/294]	3.499 (4.915)	0.00 (0.00)
[6/294]	3.363 (4.693)	0.00 (0.00)
[7/294]	3.316 (4.521)	0.00 (0.00)
[8/294]	3.336 (4.389)	0.00 (0.00)
[9/294]	3.108 (4.261)	35.00 (3.50)
[10/294]	3.043 (4.150)	50.00 (7.73)
[11/294]	2.456 (4.009)	50.00 (11.25)
[12/294]	2.339 (3.881)	50.00 (14.23)
[13/294]	2.023 (3.748)	50.00 (16.79)
[14/294]	1.987 (3.631)	50.00 (19.00)
[15/294]	2.348 (3.550)	50.00 (20.94)
[16/294]	1.630 (3.437)	50.00 (22.65)
[17/294]	1.805 (3.347)	50.00 (24.17)
[18/294]	1.614 (3.256)	50.00 (25.53)
[19/294]	1.577 (3.172)	50.00 (26.75)
[20/294]	1.615 (3.098)	50.00 (27.86)
[21/294]	1.576 (3.028)	50.00 (28.86)
[22/294]	1.515 (2.963)	50.00 (29.78)
[23/294]	1.445 (2.899)	50.00 (30.62)
[24/294]	1.381 (2.839)	70.00 (32.20)
[25/294]	1.371 (2.782)	50.00 (32.88)
[26/294]	1.399 (2.731)	50.00 (33.52)
[27/294]	1.286 (2.679)	50.00 (34.11)
[28/294]	1.223 (2.629)	85.00 (35.86)
[29/294]	1.216 (2.582)	50.00 (36.33)
[30/294]	1.146 (2.536)	60.00 (37.10)
[31/294]	1.109 (2.491)	100.00 (39.06)
[32/294]	1.111 (2.449)	65.00 (39.85)
[33/294]	1.113 (2.410)	50.00 (40.15)
[34/294]	1.094 (2.372)	65.00 (40.86)
[35/294]	0.991 (2.334)	50.00 (41.11)
[36/294]	0.922 (2.296)	95.00 (42.57)
[37/294]	0.980 (2.261)	55.00 (42.89)
[38/294]	0.890 (2.226)	80.00 (43.85)
[39/294]	1.062 (2.197)	60.00 (44.25)
[40/294]	0.887 (2.165)	75.00 (45.00)
[41/294]	1.029 (2.138)	50.00 (45.12)
[42/294]	0.870 (2.108)	65.00 (45.58)
[43/294]	0.791 (2.078)	75.00 (46.25)
[44/294]	0.840 (2.051)	65.00 (46.67)
[45/294]	0.801 (2.024)	55.00 (46.85)
[46/294]	0.633 (1.994)	90.00 (47.77)
[47/294]	0.903 (1.971)	80.00 (48.44)
[48/294]	0.636 (1.944)	95.00 (49.39)
[49/294]	1.758 (1.940)	50.00 (49.40)
[50/294]	0.866 (1.919)	65.00 (49.71)
[51/294]	0.676 (1.896)	75.00 (50.19)
[52/294]	0.804 (1.875)	70.00 (50.57)
[53/294]	0.832 (1.856)	55.00 (50.65)
[54/294]	0.831 (1.837)	55.00 (50.73)
[55/294]	0.598 (1.815)	80.00 (51.25)
[56/294]	0.562 (1.793)	100.00 (52.11)
[57/294]	0.807 (1.776)	70.00 (52.41)
[58/294]	0.964 (1.762)	55.00 (52.46)
[59/294]	0.625 (1.743)	95.00 (53.17)
[60/294]	0.444 (1.722)	100.00 (53.93)
[61/294]	0.453 (1.701)	100.00 (54.68)
[62/294]	0.477 (1.682)	100.00 (55.40)
[63/294]	0.490 (1.663)	100.00 (56.09)
[64/294]	0.443 (1.645)	100.00 (56.77)
[65/294]	0.440 (1.626)	90.00 (57.27)
[66/294]	0.295 (1.606)	100.00 (57.91)
[67/294]	1.455 (1.604)	60.00 (57.94)
[68/294]	0.401 (1.587)	90.00 (58.41)
[69/294]	0.756 (1.575)	65.00 (58.50)
[70/294]	0.620 (1.561)	70.00 (58.66)
[71/294]	2.282 (1.572)	50.00 (58.54)
[72/294]	2.414 (1.583)	50.00 (58.42)
[73/294]	0.635 (1.570)	70.00 (58.58)
[74/294]	1.209 (1.565)	60.00 (58.60)
[75/294]	1.257 (1.561)	65.00 (58.68)
[76/294]	0.879 (1.552)	90.00 (59.09)
[77/294]	0.635 (1.541)	100.00 (59.62)
[78/294]	0.821 (1.532)	100.00 (60.13)
[79/294]	0.771 (1.522)	100.00 (60.62)
[80/294]	0.576 (1.510)	100.00 (61.11)
[81/294]	0.341 (1.496)	100.00 (61.59)
[82/294]	0.390 (1.483)	95.00 (61.99)
[83/294]	0.563 (1.472)	90.00 (62.32)
[84/294]	0.385 (1.459)	100.00 (62.76)
[85/294]	1.886 (1.464)	50.00 (62.62)
[86/294]	2.000 (1.470)	15.00 (62.07)
[87/294]	1.213 (1.467)	50.00 (61.93)
[88/294]	2.152 (1.475)	50.00 (61.80)
[89/294]	0.660 (1.466)	90.00 (62.11)
[90/294]	1.372 (1.465)	50.00 (61.98)
[91/294]	1.641 (1.467)	50.00 (61.85)
[92/294]	0.816 (1.460)	75.00 (61.99)
[93/294]	0.728 (1.452)	85.00 (62.23)
[94/294]	1.071 (1.448)	50.00 (62.11)
[95/294]	1.076 (1.444)	60.00 (62.08)
[96/294]	1.144 (1.441)	55.00 (62.01)
[97/294]	0.882 (1.435)	50.00 (61.89)
[98/294]	0.902 (1.430)	80.00 (62.07)
[99/294]	0.783 (1.423)	100.00 (62.45)
[100/294]	0.678 (1.416)	100.00 (62.82)
[101/294]	0.616 (1.408)	100.00 (63.19)
[102/294]	0.530 (1.400)	100.00 (63.54)
[103/294]	0.451 (1.391)	100.00 (63.89)
[104/294]	0.884 (1.386)	65.00 (63.90)
[105/294]	0.387 (1.376)	100.00 (64.25)
[106/294]	0.346 (1.367)	100.00 (64.58)
[107/294]	0.417 (1.358)	95.00 (64.86)
[108/294]	0.273 (1.348)	100.00 (65.18)
[109/294]	0.275 (1.338)	100.00 (65.50)
[110/294]	0.374 (1.330)	95.00 (65.77)
[111/294]	0.413 (1.321)	95.00 (66.03)
[112/294]	0.235 (1.312)	100.00 (66.33)
[113/294]	0.264 (1.303)	100.00 (66.62)
[114/294]	0.802 (1.298)	90.00 (66.83)
[115/294]	2.978 (1.313)	50.00 (66.68)
[116/294]	0.485 (1.306)	80.00 (66.79)
[117/294]	0.379 (1.298)	100.00 (67.08)
[118/294]	0.901 (1.294)	55.00 (66.97)
[119/294]	0.790 (1.290)	55.00 (66.88)
[120/294]	0.531 (1.284)	85.00 (67.02)
[121/294]	0.348 (1.276)	95.00 (67.25)
[122/294]	0.882 (1.273)	60.00 (67.20)
[123/294]	0.681 (1.268)	80.00 (67.30)
[124/294]	0.992 (1.266)	50.00 (67.16)
[125/294]	0.852 (1.263)	50.00 (67.02)
[126/294]	0.662 (1.258)	80.00 (67.13)
[127/294]	0.435 (1.252)	90.00 (67.30)
[128/294]	0.435 (1.245)	85.00 (67.44)
[129/294]	1.208 (1.245)	55.00 (67.35)
[130/294]	0.528 (1.240)	95.00 (67.56)
[131/294]	0.623 (1.235)	75.00 (67.61)
[132/294]	0.573 (1.230)	80.00 (67.71)
[133/294]	0.592 (1.225)	75.00 (67.76)
[134/294]	0.599 (1.221)	70.00 (67.78)
[135/294]	0.550 (1.216)	80.00 (67.87)
[136/294]	0.672 (1.212)	75.00 (67.92)
[137/294]	0.476 (1.206)	95.00 (68.12)
[138/294]	0.308 (1.200)	100.00 (68.35)
[139/294]	0.290 (1.193)	100.00 (68.57)
[140/294]	0.588 (1.189)	80.00 (68.65)
[141/294]	0.391 (1.183)	90.00 (68.80)
[142/294]	0.353 (1.178)	90.00 (68.95)
[143/294]	0.210 (1.171)	100.00 (69.17)
[144/294]	0.259 (1.165)	100.00 (69.38)
[145/294]	0.304 (1.159)	100.00 (69.59)
[146/294]	0.411 (1.154)	85.00 (69.69)
[147/294]	0.220 (1.147)	100.00 (69.90)
[148/294]	0.240 (1.141)	100.00 (70.10)
[149/294]	0.240 (1.135)	100.00 (70.30)
[150/294]	0.235 (1.129)	100.00 (70.50)
[151/294]	0.180 (1.123)	100.00 (70.69)
[152/294]	0.167 (1.117)	100.00 (70.88)
[153/294]	0.167 (1.111)	100.00 (71.07)
[154/294]	0.165 (1.104)	100.00 (71.26)
[155/294]	0.177 (1.099)	100.00 (71.44)
[156/294]	0.218 (1.093)	100.00 (71.62)
[157/294]	0.235 (1.087)	95.00 (71.77)
[158/294]	0.194 (1.082)	95.00 (71.92)
[159/294]	0.216 (1.076)	95.00 (72.06)
[160/294]	0.271 (1.071)	95.00 (72.20)
[161/294]	0.169 (1.066)	100.00 (72.38)
[162/294]	0.498 (1.062)	90.00 (72.48)
[163/294]	0.528 (1.059)	85.00 (72.56)
[164/294]	0.227 (1.054)	95.00 (72.70)
[165/294]	0.383 (1.050)	90.00 (72.80)
[166/294]	0.272 (1.045)	95.00 (72.93)
[167/294]	0.173 (1.040)	100.00 (73.10)
[168/294]	0.220 (1.035)	100.00 (73.25)
[169/294]	0.171 (1.030)	100.00 (73.41)
[170/294]	0.127 (1.025)	100.00 (73.57)
[171/294]	0.164 (1.020)	100.00 (73.72)
[172/294]	1.017 (1.020)	65.00 (73.67)
[173/294]	0.825 (1.019)	75.00 (73.68)
[174/294]	0.192 (1.014)	100.00 (73.83)
[175/294]	0.630 (1.012)	75.00 (73.84)
[176/294]	0.565 (1.009)	70.00 (73.81)
[177/294]	0.387 (1.006)	90.00 (73.90)
[178/294]	0.137 (1.001)	100.00 (74.05)
[179/294]	1.809 (1.006)	60.00 (73.97)
[180/294]	0.182 (1.001)	100.00 (74.12)
[181/294]	0.267 (0.997)	100.00 (74.26)
[182/294]	0.322 (0.993)	95.00 (74.37)
[183/294]	0.946 (0.993)	70.00 (74.35)
[184/294]	1.198 (0.994)	50.00 (74.22)
[185/294]	1.345 (0.996)	50.00 (74.09)
[186/294]	1.031 (0.996)	60.00 (74.01)
[187/294]	1.072 (0.997)	65.00 (73.96)
[188/294]	0.721 (0.995)	100.00 (74.10)
[189/294]	0.854 (0.994)	100.00 (74.24)
[190/294]	0.530 (0.992)	90.00 (74.32)
[191/294]	0.459 (0.989)	85.00 (74.38)
[192/294]	0.370 (0.986)	100.00 (74.51)
[193/294]	0.410 (0.983)	85.00 (74.56)
[194/294]	0.325 (0.980)	90.00 (74.64)
[195/294]	0.194 (0.976)	100.00 (74.77)
[196/294]	0.191 (0.972)	100.00 (74.90)
[197/294]	0.225 (0.968)	100.00 (75.03)
[198/294]	0.328 (0.965)	90.00 (75.10)
[199/294]	0.791 (0.964)	75.00 (75.10)
[200/294]	0.291 (0.960)	95.00 (75.20)
[201/294]	0.240 (0.957)	100.00 (75.32)
[202/294]	0.379 (0.954)	95.00 (75.42)
[203/294]	0.211 (0.950)	100.00 (75.54)
[204/294]	0.173 (0.947)	100.00 (75.66)
[205/294]	0.166 (0.943)	100.00 (75.78)
[206/294]	0.358 (0.940)	85.00 (75.82)
[207/294]	0.197 (0.936)	100.00 (75.94)
[208/294]	0.162 (0.933)	100.00 (76.05)
[209/294]	0.317 (0.930)	95.00 (76.14)
[210/294]	0.249 (0.927)	95.00 (76.23)
[211/294]	0.421 (0.924)	95.00 (76.32)
[212/294]	0.320 (0.921)	95.00 (76.41)
[213/294]	0.413 (0.919)	90.00 (76.47)
[214/294]	0.192 (0.916)	100.00 (76.58)
[215/294]	0.148 (0.912)	100.00 (76.69)
[216/294]	0.151 (0.908)	100.00 (76.80)
[217/294]	0.147 (0.905)	100.00 (76.90)
[218/294]	0.228 (0.902)	95.00 (76.99)
[219/294]	0.370 (0.899)	90.00 (77.05)
[220/294]	0.160 (0.896)	100.00 (77.15)
[221/294]	0.136 (0.893)	100.00 (77.25)
[222/294]	0.138 (0.889)	100.00 (77.35)
[223/294]	0.137 (0.886)	100.00 (77.46)
[224/294]	0.147 (0.883)	100.00 (77.56)
[225/294]	0.151 (0.879)	100.00 (77.65)
[226/294]	0.154 (0.876)	100.00 (77.75)
[227/294]	0.121 (0.873)	100.00 (77.85)
[228/294]	0.129 (0.870)	100.00 (77.95)
[229/294]	0.258 (0.867)	95.00 (78.02)
[230/294]	0.551 (0.866)	80.00 (78.03)
[231/294]	0.356 (0.863)	90.00 (78.08)
[232/294]	0.252 (0.861)	95.00 (78.15)
[233/294]	0.270 (0.858)	90.00 (78.21)
[234/294]	0.369 (0.856)	90.00 (78.26)
[235/294]	0.242 (0.854)	90.00 (78.31)
[236/294]	0.156 (0.851)	100.00 (78.40)
[237/294]	0.111 (0.848)	100.00 (78.49)
[238/294]	0.409 (0.846)	85.00 (78.51)
[239/294]	0.173 (0.843)	100.00 (78.60)
[240/294]	0.139 (0.840)	100.00 (78.69)
[241/294]	0.505 (0.839)	95.00 (78.76)
[242/294]	0.186 (0.836)	95.00 (78.83)
[243/294]	0.123 (0.833)	100.00 (78.91)
[244/294]	0.121 (0.830)	100.00 (79.00)
[245/294]	0.159 (0.827)	100.00 (79.09)
[246/294]	0.113 (0.825)	100.00 (79.17)
[247/294]	0.112 (0.822)	100.00 (79.25)
[248/294]	0.150 (0.819)	100.00 (79.34)
[249/294]	0.144 (0.816)	100.00 (79.42)
[250/294]	0.453 (0.815)	80.00 (79.42)
[251/294]	2.119 (0.820)	50.00 (79.31)
[252/294]	0.117 (0.817)	100.00 (79.39)
[253/294]	0.149 (0.815)	100.00 (79.47)
[254/294]	0.195 (0.812)	100.00 (79.55)
[255/294]	0.285 (0.810)	95.00 (79.61)
[256/294]	0.504 (0.809)	80.00 (79.61)
[257/294]	0.372 (0.807)	85.00 (79.63)
[258/294]	0.224 (0.805)	100.00 (79.71)
[259/294]	0.162 (0.802)	100.00 (79.79)
[260/294]	0.149 (0.800)	100.00 (79.87)
[261/294]	0.107 (0.797)	100.00 (79.94)
[262/294]	0.181 (0.795)	100.00 (80.02)
[263/294]	0.137 (0.792)	100.00 (80.09)
[264/294]	0.151 (0.790)	95.00 (80.15)
[265/294]	0.198 (0.788)	100.00 (80.23)
[266/294]	0.189 (0.786)	100.00 (80.30)
[267/294]	0.148 (0.783)	100.00 (80.37)
[268/294]	0.142 (0.781)	100.00 (80.45)
[269/294]	0.111 (0.778)	100.00 (80.52)
[270/294]	0.118 (0.776)	100.00 (80.59)
[271/294]	0.140 (0.774)	100.00 (80.66)
[272/294]	0.441 (0.772)	95.00 (80.71)
[273/294]	0.109 (0.770)	100.00 (80.78)
[274/294]	0.116 (0.768)	100.00 (80.85)
[275/294]	0.167 (0.765)	95.00 (80.91)
[276/294]	0.142 (0.763)	100.00 (80.97)
[277/294]	0.144 (0.761)	95.00 (81.03)
[278/294]	0.614 (0.760)	80.00 (81.02)
[279/294]	0.265 (0.759)	95.00 (81.07)
[280/294]	0.955 (0.759)	60.00 (81.00)
[281/294]	0.442 (0.758)	90.00 (81.03)
[282/294]	0.167 (0.756)	100.00 (81.10)
[283/294]	0.132 (0.754)	100.00 (81.16)
[284/294]	0.127 (0.752)	100.00 (81.23)
[285/294]	0.167 (0.750)	100.00 (81.29)
[286/294]	0.182 (0.748)	100.00 (81.36)
[287/294]	0.455 (0.747)	85.00 (81.37)
[288/294]	0.707 (0.747)	70.00 (81.33)
[289/294]	0.614 (0.746)	70.00 (81.29)
[290/294]	0.584 (0.746)	75.00 (81.27)
[291/294]	0.438 (0.744)	90.00 (81.30)
[292/294]	0.213 (0.743)	100.00 (81.37)
[293/294]	0.364 (0.741)	85.00 (81.38)
 * Train Acc: 81.378
 * Avg. Data time: 0.008, Avg. Batch time: 0.066, Avg. Forward time: 0.004, Avg. Backward time: 0.048
Computing SI
 * Val Acc: 25.351, Time: 4.40
 * Test Acc: 24.426, Time: 8.98
=============Training Task 4=============
Active output nodes for this task: 
[0, 1, 2, 3, 4, 5, 6, 7, 8, 9]
=============Training Epoch 0=============
#reg terms:  1
Batch	 Loss		 Acc
[0/294]	6.582 (6.582)	0.00 (0.00)
[1/294]	9.659 (8.121)	0.00 (0.00)
[2/294]	5.501 (7.247)	0.00 (0.00)
[3/294]	3.318 (6.265)	0.00 (0.00)
[4/294]	3.613 (5.734)	0.00 (0.00)
[5/294]	3.641 (5.386)	0.00 (0.00)
[6/294]	3.666 (5.140)	0.00 (0.00)
[7/294]	3.699 (4.960)	0.00 (0.00)
[8/294]	3.731 (4.823)	0.00 (0.00)
[9/294]	3.731 (4.714)	0.00 (0.00)
[10/294]	3.711 (4.623)	0.00 (0.00)
[11/294]	3.689 (4.545)	0.00 (0.00)
[12/294]	3.658 (4.477)	0.00 (0.00)
[13/294]	3.594 (4.414)	0.00 (0.00)
[14/294]	3.499 (4.353)	0.00 (0.00)
[15/294]	3.391 (4.293)	0.00 (0.00)
[16/294]	3.246 (4.231)	0.00 (0.00)
[17/294]	3.128 (4.170)	25.00 (1.39)
[18/294]	2.867 (4.101)	50.00 (3.95)
[19/294]	2.528 (4.023)	50.00 (6.25)
[20/294]	2.222 (3.937)	50.00 (8.33)
[21/294]	1.878 (3.843)	50.00 (10.23)
[22/294]	1.754 (3.752)	50.00 (11.96)
[23/294]	1.928 (3.676)	50.00 (13.54)
[24/294]	1.984 (3.609)	50.00 (15.00)
[25/294]	1.680 (3.534)	50.00 (16.35)
[26/294]	1.889 (3.474)	50.00 (17.59)
[27/294]	1.608 (3.407)	45.00 (18.57)
[28/294]	1.562 (3.343)	50.00 (19.66)
[29/294]	1.495 (3.282)	45.00 (20.50)
[30/294]	1.500 (3.224)	45.00 (21.29)
[31/294]	1.518 (3.171)	20.00 (21.25)
[32/294]	1.407 (3.117)	50.00 (22.12)
[33/294]	1.306 (3.064)	90.00 (24.12)
[34/294]	1.281 (3.013)	65.00 (25.29)
[35/294]	1.319 (2.966)	50.00 (25.97)
[36/294]	1.281 (2.921)	50.00 (26.62)
[37/294]	1.261 (2.877)	55.00 (27.37)
[38/294]	1.249 (2.835)	50.00 (27.95)
[39/294]	1.196 (2.794)	50.00 (28.50)
[40/294]	1.189 (2.755)	50.00 (29.02)
[41/294]	1.208 (2.718)	50.00 (29.52)
[42/294]	1.234 (2.684)	50.00 (30.00)
[43/294]	1.165 (2.649)	50.00 (30.45)
[44/294]	1.135 (2.616)	45.00 (30.78)
[45/294]	1.139 (2.583)	40.00 (30.98)
[46/294]	1.113 (2.552)	50.00 (31.38)
[47/294]	1.090 (2.522)	50.00 (31.77)
[48/294]	1.044 (2.492)	50.00 (32.14)
[49/294]	1.130 (2.464)	50.00 (32.50)
[50/294]	1.076 (2.437)	50.00 (32.84)
[51/294]	1.060 (2.411)	55.00 (33.27)
[52/294]	0.960 (2.383)	65.00 (33.87)
[53/294]	0.997 (2.358)	50.00 (34.17)
[54/294]	0.985 (2.333)	60.00 (34.64)
[55/294]	1.008 (2.309)	50.00 (34.91)
[56/294]	0.981 (2.286)	45.00 (35.09)
[57/294]	0.965 (2.263)	50.00 (35.34)
[58/294]	0.965 (2.241)	50.00 (35.59)
[59/294]	0.944 (2.219)	50.00 (35.83)
[60/294]	0.916 (2.198)	50.00 (36.07)
[61/294]	0.899 (2.177)	50.00 (36.29)
[62/294]	0.947 (2.157)	50.00 (36.51)
[63/294]	0.892 (2.138)	50.00 (36.72)
[64/294]	0.897 (2.119)	65.00 (37.15)
[65/294]	0.890 (2.100)	85.00 (37.88)
[66/294]	0.919 (2.082)	45.00 (37.99)
[67/294]	0.864 (2.064)	90.00 (38.75)
[68/294]	0.876 (2.047)	60.00 (39.06)
[69/294]	0.913 (2.031)	50.00 (39.21)
[70/294]	0.893 (2.015)	50.00 (39.37)
[71/294]	0.911 (2.000)	50.00 (39.51)
[72/294]	0.855 (1.984)	50.00 (39.66)
[73/294]	0.771 (1.968)	50.00 (39.80)
[74/294]	0.852 (1.953)	45.00 (39.87)
[75/294]	0.808 (1.938)	65.00 (40.20)
[76/294]	0.717 (1.922)	85.00 (40.78)
[77/294]	0.940 (1.909)	50.00 (40.90)
[78/294]	0.856 (1.896)	50.00 (41.01)
[79/294]	0.738 (1.881)	85.00 (41.56)
[80/294]	0.660 (1.866)	95.00 (42.22)
[81/294]	0.796 (1.853)	55.00 (42.38)
[82/294]	0.888 (1.842)	40.00 (42.35)
[83/294]	0.861 (1.830)	50.00 (42.44)
[84/294]	0.888 (1.819)	70.00 (42.76)
[85/294]	0.817 (1.807)	65.00 (43.02)
[86/294]	0.766 (1.795)	50.00 (43.10)
[87/294]	0.831 (1.784)	55.00 (43.24)
[88/294]	0.794 (1.773)	70.00 (43.54)
[89/294]	0.696 (1.761)	60.00 (43.72)
[90/294]	0.618 (1.749)	50.00 (43.79)
[91/294]	0.772 (1.738)	65.00 (44.02)
[92/294]	0.688 (1.727)	80.00 (44.41)
[93/294]	0.608 (1.715)	90.00 (44.89)
[94/294]	0.853 (1.706)	50.00 (44.95)
[95/294]	0.759 (1.696)	75.00 (45.26)
[96/294]	0.756 (1.686)	50.00 (45.31)
[97/294]	0.752 (1.677)	50.00 (45.36)
[98/294]	0.911 (1.669)	30.00 (45.20)
[99/294]	0.567 (1.658)	75.00 (45.50)
[100/294]	0.551 (1.647)	90.00 (45.94)
[101/294]	1.062 (1.641)	50.00 (45.98)
[102/294]	0.553 (1.631)	85.00 (46.36)
[103/294]	0.999 (1.625)	55.00 (46.44)
[104/294]	1.405 (1.622)	5.00 (46.05)
[105/294]	0.512 (1.612)	85.00 (46.42)
[106/294]	0.657 (1.603)	75.00 (46.68)
[107/294]	0.682 (1.595)	70.00 (46.90)
[108/294]	0.776 (1.587)	50.00 (46.93)
[109/294]	0.532 (1.577)	100.00 (47.41)
[110/294]	0.683 (1.569)	60.00 (47.52)
[111/294]	0.868 (1.563)	50.00 (47.54)
[112/294]	0.979 (1.558)	50.00 (47.57)
[113/294]	0.945 (1.553)	50.00 (47.59)
[114/294]	0.836 (1.546)	55.00 (47.65)
[115/294]	0.557 (1.538)	90.00 (48.02)
[116/294]	0.430 (1.528)	95.00 (48.42)
[117/294]	0.579 (1.520)	85.00 (48.73)
[118/294]	0.545 (1.512)	95.00 (49.12)
[119/294]	0.524 (1.504)	85.00 (49.42)
[120/294]	0.568 (1.496)	100.00 (49.83)
[121/294]	0.545 (1.488)	95.00 (50.20)
[122/294]	0.775 (1.483)	70.00 (50.37)
[123/294]	0.659 (1.476)	55.00 (50.40)
[124/294]	0.495 (1.468)	95.00 (50.76)
[125/294]	0.513 (1.460)	95.00 (51.11)
[126/294]	0.630 (1.454)	75.00 (51.30)
[127/294]	0.975 (1.450)	65.00 (51.41)
[128/294]	0.847 (1.446)	60.00 (51.47)
[129/294]	1.094 (1.443)	50.00 (51.46)
[130/294]	0.406 (1.435)	85.00 (51.72)
[131/294]	0.757 (1.430)	70.00 (51.86)
[132/294]	1.160 (1.428)	25.00 (51.65)
[133/294]	0.700 (1.422)	70.00 (51.79)
[134/294]	0.539 (1.416)	90.00 (52.07)
[135/294]	0.533 (1.409)	90.00 (52.35)
[136/294]	1.166 (1.408)	50.00 (52.34)
[137/294]	0.891 (1.404)	50.00 (52.32)
[138/294]	0.606 (1.398)	70.00 (52.45)
[139/294]	0.626 (1.393)	65.00 (52.54)
[140/294]	0.959 (1.389)	55.00 (52.55)
[141/294]	0.520 (1.383)	85.00 (52.78)
[142/294]	0.375 (1.376)	100.00 (53.11)
[143/294]	0.652 (1.371)	95.00 (53.40)
[144/294]	0.652 (1.366)	90.00 (53.66)
[145/294]	0.629 (1.361)	85.00 (53.87)
[146/294]	0.596 (1.356)	70.00 (53.98)
[147/294]	0.282 (1.349)	100.00 (54.29)
[148/294]	0.452 (1.343)	100.00 (54.60)
[149/294]	0.583 (1.338)	85.00 (54.80)
[150/294]	0.405 (1.331)	95.00 (55.07)
[151/294]	0.331 (1.325)	100.00 (55.36)
[152/294]	0.793 (1.321)	85.00 (55.56)
[153/294]	0.622 (1.317)	75.00 (55.68)
[154/294]	0.587 (1.312)	65.00 (55.74)
[155/294]	0.666 (1.308)	55.00 (55.74)
[156/294]	0.498 (1.303)	65.00 (55.80)
[157/294]	0.171 (1.296)	100.00 (56.08)
[158/294]	0.271 (1.289)	95.00 (56.32)
[159/294]	0.220 (1.283)	100.00 (56.59)
[160/294]	0.161 (1.276)	100.00 (56.86)
[161/294]	0.241 (1.269)	100.00 (57.13)
[162/294]	0.260 (1.263)	100.00 (57.39)
[163/294]	0.253 (1.257)	100.00 (57.65)
[164/294]	0.187 (1.250)	100.00 (57.91)
[165/294]	0.167 (1.244)	100.00 (58.16)
[166/294]	0.283 (1.238)	95.00 (58.38)
[167/294]	0.544 (1.234)	80.00 (58.51)
[168/294]	0.145 (1.228)	100.00 (58.76)
[169/294]	0.431 (1.223)	90.00 (58.94)
[170/294]	0.371 (1.218)	85.00 (59.09)
[171/294]	0.261 (1.212)	90.00 (59.27)
[172/294]	0.452 (1.208)	80.00 (59.39)
[173/294]	0.334 (1.203)	95.00 (59.60)
[174/294]	0.297 (1.198)	100.00 (59.83)
[175/294]	0.302 (1.193)	95.00 (60.03)
[176/294]	1.189 (1.193)	70.00 (60.08)
[177/294]	0.726 (1.190)	80.00 (60.20)
[178/294]	1.623 (1.192)	50.00 (60.14)
[179/294]	0.223 (1.187)	100.00 (60.36)
[180/294]	0.260 (1.182)	95.00 (60.55)
[181/294]	0.297 (1.177)	95.00 (60.74)
[182/294]	4.151 (1.193)	50.00 (60.68)
[183/294]	1.156 (1.193)	70.00 (60.73)
[184/294]	0.577 (1.190)	95.00 (60.92)
[185/294]	1.319 (1.190)	65.00 (60.94)
[186/294]	1.239 (1.191)	45.00 (60.86)
[187/294]	0.960 (1.189)	70.00 (60.90)
[188/294]	0.713 (1.187)	100.00 (61.11)
[189/294]	0.956 (1.186)	50.00 (61.05)
[190/294]	0.744 (1.183)	75.00 (61.13)
[191/294]	0.949 (1.182)	65.00 (61.15)
[192/294]	0.887 (1.181)	50.00 (61.09)
[193/294]	0.748 (1.178)	80.00 (61.19)
[194/294]	0.764 (1.176)	70.00 (61.23)
[195/294]	0.522 (1.173)	100.00 (61.43)
[196/294]	0.400 (1.169)	100.00 (61.62)
[197/294]	0.381 (1.165)	100.00 (61.82)
[198/294]	0.393 (1.161)	90.00 (61.96)
[199/294]	1.146 (1.161)	65.00 (61.98)
[200/294]	0.531 (1.158)	85.00 (62.09)
[201/294]	0.422 (1.154)	100.00 (62.28)
[202/294]	0.413 (1.151)	100.00 (62.46)
[203/294]	0.482 (1.147)	90.00 (62.60)
[204/294]	0.515 (1.144)	90.00 (62.73)
[205/294]	0.486 (1.141)	85.00 (62.84)
[206/294]	0.536 (1.138)	85.00 (62.95)
[207/294]	0.290 (1.134)	100.00 (63.12)
[208/294]	0.273 (1.130)	100.00 (63.30)
[209/294]	0.277 (1.126)	100.00 (63.48)
[210/294]	1.379 (1.127)	50.00 (63.41)
[211/294]	0.350 (1.124)	100.00 (63.58)
[212/294]	0.345 (1.120)	100.00 (63.76)
[213/294]	0.506 (1.117)	85.00 (63.86)
[214/294]	1.455 (1.119)	65.00 (63.86)
[215/294]	0.550 (1.116)	80.00 (63.94)
[216/294]	0.313 (1.112)	100.00 (64.10)
[217/294]	0.395 (1.109)	95.00 (64.24)
[218/294]	0.601 (1.107)	80.00 (64.32)
[219/294]	0.752 (1.105)	80.00 (64.39)
[220/294]	0.302 (1.101)	100.00 (64.55)
[221/294]	0.399 (1.098)	100.00 (64.71)
[222/294]	0.350 (1.095)	100.00 (64.87)
[223/294]	0.358 (1.092)	100.00 (65.02)
[224/294]	0.445 (1.089)	90.00 (65.13)
[225/294]	1.067 (1.089)	60.00 (65.11)
[226/294]	0.947 (1.088)	60.00 (65.09)
[227/294]	0.594 (1.086)	80.00 (65.15)
[228/294]	0.429 (1.083)	95.00 (65.28)
[229/294]	0.373 (1.080)	100.00 (65.43)
[230/294]	0.400 (1.077)	100.00 (65.58)
[231/294]	0.393 (1.074)	95.00 (65.71)
[232/294]	0.373 (1.071)	100.00 (65.86)
[233/294]	0.528 (1.069)	85.00 (65.94)
[234/294]	0.737 (1.067)	80.00 (66.00)
[235/294]	0.496 (1.065)	100.00 (66.14)
[236/294]	0.342 (1.062)	100.00 (66.29)
[237/294]	0.421 (1.059)	90.00 (66.39)
[238/294]	0.751 (1.058)	50.00 (66.32)
[239/294]	0.893 (1.057)	65.00 (66.31)
[240/294]	0.465 (1.055)	85.00 (66.39)
[241/294]	0.228 (1.051)	100.00 (66.53)
[242/294]	0.780 (1.050)	75.00 (66.56)
[243/294]	0.609 (1.048)	80.00 (66.62)
[244/294]	0.349 (1.045)	90.00 (66.71)
[245/294]	0.315 (1.042)	95.00 (66.83)
[246/294]	0.214 (1.039)	100.00 (66.96)
[247/294]	0.213 (1.036)	100.00 (67.10)
[248/294]	0.582 (1.034)	85.00 (67.17)
[249/294]	0.296 (1.031)	100.00 (67.30)
[250/294]	0.367 (1.028)	90.00 (67.39)
[251/294]	0.231 (1.025)	100.00 (67.52)
[252/294]	0.678 (1.024)	80.00 (67.57)
[253/294]	0.501 (1.022)	95.00 (67.68)
[254/294]	0.389 (1.019)	100.00 (67.80)
[255/294]	0.435 (1.017)	100.00 (67.93)
[256/294]	0.267 (1.014)	100.00 (68.05)
[257/294]	0.323 (1.011)	100.00 (68.18)
[258/294]	0.628 (1.010)	90.00 (68.26)
[259/294]	0.238 (1.007)	100.00 (68.38)
[260/294]	0.233 (1.004)	100.00 (68.51)
[261/294]	0.320 (1.001)	100.00 (68.63)
[262/294]	0.439 (0.999)	100.00 (68.75)
[263/294]	0.713 (0.998)	80.00 (68.79)
[264/294]	0.657 (0.997)	80.00 (68.83)
[265/294]	0.380 (0.995)	95.00 (68.93)
[266/294]	0.245 (0.992)	100.00 (69.04)
[267/294]	0.265 (0.989)	100.00 (69.16)
[268/294]	0.425 (0.987)	90.00 (69.24)
[269/294]	2.803 (0.994)	55.00 (69.19)
[270/294]	0.705 (0.993)	85.00 (69.24)
[271/294]	1.173 (0.993)	80.00 (69.28)
[272/294]	0.546 (0.992)	100.00 (69.40)
[273/294]	4.781 (1.005)	50.00 (69.32)
[274/294]	1.076 (1.006)	75.00 (69.35)
[275/294]	0.545 (1.004)	100.00 (69.46)
[276/294]	0.900 (1.004)	75.00 (69.48)
[277/294]	0.671 (1.002)	90.00 (69.55)
[278/294]	1.038 (1.003)	75.00 (69.57)
[279/294]	0.870 (1.002)	90.00 (69.64)
[280/294]	1.176 (1.003)	70.00 (69.64)
[281/294]	1.051 (1.003)	70.00 (69.65)
[282/294]	0.829 (1.002)	90.00 (69.72)
[283/294]	0.599 (1.001)	100.00 (69.82)
[284/294]	1.041 (1.001)	70.00 (69.82)
[285/294]	1.120 (1.001)	70.00 (69.83)
[286/294]	0.703 (1.000)	100.00 (69.93)
[287/294]	1.009 (1.000)	80.00 (69.97)
[288/294]	0.950 (1.000)	60.00 (69.93)
[289/294]	1.007 (1.000)	75.00 (69.95)
[290/294]	0.818 (1.000)	85.00 (70.00)
[291/294]	0.918 (0.999)	65.00 (69.98)
[292/294]	0.862 (0.999)	75.00 (70.00)
[293/294]	0.586 (0.997)	100.00 (70.10)
 * Train Acc: 70.102
 * Avg. Data time: 0.004, Avg. Batch time: 0.064, Avg. Forward time: 0.004, Avg. Backward time: 0.050
Computing SI
 * Val Acc: 18.087, Time: 4.96
 * Test Acc: 18.886, Time: 11.05
=============Training Task 5=============
Active output nodes for this task: 
[0, 1, 2, 3, 4, 5, 6, 7, 8, 9, 10, 11]
=============Training Epoch 0=============
#reg terms:  1
Batch	 Loss		 Acc
