=============Stream Learning Run 0=============
Changing output layer to contain 12 classes
============BEGINNING STREAM LEARNING============
=============Training Task 0=============
Active output nodes for this task: 
[0, 1]
=============Training Epoch 0=============
#reg terms:  0
Batch	 Loss		 Acc
[0/294]	1.884 (1.884)	45.00 (45.00)
[1/294]	1.394 (1.639)	45.00 (45.00)
[2/294]	1.361 (1.546)	50.00 (46.67)
[3/294]	1.244 (1.471)	50.00 (47.50)
[4/294]	1.046 (1.386)	35.00 (45.00)
[5/294]	0.910 (1.307)	50.00 (45.83)
[6/294]	0.658 (1.214)	55.00 (47.14)
[7/294]	0.796 (1.162)	55.00 (48.12)
[8/294]	0.580 (1.097)	70.00 (50.56)
[9/294]	0.576 (1.045)	75.00 (53.00)
[10/294]	0.861 (1.028)	40.00 (51.82)
[11/294]	0.905 (1.018)	20.00 (49.17)
[12/294]	0.717 (0.995)	60.00 (50.00)
[13/294]	0.718 (0.975)	65.00 (51.07)
[14/294]	1.199 (0.990)	30.00 (49.67)
[15/294]	1.080 (0.995)	30.00 (48.44)
[16/294]	0.879 (0.989)	30.00 (47.35)
[17/294]	0.786 (0.977)	50.00 (47.50)
[18/294]	0.787 (0.967)	55.00 (47.89)
[19/294]	0.865 (0.962)	45.00 (47.75)
[20/294]	0.771 (0.953)	35.00 (47.14)
[21/294]	0.920 (0.952)	60.00 (47.73)
[22/294]	0.890 (0.949)	40.00 (47.39)
[23/294]	0.757 (0.941)	40.00 (47.08)
[24/294]	0.657 (0.930)	75.00 (48.20)
[25/294]	0.663 (0.919)	65.00 (48.85)
[26/294]	0.758 (0.913)	45.00 (48.70)
[27/294]	0.952 (0.915)	45.00 (48.57)
[28/294]	0.615 (0.904)	60.00 (48.97)
[29/294]	0.502 (0.891)	80.00 (50.00)
[30/294]	0.509 (0.879)	85.00 (51.13)
[31/294]	0.973 (0.882)	10.00 (49.84)
[32/294]	0.768 (0.878)	60.00 (50.15)
[33/294]	0.601 (0.870)	80.00 (51.03)
[34/294]	0.658 (0.864)	65.00 (51.43)
[35/294]	0.501 (0.854)	75.00 (52.08)
[36/294]	0.671 (0.849)	55.00 (52.16)
[37/294]	0.812 (0.848)	35.00 (51.71)
[38/294]	0.559 (0.841)	70.00 (52.18)
[39/294]	0.635 (0.835)	60.00 (52.38)
[40/294]	0.746 (0.833)	40.00 (52.07)
[41/294]	0.706 (0.830)	60.00 (52.26)
[42/294]	0.632 (0.826)	65.00 (52.56)
[43/294]	0.660 (0.822)	50.00 (52.50)
[44/294]	0.957 (0.825)	50.00 (52.44)
[45/294]	0.507 (0.818)	80.00 (53.04)
[46/294]	0.699 (0.815)	55.00 (53.09)
[47/294]	0.892 (0.817)	40.00 (52.81)
[48/294]	0.790 (0.816)	55.00 (52.86)
[49/294]	0.613 (0.812)	65.00 (53.10)
[50/294]	0.659 (0.809)	55.00 (53.14)
[51/294]	0.588 (0.805)	75.00 (53.56)
[52/294]	0.560 (0.800)	85.00 (54.15)
[53/294]	0.514 (0.795)	85.00 (54.72)
[54/294]	0.450 (0.789)	85.00 (55.27)
[55/294]	0.770 (0.789)	50.00 (55.18)
[56/294]	0.489 (0.783)	80.00 (55.61)
[57/294]	0.464 (0.778)	80.00 (56.03)
[58/294]	0.688 (0.776)	65.00 (56.19)
[59/294]	0.505 (0.772)	60.00 (56.25)
[60/294]	0.600 (0.769)	65.00 (56.39)
[61/294]	0.781 (0.769)	50.00 (56.29)
[62/294]	0.794 (0.770)	50.00 (56.19)
[63/294]	0.609 (0.767)	55.00 (56.17)
[64/294]	0.647 (0.765)	50.00 (56.08)
[65/294]	0.687 (0.764)	60.00 (56.14)
[66/294]	0.468 (0.760)	80.00 (56.49)
[67/294]	0.605 (0.757)	65.00 (56.62)
[68/294]	0.635 (0.756)	60.00 (56.67)
[69/294]	0.720 (0.755)	40.00 (56.43)
[70/294]	0.599 (0.753)	85.00 (56.83)
[71/294]	0.435 (0.748)	90.00 (57.29)
[72/294]	0.446 (0.744)	90.00 (57.74)
[73/294]	0.432 (0.740)	100.00 (58.31)
[74/294]	0.427 (0.736)	90.00 (58.73)
[75/294]	0.500 (0.733)	80.00 (59.01)
[76/294]	0.608 (0.731)	65.00 (59.09)
[77/294]	0.444 (0.727)	90.00 (59.49)
[78/294]	0.427 (0.724)	85.00 (59.81)
[79/294]	0.430 (0.720)	85.00 (60.12)
[80/294]	0.612 (0.719)	75.00 (60.31)
[81/294]	0.472 (0.716)	85.00 (60.61)
[82/294]	0.494 (0.713)	80.00 (60.84)
[83/294]	0.522 (0.711)	70.00 (60.95)
[84/294]	0.602 (0.709)	60.00 (60.94)
[85/294]	0.486 (0.707)	85.00 (61.22)
[86/294]	0.390 (0.703)	95.00 (61.61)
[87/294]	0.542 (0.701)	75.00 (61.76)
[88/294]	0.344 (0.697)	95.00 (62.13)
[89/294]	0.316 (0.693)	95.00 (62.50)
[90/294]	0.268 (0.688)	95.00 (62.86)
[91/294]	0.558 (0.687)	85.00 (63.10)
[92/294]	0.519 (0.685)	85.00 (63.33)
[93/294]	0.615 (0.684)	70.00 (63.40)
[94/294]	0.629 (0.684)	60.00 (63.37)
[95/294]	0.353 (0.680)	90.00 (63.65)
[96/294]	0.454 (0.678)	85.00 (63.87)
[97/294]	0.402 (0.675)	90.00 (64.13)
[98/294]	0.342 (0.672)	100.00 (64.49)
[99/294]	0.501 (0.670)	70.00 (64.55)
[100/294]	0.673 (0.670)	55.00 (64.46)
[101/294]	0.465 (0.668)	60.00 (64.41)
[102/294]	0.582 (0.667)	60.00 (64.37)
[103/294]	0.560 (0.666)	80.00 (64.52)
[104/294]	0.584 (0.666)	75.00 (64.62)
[105/294]	0.191 (0.661)	100.00 (64.95)
[106/294]	0.196 (0.657)	100.00 (65.28)
[107/294]	0.334 (0.654)	95.00 (65.56)
[108/294]	0.342 (0.651)	95.00 (65.83)
[109/294]	0.554 (0.650)	65.00 (65.82)
[110/294]	0.744 (0.651)	50.00 (65.68)
[111/294]	0.831 (0.652)	50.00 (65.54)
[112/294]	0.462 (0.651)	85.00 (65.71)
[113/294]	0.598 (0.650)	75.00 (65.79)
[114/294]	0.574 (0.650)	65.00 (65.78)
[115/294]	0.369 (0.647)	100.00 (66.08)
[116/294]	0.622 (0.647)	65.00 (66.07)
[117/294]	0.571 (0.646)	75.00 (66.14)
[118/294]	0.414 (0.644)	85.00 (66.30)
[119/294]	0.571 (0.644)	75.00 (66.38)
[120/294]	0.388 (0.642)	75.00 (66.45)
[121/294]	0.248 (0.638)	100.00 (66.72)
[122/294]	0.435 (0.637)	90.00 (66.91)
[123/294]	0.640 (0.637)	60.00 (66.85)
[124/294]	0.697 (0.637)	35.00 (66.60)
[125/294]	0.358 (0.635)	90.00 (66.79)
[126/294]	0.600 (0.635)	75.00 (66.85)
[127/294]	0.388 (0.633)	85.00 (66.99)
[128/294]	0.349 (0.631)	95.00 (67.21)
[129/294]	0.411 (0.629)	95.00 (67.42)
[130/294]	0.296 (0.626)	100.00 (67.67)
[131/294]	0.273 (0.624)	95.00 (67.88)
[132/294]	0.461 (0.623)	80.00 (67.97)
[133/294]	0.307 (0.620)	100.00 (68.21)
[134/294]	0.359 (0.618)	95.00 (68.41)
[135/294]	0.399 (0.617)	80.00 (68.49)
[136/294]	0.237 (0.614)	100.00 (68.72)
[137/294]	0.240 (0.611)	100.00 (68.95)
[138/294]	0.329 (0.609)	95.00 (69.14)
[139/294]	0.241 (0.607)	100.00 (69.36)
[140/294]	0.304 (0.604)	95.00 (69.54)
[141/294]	0.336 (0.602)	95.00 (69.72)
[142/294]	0.326 (0.601)	90.00 (69.86)
[143/294]	0.236 (0.598)	95.00 (70.03)
[144/294]	0.489 (0.597)	90.00 (70.17)
[145/294]	0.560 (0.597)	80.00 (70.24)
[146/294]	0.489 (0.596)	75.00 (70.27)
[147/294]	0.427 (0.595)	80.00 (70.34)
[148/294]	0.439 (0.594)	85.00 (70.44)
[149/294]	0.219 (0.592)	95.00 (70.60)
[150/294]	0.229 (0.589)	100.00 (70.79)
[151/294]	0.378 (0.588)	85.00 (70.89)
[152/294]	0.380 (0.586)	95.00 (71.05)
[153/294]	0.319 (0.585)	85.00 (71.14)
[154/294]	0.762 (0.586)	40.00 (70.94)
[155/294]	0.395 (0.585)	85.00 (71.03)
[156/294]	0.319 (0.583)	90.00 (71.15)
[157/294]	0.534 (0.583)	65.00 (71.11)
[158/294]	0.424 (0.582)	90.00 (71.23)
[159/294]	0.491 (0.581)	80.00 (71.28)
[160/294]	0.478 (0.580)	75.00 (71.30)
[161/294]	0.334 (0.579)	75.00 (71.33)
[162/294]	0.312 (0.577)	95.00 (71.47)
[163/294]	0.342 (0.576)	95.00 (71.62)
[164/294]	0.300 (0.574)	85.00 (71.70)
[165/294]	0.382 (0.573)	80.00 (71.75)
[166/294]	0.355 (0.572)	95.00 (71.89)
[167/294]	0.430 (0.571)	90.00 (71.99)
[168/294]	0.500 (0.570)	80.00 (72.04)
[169/294]	0.300 (0.569)	90.00 (72.15)
[170/294]	0.352 (0.568)	85.00 (72.22)
[171/294]	0.425 (0.567)	85.00 (72.30)
[172/294]	0.142 (0.564)	100.00 (72.46)
[173/294]	0.317 (0.563)	90.00 (72.56)
[174/294]	0.485 (0.562)	80.00 (72.60)
[175/294]	0.390 (0.561)	75.00 (72.61)
[176/294]	0.351 (0.560)	85.00 (72.68)
[177/294]	0.397 (0.559)	80.00 (72.72)
[178/294]	0.483 (0.559)	75.00 (72.74)
[179/294]	0.419 (0.558)	95.00 (72.86)
[180/294]	0.427 (0.557)	90.00 (72.96)
[181/294]	0.300 (0.556)	90.00 (73.05)
[182/294]	0.129 (0.554)	100.00 (73.20)
[183/294]	0.123 (0.551)	100.00 (73.34)
[184/294]	0.179 (0.549)	100.00 (73.49)
[185/294]	0.441 (0.549)	90.00 (73.58)
[186/294]	0.450 (0.548)	70.00 (73.56)
[187/294]	0.473 (0.548)	80.00 (73.59)
[188/294]	0.634 (0.548)	70.00 (73.57)
[189/294]	0.362 (0.547)	85.00 (73.63)
[190/294]	0.262 (0.546)	95.00 (73.74)
[191/294]	0.277 (0.544)	90.00 (73.83)
[192/294]	0.248 (0.543)	95.00 (73.94)
[193/294]	0.274 (0.541)	100.00 (74.07)
[194/294]	0.366 (0.541)	85.00 (74.13)
[195/294]	0.300 (0.539)	90.00 (74.21)
[196/294]	0.157 (0.537)	100.00 (74.34)
[197/294]	0.471 (0.537)	75.00 (74.34)
[198/294]	0.573 (0.537)	60.00 (74.27)
[199/294]	0.104 (0.535)	100.00 (74.40)
[200/294]	0.207 (0.533)	100.00 (74.53)
[201/294]	0.196 (0.532)	95.00 (74.63)
[202/294]	0.206 (0.530)	100.00 (74.75)
[203/294]	0.250 (0.529)	95.00 (74.85)
[204/294]	0.348 (0.528)	90.00 (74.93)
[205/294]	0.297 (0.527)	100.00 (75.05)
[206/294]	0.088 (0.525)	100.00 (75.17)
[207/294]	0.203 (0.523)	95.00 (75.26)
[208/294]	0.214 (0.522)	95.00 (75.36)
[209/294]	0.706 (0.523)	70.00 (75.33)
[210/294]	0.238 (0.521)	95.00 (75.43)
[211/294]	0.298 (0.520)	90.00 (75.50)
[212/294]	0.243 (0.519)	95.00 (75.59)
[213/294]	0.185 (0.517)	95.00 (75.68)
[214/294]	0.218 (0.516)	100.00 (75.79)
[215/294]	0.230 (0.515)	100.00 (75.90)
[216/294]	0.156 (0.513)	100.00 (76.01)
[217/294]	0.470 (0.513)	80.00 (76.03)
[218/294]	0.347 (0.512)	85.00 (76.07)
[219/294]	0.238 (0.511)	95.00 (76.16)
[220/294]	0.322 (0.510)	80.00 (76.18)
[221/294]	0.298 (0.509)	90.00 (76.24)
[222/294]	0.433 (0.509)	80.00 (76.26)
[223/294]	0.381 (0.508)	90.00 (76.32)
[224/294]	0.349 (0.507)	80.00 (76.33)
[225/294]	0.478 (0.507)	75.00 (76.33)
[226/294]	0.492 (0.507)	75.00 (76.32)
[227/294]	0.492 (0.507)	85.00 (76.36)
[228/294]	0.565 (0.507)	70.00 (76.33)
[229/294]	0.194 (0.506)	95.00 (76.41)
[230/294]	0.015 (0.504)	100.00 (76.52)
[231/294]	0.377 (0.503)	90.00 (76.57)
[232/294]	0.322 (0.502)	85.00 (76.61)
[233/294]	0.178 (0.501)	100.00 (76.71)
[234/294]	0.224 (0.500)	100.00 (76.81)
[235/294]	0.313 (0.499)	90.00 (76.86)
[236/294]	0.344 (0.498)	80.00 (76.88)
[237/294]	0.335 (0.498)	90.00 (76.93)
[238/294]	0.118 (0.496)	100.00 (77.03)
[239/294]	0.101 (0.495)	100.00 (77.12)
[240/294]	0.183 (0.493)	100.00 (77.22)
[241/294]	0.180 (0.492)	100.00 (77.31)
[242/294]	0.252 (0.491)	90.00 (77.37)
[243/294]	0.244 (0.490)	85.00 (77.40)
[244/294]	0.470 (0.490)	80.00 (77.41)
[245/294]	0.436 (0.490)	80.00 (77.42)
[246/294]	0.307 (0.489)	90.00 (77.47)
[247/294]	0.285 (0.488)	90.00 (77.52)
[248/294]	0.108 (0.487)	100.00 (77.61)
[249/294]	0.087 (0.485)	100.00 (77.70)
[250/294]	0.179 (0.484)	95.00 (77.77)
[251/294]	0.390 (0.483)	90.00 (77.82)
[252/294]	0.168 (0.482)	100.00 (77.91)
[253/294]	0.210 (0.481)	95.00 (77.97)
[254/294]	0.270 (0.480)	90.00 (78.02)
[255/294]	0.507 (0.480)	70.00 (77.99)
[256/294]	0.163 (0.479)	100.00 (78.07)
[257/294]	0.130 (0.478)	100.00 (78.16)
[258/294]	0.101 (0.476)	100.00 (78.24)
[259/294]	0.061 (0.475)	100.00 (78.33)
[260/294]	0.047 (0.473)	100.00 (78.41)
[261/294]	0.048 (0.471)	100.00 (78.49)
[262/294]	0.125 (0.470)	100.00 (78.57)
[263/294]	0.255 (0.469)	100.00 (78.66)
[264/294]	0.352 (0.469)	90.00 (78.70)
[265/294]	0.446 (0.469)	75.00 (78.68)
[266/294]	0.201 (0.468)	90.00 (78.73)
[267/294]	0.225 (0.467)	90.00 (78.77)
[268/294]	0.295 (0.466)	90.00 (78.81)
[269/294]	0.184 (0.465)	95.00 (78.87)
[270/294]	0.219 (0.464)	100.00 (78.95)
[271/294]	0.289 (0.464)	85.00 (78.97)
[272/294]	0.462 (0.464)	85.00 (78.99)
[273/294]	0.112 (0.462)	95.00 (79.05)
[274/294]	0.271 (0.462)	90.00 (79.09)
[275/294]	0.269 (0.461)	90.00 (79.13)
[276/294]	0.297 (0.460)	100.00 (79.21)
[277/294]	0.235 (0.460)	100.00 (79.28)
[278/294]	0.286 (0.459)	85.00 (79.30)
[279/294]	0.438 (0.459)	70.00 (79.27)
[280/294]	0.066 (0.457)	100.00 (79.34)
[281/294]	0.195 (0.456)	90.00 (79.38)
[282/294]	0.257 (0.456)	95.00 (79.43)
[283/294]	0.359 (0.455)	80.00 (79.44)
[284/294]	0.184 (0.454)	95.00 (79.49)
[285/294]	0.175 (0.454)	100.00 (79.56)
[286/294]	0.209 (0.453)	90.00 (79.60)
[287/294]	0.134 (0.452)	100.00 (79.67)
[288/294]	0.200 (0.451)	95.00 (79.72)
[289/294]	0.185 (0.450)	100.00 (79.79)
[290/294]	0.076 (0.448)	95.00 (79.85)
[291/294]	0.042 (0.447)	100.00 (79.91)
[292/294]	0.113 (0.446)	100.00 (79.98)
[293/294]	0.136 (0.445)	95.00 (80.03)
 * Train Acc: 80.034
 * Avg. Data time: 0.005, Avg. Batch time: 0.033, Avg. Forward time: 0.004, Avg. Backward time: 0.017
Computing MAS
 * Val Acc: 89.855, Time: 1.51
 * Test Acc: 92.842, Time: 2.70
=============Training Task 1=============
Active output nodes for this task: 
[0, 1, 2, 3]
=============Training Epoch 0=============
#reg terms:  1
Batch	 Loss		 Acc
[0/294]	3.200 (3.200)	0.00 (0.00)
[1/294]	3.288 (3.244)	0.00 (0.00)
[2/294]	3.433 (3.307)	0.00 (0.00)
[3/294]	2.656 (3.144)	0.00 (0.00)
[4/294]	2.384 (2.992)	5.00 (1.00)
[5/294]	2.311 (2.879)	0.00 (0.83)
[6/294]	2.749 (2.860)	0.00 (0.71)
[7/294]	2.142 (2.770)	20.00 (3.12)
[8/294]	2.255 (2.713)	35.00 (6.67)
[9/294]	2.058 (2.648)	45.00 (10.50)
[10/294]	2.118 (2.599)	20.00 (11.36)
[11/294]	2.224 (2.568)	5.00 (10.83)
[12/294]	2.015 (2.525)	30.00 (12.31)
[13/294]	1.459 (2.449)	45.00 (14.64)
[14/294]	2.093 (2.426)	25.00 (15.33)
[15/294]	1.676 (2.379)	30.00 (16.25)
[16/294]	1.516 (2.328)	50.00 (18.24)
[17/294]	1.253 (2.268)	50.00 (20.00)
[18/294]	1.127 (2.208)	50.00 (21.58)
[19/294]	1.132 (2.154)	35.00 (22.25)
[20/294]	1.387 (2.118)	25.00 (22.38)
[21/294]	0.961 (2.065)	50.00 (23.64)
[22/294]	1.183 (2.027)	40.00 (24.35)
[23/294]	1.125 (1.989)	50.00 (25.42)
[24/294]	1.011 (1.950)	60.00 (26.80)
[25/294]	1.172 (1.920)	35.00 (27.12)
[26/294]	1.049 (1.888)	50.00 (27.96)
[27/294]	0.644 (1.844)	80.00 (29.82)
[28/294]	0.788 (1.807)	60.00 (30.86)
[29/294]	0.458 (1.762)	80.00 (32.50)
[30/294]	0.939 (1.736)	60.00 (33.39)
[31/294]	0.820 (1.707)	60.00 (34.22)
[32/294]	0.751 (1.678)	50.00 (34.70)
[33/294]	0.366 (1.639)	95.00 (36.47)
[34/294]	0.409 (1.604)	100.00 (38.29)
[35/294]	0.643 (1.578)	75.00 (39.31)
[36/294]	0.591 (1.551)	90.00 (40.68)
[37/294]	0.636 (1.527)	80.00 (41.71)
[38/294]	0.617 (1.504)	80.00 (42.69)
[39/294]	0.758 (1.485)	55.00 (43.00)
[40/294]	0.882 (1.470)	55.00 (43.29)
[41/294]	0.918 (1.457)	60.00 (43.69)
[42/294]	0.958 (1.445)	50.00 (43.84)
[43/294]	0.578 (1.426)	85.00 (44.77)
[44/294]	0.887 (1.414)	50.00 (44.89)
[45/294]	0.755 (1.399)	60.00 (45.22)
[46/294]	0.663 (1.384)	70.00 (45.74)
[47/294]	0.817 (1.372)	50.00 (45.83)
[48/294]	0.912 (1.363)	55.00 (46.02)
[49/294]	0.644 (1.348)	70.00 (46.50)
[50/294]	0.505 (1.332)	75.00 (47.06)
[51/294]	0.510 (1.316)	75.00 (47.60)
[52/294]	1.003 (1.310)	45.00 (47.55)
[53/294]	1.054 (1.305)	45.00 (47.50)
[54/294]	0.794 (1.296)	70.00 (47.91)
[55/294]	0.622 (1.284)	75.00 (48.39)
[56/294]	0.680 (1.273)	60.00 (48.60)
[57/294]	0.790 (1.265)	60.00 (48.79)
[58/294]	0.640 (1.254)	70.00 (49.15)
[59/294]	0.505 (1.242)	65.00 (49.42)
[60/294]	0.486 (1.229)	65.00 (49.67)
[61/294]	0.744 (1.222)	60.00 (49.84)
[62/294]	0.714 (1.214)	60.00 (50.00)
[63/294]	0.579 (1.204)	70.00 (50.31)
[64/294]	0.614 (1.195)	80.00 (50.77)
[65/294]	0.338 (1.182)	90.00 (51.36)
[66/294]	0.524 (1.172)	75.00 (51.72)
[67/294]	0.911 (1.168)	55.00 (51.76)
[68/294]	0.305 (1.155)	100.00 (52.46)
[69/294]	0.732 (1.149)	60.00 (52.57)
[70/294]	0.955 (1.147)	45.00 (52.46)
[71/294]	0.725 (1.141)	50.00 (52.43)
[72/294]	0.764 (1.136)	55.00 (52.47)
[73/294]	0.445 (1.126)	75.00 (52.77)
[74/294]	0.257 (1.115)	95.00 (53.33)
[75/294]	0.293 (1.104)	95.00 (53.88)
[76/294]	0.392 (1.095)	90.00 (54.35)
[77/294]	0.315 (1.085)	90.00 (54.81)
[78/294]	0.422 (1.076)	80.00 (55.13)
[79/294]	0.623 (1.071)	65.00 (55.25)
[80/294]	0.537 (1.064)	70.00 (55.43)
[81/294]	0.371 (1.056)	90.00 (55.85)
[82/294]	0.304 (1.047)	95.00 (56.33)
[83/294]	0.493 (1.040)	75.00 (56.55)
[84/294]	0.497 (1.034)	80.00 (56.82)
[85/294]	0.331 (1.025)	85.00 (57.15)
[86/294]	0.417 (1.018)	90.00 (57.53)
[87/294]	0.385 (1.011)	90.00 (57.90)
[88/294]	0.300 (1.003)	95.00 (58.31)
[89/294]	0.985 (1.003)	45.00 (58.17)
[90/294]	0.962 (1.003)	55.00 (58.13)
[91/294]	0.618 (0.998)	60.00 (58.15)
[92/294]	0.714 (0.995)	55.00 (58.12)
[93/294]	0.623 (0.991)	65.00 (58.19)
[94/294]	0.473 (0.986)	75.00 (58.37)
[95/294]	0.546 (0.981)	85.00 (58.65)
[96/294]	0.392 (0.975)	90.00 (58.97)
[97/294]	0.490 (0.970)	70.00 (59.08)
[98/294]	0.910 (0.970)	50.00 (58.99)
[99/294]	0.975 (0.970)	50.00 (58.90)
[100/294]	0.270 (0.963)	95.00 (59.26)
[101/294]	0.429 (0.958)	75.00 (59.41)
[102/294]	0.589 (0.954)	70.00 (59.51)
[103/294]	0.120 (0.946)	100.00 (59.90)
[104/294]	0.280 (0.940)	90.00 (60.19)
[105/294]	0.553 (0.936)	65.00 (60.24)
[106/294]	0.786 (0.935)	50.00 (60.14)
[107/294]	0.442 (0.930)	85.00 (60.37)
[108/294]	0.363 (0.925)	90.00 (60.64)
[109/294]	0.282 (0.919)	100.00 (61.00)
[110/294]	0.767 (0.918)	60.00 (60.99)
[111/294]	0.533 (0.914)	70.00 (61.07)
[112/294]	0.638 (0.912)	65.00 (61.11)
[113/294]	0.550 (0.909)	75.00 (61.23)
[114/294]	0.163 (0.902)	95.00 (61.52)
[115/294]	0.258 (0.896)	95.00 (61.81)
[116/294]	0.273 (0.891)	90.00 (62.05)
[117/294]	0.306 (0.886)	95.00 (62.33)
[118/294]	0.649 (0.884)	65.00 (62.35)
[119/294]	0.480 (0.881)	80.00 (62.50)
[120/294]	0.338 (0.876)	80.00 (62.64)
[121/294]	0.465 (0.873)	75.00 (62.75)
[122/294]	0.497 (0.870)	70.00 (62.80)
[123/294]	0.603 (0.868)	65.00 (62.82)
[124/294]	0.601 (0.866)	65.00 (62.84)
[125/294]	0.351 (0.862)	85.00 (63.02)
[126/294]	0.335 (0.857)	85.00 (63.19)
[127/294]	0.216 (0.852)	100.00 (63.48)
[128/294]	0.712 (0.851)	60.00 (63.45)
[129/294]	0.481 (0.848)	80.00 (63.58)
[130/294]	0.479 (0.846)	80.00 (63.70)
[131/294]	0.258 (0.841)	85.00 (63.86)
[132/294]	0.454 (0.838)	80.00 (63.98)
[133/294]	0.346 (0.835)	80.00 (64.10)
[134/294]	0.352 (0.831)	80.00 (64.22)
[135/294]	0.066 (0.825)	100.00 (64.49)
[136/294]	0.079 (0.820)	100.00 (64.74)
[137/294]	0.214 (0.816)	95.00 (64.96)
[138/294]	1.064 (0.817)	60.00 (64.93)
[139/294]	0.997 (0.819)	65.00 (64.93)
[140/294]	0.993 (0.820)	50.00 (64.82)
[141/294]	0.212 (0.816)	95.00 (65.04)
[142/294]	0.251 (0.812)	85.00 (65.17)
[143/294]	0.681 (0.811)	75.00 (65.24)
[144/294]	0.773 (0.810)	65.00 (65.24)
[145/294]	0.412 (0.808)	75.00 (65.31)
[146/294]	0.650 (0.807)	60.00 (65.27)
[147/294]	0.766 (0.806)	55.00 (65.20)
[148/294]	0.600 (0.805)	65.00 (65.20)
[149/294]	0.359 (0.802)	80.00 (65.30)
[150/294]	0.388 (0.799)	80.00 (65.40)
[151/294]	0.349 (0.796)	90.00 (65.56)
[152/294]	0.212 (0.792)	100.00 (65.78)
[153/294]	0.228 (0.789)	100.00 (66.01)
[154/294]	0.297 (0.786)	85.00 (66.13)
[155/294]	0.211 (0.782)	100.00 (66.35)
[156/294]	0.134 (0.778)	100.00 (66.56)
[157/294]	0.272 (0.775)	95.00 (66.74)
[158/294]	0.503 (0.773)	80.00 (66.82)
[159/294]	0.518 (0.771)	65.00 (66.81)
[160/294]	0.493 (0.770)	80.00 (66.89)
[161/294]	0.783 (0.770)	65.00 (66.88)
[162/294]	0.500 (0.768)	70.00 (66.90)
[163/294]	0.457 (0.766)	75.00 (66.95)
[164/294]	0.530 (0.765)	65.00 (66.94)
[165/294]	0.668 (0.764)	65.00 (66.93)
[166/294]	0.677 (0.764)	60.00 (66.89)
[167/294]	0.497 (0.762)	75.00 (66.93)
[168/294]	0.411 (0.760)	70.00 (66.95)
[169/294]	0.576 (0.759)	65.00 (66.94)
[170/294]	0.796 (0.759)	55.00 (66.87)
[171/294]	0.341 (0.757)	80.00 (66.95)
[172/294]	0.191 (0.753)	95.00 (67.11)
[173/294]	0.205 (0.750)	90.00 (67.24)
[174/294]	0.520 (0.749)	70.00 (67.26)
[175/294]	0.393 (0.747)	90.00 (67.39)
[176/294]	0.759 (0.747)	60.00 (67.34)
[177/294]	0.258 (0.744)	90.00 (67.47)
[178/294]	0.255 (0.741)	85.00 (67.57)
[179/294]	0.427 (0.740)	70.00 (67.58)
[180/294]	0.487 (0.738)	75.00 (67.62)
[181/294]	0.427 (0.737)	80.00 (67.69)
[182/294]	0.265 (0.734)	90.00 (67.81)
[183/294]	0.241 (0.731)	95.00 (67.96)
[184/294]	1.458 (0.735)	55.00 (67.89)
[185/294]	1.096 (0.737)	75.00 (67.93)
[186/294]	0.189 (0.734)	95.00 (68.07)
[187/294]	0.188 (0.731)	100.00 (68.24)
[188/294]	0.544 (0.730)	65.00 (68.23)
[189/294]	0.453 (0.729)	70.00 (68.24)
[190/294]	0.249 (0.726)	90.00 (68.35)
[191/294]	0.263 (0.724)	90.00 (68.46)
[192/294]	0.166 (0.721)	95.00 (68.60)
[193/294]	0.309 (0.719)	90.00 (68.71)
[194/294]	0.514 (0.718)	60.00 (68.67)
[195/294]	0.821 (0.718)	50.00 (68.57)
[196/294]	0.777 (0.719)	50.00 (68.48)
[197/294]	0.248 (0.716)	90.00 (68.59)
[198/294]	0.592 (0.716)	80.00 (68.64)
[199/294]	0.567 (0.715)	75.00 (68.67)
[200/294]	0.487 (0.714)	75.00 (68.71)
[201/294]	0.830 (0.714)	45.00 (68.59)
[202/294]	0.400 (0.713)	85.00 (68.67)
[203/294]	0.319 (0.711)	90.00 (68.77)
[204/294]	0.169 (0.708)	100.00 (68.93)
[205/294]	0.440 (0.707)	80.00 (68.98)
[206/294]	0.314 (0.705)	95.00 (69.11)
[207/294]	0.369 (0.704)	85.00 (69.18)
[208/294]	0.314 (0.702)	80.00 (69.23)
[209/294]	0.581 (0.701)	80.00 (69.29)
[210/294]	0.462 (0.700)	75.00 (69.31)
[211/294]	0.410 (0.699)	80.00 (69.36)
[212/294]	0.411 (0.697)	70.00 (69.37)
[213/294]	0.266 (0.695)	85.00 (69.44)
[214/294]	0.172 (0.693)	95.00 (69.56)
[215/294]	0.346 (0.691)	85.00 (69.63)
[216/294]	0.423 (0.690)	80.00 (69.68)
[217/294]	0.485 (0.689)	75.00 (69.70)
[218/294]	0.122 (0.686)	100.00 (69.84)
[219/294]	0.283 (0.685)	85.00 (69.91)
[220/294]	0.340 (0.683)	90.00 (70.00)
[221/294]	0.296 (0.681)	90.00 (70.09)
[222/294]	0.154 (0.679)	100.00 (70.22)
[223/294]	0.815 (0.680)	65.00 (70.20)
[224/294]	0.562 (0.679)	65.00 (70.18)
[225/294]	0.112 (0.677)	100.00 (70.31)
[226/294]	0.251 (0.675)	90.00 (70.40)
[227/294]	0.384 (0.673)	85.00 (70.46)
[228/294]	0.263 (0.672)	90.00 (70.55)
[229/294]	0.225 (0.670)	90.00 (70.63)
[230/294]	0.631 (0.669)	70.00 (70.63)
[231/294]	1.227 (0.672)	45.00 (70.52)
[232/294]	0.486 (0.671)	85.00 (70.58)
[233/294]	0.148 (0.669)	95.00 (70.68)
[234/294]	0.448 (0.668)	75.00 (70.70)
[235/294]	0.605 (0.668)	75.00 (70.72)
[236/294]	0.370 (0.666)	80.00 (70.76)
[237/294]	0.551 (0.666)	65.00 (70.74)
[238/294]	0.708 (0.666)	60.00 (70.69)
[239/294]	0.451 (0.665)	85.00 (70.75)
[240/294]	0.257 (0.663)	95.00 (70.85)
[241/294]	0.205 (0.662)	95.00 (70.95)
[242/294]	0.202 (0.660)	95.00 (71.05)
[243/294]	0.271 (0.658)	90.00 (71.13)
[244/294]	0.252 (0.656)	95.00 (71.22)
[245/294]	0.243 (0.655)	90.00 (71.30)
[246/294]	0.050 (0.652)	100.00 (71.42)
[247/294]	0.218 (0.651)	100.00 (71.53)
[248/294]	0.417 (0.650)	80.00 (71.57)
[249/294]	0.893 (0.651)	60.00 (71.52)
[250/294]	0.158 (0.649)	95.00 (71.61)
[251/294]	0.226 (0.647)	90.00 (71.69)
[252/294]	0.287 (0.646)	90.00 (71.76)
[253/294]	0.089 (0.643)	100.00 (71.87)
[254/294]	0.340 (0.642)	85.00 (71.92)
[255/294]	0.281 (0.641)	85.00 (71.97)
[256/294]	0.173 (0.639)	100.00 (72.08)
[257/294]	0.674 (0.639)	65.00 (72.05)
[258/294]	0.215 (0.637)	90.00 (72.12)
[259/294]	0.173 (0.636)	95.00 (72.21)
[260/294]	0.295 (0.634)	95.00 (72.30)
[261/294]	0.642 (0.634)	55.00 (72.23)
[262/294]	0.403 (0.633)	85.00 (72.28)
[263/294]	0.223 (0.632)	95.00 (72.37)
[264/294]	0.142 (0.630)	95.00 (72.45)
[265/294]	0.253 (0.629)	85.00 (72.50)
[266/294]	0.511 (0.628)	85.00 (72.55)
[267/294]	0.510 (0.628)	75.00 (72.56)
[268/294]	0.527 (0.627)	75.00 (72.57)
[269/294]	0.159 (0.626)	95.00 (72.65)
[270/294]	0.044 (0.624)	100.00 (72.75)
[271/294]	0.186 (0.622)	100.00 (72.85)
[272/294]	0.355 (0.621)	85.00 (72.89)
[273/294]	0.224 (0.620)	95.00 (72.97)
[274/294]	0.179 (0.618)	95.00 (73.05)
[275/294]	0.701 (0.618)	65.00 (73.03)
[276/294]	0.884 (0.619)	60.00 (72.98)
[277/294]	0.298 (0.618)	95.00 (73.06)
[278/294]	0.055 (0.616)	100.00 (73.15)
[279/294]	0.052 (0.614)	100.00 (73.25)
[280/294]	0.111 (0.612)	95.00 (73.33)
[281/294]	0.303 (0.611)	95.00 (73.40)
[282/294]	0.166 (0.610)	100.00 (73.50)
[283/294]	0.237 (0.608)	95.00 (73.57)
[284/294]	0.198 (0.607)	95.00 (73.65)
[285/294]	0.511 (0.606)	75.00 (73.65)
[286/294]	0.165 (0.605)	100.00 (73.75)
[287/294]	0.424 (0.604)	85.00 (73.78)
[288/294]	0.510 (0.604)	65.00 (73.75)
[289/294]	0.210 (0.603)	95.00 (73.83)
[290/294]	0.264 (0.601)	100.00 (73.92)
[291/294]	0.269 (0.600)	85.00 (73.96)
[292/294]	0.235 (0.599)	90.00 (74.01)
[293/294]	0.115 (0.599)	100.00 (74.04)
 * Train Acc: 74.037
 * Avg. Data time: 0.006, Avg. Batch time: 0.045, Avg. Forward time: 0.004, Avg. Backward time: 0.028
Computing MAS
 * Val Acc: 40.487, Time: 1.98
 * Test Acc: 43.049, Time: 4.73
=============Training Task 2=============
Active output nodes for this task: 
[0, 1, 2, 3, 4, 5]
=============Training Epoch 0=============
#reg terms:  1
Batch	 Loss		 Acc
[0/294]	8.099 (8.099)	0.00 (0.00)
[1/294]	7.071 (7.585)	0.00 (0.00)
[2/294]	7.372 (7.514)	0.00 (0.00)
[3/294]	8.238 (7.695)	0.00 (0.00)
[4/294]	7.123 (7.580)	0.00 (0.00)
[5/294]	8.029 (7.655)	0.00 (0.00)
[6/294]	8.369 (7.757)	0.00 (0.00)
[7/294]	5.620 (7.490)	0.00 (0.00)
[8/294]	6.195 (7.346)	0.00 (0.00)
[9/294]	5.608 (7.172)	0.00 (0.00)
[10/294]	5.142 (6.988)	0.00 (0.00)
[11/294]	5.886 (6.896)	0.00 (0.00)
[12/294]	5.092 (6.757)	0.00 (0.00)
[13/294]	3.592 (6.531)	0.00 (0.00)
[14/294]	3.688 (6.342)	0.00 (0.00)
[15/294]	2.984 (6.132)	25.00 (1.56)
[16/294]	2.740 (5.932)	15.00 (2.35)
[17/294]	2.716 (5.754)	5.00 (2.50)
[18/294]	1.981 (5.555)	40.00 (4.47)
[19/294]	1.832 (5.369)	45.00 (6.50)
[20/294]	2.016 (5.209)	50.00 (8.57)
[21/294]	1.315 (5.032)	50.00 (10.45)
[22/294]	1.185 (4.865)	75.00 (13.26)
[23/294]	0.963 (4.702)	75.00 (15.83)
[24/294]	1.275 (4.565)	55.00 (17.40)
[25/294]	0.882 (4.424)	85.00 (20.00)
[26/294]	1.024 (4.298)	75.00 (22.04)
[27/294]	0.785 (4.172)	85.00 (24.29)
[28/294]	0.991 (4.063)	55.00 (25.34)
[29/294]	0.898 (3.957)	70.00 (26.83)
[30/294]	0.895 (3.858)	65.00 (28.06)
[31/294]	0.639 (3.758)	85.00 (29.84)
[32/294]	0.666 (3.664)	80.00 (31.36)
[33/294]	0.994 (3.585)	60.00 (32.21)
[34/294]	1.142 (3.516)	45.00 (32.57)
[35/294]	0.610 (3.435)	85.00 (34.03)
[36/294]	0.338 (3.351)	95.00 (35.68)
[37/294]	0.339 (3.272)	95.00 (37.24)
[38/294]	0.597 (3.203)	75.00 (38.21)
[39/294]	0.572 (3.138)	85.00 (39.38)
[40/294]	0.487 (3.073)	80.00 (40.37)
[41/294]	0.967 (3.023)	50.00 (40.60)
[42/294]	0.602 (2.966)	85.00 (41.63)
[43/294]	0.445 (2.909)	80.00 (42.50)
[44/294]	0.308 (2.851)	90.00 (43.56)
[45/294]	0.378 (2.798)	95.00 (44.67)
[46/294]	0.257 (2.744)	100.00 (45.85)
[47/294]	0.224 (2.691)	100.00 (46.98)
[48/294]	0.271 (2.642)	95.00 (47.96)
[49/294]	0.309 (2.595)	95.00 (48.90)
[50/294]	0.403 (2.552)	95.00 (49.80)
[51/294]	0.504 (2.513)	85.00 (50.48)
[52/294]	0.308 (2.471)	95.00 (51.32)
[53/294]	0.727 (2.439)	60.00 (51.48)
[54/294]	0.529 (2.404)	65.00 (51.73)
[55/294]	0.132 (2.363)	100.00 (52.59)
[56/294]	0.177 (2.325)	100.00 (53.42)
[57/294]	0.286 (2.290)	90.00 (54.05)
[58/294]	0.257 (2.255)	95.00 (54.75)
[59/294]	0.161 (2.221)	100.00 (55.50)
[60/294]	0.345 (2.190)	85.00 (55.98)
[61/294]	0.158 (2.157)	100.00 (56.69)
[62/294]	0.253 (2.127)	90.00 (57.22)
[63/294]	0.126 (2.096)	95.00 (57.81)
[64/294]	0.266 (2.067)	90.00 (58.31)
[65/294]	0.228 (2.040)	95.00 (58.86)
[66/294]	0.197 (2.012)	100.00 (59.48)
[67/294]	0.269 (1.986)	90.00 (59.93)
[68/294]	0.307 (1.962)	90.00 (60.36)
[69/294]	0.228 (1.937)	90.00 (60.79)
[70/294]	0.430 (1.916)	80.00 (61.06)
[71/294]	0.502 (1.896)	75.00 (61.25)
[72/294]	0.459 (1.877)	80.00 (61.51)
[73/294]	0.105 (1.853)	100.00 (62.03)
[74/294]	0.250 (1.831)	100.00 (62.53)
[75/294]	0.244 (1.811)	95.00 (62.96)
[76/294]	0.519 (1.794)	70.00 (63.05)
[77/294]	0.318 (1.775)	90.00 (63.40)
[78/294]	0.269 (1.756)	95.00 (63.80)
[79/294]	0.252 (1.737)	90.00 (64.12)
[80/294]	0.255 (1.719)	100.00 (64.57)
[81/294]	0.212 (1.700)	95.00 (64.94)
[82/294]	0.182 (1.682)	90.00 (65.24)
[83/294]	0.022 (1.662)	100.00 (65.65)
[84/294]	0.133 (1.644)	95.00 (66.00)
[85/294]	0.379 (1.630)	75.00 (66.10)
[86/294]	0.312 (1.614)	85.00 (66.32)
[87/294]	0.065 (1.597)	100.00 (66.70)
[88/294]	0.344 (1.583)	80.00 (66.85)
[89/294]	0.265 (1.568)	95.00 (67.17)
[90/294]	0.201 (1.553)	100.00 (67.53)
[91/294]	0.381 (1.540)	85.00 (67.72)
[92/294]	0.170 (1.526)	100.00 (68.06)
[93/294]	0.144 (1.511)	100.00 (68.40)
[94/294]	0.156 (1.497)	100.00 (68.74)
[95/294]	0.150 (1.483)	95.00 (69.01)
[96/294]	0.060 (1.468)	100.00 (69.33)
[97/294]	0.314 (1.456)	85.00 (69.49)
[98/294]	0.091 (1.442)	100.00 (69.80)
[99/294]	0.130 (1.429)	100.00 (70.10)
[100/294]	0.091 (1.416)	100.00 (70.40)
[101/294]	0.211 (1.404)	95.00 (70.64)
[102/294]	0.250 (1.393)	80.00 (70.73)
[103/294]	0.099 (1.381)	100.00 (71.01)
[104/294]	0.100 (1.368)	100.00 (71.29)
[105/294]	0.072 (1.356)	100.00 (71.56)
[106/294]	0.292 (1.346)	90.00 (71.73)
[107/294]	0.300 (1.336)	100.00 (71.99)
[108/294]	0.048 (1.325)	100.00 (72.25)
[109/294]	0.177 (1.314)	100.00 (72.50)
[110/294]	0.179 (1.304)	95.00 (72.70)
[111/294]	0.304 (1.295)	90.00 (72.86)
[112/294]	0.431 (1.287)	85.00 (72.96)
[113/294]	0.164 (1.278)	100.00 (73.20)
[114/294]	0.172 (1.268)	95.00 (73.39)
[115/294]	0.270 (1.259)	90.00 (73.53)
[116/294]	0.039 (1.249)	100.00 (73.76)
[117/294]	0.078 (1.239)	95.00 (73.94)
[118/294]	0.059 (1.229)	100.00 (74.16)
[119/294]	0.158 (1.220)	95.00 (74.33)
[120/294]	0.188 (1.212)	100.00 (74.55)
[121/294]	0.175 (1.203)	95.00 (74.71)
[122/294]	0.136 (1.194)	100.00 (74.92)
[123/294]	0.089 (1.186)	100.00 (75.12)
[124/294]	0.105 (1.177)	100.00 (75.32)
[125/294]	0.152 (1.169)	95.00 (75.48)
[126/294]	0.056 (1.160)	100.00 (75.67)
[127/294]	0.080 (1.152)	100.00 (75.86)
[128/294]	0.101 (1.143)	100.00 (76.05)
[129/294]	0.053 (1.135)	100.00 (76.23)
[130/294]	0.273 (1.128)	80.00 (76.26)
[131/294]	0.159 (1.121)	95.00 (76.40)
[132/294]	0.187 (1.114)	100.00 (76.58)
[133/294]	0.143 (1.107)	95.00 (76.72)
[134/294]	0.146 (1.100)	95.00 (76.85)
[135/294]	0.216 (1.093)	90.00 (76.95)
[136/294]	0.265 (1.087)	90.00 (77.04)
[137/294]	0.126 (1.080)	95.00 (77.17)
[138/294]	0.168 (1.074)	95.00 (77.30)
[139/294]	0.129 (1.067)	100.00 (77.46)
[140/294]	0.204 (1.061)	90.00 (77.55)
[141/294]	0.099 (1.054)	100.00 (77.71)
[142/294]	0.161 (1.048)	95.00 (77.83)
[143/294]	0.233 (1.042)	95.00 (77.95)
[144/294]	0.180 (1.036)	95.00 (78.07)
[145/294]	0.135 (1.030)	95.00 (78.18)
[146/294]	0.164 (1.024)	95.00 (78.30)
[147/294]	0.082 (1.018)	100.00 (78.45)
[148/294]	0.127 (1.012)	100.00 (78.59)
[149/294]	0.215 (1.006)	85.00 (78.63)
[150/294]	0.127 (1.001)	90.00 (78.71)
[151/294]	0.062 (0.994)	100.00 (78.85)
[152/294]	0.100 (0.989)	100.00 (78.99)
[153/294]	0.107 (0.983)	100.00 (79.12)
[154/294]	0.124 (0.977)	95.00 (79.23)
[155/294]	0.124 (0.972)	95.00 (79.33)
[156/294]	0.053 (0.966)	100.00 (79.46)
[157/294]	0.017 (0.960)	100.00 (79.59)
[158/294]	0.187 (0.955)	90.00 (79.65)
[159/294]	0.118 (0.950)	95.00 (79.75)
[160/294]	0.033 (0.944)	100.00 (79.88)
[161/294]	0.039 (0.939)	100.00 (80.00)
[162/294]	0.083 (0.933)	100.00 (80.12)
[163/294]	0.125 (0.928)	95.00 (80.21)
[164/294]	0.056 (0.923)	100.00 (80.33)
[165/294]	0.297 (0.919)	90.00 (80.39)
[166/294]	0.232 (0.915)	95.00 (80.48)
[167/294]	0.107 (0.910)	100.00 (80.60)
[168/294]	0.103 (0.906)	100.00 (80.71)
[169/294]	0.179 (0.901)	90.00 (80.76)
[170/294]	0.085 (0.897)	100.00 (80.88)
[171/294]	0.051 (0.892)	100.00 (80.99)
[172/294]	0.059 (0.887)	100.00 (81.10)
[173/294]	0.070 (0.882)	100.00 (81.21)
[174/294]	0.055 (0.877)	95.00 (81.29)
[175/294]	0.064 (0.873)	100.00 (81.39)
[176/294]	0.102 (0.869)	95.00 (81.47)
[177/294]	0.214 (0.865)	90.00 (81.52)
[178/294]	0.121 (0.861)	100.00 (81.62)
[179/294]	0.192 (0.857)	95.00 (81.69)
[180/294]	0.449 (0.855)	65.00 (81.60)
[181/294]	0.457 (0.853)	80.00 (81.59)
[182/294]	0.210 (0.849)	80.00 (81.58)
[183/294]	0.080 (0.845)	100.00 (81.68)
[184/294]	0.109 (0.841)	100.00 (81.78)
[185/294]	0.015 (0.836)	100.00 (81.88)
[186/294]	0.073 (0.832)	100.00 (81.98)
[187/294]	0.161 (0.829)	95.00 (82.05)
[188/294]	0.079 (0.825)	100.00 (82.14)
[189/294]	0.057 (0.821)	100.00 (82.24)
[190/294]	0.059 (0.817)	100.00 (82.33)
[191/294]	0.059 (0.813)	100.00 (82.42)
[192/294]	0.010 (0.809)	100.00 (82.51)
[193/294]	0.078 (0.805)	100.00 (82.60)
[194/294]	0.092 (0.801)	100.00 (82.69)
[195/294]	0.191 (0.798)	100.00 (82.78)
[196/294]	0.287 (0.796)	85.00 (82.79)
[197/294]	0.189 (0.792)	90.00 (82.83)
[198/294]	0.023 (0.789)	100.00 (82.91)
[199/294]	0.053 (0.785)	100.00 (83.00)
[200/294]	0.138 (0.782)	100.00 (83.08)
[201/294]	0.189 (0.779)	100.00 (83.17)
[202/294]	0.160 (0.776)	95.00 (83.23)
[203/294]	0.023 (0.772)	100.00 (83.31)
[204/294]	0.311 (0.770)	85.00 (83.32)
[205/294]	0.119 (0.767)	100.00 (83.40)
[206/294]	0.172 (0.764)	95.00 (83.45)
[207/294]	0.119 (0.761)	95.00 (83.51)
[208/294]	0.025 (0.757)	100.00 (83.59)
[209/294]	0.028 (0.754)	100.00 (83.67)
[210/294]	0.077 (0.750)	100.00 (83.74)
[211/294]	0.190 (0.748)	90.00 (83.77)
[212/294]	0.126 (0.745)	90.00 (83.80)
[213/294]	0.160 (0.742)	100.00 (83.88)
[214/294]	0.374 (0.740)	80.00 (83.86)
[215/294]	0.270 (0.738)	80.00 (83.84)
[216/294]	0.050 (0.735)	100.00 (83.92)
[217/294]	0.095 (0.732)	95.00 (83.97)
[218/294]	0.145 (0.729)	100.00 (84.04)
[219/294]	0.133 (0.727)	95.00 (84.09)
[220/294]	0.061 (0.724)	100.00 (84.16)
[221/294]	0.069 (0.721)	100.00 (84.23)
[222/294]	0.098 (0.718)	100.00 (84.30)
[223/294]	0.094 (0.715)	95.00 (84.35)
[224/294]	0.102 (0.712)	100.00 (84.42)
[225/294]	0.256 (0.710)	90.00 (84.45)
[226/294]	0.381 (0.709)	80.00 (84.43)
[227/294]	0.015 (0.706)	100.00 (84.50)
[228/294]	0.063 (0.703)	100.00 (84.56)
[229/294]	0.090 (0.701)	100.00 (84.63)
[230/294]	0.098 (0.698)	100.00 (84.70)
[231/294]	0.083 (0.695)	100.00 (84.76)
[232/294]	0.047 (0.692)	100.00 (84.83)
[233/294]	0.032 (0.690)	100.00 (84.89)
[234/294]	0.434 (0.689)	80.00 (84.87)
[235/294]	0.121 (0.686)	95.00 (84.92)
[236/294]	0.092 (0.684)	100.00 (84.98)
[237/294]	0.319 (0.682)	80.00 (84.96)
[238/294]	0.331 (0.681)	85.00 (84.96)
[239/294]	0.305 (0.679)	75.00 (84.92)
[240/294]	0.242 (0.677)	95.00 (84.96)
[241/294]	0.159 (0.675)	100.00 (85.02)
[242/294]	0.186 (0.673)	95.00 (85.06)
[243/294]	0.236 (0.671)	95.00 (85.10)
[244/294]	0.219 (0.669)	95.00 (85.14)
[245/294]	0.082 (0.667)	100.00 (85.20)
[246/294]	0.060 (0.665)	100.00 (85.26)
[247/294]	0.021 (0.662)	100.00 (85.32)
[248/294]	0.024 (0.659)	100.00 (85.38)
[249/294]	0.030 (0.657)	100.00 (85.44)
[250/294]	0.053 (0.655)	100.00 (85.50)
[251/294]	0.069 (0.652)	100.00 (85.56)
[252/294]	0.003 (0.650)	100.00 (85.61)
[253/294]	0.019 (0.647)	100.00 (85.67)
[254/294]	0.083 (0.645)	100.00 (85.73)
[255/294]	0.146 (0.643)	100.00 (85.78)
[256/294]	0.135 (0.641)	95.00 (85.82)
[257/294]	0.144 (0.639)	95.00 (85.85)
[258/294]	0.091 (0.637)	95.00 (85.89)
[259/294]	0.323 (0.636)	85.00 (85.88)
[260/294]	0.359 (0.635)	80.00 (85.86)
[261/294]	0.351 (0.634)	85.00 (85.86)
[262/294]	0.145 (0.632)	95.00 (85.89)
[263/294]	0.037 (0.630)	100.00 (85.95)
[264/294]	0.078 (0.627)	100.00 (86.00)
[265/294]	0.081 (0.625)	100.00 (86.05)
[266/294]	0.042 (0.623)	100.00 (86.10)
[267/294]	0.030 (0.621)	100.00 (86.16)
[268/294]	0.169 (0.619)	90.00 (86.17)
[269/294]	0.142 (0.618)	100.00 (86.22)
[270/294]	0.069 (0.616)	100.00 (86.27)
[271/294]	0.183 (0.614)	95.00 (86.31)
[272/294]	0.290 (0.613)	90.00 (86.32)
[273/294]	0.032 (0.611)	100.00 (86.37)
[274/294]	0.074 (0.609)	100.00 (86.42)
[275/294]	0.104 (0.607)	100.00 (86.47)
[276/294]	0.068 (0.605)	100.00 (86.52)
[277/294]	0.302 (0.604)	90.00 (86.53)
[278/294]	0.235 (0.602)	95.00 (86.56)
[279/294]	0.030 (0.600)	100.00 (86.61)
[280/294]	0.077 (0.599)	100.00 (86.65)
[281/294]	0.225 (0.597)	90.00 (86.67)
[282/294]	0.198 (0.596)	85.00 (86.66)
[283/294]	0.185 (0.594)	95.00 (86.69)
[284/294]	0.141 (0.593)	95.00 (86.72)
[285/294]	0.193 (0.591)	90.00 (86.73)
[286/294]	0.310 (0.590)	95.00 (86.76)
[287/294]	0.055 (0.589)	100.00 (86.81)
[288/294]	0.111 (0.587)	95.00 (86.83)
[289/294]	0.165 (0.585)	95.00 (86.86)
[290/294]	0.037 (0.584)	100.00 (86.91)
[291/294]	0.268 (0.583)	90.00 (86.92)
[292/294]	0.077 (0.581)	95.00 (86.95)
[293/294]	0.092 (0.579)	100.00 (86.99)
 * Train Acc: 86.990
 * Avg. Data time: 0.017, Avg. Batch time: 0.056, Avg. Forward time: 0.005, Avg. Backward time: 0.026
Computing MAS
 * Val Acc: 29.415, Time: 3.97
 * Test Acc: 31.499, Time: 10.13
=============Training Task 3=============
Active output nodes for this task: 
[0, 1, 2, 3, 4, 5, 6, 7]
=============Training Epoch 0=============
#reg terms:  1
Batch	 Loss		 Acc
[0/294]	12.396 (12.396)	0.00 (0.00)
[1/294]	15.573 (13.985)	0.00 (0.00)
[2/294]	16.883 (14.951)	0.00 (0.00)
[3/294]	16.073 (15.231)	0.00 (0.00)
[4/294]	14.739 (15.133)	0.00 (0.00)
[5/294]	13.310 (14.829)	0.00 (0.00)
[6/294]	11.677 (14.379)	0.00 (0.00)
[7/294]	16.284 (14.617)	0.00 (0.00)
[8/294]	15.845 (14.753)	0.00 (0.00)
[9/294]	13.509 (14.629)	0.00 (0.00)
[10/294]	17.920 (14.928)	0.00 (0.00)
[11/294]	14.325 (14.878)	0.00 (0.00)
[12/294]	13.395 (14.764)	0.00 (0.00)
[13/294]	12.855 (14.627)	0.00 (0.00)
[14/294]	13.983 (14.584)	0.00 (0.00)
[15/294]	13.436 (14.513)	0.00 (0.00)
[16/294]	13.123 (14.431)	0.00 (0.00)
[17/294]	12.497 (14.323)	0.00 (0.00)
[18/294]	13.445 (14.277)	0.00 (0.00)
[19/294]	14.061 (14.266)	0.00 (0.00)
[20/294]	12.255 (14.171)	0.00 (0.00)
[21/294]	10.799 (14.017)	0.00 (0.00)
[22/294]	9.711 (13.830)	0.00 (0.00)
[23/294]	8.979 (13.628)	0.00 (0.00)
[24/294]	10.755 (13.513)	0.00 (0.00)
[25/294]	8.413 (13.317)	0.00 (0.00)
[26/294]	8.376 (13.134)	5.00 (0.19)
[27/294]	10.464 (13.039)	0.00 (0.18)
[28/294]	7.262 (12.839)	0.00 (0.17)
[29/294]	6.850 (12.640)	5.00 (0.33)
[30/294]	5.610 (12.413)	25.00 (1.13)
[31/294]	4.946 (12.180)	45.00 (2.50)
[32/294]	3.213 (11.908)	40.00 (3.64)
[33/294]	3.258 (11.654)	50.00 (5.00)
[34/294]	4.533 (11.450)	50.00 (6.29)
[35/294]	3.209 (11.221)	50.00 (7.50)
[36/294]	2.692 (10.991)	50.00 (8.65)
[37/294]	2.936 (10.779)	50.00 (9.74)
[38/294]	2.532 (10.567)	45.00 (10.64)
[39/294]	2.357 (10.362)	45.00 (11.50)
[40/294]	1.521 (10.146)	55.00 (12.56)
[41/294]	0.864 (9.925)	75.00 (14.05)
[42/294]	1.740 (9.735)	45.00 (14.77)
[43/294]	1.033 (9.537)	75.00 (16.14)
[44/294]	0.543 (9.337)	100.00 (18.00)
[45/294]	0.449 (9.144)	100.00 (19.78)
[46/294]	0.717 (8.965)	80.00 (21.06)
[47/294]	0.581 (8.790)	80.00 (22.29)
[48/294]	0.710 (8.625)	75.00 (23.37)
[49/294]	1.981 (8.492)	50.00 (23.90)
[50/294]	1.328 (8.352)	55.00 (24.51)
[51/294]	0.888 (8.208)	70.00 (25.38)
[52/294]	0.240 (8.058)	100.00 (26.79)
[53/294]	0.374 (7.916)	95.00 (28.06)
[54/294]	0.352 (7.778)	95.00 (29.27)
[55/294]	0.205 (7.643)	100.00 (30.54)
[56/294]	0.168 (7.512)	100.00 (31.75)
[57/294]	0.267 (7.387)	90.00 (32.76)
[58/294]	0.353 (7.268)	95.00 (33.81)
[59/294]	0.145 (7.149)	100.00 (34.92)
[60/294]	0.120 (7.034)	100.00 (35.98)
[61/294]	0.132 (6.922)	100.00 (37.02)
[62/294]	0.110 (6.814)	100.00 (38.02)
[63/294]	0.189 (6.711)	100.00 (38.98)
[64/294]	0.181 (6.610)	100.00 (39.92)
[65/294]	0.185 (6.513)	100.00 (40.83)
[66/294]	0.073 (6.417)	100.00 (41.72)
[67/294]	0.164 (6.325)	95.00 (42.50)
[68/294]	0.189 (6.236)	95.00 (43.26)
[69/294]	0.274 (6.151)	85.00 (43.86)
[70/294]	0.576 (6.072)	65.00 (44.15)
[71/294]	0.877 (6.000)	45.00 (44.17)
[72/294]	0.574 (5.926)	75.00 (44.59)
[73/294]	0.244 (5.849)	90.00 (45.20)
[74/294]	1.133 (5.786)	50.00 (45.27)
[75/294]	0.794 (5.720)	70.00 (45.59)
[76/294]	0.121 (5.648)	100.00 (46.30)
[77/294]	0.097 (5.577)	100.00 (46.99)
[78/294]	0.752 (5.516)	75.00 (47.34)
[79/294]	1.040 (5.460)	60.00 (47.50)
[80/294]	0.947 (5.404)	50.00 (47.53)
[81/294]	0.194 (5.340)	90.00 (48.05)
[82/294]	0.151 (5.278)	95.00 (48.61)
[83/294]	0.204 (5.217)	95.00 (49.17)
[84/294]	0.089 (5.157)	100.00 (49.76)
[85/294]	0.406 (5.102)	80.00 (50.12)
[86/294]	0.465 (5.049)	80.00 (50.46)
[87/294]	0.706 (4.999)	55.00 (50.51)
[88/294]	1.338 (4.958)	40.00 (50.39)
[89/294]	0.986 (4.914)	55.00 (50.44)
[90/294]	0.101 (4.861)	100.00 (50.99)
[91/294]	0.211 (4.810)	95.00 (51.47)
[92/294]	0.157 (4.760)	95.00 (51.94)
[93/294]	0.070 (4.711)	100.00 (52.45)
[94/294]	0.544 (4.667)	85.00 (52.79)
[95/294]	0.216 (4.620)	90.00 (53.18)
[96/294]	0.119 (4.574)	95.00 (53.61)
[97/294]	0.029 (4.528)	100.00 (54.08)
[98/294]	0.056 (4.482)	100.00 (54.55)
[99/294]	0.070 (4.438)	100.00 (55.00)
[100/294]	0.067 (4.395)	100.00 (55.45)
[101/294]	0.099 (4.353)	100.00 (55.88)
[102/294]	0.076 (4.311)	100.00 (56.31)
[103/294]	0.045 (4.270)	100.00 (56.73)
[104/294]	0.037 (4.230)	100.00 (57.14)
[105/294]	0.016 (4.190)	100.00 (57.55)
[106/294]	0.071 (4.152)	100.00 (57.94)
[107/294]	0.078 (4.114)	100.00 (58.33)
[108/294]	0.011 (4.076)	100.00 (58.72)
[109/294]	0.018 (4.039)	100.00 (59.09)
[110/294]	0.078 (4.004)	100.00 (59.46)
[111/294]	0.335 (3.971)	80.00 (59.64)
[112/294]	0.043 (3.936)	100.00 (60.00)
[113/294]	0.099 (3.903)	95.00 (60.31)
[114/294]	0.161 (3.870)	85.00 (60.52)
[115/294]	0.418 (3.840)	80.00 (60.69)
[116/294]	0.106 (3.808)	100.00 (61.03)
[117/294]	0.066 (3.777)	100.00 (61.36)
[118/294]	0.141 (3.746)	100.00 (61.68)
[119/294]	0.011 (3.715)	100.00 (62.00)
[120/294]	0.011 (3.684)	100.00 (62.31)
[121/294]	0.066 (3.655)	100.00 (62.62)
[122/294]	0.812 (3.632)	50.00 (62.52)
[123/294]	0.224 (3.604)	95.00 (62.78)
[124/294]	0.345 (3.578)	85.00 (62.96)
[125/294]	0.563 (3.554)	60.00 (62.94)
[126/294]	0.376 (3.529)	90.00 (63.15)
[127/294]	0.172 (3.503)	95.00 (63.40)
[128/294]	0.068 (3.476)	95.00 (63.64)
[129/294]	0.197 (3.451)	90.00 (63.85)
[130/294]	0.129 (3.426)	95.00 (64.08)
[131/294]	0.187 (3.401)	85.00 (64.24)
[132/294]	0.633 (3.380)	75.00 (64.32)
[133/294]	0.084 (3.356)	100.00 (64.59)
[134/294]	0.057 (3.331)	100.00 (64.85)
[135/294]	0.077 (3.307)	100.00 (65.11)
[136/294]	0.180 (3.285)	95.00 (65.33)
[137/294]	0.164 (3.262)	100.00 (65.58)
[138/294]	0.038 (3.239)	100.00 (65.83)
[139/294]	0.015 (3.216)	100.00 (66.07)
[140/294]	0.123 (3.194)	95.00 (66.28)
[141/294]	0.125 (3.172)	95.00 (66.48)
[142/294]	0.159 (3.151)	95.00 (66.68)
[143/294]	0.098 (3.130)	95.00 (66.88)
[144/294]	0.139 (3.109)	95.00 (67.07)
[145/294]	0.075 (3.088)	100.00 (67.29)
[146/294]	0.491 (3.071)	80.00 (67.38)
[147/294]	0.169 (3.051)	95.00 (67.57)
[148/294]	0.161 (3.032)	95.00 (67.75)
[149/294]	0.043 (3.012)	100.00 (67.97)
[150/294]	0.024 (2.992)	100.00 (68.18)
[151/294]	0.035 (2.973)	100.00 (68.39)
[152/294]	0.307 (2.955)	90.00 (68.53)
[153/294]	0.283 (2.938)	85.00 (68.64)
[154/294]	0.053 (2.919)	100.00 (68.84)
[155/294]	0.128 (2.901)	95.00 (69.01)
[156/294]	0.135 (2.884)	90.00 (69.14)
[157/294]	0.178 (2.867)	95.00 (69.30)
[158/294]	0.125 (2.849)	95.00 (69.47)
[159/294]	0.117 (2.832)	95.00 (69.62)
[160/294]	0.180 (2.816)	95.00 (69.78)
[161/294]	0.019 (2.799)	100.00 (69.97)
[162/294]	0.339 (2.783)	90.00 (70.09)
[163/294]	0.333 (2.769)	85.00 (70.18)
[164/294]	0.127 (2.753)	95.00 (70.33)
[165/294]	0.473 (2.739)	80.00 (70.39)
[166/294]	0.421 (2.725)	90.00 (70.51)
[167/294]	0.243 (2.710)	90.00 (70.62)
[168/294]	0.214 (2.695)	100.00 (70.80)
[169/294]	0.096 (2.680)	100.00 (70.97)
[170/294]	0.034 (2.665)	100.00 (71.14)
[171/294]	0.064 (2.649)	100.00 (71.31)
[172/294]	0.299 (2.636)	80.00 (71.36)
[173/294]	0.242 (2.622)	85.00 (71.44)
[174/294]	0.068 (2.608)	100.00 (71.60)
[175/294]	0.409 (2.595)	85.00 (71.68)
[176/294]	0.254 (2.582)	90.00 (71.78)
[177/294]	0.033 (2.568)	100.00 (71.94)
[178/294]	0.031 (2.553)	100.00 (72.09)
[179/294]	0.447 (2.542)	70.00 (72.08)
[180/294]	0.575 (2.531)	75.00 (72.10)
[181/294]	0.039 (2.517)	100.00 (72.25)
[182/294]	0.527 (2.506)	75.00 (72.27)
[183/294]	0.291 (2.494)	85.00 (72.34)
[184/294]	0.168 (2.482)	95.00 (72.46)
[185/294]	0.108 (2.469)	100.00 (72.61)
[186/294]	0.076 (2.456)	100.00 (72.75)
[187/294]	0.161 (2.444)	95.00 (72.87)
[188/294]	0.205 (2.432)	95.00 (72.99)
[189/294]	0.090 (2.420)	95.00 (73.11)
[190/294]	0.181 (2.408)	95.00 (73.22)
[191/294]	0.252 (2.397)	90.00 (73.31)
[192/294]	0.067 (2.385)	100.00 (73.45)
[193/294]	0.025 (2.372)	100.00 (73.58)
[194/294]	0.143 (2.361)	95.00 (73.69)
[195/294]	0.018 (2.349)	100.00 (73.83)
[196/294]	0.268 (2.339)	95.00 (73.93)
[197/294]	0.233 (2.328)	90.00 (74.02)
[198/294]	0.301 (2.318)	90.00 (74.10)
[199/294]	0.061 (2.306)	100.00 (74.22)
[200/294]	0.074 (2.295)	100.00 (74.35)
[201/294]	0.138 (2.285)	90.00 (74.43)
[202/294]	0.315 (2.275)	85.00 (74.48)
[203/294]	0.260 (2.265)	90.00 (74.56)
[204/294]	0.057 (2.254)	100.00 (74.68)
[205/294]	0.024 (2.243)	100.00 (74.81)
[206/294]	0.016 (2.233)	100.00 (74.93)
[207/294]	0.026 (2.222)	100.00 (75.05)
[208/294]	0.013 (2.212)	100.00 (75.17)
[209/294]	0.047 (2.201)	100.00 (75.29)
[210/294]	0.101 (2.191)	100.00 (75.40)
[211/294]	0.166 (2.182)	90.00 (75.47)
[212/294]	0.216 (2.172)	95.00 (75.56)
[213/294]	0.181 (2.163)	95.00 (75.65)
[214/294]	0.154 (2.154)	100.00 (75.77)
[215/294]	0.042 (2.144)	100.00 (75.88)
[216/294]	0.027 (2.134)	100.00 (75.99)
[217/294]	0.068 (2.125)	100.00 (76.10)
[218/294]	0.060 (2.115)	100.00 (76.21)
[219/294]	0.069 (2.106)	100.00 (76.32)
[220/294]	0.279 (2.098)	85.00 (76.36)
[221/294]	0.048 (2.089)	100.00 (76.46)
[222/294]	0.073 (2.080)	100.00 (76.57)
[223/294]	0.080 (2.071)	100.00 (76.67)
[224/294]	0.112 (2.062)	95.00 (76.76)
[225/294]	0.039 (2.053)	100.00 (76.86)
[226/294]	0.040 (2.044)	100.00 (76.96)
[227/294]	0.008 (2.035)	100.00 (77.06)
[228/294]	0.078 (2.027)	100.00 (77.16)
[229/294]	0.265 (2.019)	90.00 (77.22)
[230/294]	0.456 (2.012)	80.00 (77.23)
[231/294]	0.023 (2.004)	100.00 (77.33)
[232/294]	0.058 (1.995)	100.00 (77.42)
[233/294]	0.046 (1.987)	100.00 (77.52)
[234/294]	0.470 (1.980)	85.00 (77.55)
[235/294]	0.187 (1.973)	95.00 (77.63)
[236/294]	0.207 (1.965)	95.00 (77.70)
[237/294]	0.062 (1.957)	100.00 (77.79)
[238/294]	0.041 (1.949)	100.00 (77.89)
[239/294]	0.078 (1.942)	95.00 (77.96)
[240/294]	0.062 (1.934)	100.00 (78.05)
[241/294]	0.303 (1.927)	85.00 (78.08)
[242/294]	0.156 (1.920)	95.00 (78.15)
[243/294]	0.152 (1.913)	90.00 (78.20)
[244/294]	0.319 (1.906)	85.00 (78.22)
[245/294]	0.042 (1.898)	100.00 (78.31)
[246/294]	0.166 (1.891)	90.00 (78.36)
[247/294]	0.129 (1.884)	95.00 (78.43)
[248/294]	0.122 (1.877)	100.00 (78.51)
[249/294]	0.086 (1.870)	100.00 (78.60)
[250/294]	0.183 (1.863)	90.00 (78.65)
[251/294]	0.585 (1.858)	75.00 (78.63)
[252/294]	0.024 (1.851)	100.00 (78.72)
[253/294]	0.022 (1.844)	100.00 (78.80)
[254/294]	0.020 (1.837)	100.00 (78.88)
[255/294]	0.012 (1.830)	100.00 (78.96)
[256/294]	0.061 (1.823)	100.00 (79.05)
[257/294]	0.051 (1.816)	100.00 (79.13)
[258/294]	0.067 (1.809)	100.00 (79.21)
[259/294]	0.077 (1.802)	95.00 (79.27)
[260/294]	0.015 (1.796)	100.00 (79.35)
[261/294]	0.013 (1.789)	100.00 (79.43)
[262/294]	0.045 (1.782)	100.00 (79.51)
[263/294]	0.029 (1.775)	100.00 (79.58)
[264/294]	0.019 (1.769)	100.00 (79.66)
[265/294]	0.025 (1.762)	100.00 (79.74)
[266/294]	0.032 (1.756)	100.00 (79.81)
[267/294]	0.041 (1.749)	100.00 (79.89)
[268/294]	0.034 (1.743)	100.00 (79.96)
[269/294]	0.055 (1.737)	100.00 (80.04)
[270/294]	0.047 (1.731)	100.00 (80.11)
[271/294]	0.077 (1.724)	100.00 (80.18)
[272/294]	0.184 (1.719)	90.00 (80.22)
[273/294]	0.012 (1.713)	100.00 (80.29)
[274/294]	0.062 (1.707)	100.00 (80.36)
[275/294]	0.043 (1.701)	100.00 (80.43)
[276/294]	0.016 (1.694)	100.00 (80.51)
[277/294]	0.023 (1.688)	100.00 (80.58)
[278/294]	0.044 (1.683)	100.00 (80.65)
[279/294]	0.277 (1.678)	90.00 (80.68)
[280/294]	0.151 (1.672)	90.00 (80.71)
[281/294]	0.139 (1.667)	95.00 (80.76)
[282/294]	0.240 (1.662)	95.00 (80.81)
[283/294]	0.052 (1.656)	100.00 (80.88)
[284/294]	0.014 (1.650)	100.00 (80.95)
[285/294]	0.070 (1.645)	100.00 (81.01)
[286/294]	0.095 (1.639)	100.00 (81.08)
[287/294]	0.098 (1.634)	95.00 (81.13)
[288/294]	0.049 (1.628)	100.00 (81.19)
[289/294]	0.253 (1.624)	90.00 (81.22)
[290/294]	0.186 (1.619)	95.00 (81.27)
[291/294]	0.504 (1.615)	80.00 (81.27)
[292/294]	0.210 (1.610)	90.00 (81.30)
[293/294]	0.039 (1.605)	100.00 (81.36)
 * Train Acc: 81.361
 * Avg. Data time: 0.020, Avg. Batch time: 0.058, Avg. Forward time: 0.004, Avg. Backward time: 0.026
Computing MAS
 * Val Acc: 26.014, Time: 6.49
 * Test Acc: 25.641, Time: 13.34
=============Training Task 4=============
Active output nodes for this task: 
[0, 1, 2, 3, 4, 5, 6, 7, 8, 9]
=============Training Epoch 0=============
#reg terms:  1
Batch	 Loss		 Acc
[0/294]	22.713 (22.713)	0.00 (0.00)
[1/294]	21.394 (22.054)	0.00 (0.00)
[2/294]	19.643 (21.250)	0.00 (0.00)
[3/294]	26.176 (22.482)	0.00 (0.00)
[4/294]	255.031 (68.992)	0.00 (0.00)
[5/294]	5812.588 (1026.258)	0.00 (0.00)
[6/294]	147622.797 (21968.621)	0.00 (0.00)
[7/294]	3839997.250 (499222.200)	0.00 (0.00)
[8/294]	101273376.000 (11696350.578)	0.00 (0.00)
[9/294]	2695208960.000 (280047616.000)	0.00 (0.00)
[10/294]	72164794368.000 (6815024891.345)	0.00 (0.00)
[11/294]	1940138622976.000 (167925322001.067)	0.00 (0.00)
[12/294]	52304342417408.000 (4178419073780.185)	50.00 (3.85)
[13/294]	1412707890757632.000 (104787668728919.766)	50.00 (7.14)
[14/294]	38204575911510016.000 (2644773515789598.500)	50.00 (10.00)
[15/294]	205881389342986551953121607680.000 (12867587306173308223839272960.000)	0.00 (9.38)
[16/294]	nan (nan)	0.00 (8.82)
[17/294]	nan (nan)	0.00 (8.33)
[18/294]	nan (nan)	0.00 (7.89)
[19/294]	nan (nan)	0.00 (7.50)
[20/294]	nan (nan)	0.00 (7.14)
[21/294]	nan (nan)	0.00 (6.82)
[22/294]	nan (nan)	0.00 (6.52)
[23/294]	nan (nan)	0.00 (6.25)
[24/294]	nan (nan)	0.00 (6.00)
[25/294]	nan (nan)	0.00 (5.77)
[26/294]	nan (nan)	0.00 (5.56)
[27/294]	nan (nan)	0.00 (5.36)
[28/294]	nan (nan)	0.00 (5.17)
[29/294]	nan (nan)	0.00 (5.00)
[30/294]	nan (nan)	0.00 (4.84)
[31/294]	nan (nan)	0.00 (4.69)
[32/294]	nan (nan)	0.00 (4.55)
[33/294]	nan (nan)	0.00 (4.41)
[34/294]	nan (nan)	0.00 (4.29)
[35/294]	nan (nan)	0.00 (4.17)
[36/294]	nan (nan)	0.00 (4.05)
[37/294]	nan (nan)	0.00 (3.95)
[38/294]	nan (nan)	0.00 (3.85)
[39/294]	nan (nan)	0.00 (3.75)
[40/294]	nan (nan)	0.00 (3.66)
[41/294]	nan (nan)	0.00 (3.57)
[42/294]	nan (nan)	0.00 (3.49)
[43/294]	nan (nan)	0.00 (3.41)
[44/294]	nan (nan)	0.00 (3.33)
[45/294]	nan (nan)	0.00 (3.26)
[46/294]	nan (nan)	0.00 (3.19)
[47/294]	nan (nan)	0.00 (3.12)
[48/294]	nan (nan)	0.00 (3.06)
[49/294]	nan (nan)	0.00 (3.00)
[50/294]	nan (nan)	0.00 (2.94)
[51/294]	nan (nan)	0.00 (2.88)
[52/294]	nan (nan)	0.00 (2.83)
[53/294]	nan (nan)	0.00 (2.78)
[54/294]	nan (nan)	0.00 (2.73)
[55/294]	nan (nan)	0.00 (2.68)
[56/294]	nan (nan)	0.00 (2.63)
[57/294]	nan (nan)	0.00 (2.59)
[58/294]	nan (nan)	0.00 (2.54)
[59/294]	nan (nan)	0.00 (2.50)
[60/294]	nan (nan)	0.00 (2.46)
[61/294]	nan (nan)	0.00 (2.42)
[62/294]	nan (nan)	0.00 (2.38)
[63/294]	nan (nan)	0.00 (2.34)
[64/294]	nan (nan)	0.00 (2.31)
[65/294]	nan (nan)	0.00 (2.27)
[66/294]	nan (nan)	0.00 (2.24)
[67/294]	nan (nan)	0.00 (2.21)
[68/294]	nan (nan)	0.00 (2.17)
[69/294]	nan (nan)	0.00 (2.14)
[70/294]	nan (nan)	0.00 (2.11)
[71/294]	nan (nan)	0.00 (2.08)
[72/294]	nan (nan)	0.00 (2.05)
[73/294]	nan (nan)	0.00 (2.03)
[74/294]	nan (nan)	0.00 (2.00)
[75/294]	nan (nan)	0.00 (1.97)
[76/294]	nan (nan)	0.00 (1.95)
[77/294]	nan (nan)	0.00 (1.92)
[78/294]	nan (nan)	0.00 (1.90)
[79/294]	nan (nan)	0.00 (1.88)
[80/294]	nan (nan)	0.00 (1.85)
[81/294]	nan (nan)	0.00 (1.83)
[82/294]	nan (nan)	0.00 (1.81)
[83/294]	nan (nan)	0.00 (1.79)
[84/294]	nan (nan)	0.00 (1.76)
[85/294]	nan (nan)	0.00 (1.74)
[86/294]	nan (nan)	0.00 (1.72)
[87/294]	nan (nan)	0.00 (1.70)
[88/294]	nan (nan)	0.00 (1.69)
[89/294]	nan (nan)	0.00 (1.67)
[90/294]	nan (nan)	0.00 (1.65)
[91/294]	nan (nan)	0.00 (1.63)
[92/294]	nan (nan)	0.00 (1.61)
[93/294]	nan (nan)	0.00 (1.60)
[94/294]	nan (nan)	0.00 (1.58)
[95/294]	nan (nan)	0.00 (1.56)
[96/294]	nan (nan)	0.00 (1.55)
[97/294]	nan (nan)	0.00 (1.53)
[98/294]	nan (nan)	0.00 (1.52)
[99/294]	nan (nan)	0.00 (1.50)
[100/294]	nan (nan)	0.00 (1.49)
[101/294]	nan (nan)	0.00 (1.47)
[102/294]	nan (nan)	0.00 (1.46)
[103/294]	nan (nan)	0.00 (1.44)
[104/294]	nan (nan)	0.00 (1.43)
[105/294]	nan (nan)	0.00 (1.42)
[106/294]	nan (nan)	0.00 (1.40)
[107/294]	nan (nan)	0.00 (1.39)
[108/294]	nan (nan)	0.00 (1.38)
[109/294]	nan (nan)	0.00 (1.36)
[110/294]	nan (nan)	0.00 (1.35)
[111/294]	nan (nan)	0.00 (1.34)
[112/294]	nan (nan)	0.00 (1.33)
[113/294]	nan (nan)	0.00 (1.32)
[114/294]	nan (nan)	0.00 (1.30)
[115/294]	nan (nan)	0.00 (1.29)
[116/294]	nan (nan)	0.00 (1.28)
[117/294]	nan (nan)	0.00 (1.27)
[118/294]	nan (nan)	0.00 (1.26)
[119/294]	nan (nan)	0.00 (1.25)
[120/294]	nan (nan)	0.00 (1.24)
[121/294]	nan (nan)	0.00 (1.23)
[122/294]	nan (nan)	0.00 (1.22)
[123/294]	nan (nan)	0.00 (1.21)
[124/294]	nan (nan)	0.00 (1.20)
[125/294]	nan (nan)	0.00 (1.19)
[126/294]	nan (nan)	0.00 (1.18)
[127/294]	nan (nan)	0.00 (1.17)
[128/294]	nan (nan)	0.00 (1.16)
[129/294]	nan (nan)	0.00 (1.15)
[130/294]	nan (nan)	0.00 (1.15)
[131/294]	nan (nan)	0.00 (1.14)
[132/294]	nan (nan)	0.00 (1.13)
[133/294]	nan (nan)	0.00 (1.12)
[134/294]	nan (nan)	0.00 (1.11)
[135/294]	nan (nan)	0.00 (1.10)
[136/294]	nan (nan)	0.00 (1.09)
[137/294]	nan (nan)	0.00 (1.09)
[138/294]	nan (nan)	0.00 (1.08)
[139/294]	nan (nan)	0.00 (1.07)
[140/294]	nan (nan)	0.00 (1.06)
[141/294]	nan (nan)	0.00 (1.06)
[142/294]	nan (nan)	0.00 (1.05)
[143/294]	nan (nan)	0.00 (1.04)
[144/294]	nan (nan)	0.00 (1.03)
[145/294]	nan (nan)	0.00 (1.03)
[146/294]	nan (nan)	0.00 (1.02)
[147/294]	nan (nan)	0.00 (1.01)
[148/294]	nan (nan)	0.00 (1.01)
[149/294]	nan (nan)	0.00 (1.00)
[150/294]	nan (nan)	0.00 (0.99)
[151/294]	nan (nan)	0.00 (0.99)
[152/294]	nan (nan)	0.00 (0.98)
[153/294]	nan (nan)	0.00 (0.97)
[154/294]	nan (nan)	0.00 (0.97)
[155/294]	nan (nan)	0.00 (0.96)
[156/294]	nan (nan)	0.00 (0.96)
[157/294]	nan (nan)	0.00 (0.95)
[158/294]	nan (nan)	0.00 (0.94)
[159/294]	nan (nan)	0.00 (0.94)
[160/294]	nan (nan)	0.00 (0.93)
[161/294]	nan (nan)	0.00 (0.93)
[162/294]	nan (nan)	0.00 (0.92)
[163/294]	nan (nan)	0.00 (0.91)
[164/294]	nan (nan)	0.00 (0.91)
[165/294]	nan (nan)	0.00 (0.90)
[166/294]	nan (nan)	0.00 (0.90)
[167/294]	nan (nan)	0.00 (0.89)
[168/294]	nan (nan)	0.00 (0.89)
[169/294]	nan (nan)	0.00 (0.88)
[170/294]	nan (nan)	0.00 (0.88)
[171/294]	nan (nan)	0.00 (0.87)
[172/294]	nan (nan)	0.00 (0.87)
[173/294]	nan (nan)	0.00 (0.86)
[174/294]	nan (nan)	0.00 (0.86)
[175/294]	nan (nan)	0.00 (0.85)
[176/294]	nan (nan)	0.00 (0.85)
[177/294]	nan (nan)	0.00 (0.84)
[178/294]	nan (nan)	0.00 (0.84)
[179/294]	nan (nan)	0.00 (0.83)
[180/294]	nan (nan)	0.00 (0.83)
[181/294]	nan (nan)	0.00 (0.82)
[182/294]	nan (nan)	0.00 (0.82)
[183/294]	nan (nan)	0.00 (0.82)
[184/294]	nan (nan)	0.00 (0.81)
[185/294]	nan (nan)	0.00 (0.81)
[186/294]	nan (nan)	0.00 (0.80)
[187/294]	nan (nan)	0.00 (0.80)
[188/294]	nan (nan)	0.00 (0.79)
[189/294]	nan (nan)	0.00 (0.79)
[190/294]	nan (nan)	0.00 (0.79)
[191/294]	nan (nan)	0.00 (0.78)
[192/294]	nan (nan)	0.00 (0.78)
[193/294]	nan (nan)	0.00 (0.77)
[194/294]	nan (nan)	0.00 (0.77)
[195/294]	nan (nan)	0.00 (0.77)
[196/294]	nan (nan)	0.00 (0.76)
[197/294]	nan (nan)	0.00 (0.76)
[198/294]	nan (nan)	0.00 (0.75)
[199/294]	nan (nan)	0.00 (0.75)
[200/294]	nan (nan)	0.00 (0.75)
[201/294]	nan (nan)	0.00 (0.74)
[202/294]	nan (nan)	0.00 (0.74)
[203/294]	nan (nan)	0.00 (0.74)
[204/294]	nan (nan)	0.00 (0.73)
[205/294]	nan (nan)	0.00 (0.73)
[206/294]	nan (nan)	0.00 (0.72)
[207/294]	nan (nan)	0.00 (0.72)
[208/294]	nan (nan)	0.00 (0.72)
[209/294]	nan (nan)	0.00 (0.71)
[210/294]	nan (nan)	0.00 (0.71)
[211/294]	nan (nan)	0.00 (0.71)
[212/294]	nan (nan)	0.00 (0.70)
[213/294]	nan (nan)	0.00 (0.70)
[214/294]	nan (nan)	0.00 (0.70)
[215/294]	nan (nan)	50.00 (0.93)
[216/294]	nan (nan)	50.00 (1.15)
[217/294]	nan (nan)	50.00 (1.38)
[218/294]	nan (nan)	50.00 (1.60)
[219/294]	nan (nan)	50.00 (1.82)
[220/294]	nan (nan)	50.00 (2.04)
[221/294]	nan (nan)	50.00 (2.25)
[222/294]	nan (nan)	50.00 (2.47)
[223/294]	nan (nan)	50.00 (2.68)
[224/294]	nan (nan)	50.00 (2.89)
[225/294]	nan (nan)	50.00 (3.10)
[226/294]	nan (nan)	50.00 (3.30)
[227/294]	nan (nan)	50.00 (3.51)
[228/294]	nan (nan)	50.00 (3.71)
[229/294]	nan (nan)	50.00 (3.91)
[230/294]	nan (nan)	50.00 (4.11)
[231/294]	nan (nan)	50.00 (4.31)
[232/294]	nan (nan)	50.00 (4.51)
[233/294]	nan (nan)	50.00 (4.70)
[234/294]	nan (nan)	50.00 (4.89)
[235/294]	nan (nan)	50.00 (5.08)
[236/294]	nan (nan)	50.00 (5.27)
[237/294]	nan (nan)	50.00 (5.46)
[238/294]	nan (nan)	50.00 (5.65)
[239/294]	nan (nan)	50.00 (5.83)
[240/294]	nan (nan)	50.00 (6.02)
[241/294]	nan (nan)	50.00 (6.20)
[242/294]	nan (nan)	50.00 (6.38)
[243/294]	nan (nan)	50.00 (6.56)
[244/294]	nan (nan)	50.00 (6.73)
[245/294]	nan (nan)	50.00 (6.91)
[246/294]	nan (nan)	50.00 (7.09)
[247/294]	nan (nan)	50.00 (7.26)
[248/294]	nan (nan)	50.00 (7.43)
[249/294]	nan (nan)	50.00 (7.60)
[250/294]	nan (nan)	50.00 (7.77)
[251/294]	nan (nan)	50.00 (7.94)
[252/294]	nan (nan)	50.00 (8.10)
[253/294]	nan (nan)	50.00 (8.27)
[254/294]	nan (nan)	50.00 (8.43)
[255/294]	nan (nan)	50.00 (8.59)
[256/294]	nan (nan)	50.00 (8.75)
[257/294]	nan (nan)	50.00 (8.91)
[258/294]	nan (nan)	50.00 (9.07)
[259/294]	nan (nan)	50.00 (9.23)
[260/294]	nan (nan)	50.00 (9.39)
[261/294]	nan (nan)	50.00 (9.54)
[262/294]	nan (nan)	50.00 (9.70)
[263/294]	nan (nan)	50.00 (9.85)
[264/294]	nan (nan)	50.00 (10.00)
[265/294]	nan (nan)	50.00 (10.15)
[266/294]	nan (nan)	50.00 (10.30)
[267/294]	nan (nan)	50.00 (10.45)
[268/294]	nan (nan)	50.00 (10.59)
[269/294]	nan (nan)	50.00 (10.74)
[270/294]	nan (nan)	50.00 (10.89)
[271/294]	nan (nan)	50.00 (11.03)
[272/294]	nan (nan)	50.00 (11.17)
[273/294]	nan (nan)	50.00 (11.31)
[274/294]	nan (nan)	50.00 (11.45)
[275/294]	nan (nan)	50.00 (11.59)
[276/294]	nan (nan)	50.00 (11.73)
[277/294]	nan (nan)	50.00 (11.87)
[278/294]	nan (nan)	50.00 (12.01)
[279/294]	nan (nan)	50.00 (12.14)
[280/294]	nan (nan)	50.00 (12.28)
[281/294]	nan (nan)	50.00 (12.41)
[282/294]	nan (nan)	50.00 (12.54)
[283/294]	nan (nan)	50.00 (12.68)
[284/294]	nan (nan)	50.00 (12.81)
[285/294]	nan (nan)	50.00 (12.94)
[286/294]	nan (nan)	50.00 (13.07)
[287/294]	nan (nan)	50.00 (13.19)
[288/294]	nan (nan)	50.00 (13.32)
[289/294]	nan (nan)	50.00 (13.45)
[290/294]	nan (nan)	50.00 (13.57)
[291/294]	nan (nan)	50.00 (13.70)
[292/294]	nan (nan)	50.00 (13.82)
[293/294]	nan (nan)	50.00 (13.95)
 * Train Acc: 13.946
 * Avg. Data time: 0.008, Avg. Batch time: 0.045, Avg. Forward time: 0.004, Avg. Backward time: 0.026
Computing MAS
 * Val Acc: 9.689, Time: 5.58
 * Test Acc: 10.135, Time: 16.16
=============Training Task 5=============
Active output nodes for this task: 
[0, 1, 2, 3, 4, 5, 6, 7, 8, 9, 10, 11]
=============Training Epoch 0=============
#reg terms:  1
Batch	 Loss		 Acc
