=============Stream Learning Run 0=============
Changing output layer to contain 12 classes
============BEGINNING STREAM LEARNING============
=============Training Task 0=============
Active output nodes for this task: 
[0, 1]
=============Training Epoch 0=============
#reg terms:  0
Batch	 Loss		 Acc
[0/294]	1.884 (1.884)	45.00 (45.00)
[1/294]	0.851 (1.367)	50.00 (47.50)
[2/294]	0.742 (1.159)	55.00 (50.00)
[3/294]	0.545 (1.005)	85.00 (58.75)
[4/294]	0.592 (0.923)	80.00 (63.00)
[5/294]	0.672 (0.881)	60.00 (62.50)
[6/294]	0.826 (0.873)	50.00 (60.71)
[7/294]	0.520 (0.829)	75.00 (62.50)
[8/294]	0.552 (0.798)	85.00 (65.00)
[9/294]	0.650 (0.783)	75.00 (66.00)
[10/294]	0.577 (0.765)	90.00 (68.18)
[11/294]	0.666 (0.756)	60.00 (67.50)
[12/294]	0.599 (0.744)	75.00 (68.08)
[13/294]	0.562 (0.731)	80.00 (68.93)
[14/294]	0.068 (0.687)	100.00 (71.00)
[15/294]	0.209 (0.657)	100.00 (72.81)
[16/294]	0.300 (0.636)	95.00 (74.12)
[17/294]	0.289 (0.617)	100.00 (75.56)
[18/294]	0.043 (0.587)	100.00 (76.84)
[19/294]	0.258 (0.570)	85.00 (77.25)
[20/294]	0.786 (0.581)	60.00 (76.43)
[21/294]	0.160 (0.561)	100.00 (77.50)
[22/294]	0.246 (0.548)	90.00 (78.04)
[23/294]	0.259 (0.536)	85.00 (78.33)
[24/294]	0.420 (0.531)	70.00 (78.00)
[25/294]	0.445 (0.528)	65.00 (77.50)
[26/294]	0.900 (0.542)	60.00 (76.85)
[27/294]	0.322 (0.534)	75.00 (76.79)
[28/294]	0.002 (0.515)	100.00 (77.59)
[29/294]	0.119 (0.502)	100.00 (78.33)
[30/294]	0.395 (0.499)	85.00 (78.55)
[31/294]	0.479 (0.498)	70.00 (78.28)
[32/294]	0.211 (0.489)	95.00 (78.79)
[33/294]	0.232 (0.482)	95.00 (79.26)
[34/294]	0.479 (0.482)	75.00 (79.14)
[35/294]	0.143 (0.472)	100.00 (79.72)
[36/294]	0.140 (0.463)	100.00 (80.27)
[37/294]	0.136 (0.455)	100.00 (80.79)
[38/294]	0.505 (0.456)	70.00 (80.51)
[39/294]	0.222 (0.450)	95.00 (80.88)
[40/294]	0.018 (0.440)	100.00 (81.34)
[41/294]	0.113 (0.432)	95.00 (81.67)
[42/294]	0.764 (0.440)	75.00 (81.51)
[43/294]	1.327 (0.460)	70.00 (81.25)
[44/294]	0.383 (0.458)	85.00 (81.33)
[45/294]	0.233 (0.453)	90.00 (81.52)
[46/294]	0.604 (0.456)	65.00 (81.17)
[47/294]	1.117 (0.470)	70.00 (80.94)
[48/294]	0.251 (0.466)	100.00 (81.33)
[49/294]	0.417 (0.465)	100.00 (81.70)
[50/294]	0.366 (0.463)	95.00 (81.96)
[51/294]	0.452 (0.463)	90.00 (82.12)
[52/294]	0.581 (0.465)	80.00 (82.08)
[53/294]	0.483 (0.465)	85.00 (82.13)
[54/294]	0.532 (0.466)	80.00 (82.09)
[55/294]	0.483 (0.467)	85.00 (82.14)
[56/294]	0.406 (0.466)	95.00 (82.37)
[57/294]	0.350 (0.464)	100.00 (82.67)
[58/294]	0.344 (0.461)	100.00 (82.97)
[59/294]	0.322 (0.459)	85.00 (83.00)
[60/294]	0.271 (0.456)	95.00 (83.20)
[61/294]	0.118 (0.451)	100.00 (83.47)
[62/294]	0.015 (0.444)	100.00 (83.73)
[63/294]	0.111 (0.439)	95.00 (83.91)
[64/294]	0.058 (0.433)	100.00 (84.15)
[65/294]	0.053 (0.427)	100.00 (84.39)
[66/294]	0.508 (0.428)	65.00 (84.10)
[67/294]	0.477 (0.429)	70.00 (83.90)
[68/294]	1.416 (0.443)	80.00 (83.84)
[69/294]	0.952 (0.450)	75.00 (83.71)
[70/294]	0.618 (0.453)	70.00 (83.52)
[71/294]	0.528 (0.454)	90.00 (83.61)
[72/294]	0.723 (0.457)	75.00 (83.49)
[73/294]	0.083 (0.452)	100.00 (83.72)
[74/294]	0.269 (0.450)	100.00 (83.93)
[75/294]	0.403 (0.449)	95.00 (84.08)
[76/294]	0.499 (0.450)	80.00 (84.03)
[77/294]	0.242 (0.447)	90.00 (84.10)
[78/294]	0.290 (0.445)	90.00 (84.18)
[79/294]	0.358 (0.444)	90.00 (84.25)
[80/294]	0.656 (0.447)	70.00 (84.07)
[81/294]	0.491 (0.447)	80.00 (84.02)
[82/294]	0.579 (0.449)	70.00 (83.86)
[83/294]	0.770 (0.453)	65.00 (83.63)
[84/294]	0.691 (0.456)	60.00 (83.35)
[85/294]	0.345 (0.454)	75.00 (83.26)
[86/294]	0.428 (0.454)	80.00 (83.22)
[87/294]	0.261 (0.452)	95.00 (83.35)
[88/294]	0.203 (0.449)	100.00 (83.54)
[89/294]	0.302 (0.447)	95.00 (83.67)
[90/294]	0.131 (0.444)	100.00 (83.85)
[91/294]	0.609 (0.446)	75.00 (83.75)
[92/294]	0.304 (0.444)	95.00 (83.87)
[93/294]	0.655 (0.446)	65.00 (83.67)
[94/294]	0.257 (0.444)	85.00 (83.68)
[95/294]	0.038 (0.440)	100.00 (83.85)
[96/294]	0.039 (0.436)	100.00 (84.02)
[97/294]	0.028 (0.432)	100.00 (84.18)
[98/294]	0.553 (0.433)	70.00 (84.04)
[99/294]	0.643 (0.435)	70.00 (83.90)
[100/294]	0.593 (0.437)	75.00 (83.81)
[101/294]	0.891 (0.441)	50.00 (83.48)
[102/294]	0.125 (0.438)	100.00 (83.64)
[103/294]	0.347 (0.437)	90.00 (83.70)
[104/294]	0.665 (0.439)	60.00 (83.48)
[105/294]	0.089 (0.436)	100.00 (83.63)
[106/294]	0.122 (0.433)	100.00 (83.79)
[107/294]	0.163 (0.431)	95.00 (83.89)
[108/294]	0.205 (0.429)	95.00 (83.99)
[109/294]	0.580 (0.430)	60.00 (83.77)
[110/294]	0.564 (0.431)	60.00 (83.56)
[111/294]	0.311 (0.430)	75.00 (83.48)
[112/294]	0.617 (0.432)	50.00 (83.19)
[113/294]	0.835 (0.435)	50.00 (82.89)
[114/294]	0.710 (0.438)	60.00 (82.70)
[115/294]	0.102 (0.435)	100.00 (82.84)
[116/294]	0.333 (0.434)	85.00 (82.86)
[117/294]	0.458 (0.434)	75.00 (82.80)
[118/294]	0.745 (0.437)	75.00 (82.73)
[119/294]	0.169 (0.435)	95.00 (82.83)
[120/294]	0.184 (0.432)	95.00 (82.93)
[121/294]	0.999 (0.437)	75.00 (82.87)
[122/294]	0.262 (0.436)	90.00 (82.93)
[123/294]	0.483 (0.436)	85.00 (82.94)
[124/294]	0.465 (0.436)	75.00 (82.88)
[125/294]	0.226 (0.435)	100.00 (83.02)
[126/294]	0.668 (0.436)	50.00 (82.76)
[127/294]	0.416 (0.436)	85.00 (82.77)
[128/294]	0.278 (0.435)	100.00 (82.91)
[129/294]	0.022 (0.432)	100.00 (83.04)
[130/294]	0.263 (0.431)	90.00 (83.09)
[131/294]	0.208 (0.429)	100.00 (83.22)
[132/294]	0.249 (0.428)	95.00 (83.31)
[133/294]	0.112 (0.425)	100.00 (83.43)
[134/294]	0.097 (0.423)	100.00 (83.56)
[135/294]	0.091 (0.420)	100.00 (83.68)
[136/294]	0.159 (0.418)	95.00 (83.76)
[137/294]	0.038 (0.416)	100.00 (83.88)
[138/294]	0.093 (0.413)	95.00 (83.96)
[139/294]	0.069 (0.411)	100.00 (84.07)
[140/294]	0.024 (0.408)	100.00 (84.18)
[141/294]	0.142 (0.406)	95.00 (84.26)
[142/294]	0.308 (0.406)	90.00 (84.30)
[143/294]	0.004 (0.403)	100.00 (84.41)
[144/294]	0.030 (0.400)	100.00 (84.52)
[145/294]	0.269 (0.399)	85.00 (84.52)
[146/294]	0.025 (0.397)	100.00 (84.63)
[147/294]	0.767 (0.399)	75.00 (84.56)
[148/294]	0.926 (0.403)	70.00 (84.46)
[149/294]	0.210 (0.402)	95.00 (84.53)
[150/294]	0.027 (0.399)	100.00 (84.64)
[151/294]	0.081 (0.397)	100.00 (84.74)
[152/294]	0.077 (0.395)	95.00 (84.80)
[153/294]	0.107 (0.393)	95.00 (84.87)
[154/294]	0.167 (0.392)	90.00 (84.90)
[155/294]	0.094 (0.390)	95.00 (84.97)
[156/294]	0.068 (0.388)	100.00 (85.06)
[157/294]	0.611 (0.389)	70.00 (84.97)
[158/294]	0.523 (0.390)	80.00 (84.94)
[159/294]	0.626 (0.391)	80.00 (84.91)
[160/294]	0.170 (0.390)	95.00 (84.97)
[161/294]	0.601 (0.391)	70.00 (84.88)
[162/294]	0.160 (0.390)	100.00 (84.97)
[163/294]	0.093 (0.388)	100.00 (85.06)
[164/294]	0.017 (0.386)	100.00 (85.15)
[165/294]	0.111 (0.384)	95.00 (85.21)
[166/294]	0.058 (0.382)	100.00 (85.30)
[167/294]	0.119 (0.381)	100.00 (85.39)
[168/294]	0.180 (0.379)	95.00 (85.44)
[169/294]	0.122 (0.378)	95.00 (85.50)
[170/294]	0.075 (0.376)	100.00 (85.58)
[171/294]	0.094 (0.375)	100.00 (85.67)
[172/294]	0.022 (0.372)	100.00 (85.75)
[173/294]	0.036 (0.371)	100.00 (85.83)
[174/294]	0.077 (0.369)	100.00 (85.91)
[175/294]	0.049 (0.367)	100.00 (85.99)
[176/294]	0.005 (0.365)	100.00 (86.07)
[177/294]	0.022 (0.363)	100.00 (86.15)
[178/294]	0.619 (0.364)	85.00 (86.15)
[179/294]	0.248 (0.364)	90.00 (86.17)
[180/294]	0.164 (0.363)	95.00 (86.22)
[181/294]	0.762 (0.365)	80.00 (86.18)
[182/294]	0.573 (0.366)	70.00 (86.09)
[183/294]	0.051 (0.364)	100.00 (86.17)
[184/294]	0.045 (0.363)	100.00 (86.24)
[185/294]	0.264 (0.362)	90.00 (86.26)
[186/294]	0.095 (0.361)	95.00 (86.31)
[187/294]	0.157 (0.360)	95.00 (86.36)
[188/294]	1.262 (0.364)	65.00 (86.24)
[189/294]	0.112 (0.363)	100.00 (86.32)
[190/294]	0.214 (0.362)	95.00 (86.36)
[191/294]	0.322 (0.362)	90.00 (86.38)
[192/294]	0.201 (0.361)	100.00 (86.45)
[193/294]	0.383 (0.361)	80.00 (86.42)
[194/294]	0.218 (0.361)	95.00 (86.46)
[195/294]	0.060 (0.359)	100.00 (86.53)
[196/294]	0.047 (0.357)	100.00 (86.60)
[197/294]	0.700 (0.359)	70.00 (86.52)
[198/294]	0.909 (0.362)	60.00 (86.38)
[199/294]	0.104 (0.361)	100.00 (86.45)
[200/294]	0.249 (0.360)	85.00 (86.44)
[201/294]	0.128 (0.359)	100.00 (86.51)
[202/294]	0.154 (0.358)	100.00 (86.58)
[203/294]	0.147 (0.357)	100.00 (86.64)
[204/294]	0.301 (0.357)	90.00 (86.66)
[205/294]	0.243 (0.356)	90.00 (86.67)
[206/294]	0.054 (0.355)	100.00 (86.74)
[207/294]	0.285 (0.354)	85.00 (86.73)
[208/294]	0.188 (0.354)	95.00 (86.77)
[209/294]	0.172 (0.353)	100.00 (86.83)
[210/294]	0.246 (0.352)	90.00 (86.85)
[211/294]	0.101 (0.351)	100.00 (86.91)
[212/294]	0.078 (0.350)	100.00 (86.97)
[213/294]	0.024 (0.348)	100.00 (87.03)
[214/294]	0.058 (0.347)	100.00 (87.09)
[215/294]	0.042 (0.345)	100.00 (87.15)
[216/294]	0.015 (0.344)	100.00 (87.21)
[217/294]	0.950 (0.347)	70.00 (87.13)
[218/294]	0.150 (0.346)	95.00 (87.17)
[219/294]	0.179 (0.345)	90.00 (87.18)
[220/294]	0.001 (0.343)	100.00 (87.24)
[221/294]	1.123 (0.347)	75.00 (87.18)
[222/294]	1.328 (0.351)	75.00 (87.13)
[223/294]	0.053 (0.350)	95.00 (87.17)
[224/294]	0.010 (0.349)	100.00 (87.22)
[225/294]	0.324 (0.348)	90.00 (87.23)
[226/294]	0.241 (0.348)	85.00 (87.22)
[227/294]	0.242 (0.347)	95.00 (87.26)
[228/294]	0.254 (0.347)	95.00 (87.29)
[229/294]	0.166 (0.346)	100.00 (87.35)
[230/294]	0.093 (0.345)	100.00 (87.40)
[231/294]	0.176 (0.344)	100.00 (87.46)
[232/294]	0.197 (0.344)	100.00 (87.51)
[233/294]	0.248 (0.343)	100.00 (87.56)
[234/294]	0.760 (0.345)	65.00 (87.47)
[235/294]	0.263 (0.345)	85.00 (87.46)
[236/294]	0.164 (0.344)	100.00 (87.51)
[237/294]	0.170 (0.343)	100.00 (87.56)
[238/294]	0.361 (0.343)	80.00 (87.53)
[239/294]	0.161 (0.343)	90.00 (87.54)
[240/294]	0.240 (0.342)	90.00 (87.55)
[241/294]	0.272 (0.342)	80.00 (87.52)
[242/294]	0.071 (0.341)	100.00 (87.57)
[243/294]	0.201 (0.340)	90.00 (87.58)
[244/294]	0.379 (0.340)	85.00 (87.57)
[245/294]	0.126 (0.340)	100.00 (87.62)
[246/294]	0.555 (0.340)	80.00 (87.59)
[247/294]	0.363 (0.340)	90.00 (87.60)
[248/294]	0.076 (0.339)	100.00 (87.65)
[249/294]	0.055 (0.338)	100.00 (87.70)
[250/294]	0.181 (0.338)	90.00 (87.71)
[251/294]	0.094 (0.337)	100.00 (87.76)
[252/294]	0.205 (0.336)	95.00 (87.79)
[253/294]	0.074 (0.335)	100.00 (87.83)
[254/294]	0.036 (0.334)	100.00 (87.88)
[255/294]	0.033 (0.333)	100.00 (87.93)
[256/294]	0.061 (0.332)	100.00 (87.98)
[257/294]	0.011 (0.331)	100.00 (88.02)
[258/294]	0.059 (0.329)	95.00 (88.05)
[259/294]	0.012 (0.328)	100.00 (88.10)
[260/294]	0.038 (0.327)	100.00 (88.14)
[261/294]	0.038 (0.326)	100.00 (88.19)
[262/294]	0.003 (0.325)	100.00 (88.23)
[263/294]	0.016 (0.324)	100.00 (88.28)
[264/294]	0.337 (0.324)	85.00 (88.26)
[265/294]	0.137 (0.323)	95.00 (88.29)
[266/294]	0.039 (0.322)	100.00 (88.33)
[267/294]	0.082 (0.321)	95.00 (88.36)
[268/294]	0.077 (0.320)	100.00 (88.40)
[269/294]	0.028 (0.319)	100.00 (88.44)
[270/294]	0.149 (0.318)	90.00 (88.45)
[271/294]	0.079 (0.318)	100.00 (88.49)
[272/294]	0.075 (0.317)	100.00 (88.53)
[273/294]	0.001 (0.315)	100.00 (88.58)
[274/294]	0.217 (0.315)	95.00 (88.60)
[275/294]	0.140 (0.314)	95.00 (88.62)
[276/294]	0.034 (0.313)	100.00 (88.66)
[277/294]	0.017 (0.312)	100.00 (88.71)
[278/294]	0.118 (0.312)	90.00 (88.71)
[279/294]	0.010 (0.311)	100.00 (88.75)
[280/294]	0.001 (0.310)	100.00 (88.79)
[281/294]	0.175 (0.309)	95.00 (88.81)
[282/294]	0.008 (0.308)	100.00 (88.85)
[283/294]	0.074 (0.307)	100.00 (88.89)
[284/294]	0.059 (0.306)	100.00 (88.93)
[285/294]	0.043 (0.305)	95.00 (88.95)
[286/294]	0.294 (0.305)	95.00 (88.97)
[287/294]	0.001 (0.304)	100.00 (89.01)
[288/294]	0.213 (0.304)	95.00 (89.03)
[289/294]	0.000 (0.303)	100.00 (89.07)
[290/294]	0.003 (0.302)	100.00 (89.11)
[291/294]	0.000 (0.301)	100.00 (89.14)
[292/294]	0.029 (0.300)	100.00 (89.18)
[293/294]	0.000 (0.299)	100.00 (89.22)
 * Train Acc: 89.218
 * Avg. Data time: 0.005, Avg. Batch time: 0.053, Avg. Forward time: 0.004, Avg. Backward time: 0.039
Computing SI
 * Val Acc: 80.725, Time: 1.78
 * Test Acc: 82.077, Time: 2.29
=============Training Task 1=============
Active output nodes for this task: 
[0, 1, 2, 3]
=============Training Epoch 0=============
#reg terms:  1
Batch	 Loss		 Acc
[0/294]	9.419 (9.419)	0.00 (0.00)
[1/294]	6.900 (8.160)	0.00 (0.00)
[2/294]	2.126 (6.148)	35.00 (11.67)
[3/294]	2.275 (5.180)	55.00 (22.50)
[4/294]	2.297 (4.603)	70.00 (32.00)
[5/294]	2.224 (4.207)	50.00 (35.00)
[6/294]	2.295 (3.934)	50.00 (37.14)
[7/294]	2.399 (3.742)	55.00 (39.38)
[8/294]	2.416 (3.595)	75.00 (43.33)
[9/294]	2.709 (3.506)	50.00 (44.00)
[10/294]	3.903 (3.542)	50.00 (44.55)
[11/294]	2.617 (3.465)	35.00 (43.75)
[12/294]	2.764 (3.411)	50.00 (44.23)
[13/294]	2.386 (3.338)	45.00 (44.29)
[14/294]	2.460 (3.279)	50.00 (44.67)
[15/294]	2.354 (3.222)	50.00 (45.00)
[16/294]	2.205 (3.162)	55.00 (45.59)
[17/294]	2.157 (3.106)	50.00 (45.83)
[18/294]	2.187 (3.058)	50.00 (46.05)
[19/294]	2.163 (3.013)	50.00 (46.25)
[20/294]	2.161 (2.972)	50.00 (46.43)
[21/294]	1.894 (2.923)	55.00 (46.82)
[22/294]	1.897 (2.879)	35.00 (46.30)
[23/294]	1.798 (2.834)	50.00 (46.46)
[24/294]	1.739 (2.790)	50.00 (46.60)
[25/294]	1.588 (2.744)	90.00 (48.27)
[26/294]	1.529 (2.699)	50.00 (48.33)
[27/294]	1.347 (2.650)	85.00 (49.64)
[28/294]	1.736 (2.619)	50.00 (49.66)
[29/294]	1.348 (2.576)	70.00 (50.33)
[30/294]	1.438 (2.540)	35.00 (49.84)
[31/294]	1.501 (2.507)	50.00 (49.84)
[32/294]	1.223 (2.468)	70.00 (50.45)
[33/294]	1.017 (2.426)	90.00 (51.62)
[34/294]	1.443 (2.398)	60.00 (51.86)
[35/294]	1.263 (2.366)	50.00 (51.81)
[36/294]	1.528 (2.343)	50.00 (51.76)
[37/294]	1.193 (2.313)	50.00 (51.71)
[38/294]	1.023 (2.280)	70.00 (52.18)
[39/294]	1.291 (2.255)	55.00 (52.25)
[40/294]	1.303 (2.232)	50.00 (52.20)
[41/294]	1.042 (2.204)	65.00 (52.50)
[42/294]	1.032 (2.177)	65.00 (52.79)
[43/294]	0.865 (2.147)	90.00 (53.64)
[44/294]	1.051 (2.122)	55.00 (53.67)
[45/294]	1.023 (2.098)	60.00 (53.80)
[46/294]	1.039 (2.076)	50.00 (53.72)
[47/294]	0.917 (2.052)	60.00 (53.85)
[48/294]	1.034 (2.031)	55.00 (53.88)
[49/294]	0.751 (2.005)	75.00 (54.30)
[50/294]	1.127 (1.988)	75.00 (54.71)
[51/294]	0.995 (1.969)	65.00 (54.90)
[52/294]	1.079 (1.952)	50.00 (54.81)
[53/294]	0.957 (1.934)	65.00 (55.00)
[54/294]	1.003 (1.917)	40.00 (54.73)
[55/294]	1.101 (1.902)	50.00 (54.64)
[56/294]	1.030 (1.887)	50.00 (54.56)
[57/294]	1.116 (1.874)	50.00 (54.48)
[58/294]	0.829 (1.856)	95.00 (55.17)
[59/294]	0.882 (1.840)	75.00 (55.50)
[60/294]	0.727 (1.822)	85.00 (55.98)
[61/294]	0.842 (1.806)	60.00 (56.05)
[62/294]	0.939 (1.792)	75.00 (56.35)
[63/294]	0.887 (1.778)	70.00 (56.56)
[64/294]	0.606 (1.760)	90.00 (57.08)
[65/294]	0.581 (1.742)	95.00 (57.65)
[66/294]	0.865 (1.729)	60.00 (57.69)
[67/294]	1.083 (1.719)	25.00 (57.21)
[68/294]	0.773 (1.706)	50.00 (57.10)
[69/294]	0.769 (1.692)	95.00 (57.64)
[70/294]	0.850 (1.680)	65.00 (57.75)
[71/294]	1.367 (1.676)	65.00 (57.85)
[72/294]	0.676 (1.662)	90.00 (58.29)
[73/294]	0.441 (1.646)	90.00 (58.72)
[74/294]	0.380 (1.629)	95.00 (59.20)
[75/294]	0.336 (1.612)	100.00 (59.74)
[76/294]	0.579 (1.599)	90.00 (60.13)
[77/294]	0.854 (1.589)	65.00 (60.19)
[78/294]	1.240 (1.585)	60.00 (60.19)
[79/294]	1.326 (1.581)	55.00 (60.12)
[80/294]	0.550 (1.569)	90.00 (60.49)
[81/294]	0.742 (1.559)	65.00 (60.55)
[82/294]	1.805 (1.562)	50.00 (60.42)
[83/294]	1.191 (1.557)	35.00 (60.12)
[84/294]	0.889 (1.549)	50.00 (60.00)
[85/294]	0.998 (1.543)	50.00 (59.88)
[86/294]	0.924 (1.536)	50.00 (59.77)
[87/294]	0.808 (1.527)	75.00 (59.94)
[88/294]	0.852 (1.520)	55.00 (59.89)
[89/294]	1.167 (1.516)	45.00 (59.72)
[90/294]	1.376 (1.514)	50.00 (59.62)
[91/294]	1.243 (1.511)	50.00 (59.51)
[92/294]	0.976 (1.506)	50.00 (59.41)
[93/294]	0.956 (1.500)	55.00 (59.36)
[94/294]	0.996 (1.495)	50.00 (59.26)
[95/294]	1.195 (1.491)	50.00 (59.17)
[96/294]	1.208 (1.489)	50.00 (59.07)
[97/294]	1.238 (1.486)	50.00 (58.98)
[98/294]	1.157 (1.483)	50.00 (58.89)
[99/294]	1.121 (1.479)	50.00 (58.80)
[100/294]	0.915 (1.473)	75.00 (58.96)
[101/294]	0.948 (1.468)	55.00 (58.92)
[102/294]	0.938 (1.463)	55.00 (58.88)
[103/294]	0.818 (1.457)	50.00 (58.80)
[104/294]	0.851 (1.451)	65.00 (58.86)
[105/294]	0.925 (1.446)	55.00 (58.82)
[106/294]	0.873 (1.441)	60.00 (58.83)
[107/294]	0.858 (1.435)	80.00 (59.03)
[108/294]	0.857 (1.430)	85.00 (59.27)
[109/294]	0.949 (1.426)	50.00 (59.18)
[110/294]	0.876 (1.421)	60.00 (59.19)
[111/294]	0.701 (1.414)	95.00 (59.51)
[112/294]	0.620 (1.407)	100.00 (59.87)
[113/294]	0.722 (1.401)	70.00 (59.96)
[114/294]	0.680 (1.395)	70.00 (60.04)
[115/294]	0.665 (1.389)	90.00 (60.30)
[116/294]	0.608 (1.382)	90.00 (60.56)
[117/294]	0.752 (1.377)	85.00 (60.76)
[118/294]	1.193 (1.375)	40.00 (60.59)
[119/294]	0.882 (1.371)	55.00 (60.54)
[120/294]	0.455 (1.364)	100.00 (60.87)
[121/294]	0.639 (1.358)	70.00 (60.94)
[122/294]	0.760 (1.353)	70.00 (61.02)
[123/294]	0.552 (1.346)	85.00 (61.21)
[124/294]	0.938 (1.343)	65.00 (61.24)
[125/294]	0.619 (1.337)	75.00 (61.35)
[126/294]	0.587 (1.331)	95.00 (61.61)
[127/294]	0.534 (1.325)	85.00 (61.80)
[128/294]	0.271 (1.317)	100.00 (62.09)
[129/294]	0.470 (1.310)	90.00 (62.31)
[130/294]	0.594 (1.305)	85.00 (62.48)
[131/294]	0.230 (1.297)	100.00 (62.77)
[132/294]	1.175 (1.296)	70.00 (62.82)
[133/294]	0.219 (1.288)	100.00 (63.10)
[134/294]	0.314 (1.281)	95.00 (63.33)
[135/294]	0.231 (1.273)	100.00 (63.60)
[136/294]	0.212 (1.265)	100.00 (63.87)
[137/294]	0.267 (1.258)	100.00 (64.13)
[138/294]	0.680 (1.254)	65.00 (64.14)
[139/294]	0.609 (1.249)	85.00 (64.29)
[140/294]	0.458 (1.244)	85.00 (64.43)
[141/294]	0.241 (1.237)	100.00 (64.68)
[142/294]	0.647 (1.232)	85.00 (64.83)
[143/294]	0.461 (1.227)	85.00 (64.97)
[144/294]	0.436 (1.222)	90.00 (65.14)
[145/294]	0.244 (1.215)	100.00 (65.38)
[146/294]	0.913 (1.213)	65.00 (65.37)
[147/294]	0.593 (1.209)	70.00 (65.41)
[148/294]	1.171 (1.208)	50.00 (65.30)
[149/294]	0.645 (1.205)	75.00 (65.37)
[150/294]	0.447 (1.200)	85.00 (65.50)
[151/294]	0.494 (1.195)	95.00 (65.69)
[152/294]	0.725 (1.192)	70.00 (65.72)
[153/294]	0.542 (1.188)	85.00 (65.84)
[154/294]	0.459 (1.183)	90.00 (66.00)
[155/294]	0.566 (1.179)	80.00 (66.09)
[156/294]	0.601 (1.175)	75.00 (66.15)
[157/294]	0.391 (1.170)	100.00 (66.36)
[158/294]	0.648 (1.167)	70.00 (66.38)
[159/294]	0.521 (1.163)	85.00 (66.50)
[160/294]	0.397 (1.158)	90.00 (66.65)
[161/294]	0.313 (1.153)	100.00 (66.85)
[162/294]	0.431 (1.149)	80.00 (66.93)
[163/294]	0.331 (1.144)	95.00 (67.10)
[164/294]	0.398 (1.139)	90.00 (67.24)
[165/294]	0.383 (1.135)	95.00 (67.41)
[166/294]	1.057 (1.134)	70.00 (67.43)
[167/294]	0.477 (1.130)	85.00 (67.53)
[168/294]	0.714 (1.128)	75.00 (67.57)
[169/294]	1.085 (1.128)	75.00 (67.62)
[170/294]	1.685 (1.131)	70.00 (67.63)
[171/294]	0.810 (1.129)	70.00 (67.65)
[172/294]	0.334 (1.124)	95.00 (67.80)
[173/294]	0.505 (1.121)	90.00 (67.93)
[174/294]	0.961 (1.120)	65.00 (67.91)
[175/294]	1.251 (1.121)	55.00 (67.84)
[176/294]	1.038 (1.120)	70.00 (67.85)
[177/294]	0.480 (1.117)	95.00 (68.01)
[178/294]	0.288 (1.112)	100.00 (68.18)
[179/294]	0.493 (1.108)	90.00 (68.31)
[180/294]	1.024 (1.108)	65.00 (68.29)
[181/294]	1.046 (1.108)	70.00 (68.30)
[182/294]	0.474 (1.104)	90.00 (68.42)
[183/294]	0.490 (1.101)	95.00 (68.56)
[184/294]	1.224 (1.102)	40.00 (68.41)
[185/294]	0.997 (1.101)	60.00 (68.36)
[186/294]	0.613 (1.098)	95.00 (68.50)
[187/294]	0.642 (1.096)	100.00 (68.67)
[188/294]	0.842 (1.095)	65.00 (68.65)
[189/294]	0.785 (1.093)	65.00 (68.63)
[190/294]	0.886 (1.092)	65.00 (68.61)
[191/294]	1.358 (1.093)	70.00 (68.62)
[192/294]	0.595 (1.091)	80.00 (68.68)
[193/294]	0.925 (1.090)	60.00 (68.63)
[194/294]	0.385 (1.086)	100.00 (68.79)
[195/294]	1.107 (1.086)	65.00 (68.78)
[196/294]	1.301 (1.087)	55.00 (68.71)
[197/294]	1.076 (1.087)	50.00 (68.61)
[198/294]	1.001 (1.087)	65.00 (68.59)
[199/294]	1.092 (1.087)	35.00 (68.42)
[200/294]	1.124 (1.087)	25.00 (68.21)
[201/294]	1.081 (1.087)	35.00 (68.04)
[202/294]	1.006 (1.087)	65.00 (68.03)
[203/294]	1.004 (1.086)	60.00 (67.99)
[204/294]	0.989 (1.086)	50.00 (67.90)
[205/294]	0.681 (1.084)	95.00 (68.03)
[206/294]	0.631 (1.082)	90.00 (68.14)
[207/294]	0.657 (1.080)	95.00 (68.27)
[208/294]	0.808 (1.078)	65.00 (68.25)
[209/294]	0.931 (1.078)	55.00 (68.19)
[210/294]	0.868 (1.077)	60.00 (68.15)
[211/294]	0.753 (1.075)	70.00 (68.16)
[212/294]	0.687 (1.073)	55.00 (68.10)
[213/294]	0.411 (1.070)	100.00 (68.25)
[214/294]	0.556 (1.068)	80.00 (68.30)
[215/294]	0.824 (1.067)	60.00 (68.26)
[216/294]	0.909 (1.066)	75.00 (68.29)
[217/294]	0.395 (1.063)	95.00 (68.42)
[218/294]	0.266 (1.059)	100.00 (68.56)
[219/294]	0.264 (1.056)	100.00 (68.70)
[220/294]	0.483 (1.053)	75.00 (68.73)
[221/294]	0.567 (1.051)	75.00 (68.76)
[222/294]	0.510 (1.048)	90.00 (68.86)
[223/294]	0.290 (1.045)	95.00 (68.97)
[224/294]	0.376 (1.042)	95.00 (69.09)
[225/294]	0.563 (1.040)	75.00 (69.12)
[226/294]	0.652 (1.038)	70.00 (69.12)
[227/294]	0.459 (1.036)	90.00 (69.21)
[228/294]	0.347 (1.033)	95.00 (69.32)
[229/294]	0.238 (1.029)	95.00 (69.43)
[230/294]	0.963 (1.029)	55.00 (69.37)
[231/294]	1.447 (1.031)	40.00 (69.25)
[232/294]	0.655 (1.029)	75.00 (69.27)
[233/294]	0.605 (1.027)	80.00 (69.32)
[234/294]	0.509 (1.025)	90.00 (69.40)
[235/294]	0.640 (1.023)	75.00 (69.43)
[236/294]	1.023 (1.023)	70.00 (69.43)
[237/294]	0.500 (1.021)	85.00 (69.50)
[238/294]	0.426 (1.019)	90.00 (69.58)
[239/294]	0.346 (1.016)	95.00 (69.69)
[240/294]	0.529 (1.014)	90.00 (69.77)
[241/294]	0.571 (1.012)	85.00 (69.83)
[242/294]	0.724 (1.011)	70.00 (69.84)
[243/294]	0.339 (1.008)	100.00 (69.96)
[244/294]	0.514 (1.006)	85.00 (70.02)
[245/294]	0.478 (1.004)	85.00 (70.08)
[246/294]	0.384 (1.002)	100.00 (70.20)
[247/294]	0.434 (0.999)	95.00 (70.30)
[248/294]	0.456 (0.997)	95.00 (70.40)
[249/294]	0.530 (0.995)	80.00 (70.44)
[250/294]	0.339 (0.993)	95.00 (70.54)
[251/294]	0.185 (0.989)	100.00 (70.65)
[252/294]	0.199 (0.986)	100.00 (70.77)
[253/294]	0.289 (0.983)	95.00 (70.87)
[254/294]	0.956 (0.983)	70.00 (70.86)
[255/294]	0.853 (0.983)	70.00 (70.86)
[256/294]	0.445 (0.981)	85.00 (70.91)
[257/294]	0.480 (0.979)	80.00 (70.95)
[258/294]	0.291 (0.976)	95.00 (71.04)
[259/294]	0.856 (0.976)	90.00 (71.12)
[260/294]	0.836 (0.975)	65.00 (71.09)
[261/294]	1.049 (0.975)	55.00 (71.03)
[262/294]	0.532 (0.974)	70.00 (71.03)
[263/294]	0.469 (0.972)	90.00 (71.10)
[264/294]	0.323 (0.969)	95.00 (71.19)
[265/294]	0.780 (0.969)	65.00 (71.17)
[266/294]	1.353 (0.970)	55.00 (71.10)
[267/294]	0.879 (0.970)	70.00 (71.10)
[268/294]	0.650 (0.969)	70.00 (71.10)
[269/294]	0.356 (0.966)	90.00 (71.17)
[270/294]	0.202 (0.964)	100.00 (71.27)
[271/294]	0.532 (0.962)	75.00 (71.29)
[272/294]	0.507 (0.960)	85.00 (71.34)
[273/294]	0.454 (0.958)	90.00 (71.41)
[274/294]	0.587 (0.957)	75.00 (71.42)
[275/294]	0.847 (0.957)	60.00 (71.38)
[276/294]	0.663 (0.956)	80.00 (71.41)
[277/294]	0.375 (0.954)	100.00 (71.51)
[278/294]	0.314 (0.951)	100.00 (71.61)
[279/294]	0.235 (0.949)	100.00 (71.71)
[280/294]	0.318 (0.946)	95.00 (71.80)
[281/294]	0.477 (0.945)	90.00 (71.86)
[282/294]	0.335 (0.943)	95.00 (71.94)
[283/294]	0.644 (0.942)	80.00 (71.97)
[284/294]	0.780 (0.941)	80.00 (72.00)
[285/294]	1.065 (0.941)	65.00 (71.98)
[286/294]	0.576 (0.940)	95.00 (72.06)
[287/294]	0.481 (0.939)	85.00 (72.10)
[288/294]	0.574 (0.937)	70.00 (72.09)
[289/294]	0.312 (0.935)	100.00 (72.19)
[290/294]	0.439 (0.933)	85.00 (72.23)
[291/294]	0.635 (0.932)	75.00 (72.24)
[292/294]	0.574 (0.931)	80.00 (72.27)
[293/294]	0.569 (0.931)	66.67 (72.26)
 * Train Acc: 72.264
 * Avg. Data time: 0.005, Avg. Batch time: 0.064, Avg. Forward time: 0.004, Avg. Backward time: 0.051
Computing SI
 * Val Acc: 39.802, Time: 1.89
 * Test Acc: 41.680, Time: 3.56
=============Training Task 2=============
Active output nodes for this task: 
[0, 1, 2, 3, 4, 5]
=============Training Epoch 0=============
#reg terms:  1
Batch	 Loss		 Acc
[0/294]	9.186 (9.186)	0.00 (0.00)
[1/294]	5.310 (7.248)	0.00 (0.00)
[2/294]	3.830 (6.108)	0.00 (0.00)
[3/294]	3.314 (5.410)	0.00 (0.00)
[4/294]	3.208 (4.970)	0.00 (0.00)
[5/294]	3.422 (4.712)	0.00 (0.00)
[6/294]	3.516 (4.541)	0.00 (0.00)
[7/294]	3.402 (4.398)	0.00 (0.00)
[8/294]	3.428 (4.291)	5.00 (0.56)
[9/294]	3.347 (4.196)	15.00 (2.00)
[10/294]	3.262 (4.111)	30.00 (4.55)
[11/294]	3.094 (4.026)	50.00 (8.33)
[12/294]	2.904 (3.940)	50.00 (11.54)
[13/294]	2.761 (3.856)	50.00 (14.29)
[14/294]	2.466 (3.763)	50.00 (16.67)
[15/294]	2.068 (3.657)	55.00 (19.06)
[16/294]	2.140 (3.568)	50.00 (20.88)
[17/294]	2.074 (3.485)	50.00 (22.50)
[18/294]	1.925 (3.403)	50.00 (23.95)
[19/294]	1.835 (3.325)	50.00 (25.25)
[20/294]	1.952 (3.259)	50.00 (26.43)
[21/294]	1.623 (3.185)	50.00 (27.50)
[22/294]	1.818 (3.125)	50.00 (28.48)
[23/294]	1.695 (3.066)	50.00 (29.38)
[24/294]	1.508 (3.003)	50.00 (30.20)
[25/294]	1.572 (2.948)	50.00 (30.96)
[26/294]	1.565 (2.897)	50.00 (31.67)
[27/294]	1.501 (2.847)	50.00 (32.32)
[28/294]	1.310 (2.794)	50.00 (32.93)
[29/294]	1.429 (2.749)	65.00 (34.00)
[30/294]	1.406 (2.705)	85.00 (35.65)
[31/294]	1.299 (2.661)	50.00 (36.09)
[32/294]	1.095 (2.614)	85.00 (37.58)
[33/294]	1.073 (2.569)	80.00 (38.82)
[34/294]	1.074 (2.526)	90.00 (40.29)
[35/294]	1.042 (2.485)	50.00 (40.56)
[36/294]	0.989 (2.444)	55.00 (40.95)
[37/294]	0.981 (2.406)	85.00 (42.11)
[38/294]	0.991 (2.370)	75.00 (42.95)
[39/294]	1.068 (2.337)	65.00 (43.50)
[40/294]	0.938 (2.303)	60.00 (43.90)
[41/294]	0.914 (2.270)	65.00 (44.40)
[42/294]	1.647 (2.255)	50.00 (44.53)
[43/294]	0.954 (2.226)	50.00 (44.66)
[44/294]	1.159 (2.202)	50.00 (44.78)
[45/294]	1.142 (2.179)	0.00 (43.80)
[46/294]	0.990 (2.154)	50.00 (43.94)
[47/294]	0.858 (2.127)	55.00 (44.17)
[48/294]	0.615 (2.096)	95.00 (45.20)
[49/294]	0.925 (2.072)	50.00 (45.30)
[50/294]	0.838 (2.048)	60.00 (45.59)
[51/294]	0.751 (2.023)	95.00 (46.54)
[52/294]	0.634 (1.997)	80.00 (47.17)
[53/294]	0.835 (1.976)	60.00 (47.41)
[54/294]	0.856 (1.955)	60.00 (47.64)
[55/294]	0.872 (1.936)	50.00 (47.68)
[56/294]	0.528 (1.911)	100.00 (48.60)
[57/294]	0.415 (1.885)	100.00 (49.48)
[58/294]	0.440 (1.861)	90.00 (50.17)
[59/294]	0.819 (1.844)	65.00 (50.42)
[60/294]	0.455 (1.821)	90.00 (51.07)
[61/294]	0.405 (1.798)	90.00 (51.69)
[62/294]	0.660 (1.780)	60.00 (51.83)
[63/294]	0.266 (1.756)	100.00 (52.58)
[64/294]	0.894 (1.743)	70.00 (52.85)
[65/294]	0.861 (1.730)	60.00 (52.95)
[66/294]	0.621 (1.713)	85.00 (53.43)
[67/294]	0.910 (1.701)	65.00 (53.60)
[68/294]	0.663 (1.686)	70.00 (53.84)
[69/294]	0.676 (1.672)	80.00 (54.21)
[70/294]	0.749 (1.659)	80.00 (54.58)
[71/294]	0.625 (1.644)	75.00 (54.86)
[72/294]	0.702 (1.631)	70.00 (55.07)
[73/294]	1.077 (1.624)	50.00 (55.00)
[74/294]	0.365 (1.607)	95.00 (55.53)
[75/294]	0.282 (1.590)	100.00 (56.12)
[76/294]	0.271 (1.573)	100.00 (56.69)
[77/294]	0.833 (1.563)	55.00 (56.67)
[78/294]	0.484 (1.550)	75.00 (56.90)
[79/294]	0.514 (1.537)	80.00 (57.19)
[80/294]	0.613 (1.525)	70.00 (57.35)
[81/294]	0.503 (1.513)	90.00 (57.74)
[82/294]	0.489 (1.500)	90.00 (58.13)
[83/294]	0.214 (1.485)	100.00 (58.63)
[84/294]	0.532 (1.474)	75.00 (58.82)
[85/294]	0.316 (1.460)	95.00 (59.24)
[86/294]	0.225 (1.446)	100.00 (59.71)
[87/294]	0.335 (1.434)	100.00 (60.17)
[88/294]	0.553 (1.424)	75.00 (60.34)
[89/294]	0.515 (1.414)	75.00 (60.50)
[90/294]	0.206 (1.400)	100.00 (60.93)
[91/294]	0.417 (1.390)	95.00 (61.30)
[92/294]	0.218 (1.377)	100.00 (61.72)
[93/294]	0.278 (1.365)	90.00 (62.02)
[94/294]	0.733 (1.359)	65.00 (62.05)
[95/294]	0.172 (1.346)	100.00 (62.45)
[96/294]	0.418 (1.337)	90.00 (62.73)
[97/294]	1.070 (1.334)	70.00 (62.81)
[98/294]	0.309 (1.324)	100.00 (63.18)
[99/294]	0.474 (1.315)	95.00 (63.50)
[100/294]	0.478 (1.307)	85.00 (63.71)
[101/294]	0.319 (1.297)	95.00 (64.02)
[102/294]	0.498 (1.289)	90.00 (64.27)
[103/294]	0.845 (1.285)	85.00 (64.47)
[104/294]	1.375 (1.286)	55.00 (64.38)
[105/294]	0.427 (1.278)	95.00 (64.67)
[106/294]	0.773 (1.273)	80.00 (64.81)
[107/294]	0.595 (1.267)	90.00 (65.05)
[108/294]	0.603 (1.261)	90.00 (65.28)
[109/294]	0.527 (1.254)	95.00 (65.55)
[110/294]	0.381 (1.246)	100.00 (65.86)
[111/294]	0.566 (1.240)	95.00 (66.12)
[112/294]	0.938 (1.238)	85.00 (66.28)
[113/294]	0.780 (1.233)	80.00 (66.40)
[114/294]	0.535 (1.227)	85.00 (66.57)
[115/294]	0.355 (1.220)	100.00 (66.85)
[116/294]	0.283 (1.212)	100.00 (67.14)
[117/294]	0.590 (1.207)	80.00 (67.25)
[118/294]	1.025 (1.205)	50.00 (67.10)
[119/294]	0.258 (1.197)	100.00 (67.38)
[120/294]	0.329 (1.190)	95.00 (67.60)
[121/294]	0.533 (1.185)	85.00 (67.75)
[122/294]	0.310 (1.178)	95.00 (67.97)
[123/294]	0.241 (1.170)	100.00 (68.23)
[124/294]	0.235 (1.162)	100.00 (68.48)
[125/294]	0.234 (1.155)	100.00 (68.73)
[126/294]	0.224 (1.148)	100.00 (68.98)
[127/294]	0.218 (1.141)	100.00 (69.22)
[128/294]	0.213 (1.133)	100.00 (69.46)
[129/294]	0.208 (1.126)	100.00 (69.69)
[130/294]	0.199 (1.119)	100.00 (69.92)
[131/294]	0.194 (1.112)	100.00 (70.15)
[132/294]	0.315 (1.106)	95.00 (70.34)
[133/294]	0.181 (1.099)	100.00 (70.56)
[134/294]	0.582 (1.095)	90.00 (70.70)
[135/294]	0.559 (1.091)	90.00 (70.85)
[136/294]	0.193 (1.085)	100.00 (71.06)
[137/294]	0.237 (1.079)	95.00 (71.23)
[138/294]	0.291 (1.073)	95.00 (71.40)
[139/294]	0.466 (1.069)	90.00 (71.54)
[140/294]	1.419 (1.071)	60.00 (71.45)
[141/294]	0.724 (1.069)	85.00 (71.55)
[142/294]	0.352 (1.064)	85.00 (71.64)
[143/294]	2.344 (1.073)	55.00 (71.53)
[144/294]	1.057 (1.073)	60.00 (71.45)
[145/294]	0.651 (1.070)	70.00 (71.44)
[146/294]	0.662 (1.067)	85.00 (71.53)
[147/294]	0.561 (1.063)	90.00 (71.66)
[148/294]	0.570 (1.060)	85.00 (71.74)
[149/294]	0.653 (1.057)	85.00 (71.83)
[150/294]	0.736 (1.055)	65.00 (71.79)
[151/294]	1.159 (1.056)	65.00 (71.74)
[152/294]	0.783 (1.054)	80.00 (71.80)
[153/294]	0.389 (1.050)	95.00 (71.95)
[154/294]	0.755 (1.048)	75.00 (71.97)
[155/294]	0.534 (1.045)	85.00 (72.05)
[156/294]	0.334 (1.040)	100.00 (72.23)
[157/294]	0.292 (1.035)	100.00 (72.41)
[158/294]	0.289 (1.031)	100.00 (72.58)
[159/294]	0.263 (1.026)	100.00 (72.75)
[160/294]	0.350 (1.022)	90.00 (72.86)
[161/294]	0.279 (1.017)	100.00 (73.02)
[162/294]	0.376 (1.013)	90.00 (73.13)
[163/294]	0.364 (1.009)	90.00 (73.23)
[164/294]	0.226 (1.005)	100.00 (73.39)
[165/294]	0.454 (1.001)	90.00 (73.49)
[166/294]	0.401 (0.998)	95.00 (73.62)
[167/294]	0.309 (0.994)	95.00 (73.75)
[168/294]	0.448 (0.990)	90.00 (73.85)
[169/294]	0.322 (0.986)	95.00 (73.97)
[170/294]	0.193 (0.982)	100.00 (74.12)
[171/294]	0.187 (0.977)	100.00 (74.27)
[172/294]	0.201 (0.973)	100.00 (74.42)
[173/294]	0.196 (0.968)	100.00 (74.57)
[174/294]	0.191 (0.964)	100.00 (74.71)
[175/294]	0.169 (0.959)	100.00 (74.86)
[176/294]	0.291 (0.955)	95.00 (74.97)
[177/294]	0.370 (0.952)	90.00 (75.06)
[178/294]	0.196 (0.948)	100.00 (75.20)
[179/294]	0.202 (0.944)	100.00 (75.33)
[180/294]	0.283 (0.940)	95.00 (75.44)
[181/294]	0.398 (0.937)	90.00 (75.52)
[182/294]	0.926 (0.937)	75.00 (75.52)
[183/294]	0.147 (0.933)	100.00 (75.65)
[184/294]	0.160 (0.929)	100.00 (75.78)
[185/294]	0.149 (0.924)	100.00 (75.91)
[186/294]	0.256 (0.921)	95.00 (76.02)
[187/294]	0.564 (0.919)	85.00 (76.06)
[188/294]	0.164 (0.915)	100.00 (76.19)
[189/294]	0.278 (0.912)	95.00 (76.29)
[190/294]	0.174 (0.908)	100.00 (76.41)
[191/294]	0.154 (0.904)	100.00 (76.54)
[192/294]	0.155 (0.900)	100.00 (76.66)
[193/294]	0.161 (0.896)	100.00 (76.78)
[194/294]	0.201 (0.893)	100.00 (76.90)
[195/294]	0.273 (0.889)	95.00 (76.99)
[196/294]	1.490 (0.892)	50.00 (76.85)
[197/294]	0.401 (0.890)	80.00 (76.87)
[198/294]	0.210 (0.887)	95.00 (76.96)
[199/294]	0.146 (0.883)	100.00 (77.08)
[200/294]	0.207 (0.879)	100.00 (77.19)
[201/294]	0.226 (0.876)	95.00 (77.28)
[202/294]	0.170 (0.873)	100.00 (77.39)
[203/294]	0.233 (0.870)	95.00 (77.48)
[204/294]	1.296 (0.872)	70.00 (77.44)
[205/294]	0.464 (0.870)	90.00 (77.50)
[206/294]	0.162 (0.866)	100.00 (77.61)
[207/294]	0.422 (0.864)	95.00 (77.69)
[208/294]	0.277 (0.861)	100.00 (77.80)
[209/294]	0.200 (0.858)	100.00 (77.90)
[210/294]	0.243 (0.855)	100.00 (78.01)
[211/294]	1.104 (0.856)	75.00 (78.00)
[212/294]	0.566 (0.855)	80.00 (78.00)
[213/294]	0.433 (0.853)	90.00 (78.06)
[214/294]	0.294 (0.851)	100.00 (78.16)
[215/294]	0.260 (0.848)	100.00 (78.26)
[216/294]	1.021 (0.849)	70.00 (78.23)
[217/294]	1.053 (0.850)	60.00 (78.14)
[218/294]	0.332 (0.847)	95.00 (78.22)
[219/294]	0.388 (0.845)	90.00 (78.27)
[220/294]	0.333 (0.843)	95.00 (78.35)
[221/294]	0.234 (0.840)	100.00 (78.45)
[222/294]	0.283 (0.838)	95.00 (78.52)
[223/294]	0.488 (0.836)	85.00 (78.55)
[224/294]	0.220 (0.833)	100.00 (78.64)
[225/294]	0.686 (0.833)	95.00 (78.72)
[226/294]	0.844 (0.833)	90.00 (78.77)
[227/294]	0.215 (0.830)	100.00 (78.86)
[228/294]	0.341 (0.828)	100.00 (78.95)
[229/294]	0.279 (0.825)	100.00 (79.04)
[230/294]	0.210 (0.823)	100.00 (79.13)
[231/294]	0.202 (0.820)	100.00 (79.22)
[232/294]	0.304 (0.818)	95.00 (79.29)
[233/294]	0.225 (0.815)	100.00 (79.38)
[234/294]	0.524 (0.814)	95.00 (79.45)
[235/294]	0.225 (0.812)	100.00 (79.53)
[236/294]	0.186 (0.809)	100.00 (79.62)
[237/294]	0.215 (0.806)	100.00 (79.71)
[238/294]	0.490 (0.805)	75.00 (79.69)
[239/294]	0.278 (0.803)	100.00 (79.77)
[240/294]	0.198 (0.800)	100.00 (79.85)
[241/294]	0.449 (0.799)	80.00 (79.86)
[242/294]	0.711 (0.799)	60.00 (79.77)
[243/294]	0.362 (0.797)	90.00 (79.82)
[244/294]	0.246 (0.795)	100.00 (79.90)
[245/294]	0.152 (0.792)	100.00 (79.98)
[246/294]	0.155 (0.789)	100.00 (80.06)
[247/294]	0.214 (0.787)	95.00 (80.12)
[248/294]	0.165 (0.785)	100.00 (80.20)
[249/294]	0.153 (0.782)	100.00 (80.28)
[250/294]	0.155 (0.780)	100.00 (80.36)
[251/294]	0.148 (0.777)	100.00 (80.44)
[252/294]	0.139 (0.775)	100.00 (80.51)
[253/294]	0.160 (0.772)	100.00 (80.59)
[254/294]	0.137 (0.770)	100.00 (80.67)
[255/294]	0.129 (0.767)	100.00 (80.74)
[256/294]	0.126 (0.765)	100.00 (80.82)
[257/294]	0.124 (0.762)	100.00 (80.89)
[258/294]	0.124 (0.760)	100.00 (80.97)
[259/294]	0.464 (0.759)	90.00 (81.00)
[260/294]	0.201 (0.756)	95.00 (81.05)
[261/294]	0.696 (0.756)	75.00 (81.03)
[262/294]	0.109 (0.754)	100.00 (81.10)
[263/294]	0.116 (0.751)	100.00 (81.17)
[264/294]	0.178 (0.749)	100.00 (81.25)
[265/294]	0.131 (0.747)	100.00 (81.32)
[266/294]	0.159 (0.745)	100.00 (81.39)
[267/294]	0.200 (0.743)	100.00 (81.46)
[268/294]	0.590 (0.742)	95.00 (81.51)
[269/294]	0.331 (0.740)	95.00 (81.56)
[270/294]	0.260 (0.739)	95.00 (81.61)
[271/294]	0.158 (0.737)	100.00 (81.67)
[272/294]	0.203 (0.735)	95.00 (81.72)
[273/294]	0.110 (0.732)	100.00 (81.79)
[274/294]	0.120 (0.730)	100.00 (81.85)
[275/294]	0.157 (0.728)	100.00 (81.92)
[276/294]	0.610 (0.728)	60.00 (81.84)
[277/294]	0.322 (0.726)	90.00 (81.87)
[278/294]	0.233 (0.724)	95.00 (81.92)
[279/294]	0.146 (0.722)	100.00 (81.98)
[280/294]	0.134 (0.720)	100.00 (82.05)
[281/294]	0.218 (0.718)	95.00 (82.09)
[282/294]	0.173 (0.717)	100.00 (82.16)
[283/294]	0.228 (0.715)	95.00 (82.20)
[284/294]	0.304 (0.713)	95.00 (82.25)
[285/294]	0.150 (0.711)	100.00 (82.31)
[286/294]	0.154 (0.709)	100.00 (82.37)
[287/294]	0.117 (0.707)	100.00 (82.43)
[288/294]	0.140 (0.705)	100.00 (82.49)
[289/294]	0.117 (0.703)	100.00 (82.55)
[290/294]	0.122 (0.701)	100.00 (82.61)
[291/294]	0.130 (0.699)	100.00 (82.67)
[292/294]	0.106 (0.697)	100.00 (82.73)
[293/294]	0.104 (0.695)	100.00 (82.79)
 * Train Acc: 82.789
 * Avg. Data time: 0.004, Avg. Batch time: 0.064, Avg. Forward time: 0.004, Avg. Backward time: 0.050
Computing SI
 * Val Acc: 28.892, Time: 2.29
 * Test Acc: 31.321, Time: 4.92
=============Training Task 3=============
Active output nodes for this task: 
[0, 1, 2, 3, 4, 5, 6, 7]
=============Training Epoch 0=============
#reg terms:  1
Batch	 Loss		 Acc
[0/294]	7.744 (7.744)	0.00 (0.00)
[1/294]	5.930 (6.837)	0.00 (0.00)
[2/294]	5.321 (6.331)	0.00 (0.00)
[3/294]	4.419 (5.853)	0.00 (0.00)
[4/294]	4.326 (5.548)	0.00 (0.00)
[5/294]	4.315 (5.342)	0.00 (0.00)
[6/294]	4.160 (5.173)	0.00 (0.00)
[7/294]	4.142 (5.044)	0.00 (0.00)
[8/294]	4.075 (4.937)	0.00 (0.00)
[9/294]	4.032 (4.846)	0.00 (0.00)
[10/294]	3.908 (4.761)	0.00 (0.00)
[11/294]	3.816 (4.682)	0.00 (0.00)
[12/294]	3.696 (4.606)	0.00 (0.00)
[13/294]	3.520 (4.529)	35.00 (2.50)
[14/294]	3.274 (4.445)	50.00 (5.67)
[15/294]	2.894 (4.348)	50.00 (8.44)
[16/294]	2.445 (4.236)	50.00 (10.88)
[17/294]	2.292 (4.128)	50.00 (13.06)
[18/294]	2.014 (4.017)	40.00 (14.47)
[19/294]	2.169 (3.925)	50.00 (16.25)
[20/294]	2.076 (3.836)	50.00 (17.86)
[21/294]	1.797 (3.744)	50.00 (19.32)
[22/294]	1.663 (3.653)	50.00 (20.65)
[23/294]	1.472 (3.562)	75.00 (22.92)
[24/294]	1.610 (3.484)	50.00 (24.00)
[25/294]	1.492 (3.408)	50.00 (25.00)
[26/294]	1.429 (3.334)	50.00 (25.93)
[27/294]	1.467 (3.268)	50.00 (26.79)
[28/294]	1.221 (3.197)	50.00 (27.59)
[29/294]	1.173 (3.130)	80.00 (29.33)
[30/294]	1.117 (3.065)	80.00 (30.97)
[31/294]	1.068 (3.002)	60.00 (31.88)
[32/294]	1.300 (2.951)	60.00 (32.73)
[33/294]	1.002 (2.893)	85.00 (34.26)
[34/294]	1.333 (2.849)	50.00 (34.71)
[35/294]	0.835 (2.793)	80.00 (35.97)
[36/294]	0.789 (2.739)	70.00 (36.89)
[37/294]	0.661 (2.684)	100.00 (38.55)
[38/294]	1.009 (2.641)	50.00 (38.85)
[39/294]	0.854 (2.596)	65.00 (39.50)
[40/294]	0.643 (2.549)	95.00 (40.85)
[41/294]	0.892 (2.509)	75.00 (41.67)
[42/294]	1.449 (2.485)	50.00 (41.86)
[43/294]	0.916 (2.449)	60.00 (42.27)
[44/294]	0.862 (2.414)	75.00 (43.00)
[45/294]	0.448 (2.371)	100.00 (44.24)
[46/294]	0.474 (2.331)	95.00 (45.32)
[47/294]	1.038 (2.304)	80.00 (46.04)
[48/294]	0.614 (2.269)	85.00 (46.84)
[49/294]	1.935 (2.263)	10.00 (46.10)
[50/294]	1.054 (2.239)	65.00 (46.47)
[51/294]	0.906 (2.213)	55.00 (46.63)
[52/294]	0.878 (2.188)	50.00 (46.70)
[53/294]	1.807 (2.181)	65.00 (47.04)
[54/294]	0.620 (2.153)	85.00 (47.73)
[55/294]	0.515 (2.123)	100.00 (48.66)
[56/294]	0.498 (2.095)	100.00 (49.56)
[57/294]	1.050 (2.077)	70.00 (49.91)
[58/294]	1.208 (2.062)	70.00 (50.25)
[59/294]	0.428 (2.035)	100.00 (51.08)
[60/294]	1.379 (2.024)	55.00 (51.15)
[61/294]	0.857 (2.005)	60.00 (51.29)
[62/294]	0.559 (1.982)	100.00 (52.06)
[63/294]	0.638 (1.961)	100.00 (52.81)
[64/294]	0.555 (1.940)	95.00 (53.46)
[65/294]	0.548 (1.919)	95.00 (54.09)
[66/294]	0.671 (1.900)	95.00 (54.70)
[67/294]	0.515 (1.880)	100.00 (55.37)
[68/294]	0.586 (1.861)	95.00 (55.94)
[69/294]	0.507 (1.842)	95.00 (56.50)
[70/294]	0.692 (1.825)	85.00 (56.90)
[71/294]	1.685 (1.823)	60.00 (56.94)
[72/294]	1.844 (1.824)	60.00 (56.99)
[73/294]	1.516 (1.820)	60.00 (57.03)
[74/294]	5.986 (1.875)	60.00 (57.07)
[75/294]	2.239 (1.880)	30.00 (56.71)
[76/294]	2.091 (1.883)	50.00 (56.62)
[77/294]	2.133 (1.886)	50.00 (56.54)
[78/294]	2.242 (1.890)	50.00 (56.46)
[79/294]	1.990 (1.892)	50.00 (56.38)
[80/294]	1.885 (1.892)	55.00 (56.36)
[81/294]	2.084 (1.894)	55.00 (56.34)
[82/294]	2.052 (1.896)	55.00 (56.33)
[83/294]	2.371 (1.901)	50.00 (56.25)
[84/294]	1.955 (1.902)	60.00 (56.29)
[85/294]	1.543 (1.898)	90.00 (56.69)
[86/294]	1.604 (1.894)	75.00 (56.90)
[87/294]	1.785 (1.893)	60.00 (56.93)
[88/294]	1.547 (1.889)	95.00 (57.36)
[89/294]	1.490 (1.885)	80.00 (57.61)
[90/294]	1.649 (1.882)	65.00 (57.69)
[91/294]	1.355 (1.877)	85.00 (57.99)
[92/294]	1.331 (1.871)	80.00 (58.23)
[93/294]	1.262 (1.864)	90.00 (58.56)
[94/294]	1.107 (1.856)	90.00 (58.89)
[95/294]	1.609 (1.854)	65.00 (58.96)
[96/294]	1.220 (1.847)	85.00 (59.23)
[97/294]	1.023 (1.839)	95.00 (59.59)
[98/294]	1.040 (1.831)	85.00 (59.85)
[99/294]	1.311 (1.826)	70.00 (59.95)
[100/294]	1.000 (1.817)	90.00 (60.25)
[101/294]	0.976 (1.809)	95.00 (60.59)
[102/294]	0.983 (1.801)	85.00 (60.83)
[103/294]	1.128 (1.795)	80.00 (61.01)
[104/294]	0.691 (1.784)	100.00 (61.38)
[105/294]	1.164 (1.778)	75.00 (61.51)
[106/294]	0.853 (1.770)	95.00 (61.82)
[107/294]	0.635 (1.759)	100.00 (62.18)
[108/294]	0.587 (1.748)	100.00 (62.52)
[109/294]	0.710 (1.739)	100.00 (62.86)
[110/294]	0.642 (1.729)	100.00 (63.20)
[111/294]	0.595 (1.719)	100.00 (63.53)
[112/294]	0.590 (1.709)	100.00 (63.85)
[113/294]	0.563 (1.699)	100.00 (64.17)
[114/294]	0.572 (1.689)	100.00 (64.48)
[115/294]	1.394 (1.686)	65.00 (64.48)
[116/294]	0.541 (1.677)	95.00 (64.74)
[117/294]	0.462 (1.666)	100.00 (65.04)
[118/294]	0.888 (1.660)	80.00 (65.17)
[119/294]	0.424 (1.650)	100.00 (65.46)
[120/294]	0.509 (1.640)	95.00 (65.70)
[121/294]	0.709 (1.633)	95.00 (65.94)
[122/294]	0.568 (1.624)	95.00 (66.18)
[123/294]	0.637 (1.616)	90.00 (66.37)
[124/294]	0.488 (1.607)	95.00 (66.60)
[125/294]	0.526 (1.598)	90.00 (66.79)
[126/294]	1.061 (1.594)	65.00 (66.77)
[127/294]	0.770 (1.588)	85.00 (66.91)
[128/294]	0.598 (1.580)	95.00 (67.13)
[129/294]	0.847 (1.574)	80.00 (67.23)
[130/294]	0.637 (1.567)	90.00 (67.40)
[131/294]	0.576 (1.560)	100.00 (67.65)
[132/294]	0.519 (1.552)	95.00 (67.86)
[133/294]	2.562 (1.559)	50.00 (67.72)
[134/294]	0.619 (1.552)	95.00 (67.93)
[135/294]	1.109 (1.549)	60.00 (67.87)
[136/294]	1.259 (1.547)	60.00 (67.81)
[137/294]	0.758 (1.541)	85.00 (67.93)
[138/294]	0.480 (1.534)	100.00 (68.17)
[139/294]	0.463 (1.526)	100.00 (68.39)
[140/294]	0.978 (1.522)	70.00 (68.40)
[141/294]	0.543 (1.515)	100.00 (68.63)
[142/294]	0.517 (1.508)	95.00 (68.81)
[143/294]	0.526 (1.501)	95.00 (68.99)
[144/294]	0.656 (1.496)	85.00 (69.10)
[145/294]	0.431 (1.488)	100.00 (69.32)
[146/294]	0.441 (1.481)	100.00 (69.52)
[147/294]	0.404 (1.474)	100.00 (69.73)
[148/294]	0.552 (1.468)	90.00 (69.87)
[149/294]	0.422 (1.461)	100.00 (70.07)
[150/294]	0.507 (1.454)	90.00 (70.20)
[151/294]	0.309 (1.447)	100.00 (70.39)
[152/294]	0.322 (1.440)	100.00 (70.59)
[153/294]	0.811 (1.435)	70.00 (70.58)
[154/294]	0.310 (1.428)	100.00 (70.77)
[155/294]	0.322 (1.421)	100.00 (70.96)
[156/294]	0.405 (1.415)	95.00 (71.11)
[157/294]	0.354 (1.408)	100.00 (71.30)
[158/294]	0.389 (1.402)	95.00 (71.45)
[159/294]	0.728 (1.397)	80.00 (71.50)
[160/294]	0.602 (1.392)	90.00 (71.61)
[161/294]	0.353 (1.386)	95.00 (71.76)
[162/294]	0.716 (1.382)	80.00 (71.81)
[163/294]	0.680 (1.378)	90.00 (71.92)
[164/294]	0.969 (1.375)	70.00 (71.91)
[165/294]	0.440 (1.369)	95.00 (72.05)
[166/294]	0.365 (1.363)	100.00 (72.22)
[167/294]	0.345 (1.357)	100.00 (72.38)
[168/294]	0.452 (1.352)	100.00 (72.54)
[169/294]	0.362 (1.346)	95.00 (72.68)
[170/294]	0.254 (1.340)	100.00 (72.84)
[171/294]	0.281 (1.334)	100.00 (72.99)
[172/294]	1.018 (1.332)	65.00 (72.95)
[173/294]	0.678 (1.328)	75.00 (72.96)
[174/294]	0.248 (1.322)	100.00 (73.11)
[175/294]	0.701 (1.318)	80.00 (73.15)
[176/294]	0.910 (1.316)	70.00 (73.14)
[177/294]	0.693 (1.313)	70.00 (73.12)
[178/294]	0.315 (1.307)	100.00 (73.27)
[179/294]	1.380 (1.307)	70.00 (73.25)
[180/294]	0.545 (1.303)	90.00 (73.34)
[181/294]	0.325 (1.298)	100.00 (73.49)
[182/294]	0.373 (1.293)	100.00 (73.63)
[183/294]	0.780 (1.290)	85.00 (73.70)
[184/294]	1.060 (1.289)	70.00 (73.68)
[185/294]	1.784 (1.291)	50.00 (73.55)
[186/294]	0.843 (1.289)	90.00 (73.64)
[187/294]	0.642 (1.286)	95.00 (73.75)
[188/294]	0.574 (1.282)	95.00 (73.86)
[189/294]	0.755 (1.279)	80.00 (73.89)
[190/294]	0.651 (1.276)	95.00 (74.01)
[191/294]	0.626 (1.272)	90.00 (74.09)
[192/294]	0.399 (1.268)	100.00 (74.22)
[193/294]	0.877 (1.266)	70.00 (74.20)
[194/294]	0.674 (1.263)	80.00 (74.23)
[195/294]	0.352 (1.258)	100.00 (74.36)
[196/294]	0.340 (1.253)	100.00 (74.49)
[197/294]	0.368 (1.249)	100.00 (74.62)
[198/294]	0.392 (1.245)	100.00 (74.75)
[199/294]	0.747 (1.242)	80.00 (74.78)
[200/294]	0.702 (1.240)	80.00 (74.80)
[201/294]	0.833 (1.237)	80.00 (74.83)
[202/294]	0.433 (1.234)	95.00 (74.93)
[203/294]	0.407 (1.229)	100.00 (75.05)
[204/294]	0.311 (1.225)	100.00 (75.17)
[205/294]	0.307 (1.221)	100.00 (75.29)
[206/294]	0.993 (1.219)	70.00 (75.27)
[207/294]	0.417 (1.216)	90.00 (75.34)
[208/294]	0.305 (1.211)	100.00 (75.45)
[209/294]	0.304 (1.207)	100.00 (75.57)
[210/294]	0.342 (1.203)	100.00 (75.69)
[211/294]	0.413 (1.199)	95.00 (75.78)
[212/294]	0.731 (1.197)	85.00 (75.82)
[213/294]	0.492 (1.194)	90.00 (75.89)
[214/294]	0.481 (1.190)	90.00 (75.95)
[215/294]	0.262 (1.186)	100.00 (76.06)
[216/294]	1.085 (1.186)	90.00 (76.13)
[217/294]	0.251 (1.181)	100.00 (76.24)
[218/294]	0.260 (1.177)	100.00 (76.35)
[219/294]	0.413 (1.174)	95.00 (76.43)
[220/294]	0.241 (1.169)	100.00 (76.54)
[221/294]	0.287 (1.165)	95.00 (76.62)
[222/294]	0.312 (1.162)	100.00 (76.73)
[223/294]	0.364 (1.158)	95.00 (76.81)
[224/294]	0.265 (1.154)	100.00 (76.91)
[225/294]	0.240 (1.150)	100.00 (77.01)
[226/294]	0.307 (1.146)	95.00 (77.09)
[227/294]	0.214 (1.142)	100.00 (77.19)
[228/294]	0.352 (1.139)	100.00 (77.29)
[229/294]	0.323 (1.135)	95.00 (77.37)
[230/294]	0.289 (1.131)	100.00 (77.47)
[231/294]	0.253 (1.128)	95.00 (77.54)
[232/294]	0.300 (1.124)	95.00 (77.62)
[233/294]	0.353 (1.121)	90.00 (77.67)
[234/294]	0.551 (1.118)	85.00 (77.70)
[235/294]	0.304 (1.115)	95.00 (77.78)
[236/294]	0.344 (1.112)	90.00 (77.83)
[237/294]	0.183 (1.108)	100.00 (77.92)
[238/294]	0.843 (1.107)	65.00 (77.87)
[239/294]	0.534 (1.104)	80.00 (77.88)
[240/294]	0.234 (1.101)	100.00 (77.97)
[241/294]	0.436 (1.098)	90.00 (78.02)
[242/294]	0.303 (1.095)	100.00 (78.11)
[243/294]	0.402 (1.092)	90.00 (78.16)
[244/294]	0.591 (1.090)	95.00 (78.22)
[245/294]	0.367 (1.087)	95.00 (78.29)
[246/294]	0.252 (1.083)	100.00 (78.38)
[247/294]	0.325 (1.080)	95.00 (78.45)
[248/294]	0.288 (1.077)	100.00 (78.53)
[249/294]	0.307 (1.074)	100.00 (78.62)
[250/294]	0.574 (1.072)	80.00 (78.63)
[251/294]	1.853 (1.075)	65.00 (78.57)
[252/294]	0.235 (1.072)	100.00 (78.66)
[253/294]	0.395 (1.069)	95.00 (78.72)
[254/294]	0.900 (1.069)	65.00 (78.67)
[255/294]	0.722 (1.067)	75.00 (78.65)
[256/294]	0.714 (1.066)	80.00 (78.66)
[257/294]	0.293 (1.063)	100.00 (78.74)
[258/294]	0.313 (1.060)	100.00 (78.82)
[259/294]	0.874 (1.059)	65.00 (78.77)
[260/294]	0.457 (1.057)	95.00 (78.83)
[261/294]	0.329 (1.054)	100.00 (78.91)
[262/294]	0.435 (1.052)	95.00 (78.97)
[263/294]	0.339 (1.049)	100.00 (79.05)
[264/294]	0.538 (1.047)	80.00 (79.06)
[265/294]	0.793 (1.046)	70.00 (79.02)
[266/294]	0.460 (1.044)	100.00 (79.10)
[267/294]	0.443 (1.042)	100.00 (79.18)
[268/294]	0.628 (1.040)	80.00 (79.18)
[269/294]	1.010 (1.040)	70.00 (79.15)
[270/294]	0.468 (1.038)	90.00 (79.19)
[271/294]	0.317 (1.035)	100.00 (79.26)
[272/294]	0.574 (1.034)	90.00 (79.30)
[273/294]	0.410 (1.031)	95.00 (79.36)
[274/294]	0.354 (1.029)	100.00 (79.44)
[275/294]	0.331 (1.026)	100.00 (79.51)
[276/294]	0.480 (1.024)	90.00 (79.55)
[277/294]	0.785 (1.024)	95.00 (79.60)
[278/294]	0.320 (1.021)	100.00 (79.68)
[279/294]	0.522 (1.019)	90.00 (79.71)
[280/294]	0.427 (1.017)	95.00 (79.77)
[281/294]	0.417 (1.015)	90.00 (79.80)
[282/294]	0.322 (1.013)	100.00 (79.88)
[283/294]	0.382 (1.010)	95.00 (79.93)
[284/294]	0.278 (1.008)	100.00 (80.00)
[285/294]	0.330 (1.005)	100.00 (80.07)
[286/294]	0.399 (1.003)	90.00 (80.10)
[287/294]	0.330 (1.001)	100.00 (80.17)
[288/294]	0.254 (0.998)	100.00 (80.24)
[289/294]	0.469 (0.997)	90.00 (80.28)
[290/294]	0.878 (0.996)	65.00 (80.22)
[291/294]	0.479 (0.994)	85.00 (80.24)
[292/294]	0.260 (0.992)	95.00 (80.29)
[293/294]	0.221 (0.989)	100.00 (80.36)
 * Train Acc: 80.357
 * Avg. Data time: 0.009, Avg. Batch time: 0.066, Avg. Forward time: 0.004, Avg. Backward time: 0.046
Computing SI
 * Val Acc: 28.315, Time: 4.36
 * Test Acc: 27.471, Time: 8.42
=============Training Task 4=============
Active output nodes for this task: 
[0, 1, 2, 3, 4, 5, 6, 7, 8, 9]
=============Training Epoch 0=============
#reg terms:  1
Batch	 Loss		 Acc
[0/294]	13.669 (13.669)	0.00 (0.00)
[1/294]	12.102 (12.886)	0.00 (0.00)
[2/294]	7.171 (10.981)	0.00 (0.00)
[3/294]	9.109 (10.513)	0.00 (0.00)
[4/294]	22.768 (12.964)	0.00 (0.00)
[5/294]	102.373 (27.865)	0.00 (0.00)
[6/294]	499.868 (95.294)	0.00 (0.00)
[7/294]	2496.397 (395.432)	0.00 (0.00)
[8/294]	12454.163 (1735.291)	0.00 (0.00)
[9/294]	62168.984 (7778.661)	0.00 (0.00)
[10/294]	310169.312 (35268.718)	0.00 (0.00)
[11/294]	1547302.375 (161271.533)	0.00 (0.00)
[12/294]	7718701.500 (742612.308)	0.00 (0.00)
[13/294]	38504572.000 (3439895.314)	0.00 (0.00)
[14/294]	192079056.000 (16015839.573)	50.00 (3.33)
[15/294]	958181696.000 (74901203.200)	50.00 (6.25)
[16/294]	4779865600.000 (351663814.776)	50.00 (8.82)
[17/294]	23844245504.000 (1656807241.956)	50.00 (11.11)
[18/294]	118946447360.000 (7829946023.074)	50.00 (13.16)
[19/294]	593361567744.000 (37106527764.480)	60.00 (15.50)
[20/294]	2959971188736.000 (176290551749.486)	50.00 (17.14)
[21/294]	14765745242112.000 (839447544999.564)	50.00 (18.64)
[22/294]	73658563297280.000 (4005495837135.026)	50.00 (20.00)
[23/294]	367443880968192.000 (19148762723123.199)	50.00 (21.25)
[24/294]	1832984533532672.000 (91702190334279.688)	50.00 (22.40)
[25/294]	2279157070359198433280.000 (87659977176980963328.000)	50.00 (23.46)
[26/294]	nan (nan)	5.00 (22.78)
[27/294]	nan (nan)	0.00 (21.96)
[28/294]	nan (nan)	0.00 (21.21)
[29/294]	nan (nan)	0.00 (20.50)
[30/294]	nan (nan)	0.00 (19.84)
[31/294]	nan (nan)	0.00 (19.22)
[32/294]	nan (nan)	0.00 (18.64)
[33/294]	nan (nan)	0.00 (18.09)
[34/294]	nan (nan)	0.00 (17.57)
[35/294]	nan (nan)	0.00 (17.08)
[36/294]	nan (nan)	0.00 (16.62)
[37/294]	nan (nan)	0.00 (16.18)
[38/294]	nan (nan)	0.00 (15.77)
[39/294]	nan (nan)	0.00 (15.38)
[40/294]	nan (nan)	0.00 (15.00)
[41/294]	nan (nan)	0.00 (14.64)
[42/294]	nan (nan)	0.00 (14.30)
[43/294]	nan (nan)	0.00 (13.98)
[44/294]	nan (nan)	0.00 (13.67)
[45/294]	nan (nan)	0.00 (13.37)
[46/294]	nan (nan)	0.00 (13.09)
[47/294]	nan (nan)	0.00 (12.81)
[48/294]	nan (nan)	0.00 (12.55)
[49/294]	nan (nan)	0.00 (12.30)
[50/294]	nan (nan)	0.00 (12.06)
[51/294]	nan (nan)	0.00 (11.83)
[52/294]	nan (nan)	0.00 (11.60)
[53/294]	nan (nan)	0.00 (11.39)
[54/294]	nan (nan)	0.00 (11.18)
[55/294]	nan (nan)	0.00 (10.98)
[56/294]	nan (nan)	0.00 (10.79)
[57/294]	nan (nan)	0.00 (10.60)
[58/294]	nan (nan)	0.00 (10.42)
[59/294]	nan (nan)	0.00 (10.25)
[60/294]	nan (nan)	0.00 (10.08)
[61/294]	nan (nan)	0.00 (9.92)
[62/294]	nan (nan)	0.00 (9.76)
[63/294]	nan (nan)	0.00 (9.61)
[64/294]	nan (nan)	0.00 (9.46)
[65/294]	nan (nan)	0.00 (9.32)
[66/294]	nan (nan)	0.00 (9.18)
[67/294]	nan (nan)	0.00 (9.04)
[68/294]	nan (nan)	0.00 (8.91)
[69/294]	nan (nan)	0.00 (8.79)
[70/294]	nan (nan)	0.00 (8.66)
[71/294]	nan (nan)	0.00 (8.54)
[72/294]	nan (nan)	0.00 (8.42)
[73/294]	nan (nan)	0.00 (8.31)
[74/294]	nan (nan)	0.00 (8.20)
[75/294]	nan (nan)	0.00 (8.09)
[76/294]	nan (nan)	0.00 (7.99)
[77/294]	nan (nan)	0.00 (7.88)
[78/294]	nan (nan)	0.00 (7.78)
[79/294]	nan (nan)	0.00 (7.69)
[80/294]	nan (nan)	0.00 (7.59)
[81/294]	nan (nan)	0.00 (7.50)
[82/294]	nan (nan)	0.00 (7.41)
[83/294]	nan (nan)	0.00 (7.32)
[84/294]	nan (nan)	0.00 (7.24)
[85/294]	nan (nan)	0.00 (7.15)
[86/294]	nan (nan)	0.00 (7.07)
[87/294]	nan (nan)	0.00 (6.99)
[88/294]	nan (nan)	0.00 (6.91)
[89/294]	nan (nan)	0.00 (6.83)
[90/294]	nan (nan)	0.00 (6.76)
[91/294]	nan (nan)	0.00 (6.68)
[92/294]	nan (nan)	0.00 (6.61)
[93/294]	nan (nan)	0.00 (6.54)
[94/294]	nan (nan)	0.00 (6.47)
[95/294]	nan (nan)	0.00 (6.41)
[96/294]	nan (nan)	0.00 (6.34)
[97/294]	nan (nan)	0.00 (6.28)
[98/294]	nan (nan)	0.00 (6.21)
[99/294]	nan (nan)	0.00 (6.15)
[100/294]	nan (nan)	0.00 (6.09)
[101/294]	nan (nan)	0.00 (6.03)
[102/294]	nan (nan)	0.00 (5.97)
[103/294]	nan (nan)	0.00 (5.91)
[104/294]	nan (nan)	0.00 (5.86)
[105/294]	nan (nan)	0.00 (5.80)
[106/294]	nan (nan)	0.00 (5.75)
[107/294]	nan (nan)	0.00 (5.69)
[108/294]	nan (nan)	0.00 (5.64)
[109/294]	nan (nan)	0.00 (5.59)
[110/294]	nan (nan)	0.00 (5.54)
[111/294]	nan (nan)	0.00 (5.49)
[112/294]	nan (nan)	0.00 (5.44)
[113/294]	nan (nan)	0.00 (5.39)
[114/294]	nan (nan)	0.00 (5.35)
[115/294]	nan (nan)	0.00 (5.30)
[116/294]	nan (nan)	0.00 (5.26)
[117/294]	nan (nan)	0.00 (5.21)
[118/294]	nan (nan)	0.00 (5.17)
[119/294]	nan (nan)	0.00 (5.12)
[120/294]	nan (nan)	0.00 (5.08)
[121/294]	nan (nan)	0.00 (5.04)
[122/294]	nan (nan)	0.00 (5.00)
[123/294]	nan (nan)	0.00 (4.96)
[124/294]	nan (nan)	0.00 (4.92)
[125/294]	nan (nan)	0.00 (4.88)
[126/294]	nan (nan)	0.00 (4.84)
[127/294]	nan (nan)	0.00 (4.80)
[128/294]	nan (nan)	0.00 (4.77)
[129/294]	nan (nan)	0.00 (4.73)
[130/294]	nan (nan)	0.00 (4.69)
[131/294]	nan (nan)	0.00 (4.66)
[132/294]	nan (nan)	0.00 (4.62)
[133/294]	nan (nan)	0.00 (4.59)
[134/294]	nan (nan)	0.00 (4.56)
[135/294]	nan (nan)	0.00 (4.52)
[136/294]	nan (nan)	0.00 (4.49)
[137/294]	nan (nan)	0.00 (4.46)
[138/294]	nan (nan)	0.00 (4.42)
[139/294]	nan (nan)	0.00 (4.39)
[140/294]	nan (nan)	0.00 (4.36)
[141/294]	nan (nan)	0.00 (4.33)
[142/294]	nan (nan)	0.00 (4.30)
[143/294]	nan (nan)	0.00 (4.27)
[144/294]	nan (nan)	0.00 (4.24)
[145/294]	nan (nan)	0.00 (4.21)
[146/294]	nan (nan)	0.00 (4.18)
[147/294]	nan (nan)	0.00 (4.16)
[148/294]	nan (nan)	0.00 (4.13)
[149/294]	nan (nan)	0.00 (4.10)
[150/294]	nan (nan)	0.00 (4.07)
[151/294]	nan (nan)	0.00 (4.05)
[152/294]	nan (nan)	0.00 (4.02)
[153/294]	nan (nan)	0.00 (3.99)
[154/294]	nan (nan)	0.00 (3.97)
[155/294]	nan (nan)	0.00 (3.94)
[156/294]	nan (nan)	0.00 (3.92)
[157/294]	nan (nan)	0.00 (3.89)
[158/294]	nan (nan)	0.00 (3.87)
[159/294]	nan (nan)	0.00 (3.84)
[160/294]	nan (nan)	0.00 (3.82)
[161/294]	nan (nan)	0.00 (3.80)
[162/294]	nan (nan)	0.00 (3.77)
[163/294]	nan (nan)	0.00 (3.75)
[164/294]	nan (nan)	0.00 (3.73)
[165/294]	nan (nan)	0.00 (3.70)
[166/294]	nan (nan)	0.00 (3.68)
[167/294]	nan (nan)	0.00 (3.66)
[168/294]	nan (nan)	0.00 (3.64)
[169/294]	nan (nan)	0.00 (3.62)
[170/294]	nan (nan)	0.00 (3.60)
[171/294]	nan (nan)	0.00 (3.58)
[172/294]	nan (nan)	0.00 (3.55)
[173/294]	nan (nan)	0.00 (3.53)
[174/294]	nan (nan)	0.00 (3.51)
[175/294]	nan (nan)	0.00 (3.49)
[176/294]	nan (nan)	0.00 (3.47)
[177/294]	nan (nan)	0.00 (3.46)
[178/294]	nan (nan)	0.00 (3.44)
[179/294]	nan (nan)	0.00 (3.42)
[180/294]	nan (nan)	0.00 (3.40)
[181/294]	nan (nan)	0.00 (3.38)
[182/294]	nan (nan)	0.00 (3.36)
[183/294]	nan (nan)	0.00 (3.34)
[184/294]	nan (nan)	0.00 (3.32)
[185/294]	nan (nan)	0.00 (3.31)
[186/294]	nan (nan)	0.00 (3.29)
[187/294]	nan (nan)	0.00 (3.27)
[188/294]	nan (nan)	0.00 (3.25)
[189/294]	nan (nan)	0.00 (3.24)
[190/294]	nan (nan)	0.00 (3.22)
[191/294]	nan (nan)	0.00 (3.20)
[192/294]	nan (nan)	0.00 (3.19)
[193/294]	nan (nan)	0.00 (3.17)
[194/294]	nan (nan)	0.00 (3.15)
[195/294]	nan (nan)	0.00 (3.14)
[196/294]	nan (nan)	0.00 (3.12)
[197/294]	nan (nan)	0.00 (3.11)
[198/294]	nan (nan)	0.00 (3.09)
[199/294]	nan (nan)	0.00 (3.08)
[200/294]	nan (nan)	0.00 (3.06)
[201/294]	nan (nan)	0.00 (3.04)
[202/294]	nan (nan)	0.00 (3.03)
[203/294]	nan (nan)	0.00 (3.01)
[204/294]	nan (nan)	0.00 (3.00)
[205/294]	nan (nan)	0.00 (2.99)
[206/294]	nan (nan)	0.00 (2.97)
[207/294]	nan (nan)	0.00 (2.96)
[208/294]	nan (nan)	0.00 (2.94)
[209/294]	nan (nan)	0.00 (2.93)
[210/294]	nan (nan)	0.00 (2.91)
[211/294]	nan (nan)	0.00 (2.90)
[212/294]	nan (nan)	0.00 (2.89)
[213/294]	nan (nan)	0.00 (2.87)
[214/294]	nan (nan)	0.00 (2.86)
[215/294]	nan (nan)	0.00 (2.85)
[216/294]	nan (nan)	0.00 (2.83)
[217/294]	nan (nan)	0.00 (2.82)
[218/294]	nan (nan)	0.00 (2.81)
[219/294]	nan (nan)	0.00 (2.80)
[220/294]	nan (nan)	0.00 (2.78)
[221/294]	nan (nan)	0.00 (2.77)
[222/294]	nan (nan)	0.00 (2.76)
[223/294]	nan (nan)	0.00 (2.75)
[224/294]	nan (nan)	0.00 (2.73)
[225/294]	nan (nan)	0.00 (2.72)
[226/294]	nan (nan)	0.00 (2.71)
[227/294]	nan (nan)	0.00 (2.70)
[228/294]	nan (nan)	0.00 (2.69)
[229/294]	nan (nan)	0.00 (2.67)
[230/294]	nan (nan)	0.00 (2.66)
[231/294]	nan (nan)	0.00 (2.65)
[232/294]	nan (nan)	0.00 (2.64)
[233/294]	nan (nan)	0.00 (2.63)
[234/294]	nan (nan)	0.00 (2.62)
[235/294]	nan (nan)	0.00 (2.61)
[236/294]	nan (nan)	0.00 (2.59)
[237/294]	nan (nan)	0.00 (2.58)
[238/294]	nan (nan)	0.00 (2.57)
[239/294]	nan (nan)	0.00 (2.56)
[240/294]	nan (nan)	0.00 (2.55)
[241/294]	nan (nan)	0.00 (2.54)
[242/294]	nan (nan)	0.00 (2.53)
[243/294]	nan (nan)	0.00 (2.52)
[244/294]	nan (nan)	0.00 (2.51)
[245/294]	nan (nan)	0.00 (2.50)
[246/294]	nan (nan)	0.00 (2.49)
[247/294]	nan (nan)	0.00 (2.48)
[248/294]	nan (nan)	0.00 (2.47)
[249/294]	nan (nan)	0.00 (2.46)
[250/294]	nan (nan)	0.00 (2.45)
[251/294]	nan (nan)	0.00 (2.44)
[252/294]	nan (nan)	0.00 (2.43)
[253/294]	nan (nan)	0.00 (2.42)
[254/294]	nan (nan)	0.00 (2.41)
[255/294]	nan (nan)	0.00 (2.40)
[256/294]	nan (nan)	0.00 (2.39)
[257/294]	nan (nan)	0.00 (2.38)
[258/294]	nan (nan)	0.00 (2.37)
[259/294]	nan (nan)	0.00 (2.37)
[260/294]	nan (nan)	0.00 (2.36)
[261/294]	nan (nan)	0.00 (2.35)
[262/294]	nan (nan)	0.00 (2.34)
[263/294]	nan (nan)	0.00 (2.33)
[264/294]	nan (nan)	0.00 (2.32)
[265/294]	nan (nan)	0.00 (2.31)
[266/294]	nan (nan)	0.00 (2.30)
[267/294]	nan (nan)	0.00 (2.29)
[268/294]	nan (nan)	0.00 (2.29)
[269/294]	nan (nan)	0.00 (2.28)
[270/294]	nan (nan)	0.00 (2.27)
[271/294]	nan (nan)	0.00 (2.26)
[272/294]	nan (nan)	0.00 (2.25)
[273/294]	nan (nan)	0.00 (2.24)
[274/294]	nan (nan)	0.00 (2.24)
[275/294]	nan (nan)	0.00 (2.23)
[276/294]	nan (nan)	0.00 (2.22)
[277/294]	nan (nan)	0.00 (2.21)
[278/294]	nan (nan)	0.00 (2.20)
[279/294]	nan (nan)	0.00 (2.20)
[280/294]	nan (nan)	0.00 (2.19)
[281/294]	nan (nan)	0.00 (2.18)
[282/294]	nan (nan)	0.00 (2.17)
[283/294]	nan (nan)	0.00 (2.17)
[284/294]	nan (nan)	0.00 (2.16)
[285/294]	nan (nan)	0.00 (2.15)
[286/294]	nan (nan)	0.00 (2.14)
[287/294]	nan (nan)	0.00 (2.14)
[288/294]	nan (nan)	0.00 (2.13)
[289/294]	nan (nan)	0.00 (2.12)
[290/294]	nan (nan)	0.00 (2.11)
[291/294]	nan (nan)	0.00 (2.11)
[292/294]	nan (nan)	0.00 (2.10)
[293/294]	nan (nan)	0.00 (2.09)
 * Train Acc: 2.092
 * Avg. Data time: 0.004, Avg. Batch time: 0.063, Avg. Forward time: 0.004, Avg. Backward time: 0.051
Computing SI
 * Val Acc: 10.601, Time: 4.72
 * Test Acc: 9.826, Time: 8.46
=============Training Task 5=============
Active output nodes for this task: 
[0, 1, 2, 3, 4, 5, 6, 7, 8, 9, 10, 11]
=============Training Epoch 0=============
#reg terms:  1
Batch	 Loss		 Acc
