=============Stream Learning Run 0=============
Changing output layer to contain 12 classes
============BEGINNING STREAM LEARNING============
=============Training Task 0=============
Active output nodes for this task: 
[0, 1]
=============Training Epoch 0=============
#reg terms:  0
Batch	 Loss		 Acc
[0/294]	1.884 (1.884)	45.00 (45.00)
[1/294]	1.157 (1.520)	40.00 (42.50)
[2/294]	0.950 (1.330)	50.00 (45.00)
[3/294]	0.705 (1.174)	60.00 (48.75)
[4/294]	0.991 (1.137)	50.00 (49.00)
[5/294]	0.953 (1.107)	50.00 (49.17)
[6/294]	1.076 (1.102)	50.00 (49.29)
[7/294]	0.614 (1.041)	60.00 (50.62)
[8/294]	0.465 (0.977)	90.00 (55.00)
[9/294]	0.459 (0.925)	85.00 (58.00)
[10/294]	0.534 (0.890)	75.00 (59.55)
[11/294]	0.778 (0.881)	50.00 (58.75)
[12/294]	0.678 (0.865)	60.00 (58.85)
[13/294]	0.715 (0.854)	55.00 (58.57)
[14/294]	0.417 (0.825)	90.00 (60.67)
[15/294]	0.494 (0.804)	70.00 (61.25)
[16/294]	0.510 (0.787)	90.00 (62.94)
[17/294]	0.593 (0.776)	75.00 (63.61)
[18/294]	0.400 (0.757)	90.00 (65.00)
[19/294]	0.468 (0.742)	75.00 (65.50)
[20/294]	0.583 (0.735)	75.00 (65.95)
[21/294]	0.495 (0.724)	75.00 (66.36)
[22/294]	0.486 (0.713)	80.00 (66.96)
[23/294]	0.439 (0.702)	90.00 (67.92)
[24/294]	0.572 (0.697)	80.00 (68.40)
[25/294]	0.592 (0.693)	80.00 (68.85)
[26/294]	0.691 (0.693)	50.00 (68.15)
[27/294]	0.511 (0.686)	55.00 (67.68)
[28/294]	0.108 (0.666)	100.00 (68.79)
[29/294]	0.291 (0.654)	90.00 (69.50)
[30/294]	0.397 (0.645)	90.00 (70.16)
[31/294]	0.560 (0.643)	65.00 (70.00)
[32/294]	0.372 (0.635)	70.00 (70.00)
[33/294]	0.349 (0.626)	80.00 (70.29)
[34/294]	0.642 (0.627)	60.00 (70.00)
[35/294]	0.195 (0.615)	100.00 (70.83)
[36/294]	0.349 (0.607)	85.00 (71.22)
[37/294]	0.330 (0.600)	95.00 (71.84)
[38/294]	0.432 (0.596)	90.00 (72.31)
[39/294]	0.424 (0.592)	90.00 (72.75)
[40/294]	0.287 (0.584)	100.00 (73.41)
[41/294]	0.246 (0.576)	100.00 (74.05)
[42/294]	0.353 (0.571)	90.00 (74.42)
[43/294]	0.238 (0.563)	90.00 (74.77)
[44/294]	0.258 (0.556)	90.00 (75.11)
[45/294]	0.144 (0.548)	100.00 (75.65)
[46/294]	0.410 (0.545)	85.00 (75.85)
[47/294]	0.315 (0.540)	95.00 (76.25)
[48/294]	0.191 (0.533)	100.00 (76.73)
[49/294]	0.122 (0.524)	100.00 (77.20)
[50/294]	0.086 (0.516)	100.00 (77.65)
[51/294]	0.062 (0.507)	100.00 (78.08)
[52/294]	0.225 (0.502)	90.00 (78.30)
[53/294]	0.239 (0.497)	100.00 (78.70)
[54/294]	0.085 (0.489)	100.00 (79.09)
[55/294]	0.171 (0.484)	95.00 (79.38)
[56/294]	0.068 (0.476)	100.00 (79.74)
[57/294]	0.037 (0.469)	100.00 (80.09)
[58/294]	0.049 (0.462)	100.00 (80.42)
[59/294]	0.004 (0.454)	100.00 (80.75)
[60/294]	0.020 (0.447)	100.00 (81.07)
[61/294]	0.026 (0.440)	100.00 (81.37)
[62/294]	0.129 (0.435)	100.00 (81.67)
[63/294]	0.188 (0.431)	90.00 (81.80)
[64/294]	0.103 (0.426)	100.00 (82.08)
[65/294]	0.085 (0.421)	100.00 (82.35)
[66/294]	0.435 (0.421)	80.00 (82.31)
[67/294]	0.801 (0.427)	55.00 (81.91)
[68/294]	0.742 (0.432)	60.00 (81.59)
[69/294]	0.764 (0.436)	65.00 (81.36)
[70/294]	0.484 (0.437)	75.00 (81.27)
[71/294]	0.197 (0.434)	90.00 (81.39)
[72/294]	0.200 (0.430)	95.00 (81.58)
[73/294]	0.044 (0.425)	100.00 (81.82)
[74/294]	0.061 (0.420)	100.00 (82.07)
[75/294]	0.177 (0.417)	95.00 (82.24)
[76/294]	0.272 (0.415)	85.00 (82.27)
[77/294]	0.102 (0.411)	95.00 (82.44)
[78/294]	0.179 (0.408)	90.00 (82.53)
[79/294]	0.107 (0.405)	95.00 (82.69)
[80/294]	0.164 (0.402)	95.00 (82.84)
[81/294]	0.188 (0.399)	90.00 (82.93)
[82/294]	0.365 (0.399)	80.00 (82.89)
[83/294]	0.412 (0.399)	75.00 (82.80)
[84/294]	0.655 (0.402)	75.00 (82.71)
[85/294]	0.244 (0.400)	90.00 (82.79)
[86/294]	0.171 (0.397)	95.00 (82.93)
[87/294]	0.255 (0.396)	90.00 (83.01)
[88/294]	0.217 (0.394)	90.00 (83.09)
[89/294]	0.142 (0.391)	100.00 (83.28)
[90/294]	0.021 (0.387)	100.00 (83.46)
[91/294]	0.512 (0.388)	70.00 (83.32)
[92/294]	0.058 (0.385)	100.00 (83.49)
[93/294]	0.269 (0.383)	90.00 (83.56)
[94/294]	0.227 (0.382)	85.00 (83.58)
[95/294]	0.065 (0.378)	100.00 (83.75)
[96/294]	0.098 (0.376)	95.00 (83.87)
[97/294]	0.046 (0.372)	100.00 (84.03)
[98/294]	0.037 (0.369)	100.00 (84.19)
[99/294]	0.282 (0.368)	90.00 (84.25)
[100/294]	0.326 (0.368)	85.00 (84.26)
[101/294]	0.048 (0.364)	100.00 (84.41)
[102/294]	0.113 (0.362)	100.00 (84.56)
[103/294]	0.421 (0.363)	90.00 (84.62)
[104/294]	0.359 (0.362)	85.00 (84.62)
[105/294]	0.001 (0.359)	100.00 (84.76)
[106/294]	0.003 (0.356)	100.00 (84.91)
[107/294]	0.009 (0.353)	100.00 (85.05)
[108/294]	0.007 (0.349)	100.00 (85.18)
[109/294]	0.160 (0.348)	95.00 (85.27)
[110/294]	0.345 (0.348)	80.00 (85.23)
[111/294]	0.199 (0.346)	95.00 (85.31)
[112/294]	0.099 (0.344)	95.00 (85.40)
[113/294]	0.310 (0.344)	90.00 (85.44)
[114/294]	0.344 (0.344)	90.00 (85.48)
[115/294]	0.175 (0.342)	95.00 (85.56)
[116/294]	0.589 (0.344)	60.00 (85.34)
[117/294]	0.668 (0.347)	75.00 (85.25)
[118/294]	1.200 (0.354)	55.00 (85.00)
[119/294]	0.454 (0.355)	75.00 (84.92)
[120/294]	0.057 (0.353)	100.00 (85.04)
[121/294]	0.026 (0.350)	100.00 (85.16)
[122/294]	0.223 (0.349)	90.00 (85.20)
[123/294]	0.989 (0.354)	75.00 (85.12)
[124/294]	0.991 (0.359)	65.00 (84.96)
[125/294]	0.124 (0.357)	95.00 (85.04)
[126/294]	1.285 (0.365)	55.00 (84.80)
[127/294]	0.398 (0.365)	80.00 (84.77)
[128/294]	0.139 (0.363)	100.00 (84.88)
[129/294]	0.068 (0.361)	100.00 (85.00)
[130/294]	0.204 (0.360)	90.00 (85.04)
[131/294]	0.076 (0.358)	100.00 (85.15)
[132/294]	0.195 (0.356)	100.00 (85.26)
[133/294]	0.093 (0.354)	100.00 (85.37)
[134/294]	0.169 (0.353)	100.00 (85.48)
[135/294]	0.233 (0.352)	100.00 (85.59)
[136/294]	0.097 (0.350)	100.00 (85.69)
[137/294]	0.052 (0.348)	100.00 (85.80)
[138/294]	0.099 (0.346)	95.00 (85.86)
[139/294]	0.162 (0.345)	100.00 (85.96)
[140/294]	0.127 (0.343)	100.00 (86.06)
[141/294]	0.215 (0.343)	100.00 (86.16)
[142/294]	0.294 (0.342)	90.00 (86.19)
[143/294]	0.098 (0.341)	100.00 (86.28)
[144/294]	0.153 (0.339)	100.00 (86.38)
[145/294]	0.303 (0.339)	80.00 (86.34)
[146/294]	0.204 (0.338)	90.00 (86.36)
[147/294]	0.185 (0.337)	90.00 (86.39)
[148/294]	0.308 (0.337)	80.00 (86.34)
[149/294]	0.106 (0.335)	95.00 (86.40)
[150/294]	0.123 (0.334)	100.00 (86.49)
[151/294]	0.149 (0.333)	100.00 (86.58)
[152/294]	0.238 (0.332)	90.00 (86.60)
[153/294]	0.174 (0.331)	95.00 (86.66)
[154/294]	0.259 (0.331)	95.00 (86.71)
[155/294]	0.135 (0.329)	95.00 (86.76)
[156/294]	0.124 (0.328)	95.00 (86.82)
[157/294]	0.331 (0.328)	85.00 (86.80)
[158/294]	0.342 (0.328)	90.00 (86.82)
[159/294]	0.272 (0.328)	95.00 (86.88)
[160/294]	0.178 (0.327)	95.00 (86.93)
[161/294]	0.188 (0.326)	100.00 (87.01)
[162/294]	0.149 (0.325)	100.00 (87.09)
[163/294]	0.224 (0.324)	85.00 (87.07)
[164/294]	0.004 (0.322)	100.00 (87.15)
[165/294]	0.107 (0.321)	95.00 (87.20)
[166/294]	0.211 (0.320)	85.00 (87.19)
[167/294]	0.100 (0.319)	100.00 (87.26)
[168/294]	0.116 (0.318)	100.00 (87.34)
[169/294]	0.050 (0.316)	100.00 (87.41)
[170/294]	0.059 (0.315)	100.00 (87.49)
[171/294]	0.062 (0.313)	100.00 (87.56)
[172/294]	0.007 (0.312)	100.00 (87.63)
[173/294]	0.040 (0.310)	100.00 (87.70)
[174/294]	0.025 (0.308)	100.00 (87.77)
[175/294]	0.044 (0.307)	100.00 (87.84)
[176/294]	0.053 (0.305)	95.00 (87.88)
[177/294]	0.009 (0.304)	100.00 (87.95)
[178/294]	0.176 (0.303)	90.00 (87.96)
[179/294]	0.047 (0.302)	100.00 (88.03)
[180/294]	0.364 (0.302)	85.00 (88.01)
[181/294]	0.090 (0.301)	95.00 (88.05)
[182/294]	0.002 (0.299)	100.00 (88.11)
[183/294]	0.009 (0.298)	100.00 (88.18)
[184/294]	0.027 (0.296)	100.00 (88.24)
[185/294]	0.313 (0.296)	90.00 (88.25)
[186/294]	0.069 (0.295)	100.00 (88.32)
[187/294]	0.029 (0.294)	100.00 (88.38)
[188/294]	0.530 (0.295)	75.00 (88.31)
[189/294]	0.882 (0.298)	60.00 (88.16)
[190/294]	0.346 (0.298)	95.00 (88.19)
[191/294]	0.381 (0.299)	80.00 (88.15)
[192/294]	0.012 (0.297)	100.00 (88.21)
[193/294]	0.010 (0.296)	100.00 (88.27)
[194/294]	0.148 (0.295)	95.00 (88.31)
[195/294]	0.054 (0.294)	100.00 (88.37)
[196/294]	0.006 (0.292)	100.00 (88.43)
[197/294]	0.381 (0.293)	80.00 (88.38)
[198/294]	0.732 (0.295)	60.00 (88.24)
[199/294]	0.002 (0.293)	100.00 (88.30)
[200/294]	0.012 (0.292)	100.00 (88.36)
[201/294]	0.079 (0.291)	95.00 (88.39)
[202/294]	0.016 (0.290)	100.00 (88.45)
[203/294]	0.077 (0.289)	100.00 (88.50)
[204/294]	0.270 (0.288)	95.00 (88.54)
[205/294]	0.099 (0.288)	100.00 (88.59)
[206/294]	0.004 (0.286)	100.00 (88.65)
[207/294]	0.102 (0.285)	100.00 (88.70)
[208/294]	0.066 (0.284)	100.00 (88.76)
[209/294]	0.142 (0.284)	100.00 (88.81)
[210/294]	0.087 (0.283)	100.00 (88.86)
[211/294]	0.224 (0.282)	85.00 (88.84)
[212/294]	0.165 (0.282)	100.00 (88.90)
[213/294]	0.019 (0.281)	100.00 (88.95)
[214/294]	0.077 (0.280)	100.00 (89.00)
[215/294]	0.048 (0.279)	100.00 (89.05)
[216/294]	0.004 (0.277)	100.00 (89.10)
[217/294]	0.131 (0.277)	100.00 (89.15)
[218/294]	0.066 (0.276)	100.00 (89.20)
[219/294]	0.025 (0.275)	100.00 (89.25)
[220/294]	0.054 (0.274)	100.00 (89.30)
[221/294]	0.113 (0.273)	95.00 (89.32)
[222/294]	0.219 (0.273)	85.00 (89.30)
[223/294]	0.062 (0.272)	95.00 (89.33)
[224/294]	0.198 (0.271)	90.00 (89.33)
[225/294]	0.324 (0.272)	95.00 (89.36)
[226/294]	0.174 (0.271)	95.00 (89.38)
[227/294]	0.086 (0.270)	100.00 (89.43)
[228/294]	0.220 (0.270)	95.00 (89.45)
[229/294]	0.107 (0.269)	95.00 (89.48)
[230/294]	0.000 (0.268)	100.00 (89.52)
[231/294]	0.450 (0.269)	85.00 (89.50)
[232/294]	0.175 (0.269)	90.00 (89.51)
[233/294]	0.039 (0.268)	100.00 (89.55)
[234/294]	0.015 (0.266)	100.00 (89.60)
[235/294]	0.065 (0.266)	100.00 (89.64)
[236/294]	0.068 (0.265)	100.00 (89.68)
[237/294]	0.059 (0.264)	100.00 (89.73)
[238/294]	0.004 (0.263)	100.00 (89.77)
[239/294]	0.002 (0.262)	100.00 (89.81)
[240/294]	0.003 (0.261)	100.00 (89.85)
[241/294]	0.012 (0.260)	100.00 (89.90)
[242/294]	0.041 (0.259)	100.00 (89.94)
[243/294]	0.047 (0.258)	100.00 (89.98)
[244/294]	0.200 (0.258)	95.00 (90.00)
[245/294]	0.118 (0.257)	95.00 (90.02)
[246/294]	0.331 (0.257)	85.00 (90.00)
[247/294]	0.056 (0.257)	100.00 (90.04)
[248/294]	0.005 (0.256)	100.00 (90.08)
[249/294]	0.009 (0.255)	100.00 (90.12)
[250/294]	0.027 (0.254)	100.00 (90.16)
[251/294]	0.058 (0.253)	100.00 (90.20)
[252/294]	0.033 (0.252)	100.00 (90.24)
[253/294]	0.049 (0.251)	100.00 (90.28)
[254/294]	0.019 (0.250)	100.00 (90.31)
[255/294]	0.175 (0.250)	90.00 (90.31)
[256/294]	0.031 (0.249)	100.00 (90.35)
[257/294]	0.006 (0.248)	100.00 (90.39)
[258/294]	0.005 (0.247)	100.00 (90.42)
[259/294]	0.004 (0.246)	100.00 (90.46)
[260/294]	0.006 (0.245)	100.00 (90.50)
[261/294]	0.005 (0.245)	100.00 (90.53)
[262/294]	0.001 (0.244)	100.00 (90.57)
[263/294]	0.020 (0.243)	100.00 (90.61)
[264/294]	0.131 (0.242)	90.00 (90.60)
[265/294]	0.216 (0.242)	90.00 (90.60)
[266/294]	0.046 (0.241)	100.00 (90.64)
[267/294]	0.034 (0.241)	100.00 (90.67)
[268/294]	0.010 (0.240)	100.00 (90.71)
[269/294]	0.030 (0.239)	100.00 (90.74)
[270/294]	0.031 (0.238)	100.00 (90.77)
[271/294]	0.122 (0.238)	100.00 (90.81)
[272/294]	0.317 (0.238)	85.00 (90.79)
[273/294]	0.001 (0.237)	100.00 (90.82)
[274/294]	0.046 (0.237)	100.00 (90.85)
[275/294]	0.108 (0.236)	95.00 (90.87)
[276/294]	0.115 (0.236)	95.00 (90.88)
[277/294]	0.054 (0.235)	100.00 (90.92)
[278/294]	0.152 (0.235)	90.00 (90.91)
[279/294]	0.259 (0.235)	90.00 (90.91)
[280/294]	0.048 (0.234)	95.00 (90.93)
[281/294]	0.064 (0.234)	95.00 (90.94)
[282/294]	0.006 (0.233)	100.00 (90.97)
[283/294]	0.100 (0.232)	100.00 (91.00)
[284/294]	0.060 (0.232)	100.00 (91.04)
[285/294]	0.073 (0.231)	100.00 (91.07)
[286/294]	0.016 (0.230)	100.00 (91.10)
[287/294]	0.032 (0.230)	100.00 (91.13)
[288/294]	0.076 (0.229)	95.00 (91.14)
[289/294]	0.013 (0.228)	100.00 (91.17)
[290/294]	0.140 (0.228)	95.00 (91.19)
[291/294]	0.001 (0.227)	100.00 (91.22)
[292/294]	0.006 (0.227)	100.00 (91.25)
[293/294]	0.008 (0.226)	100.00 (91.28)
 * Train Acc: 91.276
 * Avg. Data time: 0.005, Avg. Batch time: 0.033, Avg. Forward time: 0.004, Avg. Backward time: 0.018
Computing MAS
 * Val Acc: 95.362, Time: 1.40
 * Test Acc: 96.885, Time: 2.30
=============Training Task 1=============
Active output nodes for this task: 
[0, 1, 2, 3]
=============Training Epoch 0=============
#reg terms:  1
Batch	 Loss		 Acc
[0/294]	5.338 (5.338)	0.00 (0.00)
[1/294]	5.109 (5.224)	5.00 (2.50)
[2/294]	4.502 (4.983)	20.00 (8.33)
[3/294]	2.948 (4.474)	35.00 (15.00)
[4/294]	2.576 (4.095)	60.00 (24.00)
[5/294]	2.490 (3.827)	55.00 (29.17)
[6/294]	2.738 (3.672)	30.00 (29.29)
[7/294]	2.458 (3.520)	40.00 (30.62)
[8/294]	2.117 (3.364)	55.00 (33.33)
[9/294]	1.834 (3.211)	75.00 (37.50)
[10/294]	2.192 (3.119)	50.00 (38.64)
[11/294]	1.311 (2.968)	80.00 (42.08)
[12/294]	1.023 (2.818)	100.00 (46.54)
[13/294]	0.888 (2.680)	95.00 (50.00)
[14/294]	2.319 (2.656)	25.00 (48.33)
[15/294]	1.076 (2.558)	80.00 (50.31)
[16/294]	0.716 (2.449)	100.00 (53.24)
[17/294]	0.777 (2.356)	85.00 (55.00)
[18/294]	1.700 (2.322)	60.00 (55.26)
[19/294]	1.416 (2.277)	55.00 (55.25)
[20/294]	1.700 (2.249)	55.00 (55.24)
[21/294]	1.790 (2.228)	50.00 (55.00)
[22/294]	1.031 (2.176)	60.00 (55.22)
[23/294]	0.745 (2.116)	80.00 (56.25)
[24/294]	0.977 (2.071)	80.00 (57.20)
[25/294]	1.286 (2.041)	60.00 (57.31)
[26/294]	0.997 (2.002)	70.00 (57.78)
[27/294]	0.391 (1.945)	100.00 (59.29)
[28/294]	0.616 (1.899)	75.00 (59.83)
[29/294]	0.549 (1.854)	85.00 (60.67)
[30/294]	1.346 (1.837)	60.00 (60.65)
[31/294]	0.850 (1.807)	70.00 (60.94)
[32/294]	0.440 (1.765)	90.00 (61.82)
[33/294]	0.252 (1.721)	100.00 (62.94)
[34/294]	0.269 (1.679)	100.00 (64.00)
[35/294]	0.636 (1.650)	85.00 (64.58)
[36/294]	1.761 (1.653)	50.00 (64.19)
[37/294]	0.280 (1.617)	95.00 (65.00)
[38/294]	0.580 (1.590)	75.00 (65.26)
[39/294]	0.725 (1.569)	65.00 (65.25)
[40/294]	0.365 (1.539)	90.00 (65.85)
[41/294]	0.638 (1.518)	80.00 (66.19)
[42/294]	0.495 (1.494)	80.00 (66.51)
[43/294]	0.660 (1.475)	75.00 (66.70)
[44/294]	0.897 (1.462)	55.00 (66.44)
[45/294]	0.786 (1.448)	80.00 (66.74)
[46/294]	0.548 (1.429)	85.00 (67.13)
[47/294]	1.178 (1.423)	60.00 (66.98)
[48/294]	1.991 (1.435)	55.00 (66.73)
[49/294]	1.078 (1.428)	75.00 (66.90)
[50/294]	0.283 (1.405)	100.00 (67.55)
[51/294]	0.878 (1.395)	85.00 (67.88)
[52/294]	1.673 (1.400)	70.00 (67.92)
[53/294]	3.001 (1.430)	55.00 (67.69)
[54/294]	0.532 (1.414)	90.00 (68.09)
[55/294]	0.424 (1.396)	95.00 (68.57)
[56/294]	0.588 (1.382)	85.00 (68.86)
[57/294]	0.624 (1.369)	75.00 (68.97)
[58/294]	0.440 (1.353)	90.00 (69.32)
[59/294]	0.547 (1.340)	95.00 (69.75)
[60/294]	0.921 (1.333)	80.00 (69.92)
[61/294]	0.301 (1.316)	95.00 (70.32)
[62/294]	0.480 (1.303)	80.00 (70.48)
[63/294]	0.737 (1.294)	80.00 (70.62)
[64/294]	0.688 (1.285)	80.00 (70.77)
[65/294]	0.224 (1.269)	100.00 (71.21)
[66/294]	0.593 (1.258)	80.00 (71.34)
[67/294]	0.731 (1.251)	75.00 (71.40)
[68/294]	0.347 (1.238)	90.00 (71.67)
[69/294]	0.316 (1.224)	100.00 (72.07)
[70/294]	0.837 (1.219)	65.00 (71.97)
[71/294]	0.383 (1.207)	95.00 (72.29)
[72/294]	0.251 (1.194)	100.00 (72.67)
[73/294]	0.254 (1.182)	95.00 (72.97)
[74/294]	0.134 (1.168)	100.00 (73.33)
[75/294]	0.301 (1.156)	95.00 (73.62)
[76/294]	0.462 (1.147)	90.00 (73.83)
[77/294]	0.159 (1.135)	100.00 (74.17)
[78/294]	0.291 (1.124)	95.00 (74.43)
[79/294]	0.533 (1.117)	90.00 (74.62)
[80/294]	0.309 (1.107)	95.00 (74.88)
[81/294]	0.746 (1.102)	75.00 (74.88)
[82/294]	0.752 (1.098)	60.00 (74.70)
[83/294]	0.403 (1.090)	90.00 (74.88)
[84/294]	0.520 (1.083)	85.00 (75.00)
[85/294]	0.856 (1.080)	65.00 (74.88)
[86/294]	0.443 (1.073)	75.00 (74.89)
[87/294]	0.196 (1.063)	100.00 (75.17)
[88/294]	0.297 (1.054)	95.00 (75.39)
[89/294]	0.591 (1.049)	85.00 (75.50)
[90/294]	0.769 (1.046)	70.00 (75.44)
[91/294]	0.323 (1.038)	90.00 (75.60)
[92/294]	0.563 (1.033)	75.00 (75.59)
[93/294]	0.463 (1.027)	85.00 (75.69)
[94/294]	0.519 (1.022)	75.00 (75.68)
[95/294]	0.228 (1.014)	100.00 (75.94)
[96/294]	0.491 (1.008)	85.00 (76.03)
[97/294]	2.118 (1.019)	60.00 (75.87)
[98/294]	3.163 (1.041)	50.00 (75.61)
[99/294]	0.282 (1.034)	100.00 (75.85)
[100/294]	1.742 (1.041)	55.00 (75.64)
[101/294]	2.845 (1.058)	50.00 (75.39)
[102/294]	1.421 (1.062)	65.00 (75.29)
[103/294]	0.967 (1.061)	90.00 (75.43)
[104/294]	0.984 (1.060)	100.00 (75.67)
[105/294]	2.195 (1.071)	80.00 (75.71)
[106/294]	4.943 (1.107)	50.00 (75.47)
[107/294]	1.736 (1.113)	55.00 (75.28)
[108/294]	1.041 (1.112)	95.00 (75.46)
[109/294]	0.985 (1.111)	95.00 (75.64)
[110/294]	2.775 (1.126)	50.00 (75.41)
[111/294]	3.966 (1.151)	55.00 (75.22)
[112/294]	2.817 (1.166)	65.00 (75.13)
[113/294]	0.790 (1.163)	95.00 (75.31)
[114/294]	0.955 (1.161)	90.00 (75.43)
[115/294]	0.980 (1.159)	85.00 (75.52)
[116/294]	1.027 (1.158)	85.00 (75.60)
[117/294]	2.107 (1.166)	65.00 (75.51)
[118/294]	1.056 (1.165)	85.00 (75.59)
[119/294]	0.573 (1.161)	100.00 (75.79)
[120/294]	0.590 (1.156)	95.00 (75.95)
[121/294]	1.532 (1.159)	65.00 (75.86)
[122/294]	0.555 (1.154)	90.00 (75.98)
[123/294]	0.485 (1.149)	95.00 (76.13)
[124/294]	0.851 (1.146)	70.00 (76.08)
[125/294]	0.335 (1.140)	100.00 (76.27)
[126/294]	0.651 (1.136)	85.00 (76.34)
[127/294]	0.298 (1.129)	100.00 (76.52)
[128/294]	0.265 (1.123)	100.00 (76.71)
[129/294]	0.243 (1.116)	100.00 (76.88)
[130/294]	0.263 (1.109)	95.00 (77.02)
[131/294]	0.493 (1.105)	75.00 (77.01)
[132/294]	0.918 (1.103)	80.00 (77.03)
[133/294]	0.258 (1.097)	90.00 (77.13)
[134/294]	0.256 (1.091)	90.00 (77.22)
[135/294]	0.133 (1.084)	100.00 (77.39)
[136/294]	0.130 (1.077)	100.00 (77.55)
[137/294]	0.136 (1.070)	100.00 (77.72)
[138/294]	1.087 (1.070)	60.00 (77.59)
[139/294]	0.698 (1.067)	75.00 (77.57)
[140/294]	0.430 (1.063)	90.00 (77.66)
[141/294]	0.167 (1.057)	100.00 (77.82)
[142/294]	0.544 (1.053)	80.00 (77.83)
[143/294]	0.862 (1.052)	70.00 (77.78)
[144/294]	0.977 (1.051)	70.00 (77.72)
[145/294]	0.210 (1.045)	100.00 (77.88)
[146/294]	0.300 (1.040)	95.00 (77.99)
[147/294]	0.396 (1.036)	90.00 (78.07)
[148/294]	1.808 (1.041)	60.00 (77.95)
[149/294]	0.491 (1.037)	90.00 (78.03)
[150/294]	0.351 (1.033)	90.00 (78.11)
[151/294]	0.347 (1.028)	90.00 (78.19)
[152/294]	0.352 (1.024)	95.00 (78.30)
[153/294]	0.583 (1.021)	90.00 (78.38)
[154/294]	0.681 (1.019)	70.00 (78.32)
[155/294]	0.752 (1.017)	70.00 (78.27)
[156/294]	0.357 (1.013)	90.00 (78.34)
[157/294]	0.450 (1.009)	85.00 (78.39)
[158/294]	1.275 (1.011)	75.00 (78.36)
[159/294]	0.203 (1.006)	100.00 (78.50)
[160/294]	0.670 (1.004)	80.00 (78.51)
[161/294]	0.550 (1.001)	85.00 (78.55)
[162/294]	0.481 (0.998)	85.00 (78.59)
[163/294]	0.238 (0.993)	100.00 (78.72)
[164/294]	0.478 (0.990)	90.00 (78.79)
[165/294]	0.629 (0.988)	75.00 (78.77)
[166/294]	1.294 (0.990)	65.00 (78.68)
[167/294]	0.828 (0.989)	75.00 (78.66)
[168/294]	0.394 (0.985)	85.00 (78.70)
[169/294]	0.369 (0.982)	90.00 (78.76)
[170/294]	1.120 (0.983)	75.00 (78.74)
[171/294]	1.072 (0.983)	80.00 (78.75)
[172/294]	0.204 (0.979)	95.00 (78.84)
[173/294]	0.244 (0.974)	95.00 (78.94)
[174/294]	0.385 (0.971)	85.00 (78.97)
[175/294]	0.258 (0.967)	95.00 (79.06)
[176/294]	0.732 (0.966)	85.00 (79.10)
[177/294]	0.255 (0.962)	95.00 (79.19)
[178/294]	0.122 (0.957)	100.00 (79.30)
[179/294]	0.468 (0.954)	75.00 (79.28)
[180/294]	0.261 (0.950)	90.00 (79.34)
[181/294]	0.308 (0.947)	85.00 (79.37)
[182/294]	0.187 (0.943)	95.00 (79.45)
[183/294]	0.218 (0.939)	95.00 (79.54)
[184/294]	2.416 (0.947)	55.00 (79.41)
[185/294]	1.353 (0.949)	75.00 (79.38)
[186/294]	0.329 (0.946)	95.00 (79.47)
[187/294]	0.905 (0.945)	60.00 (79.36)
[188/294]	2.338 (0.953)	55.00 (79.23)
[189/294]	1.143 (0.954)	55.00 (79.11)
[190/294]	0.418 (0.951)	90.00 (79.16)
[191/294]	0.300 (0.948)	100.00 (79.27)
[192/294]	0.399 (0.945)	100.00 (79.38)
[193/294]	0.899 (0.945)	75.00 (79.36)
[194/294]	0.400 (0.942)	100.00 (79.46)
[195/294]	3.049 (0.952)	65.00 (79.39)
[196/294]	3.278 (0.964)	55.00 (79.26)
[197/294]	0.438 (0.962)	95.00 (79.34)
[198/294]	1.228 (0.963)	70.00 (79.30)
[199/294]	1.190 (0.964)	70.00 (79.25)
[200/294]	0.952 (0.964)	75.00 (79.23)
[201/294]	1.105 (0.965)	70.00 (79.18)
[202/294]	1.170 (0.966)	80.00 (79.19)
[203/294]	0.674 (0.964)	90.00 (79.24)
[204/294]	0.435 (0.962)	100.00 (79.34)
[205/294]	0.405 (0.959)	100.00 (79.44)
[206/294]	0.409 (0.956)	100.00 (79.54)
[207/294]	0.351 (0.953)	100.00 (79.64)
[208/294]	0.946 (0.953)	80.00 (79.64)
[209/294]	0.805 (0.953)	75.00 (79.62)
[210/294]	0.287 (0.950)	95.00 (79.69)
[211/294]	0.230 (0.946)	100.00 (79.79)
[212/294]	1.337 (0.948)	55.00 (79.67)
[213/294]	0.577 (0.946)	85.00 (79.70)
[214/294]	0.277 (0.943)	100.00 (79.79)
[215/294]	0.499 (0.941)	90.00 (79.84)
[216/294]	0.281 (0.938)	95.00 (79.91)
[217/294]	0.260 (0.935)	95.00 (79.98)
[218/294]	0.312 (0.932)	95.00 (80.05)
[219/294]	0.215 (0.929)	100.00 (80.14)
[220/294]	0.184 (0.925)	100.00 (80.23)
[221/294]	0.201 (0.922)	95.00 (80.29)
[222/294]	0.144 (0.919)	100.00 (80.38)
[223/294]	0.140 (0.915)	100.00 (80.47)
[224/294]	0.178 (0.912)	95.00 (80.53)
[225/294]	0.279 (0.909)	95.00 (80.60)
[226/294]	0.410 (0.907)	80.00 (80.59)
[227/294]	0.364 (0.905)	90.00 (80.64)
[228/294]	0.226 (0.902)	95.00 (80.70)
[229/294]	0.212 (0.899)	95.00 (80.76)
[230/294]	1.454 (0.901)	70.00 (80.71)
[231/294]	1.828 (0.905)	70.00 (80.67)
[232/294]	0.713 (0.904)	75.00 (80.64)
[233/294]	0.676 (0.903)	80.00 (80.64)
[234/294]	1.470 (0.906)	65.00 (80.57)
[235/294]	1.030 (0.906)	85.00 (80.59)
[236/294]	1.296 (0.908)	55.00 (80.49)
[237/294]	0.391 (0.906)	100.00 (80.57)
[238/294]	0.878 (0.906)	80.00 (80.56)
[239/294]	1.450 (0.908)	70.00 (80.52)
[240/294]	1.962 (0.912)	55.00 (80.41)
[241/294]	1.346 (0.914)	65.00 (80.35)
[242/294]	0.925 (0.914)	75.00 (80.33)
[243/294]	0.380 (0.912)	100.00 (80.41)
[244/294]	0.901 (0.912)	80.00 (80.41)
[245/294]	1.060 (0.912)	85.00 (80.43)
[246/294]	0.880 (0.912)	85.00 (80.45)
[247/294]	0.559 (0.911)	95.00 (80.50)
[248/294]	0.888 (0.911)	80.00 (80.50)
[249/294]	0.756 (0.910)	85.00 (80.52)
[250/294]	0.487 (0.908)	95.00 (80.58)
[251/294]	0.403 (0.906)	100.00 (80.65)
[252/294]	0.371 (0.904)	100.00 (80.73)
[253/294]	0.416 (0.902)	95.00 (80.79)
[254/294]	2.521 (0.909)	55.00 (80.69)
[255/294]	0.719 (0.908)	85.00 (80.70)
[256/294]	0.404 (0.906)	95.00 (80.76)
[257/294]	0.799 (0.906)	70.00 (80.72)
[258/294]	0.473 (0.904)	95.00 (80.77)
[259/294]	1.003 (0.904)	85.00 (80.79)
[260/294]	1.507 (0.907)	50.00 (80.67)
[261/294]	1.366 (0.908)	60.00 (80.59)
[262/294]	0.490 (0.907)	95.00 (80.65)
[263/294]	0.486 (0.905)	90.00 (80.68)
[264/294]	0.391 (0.903)	100.00 (80.75)
[265/294]	1.740 (0.906)	65.00 (80.70)
[266/294]	1.412 (0.908)	60.00 (80.62)
[267/294]	1.071 (0.909)	85.00 (80.63)
[268/294]	0.477 (0.907)	95.00 (80.69)
[269/294]	0.363 (0.905)	100.00 (80.76)
[270/294]	0.473 (0.904)	100.00 (80.83)
[271/294]	2.766 (0.911)	50.00 (80.72)
[272/294]	0.940 (0.911)	70.00 (80.68)
[273/294]	0.538 (0.909)	80.00 (80.68)
[274/294]	0.430 (0.908)	100.00 (80.75)
[275/294]	2.555 (0.914)	55.00 (80.65)
[276/294]	3.906 (0.924)	50.00 (80.54)
[277/294]	1.762 (0.927)	60.00 (80.47)
[278/294]	0.497 (0.926)	100.00 (80.54)
[279/294]	0.682 (0.925)	95.00 (80.59)
[280/294]	0.909 (0.925)	85.00 (80.60)
[281/294]	1.518 (0.927)	60.00 (80.53)
[282/294]	1.419 (0.929)	75.00 (80.51)
[283/294]	0.648 (0.928)	100.00 (80.58)
[284/294]	0.709 (0.927)	95.00 (80.63)
[285/294]	2.608 (0.933)	55.00 (80.54)
[286/294]	0.680 (0.932)	95.00 (80.59)
[287/294]	0.822 (0.932)	85.00 (80.61)
[288/294]	0.645 (0.931)	95.00 (80.66)
[289/294]	0.618 (0.930)	100.00 (80.72)
[290/294]	1.640 (0.932)	75.00 (80.70)
[291/294]	1.982 (0.936)	50.00 (80.60)
[292/294]	1.119 (0.936)	75.00 (80.58)
[293/294]	0.404 (0.936)	100.00 (80.60)
 * Train Acc: 80.600
 * Avg. Data time: 0.005, Avg. Batch time: 0.044, Avg. Forward time: 0.004, Avg. Backward time: 0.027
Computing MAS
 * Val Acc: 42.618, Time: 2.46
 * Test Acc: 45.786, Time: 5.09
=============Training Task 2=============
Active output nodes for this task: 
[0, 1, 2, 3, 4, 5]
=============Training Epoch 0=============
#reg terms:  1
Batch	 Loss		 Acc
[0/294]	15.131 (15.131)	0.00 (0.00)
[1/294]	13.531 (14.331)	0.00 (0.00)
[2/294]	15.008 (14.557)	0.00 (0.00)
[3/294]	38.942 (20.653)	0.00 (0.00)
[4/294]	446.488 (105.820)	0.00 (0.00)
[5/294]	8127.558 (1442.776)	0.00 (0.00)
[6/294]	165423.688 (24868.621)	0.00 (0.00)
[7/294]	3618918.250 (474124.850)	20.00 (2.50)
[8/294]	83463296.000 (9695143.822)	0.00 (2.22)
[9/294]	1996696576.000 (208395284.480)	50.00 (7.00)
[10/294]	48932622336.000 (4637870415.127)	50.00 (10.91)
[11/294]	1217786806272.000 (105733615342.933)	50.00 (14.17)
[12/294]	18171908339598362220167168.000 (1397839067571520161185792.000)	50.00 (16.92)
[13/294]	nan (nan)	0.00 (15.71)
[14/294]	nan (nan)	0.00 (14.67)
[15/294]	nan (nan)	0.00 (13.75)
[16/294]	nan (nan)	0.00 (12.94)
[17/294]	nan (nan)	0.00 (12.22)
[18/294]	nan (nan)	0.00 (11.58)
[19/294]	nan (nan)	0.00 (11.00)
[20/294]	nan (nan)	0.00 (10.48)
[21/294]	nan (nan)	0.00 (10.00)
[22/294]	nan (nan)	0.00 (9.57)
[23/294]	nan (nan)	0.00 (9.17)
[24/294]	nan (nan)	0.00 (8.80)
[25/294]	nan (nan)	0.00 (8.46)
[26/294]	nan (nan)	0.00 (8.15)
[27/294]	nan (nan)	0.00 (7.86)
[28/294]	nan (nan)	0.00 (7.59)
[29/294]	nan (nan)	0.00 (7.33)
[30/294]	nan (nan)	50.00 (8.71)
[31/294]	nan (nan)	50.00 (10.00)
[32/294]	nan (nan)	50.00 (11.21)
[33/294]	nan (nan)	50.00 (12.35)
[34/294]	nan (nan)	50.00 (13.43)
[35/294]	nan (nan)	50.00 (14.44)
[36/294]	nan (nan)	50.00 (15.41)
[37/294]	nan (nan)	50.00 (16.32)
[38/294]	nan (nan)	50.00 (17.18)
[39/294]	nan (nan)	50.00 (18.00)
[40/294]	nan (nan)	50.00 (18.78)
[41/294]	nan (nan)	50.00 (19.52)
[42/294]	nan (nan)	50.00 (20.23)
[43/294]	nan (nan)	50.00 (20.91)
[44/294]	nan (nan)	50.00 (21.56)
[45/294]	nan (nan)	50.00 (22.17)
[46/294]	nan (nan)	50.00 (22.77)
[47/294]	nan (nan)	50.00 (23.33)
[48/294]	nan (nan)	50.00 (23.88)
[49/294]	nan (nan)	50.00 (24.40)
[50/294]	nan (nan)	50.00 (24.90)
[51/294]	nan (nan)	50.00 (25.38)
[52/294]	nan (nan)	50.00 (25.85)
[53/294]	nan (nan)	50.00 (26.30)
[54/294]	nan (nan)	50.00 (26.73)
[55/294]	nan (nan)	50.00 (27.14)
[56/294]	nan (nan)	50.00 (27.54)
[57/294]	nan (nan)	50.00 (27.93)
[58/294]	nan (nan)	50.00 (28.31)
[59/294]	nan (nan)	50.00 (28.67)
[60/294]	nan (nan)	50.00 (29.02)
[61/294]	nan (nan)	50.00 (29.35)
[62/294]	nan (nan)	50.00 (29.68)
[63/294]	nan (nan)	50.00 (30.00)
[64/294]	nan (nan)	50.00 (30.31)
[65/294]	nan (nan)	50.00 (30.61)
[66/294]	nan (nan)	50.00 (30.90)
[67/294]	nan (nan)	50.00 (31.18)
[68/294]	nan (nan)	50.00 (31.45)
[69/294]	nan (nan)	50.00 (31.71)
[70/294]	nan (nan)	50.00 (31.97)
[71/294]	nan (nan)	50.00 (32.22)
[72/294]	nan (nan)	50.00 (32.47)
[73/294]	nan (nan)	50.00 (32.70)
[74/294]	nan (nan)	50.00 (32.93)
[75/294]	nan (nan)	50.00 (33.16)
[76/294]	nan (nan)	50.00 (33.38)
[77/294]	nan (nan)	50.00 (33.59)
[78/294]	nan (nan)	50.00 (33.80)
[79/294]	nan (nan)	50.00 (34.00)
[80/294]	nan (nan)	50.00 (34.20)
[81/294]	nan (nan)	50.00 (34.39)
[82/294]	nan (nan)	50.00 (34.58)
[83/294]	nan (nan)	50.00 (34.76)
[84/294]	nan (nan)	50.00 (34.94)
[85/294]	nan (nan)	50.00 (35.12)
[86/294]	nan (nan)	50.00 (35.29)
[87/294]	nan (nan)	50.00 (35.45)
[88/294]	nan (nan)	50.00 (35.62)
[89/294]	nan (nan)	50.00 (35.78)
[90/294]	nan (nan)	50.00 (35.93)
[91/294]	nan (nan)	50.00 (36.09)
[92/294]	nan (nan)	50.00 (36.24)
[93/294]	nan (nan)	50.00 (36.38)
[94/294]	nan (nan)	50.00 (36.53)
[95/294]	nan (nan)	50.00 (36.67)
[96/294]	nan (nan)	50.00 (36.80)
[97/294]	nan (nan)	50.00 (36.94)
[98/294]	nan (nan)	50.00 (37.07)
[99/294]	nan (nan)	50.00 (37.20)
[100/294]	nan (nan)	50.00 (37.33)
[101/294]	nan (nan)	50.00 (37.45)
[102/294]	nan (nan)	50.00 (37.57)
[103/294]	nan (nan)	50.00 (37.69)
[104/294]	nan (nan)	50.00 (37.81)
[105/294]	nan (nan)	50.00 (37.92)
[106/294]	nan (nan)	50.00 (38.04)
[107/294]	nan (nan)	50.00 (38.15)
[108/294]	nan (nan)	50.00 (38.26)
[109/294]	nan (nan)	50.00 (38.36)
[110/294]	nan (nan)	50.00 (38.47)
[111/294]	nan (nan)	50.00 (38.57)
[112/294]	nan (nan)	50.00 (38.67)
[113/294]	nan (nan)	50.00 (38.77)
[114/294]	nan (nan)	50.00 (38.87)
[115/294]	nan (nan)	50.00 (38.97)
[116/294]	nan (nan)	50.00 (39.06)
[117/294]	nan (nan)	50.00 (39.15)
[118/294]	nan (nan)	50.00 (39.24)
[119/294]	nan (nan)	50.00 (39.33)
[120/294]	nan (nan)	50.00 (39.42)
[121/294]	nan (nan)	50.00 (39.51)
[122/294]	nan (nan)	50.00 (39.59)
[123/294]	nan (nan)	50.00 (39.68)
[124/294]	nan (nan)	50.00 (39.76)
[125/294]	nan (nan)	50.00 (39.84)
[126/294]	nan (nan)	50.00 (39.92)
[127/294]	nan (nan)	50.00 (40.00)
[128/294]	nan (nan)	50.00 (40.08)
[129/294]	nan (nan)	50.00 (40.15)
[130/294]	nan (nan)	50.00 (40.23)
[131/294]	nan (nan)	50.00 (40.30)
[132/294]	nan (nan)	50.00 (40.38)
[133/294]	nan (nan)	50.00 (40.45)
[134/294]	nan (nan)	50.00 (40.52)
[135/294]	nan (nan)	50.00 (40.59)
[136/294]	nan (nan)	50.00 (40.66)
[137/294]	nan (nan)	50.00 (40.72)
[138/294]	nan (nan)	50.00 (40.79)
[139/294]	nan (nan)	50.00 (40.86)
[140/294]	nan (nan)	50.00 (40.92)
[141/294]	nan (nan)	50.00 (40.99)
[142/294]	nan (nan)	50.00 (41.05)
[143/294]	nan (nan)	50.00 (41.11)
[144/294]	nan (nan)	50.00 (41.17)
[145/294]	nan (nan)	50.00 (41.23)
[146/294]	nan (nan)	50.00 (41.29)
[147/294]	nan (nan)	50.00 (41.35)
[148/294]	nan (nan)	50.00 (41.41)
[149/294]	nan (nan)	50.00 (41.47)
[150/294]	nan (nan)	50.00 (41.52)
[151/294]	nan (nan)	50.00 (41.58)
[152/294]	nan (nan)	50.00 (41.63)
[153/294]	nan (nan)	50.00 (41.69)
[154/294]	nan (nan)	50.00 (41.74)
[155/294]	nan (nan)	50.00 (41.79)
[156/294]	nan (nan)	50.00 (41.85)
[157/294]	nan (nan)	50.00 (41.90)
[158/294]	nan (nan)	50.00 (41.95)
[159/294]	nan (nan)	50.00 (42.00)
[160/294]	nan (nan)	50.00 (42.05)
[161/294]	nan (nan)	50.00 (42.10)
[162/294]	nan (nan)	50.00 (42.15)
[163/294]	nan (nan)	50.00 (42.20)
[164/294]	nan (nan)	50.00 (42.24)
[165/294]	nan (nan)	50.00 (42.29)
[166/294]	nan (nan)	50.00 (42.34)
[167/294]	nan (nan)	50.00 (42.38)
[168/294]	nan (nan)	50.00 (42.43)
[169/294]	nan (nan)	50.00 (42.47)
[170/294]	nan (nan)	50.00 (42.51)
[171/294]	nan (nan)	50.00 (42.56)
[172/294]	nan (nan)	50.00 (42.60)
[173/294]	nan (nan)	50.00 (42.64)
[174/294]	nan (nan)	50.00 (42.69)
[175/294]	nan (nan)	50.00 (42.73)
[176/294]	nan (nan)	50.00 (42.77)
[177/294]	nan (nan)	50.00 (42.81)
[178/294]	nan (nan)	50.00 (42.85)
[179/294]	nan (nan)	50.00 (42.89)
[180/294]	nan (nan)	50.00 (42.93)
[181/294]	nan (nan)	50.00 (42.97)
[182/294]	nan (nan)	50.00 (43.01)
[183/294]	nan (nan)	50.00 (43.04)
[184/294]	nan (nan)	50.00 (43.08)
[185/294]	nan (nan)	50.00 (43.12)
[186/294]	nan (nan)	50.00 (43.16)
[187/294]	nan (nan)	50.00 (43.19)
[188/294]	nan (nan)	50.00 (43.23)
[189/294]	nan (nan)	50.00 (43.26)
[190/294]	nan (nan)	50.00 (43.30)
[191/294]	nan (nan)	50.00 (43.33)
[192/294]	nan (nan)	50.00 (43.37)
[193/294]	nan (nan)	50.00 (43.40)
[194/294]	nan (nan)	50.00 (43.44)
[195/294]	nan (nan)	50.00 (43.47)
[196/294]	nan (nan)	50.00 (43.50)
[197/294]	nan (nan)	50.00 (43.54)
[198/294]	nan (nan)	50.00 (43.57)
[199/294]	nan (nan)	50.00 (43.60)
[200/294]	nan (nan)	50.00 (43.63)
[201/294]	nan (nan)	50.00 (43.66)
[202/294]	nan (nan)	50.00 (43.69)
[203/294]	nan (nan)	50.00 (43.73)
[204/294]	nan (nan)	50.00 (43.76)
[205/294]	nan (nan)	50.00 (43.79)
[206/294]	nan (nan)	50.00 (43.82)
[207/294]	nan (nan)	50.00 (43.85)
[208/294]	nan (nan)	50.00 (43.88)
[209/294]	nan (nan)	50.00 (43.90)
[210/294]	nan (nan)	50.00 (43.93)
[211/294]	nan (nan)	50.00 (43.96)
[212/294]	nan (nan)	50.00 (43.99)
[213/294]	nan (nan)	50.00 (44.02)
[214/294]	nan (nan)	50.00 (44.05)
[215/294]	nan (nan)	50.00 (44.07)
[216/294]	nan (nan)	50.00 (44.10)
[217/294]	nan (nan)	50.00 (44.13)
[218/294]	nan (nan)	50.00 (44.16)
[219/294]	nan (nan)	50.00 (44.18)
[220/294]	nan (nan)	50.00 (44.21)
[221/294]	nan (nan)	50.00 (44.23)
[222/294]	nan (nan)	50.00 (44.26)
[223/294]	nan (nan)	50.00 (44.29)
[224/294]	nan (nan)	50.00 (44.31)
[225/294]	nan (nan)	50.00 (44.34)
[226/294]	nan (nan)	50.00 (44.36)
[227/294]	nan (nan)	50.00 (44.39)
[228/294]	nan (nan)	50.00 (44.41)
[229/294]	nan (nan)	50.00 (44.43)
[230/294]	nan (nan)	50.00 (44.46)
[231/294]	nan (nan)	50.00 (44.48)
[232/294]	nan (nan)	50.00 (44.51)
[233/294]	nan (nan)	50.00 (44.53)
[234/294]	nan (nan)	50.00 (44.55)
[235/294]	nan (nan)	50.00 (44.58)
[236/294]	nan (nan)	50.00 (44.60)
[237/294]	nan (nan)	50.00 (44.62)
[238/294]	nan (nan)	50.00 (44.64)
[239/294]	nan (nan)	50.00 (44.67)
[240/294]	nan (nan)	50.00 (44.69)
[241/294]	nan (nan)	50.00 (44.71)
[242/294]	nan (nan)	50.00 (44.73)
[243/294]	nan (nan)	50.00 (44.75)
[244/294]	nan (nan)	50.00 (44.78)
[245/294]	nan (nan)	50.00 (44.80)
[246/294]	nan (nan)	50.00 (44.82)
[247/294]	nan (nan)	50.00 (44.84)
[248/294]	nan (nan)	50.00 (44.86)
[249/294]	nan (nan)	50.00 (44.88)
[250/294]	nan (nan)	50.00 (44.90)
[251/294]	nan (nan)	50.00 (44.92)
[252/294]	nan (nan)	50.00 (44.94)
[253/294]	nan (nan)	50.00 (44.96)
[254/294]	nan (nan)	50.00 (44.98)
[255/294]	nan (nan)	50.00 (45.00)
[256/294]	nan (nan)	50.00 (45.02)
[257/294]	nan (nan)	50.00 (45.04)
[258/294]	nan (nan)	50.00 (45.06)
[259/294]	nan (nan)	50.00 (45.08)
[260/294]	nan (nan)	50.00 (45.10)
[261/294]	nan (nan)	50.00 (45.11)
[262/294]	nan (nan)	50.00 (45.13)
[263/294]	nan (nan)	50.00 (45.15)
[264/294]	nan (nan)	50.00 (45.17)
[265/294]	nan (nan)	50.00 (45.19)
[266/294]	nan (nan)	50.00 (45.21)
[267/294]	nan (nan)	50.00 (45.22)
[268/294]	nan (nan)	50.00 (45.24)
[269/294]	nan (nan)	50.00 (45.26)
[270/294]	nan (nan)	50.00 (45.28)
[271/294]	nan (nan)	50.00 (45.29)
[272/294]	nan (nan)	50.00 (45.31)
[273/294]	nan (nan)	50.00 (45.33)
[274/294]	nan (nan)	50.00 (45.35)
[275/294]	nan (nan)	50.00 (45.36)
[276/294]	nan (nan)	50.00 (45.38)
[277/294]	nan (nan)	50.00 (45.40)
[278/294]	nan (nan)	50.00 (45.41)
[279/294]	nan (nan)	50.00 (45.43)
[280/294]	nan (nan)	50.00 (45.44)
[281/294]	nan (nan)	50.00 (45.46)
[282/294]	nan (nan)	50.00 (45.48)
[283/294]	nan (nan)	50.00 (45.49)
[284/294]	nan (nan)	50.00 (45.51)
[285/294]	nan (nan)	50.00 (45.52)
[286/294]	nan (nan)	50.00 (45.54)
[287/294]	nan (nan)	50.00 (45.56)
[288/294]	nan (nan)	50.00 (45.57)
[289/294]	nan (nan)	50.00 (45.59)
[290/294]	nan (nan)	50.00 (45.60)
[291/294]	nan (nan)	50.00 (45.62)
[292/294]	nan (nan)	50.00 (45.63)
[293/294]	nan (nan)	50.00 (45.65)
 * Train Acc: 45.646
 * Avg. Data time: 0.017, Avg. Batch time: 0.055, Avg. Forward time: 0.004, Avg. Backward time: 0.026
Computing MAS
 * Val Acc: 16.301, Time: 3.16
 * Test Acc: 16.832, Time: 10.74
=============Training Task 3=============
Active output nodes for this task: 
[0, 1, 2, 3, 4, 5, 6, 7]
=============Training Epoch 0=============
#reg terms:  1
Batch	 Loss		 Acc
[0/294]	nan (nan)	0.00 (0.00)
[1/294]	nan (nan)	0.00 (0.00)
[2/294]	nan (nan)	0.00 (0.00)
[3/294]	nan (nan)	0.00 (0.00)
[4/294]	nan (nan)	0.00 (0.00)
[5/294]	nan (nan)	0.00 (0.00)
[6/294]	nan (nan)	0.00 (0.00)
[7/294]	nan (nan)	0.00 (0.00)
[8/294]	nan (nan)	0.00 (0.00)
[9/294]	nan (nan)	0.00 (0.00)
[10/294]	nan (nan)	0.00 (0.00)
[11/294]	nan (nan)	0.00 (0.00)
[12/294]	nan (nan)	0.00 (0.00)
[13/294]	nan (nan)	0.00 (0.00)
[14/294]	nan (nan)	0.00 (0.00)
[15/294]	nan (nan)	0.00 (0.00)
[16/294]	nan (nan)	0.00 (0.00)
[17/294]	nan (nan)	0.00 (0.00)
[18/294]	nan (nan)	0.00 (0.00)
[19/294]	nan (nan)	0.00 (0.00)
[20/294]	nan (nan)	0.00 (0.00)
[21/294]	nan (nan)	0.00 (0.00)
[22/294]	nan (nan)	0.00 (0.00)
[23/294]	nan (nan)	0.00 (0.00)
[24/294]	nan (nan)	0.00 (0.00)
[25/294]	nan (nan)	0.00 (0.00)
[26/294]	nan (nan)	0.00 (0.00)
[27/294]	nan (nan)	0.00 (0.00)
[28/294]	nan (nan)	0.00 (0.00)
[29/294]	nan (nan)	0.00 (0.00)
[30/294]	nan (nan)	0.00 (0.00)
[31/294]	nan (nan)	0.00 (0.00)
[32/294]	nan (nan)	0.00 (0.00)
[33/294]	nan (nan)	0.00 (0.00)
[34/294]	nan (nan)	0.00 (0.00)
[35/294]	nan (nan)	0.00 (0.00)
[36/294]	nan (nan)	0.00 (0.00)
[37/294]	nan (nan)	0.00 (0.00)
[38/294]	nan (nan)	0.00 (0.00)
[39/294]	nan (nan)	0.00 (0.00)
[40/294]	nan (nan)	0.00 (0.00)
[41/294]	nan (nan)	0.00 (0.00)
[42/294]	nan (nan)	0.00 (0.00)
[43/294]	nan (nan)	0.00 (0.00)
[44/294]	nan (nan)	0.00 (0.00)
[45/294]	nan (nan)	0.00 (0.00)
[46/294]	nan (nan)	0.00 (0.00)
[47/294]	nan (nan)	0.00 (0.00)
[48/294]	nan (nan)	0.00 (0.00)
[49/294]	nan (nan)	0.00 (0.00)
[50/294]	nan (nan)	0.00 (0.00)
[51/294]	nan (nan)	0.00 (0.00)
[52/294]	nan (nan)	0.00 (0.00)
[53/294]	nan (nan)	0.00 (0.00)
[54/294]	nan (nan)	0.00 (0.00)
[55/294]	nan (nan)	0.00 (0.00)
[56/294]	nan (nan)	0.00 (0.00)
[57/294]	nan (nan)	0.00 (0.00)
[58/294]	nan (nan)	0.00 (0.00)
[59/294]	nan (nan)	0.00 (0.00)
[60/294]	nan (nan)	0.00 (0.00)
[61/294]	nan (nan)	0.00 (0.00)
[62/294]	nan (nan)	0.00 (0.00)
[63/294]	nan (nan)	0.00 (0.00)
[64/294]	nan (nan)	0.00 (0.00)
[65/294]	nan (nan)	0.00 (0.00)
[66/294]	nan (nan)	0.00 (0.00)
[67/294]	nan (nan)	0.00 (0.00)
[68/294]	nan (nan)	0.00 (0.00)
[69/294]	nan (nan)	0.00 (0.00)
[70/294]	nan (nan)	0.00 (0.00)
[71/294]	nan (nan)	0.00 (0.00)
[72/294]	nan (nan)	0.00 (0.00)
[73/294]	nan (nan)	0.00 (0.00)
[74/294]	nan (nan)	0.00 (0.00)
[75/294]	nan (nan)	0.00 (0.00)
[76/294]	nan (nan)	0.00 (0.00)
[77/294]	nan (nan)	0.00 (0.00)
[78/294]	nan (nan)	0.00 (0.00)
[79/294]	nan (nan)	0.00 (0.00)
[80/294]	nan (nan)	0.00 (0.00)
[81/294]	nan (nan)	0.00 (0.00)
[82/294]	nan (nan)	0.00 (0.00)
[83/294]	nan (nan)	0.00 (0.00)
[84/294]	nan (nan)	0.00 (0.00)
[85/294]	nan (nan)	0.00 (0.00)
[86/294]	nan (nan)	0.00 (0.00)
[87/294]	nan (nan)	0.00 (0.00)
[88/294]	nan (nan)	0.00 (0.00)
[89/294]	nan (nan)	0.00 (0.00)
[90/294]	nan (nan)	0.00 (0.00)
[91/294]	nan (nan)	0.00 (0.00)
[92/294]	nan (nan)	0.00 (0.00)
[93/294]	nan (nan)	0.00 (0.00)
[94/294]	nan (nan)	0.00 (0.00)
[95/294]	nan (nan)	0.00 (0.00)
[96/294]	nan (nan)	0.00 (0.00)
[97/294]	nan (nan)	0.00 (0.00)
[98/294]	nan (nan)	0.00 (0.00)
[99/294]	nan (nan)	0.00 (0.00)
[100/294]	nan (nan)	0.00 (0.00)
[101/294]	nan (nan)	0.00 (0.00)
[102/294]	nan (nan)	0.00 (0.00)
[103/294]	nan (nan)	0.00 (0.00)
[104/294]	nan (nan)	0.00 (0.00)
[105/294]	nan (nan)	0.00 (0.00)
[106/294]	nan (nan)	0.00 (0.00)
[107/294]	nan (nan)	0.00 (0.00)
[108/294]	nan (nan)	0.00 (0.00)
[109/294]	nan (nan)	0.00 (0.00)
[110/294]	nan (nan)	0.00 (0.00)
[111/294]	nan (nan)	0.00 (0.00)
[112/294]	nan (nan)	0.00 (0.00)
[113/294]	nan (nan)	0.00 (0.00)
[114/294]	nan (nan)	0.00 (0.00)
[115/294]	nan (nan)	0.00 (0.00)
[116/294]	nan (nan)	0.00 (0.00)
[117/294]	nan (nan)	0.00 (0.00)
[118/294]	nan (nan)	0.00 (0.00)
[119/294]	nan (nan)	0.00 (0.00)
[120/294]	nan (nan)	0.00 (0.00)
[121/294]	nan (nan)	0.00 (0.00)
[122/294]	nan (nan)	0.00 (0.00)
[123/294]	nan (nan)	0.00 (0.00)
[124/294]	nan (nan)	0.00 (0.00)
[125/294]	nan (nan)	0.00 (0.00)
[126/294]	nan (nan)	0.00 (0.00)
[127/294]	nan (nan)	0.00 (0.00)
[128/294]	nan (nan)	0.00 (0.00)
[129/294]	nan (nan)	0.00 (0.00)
[130/294]	nan (nan)	0.00 (0.00)
[131/294]	nan (nan)	0.00 (0.00)
[132/294]	nan (nan)	0.00 (0.00)
[133/294]	nan (nan)	0.00 (0.00)
[134/294]	nan (nan)	0.00 (0.00)
[135/294]	nan (nan)	0.00 (0.00)
[136/294]	nan (nan)	0.00 (0.00)
[137/294]	nan (nan)	0.00 (0.00)
[138/294]	nan (nan)	0.00 (0.00)
[139/294]	nan (nan)	0.00 (0.00)
[140/294]	nan (nan)	0.00 (0.00)
[141/294]	nan (nan)	0.00 (0.00)
[142/294]	nan (nan)	0.00 (0.00)
[143/294]	nan (nan)	0.00 (0.00)
[144/294]	nan (nan)	0.00 (0.00)
[145/294]	nan (nan)	0.00 (0.00)
[146/294]	nan (nan)	0.00 (0.00)
[147/294]	nan (nan)	0.00 (0.00)
[148/294]	nan (nan)	0.00 (0.00)
[149/294]	nan (nan)	0.00 (0.00)
[150/294]	nan (nan)	0.00 (0.00)
[151/294]	nan (nan)	0.00 (0.00)
[152/294]	nan (nan)	0.00 (0.00)
[153/294]	nan (nan)	0.00 (0.00)
[154/294]	nan (nan)	0.00 (0.00)
[155/294]	nan (nan)	0.00 (0.00)
[156/294]	nan (nan)	0.00 (0.00)
[157/294]	nan (nan)	0.00 (0.00)
[158/294]	nan (nan)	0.00 (0.00)
[159/294]	nan (nan)	0.00 (0.00)
[160/294]	nan (nan)	0.00 (0.00)
[161/294]	nan (nan)	0.00 (0.00)
[162/294]	nan (nan)	0.00 (0.00)
[163/294]	nan (nan)	0.00 (0.00)
[164/294]	nan (nan)	0.00 (0.00)
[165/294]	nan (nan)	0.00 (0.00)
[166/294]	nan (nan)	0.00 (0.00)
[167/294]	nan (nan)	0.00 (0.00)
[168/294]	nan (nan)	0.00 (0.00)
[169/294]	nan (nan)	0.00 (0.00)
[170/294]	nan (nan)	0.00 (0.00)
[171/294]	nan (nan)	0.00 (0.00)
[172/294]	nan (nan)	0.00 (0.00)
[173/294]	nan (nan)	0.00 (0.00)
[174/294]	nan (nan)	0.00 (0.00)
[175/294]	nan (nan)	0.00 (0.00)
[176/294]	nan (nan)	0.00 (0.00)
[177/294]	nan (nan)	0.00 (0.00)
[178/294]	nan (nan)	0.00 (0.00)
[179/294]	nan (nan)	0.00 (0.00)
[180/294]	nan (nan)	0.00 (0.00)
[181/294]	nan (nan)	0.00 (0.00)
[182/294]	nan (nan)	0.00 (0.00)
[183/294]	nan (nan)	0.00 (0.00)
[184/294]	nan (nan)	0.00 (0.00)
[185/294]	nan (nan)	0.00 (0.00)
[186/294]	nan (nan)	0.00 (0.00)
[187/294]	nan (nan)	0.00 (0.00)
[188/294]	nan (nan)	0.00 (0.00)
[189/294]	nan (nan)	0.00 (0.00)
[190/294]	nan (nan)	0.00 (0.00)
[191/294]	nan (nan)	0.00 (0.00)
[192/294]	nan (nan)	0.00 (0.00)
[193/294]	nan (nan)	0.00 (0.00)
[194/294]	nan (nan)	0.00 (0.00)
[195/294]	nan (nan)	0.00 (0.00)
[196/294]	nan (nan)	0.00 (0.00)
[197/294]	nan (nan)	0.00 (0.00)
[198/294]	nan (nan)	0.00 (0.00)
[199/294]	nan (nan)	0.00 (0.00)
[200/294]	nan (nan)	0.00 (0.00)
[201/294]	nan (nan)	0.00 (0.00)
[202/294]	nan (nan)	0.00 (0.00)
[203/294]	nan (nan)	0.00 (0.00)
[204/294]	nan (nan)	0.00 (0.00)
[205/294]	nan (nan)	0.00 (0.00)
[206/294]	nan (nan)	0.00 (0.00)
[207/294]	nan (nan)	0.00 (0.00)
[208/294]	nan (nan)	0.00 (0.00)
[209/294]	nan (nan)	0.00 (0.00)
[210/294]	nan (nan)	0.00 (0.00)
[211/294]	nan (nan)	0.00 (0.00)
[212/294]	nan (nan)	0.00 (0.00)
[213/294]	nan (nan)	0.00 (0.00)
[214/294]	nan (nan)	0.00 (0.00)
[215/294]	nan (nan)	0.00 (0.00)
[216/294]	nan (nan)	0.00 (0.00)
[217/294]	nan (nan)	0.00 (0.00)
[218/294]	nan (nan)	50.00 (0.23)
[219/294]	nan (nan)	50.00 (0.45)
[220/294]	nan (nan)	50.00 (0.68)
[221/294]	nan (nan)	50.00 (0.90)
[222/294]	nan (nan)	50.00 (1.12)
[223/294]	nan (nan)	50.00 (1.34)
[224/294]	nan (nan)	50.00 (1.56)
[225/294]	nan (nan)	50.00 (1.77)
[226/294]	nan (nan)	50.00 (1.98)
[227/294]	nan (nan)	50.00 (2.19)
[228/294]	nan (nan)	50.00 (2.40)
[229/294]	nan (nan)	50.00 (2.61)
[230/294]	nan (nan)	50.00 (2.81)
[231/294]	nan (nan)	50.00 (3.02)
[232/294]	nan (nan)	50.00 (3.22)
[233/294]	nan (nan)	50.00 (3.42)
[234/294]	nan (nan)	50.00 (3.62)
[235/294]	nan (nan)	50.00 (3.81)
[236/294]	nan (nan)	50.00 (4.01)
[237/294]	nan (nan)	50.00 (4.20)
[238/294]	nan (nan)	50.00 (4.39)
[239/294]	nan (nan)	50.00 (4.58)
[240/294]	nan (nan)	50.00 (4.77)
[241/294]	nan (nan)	50.00 (4.96)
[242/294]	nan (nan)	50.00 (5.14)
[243/294]	nan (nan)	50.00 (5.33)
[244/294]	nan (nan)	50.00 (5.51)
[245/294]	nan (nan)	50.00 (5.69)
[246/294]	nan (nan)	50.00 (5.87)
[247/294]	nan (nan)	50.00 (6.05)
[248/294]	nan (nan)	50.00 (6.22)
[249/294]	nan (nan)	50.00 (6.40)
[250/294]	nan (nan)	50.00 (6.57)
[251/294]	nan (nan)	50.00 (6.75)
[252/294]	nan (nan)	50.00 (6.92)
[253/294]	nan (nan)	50.00 (7.09)
[254/294]	nan (nan)	50.00 (7.25)
[255/294]	nan (nan)	50.00 (7.42)
[256/294]	nan (nan)	50.00 (7.59)
[257/294]	nan (nan)	50.00 (7.75)
[258/294]	nan (nan)	50.00 (7.92)
[259/294]	nan (nan)	50.00 (8.08)
[260/294]	nan (nan)	50.00 (8.24)
[261/294]	nan (nan)	50.00 (8.40)
[262/294]	nan (nan)	50.00 (8.56)
[263/294]	nan (nan)	50.00 (8.71)
[264/294]	nan (nan)	50.00 (8.87)
[265/294]	nan (nan)	50.00 (9.02)
[266/294]	nan (nan)	50.00 (9.18)
[267/294]	nan (nan)	50.00 (9.33)
[268/294]	nan (nan)	50.00 (9.48)
[269/294]	nan (nan)	50.00 (9.63)
[270/294]	nan (nan)	50.00 (9.78)
[271/294]	nan (nan)	50.00 (9.93)
[272/294]	nan (nan)	50.00 (10.07)
[273/294]	nan (nan)	50.00 (10.22)
[274/294]	nan (nan)	50.00 (10.36)
[275/294]	nan (nan)	50.00 (10.51)
[276/294]	nan (nan)	50.00 (10.65)
[277/294]	nan (nan)	50.00 (10.79)
[278/294]	nan (nan)	50.00 (10.93)
[279/294]	nan (nan)	50.00 (11.07)
[280/294]	nan (nan)	50.00 (11.21)
[281/294]	nan (nan)	50.00 (11.35)
[282/294]	nan (nan)	50.00 (11.48)
[283/294]	nan (nan)	50.00 (11.62)
[284/294]	nan (nan)	50.00 (11.75)
[285/294]	nan (nan)	50.00 (11.89)
[286/294]	nan (nan)	50.00 (12.02)
[287/294]	nan (nan)	50.00 (12.15)
[288/294]	nan (nan)	50.00 (12.28)
[289/294]	nan (nan)	50.00 (12.41)
[290/294]	nan (nan)	50.00 (12.54)
[291/294]	nan (nan)	50.00 (12.67)
[292/294]	nan (nan)	50.00 (12.80)
[293/294]	nan (nan)	50.00 (12.93)
 * Train Acc: 12.925
 * Avg. Data time: 0.021, Avg. Batch time: 0.059, Avg. Forward time: 0.004, Avg. Backward time: 0.026
Computing MAS
 * Val Acc: 11.973, Time: 5.50
 * Test Acc: 12.714, Time: 14.89
=============Training Task 4=============
Active output nodes for this task: 
[0, 1, 2, 3, 4, 5, 6, 7, 8, 9]
=============Training Epoch 0=============
#reg terms:  1
Batch	 Loss		 Acc
[0/294]	nan (nan)	0.00 (0.00)
[1/294]	nan (nan)	0.00 (0.00)
[2/294]	nan (nan)	0.00 (0.00)
[3/294]	nan (nan)	0.00 (0.00)
[4/294]	nan (nan)	0.00 (0.00)
[5/294]	nan (nan)	0.00 (0.00)
[6/294]	nan (nan)	0.00 (0.00)
[7/294]	nan (nan)	0.00 (0.00)
[8/294]	nan (nan)	0.00 (0.00)
[9/294]	nan (nan)	0.00 (0.00)
[10/294]	nan (nan)	0.00 (0.00)
[11/294]	nan (nan)	0.00 (0.00)
[12/294]	nan (nan)	0.00 (0.00)
[13/294]	nan (nan)	0.00 (0.00)
[14/294]	nan (nan)	0.00 (0.00)
[15/294]	nan (nan)	0.00 (0.00)
[16/294]	nan (nan)	0.00 (0.00)
[17/294]	nan (nan)	0.00 (0.00)
[18/294]	nan (nan)	0.00 (0.00)
[19/294]	nan (nan)	0.00 (0.00)
[20/294]	nan (nan)	0.00 (0.00)
[21/294]	nan (nan)	0.00 (0.00)
[22/294]	nan (nan)	0.00 (0.00)
[23/294]	nan (nan)	0.00 (0.00)
[24/294]	nan (nan)	0.00 (0.00)
[25/294]	nan (nan)	0.00 (0.00)
[26/294]	nan (nan)	0.00 (0.00)
[27/294]	nan (nan)	0.00 (0.00)
[28/294]	nan (nan)	0.00 (0.00)
[29/294]	nan (nan)	0.00 (0.00)
[30/294]	nan (nan)	0.00 (0.00)
[31/294]	nan (nan)	0.00 (0.00)
[32/294]	nan (nan)	0.00 (0.00)
[33/294]	nan (nan)	0.00 (0.00)
[34/294]	nan (nan)	0.00 (0.00)
[35/294]	nan (nan)	0.00 (0.00)
[36/294]	nan (nan)	0.00 (0.00)
[37/294]	nan (nan)	0.00 (0.00)
[38/294]	nan (nan)	0.00 (0.00)
[39/294]	nan (nan)	0.00 (0.00)
[40/294]	nan (nan)	0.00 (0.00)
[41/294]	nan (nan)	0.00 (0.00)
[42/294]	nan (nan)	0.00 (0.00)
[43/294]	nan (nan)	0.00 (0.00)
[44/294]	nan (nan)	0.00 (0.00)
[45/294]	nan (nan)	0.00 (0.00)
[46/294]	nan (nan)	0.00 (0.00)
[47/294]	nan (nan)	0.00 (0.00)
[48/294]	nan (nan)	0.00 (0.00)
[49/294]	nan (nan)	0.00 (0.00)
[50/294]	nan (nan)	0.00 (0.00)
[51/294]	nan (nan)	0.00 (0.00)
[52/294]	nan (nan)	0.00 (0.00)
[53/294]	nan (nan)	0.00 (0.00)
[54/294]	nan (nan)	0.00 (0.00)
[55/294]	nan (nan)	0.00 (0.00)
[56/294]	nan (nan)	0.00 (0.00)
[57/294]	nan (nan)	0.00 (0.00)
[58/294]	nan (nan)	0.00 (0.00)
[59/294]	nan (nan)	0.00 (0.00)
[60/294]	nan (nan)	0.00 (0.00)
[61/294]	nan (nan)	0.00 (0.00)
[62/294]	nan (nan)	0.00 (0.00)
[63/294]	nan (nan)	0.00 (0.00)
[64/294]	nan (nan)	0.00 (0.00)
[65/294]	nan (nan)	0.00 (0.00)
[66/294]	nan (nan)	0.00 (0.00)
[67/294]	nan (nan)	0.00 (0.00)
[68/294]	nan (nan)	0.00 (0.00)
[69/294]	nan (nan)	0.00 (0.00)
[70/294]	nan (nan)	0.00 (0.00)
[71/294]	nan (nan)	0.00 (0.00)
[72/294]	nan (nan)	0.00 (0.00)
[73/294]	nan (nan)	0.00 (0.00)
[74/294]	nan (nan)	0.00 (0.00)
[75/294]	nan (nan)	0.00 (0.00)
[76/294]	nan (nan)	0.00 (0.00)
[77/294]	nan (nan)	0.00 (0.00)
[78/294]	nan (nan)	0.00 (0.00)
[79/294]	nan (nan)	0.00 (0.00)
[80/294]	nan (nan)	0.00 (0.00)
[81/294]	nan (nan)	0.00 (0.00)
[82/294]	nan (nan)	0.00 (0.00)
[83/294]	nan (nan)	0.00 (0.00)
[84/294]	nan (nan)	0.00 (0.00)
[85/294]	nan (nan)	0.00 (0.00)
[86/294]	nan (nan)	0.00 (0.00)
[87/294]	nan (nan)	0.00 (0.00)
[88/294]	nan (nan)	0.00 (0.00)
[89/294]	nan (nan)	0.00 (0.00)
[90/294]	nan (nan)	0.00 (0.00)
[91/294]	nan (nan)	0.00 (0.00)
[92/294]	nan (nan)	0.00 (0.00)
[93/294]	nan (nan)	0.00 (0.00)
[94/294]	nan (nan)	0.00 (0.00)
[95/294]	nan (nan)	0.00 (0.00)
[96/294]	nan (nan)	0.00 (0.00)
[97/294]	nan (nan)	0.00 (0.00)
[98/294]	nan (nan)	0.00 (0.00)
[99/294]	nan (nan)	0.00 (0.00)
[100/294]	nan (nan)	0.00 (0.00)
[101/294]	nan (nan)	0.00 (0.00)
[102/294]	nan (nan)	0.00 (0.00)
[103/294]	nan (nan)	0.00 (0.00)
[104/294]	nan (nan)	0.00 (0.00)
[105/294]	nan (nan)	0.00 (0.00)
[106/294]	nan (nan)	0.00 (0.00)
[107/294]	nan (nan)	0.00 (0.00)
[108/294]	nan (nan)	0.00 (0.00)
[109/294]	nan (nan)	0.00 (0.00)
[110/294]	nan (nan)	0.00 (0.00)
[111/294]	nan (nan)	0.00 (0.00)
[112/294]	nan (nan)	0.00 (0.00)
[113/294]	nan (nan)	0.00 (0.00)
[114/294]	nan (nan)	0.00 (0.00)
[115/294]	nan (nan)	0.00 (0.00)
[116/294]	nan (nan)	0.00 (0.00)
[117/294]	nan (nan)	0.00 (0.00)
[118/294]	nan (nan)	0.00 (0.00)
[119/294]	nan (nan)	0.00 (0.00)
[120/294]	nan (nan)	0.00 (0.00)
[121/294]	nan (nan)	0.00 (0.00)
[122/294]	nan (nan)	0.00 (0.00)
[123/294]	nan (nan)	0.00 (0.00)
[124/294]	nan (nan)	0.00 (0.00)
[125/294]	nan (nan)	0.00 (0.00)
[126/294]	nan (nan)	0.00 (0.00)
[127/294]	nan (nan)	0.00 (0.00)
[128/294]	nan (nan)	0.00 (0.00)
[129/294]	nan (nan)	0.00 (0.00)
[130/294]	nan (nan)	0.00 (0.00)
[131/294]	nan (nan)	0.00 (0.00)
[132/294]	nan (nan)	0.00 (0.00)
[133/294]	nan (nan)	0.00 (0.00)
[134/294]	nan (nan)	0.00 (0.00)
[135/294]	nan (nan)	0.00 (0.00)
[136/294]	nan (nan)	0.00 (0.00)
[137/294]	nan (nan)	0.00 (0.00)
[138/294]	nan (nan)	0.00 (0.00)
[139/294]	nan (nan)	0.00 (0.00)
[140/294]	nan (nan)	0.00 (0.00)
[141/294]	nan (nan)	0.00 (0.00)
[142/294]	nan (nan)	0.00 (0.00)
[143/294]	nan (nan)	0.00 (0.00)
[144/294]	nan (nan)	0.00 (0.00)
[145/294]	nan (nan)	0.00 (0.00)
[146/294]	nan (nan)	0.00 (0.00)
[147/294]	nan (nan)	0.00 (0.00)
[148/294]	nan (nan)	0.00 (0.00)
[149/294]	nan (nan)	0.00 (0.00)
[150/294]	nan (nan)	0.00 (0.00)
[151/294]	nan (nan)	0.00 (0.00)
[152/294]	nan (nan)	0.00 (0.00)
[153/294]	nan (nan)	0.00 (0.00)
[154/294]	nan (nan)	0.00 (0.00)
[155/294]	nan (nan)	0.00 (0.00)
[156/294]	nan (nan)	0.00 (0.00)
[157/294]	nan (nan)	0.00 (0.00)
[158/294]	nan (nan)	0.00 (0.00)
[159/294]	nan (nan)	0.00 (0.00)
[160/294]	nan (nan)	0.00 (0.00)
[161/294]	nan (nan)	0.00 (0.00)
[162/294]	nan (nan)	0.00 (0.00)
[163/294]	nan (nan)	0.00 (0.00)
[164/294]	nan (nan)	0.00 (0.00)
[165/294]	nan (nan)	0.00 (0.00)
[166/294]	nan (nan)	0.00 (0.00)
[167/294]	nan (nan)	0.00 (0.00)
[168/294]	nan (nan)	0.00 (0.00)
[169/294]	nan (nan)	0.00 (0.00)
[170/294]	nan (nan)	0.00 (0.00)
[171/294]	nan (nan)	0.00 (0.00)
[172/294]	nan (nan)	0.00 (0.00)
[173/294]	nan (nan)	0.00 (0.00)
[174/294]	nan (nan)	0.00 (0.00)
[175/294]	nan (nan)	0.00 (0.00)
[176/294]	nan (nan)	0.00 (0.00)
[177/294]	nan (nan)	0.00 (0.00)
[178/294]	nan (nan)	0.00 (0.00)
[179/294]	nan (nan)	0.00 (0.00)
[180/294]	nan (nan)	0.00 (0.00)
[181/294]	nan (nan)	0.00 (0.00)
[182/294]	nan (nan)	0.00 (0.00)
[183/294]	nan (nan)	0.00 (0.00)
[184/294]	nan (nan)	0.00 (0.00)
[185/294]	nan (nan)	0.00 (0.00)
[186/294]	nan (nan)	0.00 (0.00)
[187/294]	nan (nan)	0.00 (0.00)
[188/294]	nan (nan)	0.00 (0.00)
[189/294]	nan (nan)	0.00 (0.00)
[190/294]	nan (nan)	0.00 (0.00)
[191/294]	nan (nan)	0.00 (0.00)
[192/294]	nan (nan)	0.00 (0.00)
[193/294]	nan (nan)	0.00 (0.00)
[194/294]	nan (nan)	0.00 (0.00)
[195/294]	nan (nan)	0.00 (0.00)
[196/294]	nan (nan)	0.00 (0.00)
[197/294]	nan (nan)	0.00 (0.00)
[198/294]	nan (nan)	0.00 (0.00)
[199/294]	nan (nan)	0.00 (0.00)
[200/294]	nan (nan)	0.00 (0.00)
[201/294]	nan (nan)	0.00 (0.00)
[202/294]	nan (nan)	0.00 (0.00)
[203/294]	nan (nan)	0.00 (0.00)
[204/294]	nan (nan)	0.00 (0.00)
[205/294]	nan (nan)	0.00 (0.00)
[206/294]	nan (nan)	0.00 (0.00)
[207/294]	nan (nan)	0.00 (0.00)
[208/294]	nan (nan)	0.00 (0.00)
[209/294]	nan (nan)	0.00 (0.00)
[210/294]	nan (nan)	0.00 (0.00)
[211/294]	nan (nan)	0.00 (0.00)
[212/294]	nan (nan)	0.00 (0.00)
[213/294]	nan (nan)	0.00 (0.00)
[214/294]	nan (nan)	0.00 (0.00)
[215/294]	nan (nan)	0.00 (0.00)
[216/294]	nan (nan)	0.00 (0.00)
[217/294]	nan (nan)	0.00 (0.00)
[218/294]	nan (nan)	0.00 (0.00)
[219/294]	nan (nan)	0.00 (0.00)
[220/294]	nan (nan)	0.00 (0.00)
[221/294]	nan (nan)	0.00 (0.00)
[222/294]	nan (nan)	0.00 (0.00)
[223/294]	nan (nan)	0.00 (0.00)
[224/294]	nan (nan)	0.00 (0.00)
[225/294]	nan (nan)	0.00 (0.00)
[226/294]	nan (nan)	0.00 (0.00)
[227/294]	nan (nan)	0.00 (0.00)
[228/294]	nan (nan)	0.00 (0.00)
[229/294]	nan (nan)	0.00 (0.00)
[230/294]	nan (nan)	0.00 (0.00)
[231/294]	nan (nan)	0.00 (0.00)
[232/294]	nan (nan)	0.00 (0.00)
[233/294]	nan (nan)	0.00 (0.00)
[234/294]	nan (nan)	0.00 (0.00)
[235/294]	nan (nan)	0.00 (0.00)
[236/294]	nan (nan)	0.00 (0.00)
[237/294]	nan (nan)	0.00 (0.00)
[238/294]	nan (nan)	0.00 (0.00)
[239/294]	nan (nan)	0.00 (0.00)
[240/294]	nan (nan)	0.00 (0.00)
[241/294]	nan (nan)	0.00 (0.00)
[242/294]	nan (nan)	0.00 (0.00)
[243/294]	nan (nan)	0.00 (0.00)
[244/294]	nan (nan)	0.00 (0.00)
[245/294]	nan (nan)	0.00 (0.00)
[246/294]	nan (nan)	0.00 (0.00)
[247/294]	nan (nan)	0.00 (0.00)
[248/294]	nan (nan)	50.00 (0.20)
[249/294]	nan (nan)	50.00 (0.40)
[250/294]	nan (nan)	50.00 (0.60)
[251/294]	nan (nan)	50.00 (0.79)
[252/294]	nan (nan)	50.00 (0.99)
[253/294]	nan (nan)	50.00 (1.18)
[254/294]	nan (nan)	50.00 (1.37)
[255/294]	nan (nan)	50.00 (1.56)
[256/294]	nan (nan)	50.00 (1.75)
[257/294]	nan (nan)	50.00 (1.94)
[258/294]	nan (nan)	50.00 (2.12)
[259/294]	nan (nan)	50.00 (2.31)
[260/294]	nan (nan)	50.00 (2.49)
[261/294]	nan (nan)	50.00 (2.67)
[262/294]	nan (nan)	50.00 (2.85)
[263/294]	nan (nan)	50.00 (3.03)
[264/294]	nan (nan)	50.00 (3.21)
[265/294]	nan (nan)	50.00 (3.38)
[266/294]	nan (nan)	50.00 (3.56)
[267/294]	nan (nan)	50.00 (3.73)
[268/294]	nan (nan)	50.00 (3.90)
[269/294]	nan (nan)	50.00 (4.07)
[270/294]	nan (nan)	50.00 (4.24)
[271/294]	nan (nan)	50.00 (4.41)
[272/294]	nan (nan)	50.00 (4.58)
[273/294]	nan (nan)	50.00 (4.74)
[274/294]	nan (nan)	50.00 (4.91)
[275/294]	nan (nan)	50.00 (5.07)
[276/294]	nan (nan)	50.00 (5.23)
[277/294]	nan (nan)	50.00 (5.40)
[278/294]	nan (nan)	50.00 (5.56)
[279/294]	nan (nan)	50.00 (5.71)
[280/294]	nan (nan)	50.00 (5.87)
[281/294]	nan (nan)	50.00 (6.03)
[282/294]	nan (nan)	50.00 (6.18)
[283/294]	nan (nan)	50.00 (6.34)
[284/294]	nan (nan)	50.00 (6.49)
[285/294]	nan (nan)	50.00 (6.64)
[286/294]	nan (nan)	50.00 (6.79)
[287/294]	nan (nan)	50.00 (6.94)
[288/294]	nan (nan)	50.00 (7.09)
[289/294]	nan (nan)	50.00 (7.24)
[290/294]	nan (nan)	50.00 (7.39)
[291/294]	nan (nan)	50.00 (7.53)
[292/294]	nan (nan)	50.00 (7.68)
[293/294]	nan (nan)	50.00 (7.82)
 * Train Acc: 7.823
 * Avg. Data time: 0.020, Avg. Batch time: 0.057, Avg. Forward time: 0.004, Avg. Backward time: 0.025
Computing MAS
