=============Stream Learning Run 0=============
Changing output layer to contain 12 classes
============BEGINNING STREAM LEARNING============
=============Training Task 0=============
Active output nodes for this task: 
[0, 1]
=============Training Epoch 0=============
#reg terms:  0
Batch	 Loss		 Acc
[0/294]	1.884 (1.884)	45.00 (45.00)
[1/294]	1.394 (1.639)	45.00 (45.00)
[2/294]	1.361 (1.546)	50.00 (46.67)
[3/294]	1.244 (1.471)	50.00 (47.50)
[4/294]	1.046 (1.386)	35.00 (45.00)
[5/294]	0.910 (1.307)	50.00 (45.83)
[6/294]	0.658 (1.214)	55.00 (47.14)
[7/294]	0.796 (1.162)	55.00 (48.12)
[8/294]	0.580 (1.097)	70.00 (50.56)
[9/294]	0.576 (1.045)	75.00 (53.00)
[10/294]	0.861 (1.028)	40.00 (51.82)
[11/294]	0.905 (1.018)	20.00 (49.17)
[12/294]	0.717 (0.995)	60.00 (50.00)
[13/294]	0.718 (0.975)	65.00 (51.07)
[14/294]	1.199 (0.990)	30.00 (49.67)
[15/294]	1.080 (0.995)	30.00 (48.44)
[16/294]	0.879 (0.989)	30.00 (47.35)
[17/294]	0.786 (0.977)	50.00 (47.50)
[18/294]	0.787 (0.967)	55.00 (47.89)
[19/294]	0.865 (0.962)	45.00 (47.75)
[20/294]	0.771 (0.953)	35.00 (47.14)
[21/294]	0.920 (0.952)	60.00 (47.73)
[22/294]	0.890 (0.949)	40.00 (47.39)
[23/294]	0.757 (0.941)	40.00 (47.08)
[24/294]	0.657 (0.930)	75.00 (48.20)
[25/294]	0.663 (0.919)	65.00 (48.85)
[26/294]	0.758 (0.913)	45.00 (48.70)
[27/294]	0.952 (0.915)	45.00 (48.57)
[28/294]	0.615 (0.904)	60.00 (48.97)
[29/294]	0.502 (0.891)	80.00 (50.00)
[30/294]	0.509 (0.879)	85.00 (51.13)
[31/294]	0.973 (0.882)	10.00 (49.84)
[32/294]	0.768 (0.878)	60.00 (50.15)
[33/294]	0.601 (0.870)	80.00 (51.03)
[34/294]	0.658 (0.864)	65.00 (51.43)
[35/294]	0.501 (0.854)	75.00 (52.08)
[36/294]	0.671 (0.849)	55.00 (52.16)
[37/294]	0.812 (0.848)	35.00 (51.71)
[38/294]	0.559 (0.841)	70.00 (52.18)
[39/294]	0.635 (0.835)	60.00 (52.38)
[40/294]	0.746 (0.833)	40.00 (52.07)
[41/294]	0.706 (0.830)	60.00 (52.26)
[42/294]	0.632 (0.826)	65.00 (52.56)
[43/294]	0.660 (0.822)	50.00 (52.50)
[44/294]	0.957 (0.825)	50.00 (52.44)
[45/294]	0.507 (0.818)	80.00 (53.04)
[46/294]	0.699 (0.815)	55.00 (53.09)
[47/294]	0.892 (0.817)	40.00 (52.81)
[48/294]	0.790 (0.816)	55.00 (52.86)
[49/294]	0.613 (0.812)	65.00 (53.10)
[50/294]	0.659 (0.809)	55.00 (53.14)
[51/294]	0.588 (0.805)	75.00 (53.56)
[52/294]	0.560 (0.800)	85.00 (54.15)
[53/294]	0.514 (0.795)	85.00 (54.72)
[54/294]	0.450 (0.789)	85.00 (55.27)
[55/294]	0.770 (0.789)	50.00 (55.18)
[56/294]	0.489 (0.783)	80.00 (55.61)
[57/294]	0.464 (0.778)	80.00 (56.03)
[58/294]	0.688 (0.776)	65.00 (56.19)
[59/294]	0.505 (0.772)	60.00 (56.25)
[60/294]	0.600 (0.769)	65.00 (56.39)
[61/294]	0.781 (0.769)	50.00 (56.29)
[62/294]	0.794 (0.770)	50.00 (56.19)
[63/294]	0.609 (0.767)	55.00 (56.17)
[64/294]	0.647 (0.765)	50.00 (56.08)
[65/294]	0.687 (0.764)	60.00 (56.14)
[66/294]	0.468 (0.760)	80.00 (56.49)
[67/294]	0.605 (0.757)	65.00 (56.62)
[68/294]	0.635 (0.756)	60.00 (56.67)
[69/294]	0.720 (0.755)	40.00 (56.43)
[70/294]	0.599 (0.753)	85.00 (56.83)
[71/294]	0.435 (0.748)	90.00 (57.29)
[72/294]	0.446 (0.744)	90.00 (57.74)
[73/294]	0.432 (0.740)	100.00 (58.31)
[74/294]	0.427 (0.736)	90.00 (58.73)
[75/294]	0.500 (0.733)	80.00 (59.01)
[76/294]	0.608 (0.731)	65.00 (59.09)
[77/294]	0.444 (0.727)	90.00 (59.49)
[78/294]	0.427 (0.724)	85.00 (59.81)
[79/294]	0.430 (0.720)	85.00 (60.12)
[80/294]	0.612 (0.719)	75.00 (60.31)
[81/294]	0.472 (0.716)	85.00 (60.61)
[82/294]	0.494 (0.713)	80.00 (60.84)
[83/294]	0.522 (0.711)	70.00 (60.95)
[84/294]	0.602 (0.709)	60.00 (60.94)
[85/294]	0.486 (0.707)	85.00 (61.22)
[86/294]	0.390 (0.703)	95.00 (61.61)
[87/294]	0.542 (0.701)	75.00 (61.76)
[88/294]	0.344 (0.697)	95.00 (62.13)
[89/294]	0.316 (0.693)	95.00 (62.50)
[90/294]	0.268 (0.688)	95.00 (62.86)
[91/294]	0.558 (0.687)	85.00 (63.10)
[92/294]	0.519 (0.685)	85.00 (63.33)
[93/294]	0.615 (0.684)	70.00 (63.40)
[94/294]	0.629 (0.684)	60.00 (63.37)
[95/294]	0.353 (0.680)	90.00 (63.65)
[96/294]	0.454 (0.678)	85.00 (63.87)
[97/294]	0.402 (0.675)	90.00 (64.13)
[98/294]	0.342 (0.672)	100.00 (64.49)
[99/294]	0.501 (0.670)	70.00 (64.55)
[100/294]	0.673 (0.670)	55.00 (64.46)
[101/294]	0.465 (0.668)	60.00 (64.41)
[102/294]	0.582 (0.667)	60.00 (64.37)
[103/294]	0.560 (0.666)	80.00 (64.52)
[104/294]	0.584 (0.666)	75.00 (64.62)
[105/294]	0.191 (0.661)	100.00 (64.95)
[106/294]	0.196 (0.657)	100.00 (65.28)
[107/294]	0.334 (0.654)	95.00 (65.56)
[108/294]	0.342 (0.651)	95.00 (65.83)
[109/294]	0.554 (0.650)	65.00 (65.82)
[110/294]	0.744 (0.651)	50.00 (65.68)
[111/294]	0.831 (0.652)	50.00 (65.54)
[112/294]	0.462 (0.651)	85.00 (65.71)
[113/294]	0.598 (0.650)	75.00 (65.79)
[114/294]	0.574 (0.650)	65.00 (65.78)
[115/294]	0.369 (0.647)	100.00 (66.08)
[116/294]	0.622 (0.647)	65.00 (66.07)
[117/294]	0.571 (0.646)	75.00 (66.14)
[118/294]	0.414 (0.644)	85.00 (66.30)
[119/294]	0.571 (0.644)	75.00 (66.38)
[120/294]	0.388 (0.642)	75.00 (66.45)
[121/294]	0.248 (0.638)	100.00 (66.72)
[122/294]	0.435 (0.637)	90.00 (66.91)
[123/294]	0.640 (0.637)	60.00 (66.85)
[124/294]	0.697 (0.637)	35.00 (66.60)
[125/294]	0.359 (0.635)	90.00 (66.79)
[126/294]	0.600 (0.635)	75.00 (66.85)
[127/294]	0.388 (0.633)	85.00 (66.99)
[128/294]	0.349 (0.631)	95.00 (67.21)
[129/294]	0.411 (0.629)	95.00 (67.42)
[130/294]	0.296 (0.626)	100.00 (67.67)
[131/294]	0.273 (0.624)	95.00 (67.88)
[132/294]	0.461 (0.623)	80.00 (67.97)
[133/294]	0.307 (0.620)	100.00 (68.21)
[134/294]	0.359 (0.618)	95.00 (68.41)
[135/294]	0.399 (0.617)	80.00 (68.49)
[136/294]	0.237 (0.614)	100.00 (68.72)
[137/294]	0.240 (0.611)	100.00 (68.95)
[138/294]	0.329 (0.609)	95.00 (69.14)
[139/294]	0.241 (0.607)	100.00 (69.36)
[140/294]	0.304 (0.604)	95.00 (69.54)
[141/294]	0.336 (0.602)	95.00 (69.72)
[142/294]	0.326 (0.601)	90.00 (69.86)
[143/294]	0.236 (0.598)	95.00 (70.03)
[144/294]	0.489 (0.597)	90.00 (70.17)
[145/294]	0.560 (0.597)	80.00 (70.24)
[146/294]	0.489 (0.596)	75.00 (70.27)
[147/294]	0.427 (0.595)	80.00 (70.34)
[148/294]	0.439 (0.594)	85.00 (70.44)
[149/294]	0.219 (0.592)	95.00 (70.60)
[150/294]	0.229 (0.589)	100.00 (70.79)
[151/294]	0.378 (0.588)	85.00 (70.89)
[152/294]	0.380 (0.586)	95.00 (71.05)
[153/294]	0.319 (0.585)	85.00 (71.14)
[154/294]	0.762 (0.586)	40.00 (70.94)
[155/294]	0.395 (0.585)	85.00 (71.03)
[156/294]	0.319 (0.583)	90.00 (71.15)
[157/294]	0.534 (0.583)	65.00 (71.11)
[158/294]	0.424 (0.582)	90.00 (71.23)
[159/294]	0.491 (0.581)	80.00 (71.28)
[160/294]	0.478 (0.580)	75.00 (71.30)
[161/294]	0.334 (0.579)	75.00 (71.33)
[162/294]	0.313 (0.577)	95.00 (71.47)
[163/294]	0.342 (0.576)	95.00 (71.62)
[164/294]	0.300 (0.574)	85.00 (71.70)
[165/294]	0.382 (0.573)	80.00 (71.75)
[166/294]	0.356 (0.572)	95.00 (71.89)
[167/294]	0.430 (0.571)	90.00 (71.99)
[168/294]	0.500 (0.570)	80.00 (72.04)
[169/294]	0.300 (0.569)	90.00 (72.15)
[170/294]	0.352 (0.568)	85.00 (72.22)
[171/294]	0.425 (0.567)	85.00 (72.30)
[172/294]	0.142 (0.564)	100.00 (72.46)
[173/294]	0.317 (0.563)	90.00 (72.56)
[174/294]	0.485 (0.562)	80.00 (72.60)
[175/294]	0.390 (0.561)	75.00 (72.61)
[176/294]	0.351 (0.560)	85.00 (72.68)
[177/294]	0.397 (0.559)	80.00 (72.72)
[178/294]	0.483 (0.559)	75.00 (72.74)
[179/294]	0.419 (0.558)	95.00 (72.86)
[180/294]	0.427 (0.557)	90.00 (72.96)
[181/294]	0.300 (0.556)	90.00 (73.05)
[182/294]	0.129 (0.554)	100.00 (73.20)
[183/294]	0.123 (0.551)	100.00 (73.34)
[184/294]	0.180 (0.549)	100.00 (73.49)
[185/294]	0.441 (0.549)	90.00 (73.58)
[186/294]	0.450 (0.548)	70.00 (73.56)
[187/294]	0.473 (0.548)	80.00 (73.59)
[188/294]	0.634 (0.548)	70.00 (73.57)
[189/294]	0.362 (0.547)	85.00 (73.63)
[190/294]	0.262 (0.546)	95.00 (73.74)
[191/294]	0.277 (0.544)	90.00 (73.83)
[192/294]	0.248 (0.543)	95.00 (73.94)
[193/294]	0.274 (0.541)	100.00 (74.07)
[194/294]	0.366 (0.541)	85.00 (74.13)
[195/294]	0.300 (0.539)	90.00 (74.21)
[196/294]	0.157 (0.537)	100.00 (74.34)
[197/294]	0.471 (0.537)	75.00 (74.34)
[198/294]	0.573 (0.537)	60.00 (74.27)
[199/294]	0.104 (0.535)	100.00 (74.40)
[200/294]	0.207 (0.533)	100.00 (74.53)
[201/294]	0.196 (0.532)	95.00 (74.63)
[202/294]	0.206 (0.530)	100.00 (74.75)
[203/294]	0.250 (0.529)	95.00 (74.85)
[204/294]	0.348 (0.528)	90.00 (74.93)
[205/294]	0.297 (0.527)	100.00 (75.05)
[206/294]	0.088 (0.525)	100.00 (75.17)
[207/294]	0.203 (0.523)	95.00 (75.26)
[208/294]	0.214 (0.522)	95.00 (75.36)
[209/294]	0.706 (0.523)	70.00 (75.33)
[210/294]	0.238 (0.521)	95.00 (75.43)
[211/294]	0.298 (0.520)	90.00 (75.50)
[212/294]	0.243 (0.519)	95.00 (75.59)
[213/294]	0.185 (0.517)	95.00 (75.68)
[214/294]	0.218 (0.516)	100.00 (75.79)
[215/294]	0.230 (0.515)	100.00 (75.90)
[216/294]	0.156 (0.513)	100.00 (76.01)
[217/294]	0.470 (0.513)	80.00 (76.03)
[218/294]	0.347 (0.512)	85.00 (76.07)
[219/294]	0.238 (0.511)	95.00 (76.16)
[220/294]	0.322 (0.510)	80.00 (76.18)
[221/294]	0.299 (0.509)	90.00 (76.24)
[222/294]	0.433 (0.509)	80.00 (76.26)
[223/294]	0.381 (0.508)	90.00 (76.32)
[224/294]	0.349 (0.507)	80.00 (76.33)
[225/294]	0.478 (0.507)	75.00 (76.33)
[226/294]	0.492 (0.507)	75.00 (76.32)
[227/294]	0.492 (0.507)	85.00 (76.36)
[228/294]	0.565 (0.507)	70.00 (76.33)
[229/294]	0.194 (0.506)	95.00 (76.41)
[230/294]	0.015 (0.504)	100.00 (76.52)
[231/294]	0.377 (0.503)	90.00 (76.57)
[232/294]	0.322 (0.502)	85.00 (76.61)
[233/294]	0.179 (0.501)	100.00 (76.71)
[234/294]	0.224 (0.500)	100.00 (76.81)
[235/294]	0.313 (0.499)	90.00 (76.86)
[236/294]	0.344 (0.498)	80.00 (76.88)
[237/294]	0.335 (0.498)	90.00 (76.93)
[238/294]	0.118 (0.496)	100.00 (77.03)
[239/294]	0.101 (0.495)	100.00 (77.12)
[240/294]	0.183 (0.493)	100.00 (77.22)
[241/294]	0.180 (0.492)	100.00 (77.31)
[242/294]	0.252 (0.491)	90.00 (77.37)
[243/294]	0.244 (0.490)	85.00 (77.40)
[244/294]	0.470 (0.490)	80.00 (77.41)
[245/294]	0.436 (0.490)	80.00 (77.42)
[246/294]	0.307 (0.489)	90.00 (77.47)
[247/294]	0.285 (0.488)	90.00 (77.52)
[248/294]	0.108 (0.487)	100.00 (77.61)
[249/294]	0.087 (0.485)	100.00 (77.70)
[250/294]	0.179 (0.484)	95.00 (77.77)
[251/294]	0.390 (0.483)	90.00 (77.82)
[252/294]	0.168 (0.482)	100.00 (77.91)
[253/294]	0.210 (0.481)	95.00 (77.97)
[254/294]	0.270 (0.480)	90.00 (78.02)
[255/294]	0.507 (0.480)	70.00 (77.99)
[256/294]	0.163 (0.479)	100.00 (78.07)
[257/294]	0.130 (0.478)	100.00 (78.16)
[258/294]	0.101 (0.476)	100.00 (78.24)
[259/294]	0.061 (0.475)	100.00 (78.33)
[260/294]	0.047 (0.473)	100.00 (78.41)
[261/294]	0.048 (0.471)	100.00 (78.49)
[262/294]	0.125 (0.470)	100.00 (78.57)
[263/294]	0.255 (0.469)	100.00 (78.66)
[264/294]	0.352 (0.469)	90.00 (78.70)
[265/294]	0.446 (0.469)	75.00 (78.68)
[266/294]	0.201 (0.468)	90.00 (78.73)
[267/294]	0.225 (0.467)	90.00 (78.77)
[268/294]	0.295 (0.466)	90.00 (78.81)
[269/294]	0.184 (0.465)	95.00 (78.87)
[270/294]	0.219 (0.464)	100.00 (78.95)
[271/294]	0.289 (0.464)	85.00 (78.97)
[272/294]	0.462 (0.464)	85.00 (78.99)
[273/294]	0.112 (0.462)	95.00 (79.05)
[274/294]	0.271 (0.462)	90.00 (79.09)
[275/294]	0.269 (0.461)	90.00 (79.13)
[276/294]	0.297 (0.460)	100.00 (79.21)
[277/294]	0.235 (0.460)	100.00 (79.28)
[278/294]	0.286 (0.459)	85.00 (79.30)
[279/294]	0.438 (0.459)	70.00 (79.27)
[280/294]	0.066 (0.457)	100.00 (79.34)
[281/294]	0.195 (0.456)	90.00 (79.38)
[282/294]	0.257 (0.456)	95.00 (79.43)
[283/294]	0.359 (0.455)	80.00 (79.44)
[284/294]	0.185 (0.454)	95.00 (79.49)
[285/294]	0.175 (0.454)	100.00 (79.56)
[286/294]	0.209 (0.453)	90.00 (79.60)
[287/294]	0.134 (0.452)	100.00 (79.67)
[288/294]	0.200 (0.451)	95.00 (79.72)
[289/294]	0.185 (0.450)	100.00 (79.79)
[290/294]	0.076 (0.448)	95.00 (79.85)
[291/294]	0.042 (0.447)	100.00 (79.91)
[292/294]	0.113 (0.446)	100.00 (79.98)
[293/294]	0.136 (0.445)	95.00 (80.03)
 * Train Acc: 80.034
 * Avg. Data time: 0.004, Avg. Batch time: 0.053, Avg. Forward time: 0.004, Avg. Backward time: 0.040
Computing SI
 * Val Acc: 89.855, Time: 1.39
 * Test Acc: 92.842, Time: 2.18
=============Training Task 1=============
Active output nodes for this task: 
[0, 1, 2, 3]
=============Training Epoch 0=============
#reg terms:  1
Batch	 Loss		 Acc
[0/294]	3.198 (3.198)	0.00 (0.00)
[1/294]	3.282 (3.240)	0.00 (0.00)
[2/294]	3.391 (3.290)	0.00 (0.00)
[3/294]	2.535 (3.101)	0.00 (0.00)
[4/294]	2.142 (2.909)	10.00 (2.00)
[5/294]	1.945 (2.749)	0.00 (1.67)
[6/294]	2.246 (2.677)	0.00 (1.43)
[7/294]	1.550 (2.536)	45.00 (6.88)
[8/294]	1.567 (2.428)	50.00 (11.67)
[9/294]	1.358 (2.321)	45.00 (15.00)
[10/294]	1.325 (2.231)	45.00 (17.73)
[11/294]	1.388 (2.161)	45.00 (20.00)
[12/294]	1.262 (2.091)	50.00 (22.31)
[13/294]	0.790 (1.999)	60.00 (25.00)
[14/294]	1.229 (1.947)	40.00 (26.00)
[15/294]	0.932 (1.884)	50.00 (27.50)
[16/294]	0.920 (1.827)	50.00 (28.82)
[17/294]	0.725 (1.766)	55.00 (30.28)
[18/294]	0.752 (1.712)	55.00 (31.58)
[19/294]	0.759 (1.665)	50.00 (32.50)
[20/294]	1.047 (1.635)	25.00 (32.14)
[21/294]	0.747 (1.595)	55.00 (33.18)
[22/294]	0.912 (1.565)	45.00 (33.70)
[23/294]	0.860 (1.536)	50.00 (34.38)
[24/294]	0.776 (1.505)	55.00 (35.20)
[25/294]	0.904 (1.482)	50.00 (35.77)
[26/294]	0.789 (1.457)	50.00 (36.30)
[27/294]	0.529 (1.424)	75.00 (37.68)
[28/294]	0.615 (1.396)	65.00 (38.62)
[29/294]	0.354 (1.361)	85.00 (40.17)
[30/294]	0.761 (1.342)	65.00 (40.97)
[31/294]	0.672 (1.321)	60.00 (41.56)
[32/294]	0.661 (1.301)	55.00 (41.97)
[33/294]	0.315 (1.272)	85.00 (43.24)
[34/294]	0.341 (1.245)	95.00 (44.71)
[35/294]	0.540 (1.226)	75.00 (45.56)
[36/294]	0.545 (1.207)	85.00 (46.62)
[37/294]	0.526 (1.189)	90.00 (47.76)
[38/294]	0.530 (1.172)	80.00 (48.59)
[39/294]	0.648 (1.159)	60.00 (48.88)
[40/294]	0.753 (1.149)	55.00 (49.02)
[41/294]	0.844 (1.142)	60.00 (49.29)
[42/294]	0.869 (1.136)	50.00 (49.30)
[43/294]	0.536 (1.122)	80.00 (50.00)
[44/294]	0.743 (1.114)	50.00 (50.00)
[45/294]	0.683 (1.104)	60.00 (50.22)
[46/294]	0.624 (1.094)	70.00 (50.64)
[47/294]	0.685 (1.086)	60.00 (50.83)
[48/294]	0.841 (1.081)	50.00 (50.82)
[49/294]	0.618 (1.071)	70.00 (51.20)
[50/294]	0.460 (1.059)	80.00 (51.76)
[51/294]	0.565 (1.050)	70.00 (52.12)
[52/294]	0.937 (1.048)	35.00 (51.79)
[53/294]	0.945 (1.046)	40.00 (51.57)
[54/294]	0.775 (1.041)	55.00 (51.64)
[55/294]	0.667 (1.034)	65.00 (51.88)
[56/294]	0.703 (1.028)	60.00 (52.02)
[57/294]	0.829 (1.025)	60.00 (52.16)
[58/294]	0.682 (1.019)	65.00 (52.37)
[59/294]	0.503 (1.011)	80.00 (52.83)
[60/294]	0.431 (1.001)	80.00 (53.28)
[61/294]	0.545 (0.994)	65.00 (53.47)
[62/294]	0.551 (0.987)	65.00 (53.65)
[63/294]	0.517 (0.979)	65.00 (53.83)
[64/294]	0.638 (0.974)	65.00 (54.00)
[65/294]	0.384 (0.965)	90.00 (54.55)
[66/294]	0.522 (0.958)	70.00 (54.78)
[67/294]	0.827 (0.957)	50.00 (54.71)
[68/294]	0.343 (0.948)	100.00 (55.36)
[69/294]	0.673 (0.944)	65.00 (55.50)
[70/294]	0.856 (0.943)	35.00 (55.21)
[71/294]	0.696 (0.939)	50.00 (55.14)
[72/294]	0.728 (0.936)	60.00 (55.21)
[73/294]	0.484 (0.930)	75.00 (55.47)
[74/294]	0.288 (0.922)	95.00 (56.00)
[75/294]	0.263 (0.913)	95.00 (56.51)
[76/294]	0.436 (0.907)	85.00 (56.88)
[77/294]	0.347 (0.899)	95.00 (57.37)
[78/294]	0.391 (0.893)	90.00 (57.78)
[79/294]	0.589 (0.889)	65.00 (57.88)
[80/294]	0.500 (0.884)	70.00 (58.02)
[81/294]	0.389 (0.878)	85.00 (58.35)
[82/294]	0.315 (0.872)	95.00 (58.80)
[83/294]	0.540 (0.868)	70.00 (58.93)
[84/294]	0.543 (0.864)	75.00 (59.12)
[85/294]	0.389 (0.858)	80.00 (59.36)
[86/294]	0.482 (0.854)	85.00 (59.66)
[87/294]	0.441 (0.849)	85.00 (59.94)
[88/294]	0.336 (0.844)	90.00 (60.28)
[89/294]	0.854 (0.844)	40.00 (60.06)
[90/294]	0.869 (0.844)	55.00 (60.00)
[91/294]	0.663 (0.842)	60.00 (60.00)
[92/294]	0.704 (0.840)	55.00 (59.95)
[93/294]	0.548 (0.837)	60.00 (59.95)
[94/294]	0.530 (0.834)	75.00 (60.11)
[95/294]	0.648 (0.832)	50.00 (60.00)
[96/294]	0.407 (0.828)	90.00 (60.31)
[97/294]	0.475 (0.824)	90.00 (60.61)
[98/294]	0.760 (0.824)	45.00 (60.45)
[99/294]	0.740 (0.823)	65.00 (60.50)
[100/294]	0.306 (0.818)	90.00 (60.79)
[101/294]	0.405 (0.814)	85.00 (61.03)
[102/294]	0.575 (0.811)	70.00 (61.12)
[103/294]	0.151 (0.805)	100.00 (61.49)
[104/294]	0.340 (0.800)	80.00 (61.67)
[105/294]	0.619 (0.799)	60.00 (61.65)
[106/294]	0.829 (0.799)	50.00 (61.54)
[107/294]	0.459 (0.796)	85.00 (61.76)
[108/294]	0.352 (0.792)	100.00 (62.11)
[109/294]	0.306 (0.787)	95.00 (62.41)
[110/294]	0.681 (0.786)	60.00 (62.39)
[111/294]	0.521 (0.784)	75.00 (62.50)
[112/294]	0.639 (0.783)	65.00 (62.52)
[113/294]	0.548 (0.781)	75.00 (62.63)
[114/294]	0.214 (0.776)	95.00 (62.91)
[115/294]	0.312 (0.772)	90.00 (63.15)
[116/294]	0.282 (0.768)	95.00 (63.42)
[117/294]	0.349 (0.764)	85.00 (63.60)
[118/294]	0.695 (0.763)	55.00 (63.53)
[119/294]	0.550 (0.762)	65.00 (63.54)
[120/294]	0.339 (0.758)	90.00 (63.76)
[121/294]	0.435 (0.756)	80.00 (63.89)
[122/294]	0.411 (0.753)	75.00 (63.98)
[123/294]	0.485 (0.751)	75.00 (64.07)
[124/294]	0.644 (0.750)	65.00 (64.08)
[125/294]	0.371 (0.747)	85.00 (64.25)
[126/294]	0.379 (0.744)	85.00 (64.41)
[127/294]	0.259 (0.740)	100.00 (64.69)
[128/294]	0.686 (0.740)	60.00 (64.65)
[129/294]	0.478 (0.738)	85.00 (64.81)
[130/294]	0.377 (0.735)	85.00 (64.96)
[131/294]	0.232 (0.731)	95.00 (65.19)
[132/294]	0.479 (0.729)	75.00 (65.26)
[133/294]	0.335 (0.726)	90.00 (65.45)
[134/294]	0.300 (0.723)	95.00 (65.67)
[135/294]	0.085 (0.718)	100.00 (65.92)
[136/294]	0.098 (0.714)	100.00 (66.17)
[137/294]	0.233 (0.710)	95.00 (66.38)
[138/294]	0.926 (0.712)	60.00 (66.33)
[139/294]	0.847 (0.713)	65.00 (66.32)
[140/294]	0.916 (0.714)	50.00 (66.21)
[141/294]	0.227 (0.711)	95.00 (66.41)
[142/294]	0.275 (0.708)	90.00 (66.57)
[143/294]	0.655 (0.707)	75.00 (66.63)
[144/294]	0.746 (0.708)	65.00 (66.62)
[145/294]	0.387 (0.706)	80.00 (66.71)
[146/294]	0.680 (0.705)	60.00 (66.67)
[147/294]	0.732 (0.706)	60.00 (66.62)
[148/294]	0.548 (0.704)	65.00 (66.61)
[149/294]	0.283 (0.702)	85.00 (66.73)
[150/294]	0.366 (0.699)	90.00 (66.89)
[151/294]	0.353 (0.697)	90.00 (67.04)
[152/294]	0.249 (0.694)	95.00 (67.22)
[153/294]	0.281 (0.692)	90.00 (67.37)
[154/294]	0.319 (0.689)	85.00 (67.48)
[155/294]	0.241 (0.686)	95.00 (67.66)
[156/294]	0.125 (0.683)	100.00 (67.87)
[157/294]	0.255 (0.680)	95.00 (68.04)
[158/294]	0.494 (0.679)	75.00 (68.08)
[159/294]	0.616 (0.678)	65.00 (68.06)
[160/294]	0.531 (0.678)	75.00 (68.11)
[161/294]	0.698 (0.678)	65.00 (68.09)
[162/294]	0.433 (0.676)	80.00 (68.16)
[163/294]	0.455 (0.675)	70.00 (68.17)
[164/294]	0.558 (0.674)	65.00 (68.15)
[165/294]	0.666 (0.674)	60.00 (68.10)
[166/294]	0.633 (0.674)	70.00 (68.11)
[167/294]	0.426 (0.672)	80.00 (68.18)
[168/294]	0.430 (0.671)	70.00 (68.20)
[169/294]	0.512 (0.670)	70.00 (68.21)
[170/294]	0.690 (0.670)	60.00 (68.16)
[171/294]	0.341 (0.668)	85.00 (68.26)
[172/294]	0.197 (0.665)	95.00 (68.41)
[173/294]	0.233 (0.663)	90.00 (68.53)
[174/294]	0.549 (0.662)	70.00 (68.54)
[175/294]	0.450 (0.661)	75.00 (68.58)
[176/294]	0.841 (0.662)	45.00 (68.45)
[177/294]	0.280 (0.660)	95.00 (68.60)
[178/294]	0.254 (0.658)	90.00 (68.72)
[179/294]	0.329 (0.656)	75.00 (68.75)
[180/294]	0.574 (0.655)	65.00 (68.73)
[181/294]	0.412 (0.654)	80.00 (68.79)
[182/294]	0.295 (0.652)	90.00 (68.91)
[183/294]	0.201 (0.650)	95.00 (69.05)
[184/294]	1.234 (0.653)	55.00 (68.97)
[185/294]	0.993 (0.655)	75.00 (69.01)
[186/294]	0.187 (0.652)	95.00 (69.14)
[187/294]	0.250 (0.650)	95.00 (69.28)
[188/294]	0.559 (0.650)	75.00 (69.31)
[189/294]	0.477 (0.649)	75.00 (69.34)
[190/294]	0.269 (0.647)	85.00 (69.42)
[191/294]	0.257 (0.645)	95.00 (69.56)
[192/294]	0.169 (0.642)	95.00 (69.69)
[193/294]	0.275 (0.640)	90.00 (69.79)
[194/294]	0.418 (0.639)	60.00 (69.74)
[195/294]	0.796 (0.640)	50.00 (69.64)
[196/294]	0.744 (0.640)	55.00 (69.57)
[197/294]	0.280 (0.639)	85.00 (69.65)
[198/294]	0.601 (0.638)	75.00 (69.67)
[199/294]	0.576 (0.638)	65.00 (69.65)
[200/294]	0.557 (0.638)	75.00 (69.68)
[201/294]	0.803 (0.639)	35.00 (69.50)
[202/294]	0.415 (0.637)	80.00 (69.56)
[203/294]	0.377 (0.636)	80.00 (69.61)
[204/294]	0.157 (0.634)	100.00 (69.76)
[205/294]	0.350 (0.632)	95.00 (69.88)
[206/294]	0.288 (0.631)	95.00 (70.00)
[207/294]	0.366 (0.630)	85.00 (70.07)
[208/294]	0.312 (0.628)	75.00 (70.10)
[209/294]	0.506 (0.627)	85.00 (70.17)
[210/294]	0.362 (0.626)	80.00 (70.21)
[211/294]	0.315 (0.625)	85.00 (70.28)
[212/294]	0.386 (0.624)	75.00 (70.31)
[213/294]	0.249 (0.622)	90.00 (70.40)
[214/294]	0.180 (0.620)	95.00 (70.51)
[215/294]	0.322 (0.618)	90.00 (70.60)
[216/294]	0.411 (0.617)	75.00 (70.62)
[217/294]	0.500 (0.617)	75.00 (70.64)
[218/294]	0.111 (0.615)	100.00 (70.78)
[219/294]	0.283 (0.613)	90.00 (70.86)
[220/294]	0.388 (0.612)	85.00 (70.93)
[221/294]	0.369 (0.611)	85.00 (70.99)
[222/294]	0.157 (0.609)	100.00 (71.12)
[223/294]	0.723 (0.609)	65.00 (71.09)
[224/294]	0.522 (0.609)	65.00 (71.07)
[225/294]	0.113 (0.607)	100.00 (71.19)
[226/294]	0.275 (0.605)	90.00 (71.28)
[227/294]	0.381 (0.604)	90.00 (71.36)
[228/294]	0.314 (0.603)	90.00 (71.44)
[229/294]	0.234 (0.602)	90.00 (71.52)
[230/294]	0.603 (0.602)	75.00 (71.54)
[231/294]	1.107 (0.604)	55.00 (71.47)
[232/294]	0.469 (0.603)	85.00 (71.52)
[233/294]	0.134 (0.601)	100.00 (71.65)
[234/294]	0.417 (0.600)	75.00 (71.66)
[235/294]	0.569 (0.600)	80.00 (71.69)
[236/294]	0.345 (0.599)	85.00 (71.75)
[237/294]	0.551 (0.599)	70.00 (71.74)
[238/294]	0.707 (0.599)	60.00 (71.69)
[239/294]	0.487 (0.599)	80.00 (71.73)
[240/294]	0.287 (0.598)	95.00 (71.83)
[241/294]	0.200 (0.596)	95.00 (71.92)
[242/294]	0.190 (0.594)	95.00 (72.02)
[243/294]	0.248 (0.593)	90.00 (72.09)
[244/294]	0.258 (0.592)	95.00 (72.18)
[245/294]	0.220 (0.590)	90.00 (72.26)
[246/294]	0.049 (0.588)	100.00 (72.37)
[247/294]	0.282 (0.587)	95.00 (72.46)
[248/294]	0.448 (0.586)	80.00 (72.49)
[249/294]	0.816 (0.587)	65.00 (72.46)
[250/294]	0.173 (0.585)	95.00 (72.55)
[251/294]	0.217 (0.584)	95.00 (72.64)
[252/294]	0.285 (0.583)	90.00 (72.71)
[253/294]	0.093 (0.581)	100.00 (72.81)
[254/294]	0.379 (0.580)	80.00 (72.84)
[255/294]	0.340 (0.579)	85.00 (72.89)
[256/294]	0.206 (0.578)	100.00 (73.00)
[257/294]	0.678 (0.578)	65.00 (72.97)
[258/294]	0.241 (0.577)	85.00 (73.01)
[259/294]	0.160 (0.575)	100.00 (73.12)
[260/294]	0.309 (0.574)	95.00 (73.20)
[261/294]	0.573 (0.574)	55.00 (73.13)
[262/294]	0.350 (0.573)	85.00 (73.17)
[263/294]	0.194 (0.572)	95.00 (73.26)
[264/294]	0.133 (0.570)	100.00 (73.36)
[265/294]	0.256 (0.569)	95.00 (73.44)
[266/294]	0.514 (0.569)	85.00 (73.48)
[267/294]	0.608 (0.569)	70.00 (73.47)
[268/294]	0.436 (0.568)	70.00 (73.46)
[269/294]	0.133 (0.567)	95.00 (73.54)
[270/294]	0.057 (0.565)	100.00 (73.63)
[271/294]	0.249 (0.564)	100.00 (73.73)
[272/294]	0.334 (0.563)	85.00 (73.77)
[273/294]	0.210 (0.562)	95.00 (73.85)
[274/294]	0.193 (0.560)	95.00 (73.93)
[275/294]	0.646 (0.561)	70.00 (73.91)
[276/294]	0.833 (0.562)	65.00 (73.88)
[277/294]	0.284 (0.561)	95.00 (73.96)
[278/294]	0.063 (0.559)	100.00 (74.05)
[279/294]	0.053 (0.557)	100.00 (74.14)
[280/294]	0.119 (0.555)	95.00 (74.22)
[281/294]	0.304 (0.554)	90.00 (74.27)
[282/294]	0.131 (0.553)	100.00 (74.36)
[283/294]	0.286 (0.552)	90.00 (74.42)
[284/294]	0.219 (0.551)	90.00 (74.47)
[285/294]	0.405 (0.550)	85.00 (74.51)
[286/294]	0.180 (0.549)	100.00 (74.60)
[287/294]	0.353 (0.548)	85.00 (74.64)
[288/294]	0.459 (0.548)	65.00 (74.60)
[289/294]	0.233 (0.547)	95.00 (74.67)
[290/294]	0.303 (0.546)	90.00 (74.73)
[291/294]	0.252 (0.545)	95.00 (74.79)
[292/294]	0.210 (0.544)	90.00 (74.85)
[293/294]	0.094 (0.544)	100.00 (74.87)
 * Train Acc: 74.872
 * Avg. Data time: 0.004, Avg. Batch time: 0.065, Avg. Forward time: 0.005, Avg. Backward time: 0.053
Computing SI
 * Val Acc: 41.400, Time: 1.81
 * Test Acc: 45.062, Time: 4.12
=============Training Task 2=============
Active output nodes for this task: 
[0, 1, 2, 3, 4, 5]
=============Training Epoch 0=============
#reg terms:  1
Batch	 Loss		 Acc
[0/294]	5.233 (5.233)	0.00 (0.00)
[1/294]	4.529 (4.881)	0.00 (0.00)
[2/294]	4.755 (4.839)	0.00 (0.00)
[3/294]	4.848 (4.841)	0.00 (0.00)
[4/294]	3.612 (4.595)	0.00 (0.00)
[5/294]	4.225 (4.533)	0.00 (0.00)
[6/294]	3.734 (4.419)	0.00 (0.00)
[7/294]	1.854 (4.099)	5.00 (0.62)
[8/294]	1.702 (3.832)	25.00 (3.33)
[9/294]	1.426 (3.592)	40.00 (7.00)
[10/294]	1.321 (3.385)	50.00 (10.91)
[11/294]	1.337 (3.215)	50.00 (14.17)
[12/294]	0.941 (3.040)	70.00 (18.46)
[13/294]	0.483 (2.857)	95.00 (23.93)
[14/294]	0.801 (2.720)	75.00 (27.33)
[15/294]	0.671 (2.592)	80.00 (30.62)
[16/294]	0.589 (2.474)	80.00 (33.53)
[17/294]	0.554 (2.367)	90.00 (36.67)
[18/294]	0.566 (2.273)	65.00 (38.16)
[19/294]	0.645 (2.191)	70.00 (39.75)
[20/294]	0.878 (2.129)	30.00 (39.29)
[21/294]	0.454 (2.053)	90.00 (41.59)
[22/294]	0.457 (1.983)	85.00 (43.48)
[23/294]	0.301 (1.913)	95.00 (45.62)
[24/294]	0.604 (1.861)	75.00 (46.80)
[25/294]	0.517 (1.809)	75.00 (47.88)
[26/294]	0.629 (1.765)	75.00 (48.89)
[27/294]	0.484 (1.720)	80.00 (50.00)
[28/294]	0.715 (1.685)	60.00 (50.34)
[29/294]	0.625 (1.650)	75.00 (51.17)
[30/294]	0.621 (1.616)	80.00 (52.10)
[31/294]	0.353 (1.577)	85.00 (53.12)
[32/294]	0.477 (1.544)	80.00 (53.94)
[33/294]	0.650 (1.517)	65.00 (54.26)
[34/294]	0.741 (1.495)	55.00 (54.29)
[35/294]	0.525 (1.468)	80.00 (55.00)
[36/294]	0.298 (1.437)	95.00 (56.08)
[37/294]	0.263 (1.406)	95.00 (57.11)
[38/294]	0.492 (1.382)	80.00 (57.69)
[39/294]	0.515 (1.361)	80.00 (58.25)
[40/294]	0.462 (1.339)	80.00 (58.78)
[41/294]	0.774 (1.325)	65.00 (58.93)
[42/294]	0.521 (1.307)	80.00 (59.42)
[43/294]	0.407 (1.286)	90.00 (60.11)
[44/294]	0.301 (1.264)	100.00 (61.00)
[45/294]	0.379 (1.245)	100.00 (61.85)
[46/294]	0.276 (1.224)	95.00 (62.55)
[47/294]	0.307 (1.205)	95.00 (63.23)
[48/294]	0.380 (1.188)	90.00 (63.78)
[49/294]	0.387 (1.172)	90.00 (64.30)
[50/294]	0.471 (1.159)	90.00 (64.80)
[51/294]	0.515 (1.146)	80.00 (65.10)
[52/294]	0.412 (1.132)	85.00 (65.47)
[53/294]	0.713 (1.125)	50.00 (65.19)
[54/294]	0.574 (1.115)	60.00 (65.09)
[55/294]	0.247 (1.099)	95.00 (65.62)
[56/294]	0.220 (1.084)	95.00 (66.14)
[57/294]	0.329 (1.071)	90.00 (66.55)
[58/294]	0.295 (1.058)	95.00 (67.03)
[59/294]	0.229 (1.044)	100.00 (67.58)
[60/294]	0.285 (1.031)	90.00 (67.95)
[61/294]	0.231 (1.018)	100.00 (68.47)
[62/294]	0.285 (1.007)	90.00 (68.81)
[63/294]	0.150 (0.993)	95.00 (69.22)
[64/294]	0.391 (0.984)	80.00 (69.38)
[65/294]	0.336 (0.974)	95.00 (69.77)
[66/294]	0.220 (0.963)	100.00 (70.22)
[67/294]	0.314 (0.953)	90.00 (70.51)
[68/294]	0.389 (0.945)	85.00 (70.72)
[69/294]	0.302 (0.936)	90.00 (71.00)
[70/294]	0.421 (0.929)	85.00 (71.20)
[71/294]	0.563 (0.924)	65.00 (71.11)
[72/294]	0.602 (0.919)	60.00 (70.96)
[73/294]	0.162 (0.909)	100.00 (71.35)
[74/294]	0.320 (0.901)	100.00 (71.73)
[75/294]	0.208 (0.892)	100.00 (72.11)
[76/294]	0.376 (0.885)	100.00 (72.47)
[77/294]	0.356 (0.879)	95.00 (72.76)
[78/294]	0.327 (0.872)	95.00 (73.04)
[79/294]	0.335 (0.865)	85.00 (73.19)
[80/294]	0.296 (0.858)	100.00 (73.52)
[81/294]	0.271 (0.851)	95.00 (73.78)
[82/294]	0.302 (0.844)	90.00 (73.98)
[83/294]	0.058 (0.835)	100.00 (74.29)
[84/294]	0.196 (0.827)	85.00 (74.41)
[85/294]	0.348 (0.822)	90.00 (74.59)
[86/294]	0.256 (0.815)	100.00 (74.89)
[87/294]	0.117 (0.807)	100.00 (75.17)
[88/294]	0.230 (0.801)	100.00 (75.45)
[89/294]	0.319 (0.795)	95.00 (75.67)
[90/294]	0.386 (0.791)	85.00 (75.77)
[91/294]	0.431 (0.787)	85.00 (75.87)
[92/294]	0.201 (0.781)	100.00 (76.13)
[93/294]	0.175 (0.774)	100.00 (76.38)
[94/294]	0.172 (0.768)	100.00 (76.63)
[95/294]	0.166 (0.762)	95.00 (76.82)
[96/294]	0.098 (0.755)	100.00 (77.06)
[97/294]	0.337 (0.751)	85.00 (77.14)
[98/294]	0.139 (0.744)	100.00 (77.37)
[99/294]	0.205 (0.739)	95.00 (77.55)
[100/294]	0.261 (0.734)	90.00 (77.67)
[101/294]	0.266 (0.730)	95.00 (77.84)
[102/294]	0.253 (0.725)	95.00 (78.01)
[103/294]	0.130 (0.719)	100.00 (78.22)
[104/294]	0.177 (0.714)	100.00 (78.43)
[105/294]	0.165 (0.709)	100.00 (78.63)
[106/294]	0.342 (0.706)	85.00 (78.69)
[107/294]	0.331 (0.702)	100.00 (78.89)
[108/294]	0.118 (0.697)	100.00 (79.08)
[109/294]	0.243 (0.693)	95.00 (79.23)
[110/294]	0.250 (0.689)	95.00 (79.37)
[111/294]	0.305 (0.685)	95.00 (79.51)
[112/294]	0.438 (0.683)	90.00 (79.60)
[113/294]	0.226 (0.679)	95.00 (79.74)
[114/294]	0.204 (0.675)	95.00 (79.87)
[115/294]	0.273 (0.671)	90.00 (79.96)
[116/294]	0.054 (0.666)	100.00 (80.13)
[117/294]	0.072 (0.661)	100.00 (80.30)
[118/294]	0.084 (0.656)	100.00 (80.46)
[119/294]	0.178 (0.652)	100.00 (80.62)
[120/294]	0.189 (0.648)	100.00 (80.79)
[121/294]	0.170 (0.644)	100.00 (80.94)
[122/294]	0.241 (0.641)	100.00 (81.10)
[123/294]	0.148 (0.637)	95.00 (81.21)
[124/294]	0.137 (0.633)	100.00 (81.36)
[125/294]	0.195 (0.630)	95.00 (81.47)
[126/294]	0.064 (0.625)	100.00 (81.61)
[127/294]	0.114 (0.621)	100.00 (81.76)
[128/294]	0.139 (0.618)	100.00 (81.90)
[129/294]	0.084 (0.613)	100.00 (82.04)
[130/294]	0.228 (0.610)	95.00 (82.14)
[131/294]	0.175 (0.607)	95.00 (82.23)
[132/294]	0.193 (0.604)	100.00 (82.37)
[133/294]	0.166 (0.601)	100.00 (82.50)
[134/294]	0.156 (0.598)	95.00 (82.59)
[135/294]	0.230 (0.595)	90.00 (82.65)
[136/294]	0.247 (0.592)	90.00 (82.70)
[137/294]	0.164 (0.589)	95.00 (82.79)
[138/294]	0.194 (0.586)	95.00 (82.88)
[139/294]	0.206 (0.584)	100.00 (83.00)
[140/294]	0.316 (0.582)	90.00 (83.05)
[141/294]	0.174 (0.579)	95.00 (83.13)
[142/294]	0.220 (0.576)	90.00 (83.18)
[143/294]	0.328 (0.575)	85.00 (83.19)
[144/294]	0.289 (0.573)	90.00 (83.24)
[145/294]	0.193 (0.570)	95.00 (83.32)
[146/294]	0.151 (0.567)	95.00 (83.40)
[147/294]	0.112 (0.564)	100.00 (83.51)
[148/294]	0.159 (0.561)	95.00 (83.59)
[149/294]	0.263 (0.559)	85.00 (83.60)
[150/294]	0.211 (0.557)	90.00 (83.64)
[151/294]	0.117 (0.554)	100.00 (83.75)
[152/294]	0.117 (0.551)	100.00 (83.86)
[153/294]	0.147 (0.549)	95.00 (83.93)
[154/294]	0.191 (0.546)	95.00 (84.00)
[155/294]	0.191 (0.544)	95.00 (84.07)
[156/294]	0.074 (0.541)	100.00 (84.17)
[157/294]	0.035 (0.538)	100.00 (84.27)
[158/294]	0.206 (0.536)	90.00 (84.31)
[159/294]	0.170 (0.534)	90.00 (84.34)
[160/294]	0.045 (0.531)	100.00 (84.44)
[161/294]	0.068 (0.528)	100.00 (84.54)
[162/294]	0.121 (0.525)	100.00 (84.63)
[163/294]	0.164 (0.523)	95.00 (84.70)
[164/294]	0.060 (0.520)	100.00 (84.79)
[165/294]	0.302 (0.519)	80.00 (84.76)
[166/294]	0.229 (0.517)	100.00 (84.85)
[167/294]	0.127 (0.515)	100.00 (84.94)
[168/294]	0.170 (0.513)	95.00 (85.00)
[169/294]	0.194 (0.511)	90.00 (85.03)
[170/294]	0.086 (0.508)	100.00 (85.12)
[171/294]	0.080 (0.506)	100.00 (85.20)
[172/294]	0.062 (0.503)	100.00 (85.29)
[173/294]	0.076 (0.501)	100.00 (85.37)
[174/294]	0.081 (0.498)	100.00 (85.46)
[175/294]	0.088 (0.496)	100.00 (85.54)
[176/294]	0.147 (0.494)	100.00 (85.62)
[177/294]	0.257 (0.493)	90.00 (85.65)
[178/294]	0.242 (0.491)	95.00 (85.70)
[179/294]	0.264 (0.490)	85.00 (85.69)
[180/294]	0.541 (0.490)	70.00 (85.61)
[181/294]	0.452 (0.490)	65.00 (85.49)
[182/294]	0.281 (0.489)	85.00 (85.49)
[183/294]	0.083 (0.487)	100.00 (85.57)
[184/294]	0.106 (0.485)	100.00 (85.65)
[185/294]	0.028 (0.482)	100.00 (85.73)
[186/294]	0.160 (0.481)	95.00 (85.78)
[187/294]	0.261 (0.480)	90.00 (85.80)
[188/294]	0.080 (0.477)	100.00 (85.87)
[189/294]	0.105 (0.475)	100.00 (85.95)
[190/294]	0.089 (0.473)	100.00 (86.02)
[191/294]	0.073 (0.471)	100.00 (86.09)
[192/294]	0.020 (0.469)	100.00 (86.17)
[193/294]	0.074 (0.467)	100.00 (86.24)
[194/294]	0.086 (0.465)	100.00 (86.31)
[195/294]	0.216 (0.464)	95.00 (86.35)
[196/294]	0.351 (0.463)	85.00 (86.35)
[197/294]	0.221 (0.462)	85.00 (86.34)
[198/294]	0.054 (0.460)	100.00 (86.41)
[199/294]	0.051 (0.458)	100.00 (86.47)
[200/294]	0.150 (0.456)	100.00 (86.54)
[201/294]	0.197 (0.455)	95.00 (86.58)
[202/294]	0.147 (0.453)	100.00 (86.65)
[203/294]	0.028 (0.451)	100.00 (86.72)
[204/294]	0.314 (0.451)	85.00 (86.71)
[205/294]	0.148 (0.449)	95.00 (86.75)
[206/294]	0.173 (0.448)	95.00 (86.79)
[207/294]	0.093 (0.446)	100.00 (86.85)
[208/294]	0.038 (0.444)	100.00 (86.91)
[209/294]	0.037 (0.442)	100.00 (86.98)
[210/294]	0.083 (0.441)	100.00 (87.04)
[211/294]	0.202 (0.440)	95.00 (87.08)
[212/294]	0.173 (0.438)	90.00 (87.09)
[213/294]	0.220 (0.437)	95.00 (87.13)
[214/294]	0.248 (0.436)	95.00 (87.16)
[215/294]	0.175 (0.435)	100.00 (87.22)
[216/294]	0.127 (0.434)	100.00 (87.28)
[217/294]	0.137 (0.432)	95.00 (87.32)
[218/294]	0.200 (0.431)	90.00 (87.33)
[219/294]	0.187 (0.430)	95.00 (87.36)
[220/294]	0.086 (0.429)	100.00 (87.42)
[221/294]	0.082 (0.427)	100.00 (87.48)
[222/294]	0.090 (0.426)	100.00 (87.53)
[223/294]	0.126 (0.424)	95.00 (87.57)
[224/294]	0.148 (0.423)	95.00 (87.60)
[225/294]	0.387 (0.423)	90.00 (87.61)
[226/294]	0.550 (0.423)	80.00 (87.58)
[227/294]	0.047 (0.422)	100.00 (87.63)
[228/294]	0.065 (0.420)	100.00 (87.69)
[229/294]	0.127 (0.419)	95.00 (87.72)
[230/294]	0.151 (0.418)	100.00 (87.77)
[231/294]	0.127 (0.417)	100.00 (87.82)
[232/294]	0.071 (0.415)	100.00 (87.88)
[233/294]	0.046 (0.413)	100.00 (87.93)
[234/294]	0.420 (0.413)	85.00 (87.91)
[235/294]	0.131 (0.412)	95.00 (87.94)
[236/294]	0.078 (0.411)	100.00 (88.00)
[237/294]	0.247 (0.410)	85.00 (87.98)
[238/294]	0.342 (0.410)	90.00 (87.99)
[239/294]	0.286 (0.409)	90.00 (88.00)
[240/294]	0.336 (0.409)	80.00 (87.97)
[241/294]	0.152 (0.408)	100.00 (88.02)
[242/294]	0.192 (0.407)	95.00 (88.05)
[243/294]	0.307 (0.407)	90.00 (88.05)
[244/294]	0.221 (0.406)	100.00 (88.10)
[245/294]	0.049 (0.405)	100.00 (88.15)
[246/294]	0.045 (0.403)	100.00 (88.20)
[247/294]	0.044 (0.402)	100.00 (88.25)
[248/294]	0.040 (0.400)	100.00 (88.29)
[249/294]	0.052 (0.399)	100.00 (88.34)
[250/294]	0.065 (0.397)	100.00 (88.39)
[251/294]	0.090 (0.396)	100.00 (88.43)
[252/294]	0.014 (0.395)	100.00 (88.48)
[253/294]	0.022 (0.393)	100.00 (88.52)
[254/294]	0.077 (0.392)	100.00 (88.57)
[255/294]	0.130 (0.391)	100.00 (88.61)
[256/294]	0.154 (0.390)	95.00 (88.64)
[257/294]	0.152 (0.389)	95.00 (88.66)
[258/294]	0.081 (0.388)	100.00 (88.71)
[259/294]	0.390 (0.388)	85.00 (88.69)
[260/294]	0.434 (0.388)	80.00 (88.66)
[261/294]	0.435 (0.388)	85.00 (88.65)
[262/294]	0.173 (0.387)	90.00 (88.65)
[263/294]	0.062 (0.386)	100.00 (88.69)
[264/294]	0.084 (0.385)	100.00 (88.74)
[265/294]	0.081 (0.384)	100.00 (88.78)
[266/294]	0.073 (0.383)	100.00 (88.82)
[267/294]	0.032 (0.381)	100.00 (88.86)
[268/294]	0.194 (0.381)	90.00 (88.87)
[269/294]	0.136 (0.380)	100.00 (88.91)
[270/294]	0.084 (0.379)	100.00 (88.95)
[271/294]	0.118 (0.378)	100.00 (88.99)
[272/294]	0.215 (0.377)	95.00 (89.01)
[273/294]	0.037 (0.376)	100.00 (89.05)
[274/294]	0.067 (0.375)	100.00 (89.09)
[275/294]	0.074 (0.374)	100.00 (89.13)
[276/294]	0.083 (0.373)	100.00 (89.17)
[277/294]	0.200 (0.372)	95.00 (89.19)
[278/294]	0.120 (0.371)	100.00 (89.23)
[279/294]	0.024 (0.370)	100.00 (89.27)
[280/294]	0.096 (0.369)	100.00 (89.31)
[281/294]	0.178 (0.368)	90.00 (89.31)
[282/294]	0.156 (0.368)	95.00 (89.33)
[283/294]	0.202 (0.367)	90.00 (89.33)
[284/294]	0.151 (0.366)	95.00 (89.35)
[285/294]	0.148 (0.365)	100.00 (89.39)
[286/294]	0.275 (0.365)	85.00 (89.37)
[287/294]	0.048 (0.364)	100.00 (89.41)
[288/294]	0.089 (0.363)	95.00 (89.43)
[289/294]	0.132 (0.362)	95.00 (89.45)
[290/294]	0.074 (0.361)	100.00 (89.48)
[291/294]	0.242 (0.361)	90.00 (89.49)
[292/294]	0.051 (0.360)	100.00 (89.52)
[293/294]	0.068 (0.359)	100.00 (89.56)
 * Train Acc: 89.558
 * Avg. Data time: 0.004, Avg. Batch time: 0.065, Avg. Forward time: 0.005, Avg. Backward time: 0.053
Computing SI
 * Val Acc: 29.572, Time: 2.27
 * Test Acc: 31.800, Time: 4.79
=============Training Task 3=============
Active output nodes for this task: 
[0, 1, 2, 3, 4, 5, 6, 7]
=============Training Epoch 0=============
#reg terms:  1
Batch	 Loss		 Acc
[0/294]	7.244 (7.244)	0.00 (0.00)
[1/294]	9.075 (8.160)	0.00 (0.00)
[2/294]	9.443 (8.587)	0.00 (0.00)
[3/294]	7.842 (8.401)	0.00 (0.00)
[4/294]	7.165 (8.154)	0.00 (0.00)
[5/294]	6.070 (7.807)	0.00 (0.00)
[6/294]	5.283 (7.446)	0.00 (0.00)
[7/294]	5.967 (7.261)	0.00 (0.00)
[8/294]	4.923 (7.001)	0.00 (0.00)
[9/294]	3.859 (6.687)	0.00 (0.00)
[10/294]	4.364 (6.476)	0.00 (0.00)
[11/294]	2.781 (6.168)	0.00 (0.00)
[12/294]	2.263 (5.868)	10.00 (0.77)
[13/294]	2.107 (5.599)	40.00 (3.57)
[14/294]	1.900 (5.353)	35.00 (5.67)
[15/294]	1.393 (5.105)	50.00 (8.44)
[16/294]	1.339 (4.884)	45.00 (10.59)
[17/294]	1.237 (4.681)	55.00 (13.06)
[18/294]	1.534 (4.515)	50.00 (15.00)
[19/294]	1.379 (4.358)	50.00 (16.75)
[20/294]	1.125 (4.205)	55.00 (18.57)
[21/294]	1.199 (4.068)	50.00 (20.00)
[22/294]	0.950 (3.932)	60.00 (21.74)
[23/294]	0.797 (3.802)	65.00 (23.54)
[24/294]	0.946 (3.687)	50.00 (24.60)
[25/294]	1.041 (3.586)	50.00 (25.58)
[26/294]	1.215 (3.498)	50.00 (26.48)
[27/294]	1.326 (3.420)	25.00 (26.43)
[28/294]	0.854 (3.332)	65.00 (27.76)
[29/294]	0.728 (3.245)	70.00 (29.17)
[30/294]	0.552 (3.158)	85.00 (30.97)
[31/294]	0.760 (3.083)	50.00 (31.56)
[32/294]	0.574 (3.007)	95.00 (33.48)
[33/294]	0.569 (2.935)	95.00 (35.29)
[34/294]	0.727 (2.872)	55.00 (35.86)
[35/294]	0.412 (2.804)	95.00 (37.50)
[36/294]	0.272 (2.736)	100.00 (39.19)
[37/294]	0.584 (2.679)	80.00 (40.26)
[38/294]	1.049 (2.637)	30.00 (40.00)
[39/294]	0.856 (2.593)	60.00 (40.50)
[40/294]	0.651 (2.545)	80.00 (41.46)
[41/294]	0.679 (2.501)	60.00 (41.90)
[42/294]	0.763 (2.460)	55.00 (42.21)
[43/294]	0.657 (2.419)	70.00 (42.84)
[44/294]	0.462 (2.376)	80.00 (43.67)
[45/294]	0.241 (2.330)	100.00 (44.89)
[46/294]	0.315 (2.287)	95.00 (45.96)
[47/294]	0.256 (2.244)	95.00 (46.98)
[48/294]	0.327 (2.205)	90.00 (47.86)
[49/294]	0.904 (2.179)	50.00 (47.90)
[50/294]	0.686 (2.150)	80.00 (48.53)
[51/294]	0.384 (2.116)	90.00 (49.33)
[52/294]	0.235 (2.081)	100.00 (50.28)
[53/294]	0.374 (2.049)	80.00 (50.83)
[54/294]	0.414 (2.019)	85.00 (51.45)
[55/294]	0.290 (1.988)	85.00 (52.05)
[56/294]	0.217 (1.957)	100.00 (52.89)
[57/294]	0.265 (1.928)	95.00 (53.62)
[58/294]	0.456 (1.903)	95.00 (54.32)
[59/294]	0.244 (1.875)	100.00 (55.08)
[60/294]	0.240 (1.849)	100.00 (55.82)
[61/294]	0.259 (1.823)	100.00 (56.53)
[62/294]	0.191 (1.797)	100.00 (57.22)
[63/294]	0.366 (1.775)	100.00 (57.89)
[64/294]	0.272 (1.752)	100.00 (58.54)
[65/294]	0.207 (1.728)	100.00 (59.17)
[66/294]	0.197 (1.705)	100.00 (59.78)
[67/294]	0.307 (1.685)	90.00 (60.22)
[68/294]	0.388 (1.666)	90.00 (60.65)
[69/294]	0.319 (1.647)	95.00 (61.14)
[70/294]	0.368 (1.629)	95.00 (61.62)
[71/294]	0.767 (1.617)	60.00 (61.60)
[72/294]	0.604 (1.603)	80.00 (61.85)
[73/294]	0.300 (1.585)	90.00 (62.23)
[74/294]	0.922 (1.576)	50.00 (62.07)
[75/294]	0.797 (1.566)	65.00 (62.11)
[76/294]	0.299 (1.550)	100.00 (62.60)
[77/294]	0.101 (1.531)	100.00 (63.08)
[78/294]	0.481 (1.518)	75.00 (63.23)
[79/294]	0.677 (1.507)	60.00 (63.19)
[80/294]	0.448 (1.494)	75.00 (63.33)
[81/294]	0.226 (1.479)	100.00 (63.78)
[82/294]	0.218 (1.464)	100.00 (64.22)
[83/294]	0.325 (1.450)	90.00 (64.52)
[84/294]	0.182 (1.435)	100.00 (64.94)
[85/294]	0.400 (1.423)	100.00 (65.35)
[86/294]	0.436 (1.412)	85.00 (65.57)
[87/294]	0.757 (1.404)	50.00 (65.40)
[88/294]	0.912 (1.399)	50.00 (65.22)
[89/294]	0.762 (1.392)	60.00 (65.17)
[90/294]	0.145 (1.378)	100.00 (65.55)
[91/294]	0.256 (1.366)	95.00 (65.87)
[92/294]	0.233 (1.354)	95.00 (66.18)
[93/294]	0.158 (1.341)	95.00 (66.49)
[94/294]	0.554 (1.333)	80.00 (66.63)
[95/294]	0.242 (1.321)	90.00 (66.88)
[96/294]	0.142 (1.309)	100.00 (67.22)
[97/294]	0.066 (1.296)	100.00 (67.55)
[98/294]	0.159 (1.285)	100.00 (67.88)
[99/294]	0.180 (1.274)	100.00 (68.20)
[100/294]	0.184 (1.263)	100.00 (68.51)
[101/294]	0.287 (1.254)	95.00 (68.77)
[102/294]	0.183 (1.243)	100.00 (69.08)
[103/294]	0.116 (1.232)	100.00 (69.38)
[104/294]	0.124 (1.222)	95.00 (69.62)
[105/294]	0.069 (1.211)	100.00 (69.91)
[106/294]	0.140 (1.201)	100.00 (70.19)
[107/294]	0.157 (1.191)	100.00 (70.46)
[108/294]	0.054 (1.181)	100.00 (70.73)
[109/294]	0.084 (1.171)	100.00 (71.00)
[110/294]	0.177 (1.162)	95.00 (71.22)
[111/294]	0.424 (1.155)	75.00 (71.25)
[112/294]	0.095 (1.146)	100.00 (71.50)
[113/294]	0.141 (1.137)	100.00 (71.75)
[114/294]	0.203 (1.129)	90.00 (71.91)
[115/294]	0.567 (1.124)	75.00 (71.94)
[116/294]	0.238 (1.117)	95.00 (72.14)
[117/294]	0.131 (1.108)	100.00 (72.37)
[118/294]	0.298 (1.101)	100.00 (72.61)
[119/294]	0.056 (1.093)	100.00 (72.83)
[120/294]	0.069 (1.084)	100.00 (73.06)
[121/294]	0.166 (1.077)	100.00 (73.28)
[122/294]	0.828 (1.075)	40.00 (73.01)
[123/294]	0.324 (1.069)	85.00 (73.10)
[124/294]	0.385 (1.063)	80.00 (73.16)
[125/294]	0.375 (1.058)	90.00 (73.29)
[126/294]	0.387 (1.052)	90.00 (73.43)
[127/294]	0.246 (1.046)	90.00 (73.55)
[128/294]	0.125 (1.039)	100.00 (73.76)
[129/294]	0.293 (1.033)	90.00 (73.88)
[130/294]	0.142 (1.026)	95.00 (74.05)
[131/294]	0.216 (1.020)	85.00 (74.13)
[132/294]	0.514 (1.016)	70.00 (74.10)
[133/294]	0.182 (1.010)	100.00 (74.29)
[134/294]	0.164 (1.004)	100.00 (74.48)
[135/294]	0.197 (0.998)	95.00 (74.63)
[136/294]	0.287 (0.993)	90.00 (74.74)
[137/294]	0.285 (0.988)	100.00 (74.93)
[138/294]	0.105 (0.981)	100.00 (75.11)
[139/294]	0.052 (0.975)	100.00 (75.29)
[140/294]	0.237 (0.969)	90.00 (75.39)
[141/294]	0.141 (0.964)	100.00 (75.56)
[142/294]	0.147 (0.958)	95.00 (75.70)
[143/294]	0.108 (0.952)	100.00 (75.87)
[144/294]	0.244 (0.947)	95.00 (76.00)
[145/294]	0.131 (0.942)	100.00 (76.16)
[146/294]	0.329 (0.937)	85.00 (76.22)
[147/294]	0.321 (0.933)	80.00 (76.25)
[148/294]	0.241 (0.929)	85.00 (76.31)
[149/294]	0.082 (0.923)	100.00 (76.47)
[150/294]	0.064 (0.917)	100.00 (76.62)
[151/294]	0.072 (0.912)	100.00 (76.78)
[152/294]	0.361 (0.908)	90.00 (76.86)
[153/294]	0.282 (0.904)	95.00 (76.98)
[154/294]	0.105 (0.899)	100.00 (77.13)
[155/294]	0.163 (0.894)	95.00 (77.24)
[156/294]	0.177 (0.890)	95.00 (77.36)
[157/294]	0.240 (0.885)	95.00 (77.47)
[158/294]	0.211 (0.881)	90.00 (77.55)
[159/294]	0.240 (0.877)	90.00 (77.62)
[160/294]	0.230 (0.873)	95.00 (77.73)
[161/294]	0.062 (0.868)	100.00 (77.87)
[162/294]	0.438 (0.866)	90.00 (77.94)
[163/294]	0.522 (0.863)	80.00 (77.96)
[164/294]	0.184 (0.859)	100.00 (78.09)
[165/294]	0.401 (0.857)	90.00 (78.16)
[166/294]	0.354 (0.854)	90.00 (78.23)
[167/294]	0.341 (0.851)	90.00 (78.30)
[168/294]	0.259 (0.847)	100.00 (78.43)
[169/294]	0.148 (0.843)	100.00 (78.56)
[170/294]	0.102 (0.839)	100.00 (78.68)
[171/294]	0.122 (0.834)	100.00 (78.81)
[172/294]	0.439 (0.832)	70.00 (78.76)
[173/294]	0.479 (0.830)	75.00 (78.74)
[174/294]	0.235 (0.827)	95.00 (78.83)
[175/294]	0.677 (0.826)	75.00 (78.81)
[176/294]	0.371 (0.823)	90.00 (78.87)
[177/294]	0.064 (0.819)	100.00 (78.99)
[178/294]	0.073 (0.815)	100.00 (79.11)
[179/294]	0.346 (0.812)	80.00 (79.11)
[180/294]	0.473 (0.810)	75.00 (79.09)
[181/294]	0.066 (0.806)	100.00 (79.20)
[182/294]	0.381 (0.804)	80.00 (79.21)
[183/294]	0.289 (0.801)	85.00 (79.24)
[184/294]	0.223 (0.798)	95.00 (79.32)
[185/294]	0.158 (0.795)	95.00 (79.41)
[186/294]	0.117 (0.791)	100.00 (79.52)
[187/294]	0.167 (0.788)	95.00 (79.60)
[188/294]	0.159 (0.784)	100.00 (79.71)
[189/294]	0.123 (0.781)	95.00 (79.79)
[190/294]	0.202 (0.778)	100.00 (79.90)
[191/294]	0.226 (0.775)	100.00 (80.00)
[192/294]	0.110 (0.772)	100.00 (80.10)
[193/294]	0.054 (0.768)	100.00 (80.21)
[194/294]	0.174 (0.765)	95.00 (80.28)
[195/294]	0.046 (0.761)	100.00 (80.38)
[196/294]	0.170 (0.758)	95.00 (80.46)
[197/294]	0.227 (0.755)	90.00 (80.51)
[198/294]	0.263 (0.753)	90.00 (80.55)
[199/294]	0.116 (0.750)	100.00 (80.65)
[200/294]	0.123 (0.747)	95.00 (80.72)
[201/294]	0.150 (0.744)	95.00 (80.79)
[202/294]	0.291 (0.741)	85.00 (80.81)
[203/294]	0.228 (0.739)	90.00 (80.86)
[204/294]	0.079 (0.736)	100.00 (80.95)
[205/294]	0.051 (0.732)	100.00 (81.04)
[206/294]	0.068 (0.729)	100.00 (81.14)
[207/294]	0.063 (0.726)	100.00 (81.23)
[208/294]	0.035 (0.723)	100.00 (81.32)
[209/294]	0.106 (0.720)	100.00 (81.40)
[210/294]	0.161 (0.717)	100.00 (81.49)
[211/294]	0.215 (0.715)	90.00 (81.53)
[212/294]	0.262 (0.713)	95.00 (81.60)
[213/294]	0.140 (0.710)	100.00 (81.68)
[214/294]	0.219 (0.708)	95.00 (81.74)
[215/294]	0.083 (0.705)	100.00 (81.83)
[216/294]	0.072 (0.702)	100.00 (81.91)
[217/294]	0.089 (0.699)	100.00 (82.00)
[218/294]	0.111 (0.696)	100.00 (82.08)
[219/294]	0.139 (0.694)	95.00 (82.14)
[220/294]	0.313 (0.692)	85.00 (82.15)
[221/294]	0.102 (0.689)	95.00 (82.21)
[222/294]	0.106 (0.687)	100.00 (82.29)
[223/294]	0.125 (0.684)	100.00 (82.37)
[224/294]	0.195 (0.682)	95.00 (82.42)
[225/294]	0.081 (0.679)	100.00 (82.50)
[226/294]	0.090 (0.677)	100.00 (82.58)
[227/294]	0.033 (0.674)	100.00 (82.65)
[228/294]	0.145 (0.672)	100.00 (82.73)
[229/294]	0.234 (0.670)	95.00 (82.78)
[230/294]	0.303 (0.668)	85.00 (82.79)
[231/294]	0.054 (0.666)	100.00 (82.87)
[232/294]	0.108 (0.663)	100.00 (82.94)
[233/294]	0.082 (0.661)	100.00 (83.01)
[234/294]	0.522 (0.660)	85.00 (83.02)
[235/294]	0.202 (0.658)	95.00 (83.07)
[236/294]	0.187 (0.656)	90.00 (83.10)
[237/294]	0.106 (0.654)	95.00 (83.15)
[238/294]	0.069 (0.651)	100.00 (83.22)
[239/294]	0.116 (0.649)	95.00 (83.27)
[240/294]	0.123 (0.647)	95.00 (83.32)
[241/294]	0.300 (0.646)	85.00 (83.33)
[242/294]	0.191 (0.644)	95.00 (83.37)
[243/294]	0.158 (0.642)	90.00 (83.40)
[244/294]	0.253 (0.640)	90.00 (83.43)
[245/294]	0.080 (0.638)	100.00 (83.50)
[246/294]	0.177 (0.636)	90.00 (83.52)
[247/294]	0.206 (0.634)	95.00 (83.57)
[248/294]	0.151 (0.632)	100.00 (83.63)
[249/294]	0.114 (0.630)	100.00 (83.70)
[250/294]	0.263 (0.629)	85.00 (83.71)
[251/294]	0.642 (0.629)	75.00 (83.67)
[252/294]	0.060 (0.627)	100.00 (83.74)
[253/294]	0.062 (0.624)	100.00 (83.80)
[254/294]	0.049 (0.622)	100.00 (83.86)
[255/294]	0.038 (0.620)	100.00 (83.93)
[256/294]	0.080 (0.618)	100.00 (83.99)
[257/294]	0.081 (0.616)	100.00 (84.05)
[258/294]	0.121 (0.614)	100.00 (84.11)
[259/294]	0.095 (0.612)	95.00 (84.15)
[260/294]	0.042 (0.610)	100.00 (84.21)
[261/294]	0.035 (0.607)	100.00 (84.27)
[262/294]	0.081 (0.605)	100.00 (84.33)
[263/294]	0.054 (0.603)	100.00 (84.39)
[264/294]	0.048 (0.601)	100.00 (84.45)
[265/294]	0.085 (0.599)	100.00 (84.51)
[266/294]	0.060 (0.597)	100.00 (84.57)
[267/294]	0.071 (0.595)	100.00 (84.63)
[268/294]	0.057 (0.593)	100.00 (84.68)
[269/294]	0.075 (0.591)	100.00 (84.74)
[270/294]	0.080 (0.589)	100.00 (84.80)
[271/294]	0.149 (0.588)	95.00 (84.83)
[272/294]	0.290 (0.587)	90.00 (84.85)
[273/294]	0.037 (0.585)	100.00 (84.91)
[274/294]	0.099 (0.583)	100.00 (84.96)
[275/294]	0.073 (0.581)	100.00 (85.02)
[276/294]	0.050 (0.579)	100.00 (85.07)
[277/294]	0.061 (0.577)	100.00 (85.13)
[278/294]	0.109 (0.576)	100.00 (85.18)
[279/294]	0.372 (0.575)	85.00 (85.18)
[280/294]	0.307 (0.574)	90.00 (85.20)
[281/294]	0.233 (0.573)	95.00 (85.23)
[282/294]	0.302 (0.572)	80.00 (85.21)
[283/294]	0.053 (0.570)	100.00 (85.26)
[284/294]	0.042 (0.568)	100.00 (85.32)
[285/294]	0.088 (0.566)	100.00 (85.37)
[286/294]	0.142 (0.565)	100.00 (85.42)
[287/294]	0.144 (0.564)	100.00 (85.47)
[288/294]	0.085 (0.562)	100.00 (85.52)
[289/294]	0.315 (0.561)	90.00 (85.53)
[290/294]	0.218 (0.560)	95.00 (85.57)
[291/294]	0.403 (0.559)	80.00 (85.55)
[292/294]	0.187 (0.558)	95.00 (85.58)
[293/294]	0.069 (0.556)	100.00 (85.63)
 * Train Acc: 85.629
 * Avg. Data time: 0.005, Avg. Batch time: 0.065, Avg. Forward time: 0.004, Avg. Backward time: 0.050
Computing SI
 * Val Acc: 25.000, Time: 3.52
 * Test Acc: 24.332, Time: 6.02
=============Training Task 4=============
Active output nodes for this task: 
[0, 1, 2, 3, 4, 5, 6, 7, 8, 9]
=============Training Epoch 0=============
#reg terms:  1
Batch	 Loss		 Acc
[0/294]	8.774 (8.774)	0.00 (0.00)
[1/294]	8.838 (8.806)	0.00 (0.00)
[2/294]	8.022 (8.545)	0.00 (0.00)
[3/294]	5.850 (7.871)	0.00 (0.00)
[4/294]	6.462 (7.589)	0.00 (0.00)
[5/294]	6.013 (7.326)	0.00 (0.00)
[6/294]	5.326 (7.041)	0.00 (0.00)
[7/294]	5.466 (6.844)	0.00 (0.00)
[8/294]	4.543 (6.588)	0.00 (0.00)
[9/294]	4.107 (6.340)	0.00 (0.00)
[10/294]	4.327 (6.157)	0.00 (0.00)
[11/294]	3.007 (5.895)	0.00 (0.00)
[12/294]	2.778 (5.655)	0.00 (0.00)
[13/294]	2.573 (5.435)	15.00 (1.07)
[14/294]	2.639 (5.248)	0.00 (1.00)
[15/294]	2.633 (5.085)	0.00 (0.94)
[16/294]	2.478 (4.931)	10.00 (1.47)
[17/294]	1.763 (4.755)	40.00 (3.61)
[18/294]	1.621 (4.590)	40.00 (5.53)
[19/294]	1.529 (4.437)	50.00 (7.75)
[20/294]	1.685 (4.306)	50.00 (9.76)
[21/294]	1.533 (4.180)	35.00 (10.91)
[22/294]	1.277 (4.054)	50.00 (12.61)
[23/294]	1.171 (3.934)	50.00 (14.17)
[24/294]	1.313 (3.829)	65.00 (16.20)
[25/294]	1.245 (3.730)	50.00 (17.50)
[26/294]	1.149 (3.634)	55.00 (18.89)
[27/294]	1.270 (3.550)	50.00 (20.00)
[28/294]	1.003 (3.462)	60.00 (21.38)
[29/294]	0.994 (3.380)	70.00 (23.00)
[30/294]	0.941 (3.301)	70.00 (24.52)
[31/294]	1.117 (3.233)	45.00 (25.16)
[32/294]	1.191 (3.171)	45.00 (25.76)
[33/294]	0.881 (3.103)	65.00 (26.91)
[34/294]	0.833 (3.039)	55.00 (27.71)
[35/294]	0.333 (2.963)	100.00 (29.72)
[36/294]	0.724 (2.903)	80.00 (31.08)
[37/294]	0.708 (2.845)	85.00 (32.50)
[38/294]	0.595 (2.787)	100.00 (34.23)
[39/294]	0.588 (2.732)	80.00 (35.38)
[40/294]	0.631 (2.681)	75.00 (36.34)
[41/294]	0.505 (2.629)	95.00 (37.74)
[42/294]	0.631 (2.583)	65.00 (38.37)
[43/294]	0.561 (2.537)	70.00 (39.09)
[44/294]	0.437 (2.490)	90.00 (40.22)
[45/294]	0.164 (2.440)	100.00 (41.52)
[46/294]	0.527 (2.399)	85.00 (42.45)
[47/294]	0.554 (2.361)	85.00 (43.33)
[48/294]	0.322 (2.319)	100.00 (44.49)
[49/294]	0.608 (2.285)	100.00 (45.60)
[50/294]	0.862 (2.257)	55.00 (45.78)
[51/294]	0.921 (2.231)	55.00 (45.96)
[52/294]	0.292 (2.195)	95.00 (46.89)
[53/294]	0.538 (2.164)	75.00 (47.41)
[54/294]	0.621 (2.136)	75.00 (47.91)
[55/294]	0.593 (2.108)	80.00 (48.48)
[56/294]	0.405 (2.078)	95.00 (49.30)
[57/294]	0.429 (2.050)	85.00 (49.91)
[58/294]	0.434 (2.023)	80.00 (50.42)
[59/294]	0.458 (1.996)	80.00 (50.92)
[60/294]	0.833 (1.977)	60.00 (51.07)
[61/294]	0.534 (1.954)	70.00 (51.37)
[62/294]	0.310 (1.928)	90.00 (51.98)
[63/294]	0.515 (1.906)	85.00 (52.50)
[64/294]	0.511 (1.885)	80.00 (52.92)
[65/294]	0.415 (1.862)	90.00 (53.48)
[66/294]	0.586 (1.843)	85.00 (53.96)
[67/294]	0.539 (1.824)	75.00 (54.26)
[68/294]	0.256 (1.801)	100.00 (54.93)
[69/294]	0.162 (1.778)	100.00 (55.57)
[70/294]	0.169 (1.755)	100.00 (56.20)
[71/294]	0.394 (1.736)	85.00 (56.60)
[72/294]	0.489 (1.719)	75.00 (56.85)
[73/294]	0.368 (1.701)	85.00 (57.23)
[74/294]	0.522 (1.685)	75.00 (57.47)
[75/294]	0.337 (1.667)	85.00 (57.83)
[76/294]	0.072 (1.647)	100.00 (58.38)
[77/294]	0.152 (1.628)	100.00 (58.91)
[78/294]	0.211 (1.610)	100.00 (59.43)
[79/294]	0.151 (1.591)	100.00 (59.94)
[80/294]	0.288 (1.575)	95.00 (60.37)
[81/294]	0.325 (1.560)	85.00 (60.67)
[82/294]	0.417 (1.546)	75.00 (60.84)
[83/294]	0.558 (1.535)	65.00 (60.89)
[84/294]	0.831 (1.526)	70.00 (61.00)
[85/294]	0.385 (1.513)	90.00 (61.34)
[86/294]	0.129 (1.497)	100.00 (61.78)
[87/294]	0.143 (1.482)	100.00 (62.22)
[88/294]	0.362 (1.469)	90.00 (62.53)
[89/294]	0.454 (1.458)	75.00 (62.67)
[90/294]	0.521 (1.448)	65.00 (62.69)
[91/294]	0.180 (1.434)	100.00 (63.10)
[92/294]	0.148 (1.420)	100.00 (63.49)
[93/294]	0.234 (1.407)	90.00 (63.78)
[94/294]	0.278 (1.395)	85.00 (64.00)
[95/294]	0.231 (1.383)	100.00 (64.38)
[96/294]	0.273 (1.372)	100.00 (64.74)
[97/294]	0.150 (1.359)	95.00 (65.05)
[98/294]	0.193 (1.348)	100.00 (65.40)
[99/294]	0.092 (1.335)	100.00 (65.75)
[100/294]	0.106 (1.323)	100.00 (66.09)
[101/294]	0.208 (1.312)	100.00 (66.42)
[102/294]	0.113 (1.300)	100.00 (66.75)
[103/294]	0.239 (1.290)	100.00 (67.07)
[104/294]	0.725 (1.285)	65.00 (67.05)
[105/294]	0.207 (1.275)	90.00 (67.26)
[106/294]	0.151 (1.264)	95.00 (67.52)
[107/294]	0.209 (1.254)	95.00 (67.78)
[108/294]	0.183 (1.244)	100.00 (68.07)
[109/294]	0.129 (1.234)	100.00 (68.36)
[110/294]	0.196 (1.225)	95.00 (68.60)
[111/294]	0.146 (1.215)	95.00 (68.84)
[112/294]	0.488 (1.209)	85.00 (68.98)
[113/294]	0.271 (1.201)	95.00 (69.21)
[114/294]	0.223 (1.192)	100.00 (69.48)
[115/294]	0.257 (1.184)	95.00 (69.70)
[116/294]	0.243 (1.176)	90.00 (69.87)
[117/294]	0.616 (1.171)	65.00 (69.83)
[118/294]	0.341 (1.164)	90.00 (70.00)
[119/294]	0.224 (1.157)	100.00 (70.25)
[120/294]	0.308 (1.150)	95.00 (70.45)
[121/294]	0.237 (1.142)	100.00 (70.70)
[122/294]	0.160 (1.134)	100.00 (70.93)
[123/294]	0.249 (1.127)	90.00 (71.09)
[124/294]	0.136 (1.119)	100.00 (71.32)
[125/294]	0.144 (1.111)	100.00 (71.55)
[126/294]	0.334 (1.105)	90.00 (71.69)
[127/294]	0.172 (1.098)	100.00 (71.91)
[128/294]	0.088 (1.090)	100.00 (72.13)
[129/294]	0.172 (1.083)	100.00 (72.35)
[130/294]	0.149 (1.076)	95.00 (72.52)
[131/294]	0.372 (1.070)	85.00 (72.61)
[132/294]	0.752 (1.068)	65.00 (72.56)
[133/294]	0.121 (1.061)	100.00 (72.76)
[134/294]	0.287 (1.055)	100.00 (72.96)
[135/294]	0.271 (1.050)	100.00 (73.16)
[136/294]	0.168 (1.043)	100.00 (73.36)
[137/294]	0.154 (1.037)	100.00 (73.55)
[138/294]	0.108 (1.030)	100.00 (73.74)
[139/294]	0.094 (1.023)	100.00 (73.93)
[140/294]	0.268 (1.018)	95.00 (74.08)
[141/294]	0.238 (1.012)	95.00 (74.23)
[142/294]	0.154 (1.006)	100.00 (74.41)
[143/294]	0.124 (1.000)	100.00 (74.58)
[144/294]	0.500 (0.997)	65.00 (74.52)
[145/294]	0.445 (0.993)	80.00 (74.55)
[146/294]	0.174 (0.987)	100.00 (74.73)
[147/294]	0.060 (0.981)	100.00 (74.90)
[148/294]	0.150 (0.976)	95.00 (75.03)
[149/294]	0.411 (0.972)	80.00 (75.07)
[150/294]	0.279 (0.967)	85.00 (75.13)
[151/294]	0.147 (0.962)	100.00 (75.30)
[152/294]	0.256 (0.957)	95.00 (75.42)
[153/294]	0.153 (0.952)	95.00 (75.55)
[154/294]	0.240 (0.947)	100.00 (75.71)
[155/294]	0.370 (0.944)	90.00 (75.80)
[156/294]	0.278 (0.940)	100.00 (75.96)
[157/294]	0.259 (0.935)	90.00 (76.04)
[158/294]	0.146 (0.930)	100.00 (76.19)
[159/294]	0.082 (0.925)	100.00 (76.34)
[160/294]	0.076 (0.920)	100.00 (76.49)
[161/294]	0.175 (0.915)	100.00 (76.64)
[162/294]	0.280 (0.911)	95.00 (76.75)
[163/294]	0.285 (0.907)	95.00 (76.86)
[164/294]	0.164 (0.903)	100.00 (77.00)
[165/294]	0.098 (0.898)	95.00 (77.11)
[166/294]	0.104 (0.893)	100.00 (77.25)
[167/294]	0.118 (0.889)	100.00 (77.38)
[168/294]	0.192 (0.885)	90.00 (77.46)
[169/294]	0.235 (0.881)	85.00 (77.50)
[170/294]	0.140 (0.876)	100.00 (77.63)
[171/294]	0.040 (0.872)	100.00 (77.76)
[172/294]	0.210 (0.868)	95.00 (77.86)
[173/294]	0.227 (0.864)	95.00 (77.96)
[174/294]	0.085 (0.860)	100.00 (78.09)
[175/294]	0.067 (0.855)	100.00 (78.21)
[176/294]	0.049 (0.850)	100.00 (78.33)
[177/294]	0.136 (0.846)	95.00 (78.43)
[178/294]	0.495 (0.845)	75.00 (78.41)
[179/294]	0.266 (0.841)	95.00 (78.50)
[180/294]	0.185 (0.838)	100.00 (78.62)
[181/294]	0.082 (0.834)	100.00 (78.74)
[182/294]	0.751 (0.833)	75.00 (78.72)
[183/294]	0.465 (0.831)	85.00 (78.75)
[184/294]	0.111 (0.827)	95.00 (78.84)
[185/294]	0.468 (0.825)	80.00 (78.84)
[186/294]	0.369 (0.823)	75.00 (78.82)
[187/294]	0.274 (0.820)	90.00 (78.88)
[188/294]	0.109 (0.816)	95.00 (78.97)
[189/294]	0.129 (0.813)	95.00 (79.05)
[190/294]	0.439 (0.811)	80.00 (79.06)
[191/294]	0.666 (0.810)	75.00 (79.04)
[192/294]	0.146 (0.806)	95.00 (79.12)
[193/294]	0.128 (0.803)	100.00 (79.23)
[194/294]	0.161 (0.800)	95.00 (79.31)
[195/294]	0.070 (0.796)	100.00 (79.41)
[196/294]	0.028 (0.792)	100.00 (79.52)
[197/294]	0.093 (0.788)	100.00 (79.62)
[198/294]	0.099 (0.785)	100.00 (79.72)
[199/294]	0.195 (0.782)	95.00 (79.80)
[200/294]	0.295 (0.780)	90.00 (79.85)
[201/294]	0.150 (0.776)	100.00 (79.95)
[202/294]	0.180 (0.774)	95.00 (80.02)
[203/294]	0.253 (0.771)	95.00 (80.10)
[204/294]	0.116 (0.768)	100.00 (80.20)
[205/294]	0.157 (0.765)	95.00 (80.27)
[206/294]	0.158 (0.762)	100.00 (80.36)
[207/294]	0.137 (0.759)	100.00 (80.46)
[208/294]	0.131 (0.756)	90.00 (80.50)
[209/294]	0.053 (0.753)	100.00 (80.60)
[210/294]	0.266 (0.750)	100.00 (80.69)
[211/294]	0.057 (0.747)	100.00 (80.78)
[212/294]	0.079 (0.744)	100.00 (80.87)
[213/294]	0.078 (0.741)	100.00 (80.96)
[214/294]	0.329 (0.739)	85.00 (80.98)
[215/294]	0.173 (0.736)	95.00 (81.04)
[216/294]	0.062 (0.733)	100.00 (81.13)
[217/294]	0.198 (0.731)	95.00 (81.19)
[218/294]	0.201 (0.728)	100.00 (81.28)
[219/294]	0.216 (0.726)	100.00 (81.36)
[220/294]	0.274 (0.724)	100.00 (81.45)
[221/294]	0.345 (0.722)	90.00 (81.49)
[222/294]	0.117 (0.719)	95.00 (81.55)
[223/294]	0.066 (0.716)	100.00 (81.63)
[224/294]	0.260 (0.714)	90.00 (81.67)
[225/294]	0.211 (0.712)	95.00 (81.73)
[226/294]	0.255 (0.710)	90.00 (81.76)
[227/294]	0.298 (0.708)	85.00 (81.78)
[228/294]	0.173 (0.706)	90.00 (81.81)
[229/294]	0.103 (0.703)	100.00 (81.89)
[230/294]	0.085 (0.701)	100.00 (81.97)
[231/294]	0.114 (0.698)	95.00 (82.03)
[232/294]	0.043 (0.695)	100.00 (82.10)
[233/294]	0.142 (0.693)	95.00 (82.16)
[234/294]	0.481 (0.692)	80.00 (82.15)
[235/294]	0.121 (0.690)	100.00 (82.22)
[236/294]	0.046 (0.687)	100.00 (82.30)
[237/294]	0.150 (0.685)	95.00 (82.35)
[238/294]	0.317 (0.683)	85.00 (82.36)
[239/294]	0.250 (0.681)	90.00 (82.40)
[240/294]	0.083 (0.679)	100.00 (82.47)
[241/294]	0.032 (0.676)	100.00 (82.54)
[242/294]	0.063 (0.674)	100.00 (82.61)
[243/294]	0.056 (0.671)	100.00 (82.68)
[244/294]	0.073 (0.669)	100.00 (82.76)
[245/294]	0.062 (0.666)	100.00 (82.83)
[246/294]	0.051 (0.664)	100.00 (82.89)
[247/294]	0.090 (0.661)	100.00 (82.96)
[248/294]	0.174 (0.660)	95.00 (83.01)
[249/294]	0.148 (0.657)	100.00 (83.08)
[250/294]	0.183 (0.656)	95.00 (83.13)
[251/294]	0.151 (0.654)	95.00 (83.17)
[252/294]	0.101 (0.651)	100.00 (83.24)
[253/294]	0.136 (0.649)	100.00 (83.31)
[254/294]	0.070 (0.647)	100.00 (83.37)
[255/294]	0.226 (0.645)	95.00 (83.42)
[256/294]	0.107 (0.643)	100.00 (83.48)
[257/294]	0.112 (0.641)	100.00 (83.55)
[258/294]	0.096 (0.639)	95.00 (83.59)
[259/294]	0.268 (0.638)	90.00 (83.62)
[260/294]	0.295 (0.636)	90.00 (83.64)
[261/294]	0.318 (0.635)	90.00 (83.66)
[262/294]	0.238 (0.634)	100.00 (83.73)
[263/294]	0.203 (0.632)	90.00 (83.75)
[264/294]	0.144 (0.630)	95.00 (83.79)
[265/294]	0.072 (0.628)	100.00 (83.85)
[266/294]	0.041 (0.626)	100.00 (83.91)
[267/294]	0.102 (0.624)	95.00 (83.96)
[268/294]	0.089 (0.622)	95.00 (84.00)
[269/294]	0.152 (0.620)	100.00 (84.06)
[270/294]	0.238 (0.619)	90.00 (84.08)
[271/294]	0.074 (0.617)	100.00 (84.14)
[272/294]	0.129 (0.615)	100.00 (84.19)
[273/294]	0.094 (0.613)	100.00 (84.25)
[274/294]	0.177 (0.612)	100.00 (84.31)
[275/294]	0.222 (0.610)	95.00 (84.35)
[276/294]	0.217 (0.609)	90.00 (84.37)
[277/294]	0.077 (0.607)	100.00 (84.42)
[278/294]	0.058 (0.605)	100.00 (84.48)
[279/294]	0.046 (0.603)	100.00 (84.54)
[280/294]	0.040 (0.601)	100.00 (84.59)
[281/294]	0.167 (0.599)	95.00 (84.63)
[282/294]	0.166 (0.598)	90.00 (84.65)
[283/294]	0.144 (0.596)	95.00 (84.68)
[284/294]	0.314 (0.595)	85.00 (84.68)
[285/294]	0.317 (0.594)	90.00 (84.70)
[286/294]	0.120 (0.593)	100.00 (84.76)
[287/294]	0.062 (0.591)	100.00 (84.81)
[288/294]	0.171 (0.589)	95.00 (84.84)
[289/294]	0.182 (0.588)	95.00 (84.88)
[290/294]	0.195 (0.587)	100.00 (84.93)
[291/294]	0.228 (0.585)	95.00 (84.97)
[292/294]	0.222 (0.584)	95.00 (85.00)
[293/294]	0.049 (0.582)	100.00 (85.05)
 * Train Acc: 85.051
 * Avg. Data time: 0.004, Avg. Batch time: 0.064, Avg. Forward time: 0.005, Avg. Backward time: 0.052
Computing SI
 * Val Acc: 19.220, Time: 3.55
 * Test Acc: 20.164, Time: 7.97
=============Training Task 5=============
Active output nodes for this task: 
[0, 1, 2, 3, 4, 5, 6, 7, 8, 9, 10, 11]
=============Training Epoch 0=============
#reg terms:  1
Batch	 Loss		 Acc
