=============Stream Learning Run 0=============
Changing output layer to contain 12 classes
============BEGINNING STREAM LEARNING============
=============Training Task 0=============
Active output nodes for this task: 
[0, 1]
=============Training Epoch 0=============
#reg terms:  0
Batch	 Loss		 Acc
[0/294]	1.884 (1.884)	45.00 (45.00)
[1/294]	0.851 (1.367)	50.00 (47.50)
[2/294]	0.742 (1.159)	55.00 (50.00)
[3/294]	0.545 (1.005)	85.00 (58.75)
[4/294]	0.592 (0.923)	80.00 (63.00)
[5/294]	0.672 (0.881)	60.00 (62.50)
[6/294]	0.826 (0.873)	50.00 (60.71)
[7/294]	0.520 (0.829)	75.00 (62.50)
[8/294]	0.552 (0.798)	85.00 (65.00)
[9/294]	0.650 (0.783)	75.00 (66.00)
[10/294]	0.577 (0.765)	90.00 (68.18)
[11/294]	0.666 (0.756)	60.00 (67.50)
[12/294]	0.599 (0.744)	75.00 (68.08)
[13/294]	0.562 (0.731)	80.00 (68.93)
[14/294]	0.067 (0.687)	100.00 (71.00)
[15/294]	0.208 (0.657)	100.00 (72.81)
[16/294]	0.296 (0.636)	95.00 (74.12)
[17/294]	0.287 (0.617)	100.00 (75.56)
[18/294]	0.042 (0.586)	100.00 (76.84)
[19/294]	0.260 (0.570)	85.00 (77.25)
[20/294]	0.787 (0.580)	60.00 (76.43)
[21/294]	0.159 (0.561)	100.00 (77.50)
[22/294]	0.246 (0.547)	90.00 (78.04)
[23/294]	0.269 (0.536)	85.00 (78.33)
[24/294]	0.420 (0.531)	70.00 (78.00)
[25/294]	0.440 (0.528)	65.00 (77.50)
[26/294]	0.904 (0.542)	65.00 (77.04)
[27/294]	0.320 (0.534)	75.00 (76.96)
[28/294]	0.002 (0.515)	100.00 (77.76)
[29/294]	0.114 (0.502)	100.00 (78.50)
[30/294]	0.398 (0.499)	85.00 (78.71)
[31/294]	0.511 (0.499)	70.00 (78.44)
[32/294]	0.210 (0.490)	95.00 (78.94)
[33/294]	0.223 (0.482)	95.00 (79.41)
[34/294]	0.470 (0.482)	75.00 (79.29)
[35/294]	0.128 (0.472)	100.00 (79.86)
[36/294]	0.131 (0.463)	100.00 (80.41)
[37/294]	0.126 (0.454)	100.00 (80.92)
[38/294]	0.508 (0.455)	70.00 (80.64)
[39/294]	0.212 (0.449)	95.00 (81.00)
[40/294]	0.021 (0.439)	100.00 (81.46)
[41/294]	0.115 (0.431)	95.00 (81.79)
[42/294]	0.752 (0.439)	75.00 (81.63)
[43/294]	1.259 (0.457)	70.00 (81.36)
[44/294]	0.348 (0.455)	90.00 (81.56)
[45/294]	0.285 (0.451)	90.00 (81.74)
[46/294]	0.683 (0.456)	60.00 (81.28)
[47/294]	1.080 (0.469)	70.00 (81.04)
[48/294]	0.243 (0.464)	100.00 (81.43)
[49/294]	0.426 (0.464)	95.00 (81.70)
[50/294]	0.364 (0.462)	95.00 (81.96)
[51/294]	0.459 (0.462)	90.00 (82.12)
[52/294]	0.659 (0.465)	70.00 (81.89)
[53/294]	0.549 (0.467)	65.00 (81.57)
[54/294]	0.635 (0.470)	60.00 (81.18)
[55/294]	0.615 (0.473)	65.00 (80.89)
[56/294]	0.422 (0.472)	95.00 (81.14)
[57/294]	0.410 (0.471)	100.00 (81.47)
[58/294]	0.428 (0.470)	85.00 (81.53)
[59/294]	0.410 (0.469)	70.00 (81.33)
[60/294]	0.367 (0.467)	95.00 (81.56)
[61/294]	0.233 (0.463)	95.00 (81.77)
[62/294]	0.060 (0.457)	100.00 (82.06)
[63/294]	0.198 (0.453)	95.00 (82.27)
[64/294]	0.134 (0.448)	100.00 (82.54)
[65/294]	0.135 (0.443)	100.00 (82.80)
[66/294]	0.462 (0.444)	75.00 (82.69)
[67/294]	0.527 (0.445)	65.00 (82.43)
[68/294]	0.964 (0.452)	80.00 (82.39)
[69/294]	0.832 (0.458)	75.00 (82.29)
[70/294]	0.546 (0.459)	75.00 (82.18)
[71/294]	0.292 (0.457)	95.00 (82.36)
[72/294]	0.473 (0.457)	90.00 (82.47)
[73/294]	0.106 (0.452)	100.00 (82.70)
[74/294]	0.090 (0.447)	100.00 (82.93)
[75/294]	0.349 (0.446)	80.00 (82.89)
[76/294]	0.513 (0.447)	75.00 (82.79)
[77/294]	0.188 (0.444)	90.00 (82.88)
[78/294]	0.178 (0.440)	95.00 (83.04)
[79/294]	0.278 (0.438)	90.00 (83.12)
[80/294]	0.470 (0.439)	75.00 (83.02)
[81/294]	0.515 (0.440)	75.00 (82.93)
[82/294]	0.621 (0.442)	65.00 (82.71)
[83/294]	0.570 (0.443)	75.00 (82.62)
[84/294]	0.544 (0.444)	75.00 (82.53)
[85/294]	0.465 (0.445)	75.00 (82.44)
[86/294]	0.407 (0.444)	70.00 (82.30)
[87/294]	0.204 (0.442)	95.00 (82.44)
[88/294]	0.253 (0.439)	100.00 (82.64)
[89/294]	0.282 (0.438)	95.00 (82.78)
[90/294]	0.101 (0.434)	100.00 (82.97)
[91/294]	0.390 (0.433)	85.00 (82.99)
[92/294]	0.354 (0.433)	75.00 (82.90)
[93/294]	0.518 (0.434)	70.00 (82.77)
[94/294]	0.149 (0.431)	100.00 (82.95)
[95/294]	0.056 (0.427)	100.00 (83.12)
[96/294]	0.057 (0.423)	100.00 (83.30)
[97/294]	0.023 (0.419)	100.00 (83.47)
[98/294]	1.334 (0.428)	55.00 (83.18)
[99/294]	0.504 (0.429)	70.00 (83.05)
[100/294]	0.326 (0.428)	90.00 (83.12)
[101/294]	0.155 (0.425)	100.00 (83.28)
[102/294]	0.203 (0.423)	100.00 (83.45)
[103/294]	0.498 (0.424)	75.00 (83.37)
[104/294]	0.610 (0.425)	90.00 (83.43)
[105/294]	0.028 (0.422)	100.00 (83.58)
[106/294]	0.028 (0.418)	100.00 (83.74)
[107/294]	0.024 (0.414)	100.00 (83.89)
[108/294]	0.174 (0.412)	95.00 (83.99)
[109/294]	0.376 (0.412)	75.00 (83.91)
[110/294]	0.429 (0.412)	75.00 (83.83)
[111/294]	0.223 (0.410)	90.00 (83.88)
[112/294]	0.470 (0.411)	80.00 (83.85)
[113/294]	0.797 (0.414)	60.00 (83.64)
[114/294]	0.498 (0.415)	75.00 (83.57)
[115/294]	0.194 (0.413)	100.00 (83.71)
[116/294]	0.368 (0.413)	85.00 (83.72)
[117/294]	0.304 (0.412)	95.00 (83.81)
[118/294]	0.925 (0.416)	70.00 (83.70)
[119/294]	0.605 (0.418)	70.00 (83.58)
[120/294]	0.252 (0.416)	100.00 (83.72)
[121/294]	0.273 (0.415)	95.00 (83.81)
[122/294]	0.224 (0.413)	90.00 (83.86)
[123/294]	0.392 (0.413)	90.00 (83.91)
[124/294]	0.511 (0.414)	75.00 (83.84)
[125/294]	0.314 (0.413)	90.00 (83.89)
[126/294]	0.542 (0.414)	60.00 (83.70)
[127/294]	0.206 (0.413)	90.00 (83.75)
[128/294]	0.081 (0.410)	100.00 (83.88)
[129/294]	0.041 (0.407)	100.00 (84.00)
[130/294]	0.626 (0.409)	80.00 (83.97)
[131/294]	0.265 (0.408)	95.00 (84.05)
[132/294]	0.367 (0.408)	80.00 (84.02)
[133/294]	0.006 (0.405)	100.00 (84.14)
[134/294]	0.155 (0.403)	90.00 (84.19)
[135/294]	0.184 (0.401)	90.00 (84.23)
[136/294]	0.297 (0.400)	75.00 (84.16)
[137/294]	0.080 (0.398)	95.00 (84.24)
[138/294]	0.127 (0.396)	95.00 (84.32)
[139/294]	0.279 (0.395)	90.00 (84.36)
[140/294]	0.079 (0.393)	100.00 (84.47)
[141/294]	0.108 (0.391)	100.00 (84.58)
[142/294]	0.183 (0.390)	90.00 (84.62)
[143/294]	0.200 (0.388)	95.00 (84.69)
[144/294]	1.444 (0.396)	65.00 (84.55)
[145/294]	0.364 (0.395)	80.00 (84.52)
[146/294]	0.022 (0.393)	100.00 (84.63)
[147/294]	1.086 (0.397)	60.00 (84.46)
[148/294]	0.796 (0.400)	75.00 (84.40)
[149/294]	0.071 (0.398)	100.00 (84.50)
[150/294]	0.409 (0.398)	85.00 (84.50)
[151/294]	0.166 (0.396)	95.00 (84.57)
[152/294]	0.239 (0.395)	90.00 (84.61)
[153/294]	0.511 (0.396)	75.00 (84.55)
[154/294]	0.498 (0.397)	50.00 (84.32)
[155/294]	0.392 (0.397)	85.00 (84.33)
[156/294]	0.380 (0.397)	95.00 (84.39)
[157/294]	0.687 (0.399)	60.00 (84.24)
[158/294]	0.622 (0.400)	70.00 (84.15)
[159/294]	0.489 (0.400)	80.00 (84.12)
[160/294]	0.416 (0.401)	100.00 (84.22)
[161/294]	0.466 (0.401)	75.00 (84.17)
[162/294]	0.290 (0.400)	95.00 (84.23)
[163/294]	0.200 (0.399)	100.00 (84.33)
[164/294]	0.171 (0.398)	100.00 (84.42)
[165/294]	0.243 (0.397)	100.00 (84.52)
[166/294]	0.391 (0.397)	75.00 (84.46)
[167/294]	0.232 (0.396)	95.00 (84.52)
[168/294]	0.392 (0.396)	90.00 (84.56)
[169/294]	0.363 (0.396)	85.00 (84.56)
[170/294]	0.104 (0.394)	100.00 (84.65)
[171/294]	0.060 (0.392)	100.00 (84.74)
[172/294]	0.068 (0.390)	100.00 (84.83)
[173/294]	0.034 (0.388)	100.00 (84.91)
[174/294]	0.082 (0.386)	100.00 (85.00)
[175/294]	0.072 (0.384)	100.00 (85.09)
[176/294]	0.024 (0.382)	100.00 (85.17)
[177/294]	0.084 (0.381)	95.00 (85.22)
[178/294]	1.098 (0.385)	80.00 (85.20)
[179/294]	0.181 (0.384)	90.00 (85.22)
[180/294]	0.203 (0.383)	95.00 (85.28)
[181/294]	0.086 (0.381)	95.00 (85.33)
[182/294]	0.225 (0.380)	95.00 (85.38)
[183/294]	0.006 (0.378)	100.00 (85.46)
[184/294]	0.005 (0.376)	100.00 (85.54)
[185/294]	0.234 (0.375)	95.00 (85.59)
[186/294]	0.020 (0.373)	100.00 (85.67)
[187/294]	0.164 (0.372)	95.00 (85.72)
[188/294]	0.705 (0.374)	80.00 (85.69)
[189/294]	1.204 (0.378)	60.00 (85.55)
[190/294]	0.138 (0.377)	95.00 (85.60)
[191/294]	0.831 (0.380)	90.00 (85.62)
[192/294]	0.039 (0.378)	100.00 (85.70)
[193/294]	0.723 (0.380)	75.00 (85.64)
[194/294]	0.260 (0.379)	80.00 (85.62)
[195/294]	0.045 (0.377)	100.00 (85.69)
[196/294]	0.084 (0.376)	100.00 (85.76)
[197/294]	0.412 (0.376)	70.00 (85.68)
[198/294]	0.558 (0.377)	60.00 (85.55)
[199/294]	0.232 (0.376)	100.00 (85.62)
[200/294]	0.233 (0.375)	100.00 (85.70)
[201/294]	0.207 (0.375)	95.00 (85.74)
[202/294]	0.164 (0.374)	100.00 (85.81)
[203/294]	0.217 (0.373)	100.00 (85.88)
[204/294]	0.253 (0.372)	95.00 (85.93)
[205/294]	0.189 (0.371)	100.00 (86.00)
[206/294]	0.160 (0.370)	100.00 (86.06)
[207/294]	0.256 (0.370)	85.00 (86.06)
[208/294]	0.220 (0.369)	100.00 (86.12)
[209/294]	0.306 (0.369)	95.00 (86.17)
[210/294]	0.526 (0.369)	85.00 (86.16)
[211/294]	0.161 (0.368)	95.00 (86.20)
[212/294]	0.329 (0.368)	75.00 (86.15)
[213/294]	0.037 (0.367)	100.00 (86.21)
[214/294]	0.148 (0.366)	100.00 (86.28)
[215/294]	0.131 (0.365)	100.00 (86.34)
[216/294]	0.044 (0.363)	100.00 (86.41)
[217/294]	0.518 (0.364)	75.00 (86.35)
[218/294]	0.198 (0.363)	90.00 (86.37)
[219/294]	0.227 (0.362)	90.00 (86.39)
[220/294]	0.007 (0.361)	100.00 (86.45)
[221/294]	0.063 (0.360)	100.00 (86.51)
[222/294]	0.143 (0.359)	90.00 (86.52)
[223/294]	0.028 (0.357)	100.00 (86.58)
[224/294]	0.001 (0.355)	100.00 (86.64)
[225/294]	0.374 (0.356)	80.00 (86.62)
[226/294]	0.819 (0.358)	70.00 (86.54)
[227/294]	0.482 (0.358)	65.00 (86.45)
[228/294]	0.145 (0.357)	95.00 (86.48)
[229/294]	0.152 (0.356)	95.00 (86.52)
[230/294]	0.099 (0.355)	100.00 (86.58)
[231/294]	0.568 (0.356)	60.00 (86.47)
[232/294]	0.246 (0.356)	90.00 (86.48)
[233/294]	0.294 (0.355)	95.00 (86.52)
[234/294]	0.428 (0.356)	85.00 (86.51)
[235/294]	0.207 (0.355)	95.00 (86.55)
[236/294]	0.265 (0.355)	90.00 (86.56)
[237/294]	0.149 (0.354)	100.00 (86.62)
[238/294]	0.056 (0.353)	100.00 (86.67)
[239/294]	0.142 (0.352)	95.00 (86.71)
[240/294]	0.429 (0.352)	80.00 (86.68)
[241/294]	0.109 (0.351)	100.00 (86.74)
[242/294]	0.058 (0.350)	100.00 (86.79)
[243/294]	0.281 (0.350)	90.00 (86.80)
[244/294]	0.690 (0.351)	75.00 (86.76)
[245/294]	0.648 (0.352)	65.00 (86.67)
[246/294]	0.208 (0.352)	95.00 (86.70)
[247/294]	0.175 (0.351)	95.00 (86.73)
[248/294]	0.127 (0.350)	100.00 (86.79)
[249/294]	0.221 (0.349)	95.00 (86.82)
[250/294]	0.305 (0.349)	90.00 (86.83)
[251/294]	0.283 (0.349)	85.00 (86.83)
[252/294]	0.412 (0.349)	75.00 (86.78)
[253/294]	0.314 (0.349)	85.00 (86.77)
[254/294]	0.090 (0.348)	100.00 (86.82)
[255/294]	0.062 (0.347)	100.00 (86.88)
[256/294]	0.087 (0.346)	100.00 (86.93)
[257/294]	0.049 (0.345)	100.00 (86.98)
[258/294]	0.133 (0.344)	95.00 (87.01)
[259/294]	0.024 (0.343)	100.00 (87.06)
[260/294]	0.058 (0.342)	100.00 (87.11)
[261/294]	0.056 (0.341)	100.00 (87.16)
[262/294]	0.028 (0.339)	100.00 (87.21)
[263/294]	0.076 (0.338)	95.00 (87.23)
[264/294]	0.565 (0.339)	80.00 (87.21)
[265/294]	0.216 (0.339)	90.00 (87.22)
[266/294]	0.045 (0.338)	100.00 (87.27)
[267/294]	0.031 (0.337)	100.00 (87.31)
[268/294]	0.004 (0.335)	100.00 (87.36)
[269/294]	0.010 (0.334)	100.00 (87.41)
[270/294]	0.212 (0.334)	90.00 (87.42)
[271/294]	0.354 (0.334)	80.00 (87.39)
[272/294]	0.490 (0.334)	75.00 (87.34)
[273/294]	0.036 (0.333)	100.00 (87.39)
[274/294]	0.218 (0.333)	90.00 (87.40)
[275/294]	0.167 (0.332)	90.00 (87.41)
[276/294]	0.194 (0.332)	95.00 (87.44)
[277/294]	0.024 (0.331)	100.00 (87.48)
[278/294]	0.056 (0.330)	100.00 (87.53)
[279/294]	0.085 (0.329)	100.00 (87.57)
[280/294]	0.011 (0.328)	100.00 (87.62)
[281/294]	0.082 (0.327)	95.00 (87.64)
[282/294]	0.007 (0.326)	100.00 (87.69)
[283/294]	0.055 (0.325)	100.00 (87.73)
[284/294]	0.190 (0.324)	85.00 (87.72)
[285/294]	0.155 (0.324)	90.00 (87.73)
[286/294]	0.157 (0.323)	95.00 (87.75)
[287/294]	0.016 (0.322)	100.00 (87.80)
[288/294]	0.011 (0.321)	100.00 (87.84)
[289/294]	0.003 (0.320)	100.00 (87.88)
[290/294]	0.005 (0.319)	100.00 (87.92)
[291/294]	0.004 (0.318)	100.00 (87.96)
[292/294]	0.001 (0.317)	100.00 (88.00)
[293/294]	0.000 (0.315)	100.00 (88.04)
 * Train Acc: 88.044
 * Avg. Data time: 0.005, Avg. Batch time: 0.033, Avg. Forward time: 0.004, Avg. Backward time: 0.017
Computing MAS
 * Val Acc: 94.493, Time: 1.48
 * Test Acc: 96.230, Time: 2.33
=============Training Task 1=============
Active output nodes for this task: 
[0, 1, 2, 3]
=============Training Epoch 0=============
#reg terms:  1
Batch	 Loss		 Acc
[0/294]	6.676 (6.676)	0.00 (0.00)
[1/294]	36.796 (21.736)	0.00 (0.00)
[2/294]	27495.430 (9179.634)	0.00 (0.00)
[3/294]	80309472.000 (20084252.800)	50.00 (12.50)
[4/294]	1634660517280097342180565490597888.000 (326932091076619092876132918231040.000)	0.00 (10.00)
[5/294]	nan (nan)	50.00 (16.67)
[6/294]	nan (nan)	50.00 (21.43)
[7/294]	nan (nan)	50.00 (25.00)
[8/294]	nan (nan)	50.00 (27.78)
[9/294]	nan (nan)	50.00 (30.00)
[10/294]	nan (nan)	50.00 (31.82)
[11/294]	nan (nan)	50.00 (33.33)
[12/294]	nan (nan)	50.00 (34.62)
[13/294]	nan (nan)	50.00 (35.71)
[14/294]	nan (nan)	50.00 (36.67)
[15/294]	nan (nan)	50.00 (37.50)
[16/294]	nan (nan)	50.00 (38.24)
[17/294]	nan (nan)	50.00 (38.89)
[18/294]	nan (nan)	50.00 (39.47)
[19/294]	nan (nan)	50.00 (40.00)
[20/294]	nan (nan)	50.00 (40.48)
[21/294]	nan (nan)	50.00 (40.91)
[22/294]	nan (nan)	50.00 (41.30)
[23/294]	nan (nan)	50.00 (41.67)
[24/294]	nan (nan)	50.00 (42.00)
[25/294]	nan (nan)	50.00 (42.31)
[26/294]	nan (nan)	50.00 (42.59)
[27/294]	nan (nan)	50.00 (42.86)
[28/294]	nan (nan)	50.00 (43.10)
[29/294]	nan (nan)	20.00 (42.33)
[30/294]	nan (nan)	45.00 (42.42)
[31/294]	nan (nan)	50.00 (42.66)
[32/294]	nan (nan)	50.00 (42.88)
[33/294]	nan (nan)	50.00 (43.09)
[34/294]	nan (nan)	50.00 (43.29)
[35/294]	nan (nan)	50.00 (43.47)
[36/294]	nan (nan)	50.00 (43.65)
[37/294]	nan (nan)	50.00 (43.82)
[38/294]	nan (nan)	50.00 (43.97)
[39/294]	nan (nan)	50.00 (44.12)
[40/294]	nan (nan)	50.00 (44.27)
[41/294]	nan (nan)	50.00 (44.40)
[42/294]	nan (nan)	50.00 (44.53)
[43/294]	nan (nan)	50.00 (44.66)
[44/294]	nan (nan)	50.00 (44.78)
[45/294]	nan (nan)	50.00 (44.89)
[46/294]	nan (nan)	50.00 (45.00)
[47/294]	nan (nan)	50.00 (45.10)
[48/294]	nan (nan)	50.00 (45.20)
[49/294]	nan (nan)	50.00 (45.30)
[50/294]	nan (nan)	50.00 (45.39)
[51/294]	nan (nan)	50.00 (45.48)
[52/294]	nan (nan)	50.00 (45.57)
[53/294]	nan (nan)	50.00 (45.65)
[54/294]	nan (nan)	50.00 (45.73)
[55/294]	nan (nan)	50.00 (45.80)
[56/294]	nan (nan)	50.00 (45.88)
[57/294]	nan (nan)	50.00 (45.95)
[58/294]	nan (nan)	50.00 (46.02)
[59/294]	nan (nan)	50.00 (46.08)
[60/294]	nan (nan)	50.00 (46.15)
[61/294]	nan (nan)	50.00 (46.21)
[62/294]	nan (nan)	50.00 (46.27)
[63/294]	nan (nan)	50.00 (46.33)
[64/294]	nan (nan)	50.00 (46.38)
[65/294]	nan (nan)	50.00 (46.44)
[66/294]	nan (nan)	50.00 (46.49)
[67/294]	nan (nan)	50.00 (46.54)
[68/294]	nan (nan)	50.00 (46.59)
[69/294]	nan (nan)	50.00 (46.64)
[70/294]	nan (nan)	50.00 (46.69)
[71/294]	nan (nan)	50.00 (46.74)
[72/294]	nan (nan)	50.00 (46.78)
[73/294]	nan (nan)	50.00 (46.82)
[74/294]	nan (nan)	50.00 (46.87)
[75/294]	nan (nan)	50.00 (46.91)
[76/294]	nan (nan)	50.00 (46.95)
[77/294]	nan (nan)	50.00 (46.99)
[78/294]	nan (nan)	50.00 (47.03)
[79/294]	nan (nan)	50.00 (47.06)
[80/294]	nan (nan)	50.00 (47.10)
[81/294]	nan (nan)	50.00 (47.13)
[82/294]	nan (nan)	50.00 (47.17)
[83/294]	nan (nan)	50.00 (47.20)
[84/294]	nan (nan)	50.00 (47.24)
[85/294]	nan (nan)	50.00 (47.27)
[86/294]	nan (nan)	50.00 (47.30)
[87/294]	nan (nan)	50.00 (47.33)
[88/294]	nan (nan)	50.00 (47.36)
[89/294]	nan (nan)	50.00 (47.39)
[90/294]	nan (nan)	50.00 (47.42)
[91/294]	nan (nan)	50.00 (47.45)
[92/294]	nan (nan)	50.00 (47.47)
[93/294]	nan (nan)	50.00 (47.50)
[94/294]	nan (nan)	50.00 (47.53)
[95/294]	nan (nan)	50.00 (47.55)
[96/294]	nan (nan)	50.00 (47.58)
[97/294]	nan (nan)	50.00 (47.60)
[98/294]	nan (nan)	50.00 (47.63)
[99/294]	nan (nan)	50.00 (47.65)
[100/294]	nan (nan)	50.00 (47.67)
[101/294]	nan (nan)	50.00 (47.70)
[102/294]	nan (nan)	50.00 (47.72)
[103/294]	nan (nan)	50.00 (47.74)
[104/294]	nan (nan)	50.00 (47.76)
[105/294]	nan (nan)	50.00 (47.78)
[106/294]	nan (nan)	50.00 (47.80)
[107/294]	nan (nan)	50.00 (47.82)
[108/294]	nan (nan)	50.00 (47.84)
[109/294]	nan (nan)	50.00 (47.86)
[110/294]	nan (nan)	50.00 (47.88)
[111/294]	nan (nan)	50.00 (47.90)
[112/294]	nan (nan)	50.00 (47.92)
[113/294]	nan (nan)	50.00 (47.94)
[114/294]	nan (nan)	50.00 (47.96)
[115/294]	nan (nan)	50.00 (47.97)
[116/294]	nan (nan)	50.00 (47.99)
[117/294]	nan (nan)	50.00 (48.01)
[118/294]	nan (nan)	50.00 (48.03)
[119/294]	nan (nan)	50.00 (48.04)
[120/294]	nan (nan)	50.00 (48.06)
[121/294]	nan (nan)	50.00 (48.07)
[122/294]	nan (nan)	50.00 (48.09)
[123/294]	nan (nan)	50.00 (48.10)
[124/294]	nan (nan)	50.00 (48.12)
[125/294]	nan (nan)	50.00 (48.13)
[126/294]	nan (nan)	50.00 (48.15)
[127/294]	nan (nan)	50.00 (48.16)
[128/294]	nan (nan)	50.00 (48.18)
[129/294]	nan (nan)	50.00 (48.19)
[130/294]	nan (nan)	50.00 (48.21)
[131/294]	nan (nan)	50.00 (48.22)
[132/294]	nan (nan)	50.00 (48.23)
[133/294]	nan (nan)	50.00 (48.25)
[134/294]	nan (nan)	50.00 (48.26)
[135/294]	nan (nan)	50.00 (48.27)
[136/294]	nan (nan)	50.00 (48.28)
[137/294]	nan (nan)	50.00 (48.30)
[138/294]	nan (nan)	50.00 (48.31)
[139/294]	nan (nan)	50.00 (48.32)
[140/294]	nan (nan)	50.00 (48.33)
[141/294]	nan (nan)	50.00 (48.35)
[142/294]	nan (nan)	50.00 (48.36)
[143/294]	nan (nan)	50.00 (48.37)
[144/294]	nan (nan)	50.00 (48.38)
[145/294]	nan (nan)	50.00 (48.39)
[146/294]	nan (nan)	50.00 (48.40)
[147/294]	nan (nan)	50.00 (48.41)
[148/294]	nan (nan)	50.00 (48.42)
[149/294]	nan (nan)	50.00 (48.43)
[150/294]	nan (nan)	50.00 (48.44)
[151/294]	nan (nan)	50.00 (48.45)
[152/294]	nan (nan)	50.00 (48.46)
[153/294]	nan (nan)	50.00 (48.47)
[154/294]	nan (nan)	50.00 (48.48)
[155/294]	nan (nan)	50.00 (48.49)
[156/294]	nan (nan)	50.00 (48.50)
[157/294]	nan (nan)	50.00 (48.51)
[158/294]	nan (nan)	50.00 (48.52)
[159/294]	nan (nan)	50.00 (48.53)
[160/294]	nan (nan)	50.00 (48.54)
[161/294]	nan (nan)	50.00 (48.55)
[162/294]	nan (nan)	50.00 (48.56)
[163/294]	nan (nan)	50.00 (48.57)
[164/294]	nan (nan)	50.00 (48.58)
[165/294]	nan (nan)	50.00 (48.58)
[166/294]	nan (nan)	50.00 (48.59)
[167/294]	nan (nan)	50.00 (48.60)
[168/294]	nan (nan)	50.00 (48.61)
[169/294]	nan (nan)	50.00 (48.62)
[170/294]	nan (nan)	50.00 (48.63)
[171/294]	nan (nan)	50.00 (48.63)
[172/294]	nan (nan)	50.00 (48.64)
[173/294]	nan (nan)	50.00 (48.65)
[174/294]	nan (nan)	50.00 (48.66)
[175/294]	nan (nan)	50.00 (48.66)
[176/294]	nan (nan)	50.00 (48.67)
[177/294]	nan (nan)	50.00 (48.68)
[178/294]	nan (nan)	50.00 (48.69)
[179/294]	nan (nan)	50.00 (48.69)
[180/294]	nan (nan)	50.00 (48.70)
[181/294]	nan (nan)	50.00 (48.71)
[182/294]	nan (nan)	50.00 (48.72)
[183/294]	nan (nan)	50.00 (48.72)
[184/294]	nan (nan)	50.00 (48.73)
[185/294]	nan (nan)	50.00 (48.74)
[186/294]	nan (nan)	50.00 (48.74)
[187/294]	nan (nan)	50.00 (48.75)
[188/294]	nan (nan)	50.00 (48.76)
[189/294]	nan (nan)	50.00 (48.76)
[190/294]	nan (nan)	50.00 (48.77)
[191/294]	nan (nan)	50.00 (48.78)
[192/294]	nan (nan)	50.00 (48.78)
[193/294]	nan (nan)	50.00 (48.79)
[194/294]	nan (nan)	50.00 (48.79)
[195/294]	nan (nan)	50.00 (48.80)
[196/294]	nan (nan)	50.00 (48.81)
[197/294]	nan (nan)	50.00 (48.81)
[198/294]	nan (nan)	50.00 (48.82)
[199/294]	nan (nan)	50.00 (48.83)
[200/294]	nan (nan)	50.00 (48.83)
[201/294]	nan (nan)	50.00 (48.84)
[202/294]	nan (nan)	50.00 (48.84)
[203/294]	nan (nan)	50.00 (48.85)
[204/294]	nan (nan)	50.00 (48.85)
[205/294]	nan (nan)	50.00 (48.86)
[206/294]	nan (nan)	50.00 (48.86)
[207/294]	nan (nan)	50.00 (48.87)
[208/294]	nan (nan)	50.00 (48.88)
[209/294]	nan (nan)	50.00 (48.88)
[210/294]	nan (nan)	50.00 (48.89)
[211/294]	nan (nan)	50.00 (48.89)
[212/294]	nan (nan)	50.00 (48.90)
[213/294]	nan (nan)	50.00 (48.90)
[214/294]	nan (nan)	50.00 (48.91)
[215/294]	nan (nan)	50.00 (48.91)
[216/294]	nan (nan)	50.00 (48.92)
[217/294]	nan (nan)	50.00 (48.92)
[218/294]	nan (nan)	50.00 (48.93)
[219/294]	nan (nan)	50.00 (48.93)
[220/294]	nan (nan)	50.00 (48.94)
[221/294]	nan (nan)	50.00 (48.94)
[222/294]	nan (nan)	50.00 (48.95)
[223/294]	nan (nan)	50.00 (48.95)
[224/294]	nan (nan)	50.00 (48.96)
[225/294]	nan (nan)	50.00 (48.96)
[226/294]	nan (nan)	50.00 (48.96)
[227/294]	nan (nan)	50.00 (48.97)
[228/294]	nan (nan)	50.00 (48.97)
[229/294]	nan (nan)	50.00 (48.98)
[230/294]	nan (nan)	50.00 (48.98)
[231/294]	nan (nan)	50.00 (48.99)
[232/294]	nan (nan)	50.00 (48.99)
[233/294]	nan (nan)	50.00 (49.00)
[234/294]	nan (nan)	50.00 (49.00)
[235/294]	nan (nan)	50.00 (49.00)
[236/294]	nan (nan)	50.00 (49.01)
[237/294]	nan (nan)	50.00 (49.01)
[238/294]	nan (nan)	50.00 (49.02)
[239/294]	nan (nan)	50.00 (49.02)
[240/294]	nan (nan)	50.00 (49.02)
[241/294]	nan (nan)	50.00 (49.03)
[242/294]	nan (nan)	50.00 (49.03)
[243/294]	nan (nan)	50.00 (49.04)
[244/294]	nan (nan)	50.00 (49.04)
[245/294]	nan (nan)	50.00 (49.04)
[246/294]	nan (nan)	50.00 (49.05)
[247/294]	nan (nan)	50.00 (49.05)
[248/294]	nan (nan)	50.00 (49.06)
[249/294]	nan (nan)	50.00 (49.06)
[250/294]	nan (nan)	50.00 (49.06)
[251/294]	nan (nan)	50.00 (49.07)
[252/294]	nan (nan)	50.00 (49.07)
[253/294]	nan (nan)	50.00 (49.07)
[254/294]	nan (nan)	50.00 (49.08)
[255/294]	nan (nan)	50.00 (49.08)
[256/294]	nan (nan)	50.00 (49.09)
[257/294]	nan (nan)	50.00 (49.09)
[258/294]	nan (nan)	50.00 (49.09)
[259/294]	nan (nan)	50.00 (49.10)
[260/294]	nan (nan)	50.00 (49.10)
[261/294]	nan (nan)	50.00 (49.10)
[262/294]	nan (nan)	50.00 (49.11)
[263/294]	nan (nan)	50.00 (49.11)
[264/294]	nan (nan)	50.00 (49.11)
[265/294]	nan (nan)	50.00 (49.12)
[266/294]	nan (nan)	50.00 (49.12)
[267/294]	nan (nan)	50.00 (49.12)
[268/294]	nan (nan)	50.00 (49.13)
[269/294]	nan (nan)	50.00 (49.13)
[270/294]	nan (nan)	50.00 (49.13)
[271/294]	nan (nan)	50.00 (49.14)
[272/294]	nan (nan)	50.00 (49.14)
[273/294]	nan (nan)	50.00 (49.14)
[274/294]	nan (nan)	50.00 (49.15)
[275/294]	nan (nan)	50.00 (49.15)
[276/294]	nan (nan)	50.00 (49.15)
[277/294]	nan (nan)	50.00 (49.15)
[278/294]	nan (nan)	50.00 (49.16)
[279/294]	nan (nan)	50.00 (49.16)
[280/294]	nan (nan)	50.00 (49.16)
[281/294]	nan (nan)	50.00 (49.17)
[282/294]	nan (nan)	50.00 (49.17)
[283/294]	nan (nan)	50.00 (49.17)
[284/294]	nan (nan)	50.00 (49.18)
[285/294]	nan (nan)	50.00 (49.18)
[286/294]	nan (nan)	50.00 (49.18)
[287/294]	nan (nan)	50.00 (49.18)
[288/294]	nan (nan)	50.00 (49.19)
[289/294]	nan (nan)	50.00 (49.19)
[290/294]	nan (nan)	50.00 (49.19)
[291/294]	nan (nan)	50.00 (49.20)
[292/294]	nan (nan)	50.00 (49.20)
[293/294]	nan (nan)	0.00 (49.15)
 * Train Acc: 49.148
 * Avg. Data time: 0.064, Avg. Batch time: 0.103, Avg. Forward time: 0.004, Avg. Backward time: 0.029
Computing MAS
 * Val Acc: 25.647, Time: 12.42
 * Test Acc: 24.772, Time: 5.78
=============Training Task 2=============
Active output nodes for this task: 
[0, 1, 2, 3, 4, 5]
=============Training Epoch 0=============
#reg terms:  1
Batch	 Loss		 Acc
[0/294]	nan (nan)	0.00 (0.00)
[1/294]	nan (nan)	0.00 (0.00)
[2/294]	nan (nan)	0.00 (0.00)
[3/294]	nan (nan)	0.00 (0.00)
[4/294]	nan (nan)	0.00 (0.00)
[5/294]	nan (nan)	0.00 (0.00)
[6/294]	nan (nan)	0.00 (0.00)
[7/294]	nan (nan)	0.00 (0.00)
[8/294]	nan (nan)	0.00 (0.00)
[9/294]	nan (nan)	0.00 (0.00)
[10/294]	nan (nan)	0.00 (0.00)
[11/294]	nan (nan)	0.00 (0.00)
[12/294]	nan (nan)	0.00 (0.00)
[13/294]	nan (nan)	0.00 (0.00)
[14/294]	nan (nan)	0.00 (0.00)
[15/294]	nan (nan)	0.00 (0.00)
[16/294]	nan (nan)	0.00 (0.00)
[17/294]	nan (nan)	0.00 (0.00)
[18/294]	nan (nan)	0.00 (0.00)
[19/294]	nan (nan)	0.00 (0.00)
[20/294]	nan (nan)	0.00 (0.00)
[21/294]	nan (nan)	0.00 (0.00)
[22/294]	nan (nan)	0.00 (0.00)
[23/294]	nan (nan)	0.00 (0.00)
[24/294]	nan (nan)	0.00 (0.00)
[25/294]	nan (nan)	0.00 (0.00)
[26/294]	nan (nan)	0.00 (0.00)
[27/294]	nan (nan)	0.00 (0.00)
[28/294]	nan (nan)	0.00 (0.00)
[29/294]	nan (nan)	0.00 (0.00)
[30/294]	nan (nan)	0.00 (0.00)
[31/294]	nan (nan)	0.00 (0.00)
[32/294]	nan (nan)	0.00 (0.00)
[33/294]	nan (nan)	0.00 (0.00)
[34/294]	nan (nan)	0.00 (0.00)
[35/294]	nan (nan)	0.00 (0.00)
[36/294]	nan (nan)	0.00 (0.00)
[37/294]	nan (nan)	0.00 (0.00)
[38/294]	nan (nan)	0.00 (0.00)
[39/294]	nan (nan)	0.00 (0.00)
[40/294]	nan (nan)	0.00 (0.00)
[41/294]	nan (nan)	0.00 (0.00)
[42/294]	nan (nan)	0.00 (0.00)
[43/294]	nan (nan)	0.00 (0.00)
[44/294]	nan (nan)	0.00 (0.00)
[45/294]	nan (nan)	0.00 (0.00)
[46/294]	nan (nan)	0.00 (0.00)
[47/294]	nan (nan)	0.00 (0.00)
[48/294]	nan (nan)	0.00 (0.00)
[49/294]	nan (nan)	0.00 (0.00)
[50/294]	nan (nan)	0.00 (0.00)
[51/294]	nan (nan)	0.00 (0.00)
[52/294]	nan (nan)	0.00 (0.00)
[53/294]	nan (nan)	0.00 (0.00)
[54/294]	nan (nan)	0.00 (0.00)
[55/294]	nan (nan)	0.00 (0.00)
[56/294]	nan (nan)	0.00 (0.00)
[57/294]	nan (nan)	0.00 (0.00)
[58/294]	nan (nan)	0.00 (0.00)
[59/294]	nan (nan)	0.00 (0.00)
[60/294]	nan (nan)	0.00 (0.00)
[61/294]	nan (nan)	0.00 (0.00)
[62/294]	nan (nan)	0.00 (0.00)
[63/294]	nan (nan)	0.00 (0.00)
[64/294]	nan (nan)	0.00 (0.00)
[65/294]	nan (nan)	0.00 (0.00)
[66/294]	nan (nan)	0.00 (0.00)
[67/294]	nan (nan)	0.00 (0.00)
[68/294]	nan (nan)	0.00 (0.00)
[69/294]	nan (nan)	0.00 (0.00)
[70/294]	nan (nan)	0.00 (0.00)
[71/294]	nan (nan)	0.00 (0.00)
[72/294]	nan (nan)	0.00 (0.00)
[73/294]	nan (nan)	0.00 (0.00)
[74/294]	nan (nan)	0.00 (0.00)
[75/294]	nan (nan)	0.00 (0.00)
[76/294]	nan (nan)	0.00 (0.00)
[77/294]	nan (nan)	0.00 (0.00)
[78/294]	nan (nan)	0.00 (0.00)
[79/294]	nan (nan)	0.00 (0.00)
[80/294]	nan (nan)	0.00 (0.00)
[81/294]	nan (nan)	0.00 (0.00)
[82/294]	nan (nan)	0.00 (0.00)
[83/294]	nan (nan)	0.00 (0.00)
[84/294]	nan (nan)	0.00 (0.00)
[85/294]	nan (nan)	0.00 (0.00)
[86/294]	nan (nan)	0.00 (0.00)
[87/294]	nan (nan)	0.00 (0.00)
[88/294]	nan (nan)	0.00 (0.00)
[89/294]	nan (nan)	0.00 (0.00)
[90/294]	nan (nan)	0.00 (0.00)
[91/294]	nan (nan)	0.00 (0.00)
[92/294]	nan (nan)	0.00 (0.00)
[93/294]	nan (nan)	0.00 (0.00)
[94/294]	nan (nan)	0.00 (0.00)
[95/294]	nan (nan)	0.00 (0.00)
[96/294]	nan (nan)	0.00 (0.00)
[97/294]	nan (nan)	0.00 (0.00)
[98/294]	nan (nan)	0.00 (0.00)
[99/294]	nan (nan)	0.00 (0.00)
[100/294]	nan (nan)	0.00 (0.00)
[101/294]	nan (nan)	0.00 (0.00)
[102/294]	nan (nan)	0.00 (0.00)
[103/294]	nan (nan)	0.00 (0.00)
[104/294]	nan (nan)	0.00 (0.00)
[105/294]	nan (nan)	0.00 (0.00)
[106/294]	nan (nan)	0.00 (0.00)
[107/294]	nan (nan)	0.00 (0.00)
[108/294]	nan (nan)	0.00 (0.00)
[109/294]	nan (nan)	0.00 (0.00)
[110/294]	nan (nan)	0.00 (0.00)
[111/294]	nan (nan)	0.00 (0.00)
[112/294]	nan (nan)	0.00 (0.00)
[113/294]	nan (nan)	0.00 (0.00)
[114/294]	nan (nan)	0.00 (0.00)
[115/294]	nan (nan)	0.00 (0.00)
[116/294]	nan (nan)	0.00 (0.00)
[117/294]	nan (nan)	0.00 (0.00)
[118/294]	nan (nan)	0.00 (0.00)
[119/294]	nan (nan)	0.00 (0.00)
[120/294]	nan (nan)	0.00 (0.00)
[121/294]	nan (nan)	0.00 (0.00)
[122/294]	nan (nan)	0.00 (0.00)
[123/294]	nan (nan)	0.00 (0.00)
[124/294]	nan (nan)	0.00 (0.00)
[125/294]	nan (nan)	0.00 (0.00)
[126/294]	nan (nan)	0.00 (0.00)
[127/294]	nan (nan)	0.00 (0.00)
[128/294]	nan (nan)	0.00 (0.00)
[129/294]	nan (nan)	0.00 (0.00)
[130/294]	nan (nan)	0.00 (0.00)
[131/294]	nan (nan)	0.00 (0.00)
[132/294]	nan (nan)	0.00 (0.00)
[133/294]	nan (nan)	0.00 (0.00)
[134/294]	nan (nan)	0.00 (0.00)
[135/294]	nan (nan)	0.00 (0.00)
[136/294]	nan (nan)	0.00 (0.00)
[137/294]	nan (nan)	0.00 (0.00)
[138/294]	nan (nan)	0.00 (0.00)
[139/294]	nan (nan)	0.00 (0.00)
[140/294]	nan (nan)	0.00 (0.00)
[141/294]	nan (nan)	0.00 (0.00)
[142/294]	nan (nan)	0.00 (0.00)
[143/294]	nan (nan)	0.00 (0.00)
[144/294]	nan (nan)	0.00 (0.00)
[145/294]	nan (nan)	0.00 (0.00)
[146/294]	nan (nan)	0.00 (0.00)
[147/294]	nan (nan)	0.00 (0.00)
[148/294]	nan (nan)	0.00 (0.00)
[149/294]	nan (nan)	0.00 (0.00)
[150/294]	nan (nan)	0.00 (0.00)
[151/294]	nan (nan)	0.00 (0.00)
[152/294]	nan (nan)	0.00 (0.00)
[153/294]	nan (nan)	0.00 (0.00)
[154/294]	nan (nan)	0.00 (0.00)
[155/294]	nan (nan)	0.00 (0.00)
[156/294]	nan (nan)	0.00 (0.00)
[157/294]	nan (nan)	0.00 (0.00)
[158/294]	nan (nan)	0.00 (0.00)
[159/294]	nan (nan)	0.00 (0.00)
[160/294]	nan (nan)	0.00 (0.00)
[161/294]	nan (nan)	0.00 (0.00)
[162/294]	nan (nan)	0.00 (0.00)
[163/294]	nan (nan)	0.00 (0.00)
[164/294]	nan (nan)	0.00 (0.00)
[165/294]	nan (nan)	0.00 (0.00)
[166/294]	nan (nan)	0.00 (0.00)
[167/294]	nan (nan)	0.00 (0.00)
[168/294]	nan (nan)	0.00 (0.00)
[169/294]	nan (nan)	0.00 (0.00)
[170/294]	nan (nan)	0.00 (0.00)
[171/294]	nan (nan)	0.00 (0.00)
[172/294]	nan (nan)	0.00 (0.00)
[173/294]	nan (nan)	0.00 (0.00)
[174/294]	nan (nan)	0.00 (0.00)
[175/294]	nan (nan)	0.00 (0.00)
[176/294]	nan (nan)	0.00 (0.00)
[177/294]	nan (nan)	0.00 (0.00)
[178/294]	nan (nan)	0.00 (0.00)
[179/294]	nan (nan)	0.00 (0.00)
[180/294]	nan (nan)	0.00 (0.00)
[181/294]	nan (nan)	0.00 (0.00)
[182/294]	nan (nan)	0.00 (0.00)
[183/294]	nan (nan)	0.00 (0.00)
[184/294]	nan (nan)	0.00 (0.00)
[185/294]	nan (nan)	0.00 (0.00)
[186/294]	nan (nan)	0.00 (0.00)
[187/294]	nan (nan)	0.00 (0.00)
[188/294]	nan (nan)	0.00 (0.00)
[189/294]	nan (nan)	0.00 (0.00)
[190/294]	nan (nan)	0.00 (0.00)
[191/294]	nan (nan)	0.00 (0.00)
[192/294]	nan (nan)	0.00 (0.00)
[193/294]	nan (nan)	0.00 (0.00)
[194/294]	nan (nan)	0.00 (0.00)
[195/294]	nan (nan)	0.00 (0.00)
[196/294]	nan (nan)	0.00 (0.00)
[197/294]	nan (nan)	0.00 (0.00)
[198/294]	nan (nan)	0.00 (0.00)
[199/294]	nan (nan)	0.00 (0.00)
[200/294]	nan (nan)	0.00 (0.00)
[201/294]	nan (nan)	0.00 (0.00)
[202/294]	nan (nan)	0.00 (0.00)
[203/294]	nan (nan)	0.00 (0.00)
[204/294]	nan (nan)	0.00 (0.00)
[205/294]	nan (nan)	0.00 (0.00)
[206/294]	nan (nan)	0.00 (0.00)
[207/294]	nan (nan)	0.00 (0.00)
[208/294]	nan (nan)	0.00 (0.00)
[209/294]	nan (nan)	0.00 (0.00)
[210/294]	nan (nan)	0.00 (0.00)
[211/294]	nan (nan)	0.00 (0.00)
[212/294]	nan (nan)	0.00 (0.00)
[213/294]	nan (nan)	0.00 (0.00)
[214/294]	nan (nan)	0.00 (0.00)
[215/294]	nan (nan)	0.00 (0.00)
[216/294]	nan (nan)	0.00 (0.00)
[217/294]	nan (nan)	0.00 (0.00)
[218/294]	nan (nan)	0.00 (0.00)
[219/294]	nan (nan)	0.00 (0.00)
[220/294]	nan (nan)	0.00 (0.00)
[221/294]	nan (nan)	0.00 (0.00)
[222/294]	nan (nan)	0.00 (0.00)
[223/294]	nan (nan)	0.00 (0.00)
[224/294]	nan (nan)	0.00 (0.00)
[225/294]	nan (nan)	0.00 (0.00)
[226/294]	nan (nan)	0.00 (0.00)
[227/294]	nan (nan)	0.00 (0.00)
[228/294]	nan (nan)	0.00 (0.00)
[229/294]	nan (nan)	0.00 (0.00)
[230/294]	nan (nan)	0.00 (0.00)
[231/294]	nan (nan)	0.00 (0.00)
[232/294]	nan (nan)	0.00 (0.00)
[233/294]	nan (nan)	0.00 (0.00)
[234/294]	nan (nan)	0.00 (0.00)
[235/294]	nan (nan)	0.00 (0.00)
[236/294]	nan (nan)	0.00 (0.00)
[237/294]	nan (nan)	0.00 (0.00)
[238/294]	nan (nan)	0.00 (0.00)
[239/294]	nan (nan)	0.00 (0.00)
[240/294]	nan (nan)	0.00 (0.00)
[241/294]	nan (nan)	0.00 (0.00)
[242/294]	nan (nan)	0.00 (0.00)
[243/294]	nan (nan)	0.00 (0.00)
[244/294]	nan (nan)	0.00 (0.00)
[245/294]	nan (nan)	0.00 (0.00)
[246/294]	nan (nan)	0.00 (0.00)
[247/294]	nan (nan)	0.00 (0.00)
[248/294]	nan (nan)	0.00 (0.00)
[249/294]	nan (nan)	0.00 (0.00)
[250/294]	nan (nan)	0.00 (0.00)
[251/294]	nan (nan)	0.00 (0.00)
[252/294]	nan (nan)	0.00 (0.00)
[253/294]	nan (nan)	0.00 (0.00)
[254/294]	nan (nan)	0.00 (0.00)
[255/294]	nan (nan)	0.00 (0.00)
[256/294]	nan (nan)	0.00 (0.00)
[257/294]	nan (nan)	0.00 (0.00)
[258/294]	nan (nan)	0.00 (0.00)
[259/294]	nan (nan)	0.00 (0.00)
[260/294]	nan (nan)	0.00 (0.00)
[261/294]	nan (nan)	0.00 (0.00)
[262/294]	nan (nan)	0.00 (0.00)
[263/294]	nan (nan)	0.00 (0.00)
[264/294]	nan (nan)	0.00 (0.00)
[265/294]	nan (nan)	0.00 (0.00)
[266/294]	nan (nan)	0.00 (0.00)
[267/294]	nan (nan)	0.00 (0.00)
[268/294]	nan (nan)	0.00 (0.00)
[269/294]	nan (nan)	0.00 (0.00)
[270/294]	nan (nan)	0.00 (0.00)
[271/294]	nan (nan)	0.00 (0.00)
[272/294]	nan (nan)	0.00 (0.00)
[273/294]	nan (nan)	0.00 (0.00)
[274/294]	nan (nan)	0.00 (0.00)
[275/294]	nan (nan)	0.00 (0.00)
[276/294]	nan (nan)	0.00 (0.00)
[277/294]	nan (nan)	0.00 (0.00)
[278/294]	nan (nan)	0.00 (0.00)
[279/294]	nan (nan)	0.00 (0.00)
[280/294]	nan (nan)	0.00 (0.00)
[281/294]	nan (nan)	0.00 (0.00)
[282/294]	nan (nan)	0.00 (0.00)
[283/294]	nan (nan)	0.00 (0.00)
[284/294]	nan (nan)	0.00 (0.00)
[285/294]	nan (nan)	0.00 (0.00)
[286/294]	nan (nan)	0.00 (0.00)
[287/294]	nan (nan)	0.00 (0.00)
[288/294]	nan (nan)	0.00 (0.00)
[289/294]	nan (nan)	0.00 (0.00)
[290/294]	nan (nan)	0.00 (0.00)
[291/294]	nan (nan)	0.00 (0.00)
[292/294]	nan (nan)	0.00 (0.00)
[293/294]	nan (nan)	0.00 (0.00)
 * Train Acc: 0.000
 * Avg. Data time: 0.039, Avg. Batch time: 0.077, Avg. Forward time: 0.004, Avg. Backward time: 0.026
Computing MAS
 * Val Acc: 17.607, Time: 3.32
 * Test Acc: 16.388, Time: 7.40
=============Training Task 3=============
Active output nodes for this task: 
[0, 1, 2, 3, 4, 5, 6, 7]
=============Training Epoch 0=============
#reg terms:  1
Batch	 Loss		 Acc
[0/294]	nan (nan)	0.00 (0.00)
[1/294]	nan (nan)	0.00 (0.00)
[2/294]	nan (nan)	0.00 (0.00)
[3/294]	nan (nan)	0.00 (0.00)
[4/294]	nan (nan)	0.00 (0.00)
[5/294]	nan (nan)	0.00 (0.00)
[6/294]	nan (nan)	0.00 (0.00)
[7/294]	nan (nan)	0.00 (0.00)
[8/294]	nan (nan)	0.00 (0.00)
[9/294]	nan (nan)	0.00 (0.00)
[10/294]	nan (nan)	0.00 (0.00)
[11/294]	nan (nan)	0.00 (0.00)
[12/294]	nan (nan)	0.00 (0.00)
[13/294]	nan (nan)	0.00 (0.00)
[14/294]	nan (nan)	0.00 (0.00)
[15/294]	nan (nan)	0.00 (0.00)
[16/294]	nan (nan)	0.00 (0.00)
[17/294]	nan (nan)	0.00 (0.00)
[18/294]	nan (nan)	0.00 (0.00)
[19/294]	nan (nan)	0.00 (0.00)
[20/294]	nan (nan)	0.00 (0.00)
[21/294]	nan (nan)	0.00 (0.00)
[22/294]	nan (nan)	0.00 (0.00)
[23/294]	nan (nan)	0.00 (0.00)
[24/294]	nan (nan)	0.00 (0.00)
[25/294]	nan (nan)	0.00 (0.00)
[26/294]	nan (nan)	0.00 (0.00)
[27/294]	nan (nan)	0.00 (0.00)
[28/294]	nan (nan)	0.00 (0.00)
[29/294]	nan (nan)	0.00 (0.00)
[30/294]	nan (nan)	0.00 (0.00)
[31/294]	nan (nan)	0.00 (0.00)
[32/294]	nan (nan)	0.00 (0.00)
[33/294]	nan (nan)	0.00 (0.00)
[34/294]	nan (nan)	0.00 (0.00)
[35/294]	nan (nan)	0.00 (0.00)
[36/294]	nan (nan)	0.00 (0.00)
[37/294]	nan (nan)	0.00 (0.00)
[38/294]	nan (nan)	0.00 (0.00)
[39/294]	nan (nan)	0.00 (0.00)
[40/294]	nan (nan)	0.00 (0.00)
[41/294]	nan (nan)	0.00 (0.00)
[42/294]	nan (nan)	0.00 (0.00)
[43/294]	nan (nan)	0.00 (0.00)
[44/294]	nan (nan)	0.00 (0.00)
[45/294]	nan (nan)	0.00 (0.00)
[46/294]	nan (nan)	0.00 (0.00)
[47/294]	nan (nan)	0.00 (0.00)
[48/294]	nan (nan)	0.00 (0.00)
[49/294]	nan (nan)	0.00 (0.00)
[50/294]	nan (nan)	0.00 (0.00)
[51/294]	nan (nan)	0.00 (0.00)
[52/294]	nan (nan)	0.00 (0.00)
[53/294]	nan (nan)	0.00 (0.00)
[54/294]	nan (nan)	0.00 (0.00)
[55/294]	nan (nan)	0.00 (0.00)
[56/294]	nan (nan)	0.00 (0.00)
[57/294]	nan (nan)	0.00 (0.00)
[58/294]	nan (nan)	0.00 (0.00)
[59/294]	nan (nan)	0.00 (0.00)
[60/294]	nan (nan)	0.00 (0.00)
[61/294]	nan (nan)	0.00 (0.00)
[62/294]	nan (nan)	0.00 (0.00)
[63/294]	nan (nan)	0.00 (0.00)
[64/294]	nan (nan)	0.00 (0.00)
[65/294]	nan (nan)	0.00 (0.00)
[66/294]	nan (nan)	0.00 (0.00)
[67/294]	nan (nan)	0.00 (0.00)
[68/294]	nan (nan)	0.00 (0.00)
[69/294]	nan (nan)	0.00 (0.00)
[70/294]	nan (nan)	0.00 (0.00)
[71/294]	nan (nan)	0.00 (0.00)
[72/294]	nan (nan)	0.00 (0.00)
[73/294]	nan (nan)	0.00 (0.00)
[74/294]	nan (nan)	0.00 (0.00)
[75/294]	nan (nan)	0.00 (0.00)
[76/294]	nan (nan)	0.00 (0.00)
[77/294]	nan (nan)	0.00 (0.00)
[78/294]	nan (nan)	0.00 (0.00)
[79/294]	nan (nan)	0.00 (0.00)
[80/294]	nan (nan)	0.00 (0.00)
[81/294]	nan (nan)	0.00 (0.00)
[82/294]	nan (nan)	0.00 (0.00)
[83/294]	nan (nan)	0.00 (0.00)
[84/294]	nan (nan)	0.00 (0.00)
[85/294]	nan (nan)	0.00 (0.00)
[86/294]	nan (nan)	0.00 (0.00)
[87/294]	nan (nan)	0.00 (0.00)
[88/294]	nan (nan)	0.00 (0.00)
[89/294]	nan (nan)	0.00 (0.00)
[90/294]	nan (nan)	0.00 (0.00)
[91/294]	nan (nan)	0.00 (0.00)
[92/294]	nan (nan)	0.00 (0.00)
[93/294]	nan (nan)	0.00 (0.00)
[94/294]	nan (nan)	0.00 (0.00)
[95/294]	nan (nan)	0.00 (0.00)
[96/294]	nan (nan)	0.00 (0.00)
[97/294]	nan (nan)	0.00 (0.00)
[98/294]	nan (nan)	0.00 (0.00)
[99/294]	nan (nan)	0.00 (0.00)
[100/294]	nan (nan)	0.00 (0.00)
[101/294]	nan (nan)	0.00 (0.00)
[102/294]	nan (nan)	0.00 (0.00)
[103/294]	nan (nan)	0.00 (0.00)
[104/294]	nan (nan)	0.00 (0.00)
[105/294]	nan (nan)	0.00 (0.00)
[106/294]	nan (nan)	0.00 (0.00)
[107/294]	nan (nan)	0.00 (0.00)
[108/294]	nan (nan)	0.00 (0.00)
[109/294]	nan (nan)	0.00 (0.00)
[110/294]	nan (nan)	0.00 (0.00)
[111/294]	nan (nan)	0.00 (0.00)
[112/294]	nan (nan)	0.00 (0.00)
[113/294]	nan (nan)	0.00 (0.00)
[114/294]	nan (nan)	0.00 (0.00)
[115/294]	nan (nan)	0.00 (0.00)
[116/294]	nan (nan)	0.00 (0.00)
[117/294]	nan (nan)	0.00 (0.00)
[118/294]	nan (nan)	0.00 (0.00)
[119/294]	nan (nan)	0.00 (0.00)
[120/294]	nan (nan)	0.00 (0.00)
[121/294]	nan (nan)	0.00 (0.00)
[122/294]	nan (nan)	0.00 (0.00)
[123/294]	nan (nan)	0.00 (0.00)
[124/294]	nan (nan)	0.00 (0.00)
[125/294]	nan (nan)	0.00 (0.00)
[126/294]	nan (nan)	0.00 (0.00)
[127/294]	nan (nan)	0.00 (0.00)
[128/294]	nan (nan)	0.00 (0.00)
[129/294]	nan (nan)	0.00 (0.00)
[130/294]	nan (nan)	0.00 (0.00)
[131/294]	nan (nan)	0.00 (0.00)
[132/294]	nan (nan)	0.00 (0.00)
[133/294]	nan (nan)	0.00 (0.00)
[134/294]	nan (nan)	0.00 (0.00)
[135/294]	nan (nan)	0.00 (0.00)
[136/294]	nan (nan)	0.00 (0.00)
[137/294]	nan (nan)	0.00 (0.00)
[138/294]	nan (nan)	0.00 (0.00)
[139/294]	nan (nan)	0.00 (0.00)
[140/294]	nan (nan)	0.00 (0.00)
[141/294]	nan (nan)	0.00 (0.00)
[142/294]	nan (nan)	0.00 (0.00)
[143/294]	nan (nan)	0.00 (0.00)
[144/294]	nan (nan)	0.00 (0.00)
[145/294]	nan (nan)	0.00 (0.00)
[146/294]	nan (nan)	0.00 (0.00)
[147/294]	nan (nan)	0.00 (0.00)
[148/294]	nan (nan)	0.00 (0.00)
[149/294]	nan (nan)	0.00 (0.00)
[150/294]	nan (nan)	0.00 (0.00)
[151/294]	nan (nan)	0.00 (0.00)
[152/294]	nan (nan)	0.00 (0.00)
[153/294]	nan (nan)	0.00 (0.00)
[154/294]	nan (nan)	0.00 (0.00)
[155/294]	nan (nan)	0.00 (0.00)
[156/294]	nan (nan)	0.00 (0.00)
[157/294]	nan (nan)	0.00 (0.00)
[158/294]	nan (nan)	0.00 (0.00)
[159/294]	nan (nan)	0.00 (0.00)
[160/294]	nan (nan)	0.00 (0.00)
[161/294]	nan (nan)	0.00 (0.00)
[162/294]	nan (nan)	0.00 (0.00)
[163/294]	nan (nan)	0.00 (0.00)
[164/294]	nan (nan)	0.00 (0.00)
[165/294]	nan (nan)	0.00 (0.00)
[166/294]	nan (nan)	0.00 (0.00)
[167/294]	nan (nan)	0.00 (0.00)
[168/294]	nan (nan)	0.00 (0.00)
[169/294]	nan (nan)	0.00 (0.00)
[170/294]	nan (nan)	0.00 (0.00)
[171/294]	nan (nan)	0.00 (0.00)
[172/294]	nan (nan)	0.00 (0.00)
[173/294]	nan (nan)	0.00 (0.00)
[174/294]	nan (nan)	0.00 (0.00)
[175/294]	nan (nan)	0.00 (0.00)
[176/294]	nan (nan)	0.00 (0.00)
[177/294]	nan (nan)	0.00 (0.00)
[178/294]	nan (nan)	0.00 (0.00)
[179/294]	nan (nan)	0.00 (0.00)
[180/294]	nan (nan)	0.00 (0.00)
[181/294]	nan (nan)	0.00 (0.00)
[182/294]	nan (nan)	0.00 (0.00)
[183/294]	nan (nan)	0.00 (0.00)
[184/294]	nan (nan)	0.00 (0.00)
[185/294]	nan (nan)	0.00 (0.00)
[186/294]	nan (nan)	0.00 (0.00)
[187/294]	nan (nan)	0.00 (0.00)
[188/294]	nan (nan)	0.00 (0.00)
[189/294]	nan (nan)	0.00 (0.00)
[190/294]	nan (nan)	0.00 (0.00)
[191/294]	nan (nan)	0.00 (0.00)
[192/294]	nan (nan)	0.00 (0.00)
[193/294]	nan (nan)	0.00 (0.00)
[194/294]	nan (nan)	0.00 (0.00)
[195/294]	nan (nan)	0.00 (0.00)
[196/294]	nan (nan)	0.00 (0.00)
[197/294]	nan (nan)	0.00 (0.00)
[198/294]	nan (nan)	0.00 (0.00)
[199/294]	nan (nan)	0.00 (0.00)
[200/294]	nan (nan)	0.00 (0.00)
[201/294]	nan (nan)	0.00 (0.00)
[202/294]	nan (nan)	0.00 (0.00)
[203/294]	nan (nan)	0.00 (0.00)
[204/294]	nan (nan)	0.00 (0.00)
[205/294]	nan (nan)	0.00 (0.00)
[206/294]	nan (nan)	0.00 (0.00)
[207/294]	nan (nan)	0.00 (0.00)
[208/294]	nan (nan)	0.00 (0.00)
[209/294]	nan (nan)	0.00 (0.00)
[210/294]	nan (nan)	0.00 (0.00)
[211/294]	nan (nan)	0.00 (0.00)
[212/294]	nan (nan)	0.00 (0.00)
[213/294]	nan (nan)	0.00 (0.00)
[214/294]	nan (nan)	0.00 (0.00)
[215/294]	nan (nan)	0.00 (0.00)
[216/294]	nan (nan)	0.00 (0.00)
[217/294]	nan (nan)	0.00 (0.00)
[218/294]	nan (nan)	0.00 (0.00)
[219/294]	nan (nan)	0.00 (0.00)
[220/294]	nan (nan)	0.00 (0.00)
[221/294]	nan (nan)	0.00 (0.00)
[222/294]	nan (nan)	0.00 (0.00)
[223/294]	nan (nan)	0.00 (0.00)
[224/294]	nan (nan)	0.00 (0.00)
[225/294]	nan (nan)	0.00 (0.00)
[226/294]	nan (nan)	0.00 (0.00)
[227/294]	nan (nan)	0.00 (0.00)
[228/294]	nan (nan)	0.00 (0.00)
[229/294]	nan (nan)	0.00 (0.00)
[230/294]	nan (nan)	0.00 (0.00)
[231/294]	nan (nan)	0.00 (0.00)
[232/294]	nan (nan)	0.00 (0.00)
[233/294]	nan (nan)	0.00 (0.00)
[234/294]	nan (nan)	0.00 (0.00)
[235/294]	nan (nan)	0.00 (0.00)
[236/294]	nan (nan)	0.00 (0.00)
[237/294]	nan (nan)	0.00 (0.00)
[238/294]	nan (nan)	0.00 (0.00)
[239/294]	nan (nan)	0.00 (0.00)
[240/294]	nan (nan)	0.00 (0.00)
[241/294]	nan (nan)	0.00 (0.00)
[242/294]	nan (nan)	0.00 (0.00)
[243/294]	nan (nan)	0.00 (0.00)
[244/294]	nan (nan)	0.00 (0.00)
[245/294]	nan (nan)	0.00 (0.00)
[246/294]	nan (nan)	0.00 (0.00)
[247/294]	nan (nan)	0.00 (0.00)
[248/294]	nan (nan)	0.00 (0.00)
[249/294]	nan (nan)	0.00 (0.00)
[250/294]	nan (nan)	0.00 (0.00)
[251/294]	nan (nan)	0.00 (0.00)
[252/294]	nan (nan)	0.00 (0.00)
[253/294]	nan (nan)	0.00 (0.00)
[254/294]	nan (nan)	0.00 (0.00)
[255/294]	nan (nan)	0.00 (0.00)
[256/294]	nan (nan)	0.00 (0.00)
[257/294]	nan (nan)	0.00 (0.00)
[258/294]	nan (nan)	0.00 (0.00)
[259/294]	nan (nan)	0.00 (0.00)
[260/294]	nan (nan)	0.00 (0.00)
[261/294]	nan (nan)	0.00 (0.00)
[262/294]	nan (nan)	0.00 (0.00)
[263/294]	nan (nan)	0.00 (0.00)
[264/294]	nan (nan)	0.00 (0.00)
[265/294]	nan (nan)	0.00 (0.00)
[266/294]	nan (nan)	0.00 (0.00)
[267/294]	nan (nan)	0.00 (0.00)
[268/294]	nan (nan)	0.00 (0.00)
[269/294]	nan (nan)	0.00 (0.00)
[270/294]	nan (nan)	0.00 (0.00)
[271/294]	nan (nan)	0.00 (0.00)
[272/294]	nan (nan)	0.00 (0.00)
[273/294]	nan (nan)	0.00 (0.00)
[274/294]	nan (nan)	0.00 (0.00)
[275/294]	nan (nan)	0.00 (0.00)
[276/294]	nan (nan)	0.00 (0.00)
[277/294]	nan (nan)	0.00 (0.00)
[278/294]	nan (nan)	0.00 (0.00)
[279/294]	nan (nan)	0.00 (0.00)
[280/294]	nan (nan)	0.00 (0.00)
[281/294]	nan (nan)	0.00 (0.00)
[282/294]	nan (nan)	0.00 (0.00)
[283/294]	nan (nan)	0.00 (0.00)
[284/294]	nan (nan)	0.00 (0.00)
[285/294]	nan (nan)	0.00 (0.00)
[286/294]	nan (nan)	0.00 (0.00)
[287/294]	nan (nan)	0.00 (0.00)
[288/294]	nan (nan)	0.00 (0.00)
[289/294]	nan (nan)	0.00 (0.00)
[290/294]	nan (nan)	0.00 (0.00)
[291/294]	nan (nan)	0.00 (0.00)
[292/294]	nan (nan)	0.00 (0.00)
[293/294]	nan (nan)	0.00 (0.00)
 * Train Acc: 0.000
 * Avg. Data time: 0.014, Avg. Batch time: 0.052, Avg. Forward time: 0.004, Avg. Backward time: 0.025
Computing MAS
 * Val Acc: 13.144, Time: 5.60
 * Test Acc: 12.326, Time: 12.84
=============Training Task 4=============
Active output nodes for this task: 
[0, 1, 2, 3, 4, 5, 6, 7, 8, 9]
=============Training Epoch 0=============
#reg terms:  1
Batch	 Loss		 Acc
[0/294]	nan (nan)	0.00 (0.00)
[1/294]	nan (nan)	0.00 (0.00)
[2/294]	nan (nan)	0.00 (0.00)
[3/294]	nan (nan)	0.00 (0.00)
[4/294]	nan (nan)	0.00 (0.00)
[5/294]	nan (nan)	0.00 (0.00)
[6/294]	nan (nan)	0.00 (0.00)
[7/294]	nan (nan)	0.00 (0.00)
[8/294]	nan (nan)	0.00 (0.00)
[9/294]	nan (nan)	0.00 (0.00)
[10/294]	nan (nan)	0.00 (0.00)
[11/294]	nan (nan)	0.00 (0.00)
[12/294]	nan (nan)	0.00 (0.00)
[13/294]	nan (nan)	0.00 (0.00)
[14/294]	nan (nan)	0.00 (0.00)
[15/294]	nan (nan)	0.00 (0.00)
[16/294]	nan (nan)	0.00 (0.00)
[17/294]	nan (nan)	0.00 (0.00)
[18/294]	nan (nan)	0.00 (0.00)
[19/294]	nan (nan)	0.00 (0.00)
[20/294]	nan (nan)	0.00 (0.00)
[21/294]	nan (nan)	0.00 (0.00)
[22/294]	nan (nan)	0.00 (0.00)
[23/294]	nan (nan)	0.00 (0.00)
[24/294]	nan (nan)	0.00 (0.00)
[25/294]	nan (nan)	0.00 (0.00)
[26/294]	nan (nan)	0.00 (0.00)
[27/294]	nan (nan)	0.00 (0.00)
[28/294]	nan (nan)	0.00 (0.00)
[29/294]	nan (nan)	0.00 (0.00)
[30/294]	nan (nan)	0.00 (0.00)
[31/294]	nan (nan)	0.00 (0.00)
[32/294]	nan (nan)	0.00 (0.00)
[33/294]	nan (nan)	0.00 (0.00)
[34/294]	nan (nan)	0.00 (0.00)
[35/294]	nan (nan)	0.00 (0.00)
[36/294]	nan (nan)	0.00 (0.00)
[37/294]	nan (nan)	0.00 (0.00)
[38/294]	nan (nan)	0.00 (0.00)
[39/294]	nan (nan)	0.00 (0.00)
[40/294]	nan (nan)	0.00 (0.00)
[41/294]	nan (nan)	0.00 (0.00)
[42/294]	nan (nan)	0.00 (0.00)
[43/294]	nan (nan)	0.00 (0.00)
[44/294]	nan (nan)	0.00 (0.00)
[45/294]	nan (nan)	0.00 (0.00)
[46/294]	nan (nan)	0.00 (0.00)
[47/294]	nan (nan)	0.00 (0.00)
[48/294]	nan (nan)	0.00 (0.00)
[49/294]	nan (nan)	0.00 (0.00)
[50/294]	nan (nan)	0.00 (0.00)
[51/294]	nan (nan)	0.00 (0.00)
[52/294]	nan (nan)	0.00 (0.00)
[53/294]	nan (nan)	0.00 (0.00)
[54/294]	nan (nan)	0.00 (0.00)
[55/294]	nan (nan)	0.00 (0.00)
[56/294]	nan (nan)	0.00 (0.00)
[57/294]	nan (nan)	0.00 (0.00)
[58/294]	nan (nan)	0.00 (0.00)
[59/294]	nan (nan)	0.00 (0.00)
[60/294]	nan (nan)	0.00 (0.00)
[61/294]	nan (nan)	0.00 (0.00)
[62/294]	nan (nan)	0.00 (0.00)
[63/294]	nan (nan)	0.00 (0.00)
[64/294]	nan (nan)	0.00 (0.00)
[65/294]	nan (nan)	0.00 (0.00)
[66/294]	nan (nan)	0.00 (0.00)
[67/294]	nan (nan)	0.00 (0.00)
[68/294]	nan (nan)	0.00 (0.00)
[69/294]	nan (nan)	0.00 (0.00)
[70/294]	nan (nan)	0.00 (0.00)
[71/294]	nan (nan)	0.00 (0.00)
[72/294]	nan (nan)	0.00 (0.00)
[73/294]	nan (nan)	0.00 (0.00)
[74/294]	nan (nan)	0.00 (0.00)
[75/294]	nan (nan)	0.00 (0.00)
[76/294]	nan (nan)	0.00 (0.00)
[77/294]	nan (nan)	0.00 (0.00)
[78/294]	nan (nan)	0.00 (0.00)
[79/294]	nan (nan)	0.00 (0.00)
[80/294]	nan (nan)	0.00 (0.00)
[81/294]	nan (nan)	0.00 (0.00)
[82/294]	nan (nan)	0.00 (0.00)
[83/294]	nan (nan)	0.00 (0.00)
[84/294]	nan (nan)	0.00 (0.00)
[85/294]	nan (nan)	0.00 (0.00)
[86/294]	nan (nan)	0.00 (0.00)
[87/294]	nan (nan)	0.00 (0.00)
[88/294]	nan (nan)	0.00 (0.00)
[89/294]	nan (nan)	0.00 (0.00)
[90/294]	nan (nan)	0.00 (0.00)
[91/294]	nan (nan)	0.00 (0.00)
[92/294]	nan (nan)	0.00 (0.00)
[93/294]	nan (nan)	0.00 (0.00)
[94/294]	nan (nan)	0.00 (0.00)
[95/294]	nan (nan)	0.00 (0.00)
[96/294]	nan (nan)	0.00 (0.00)
[97/294]	nan (nan)	0.00 (0.00)
[98/294]	nan (nan)	0.00 (0.00)
[99/294]	nan (nan)	0.00 (0.00)
[100/294]	nan (nan)	0.00 (0.00)
[101/294]	nan (nan)	0.00 (0.00)
[102/294]	nan (nan)	0.00 (0.00)
[103/294]	nan (nan)	0.00 (0.00)
[104/294]	nan (nan)	0.00 (0.00)
[105/294]	nan (nan)	0.00 (0.00)
[106/294]	nan (nan)	0.00 (0.00)
[107/294]	nan (nan)	0.00 (0.00)
[108/294]	nan (nan)	0.00 (0.00)
[109/294]	nan (nan)	0.00 (0.00)
[110/294]	nan (nan)	0.00 (0.00)
[111/294]	nan (nan)	0.00 (0.00)
[112/294]	nan (nan)	0.00 (0.00)
[113/294]	nan (nan)	0.00 (0.00)
[114/294]	nan (nan)	0.00 (0.00)
[115/294]	nan (nan)	0.00 (0.00)
[116/294]	nan (nan)	0.00 (0.00)
[117/294]	nan (nan)	0.00 (0.00)
[118/294]	nan (nan)	0.00 (0.00)
[119/294]	nan (nan)	0.00 (0.00)
[120/294]	nan (nan)	0.00 (0.00)
[121/294]	nan (nan)	0.00 (0.00)
[122/294]	nan (nan)	0.00 (0.00)
[123/294]	nan (nan)	0.00 (0.00)
[124/294]	nan (nan)	0.00 (0.00)
[125/294]	nan (nan)	0.00 (0.00)
[126/294]	nan (nan)	0.00 (0.00)
[127/294]	nan (nan)	0.00 (0.00)
[128/294]	nan (nan)	0.00 (0.00)
[129/294]	nan (nan)	0.00 (0.00)
[130/294]	nan (nan)	0.00 (0.00)
[131/294]	nan (nan)	0.00 (0.00)
[132/294]	nan (nan)	0.00 (0.00)
[133/294]	nan (nan)	0.00 (0.00)
[134/294]	nan (nan)	0.00 (0.00)
[135/294]	nan (nan)	0.00 (0.00)
[136/294]	nan (nan)	0.00 (0.00)
[137/294]	nan (nan)	0.00 (0.00)
[138/294]	nan (nan)	0.00 (0.00)
[139/294]	nan (nan)	0.00 (0.00)
[140/294]	nan (nan)	0.00 (0.00)
[141/294]	nan (nan)	0.00 (0.00)
[142/294]	nan (nan)	0.00 (0.00)
[143/294]	nan (nan)	0.00 (0.00)
[144/294]	nan (nan)	0.00 (0.00)
[145/294]	nan (nan)	0.00 (0.00)
[146/294]	nan (nan)	0.00 (0.00)
[147/294]	nan (nan)	0.00 (0.00)
[148/294]	nan (nan)	0.00 (0.00)
[149/294]	nan (nan)	0.00 (0.00)
[150/294]	nan (nan)	0.00 (0.00)
[151/294]	nan (nan)	0.00 (0.00)
[152/294]	nan (nan)	0.00 (0.00)
[153/294]	nan (nan)	0.00 (0.00)
[154/294]	nan (nan)	0.00 (0.00)
[155/294]	nan (nan)	0.00 (0.00)
[156/294]	nan (nan)	0.00 (0.00)
[157/294]	nan (nan)	0.00 (0.00)
[158/294]	nan (nan)	0.00 (0.00)
[159/294]	nan (nan)	0.00 (0.00)
[160/294]	nan (nan)	0.00 (0.00)
[161/294]	nan (nan)	0.00 (0.00)
[162/294]	nan (nan)	0.00 (0.00)
[163/294]	nan (nan)	0.00 (0.00)
[164/294]	nan (nan)	0.00 (0.00)
[165/294]	nan (nan)	0.00 (0.00)
[166/294]	nan (nan)	0.00 (0.00)
[167/294]	nan (nan)	0.00 (0.00)
[168/294]	nan (nan)	0.00 (0.00)
[169/294]	nan (nan)	0.00 (0.00)
[170/294]	nan (nan)	0.00 (0.00)
[171/294]	nan (nan)	0.00 (0.00)
[172/294]	nan (nan)	0.00 (0.00)
[173/294]	nan (nan)	0.00 (0.00)
[174/294]	nan (nan)	0.00 (0.00)
[175/294]	nan (nan)	0.00 (0.00)
[176/294]	nan (nan)	0.00 (0.00)
[177/294]	nan (nan)	0.00 (0.00)
[178/294]	nan (nan)	0.00 (0.00)
[179/294]	nan (nan)	0.00 (0.00)
[180/294]	nan (nan)	0.00 (0.00)
[181/294]	nan (nan)	0.00 (0.00)
[182/294]	nan (nan)	0.00 (0.00)
[183/294]	nan (nan)	0.00 (0.00)
[184/294]	nan (nan)	0.00 (0.00)
[185/294]	nan (nan)	0.00 (0.00)
[186/294]	nan (nan)	0.00 (0.00)
[187/294]	nan (nan)	0.00 (0.00)
[188/294]	nan (nan)	0.00 (0.00)
[189/294]	nan (nan)	0.00 (0.00)
[190/294]	nan (nan)	0.00 (0.00)
[191/294]	nan (nan)	0.00 (0.00)
[192/294]	nan (nan)	0.00 (0.00)
[193/294]	nan (nan)	0.00 (0.00)
[194/294]	nan (nan)	0.00 (0.00)
[195/294]	nan (nan)	0.00 (0.00)
[196/294]	nan (nan)	0.00 (0.00)
[197/294]	nan (nan)	0.00 (0.00)
[198/294]	nan (nan)	0.00 (0.00)
[199/294]	nan (nan)	0.00 (0.00)
[200/294]	nan (nan)	0.00 (0.00)
[201/294]	nan (nan)	0.00 (0.00)
[202/294]	nan (nan)	0.00 (0.00)
[203/294]	nan (nan)	0.00 (0.00)
[204/294]	nan (nan)	0.00 (0.00)
[205/294]	nan (nan)	0.00 (0.00)
[206/294]	nan (nan)	0.00 (0.00)
[207/294]	nan (nan)	0.00 (0.00)
[208/294]	nan (nan)	0.00 (0.00)
[209/294]	nan (nan)	0.00 (0.00)
[210/294]	nan (nan)	0.00 (0.00)
[211/294]	nan (nan)	0.00 (0.00)
[212/294]	nan (nan)	0.00 (0.00)
[213/294]	nan (nan)	0.00 (0.00)
[214/294]	nan (nan)	0.00 (0.00)
[215/294]	nan (nan)	0.00 (0.00)
[216/294]	nan (nan)	0.00 (0.00)
[217/294]	nan (nan)	0.00 (0.00)
[218/294]	nan (nan)	0.00 (0.00)
[219/294]	nan (nan)	0.00 (0.00)
[220/294]	nan (nan)	0.00 (0.00)
[221/294]	nan (nan)	0.00 (0.00)
[222/294]	nan (nan)	0.00 (0.00)
[223/294]	nan (nan)	0.00 (0.00)
[224/294]	nan (nan)	0.00 (0.00)
[225/294]	nan (nan)	0.00 (0.00)
[226/294]	nan (nan)	0.00 (0.00)
[227/294]	nan (nan)	0.00 (0.00)
[228/294]	nan (nan)	0.00 (0.00)
[229/294]	nan (nan)	0.00 (0.00)
[230/294]	nan (nan)	0.00 (0.00)
[231/294]	nan (nan)	0.00 (0.00)
[232/294]	nan (nan)	0.00 (0.00)
[233/294]	nan (nan)	0.00 (0.00)
[234/294]	nan (nan)	0.00 (0.00)
[235/294]	nan (nan)	0.00 (0.00)
[236/294]	nan (nan)	0.00 (0.00)
[237/294]	nan (nan)	0.00 (0.00)
[238/294]	nan (nan)	0.00 (0.00)
[239/294]	nan (nan)	0.00 (0.00)
[240/294]	nan (nan)	0.00 (0.00)
[241/294]	nan (nan)	0.00 (0.00)
[242/294]	nan (nan)	0.00 (0.00)
[243/294]	nan (nan)	0.00 (0.00)
[244/294]	nan (nan)	0.00 (0.00)
[245/294]	nan (nan)	0.00 (0.00)
[246/294]	nan (nan)	0.00 (0.00)
[247/294]	nan (nan)	0.00 (0.00)
[248/294]	nan (nan)	0.00 (0.00)
[249/294]	nan (nan)	0.00 (0.00)
[250/294]	nan (nan)	0.00 (0.00)
[251/294]	nan (nan)	0.00 (0.00)
[252/294]	nan (nan)	0.00 (0.00)
[253/294]	nan (nan)	0.00 (0.00)
[254/294]	nan (nan)	0.00 (0.00)
[255/294]	nan (nan)	0.00 (0.00)
[256/294]	nan (nan)	0.00 (0.00)
[257/294]	nan (nan)	0.00 (0.00)
[258/294]	nan (nan)	0.00 (0.00)
[259/294]	nan (nan)	0.00 (0.00)
[260/294]	nan (nan)	0.00 (0.00)
[261/294]	nan (nan)	0.00 (0.00)
[262/294]	nan (nan)	0.00 (0.00)
[263/294]	nan (nan)	0.00 (0.00)
[264/294]	nan (nan)	0.00 (0.00)
[265/294]	nan (nan)	0.00 (0.00)
[266/294]	nan (nan)	0.00 (0.00)
[267/294]	nan (nan)	0.00 (0.00)
[268/294]	nan (nan)	0.00 (0.00)
[269/294]	nan (nan)	0.00 (0.00)
[270/294]	nan (nan)	0.00 (0.00)
[271/294]	nan (nan)	0.00 (0.00)
[272/294]	nan (nan)	0.00 (0.00)
[273/294]	nan (nan)	0.00 (0.00)
[274/294]	nan (nan)	0.00 (0.00)
[275/294]	nan (nan)	0.00 (0.00)
[276/294]	nan (nan)	0.00 (0.00)
[277/294]	nan (nan)	0.00 (0.00)
[278/294]	nan (nan)	0.00 (0.00)
[279/294]	nan (nan)	0.00 (0.00)
[280/294]	nan (nan)	0.00 (0.00)
[281/294]	nan (nan)	0.00 (0.00)
[282/294]	nan (nan)	0.00 (0.00)
[283/294]	nan (nan)	0.00 (0.00)
[284/294]	nan (nan)	0.00 (0.00)
[285/294]	nan (nan)	0.00 (0.00)
[286/294]	nan (nan)	0.00 (0.00)
[287/294]	nan (nan)	0.00 (0.00)
[288/294]	nan (nan)	0.00 (0.00)
[289/294]	nan (nan)	0.00 (0.00)
[290/294]	nan (nan)	0.00 (0.00)
[291/294]	nan (nan)	0.00 (0.00)
[292/294]	nan (nan)	0.00 (0.00)
[293/294]	nan (nan)	0.00 (0.00)
 * Train Acc: 0.000
 * Avg. Data time: 0.108, Avg. Batch time: 0.146, Avg. Forward time: 0.004, Avg. Backward time: 0.027
Computing MAS
