=============Stream Learning Run 0=============
Changing output layer to contain 12 classes
============BEGINNING STREAM LEARNING============
=============Training Task 0=============
Active output nodes for this task: 
[0, 1]
=============Training Epoch 0=============
#reg terms:  0
Batch	 Loss		 Acc
[0/294]	0.906 (0.906)	60.00 (60.00)
[1/294]	1.048 (0.977)	55.00 (57.50)
[2/294]	1.304 (1.086)	45.00 (53.33)
[3/294]	1.195 (1.113)	40.00 (50.00)
[4/294]	0.900 (1.071)	45.00 (49.00)
[5/294]	0.797 (1.025)	55.00 (50.00)
[6/294]	0.816 (0.995)	55.00 (50.71)
[7/294]	0.705 (0.959)	65.00 (52.50)
[8/294]	0.709 (0.931)	50.00 (52.22)
[9/294]	0.860 (0.924)	40.00 (51.00)
[10/294]	0.751 (0.908)	50.00 (50.91)
[11/294]	0.635 (0.886)	60.00 (51.67)
[12/294]	0.641 (0.867)	70.00 (53.08)
[13/294]	0.793 (0.861)	35.00 (51.79)
[14/294]	0.589 (0.843)	75.00 (53.33)
[15/294]	0.684 (0.833)	65.00 (54.06)
[16/294]	0.989 (0.843)	40.00 (53.24)
[17/294]	0.771 (0.839)	55.00 (53.33)
[18/294]	0.499 (0.821)	70.00 (54.21)
[19/294]	0.664 (0.813)	60.00 (54.50)
[20/294]	0.661 (0.806)	60.00 (54.76)
[21/294]	0.704 (0.801)	55.00 (54.77)
[22/294]	0.848 (0.803)	35.00 (53.91)
[23/294]	0.618 (0.795)	60.00 (54.17)
[24/294]	0.595 (0.787)	70.00 (54.80)
[25/294]	0.501 (0.776)	95.00 (56.35)
[26/294]	0.628 (0.771)	60.00 (56.48)
[27/294]	0.635 (0.766)	60.00 (56.61)
[28/294]	0.527 (0.758)	75.00 (57.24)
[29/294]	0.612 (0.753)	50.00 (57.00)
[30/294]	0.631 (0.749)	65.00 (57.26)
[31/294]	0.606 (0.745)	65.00 (57.50)
[32/294]	0.413 (0.734)	85.00 (58.33)
[33/294]	0.555 (0.729)	70.00 (58.68)
[34/294]	0.581 (0.725)	65.00 (58.86)
[35/294]	0.609 (0.722)	65.00 (59.03)
[36/294]	0.641 (0.720)	60.00 (59.05)
[37/294]	0.570 (0.716)	65.00 (59.21)
[38/294]	0.571 (0.712)	75.00 (59.62)
[39/294]	0.584 (0.709)	65.00 (59.75)
[40/294]	0.516 (0.704)	75.00 (60.12)
[41/294]	0.453 (0.698)	85.00 (60.71)
[42/294]	0.601 (0.696)	65.00 (60.81)
[43/294]	0.605 (0.694)	70.00 (61.02)
[44/294]	0.526 (0.690)	70.00 (61.22)
[45/294]	0.486 (0.686)	85.00 (61.74)
[46/294]	0.540 (0.683)	75.00 (62.02)
[47/294]	0.744 (0.684)	50.00 (61.77)
[48/294]	0.626 (0.683)	50.00 (61.53)
[49/294]	0.473 (0.678)	85.00 (62.00)
[50/294]	0.570 (0.676)	70.00 (62.16)
[51/294]	0.591 (0.675)	60.00 (62.12)
[52/294]	0.431 (0.670)	90.00 (62.64)
[53/294]	0.453 (0.666)	80.00 (62.96)
[54/294]	0.497 (0.663)	80.00 (63.27)
[55/294]	0.501 (0.660)	85.00 (63.66)
[56/294]	0.454 (0.656)	85.00 (64.04)
[57/294]	0.554 (0.655)	85.00 (64.40)
[58/294]	0.530 (0.653)	75.00 (64.58)
[59/294]	0.526 (0.650)	80.00 (64.83)
[60/294]	0.396 (0.646)	85.00 (65.16)
[61/294]	0.576 (0.645)	70.00 (65.24)
[62/294]	0.489 (0.643)	65.00 (65.24)
[63/294]	0.572 (0.642)	70.00 (65.31)
[64/294]	0.575 (0.641)	80.00 (65.54)
[65/294]	0.399 (0.637)	85.00 (65.83)
[66/294]	0.502 (0.635)	75.00 (65.97)
[67/294]	0.429 (0.632)	90.00 (66.32)
[68/294]	0.534 (0.630)	80.00 (66.52)
[69/294]	0.558 (0.629)	75.00 (66.64)
[70/294]	0.417 (0.626)	85.00 (66.90)
[71/294]	0.616 (0.626)	65.00 (66.88)
[72/294]	0.568 (0.625)	70.00 (66.92)
[73/294]	0.450 (0.623)	80.00 (67.09)
[74/294]	0.479 (0.621)	70.00 (67.13)
[75/294]	0.330 (0.617)	95.00 (67.50)
[76/294]	0.447 (0.615)	80.00 (67.66)
[77/294]	0.326 (0.611)	90.00 (67.95)
[78/294]	0.407 (0.609)	80.00 (68.10)
[79/294]	0.486 (0.607)	75.00 (68.19)
[80/294]	0.502 (0.606)	90.00 (68.46)
[81/294]	0.384 (0.603)	90.00 (68.72)
[82/294]	0.524 (0.602)	65.00 (68.67)
[83/294]	0.365 (0.600)	85.00 (68.87)
[84/294]	0.382 (0.597)	90.00 (69.12)
[85/294]	0.436 (0.595)	80.00 (69.24)
[86/294]	0.437 (0.593)	75.00 (69.31)
[87/294]	0.356 (0.591)	90.00 (69.55)
[88/294]	0.491 (0.589)	70.00 (69.55)
[89/294]	0.505 (0.589)	80.00 (69.67)
[90/294]	0.480 (0.587)	80.00 (69.78)
[91/294]	0.330 (0.585)	95.00 (70.05)
[92/294]	0.617 (0.585)	65.00 (70.00)
[93/294]	0.442 (0.583)	80.00 (70.11)
[94/294]	0.495 (0.582)	85.00 (70.26)
[95/294]	0.374 (0.580)	90.00 (70.47)
[96/294]	0.384 (0.578)	85.00 (70.62)
[97/294]	0.353 (0.576)	80.00 (70.71)
[98/294]	0.235 (0.572)	100.00 (71.01)
[99/294]	0.355 (0.570)	90.00 (71.20)
[100/294]	0.442 (0.569)	80.00 (71.29)
[101/294]	0.376 (0.567)	90.00 (71.47)
[102/294]	0.456 (0.566)	75.00 (71.50)
[103/294]	0.556 (0.566)	65.00 (71.44)
[104/294]	0.383 (0.564)	85.00 (71.57)
[105/294]	0.232 (0.561)	95.00 (71.79)
[106/294]	0.448 (0.560)	80.00 (71.87)
[107/294]	0.330 (0.558)	90.00 (72.04)
[108/294]	0.377 (0.556)	80.00 (72.11)
[109/294]	0.353 (0.554)	90.00 (72.27)
[110/294]	0.337 (0.552)	90.00 (72.43)
[111/294]	0.381 (0.551)	85.00 (72.54)
[112/294]	0.317 (0.549)	100.00 (72.79)
[113/294]	0.483 (0.548)	65.00 (72.72)
[114/294]	0.342 (0.546)	95.00 (72.91)
[115/294]	0.316 (0.544)	90.00 (73.06)
[116/294]	0.412 (0.543)	80.00 (73.12)
[117/294]	0.492 (0.543)	85.00 (73.22)
[118/294]	0.419 (0.542)	80.00 (73.28)
[119/294]	0.456 (0.541)	80.00 (73.33)
[120/294]	0.369 (0.540)	80.00 (73.39)
[121/294]	0.459 (0.539)	75.00 (73.40)
[122/294]	0.500 (0.539)	70.00 (73.37)
[123/294]	0.464 (0.538)	75.00 (73.39)
[124/294]	0.408 (0.537)	80.00 (73.44)
[125/294]	0.321 (0.535)	85.00 (73.53)
[126/294]	0.446 (0.535)	85.00 (73.62)
[127/294]	0.369 (0.533)	95.00 (73.79)
[128/294]	0.277 (0.531)	90.00 (73.91)
[129/294]	0.398 (0.530)	75.00 (73.92)
[130/294]	0.278 (0.528)	90.00 (74.05)
[131/294]	0.417 (0.528)	75.00 (74.05)
[132/294]	0.284 (0.526)	90.00 (74.17)
[133/294]	0.311 (0.524)	90.00 (74.29)
[134/294]	0.236 (0.522)	95.00 (74.44)
[135/294]	0.351 (0.521)	90.00 (74.56)
[136/294]	0.351 (0.520)	90.00 (74.67)
[137/294]	0.367 (0.518)	85.00 (74.75)
[138/294]	0.294 (0.517)	85.00 (74.82)
[139/294]	0.378 (0.516)	80.00 (74.86)
[140/294]	0.417 (0.515)	85.00 (74.93)
[141/294]	0.297 (0.514)	95.00 (75.07)
[142/294]	0.348 (0.512)	80.00 (75.10)
[143/294]	0.222 (0.510)	100.00 (75.28)
[144/294]	0.348 (0.509)	90.00 (75.38)
[145/294]	0.313 (0.508)	95.00 (75.51)
[146/294]	0.342 (0.507)	90.00 (75.61)
[147/294]	0.337 (0.506)	90.00 (75.71)
[148/294]	0.364 (0.505)	80.00 (75.74)
[149/294]	0.431 (0.504)	80.00 (75.77)
[150/294]	0.396 (0.504)	85.00 (75.83)
[151/294]	0.340 (0.502)	80.00 (75.86)
[152/294]	0.358 (0.502)	95.00 (75.98)
[153/294]	0.248 (0.500)	95.00 (76.10)
[154/294]	0.337 (0.499)	85.00 (76.16)
[155/294]	0.469 (0.499)	65.00 (76.09)
[156/294]	0.370 (0.498)	85.00 (76.15)
[157/294]	0.184 (0.496)	95.00 (76.27)
[158/294]	0.285 (0.494)	90.00 (76.35)
[159/294]	0.403 (0.494)	85.00 (76.41)
[160/294]	0.485 (0.494)	75.00 (76.40)
[161/294]	0.423 (0.493)	75.00 (76.39)
[162/294]	0.255 (0.492)	95.00 (76.50)
[163/294]	0.325 (0.491)	85.00 (76.55)
[164/294]	0.353 (0.490)	90.00 (76.64)
[165/294]	0.354 (0.489)	85.00 (76.69)
[166/294]	0.333 (0.488)	85.00 (76.74)
[167/294]	0.251 (0.487)	95.00 (76.85)
[168/294]	0.351 (0.486)	85.00 (76.89)
[169/294]	0.326 (0.485)	95.00 (77.00)
[170/294]	0.473 (0.485)	80.00 (77.02)
[171/294]	0.410 (0.485)	80.00 (77.03)
[172/294]	0.332 (0.484)	85.00 (77.08)
[173/294]	0.191 (0.482)	95.00 (77.18)
[174/294]	0.245 (0.481)	95.00 (77.29)
[175/294]	0.301 (0.480)	80.00 (77.30)
[176/294]	0.334 (0.479)	90.00 (77.37)
[177/294]	0.343 (0.478)	85.00 (77.42)
[178/294]	0.284 (0.477)	90.00 (77.49)
[179/294]	0.462 (0.477)	75.00 (77.47)
[180/294]	0.212 (0.476)	95.00 (77.57)
[181/294]	0.234 (0.474)	95.00 (77.66)
[182/294]	0.296 (0.473)	90.00 (77.73)
[183/294]	0.320 (0.472)	85.00 (77.77)
[184/294]	0.214 (0.471)	100.00 (77.89)
[185/294]	0.298 (0.470)	95.00 (77.98)
[186/294]	0.292 (0.469)	90.00 (78.05)
[187/294]	0.434 (0.469)	75.00 (78.03)
[188/294]	0.481 (0.469)	85.00 (78.07)
[189/294]	0.351 (0.468)	90.00 (78.13)
[190/294]	0.170 (0.467)	100.00 (78.25)
[191/294]	0.235 (0.466)	95.00 (78.33)
[192/294]	0.267 (0.465)	90.00 (78.39)
[193/294]	0.266 (0.464)	90.00 (78.45)
[194/294]	0.343 (0.463)	75.00 (78.44)
[195/294]	0.243 (0.462)	90.00 (78.49)
[196/294]	0.144 (0.460)	100.00 (78.60)
[197/294]	0.218 (0.459)	90.00 (78.66)
[198/294]	0.268 (0.458)	95.00 (78.74)
[199/294]	0.351 (0.457)	80.00 (78.75)
[200/294]	0.464 (0.458)	80.00 (78.76)
[201/294]	0.368 (0.457)	80.00 (78.76)
[202/294]	0.387 (0.457)	85.00 (78.79)
[203/294]	0.293 (0.456)	90.00 (78.85)
[204/294]	0.351 (0.455)	80.00 (78.85)
[205/294]	0.191 (0.454)	95.00 (78.93)
[206/294]	0.360 (0.454)	85.00 (78.96)
[207/294]	0.299 (0.453)	85.00 (78.99)
[208/294]	0.185 (0.452)	100.00 (79.09)
[209/294]	0.203 (0.450)	100.00 (79.19)
[210/294]	0.218 (0.449)	95.00 (79.27)
[211/294]	0.132 (0.448)	100.00 (79.36)
[212/294]	0.217 (0.447)	100.00 (79.46)
[213/294]	0.239 (0.446)	95.00 (79.53)
[214/294]	0.288 (0.445)	95.00 (79.60)
[215/294]	0.427 (0.445)	80.00 (79.61)
[216/294]	0.324 (0.444)	95.00 (79.68)
[217/294]	0.412 (0.444)	85.00 (79.70)
[218/294]	0.229 (0.443)	90.00 (79.75)
[219/294]	0.323 (0.443)	90.00 (79.80)
[220/294]	0.189 (0.442)	95.00 (79.86)
[221/294]	0.229 (0.441)	95.00 (79.93)
[222/294]	0.405 (0.440)	80.00 (79.93)
[223/294]	0.252 (0.440)	90.00 (79.98)
[224/294]	0.218 (0.439)	95.00 (80.04)
[225/294]	0.305 (0.438)	95.00 (80.11)
[226/294]	0.166 (0.437)	95.00 (80.18)
[227/294]	0.241 (0.436)	90.00 (80.22)
[228/294]	0.122 (0.435)	100.00 (80.31)
[229/294]	0.360 (0.434)	80.00 (80.30)
[230/294]	0.246 (0.434)	95.00 (80.37)
[231/294]	0.201 (0.433)	95.00 (80.43)
[232/294]	0.183 (0.431)	100.00 (80.52)
[233/294]	0.161 (0.430)	100.00 (80.60)
[234/294]	0.205 (0.429)	100.00 (80.68)
[235/294]	0.151 (0.428)	95.00 (80.74)
[236/294]	0.170 (0.427)	95.00 (80.80)
[237/294]	0.320 (0.427)	85.00 (80.82)
[238/294]	0.204 (0.426)	95.00 (80.88)
[239/294]	0.131 (0.424)	100.00 (80.96)
[240/294]	0.205 (0.424)	95.00 (81.02)
[241/294]	0.370 (0.423)	85.00 (81.03)
[242/294]	0.287 (0.423)	85.00 (81.05)
[243/294]	0.216 (0.422)	100.00 (81.13)
[244/294]	0.368 (0.422)	80.00 (81.12)
[245/294]	0.196 (0.421)	95.00 (81.18)
[246/294]	0.380 (0.421)	80.00 (81.17)
[247/294]	0.318 (0.420)	80.00 (81.17)
[248/294]	0.224 (0.419)	95.00 (81.22)
[249/294]	0.238 (0.419)	95.00 (81.28)
[250/294]	0.317 (0.418)	80.00 (81.27)
[251/294]	0.282 (0.418)	80.00 (81.27)
[252/294]	0.180 (0.417)	90.00 (81.30)
[253/294]	0.211 (0.416)	95.00 (81.36)
[254/294]	0.327 (0.416)	85.00 (81.37)
[255/294]	0.265 (0.415)	80.00 (81.37)
[256/294]	0.277 (0.414)	80.00 (81.36)
[257/294]	0.426 (0.415)	75.00 (81.34)
[258/294]	0.154 (0.414)	95.00 (81.39)
[259/294]	0.214 (0.413)	95.00 (81.44)
[260/294]	0.178 (0.412)	100.00 (81.51)
[261/294]	0.175 (0.411)	90.00 (81.55)
[262/294]	0.211 (0.410)	90.00 (81.58)
[263/294]	0.182 (0.409)	95.00 (81.63)
[264/294]	0.375 (0.409)	85.00 (81.64)
[265/294]	0.140 (0.408)	100.00 (81.71)
[266/294]	0.123 (0.407)	100.00 (81.78)
[267/294]	0.331 (0.407)	90.00 (81.81)
[268/294]	0.138 (0.406)	100.00 (81.88)
[269/294]	0.183 (0.405)	95.00 (81.93)
[270/294]	0.278 (0.405)	90.00 (81.96)
[271/294]	0.279 (0.404)	90.00 (81.99)
[272/294]	0.357 (0.404)	95.00 (82.03)
[273/294]	0.214 (0.403)	95.00 (82.08)
[274/294]	0.278 (0.403)	85.00 (82.09)
[275/294]	0.173 (0.402)	95.00 (82.14)
[276/294]	0.154 (0.401)	100.00 (82.20)
[277/294]	0.157 (0.400)	100.00 (82.27)
[278/294]	0.335 (0.400)	80.00 (82.26)
[279/294]	0.180 (0.399)	95.00 (82.30)
[280/294]	0.301 (0.399)	85.00 (82.31)
[281/294]	0.121 (0.398)	95.00 (82.36)
[282/294]	0.104 (0.397)	100.00 (82.42)
[283/294]	0.163 (0.396)	95.00 (82.46)
[284/294]	0.070 (0.395)	100.00 (82.53)
[285/294]	0.219 (0.394)	95.00 (82.57)
[286/294]	0.358 (0.394)	80.00 (82.56)
[287/294]	0.205 (0.393)	90.00 (82.59)
[288/294]	0.096 (0.392)	100.00 (82.65)
[289/294]	0.289 (0.392)	85.00 (82.66)
[290/294]	0.222 (0.391)	95.00 (82.70)
[291/294]	0.242 (0.391)	95.00 (82.74)
[292/294]	0.285 (0.391)	90.00 (82.76)
[293/294]	0.205 (0.390)	95.00 (82.81)
 * Train Acc: 82.806
 * Avg. Data time: 0.005, Avg. Batch time: 0.053, Avg. Forward time: 0.004, Avg. Backward time: 0.039
Computing SI
 * Val Acc: 93.333, Time: 1.52
 * Test Acc: 94.262, Time: 2.19
=============Training Task 1=============
Active output nodes for this task: 
[0, 1, 2, 3]
=============Training Epoch 0=============
#reg terms:  1
Batch	 Loss		 Acc
[0/294]	4.249 (4.249)	0.00 (0.00)
[1/294]	3.763 (4.006)	0.00 (0.00)
[2/294]	3.602 (3.871)	0.00 (0.00)
[3/294]	3.223 (3.709)	0.00 (0.00)
[4/294]	2.769 (3.521)	0.00 (0.00)
[5/294]	2.449 (3.342)	0.00 (0.00)
[6/294]	2.106 (3.166)	20.00 (2.86)
[7/294]	1.844 (3.001)	10.00 (3.75)
[8/294]	1.778 (2.865)	20.00 (5.56)
[9/294]	1.240 (2.702)	45.00 (9.50)
[10/294]	1.139 (2.560)	60.00 (14.09)
[11/294]	1.370 (2.461)	15.00 (14.17)
[12/294]	0.885 (2.340)	50.00 (16.92)
[13/294]	0.981 (2.243)	45.00 (18.93)
[14/294]	0.988 (2.159)	40.00 (20.33)
[15/294]	0.809 (2.075)	55.00 (22.50)
[16/294]	0.741 (1.996)	65.00 (25.00)
[17/294]	0.989 (1.940)	45.00 (26.11)
[18/294]	0.728 (1.876)	70.00 (28.42)
[19/294]	0.529 (1.809)	80.00 (31.00)
[20/294]	0.786 (1.760)	65.00 (32.62)
[21/294]	1.179 (1.734)	30.00 (32.50)
[22/294]	0.847 (1.695)	40.00 (32.83)
[23/294]	0.576 (1.649)	70.00 (34.38)
[24/294]	0.780 (1.614)	65.00 (35.60)
[25/294]	0.811 (1.583)	45.00 (35.96)
[26/294]	0.802 (1.554)	45.00 (36.30)
[27/294]	0.881 (1.530)	45.00 (36.61)
[28/294]	0.741 (1.503)	55.00 (37.24)
[29/294]	0.660 (1.475)	60.00 (38.00)
[30/294]	0.475 (1.443)	80.00 (39.35)
[31/294]	0.642 (1.418)	70.00 (40.31)
[32/294]	0.530 (1.391)	60.00 (40.91)
[33/294]	0.574 (1.367)	75.00 (41.91)
[34/294]	0.679 (1.347)	70.00 (42.71)
[35/294]	0.419 (1.321)	90.00 (44.03)
[36/294]	0.574 (1.301)	80.00 (45.00)
[37/294]	0.573 (1.282)	70.00 (45.66)
[38/294]	0.494 (1.262)	70.00 (46.28)
[39/294]	0.494 (1.242)	70.00 (46.88)
[40/294]	0.662 (1.228)	65.00 (47.32)
[41/294]	0.669 (1.215)	60.00 (47.62)
[42/294]	0.629 (1.201)	55.00 (47.79)
[43/294]	0.515 (1.186)	65.00 (48.18)
[44/294]	0.527 (1.171)	80.00 (48.89)
[45/294]	0.748 (1.162)	55.00 (49.02)
[46/294]	0.494 (1.148)	80.00 (49.68)
[47/294]	0.636 (1.137)	65.00 (50.00)
[48/294]	0.545 (1.125)	60.00 (50.20)
[49/294]	0.469 (1.112)	80.00 (50.80)
[50/294]	0.539 (1.101)	80.00 (51.37)
[51/294]	0.600 (1.091)	75.00 (51.83)
[52/294]	0.458 (1.079)	85.00 (52.45)
[53/294]	0.538 (1.069)	80.00 (52.96)
[54/294]	0.479 (1.058)	80.00 (53.45)
[55/294]	0.530 (1.049)	75.00 (53.84)
[56/294]	0.471 (1.039)	80.00 (54.30)
[57/294]	0.694 (1.033)	60.00 (54.40)
[58/294]	0.581 (1.025)	75.00 (54.75)
[59/294]	0.467 (1.016)	85.00 (55.25)
[60/294]	0.500 (1.007)	75.00 (55.57)
[61/294]	0.394 (0.998)	80.00 (55.97)
[62/294]	0.449 (0.989)	75.00 (56.27)
[63/294]	0.588 (0.983)	65.00 (56.41)
[64/294]	0.521 (0.975)	80.00 (56.77)
[65/294]	0.683 (0.971)	55.00 (56.74)
[66/294]	0.538 (0.965)	75.00 (57.01)
[67/294]	0.461 (0.957)	80.00 (57.35)
[68/294]	0.525 (0.951)	75.00 (57.61)
[69/294]	0.641 (0.946)	60.00 (57.64)
[70/294]	0.477 (0.940)	75.00 (57.89)
[71/294]	0.488 (0.934)	75.00 (58.12)
[72/294]	0.343 (0.925)	95.00 (58.63)
[73/294]	0.853 (0.924)	45.00 (58.45)
[74/294]	0.485 (0.919)	65.00 (58.53)
[75/294]	0.526 (0.913)	70.00 (58.68)
[76/294]	0.548 (0.909)	70.00 (58.83)
[77/294]	0.543 (0.904)	80.00 (59.10)
[78/294]	0.438 (0.898)	85.00 (59.43)
[79/294]	0.519 (0.893)	80.00 (59.69)
[80/294]	0.501 (0.889)	70.00 (59.81)
[81/294]	0.327 (0.882)	90.00 (60.18)
[82/294]	0.323 (0.875)	95.00 (60.60)
[83/294]	0.322 (0.868)	90.00 (60.95)
[84/294]	0.488 (0.864)	80.00 (61.18)
[85/294]	0.372 (0.858)	85.00 (61.45)
[86/294]	0.520 (0.854)	75.00 (61.61)
[87/294]	0.488 (0.850)	80.00 (61.82)
[88/294]	0.727 (0.849)	65.00 (61.85)
[89/294]	0.485 (0.845)	75.00 (62.00)
[90/294]	0.418 (0.840)	80.00 (62.20)
[91/294]	0.458 (0.836)	75.00 (62.34)
[92/294]	0.555 (0.833)	75.00 (62.47)
[93/294]	0.563 (0.830)	65.00 (62.50)
[94/294]	0.360 (0.825)	85.00 (62.74)
[95/294]	0.467 (0.821)	85.00 (62.97)
[96/294]	0.361 (0.817)	85.00 (63.20)
[97/294]	0.389 (0.812)	95.00 (63.52)
[98/294]	0.518 (0.809)	75.00 (63.64)
[99/294]	0.420 (0.805)	65.00 (63.65)
[100/294]	0.447 (0.802)	75.00 (63.76)
[101/294]	0.520 (0.799)	80.00 (63.92)
[102/294]	0.516 (0.796)	80.00 (64.08)
[103/294]	0.443 (0.793)	90.00 (64.33)
[104/294]	0.336 (0.789)	85.00 (64.52)
[105/294]	0.474 (0.786)	85.00 (64.72)
[106/294]	0.422 (0.782)	85.00 (64.91)
[107/294]	0.431 (0.779)	85.00 (65.09)
[108/294]	0.375 (0.775)	80.00 (65.23)
[109/294]	0.291 (0.771)	85.00 (65.41)
[110/294]	0.375 (0.767)	80.00 (65.54)
[111/294]	0.374 (0.764)	80.00 (65.67)
[112/294]	0.550 (0.762)	70.00 (65.71)
[113/294]	0.429 (0.759)	75.00 (65.79)
[114/294]	0.564 (0.757)	65.00 (65.78)
[115/294]	0.564 (0.756)	65.00 (65.78)
[116/294]	0.411 (0.753)	80.00 (65.90)
[117/294]	0.276 (0.749)	90.00 (66.10)
[118/294]	0.484 (0.746)	75.00 (66.18)
[119/294]	0.558 (0.745)	70.00 (66.21)
[120/294]	0.487 (0.743)	75.00 (66.28)
[121/294]	0.323 (0.739)	90.00 (66.48)
[122/294]	0.342 (0.736)	95.00 (66.71)
[123/294]	0.451 (0.734)	85.00 (66.85)
[124/294]	0.596 (0.733)	60.00 (66.80)
[125/294]	0.495 (0.731)	75.00 (66.87)
[126/294]	0.388 (0.728)	85.00 (67.01)
[127/294]	0.340 (0.725)	85.00 (67.15)
[128/294]	0.280 (0.722)	95.00 (67.36)
[129/294]	0.508 (0.720)	75.00 (67.42)
[130/294]	0.396 (0.717)	80.00 (67.52)
[131/294]	0.501 (0.716)	80.00 (67.61)
[132/294]	0.363 (0.713)	90.00 (67.78)
[133/294]	0.303 (0.710)	90.00 (67.95)
[134/294]	0.438 (0.708)	70.00 (67.96)
[135/294]	0.502 (0.707)	75.00 (68.01)
[136/294]	0.420 (0.704)	90.00 (68.18)
[137/294]	0.528 (0.703)	70.00 (68.19)
[138/294]	0.396 (0.701)	80.00 (68.27)
[139/294]	0.345 (0.698)	85.00 (68.39)
[140/294]	0.326 (0.696)	90.00 (68.55)
[141/294]	0.492 (0.694)	80.00 (68.63)
[142/294]	0.421 (0.692)	85.00 (68.74)
[143/294]	0.550 (0.691)	70.00 (68.75)
[144/294]	0.289 (0.689)	100.00 (68.97)
[145/294]	0.384 (0.687)	85.00 (69.08)
[146/294]	0.363 (0.684)	85.00 (69.18)
[147/294]	0.427 (0.683)	70.00 (69.19)
[148/294]	0.338 (0.680)	90.00 (69.33)
[149/294]	0.316 (0.678)	90.00 (69.47)
[150/294]	0.491 (0.677)	70.00 (69.47)
[151/294]	0.351 (0.675)	90.00 (69.61)
[152/294]	0.368 (0.673)	85.00 (69.71)
[153/294]	0.402 (0.671)	85.00 (69.81)
[154/294]	0.408 (0.669)	85.00 (69.90)
[155/294]	0.181 (0.666)	95.00 (70.06)
[156/294]	0.249 (0.663)	90.00 (70.19)
[157/294]	0.215 (0.660)	100.00 (70.38)
[158/294]	0.303 (0.658)	80.00 (70.44)
[159/294]	0.322 (0.656)	85.00 (70.53)
[160/294]	0.280 (0.654)	90.00 (70.65)
[161/294]	0.366 (0.652)	80.00 (70.71)
[162/294]	0.292 (0.650)	85.00 (70.80)
[163/294]	0.291 (0.648)	90.00 (70.91)
[164/294]	0.194 (0.645)	95.00 (71.06)
[165/294]	0.416 (0.643)	80.00 (71.11)
[166/294]	0.286 (0.641)	85.00 (71.20)
[167/294]	0.252 (0.639)	95.00 (71.34)
[168/294]	0.293 (0.637)	90.00 (71.45)
[169/294]	0.504 (0.636)	70.00 (71.44)
[170/294]	0.353 (0.634)	90.00 (71.55)
[171/294]	0.326 (0.633)	85.00 (71.63)
[172/294]	0.345 (0.631)	85.00 (71.71)
[173/294]	0.438 (0.630)	80.00 (71.75)
[174/294]	0.394 (0.629)	75.00 (71.77)
[175/294]	0.414 (0.627)	70.00 (71.76)
[176/294]	0.324 (0.626)	85.00 (71.84)
[177/294]	0.361 (0.624)	85.00 (71.91)
[178/294]	0.358 (0.623)	75.00 (71.93)
[179/294]	0.369 (0.621)	85.00 (72.00)
[180/294]	0.199 (0.619)	95.00 (72.13)
[181/294]	0.266 (0.617)	95.00 (72.25)
[182/294]	0.228 (0.615)	90.00 (72.35)
[183/294]	0.334 (0.613)	90.00 (72.45)
[184/294]	0.248 (0.611)	95.00 (72.57)
[185/294]	0.479 (0.611)	70.00 (72.55)
[186/294]	0.219 (0.609)	95.00 (72.67)
[187/294]	0.394 (0.607)	85.00 (72.74)
[188/294]	0.407 (0.606)	80.00 (72.78)
[189/294]	0.482 (0.606)	70.00 (72.76)
[190/294]	0.462 (0.605)	80.00 (72.80)
[191/294]	0.286 (0.603)	80.00 (72.84)
[192/294]	0.227 (0.601)	95.00 (72.95)
[193/294]	0.460 (0.601)	75.00 (72.96)
[194/294]	0.334 (0.599)	85.00 (73.03)
[195/294]	0.334 (0.598)	90.00 (73.11)
[196/294]	0.410 (0.597)	75.00 (73.12)
[197/294]	0.251 (0.595)	95.00 (73.23)
[198/294]	0.342 (0.594)	90.00 (73.32)
[199/294]	0.274 (0.592)	100.00 (73.45)
[200/294]	0.254 (0.591)	90.00 (73.53)
[201/294]	0.297 (0.589)	85.00 (73.59)
[202/294]	0.245 (0.587)	95.00 (73.69)
[203/294]	0.390 (0.587)	90.00 (73.77)
[204/294]	0.360 (0.585)	80.00 (73.80)
[205/294]	0.415 (0.585)	75.00 (73.81)
[206/294]	0.360 (0.583)	90.00 (73.89)
[207/294]	0.463 (0.583)	70.00 (73.87)
[208/294]	0.329 (0.582)	85.00 (73.92)
[209/294]	0.349 (0.581)	80.00 (73.95)
[210/294]	0.217 (0.579)	95.00 (74.05)
[211/294]	0.286 (0.577)	85.00 (74.10)
[212/294]	0.463 (0.577)	80.00 (74.13)
[213/294]	0.337 (0.576)	85.00 (74.18)
[214/294]	0.388 (0.575)	80.00 (74.21)
[215/294]	0.330 (0.574)	90.00 (74.28)
[216/294]	0.357 (0.573)	80.00 (74.31)
[217/294]	0.319 (0.572)	90.00 (74.38)
[218/294]	0.579 (0.572)	60.00 (74.32)
[219/294]	0.199 (0.570)	90.00 (74.39)
[220/294]	0.481 (0.570)	75.00 (74.39)
[221/294]	0.384 (0.569)	80.00 (74.41)
[222/294]	0.717 (0.569)	50.00 (74.30)
[223/294]	0.344 (0.568)	80.00 (74.33)
[224/294]	0.264 (0.567)	95.00 (74.42)
[225/294]	0.476 (0.567)	80.00 (74.45)
[226/294]	0.256 (0.565)	90.00 (74.52)
[227/294]	0.336 (0.564)	85.00 (74.56)
[228/294]	0.375 (0.563)	75.00 (74.56)
[229/294]	0.496 (0.563)	75.00 (74.57)
[230/294]	0.201 (0.562)	90.00 (74.63)
[231/294]	0.270 (0.560)	85.00 (74.68)
[232/294]	0.590 (0.560)	70.00 (74.66)
[233/294]	0.241 (0.559)	85.00 (74.70)
[234/294]	0.262 (0.558)	90.00 (74.77)
[235/294]	0.576 (0.558)	65.00 (74.72)
[236/294]	0.204 (0.556)	90.00 (74.79)
[237/294]	0.326 (0.555)	80.00 (74.81)
[238/294]	0.249 (0.554)	85.00 (74.85)
[239/294]	0.261 (0.553)	90.00 (74.92)
[240/294]	0.209 (0.552)	95.00 (75.00)
[241/294]	0.445 (0.551)	75.00 (75.00)
[242/294]	0.402 (0.550)	85.00 (75.04)
[243/294]	0.371 (0.550)	90.00 (75.10)
[244/294]	0.338 (0.549)	80.00 (75.12)
[245/294]	0.437 (0.548)	85.00 (75.16)
[246/294]	0.255 (0.547)	95.00 (75.24)
[247/294]	0.304 (0.546)	95.00 (75.32)
[248/294]	0.254 (0.545)	95.00 (75.40)
[249/294]	0.338 (0.544)	90.00 (75.46)
[250/294]	0.270 (0.543)	90.00 (75.52)
[251/294]	0.183 (0.542)	95.00 (75.60)
[252/294]	0.228 (0.541)	95.00 (75.67)
[253/294]	0.588 (0.541)	75.00 (75.67)
[254/294]	0.410 (0.540)	80.00 (75.69)
[255/294]	0.267 (0.539)	90.00 (75.74)
[256/294]	0.184 (0.538)	90.00 (75.80)
[257/294]	0.361 (0.537)	80.00 (75.81)
[258/294]	0.316 (0.536)	85.00 (75.85)
[259/294]	0.302 (0.535)	85.00 (75.88)
[260/294]	0.250 (0.534)	90.00 (75.94)
[261/294]	0.241 (0.533)	95.00 (76.01)
[262/294]	0.374 (0.532)	90.00 (76.06)
[263/294]	0.440 (0.532)	80.00 (76.08)
[264/294]	0.250 (0.531)	95.00 (76.15)
[265/294]	0.316 (0.530)	80.00 (76.17)
[266/294]	0.541 (0.530)	80.00 (76.18)
[267/294]	0.174 (0.529)	100.00 (76.27)
[268/294]	0.213 (0.528)	95.00 (76.34)
[269/294]	0.199 (0.527)	90.00 (76.39)
[270/294]	0.346 (0.526)	85.00 (76.42)
[271/294]	0.426 (0.526)	90.00 (76.47)
[272/294]	0.215 (0.524)	85.00 (76.50)
[273/294]	0.274 (0.523)	90.00 (76.55)
[274/294]	0.248 (0.522)	90.00 (76.60)
[275/294]	0.297 (0.522)	90.00 (76.65)
[276/294]	0.365 (0.521)	75.00 (76.64)
[277/294]	0.245 (0.520)	85.00 (76.67)
[278/294]	0.188 (0.519)	100.00 (76.76)
[279/294]	0.335 (0.518)	85.00 (76.79)
[280/294]	0.213 (0.517)	90.00 (76.83)
[281/294]	0.362 (0.517)	85.00 (76.86)
[282/294]	0.468 (0.516)	70.00 (76.84)
[283/294]	0.193 (0.515)	95.00 (76.90)
[284/294]	0.364 (0.515)	80.00 (76.91)
[285/294]	0.298 (0.514)	90.00 (76.96)
[286/294]	0.171 (0.513)	95.00 (77.02)
[287/294]	0.229 (0.512)	90.00 (77.07)
[288/294]	0.392 (0.511)	90.00 (77.11)
[289/294]	0.278 (0.511)	95.00 (77.17)
[290/294]	0.238 (0.510)	90.00 (77.22)
[291/294]	0.191 (0.509)	95.00 (77.28)
[292/294]	0.243 (0.508)	95.00 (77.34)
[293/294]	0.480 (0.508)	83.33 (77.34)
 * Train Acc: 77.344
 * Avg. Data time: 0.006, Avg. Batch time: 0.065, Avg. Forward time: 0.004, Avg. Backward time: 0.049
Computing SI
 * Val Acc: 42.770, Time: 2.15
 * Test Acc: 45.437, Time: 4.84
=============Training Task 2=============
Active output nodes for this task: 
[0, 1, 2, 3, 4, 5]
=============Training Epoch 0=============
#reg terms:  1
Batch	 Loss		 Acc
[0/294]	6.125 (6.125)	0.00 (0.00)
[1/294]	5.141 (5.633)	0.00 (0.00)
[2/294]	5.189 (5.485)	0.00 (0.00)
[3/294]	4.331 (5.196)	0.00 (0.00)
[4/294]	3.802 (4.917)	0.00 (0.00)
[5/294]	3.042 (4.605)	0.00 (0.00)
[6/294]	2.427 (4.294)	5.00 (0.71)
[7/294]	2.195 (4.031)	15.00 (2.50)
[8/294]	1.356 (3.734)	45.00 (7.22)
[9/294]	1.451 (3.506)	35.00 (10.00)
[10/294]	1.339 (3.309)	60.00 (14.55)
[11/294]	0.846 (3.104)	65.00 (18.75)
[12/294]	0.708 (2.919)	70.00 (22.69)
[13/294]	0.718 (2.762)	60.00 (25.36)
[14/294]	0.600 (2.618)	80.00 (29.00)
[15/294]	0.574 (2.490)	70.00 (31.56)
[16/294]	0.780 (2.390)	65.00 (33.53)
[17/294]	0.592 (2.290)	65.00 (35.28)
[18/294]	0.531 (2.197)	85.00 (37.89)
[19/294]	0.377 (2.106)	80.00 (40.00)
[20/294]	0.628 (2.036)	70.00 (41.43)
[21/294]	0.438 (1.963)	80.00 (43.18)
[22/294]	0.644 (1.906)	75.00 (44.57)
[23/294]	0.465 (1.846)	80.00 (46.04)
[24/294]	0.514 (1.792)	70.00 (47.00)
[25/294]	0.546 (1.744)	75.00 (48.08)
[26/294]	0.324 (1.692)	85.00 (49.44)
[27/294]	0.367 (1.645)	80.00 (50.54)
[28/294]	0.334 (1.599)	90.00 (51.90)
[29/294]	0.387 (1.559)	80.00 (52.83)
[30/294]	0.313 (1.519)	95.00 (54.19)
[31/294]	0.320 (1.481)	90.00 (55.31)
[32/294]	0.273 (1.445)	95.00 (56.52)
[33/294]	0.429 (1.415)	80.00 (57.21)
[34/294]	0.414 (1.386)	85.00 (58.00)
[35/294]	0.348 (1.357)	80.00 (58.61)
[36/294]	0.315 (1.329)	90.00 (59.46)
[37/294]	0.356 (1.304)	85.00 (60.13)
[38/294]	0.756 (1.290)	60.00 (60.13)
[39/294]	0.391 (1.267)	85.00 (60.75)
[40/294]	0.235 (1.242)	100.00 (61.71)
[41/294]	0.340 (1.220)	85.00 (62.26)
[42/294]	0.208 (1.197)	100.00 (63.14)
[43/294]	0.350 (1.178)	85.00 (63.64)
[44/294]	0.497 (1.163)	70.00 (63.78)
[45/294]	0.353 (1.145)	95.00 (64.46)
[46/294]	0.584 (1.133)	75.00 (64.68)
[47/294]	0.324 (1.116)	90.00 (65.21)
[48/294]	0.498 (1.104)	85.00 (65.61)
[49/294]	0.387 (1.089)	80.00 (65.90)
[50/294]	0.327 (1.074)	85.00 (66.27)
[51/294]	0.287 (1.059)	95.00 (66.83)
[52/294]	0.187 (1.043)	95.00 (67.36)
[53/294]	0.305 (1.029)	90.00 (67.78)
[54/294]	0.231 (1.015)	95.00 (68.27)
[55/294]	0.186 (1.000)	100.00 (68.84)
[56/294]	0.162 (0.985)	100.00 (69.39)
[57/294]	0.437 (0.976)	95.00 (69.83)
[58/294]	0.343 (0.965)	90.00 (70.17)
[59/294]	0.274 (0.953)	90.00 (70.50)
[60/294]	0.580 (0.947)	70.00 (70.49)
[61/294]	0.408 (0.939)	75.00 (70.56)
[62/294]	0.431 (0.930)	85.00 (70.79)
[63/294]	0.550 (0.925)	70.00 (70.78)
[64/294]	0.217 (0.914)	95.00 (71.15)
[65/294]	0.270 (0.904)	90.00 (71.44)
[66/294]	0.296 (0.895)	95.00 (71.79)
[67/294]	0.405 (0.888)	90.00 (72.06)
[68/294]	0.293 (0.879)	95.00 (72.39)
[69/294]	0.502 (0.874)	80.00 (72.50)
[70/294]	0.228 (0.864)	90.00 (72.75)
[71/294]	0.388 (0.858)	85.00 (72.92)
[72/294]	0.282 (0.850)	95.00 (73.22)
[73/294]	0.527 (0.846)	85.00 (73.38)
[74/294]	0.234 (0.837)	95.00 (73.67)
[75/294]	0.433 (0.832)	85.00 (73.82)
[76/294]	0.257 (0.825)	90.00 (74.03)
[77/294]	0.248 (0.817)	90.00 (74.23)
[78/294]	0.267 (0.810)	90.00 (74.43)
[79/294]	0.380 (0.805)	80.00 (74.50)
[80/294]	0.272 (0.798)	95.00 (74.75)
[81/294]	0.284 (0.792)	95.00 (75.00)
[82/294]	0.438 (0.788)	80.00 (75.06)
[83/294]	0.166 (0.780)	100.00 (75.36)
[84/294]	0.406 (0.776)	80.00 (75.41)
[85/294]	0.362 (0.771)	85.00 (75.52)
[86/294]	0.269 (0.765)	90.00 (75.69)
[87/294]	0.272 (0.760)	95.00 (75.91)
[88/294]	0.224 (0.754)	90.00 (76.07)
[89/294]	0.108 (0.747)	100.00 (76.33)
[90/294]	0.107 (0.740)	100.00 (76.59)
[91/294]	0.302 (0.735)	85.00 (76.68)
[92/294]	0.262 (0.730)	95.00 (76.88)
[93/294]	0.315 (0.725)	90.00 (77.02)
[94/294]	0.142 (0.719)	100.00 (77.26)
[95/294]	0.480 (0.717)	80.00 (77.29)
[96/294]	0.261 (0.712)	90.00 (77.42)
[97/294]	0.339 (0.708)	85.00 (77.50)
[98/294]	0.185 (0.703)	90.00 (77.63)
[99/294]	0.256 (0.698)	95.00 (77.80)
[100/294]	0.137 (0.693)	100.00 (78.02)
[101/294]	0.211 (0.688)	95.00 (78.19)
[102/294]	0.152 (0.683)	95.00 (78.35)
[103/294]	0.108 (0.677)	100.00 (78.56)
[104/294]	0.304 (0.674)	85.00 (78.62)
[105/294]	0.269 (0.670)	90.00 (78.73)
[106/294]	0.313 (0.667)	85.00 (78.79)
[107/294]	0.219 (0.663)	95.00 (78.94)
[108/294]	0.233 (0.659)	90.00 (79.04)
[109/294]	0.290 (0.655)	90.00 (79.14)
[110/294]	0.255 (0.652)	95.00 (79.28)
[111/294]	0.117 (0.647)	100.00 (79.46)
[112/294]	0.307 (0.644)	85.00 (79.51)
[113/294]	0.363 (0.641)	85.00 (79.56)
[114/294]	0.171 (0.637)	95.00 (79.70)
[115/294]	0.185 (0.633)	100.00 (79.87)
[116/294]	0.122 (0.629)	95.00 (80.00)
[117/294]	0.204 (0.625)	95.00 (80.13)
[118/294]	0.127 (0.621)	95.00 (80.25)
[119/294]	0.145 (0.617)	100.00 (80.42)
[120/294]	0.236 (0.614)	95.00 (80.54)
[121/294]	0.295 (0.612)	85.00 (80.57)
[122/294]	0.175 (0.608)	95.00 (80.69)
[123/294]	0.154 (0.604)	100.00 (80.85)
[124/294]	0.094 (0.600)	100.00 (81.00)
[125/294]	0.212 (0.597)	95.00 (81.11)
[126/294]	0.190 (0.594)	95.00 (81.22)
[127/294]	0.230 (0.591)	95.00 (81.33)
[128/294]	0.188 (0.588)	95.00 (81.43)
[129/294]	0.099 (0.584)	95.00 (81.54)
[130/294]	0.297 (0.582)	90.00 (81.60)
[131/294]	0.113 (0.578)	95.00 (81.70)
[132/294]	0.164 (0.575)	95.00 (81.80)
[133/294]	0.233 (0.573)	95.00 (81.90)
[134/294]	0.319 (0.571)	85.00 (81.93)
[135/294]	0.181 (0.568)	90.00 (81.99)
[136/294]	0.117 (0.565)	100.00 (82.12)
[137/294]	0.342 (0.563)	90.00 (82.17)
[138/294]	0.248 (0.561)	85.00 (82.19)
[139/294]	0.160 (0.558)	95.00 (82.29)
[140/294]	0.146 (0.555)	100.00 (82.41)
[141/294]	0.131 (0.552)	95.00 (82.50)
[142/294]	0.213 (0.550)	90.00 (82.55)
[143/294]	0.138 (0.547)	100.00 (82.67)
[144/294]	0.078 (0.544)	100.00 (82.79)
[145/294]	0.150 (0.541)	100.00 (82.91)
[146/294]	0.224 (0.539)	95.00 (82.99)
[147/294]	0.248 (0.537)	85.00 (83.01)
[148/294]	0.198 (0.535)	95.00 (83.09)
[149/294]	0.302 (0.533)	85.00 (83.10)
[150/294]	0.200 (0.531)	90.00 (83.15)
[151/294]	0.134 (0.528)	100.00 (83.26)
[152/294]	0.190 (0.526)	100.00 (83.37)
[153/294]	0.189 (0.524)	85.00 (83.38)
[154/294]	0.348 (0.523)	85.00 (83.39)
[155/294]	0.296 (0.521)	95.00 (83.46)
[156/294]	0.197 (0.519)	95.00 (83.54)
[157/294]	0.070 (0.516)	100.00 (83.64)
[158/294]	0.135 (0.514)	95.00 (83.71)
[159/294]	0.215 (0.512)	85.00 (83.72)
[160/294]	0.248 (0.510)	85.00 (83.73)
[161/294]	0.135 (0.508)	95.00 (83.80)
[162/294]	0.087 (0.506)	100.00 (83.90)
[163/294]	0.191 (0.504)	90.00 (83.93)
[164/294]	0.117 (0.501)	100.00 (84.03)
[165/294]	0.215 (0.500)	95.00 (84.10)
[166/294]	0.220 (0.498)	90.00 (84.13)
[167/294]	0.184 (0.496)	95.00 (84.20)
[168/294]	0.197 (0.494)	90.00 (84.23)
[169/294]	0.205 (0.493)	90.00 (84.26)
[170/294]	0.167 (0.491)	100.00 (84.36)
[171/294]	0.164 (0.489)	95.00 (84.42)
[172/294]	0.097 (0.486)	100.00 (84.51)
[173/294]	0.249 (0.485)	90.00 (84.54)
[174/294]	0.298 (0.484)	90.00 (84.57)
[175/294]	0.093 (0.482)	100.00 (84.66)
[176/294]	0.148 (0.480)	95.00 (84.72)
[177/294]	0.268 (0.479)	95.00 (84.78)
[178/294]	0.195 (0.477)	90.00 (84.80)
[179/294]	0.187 (0.476)	95.00 (84.86)
[180/294]	0.104 (0.473)	100.00 (84.94)
[181/294]	0.158 (0.472)	100.00 (85.03)
[182/294]	0.144 (0.470)	100.00 (85.11)
[183/294]	0.198 (0.468)	95.00 (85.16)
[184/294]	0.114 (0.467)	100.00 (85.24)
[185/294]	0.059 (0.464)	100.00 (85.32)
[186/294]	0.148 (0.463)	100.00 (85.40)
[187/294]	0.225 (0.461)	95.00 (85.45)
[188/294]	0.244 (0.460)	90.00 (85.48)
[189/294]	0.166 (0.459)	100.00 (85.55)
[190/294]	0.111 (0.457)	100.00 (85.63)
[191/294]	0.238 (0.456)	90.00 (85.65)
[192/294]	0.161 (0.454)	95.00 (85.70)
[193/294]	0.204 (0.453)	95.00 (85.75)
[194/294]	0.096 (0.451)	100.00 (85.82)
[195/294]	0.163 (0.450)	95.00 (85.87)
[196/294]	0.094 (0.448)	95.00 (85.91)
[197/294]	0.075 (0.446)	100.00 (85.98)
[198/294]	0.119 (0.444)	95.00 (86.03)
[199/294]	0.119 (0.443)	95.00 (86.08)
[200/294]	0.121 (0.441)	95.00 (86.12)
[201/294]	0.285 (0.440)	95.00 (86.16)
[202/294]	0.238 (0.439)	90.00 (86.18)
[203/294]	0.115 (0.438)	100.00 (86.25)
[204/294]	0.339 (0.437)	90.00 (86.27)
[205/294]	0.185 (0.436)	95.00 (86.31)
[206/294]	0.113 (0.434)	100.00 (86.38)
[207/294]	0.060 (0.433)	100.00 (86.44)
[208/294]	0.148 (0.431)	90.00 (86.46)
[209/294]	0.229 (0.430)	90.00 (86.48)
[210/294]	0.072 (0.429)	100.00 (86.54)
[211/294]	0.149 (0.427)	95.00 (86.58)
[212/294]	0.128 (0.426)	100.00 (86.64)
[213/294]	0.221 (0.425)	95.00 (86.68)
[214/294]	0.120 (0.424)	95.00 (86.72)
[215/294]	0.197 (0.422)	90.00 (86.74)
[216/294]	0.056 (0.421)	100.00 (86.80)
[217/294]	0.280 (0.420)	85.00 (86.79)
[218/294]	0.087 (0.419)	100.00 (86.85)
[219/294]	0.114 (0.417)	95.00 (86.89)
[220/294]	0.253 (0.416)	90.00 (86.90)
[221/294]	0.181 (0.415)	90.00 (86.91)
[222/294]	0.215 (0.415)	95.00 (86.95)
[223/294]	0.135 (0.413)	100.00 (87.01)
[224/294]	0.108 (0.412)	100.00 (87.07)
[225/294]	0.402 (0.412)	80.00 (87.04)
[226/294]	0.118 (0.411)	95.00 (87.07)
[227/294]	0.180 (0.410)	95.00 (87.11)
[228/294]	0.167 (0.409)	100.00 (87.16)
[229/294]	0.238 (0.408)	95.00 (87.20)
[230/294]	0.062 (0.406)	100.00 (87.25)
[231/294]	0.168 (0.405)	95.00 (87.28)
[232/294]	0.210 (0.404)	95.00 (87.32)
[233/294]	0.112 (0.403)	95.00 (87.35)
[234/294]	0.167 (0.402)	95.00 (87.38)
[235/294]	0.073 (0.401)	100.00 (87.44)
[236/294]	0.118 (0.400)	100.00 (87.49)
[237/294]	0.163 (0.399)	90.00 (87.50)
[238/294]	0.087 (0.397)	100.00 (87.55)
[239/294]	0.287 (0.397)	85.00 (87.54)
[240/294]	0.160 (0.396)	100.00 (87.59)
[241/294]	0.057 (0.394)	100.00 (87.64)
[242/294]	0.056 (0.393)	100.00 (87.70)
[243/294]	0.124 (0.392)	95.00 (87.73)
[244/294]	0.141 (0.391)	100.00 (87.78)
[245/294]	0.069 (0.390)	100.00 (87.83)
[246/294]	0.256 (0.389)	85.00 (87.81)
[247/294]	0.056 (0.388)	100.00 (87.86)
[248/294]	0.090 (0.387)	95.00 (87.89)
[249/294]	0.138 (0.386)	95.00 (87.92)
[250/294]	0.122 (0.384)	95.00 (87.95)
[251/294]	0.234 (0.384)	90.00 (87.96)
[252/294]	0.187 (0.383)	95.00 (87.98)
[253/294]	0.102 (0.382)	95.00 (88.01)
[254/294]	0.100 (0.381)	100.00 (88.06)
[255/294]	0.141 (0.380)	95.00 (88.09)
[256/294]	0.091 (0.379)	100.00 (88.13)
[257/294]	0.098 (0.378)	100.00 (88.18)
[258/294]	0.164 (0.377)	95.00 (88.20)
[259/294]	0.317 (0.377)	85.00 (88.19)
[260/294]	0.110 (0.376)	100.00 (88.24)
[261/294]	0.159 (0.375)	95.00 (88.26)
[262/294]	0.055 (0.374)	100.00 (88.31)
[263/294]	0.051 (0.372)	100.00 (88.35)
[264/294]	0.219 (0.372)	85.00 (88.34)
[265/294]	0.066 (0.371)	100.00 (88.38)
[266/294]	0.054 (0.369)	100.00 (88.43)
[267/294]	0.106 (0.369)	100.00 (88.47)
[268/294]	0.094 (0.367)	100.00 (88.51)
[269/294]	0.085 (0.366)	100.00 (88.56)
[270/294]	0.096 (0.365)	95.00 (88.58)
[271/294]	0.127 (0.365)	95.00 (88.60)
[272/294]	0.147 (0.364)	95.00 (88.63)
[273/294]	0.184 (0.363)	90.00 (88.63)
[274/294]	0.152 (0.362)	95.00 (88.65)
[275/294]	0.091 (0.361)	100.00 (88.70)
[276/294]	0.030 (0.360)	100.00 (88.74)
[277/294]	0.311 (0.360)	90.00 (88.74)
[278/294]	0.027 (0.359)	100.00 (88.78)
[279/294]	0.061 (0.358)	100.00 (88.82)
[280/294]	0.055 (0.357)	100.00 (88.86)
[281/294]	0.103 (0.356)	100.00 (88.90)
[282/294]	0.379 (0.356)	80.00 (88.87)
[283/294]	0.047 (0.355)	100.00 (88.91)
[284/294]	0.166 (0.354)	90.00 (88.91)
[285/294]	0.182 (0.353)	95.00 (88.93)
[286/294]	0.071 (0.352)	100.00 (88.97)
[287/294]	0.044 (0.351)	100.00 (89.01)
[288/294]	0.152 (0.351)	95.00 (89.03)
[289/294]	0.142 (0.350)	90.00 (89.03)
[290/294]	0.208 (0.350)	95.00 (89.05)
[291/294]	0.185 (0.349)	95.00 (89.08)
[292/294]	0.047 (0.348)	100.00 (89.11)
[293/294]	0.140 (0.347)	95.00 (89.13)
 * Train Acc: 89.133
 * Avg. Data time: 0.007, Avg. Batch time: 0.065, Avg. Forward time: 0.004, Avg. Backward time: 0.048
Computing SI
 * Val Acc: 29.572, Time: 3.01
 * Test Acc: 31.694, Time: 5.94
=============Training Task 3=============
Active output nodes for this task: 
[0, 1, 2, 3, 4, 5, 6, 7]
=============Training Epoch 0=============
#reg terms:  1
Batch	 Loss		 Acc
[0/294]	11.300 (11.300)	0.00 (0.00)
[1/294]	10.635 (10.968)	0.00 (0.00)
[2/294]	9.718 (10.551)	0.00 (0.00)
[3/294]	9.221 (10.219)	0.00 (0.00)
[4/294]	8.493 (9.873)	0.00 (0.00)
[5/294]	7.417 (9.464)	0.00 (0.00)
[6/294]	6.285 (9.010)	0.00 (0.00)
[7/294]	6.067 (8.642)	0.00 (0.00)
[8/294]	5.016 (8.239)	0.00 (0.00)
[9/294]	4.303 (7.845)	0.00 (0.00)
[10/294]	3.915 (7.488)	0.00 (0.00)
[11/294]	3.135 (7.125)	0.00 (0.00)
[12/294]	2.642 (6.781)	0.00 (0.00)
[13/294]	2.570 (6.480)	0.00 (0.00)
[14/294]	1.998 (6.181)	20.00 (1.33)
[15/294]	1.783 (5.906)	35.00 (3.44)
[16/294]	1.723 (5.660)	10.00 (3.82)
[17/294]	1.777 (5.444)	20.00 (4.72)
[18/294]	1.243 (5.223)	55.00 (7.37)
[19/294]	1.586 (5.041)	60.00 (10.00)
[20/294]	1.237 (4.860)	45.00 (11.67)
[21/294]	1.122 (4.690)	55.00 (13.64)
[22/294]	1.326 (4.544)	40.00 (14.78)
[23/294]	1.078 (4.400)	60.00 (16.67)
[24/294]	1.120 (4.268)	65.00 (18.60)
[25/294]	0.940 (4.140)	60.00 (20.19)
[26/294]	1.195 (4.031)	25.00 (20.37)
[27/294]	0.791 (3.916)	70.00 (22.14)
[28/294]	0.859 (3.810)	70.00 (23.79)
[29/294]	0.816 (3.710)	85.00 (25.83)
[30/294]	0.854 (3.618)	75.00 (27.42)
[31/294]	0.819 (3.531)	75.00 (28.91)
[32/294]	0.736 (3.446)	80.00 (30.45)
[33/294]	0.831 (3.369)	70.00 (31.62)
[34/294]	0.894 (3.298)	55.00 (32.29)
[35/294]	0.828 (3.230)	70.00 (33.33)
[36/294]	0.693 (3.161)	75.00 (34.46)
[37/294]	0.652 (3.095)	70.00 (35.39)
[38/294]	0.593 (3.031)	85.00 (36.67)
[39/294]	0.497 (2.968)	90.00 (38.00)
[40/294]	0.583 (2.910)	90.00 (39.27)
[41/294]	0.580 (2.854)	80.00 (40.24)
[42/294]	0.780 (2.806)	70.00 (40.93)
[43/294]	0.645 (2.757)	80.00 (41.82)
[44/294]	0.617 (2.709)	70.00 (42.44)
[45/294]	0.500 (2.661)	85.00 (43.37)
[46/294]	0.439 (2.614)	90.00 (44.36)
[47/294]	0.474 (2.569)	90.00 (45.31)
[48/294]	0.606 (2.529)	75.00 (45.92)
[49/294]	0.546 (2.490)	80.00 (46.60)
[50/294]	0.304 (2.447)	95.00 (47.55)
[51/294]	0.308 (2.406)	100.00 (48.56)
[52/294]	0.583 (2.371)	80.00 (49.15)
[53/294]	0.404 (2.335)	95.00 (50.00)
[54/294]	0.419 (2.300)	90.00 (50.73)
[55/294]	0.407 (2.266)	95.00 (51.52)
[56/294]	0.444 (2.234)	90.00 (52.19)
[57/294]	0.486 (2.204)	85.00 (52.76)
[58/294]	0.455 (2.174)	85.00 (53.31)
[59/294]	0.601 (2.148)	85.00 (53.83)
[60/294]	0.574 (2.122)	80.00 (54.26)
[61/294]	0.534 (2.097)	80.00 (54.68)
[62/294]	0.394 (2.070)	85.00 (55.16)
[63/294]	0.508 (2.045)	80.00 (55.55)
[64/294]	0.625 (2.023)	70.00 (55.77)
[65/294]	0.365 (1.998)	90.00 (56.29)
[66/294]	0.499 (1.976)	75.00 (56.57)
[67/294]	0.460 (1.954)	85.00 (56.99)
[68/294]	0.399 (1.931)	90.00 (57.46)
[69/294]	0.376 (1.909)	90.00 (57.93)
[70/294]	0.377 (1.887)	90.00 (58.38)
[71/294]	0.284 (1.865)	90.00 (58.82)
[72/294]	0.462 (1.846)	80.00 (59.11)
[73/294]	0.277 (1.825)	100.00 (59.66)
[74/294]	0.363 (1.805)	95.00 (60.13)
[75/294]	0.301 (1.785)	90.00 (60.53)
[76/294]	0.333 (1.767)	95.00 (60.97)
[77/294]	0.345 (1.748)	95.00 (61.41)
[78/294]	0.354 (1.731)	90.00 (61.77)
[79/294]	0.511 (1.715)	80.00 (62.00)
[80/294]	0.322 (1.698)	95.00 (62.41)
[81/294]	0.393 (1.682)	80.00 (62.62)
[82/294]	0.310 (1.666)	90.00 (62.95)
[83/294]	0.286 (1.649)	95.00 (63.33)
[84/294]	0.273 (1.633)	90.00 (63.65)
[85/294]	0.336 (1.618)	90.00 (63.95)
[86/294]	0.394 (1.604)	80.00 (64.14)
[87/294]	0.363 (1.590)	90.00 (64.43)
[88/294]	0.262 (1.575)	95.00 (64.78)
[89/294]	0.320 (1.561)	80.00 (64.94)
[90/294]	0.250 (1.547)	95.00 (65.27)
[91/294]	0.203 (1.532)	100.00 (65.65)
[92/294]	0.338 (1.519)	90.00 (65.91)
[93/294]	0.389 (1.507)	85.00 (66.12)
[94/294]	0.266 (1.494)	90.00 (66.37)
[95/294]	0.179 (1.480)	100.00 (66.72)
[96/294]	0.465 (1.470)	85.00 (66.91)
[97/294]	0.210 (1.457)	95.00 (67.19)
[98/294]	0.256 (1.445)	90.00 (67.42)
[99/294]	0.298 (1.433)	90.00 (67.65)
[100/294]	0.270 (1.422)	95.00 (67.92)
[101/294]	0.245 (1.410)	85.00 (68.09)
[102/294]	0.276 (1.399)	95.00 (68.35)
[103/294]	0.364 (1.389)	85.00 (68.51)
[104/294]	0.335 (1.379)	85.00 (68.67)
[105/294]	0.369 (1.370)	80.00 (68.77)
[106/294]	0.281 (1.360)	95.00 (69.02)
[107/294]	0.335 (1.350)	90.00 (69.21)
[108/294]	0.350 (1.341)	95.00 (69.45)
[109/294]	0.279 (1.331)	95.00 (69.68)
[110/294]	0.444 (1.323)	80.00 (69.77)
[111/294]	0.317 (1.314)	95.00 (70.00)
[112/294]	0.283 (1.305)	95.00 (70.22)
[113/294]	0.318 (1.297)	90.00 (70.39)
[114/294]	0.309 (1.288)	90.00 (70.57)
[115/294]	0.174 (1.278)	100.00 (70.82)
[116/294]	0.261 (1.270)	90.00 (70.98)
[117/294]	0.269 (1.261)	95.00 (71.19)
[118/294]	0.278 (1.253)	90.00 (71.34)
[119/294]	0.314 (1.245)	85.00 (71.46)
[120/294]	0.167 (1.236)	100.00 (71.69)
[121/294]	0.162 (1.227)	90.00 (71.84)
[122/294]	0.256 (1.220)	85.00 (71.95)
[123/294]	0.226 (1.212)	100.00 (72.18)
[124/294]	0.159 (1.203)	100.00 (72.40)
[125/294]	0.288 (1.196)	90.00 (72.54)
[126/294]	0.209 (1.188)	100.00 (72.76)
[127/294]	0.214 (1.180)	95.00 (72.93)
[128/294]	0.146 (1.172)	100.00 (73.14)
[129/294]	0.295 (1.166)	85.00 (73.23)
[130/294]	0.142 (1.158)	100.00 (73.44)
[131/294]	0.232 (1.151)	90.00 (73.56)
[132/294]	0.231 (1.144)	95.00 (73.72)
[133/294]	0.219 (1.137)	95.00 (73.88)
[134/294]	0.201 (1.130)	100.00 (74.07)
[135/294]	0.164 (1.123)	95.00 (74.23)
[136/294]	0.143 (1.116)	100.00 (74.42)
[137/294]	0.224 (1.109)	100.00 (74.60)
[138/294]	0.235 (1.103)	95.00 (74.75)
[139/294]	0.210 (1.097)	90.00 (74.86)
[140/294]	0.263 (1.091)	90.00 (74.96)
[141/294]	0.197 (1.085)	95.00 (75.11)
[142/294]	0.364 (1.079)	80.00 (75.14)
[143/294]	0.331 (1.074)	80.00 (75.17)
[144/294]	0.259 (1.069)	90.00 (75.28)
[145/294]	0.281 (1.063)	95.00 (75.41)
[146/294]	0.360 (1.058)	90.00 (75.51)
[147/294]	0.382 (1.054)	80.00 (75.54)
[148/294]	0.263 (1.049)	85.00 (75.60)
[149/294]	0.321 (1.044)	95.00 (75.73)
[150/294]	0.228 (1.038)	100.00 (75.89)
[151/294]	0.233 (1.033)	100.00 (76.05)
[152/294]	0.220 (1.028)	95.00 (76.18)
[153/294]	0.147 (1.022)	95.00 (76.30)
[154/294]	0.276 (1.017)	95.00 (76.42)
[155/294]	0.138 (1.012)	100.00 (76.57)
[156/294]	0.220 (1.007)	95.00 (76.69)
[157/294]	0.104 (1.001)	100.00 (76.84)
[158/294]	0.223 (0.996)	90.00 (76.92)
[159/294]	0.119 (0.990)	100.00 (77.06)
[160/294]	0.291 (0.986)	85.00 (77.11)
[161/294]	0.426 (0.983)	85.00 (77.16)
[162/294]	0.140 (0.977)	100.00 (77.30)
[163/294]	0.243 (0.973)	90.00 (77.38)
[164/294]	0.100 (0.968)	100.00 (77.52)
[165/294]	0.272 (0.964)	90.00 (77.59)
[166/294]	0.320 (0.960)	85.00 (77.63)
[167/294]	0.221 (0.955)	95.00 (77.74)
[168/294]	0.200 (0.951)	95.00 (77.84)
[169/294]	0.227 (0.947)	90.00 (77.91)
[170/294]	0.139 (0.942)	100.00 (78.04)
[171/294]	0.216 (0.938)	95.00 (78.14)
[172/294]	0.115 (0.933)	100.00 (78.27)
[173/294]	0.206 (0.929)	90.00 (78.33)
[174/294]	0.153 (0.924)	100.00 (78.46)
[175/294]	0.128 (0.920)	100.00 (78.58)
[176/294]	0.138 (0.915)	95.00 (78.67)
[177/294]	0.153 (0.911)	100.00 (78.79)
[178/294]	0.152 (0.907)	100.00 (78.91)
[179/294]	0.374 (0.904)	85.00 (78.94)
[180/294]	0.122 (0.899)	100.00 (79.06)
[181/294]	0.307 (0.896)	85.00 (79.09)
[182/294]	0.217 (0.893)	95.00 (79.18)
[183/294]	0.315 (0.889)	90.00 (79.24)
[184/294]	0.317 (0.886)	85.00 (79.27)
[185/294]	0.327 (0.883)	95.00 (79.35)
[186/294]	0.288 (0.880)	85.00 (79.39)
[187/294]	0.121 (0.876)	100.00 (79.49)
[188/294]	0.163 (0.872)	95.00 (79.58)
[189/294]	0.202 (0.869)	95.00 (79.66)
[190/294]	0.121 (0.865)	100.00 (79.76)
[191/294]	0.172 (0.861)	90.00 (79.82)
[192/294]	0.153 (0.858)	95.00 (79.90)
[193/294]	0.241 (0.854)	90.00 (79.95)
[194/294]	0.213 (0.851)	90.00 (80.00)
[195/294]	0.206 (0.848)	95.00 (80.08)
[196/294]	0.281 (0.845)	90.00 (80.13)
[197/294]	0.181 (0.842)	95.00 (80.20)
[198/294]	0.235 (0.839)	95.00 (80.28)
[199/294]	0.174 (0.835)	90.00 (80.33)
[200/294]	0.206 (0.832)	95.00 (80.40)
[201/294]	0.075 (0.828)	100.00 (80.50)
[202/294]	0.132 (0.825)	100.00 (80.59)
[203/294]	0.197 (0.822)	90.00 (80.64)
[204/294]	0.190 (0.819)	95.00 (80.71)
[205/294]	0.360 (0.816)	95.00 (80.78)
[206/294]	0.218 (0.814)	95.00 (80.85)
[207/294]	0.187 (0.811)	95.00 (80.91)
[208/294]	0.100 (0.807)	100.00 (81.00)
[209/294]	0.171 (0.804)	95.00 (81.07)
[210/294]	0.133 (0.801)	95.00 (81.14)
[211/294]	0.174 (0.798)	95.00 (81.20)
[212/294]	0.156 (0.795)	100.00 (81.29)
[213/294]	0.208 (0.792)	95.00 (81.36)
[214/294]	0.125 (0.789)	100.00 (81.44)
[215/294]	0.185 (0.786)	90.00 (81.48)
[216/294]	0.232 (0.784)	95.00 (81.54)
[217/294]	0.246 (0.781)	90.00 (81.58)
[218/294]	0.189 (0.779)	95.00 (81.64)
[219/294]	0.096 (0.776)	100.00 (81.73)
[220/294]	0.224 (0.773)	95.00 (81.79)
[221/294]	0.210 (0.771)	95.00 (81.85)
[222/294]	0.229 (0.768)	95.00 (81.91)
[223/294]	0.121 (0.765)	95.00 (81.96)
[224/294]	0.080 (0.762)	100.00 (82.04)
[225/294]	0.129 (0.759)	100.00 (82.12)
[226/294]	0.146 (0.757)	95.00 (82.18)
[227/294]	0.169 (0.754)	100.00 (82.26)
[228/294]	0.079 (0.751)	100.00 (82.34)
[229/294]	0.114 (0.748)	100.00 (82.41)
[230/294]	0.146 (0.746)	100.00 (82.49)
[231/294]	0.162 (0.743)	95.00 (82.54)
[232/294]	0.187 (0.741)	95.00 (82.60)
[233/294]	0.122 (0.738)	100.00 (82.67)
[234/294]	0.225 (0.736)	90.00 (82.70)
[235/294]	0.094 (0.733)	100.00 (82.78)
[236/294]	0.156 (0.731)	95.00 (82.83)
[237/294]	0.253 (0.729)	95.00 (82.88)
[238/294]	0.119 (0.726)	95.00 (82.93)
[239/294]	0.137 (0.724)	95.00 (82.98)
[240/294]	0.240 (0.722)	90.00 (83.01)
[241/294]	0.183 (0.720)	95.00 (83.06)
[242/294]	0.189 (0.717)	90.00 (83.09)
[243/294]	0.091 (0.715)	100.00 (83.16)
[244/294]	0.248 (0.713)	90.00 (83.18)
[245/294]	0.181 (0.711)	95.00 (83.23)
[246/294]	0.212 (0.709)	100.00 (83.30)
[247/294]	0.098 (0.706)	100.00 (83.37)
[248/294]	0.159 (0.704)	100.00 (83.43)
[249/294]	0.183 (0.702)	95.00 (83.48)
[250/294]	0.223 (0.700)	90.00 (83.51)
[251/294]	0.206 (0.698)	95.00 (83.55)
[252/294]	0.120 (0.696)	100.00 (83.62)
[253/294]	0.180 (0.694)	95.00 (83.66)
[254/294]	0.209 (0.692)	95.00 (83.71)
[255/294]	0.145 (0.690)	95.00 (83.75)
[256/294]	0.120 (0.688)	100.00 (83.81)
[257/294]	0.082 (0.685)	100.00 (83.88)
[258/294]	0.132 (0.683)	100.00 (83.94)
[259/294]	0.143 (0.681)	95.00 (83.98)
[260/294]	0.085 (0.679)	100.00 (84.04)
[261/294]	0.204 (0.677)	90.00 (84.06)
[262/294]	0.127 (0.675)	100.00 (84.13)
[263/294]	0.099 (0.673)	100.00 (84.19)
[264/294]	0.273 (0.671)	90.00 (84.21)
[265/294]	0.262 (0.670)	90.00 (84.23)
[266/294]	0.079 (0.667)	100.00 (84.29)
[267/294]	0.092 (0.665)	100.00 (84.35)
[268/294]	0.113 (0.663)	95.00 (84.39)
[269/294]	0.118 (0.661)	100.00 (84.44)
[270/294]	0.086 (0.659)	100.00 (84.50)
[271/294]	0.170 (0.657)	90.00 (84.52)
[272/294]	0.179 (0.656)	95.00 (84.56)
[273/294]	0.089 (0.653)	100.00 (84.62)
[274/294]	0.111 (0.651)	95.00 (84.65)
[275/294]	0.100 (0.649)	100.00 (84.71)
[276/294]	0.224 (0.648)	85.00 (84.71)
[277/294]	0.246 (0.646)	95.00 (84.75)
[278/294]	0.159 (0.645)	95.00 (84.78)
[279/294]	0.151 (0.643)	95.00 (84.82)
[280/294]	0.272 (0.642)	90.00 (84.84)
[281/294]	0.160 (0.640)	90.00 (84.86)
[282/294]	0.082 (0.638)	100.00 (84.91)
[283/294]	0.115 (0.636)	100.00 (84.96)
[284/294]	0.108 (0.634)	100.00 (85.02)
[285/294]	0.093 (0.632)	100.00 (85.07)
[286/294]	0.123 (0.631)	100.00 (85.12)
[287/294]	0.080 (0.629)	100.00 (85.17)
[288/294]	0.113 (0.627)	95.00 (85.21)
[289/294]	0.211 (0.625)	90.00 (85.22)
[290/294]	0.197 (0.624)	95.00 (85.26)
[291/294]	0.208 (0.623)	90.00 (85.27)
[292/294]	0.130 (0.621)	95.00 (85.31)
[293/294]	0.401 (0.620)	90.00 (85.32)
 * Train Acc: 85.323
 * Avg. Data time: 0.006, Avg. Batch time: 0.065, Avg. Forward time: 0.004, Avg. Backward time: 0.048
Computing SI
 * Val Acc: 24.766, Time: 5.62
 * Test Acc: 24.399, Time: 10.69
=============Training Task 4=============
Active output nodes for this task: 
[0, 1, 2, 3, 4, 5, 6, 7, 8, 9]
=============Training Epoch 0=============
#reg terms:  1
Batch	 Loss		 Acc
[0/294]	9.145 (9.145)	0.00 (0.00)
[1/294]	7.966 (8.556)	0.00 (0.00)
[2/294]	7.316 (8.142)	0.00 (0.00)
[3/294]	7.598 (8.006)	0.00 (0.00)
[4/294]	7.446 (7.894)	0.00 (0.00)
[5/294]	6.426 (7.650)	0.00 (0.00)
[6/294]	5.909 (7.401)	0.00 (0.00)
[7/294]	5.213 (7.127)	0.00 (0.00)
[8/294]	4.407 (6.825)	0.00 (0.00)
[9/294]	4.017 (6.544)	0.00 (0.00)
[10/294]	3.776 (6.293)	0.00 (0.00)
[11/294]	3.325 (6.045)	0.00 (0.00)
[12/294]	2.509 (5.773)	0.00 (0.00)
[13/294]	2.860 (5.565)	5.00 (0.36)
[14/294]	2.100 (5.334)	15.00 (1.33)
[15/294]	1.779 (5.112)	25.00 (2.81)
[16/294]	2.113 (4.936)	20.00 (3.82)
[17/294]	2.010 (4.773)	30.00 (5.28)
[18/294]	1.645 (4.608)	35.00 (6.84)
[19/294]	1.812 (4.469)	45.00 (8.75)
[20/294]	1.656 (4.335)	35.00 (10.00)
[21/294]	1.533 (4.207)	45.00 (11.59)
[22/294]	1.582 (4.093)	35.00 (12.61)
[23/294]	1.104 (3.969)	55.00 (14.38)
[24/294]	1.052 (3.852)	65.00 (16.40)
[25/294]	0.905 (3.739)	60.00 (18.08)
[26/294]	1.164 (3.643)	45.00 (19.07)
[27/294]	1.139 (3.554)	55.00 (20.36)
[28/294]	1.133 (3.470)	45.00 (21.21)
[29/294]	0.892 (3.384)	70.00 (22.83)
[30/294]	0.878 (3.304)	60.00 (24.03)
[31/294]	0.882 (3.228)	65.00 (25.31)
[32/294]	0.893 (3.157)	60.00 (26.36)
[33/294]	0.921 (3.091)	55.00 (27.21)
[34/294]	0.740 (3.024)	80.00 (28.71)
[35/294]	0.815 (2.963)	65.00 (29.72)
[36/294]	0.739 (2.903)	80.00 (31.08)
[37/294]	0.672 (2.844)	80.00 (32.37)
[38/294]	0.644 (2.788)	75.00 (33.46)
[39/294]	0.827 (2.739)	55.00 (34.00)
[40/294]	0.619 (2.687)	80.00 (35.12)
[41/294]	0.629 (2.638)	70.00 (35.95)
[42/294]	0.588 (2.590)	85.00 (37.09)
[43/294]	0.642 (2.546)	80.00 (38.07)
[44/294]	0.652 (2.504)	75.00 (38.89)
[45/294]	0.556 (2.462)	75.00 (39.67)
[46/294]	0.532 (2.421)	90.00 (40.74)
[47/294]	0.600 (2.383)	80.00 (41.56)
[48/294]	0.548 (2.345)	85.00 (42.45)
[49/294]	0.578 (2.310)	75.00 (43.10)
[50/294]	0.473 (2.274)	85.00 (43.92)
[51/294]	0.505 (2.240)	85.00 (44.71)
[52/294]	0.658 (2.210)	65.00 (45.09)
[53/294]	0.466 (2.178)	80.00 (45.74)
[54/294]	0.508 (2.147)	80.00 (46.36)
[55/294]	0.656 (2.121)	65.00 (46.70)
[56/294]	0.465 (2.092)	90.00 (47.46)
[57/294]	0.435 (2.063)	85.00 (48.10)
[58/294]	0.375 (2.034)	95.00 (48.90)
[59/294]	0.407 (2.007)	85.00 (49.50)
[60/294]	0.494 (1.982)	85.00 (50.08)
[61/294]	0.480 (1.958)	80.00 (50.56)
[62/294]	0.399 (1.933)	85.00 (51.11)
[63/294]	0.487 (1.911)	80.00 (51.56)
[64/294]	0.341 (1.887)	95.00 (52.23)
[65/294]	0.492 (1.866)	75.00 (52.58)
[66/294]	0.455 (1.845)	90.00 (53.13)
[67/294]	0.398 (1.823)	95.00 (53.75)
[68/294]	0.547 (1.805)	70.00 (53.99)
[69/294]	0.390 (1.785)	90.00 (54.50)
[70/294]	0.421 (1.765)	95.00 (55.07)
[71/294]	0.430 (1.747)	80.00 (55.42)
[72/294]	0.454 (1.729)	75.00 (55.68)
[73/294]	0.435 (1.712)	85.00 (56.08)
[74/294]	0.348 (1.693)	85.00 (56.47)
[75/294]	0.221 (1.674)	100.00 (57.04)
[76/294]	0.374 (1.657)	85.00 (57.40)
[77/294]	0.358 (1.641)	95.00 (57.88)
[78/294]	0.358 (1.624)	90.00 (58.29)
[79/294]	0.547 (1.611)	75.00 (58.50)
[80/294]	0.361 (1.595)	85.00 (58.83)
[81/294]	0.358 (1.580)	90.00 (59.21)
[82/294]	0.340 (1.565)	95.00 (59.64)
[83/294]	0.333 (1.551)	90.00 (60.00)
[84/294]	0.396 (1.537)	95.00 (60.41)
[85/294]	0.328 (1.523)	90.00 (60.76)
[86/294]	0.330 (1.509)	90.00 (61.09)
[87/294]	0.345 (1.496)	80.00 (61.31)
[88/294]	0.310 (1.483)	100.00 (61.74)
[89/294]	0.467 (1.471)	90.00 (62.06)
[90/294]	0.299 (1.459)	85.00 (62.31)
[91/294]	0.299 (1.446)	100.00 (62.72)
[92/294]	0.323 (1.434)	95.00 (63.06)
[93/294]	0.354 (1.422)	90.00 (63.35)
[94/294]	0.345 (1.411)	90.00 (63.63)
[95/294]	0.206 (1.399)	100.00 (64.01)
[96/294]	0.375 (1.388)	85.00 (64.23)
[97/294]	0.355 (1.377)	95.00 (64.54)
[98/294]	0.187 (1.365)	100.00 (64.90)
[99/294]	0.360 (1.355)	90.00 (65.15)
[100/294]	0.326 (1.345)	95.00 (65.45)
[101/294]	0.319 (1.335)	90.00 (65.69)
[102/294]	0.230 (1.324)	100.00 (66.02)
[103/294]	0.249 (1.314)	95.00 (66.30)
[104/294]	0.157 (1.303)	100.00 (66.62)
[105/294]	0.258 (1.293)	100.00 (66.93)
[106/294]	0.213 (1.283)	100.00 (67.24)
[107/294]	0.251 (1.274)	95.00 (67.50)
[108/294]	0.296 (1.265)	90.00 (67.71)
[109/294]	0.166 (1.255)	100.00 (68.00)
[110/294]	0.303 (1.246)	95.00 (68.24)
[111/294]	0.341 (1.238)	85.00 (68.39)
[112/294]	0.284 (1.229)	95.00 (68.63)
[113/294]	0.290 (1.221)	95.00 (68.86)
[114/294]	0.359 (1.214)	85.00 (69.00)
[115/294]	0.264 (1.206)	95.00 (69.22)
[116/294]	0.303 (1.198)	90.00 (69.40)
[117/294]	0.251 (1.190)	95.00 (69.62)
[118/294]	0.215 (1.182)	95.00 (69.83)
[119/294]	0.273 (1.174)	95.00 (70.04)
[120/294]	0.283 (1.167)	95.00 (70.25)
[121/294]	0.228 (1.159)	100.00 (70.49)
[122/294]	0.325 (1.152)	90.00 (70.65)
[123/294]	0.253 (1.145)	95.00 (70.85)
[124/294]	0.205 (1.137)	100.00 (71.08)
[125/294]	0.248 (1.130)	95.00 (71.27)
[126/294]	0.317 (1.124)	95.00 (71.46)
[127/294]	0.223 (1.117)	100.00 (71.68)
[128/294]	0.190 (1.110)	95.00 (71.86)
[129/294]	0.229 (1.103)	100.00 (72.08)
[130/294]	0.258 (1.097)	95.00 (72.25)
[131/294]	0.192 (1.090)	100.00 (72.46)
[132/294]	0.305 (1.084)	85.00 (72.56)
[133/294]	0.210 (1.077)	100.00 (72.76)
[134/294]	0.246 (1.071)	90.00 (72.89)
[135/294]	0.291 (1.065)	85.00 (72.98)
[136/294]	0.188 (1.059)	95.00 (73.14)
[137/294]	0.306 (1.054)	90.00 (73.26)
[138/294]	0.288 (1.048)	85.00 (73.35)
[139/294]	0.188 (1.042)	95.00 (73.50)
[140/294]	0.272 (1.036)	90.00 (73.62)
[141/294]	0.163 (1.030)	90.00 (73.73)
[142/294]	0.247 (1.025)	90.00 (73.85)
[143/294]	0.177 (1.019)	100.00 (74.03)
[144/294]	0.119 (1.013)	95.00 (74.17)
[145/294]	0.232 (1.007)	95.00 (74.32)
[146/294]	0.219 (1.002)	95.00 (74.46)
[147/294]	0.261 (0.997)	95.00 (74.59)
[148/294]	0.204 (0.992)	100.00 (74.77)
[149/294]	0.171 (0.986)	100.00 (74.93)
[150/294]	0.252 (0.981)	90.00 (75.03)
[151/294]	0.099 (0.976)	100.00 (75.20)
[152/294]	0.215 (0.971)	95.00 (75.33)
[153/294]	0.246 (0.966)	100.00 (75.49)
[154/294]	0.188 (0.961)	95.00 (75.61)
[155/294]	0.120 (0.955)	100.00 (75.77)
[156/294]	0.179 (0.950)	95.00 (75.89)
[157/294]	0.179 (0.946)	100.00 (76.04)
[158/294]	0.123 (0.940)	100.00 (76.19)
[159/294]	0.216 (0.936)	95.00 (76.31)
[160/294]	0.134 (0.931)	100.00 (76.46)
[161/294]	0.117 (0.926)	100.00 (76.60)
[162/294]	0.253 (0.922)	95.00 (76.72)
[163/294]	0.167 (0.917)	95.00 (76.83)
[164/294]	0.156 (0.913)	100.00 (76.97)
[165/294]	0.270 (0.909)	85.00 (77.02)
[166/294]	0.199 (0.904)	95.00 (77.13)
[167/294]	0.256 (0.901)	90.00 (77.20)
[168/294]	0.160 (0.896)	95.00 (77.31)
[169/294]	0.259 (0.892)	90.00 (77.38)
[170/294]	0.232 (0.889)	90.00 (77.46)
[171/294]	0.131 (0.884)	100.00 (77.59)
[172/294]	0.115 (0.880)	100.00 (77.72)
[173/294]	0.139 (0.875)	100.00 (77.84)
[174/294]	0.275 (0.872)	90.00 (77.91)
[175/294]	0.202 (0.868)	95.00 (78.01)
[176/294]	0.195 (0.864)	95.00 (78.11)
[177/294]	0.200 (0.861)	95.00 (78.20)
[178/294]	0.176 (0.857)	100.00 (78.32)
[179/294]	0.184 (0.853)	100.00 (78.44)
[180/294]	0.124 (0.849)	100.00 (78.56)
[181/294]	0.096 (0.845)	100.00 (78.68)
[182/294]	0.235 (0.842)	100.00 (78.80)
[183/294]	0.254 (0.838)	90.00 (78.86)
[184/294]	0.160 (0.835)	100.00 (78.97)
[185/294]	0.165 (0.831)	100.00 (79.09)
[186/294]	0.294 (0.828)	90.00 (79.14)
[187/294]	0.137 (0.825)	100.00 (79.26)
[188/294]	0.104 (0.821)	100.00 (79.37)
[189/294]	0.250 (0.818)	90.00 (79.42)
[190/294]	0.179 (0.814)	95.00 (79.50)
[191/294]	0.283 (0.812)	90.00 (79.56)
[192/294]	0.104 (0.808)	100.00 (79.66)
[193/294]	0.318 (0.806)	85.00 (79.69)
[194/294]	0.155 (0.802)	95.00 (79.77)
[195/294]	0.155 (0.799)	95.00 (79.85)
[196/294]	0.094 (0.795)	100.00 (79.95)
[197/294]	0.168 (0.792)	95.00 (80.03)
[198/294]	0.225 (0.789)	95.00 (80.10)
[199/294]	0.147 (0.786)	100.00 (80.20)
[200/294]	0.149 (0.783)	95.00 (80.27)
[201/294]	0.136 (0.780)	100.00 (80.37)
[202/294]	0.141 (0.777)	100.00 (80.47)
[203/294]	0.144 (0.773)	90.00 (80.51)
[204/294]	0.202 (0.771)	90.00 (80.56)
[205/294]	0.082 (0.767)	100.00 (80.66)
[206/294]	0.502 (0.766)	75.00 (80.63)
[207/294]	0.136 (0.763)	95.00 (80.70)
[208/294]	0.139 (0.760)	100.00 (80.79)
[209/294]	0.108 (0.757)	100.00 (80.88)
[210/294]	0.229 (0.754)	85.00 (80.90)
[211/294]	0.241 (0.752)	95.00 (80.97)
[212/294]	0.190 (0.749)	90.00 (81.01)
[213/294]	0.166 (0.747)	100.00 (81.10)
[214/294]	0.112 (0.744)	100.00 (81.19)
[215/294]	0.139 (0.741)	95.00 (81.25)
[216/294]	0.168 (0.738)	95.00 (81.31)
[217/294]	0.143 (0.735)	100.00 (81.40)
[218/294]	0.134 (0.733)	100.00 (81.48)
[219/294]	0.270 (0.731)	85.00 (81.50)
[220/294]	0.160 (0.728)	100.00 (81.58)
[221/294]	0.311 (0.726)	90.00 (81.62)
[222/294]	0.103 (0.723)	100.00 (81.70)
[223/294]	0.140 (0.721)	100.00 (81.79)
[224/294]	0.173 (0.718)	95.00 (81.84)
[225/294]	0.141 (0.716)	100.00 (81.92)
[226/294]	0.141 (0.713)	95.00 (81.98)
[227/294]	0.063 (0.710)	100.00 (82.06)
[228/294]	0.179 (0.708)	85.00 (82.07)
[229/294]	0.146 (0.706)	95.00 (82.13)
[230/294]	0.048 (0.703)	100.00 (82.21)
[231/294]	0.091 (0.700)	100.00 (82.28)
[232/294]	0.121 (0.698)	100.00 (82.36)
[233/294]	0.242 (0.696)	90.00 (82.39)
[234/294]	0.212 (0.694)	90.00 (82.43)
[235/294]	0.142 (0.691)	100.00 (82.50)
[236/294]	0.132 (0.689)	100.00 (82.57)
[237/294]	0.091 (0.686)	100.00 (82.65)
[238/294]	0.141 (0.684)	95.00 (82.70)
[239/294]	0.244 (0.682)	90.00 (82.73)
[240/294]	0.201 (0.680)	95.00 (82.78)
[241/294]	0.137 (0.678)	95.00 (82.83)
[242/294]	0.084 (0.676)	100.00 (82.90)
[243/294]	0.103 (0.673)	100.00 (82.97)
[244/294]	0.132 (0.671)	100.00 (83.04)
[245/294]	0.125 (0.669)	100.00 (83.11)
[246/294]	0.221 (0.667)	95.00 (83.16)
[247/294]	0.161 (0.665)	100.00 (83.23)
[248/294]	0.126 (0.663)	100.00 (83.29)
[249/294]	0.130 (0.661)	100.00 (83.36)
[250/294]	0.128 (0.659)	100.00 (83.43)
[251/294]	0.193 (0.657)	95.00 (83.47)
[252/294]	0.119 (0.655)	100.00 (83.54)
[253/294]	0.169 (0.653)	95.00 (83.58)
[254/294]	0.132 (0.651)	100.00 (83.65)
[255/294]	0.165 (0.649)	90.00 (83.67)
[256/294]	0.204 (0.647)	95.00 (83.72)
[257/294]	0.161 (0.645)	100.00 (83.78)
[258/294]	0.189 (0.643)	95.00 (83.82)
[259/294]	0.177 (0.642)	90.00 (83.85)
[260/294]	0.129 (0.640)	100.00 (83.91)
[261/294]	0.213 (0.638)	90.00 (83.93)
[262/294]	0.170 (0.636)	95.00 (83.97)
[263/294]	0.066 (0.634)	100.00 (84.03)
[264/294]	0.079 (0.632)	100.00 (84.09)
[265/294]	0.077 (0.630)	100.00 (84.15)
[266/294]	0.074 (0.628)	100.00 (84.21)
[267/294]	0.118 (0.626)	100.00 (84.27)
[268/294]	0.107 (0.624)	95.00 (84.31)
[269/294]	0.113 (0.622)	100.00 (84.37)
[270/294]	0.184 (0.620)	95.00 (84.41)
[271/294]	0.085 (0.619)	100.00 (84.47)
[272/294]	0.105 (0.617)	100.00 (84.52)
[273/294]	0.164 (0.615)	100.00 (84.58)
[274/294]	0.180 (0.613)	95.00 (84.62)
[275/294]	0.229 (0.612)	90.00 (84.64)
[276/294]	0.103 (0.610)	100.00 (84.69)
[277/294]	0.102 (0.608)	100.00 (84.75)
[278/294]	0.094 (0.606)	100.00 (84.80)
[279/294]	0.124 (0.605)	100.00 (84.86)
[280/294]	0.178 (0.603)	90.00 (84.88)
[281/294]	0.159 (0.602)	90.00 (84.89)
[282/294]	0.147 (0.600)	100.00 (84.95)
[283/294]	0.077 (0.598)	100.00 (85.00)
[284/294]	0.097 (0.596)	100.00 (85.05)
[285/294]	0.196 (0.595)	90.00 (85.07)
[286/294]	0.190 (0.594)	90.00 (85.09)
[287/294]	0.086 (0.592)	100.00 (85.14)
[288/294]	0.117 (0.590)	100.00 (85.19)
[289/294]	0.112 (0.589)	95.00 (85.22)
[290/294]	0.176 (0.587)	95.00 (85.26)
[291/294]	0.063 (0.585)	100.00 (85.31)
[292/294]	0.182 (0.584)	100.00 (85.36)
[293/294]	0.141 (0.582)	95.00 (85.39)
 * Train Acc: 85.391
 * Avg. Data time: 0.007, Avg. Batch time: 0.067, Avg. Forward time: 0.004, Avg. Backward time: 0.051
Computing SI
 * Val Acc: 18.937, Time: 4.69
 * Test Acc: 19.845, Time: 10.64
=============Training Task 5=============
Active output nodes for this task: 
[0, 1, 2, 3, 4, 5, 6, 7, 8, 9, 10, 11]
=============Training Epoch 0=============
#reg terms:  1
Batch	 Loss		 Acc
