=============Stream Learning Run 0=============
Changing output layer to contain 12 classes
============BEGINNING STREAM LEARNING============
=============Training Task 0=============
Active output nodes for this task: 
[0, 1]
=============Training Epoch 0=============
#reg terms:  0
Batch	 Loss		 Acc
[0/294]	1.884 (1.884)	45.00 (45.00)
[1/294]	1.394 (1.639)	45.00 (45.00)
[2/294]	1.361 (1.546)	50.00 (46.67)
[3/294]	1.244 (1.471)	50.00 (47.50)
[4/294]	1.046 (1.386)	35.00 (45.00)
[5/294]	0.910 (1.307)	50.00 (45.83)
[6/294]	0.658 (1.214)	55.00 (47.14)
[7/294]	0.796 (1.162)	55.00 (48.12)
[8/294]	0.580 (1.097)	70.00 (50.56)
[9/294]	0.576 (1.045)	75.00 (53.00)
[10/294]	0.861 (1.028)	40.00 (51.82)
[11/294]	0.905 (1.018)	20.00 (49.17)
[12/294]	0.717 (0.995)	60.00 (50.00)
[13/294]	0.718 (0.975)	65.00 (51.07)
[14/294]	1.199 (0.990)	30.00 (49.67)
[15/294]	1.080 (0.995)	30.00 (48.44)
[16/294]	0.879 (0.989)	30.00 (47.35)
[17/294]	0.786 (0.977)	50.00 (47.50)
[18/294]	0.787 (0.967)	55.00 (47.89)
[19/294]	0.865 (0.962)	45.00 (47.75)
[20/294]	0.771 (0.953)	35.00 (47.14)
[21/294]	0.920 (0.952)	60.00 (47.73)
[22/294]	0.890 (0.949)	40.00 (47.39)
[23/294]	0.757 (0.941)	40.00 (47.08)
[24/294]	0.657 (0.930)	75.00 (48.20)
[25/294]	0.663 (0.919)	65.00 (48.85)
[26/294]	0.758 (0.913)	45.00 (48.70)
[27/294]	0.952 (0.915)	45.00 (48.57)
[28/294]	0.615 (0.904)	60.00 (48.97)
[29/294]	0.502 (0.891)	80.00 (50.00)
[30/294]	0.509 (0.879)	85.00 (51.13)
[31/294]	0.973 (0.882)	10.00 (49.84)
[32/294]	0.768 (0.878)	60.00 (50.15)
[33/294]	0.601 (0.870)	80.00 (51.03)
[34/294]	0.658 (0.864)	65.00 (51.43)
[35/294]	0.501 (0.854)	75.00 (52.08)
[36/294]	0.671 (0.849)	55.00 (52.16)
[37/294]	0.812 (0.848)	35.00 (51.71)
[38/294]	0.559 (0.841)	70.00 (52.18)
[39/294]	0.635 (0.835)	60.00 (52.38)
[40/294]	0.746 (0.833)	40.00 (52.07)
[41/294]	0.706 (0.830)	60.00 (52.26)
[42/294]	0.632 (0.826)	65.00 (52.56)
[43/294]	0.660 (0.822)	50.00 (52.50)
[44/294]	0.957 (0.825)	50.00 (52.44)
[45/294]	0.507 (0.818)	80.00 (53.04)
[46/294]	0.699 (0.815)	55.00 (53.09)
[47/294]	0.892 (0.817)	40.00 (52.81)
[48/294]	0.790 (0.816)	55.00 (52.86)
[49/294]	0.613 (0.812)	65.00 (53.10)
[50/294]	0.659 (0.809)	55.00 (53.14)
[51/294]	0.588 (0.805)	75.00 (53.56)
[52/294]	0.560 (0.800)	85.00 (54.15)
[53/294]	0.514 (0.795)	85.00 (54.72)
[54/294]	0.450 (0.789)	85.00 (55.27)
[55/294]	0.770 (0.789)	50.00 (55.18)
[56/294]	0.489 (0.783)	80.00 (55.61)
[57/294]	0.464 (0.778)	80.00 (56.03)
[58/294]	0.688 (0.776)	65.00 (56.19)
[59/294]	0.505 (0.772)	60.00 (56.25)
[60/294]	0.600 (0.769)	65.00 (56.39)
[61/294]	0.781 (0.769)	50.00 (56.29)
[62/294]	0.794 (0.770)	50.00 (56.19)
[63/294]	0.609 (0.767)	55.00 (56.17)
[64/294]	0.647 (0.765)	50.00 (56.08)
[65/294]	0.687 (0.764)	60.00 (56.14)
[66/294]	0.468 (0.760)	80.00 (56.49)
[67/294]	0.605 (0.757)	65.00 (56.62)
[68/294]	0.635 (0.756)	60.00 (56.67)
[69/294]	0.720 (0.755)	40.00 (56.43)
[70/294]	0.599 (0.753)	85.00 (56.83)
[71/294]	0.435 (0.748)	90.00 (57.29)
[72/294]	0.446 (0.744)	90.00 (57.74)
[73/294]	0.432 (0.740)	100.00 (58.31)
[74/294]	0.427 (0.736)	90.00 (58.73)
[75/294]	0.500 (0.733)	80.00 (59.01)
[76/294]	0.608 (0.731)	65.00 (59.09)
[77/294]	0.444 (0.727)	90.00 (59.49)
[78/294]	0.427 (0.724)	85.00 (59.81)
[79/294]	0.430 (0.720)	85.00 (60.12)
[80/294]	0.612 (0.719)	75.00 (60.31)
[81/294]	0.472 (0.716)	85.00 (60.61)
[82/294]	0.494 (0.713)	80.00 (60.84)
[83/294]	0.522 (0.711)	70.00 (60.95)
[84/294]	0.602 (0.709)	60.00 (60.94)
[85/294]	0.486 (0.707)	85.00 (61.22)
[86/294]	0.390 (0.703)	95.00 (61.61)
[87/294]	0.542 (0.701)	75.00 (61.76)
[88/294]	0.344 (0.697)	95.00 (62.13)
[89/294]	0.316 (0.693)	95.00 (62.50)
[90/294]	0.268 (0.688)	95.00 (62.86)
[91/294]	0.558 (0.687)	85.00 (63.10)
[92/294]	0.519 (0.685)	85.00 (63.33)
[93/294]	0.615 (0.684)	70.00 (63.40)
[94/294]	0.629 (0.684)	60.00 (63.37)
[95/294]	0.353 (0.680)	90.00 (63.65)
[96/294]	0.454 (0.678)	85.00 (63.87)
[97/294]	0.402 (0.675)	90.00 (64.13)
[98/294]	0.342 (0.672)	100.00 (64.49)
[99/294]	0.501 (0.670)	70.00 (64.55)
[100/294]	0.673 (0.670)	55.00 (64.46)
[101/294]	0.465 (0.668)	60.00 (64.41)
[102/294]	0.582 (0.667)	60.00 (64.37)
[103/294]	0.560 (0.666)	80.00 (64.52)
[104/294]	0.584 (0.666)	75.00 (64.62)
[105/294]	0.191 (0.661)	100.00 (64.95)
[106/294]	0.196 (0.657)	100.00 (65.28)
[107/294]	0.334 (0.654)	95.00 (65.56)
[108/294]	0.342 (0.651)	95.00 (65.83)
[109/294]	0.554 (0.650)	65.00 (65.82)
[110/294]	0.744 (0.651)	50.00 (65.68)
[111/294]	0.831 (0.652)	50.00 (65.54)
[112/294]	0.462 (0.651)	85.00 (65.71)
[113/294]	0.598 (0.650)	75.00 (65.79)
[114/294]	0.574 (0.650)	65.00 (65.78)
[115/294]	0.369 (0.647)	100.00 (66.08)
[116/294]	0.622 (0.647)	65.00 (66.07)
[117/294]	0.571 (0.646)	75.00 (66.14)
[118/294]	0.414 (0.644)	85.00 (66.30)
[119/294]	0.571 (0.644)	75.00 (66.38)
[120/294]	0.388 (0.642)	75.00 (66.45)
[121/294]	0.248 (0.638)	100.00 (66.72)
[122/294]	0.435 (0.637)	90.00 (66.91)
[123/294]	0.640 (0.637)	60.00 (66.85)
[124/294]	0.697 (0.637)	35.00 (66.60)
[125/294]	0.359 (0.635)	90.00 (66.79)
[126/294]	0.600 (0.635)	75.00 (66.85)
[127/294]	0.388 (0.633)	85.00 (66.99)
[128/294]	0.349 (0.631)	95.00 (67.21)
[129/294]	0.411 (0.629)	95.00 (67.42)
[130/294]	0.296 (0.626)	100.00 (67.67)
[131/294]	0.273 (0.624)	95.00 (67.88)
[132/294]	0.461 (0.623)	80.00 (67.97)
[133/294]	0.307 (0.620)	100.00 (68.21)
[134/294]	0.359 (0.618)	95.00 (68.41)
[135/294]	0.400 (0.617)	80.00 (68.49)
[136/294]	0.237 (0.614)	100.00 (68.72)
[137/294]	0.240 (0.611)	100.00 (68.95)
[138/294]	0.330 (0.609)	95.00 (69.14)
[139/294]	0.241 (0.607)	100.00 (69.36)
[140/294]	0.304 (0.604)	95.00 (69.54)
[141/294]	0.336 (0.602)	95.00 (69.72)
[142/294]	0.326 (0.601)	90.00 (69.86)
[143/294]	0.236 (0.598)	95.00 (70.03)
[144/294]	0.489 (0.597)	90.00 (70.17)
[145/294]	0.560 (0.597)	80.00 (70.24)
[146/294]	0.489 (0.596)	75.00 (70.27)
[147/294]	0.427 (0.595)	80.00 (70.34)
[148/294]	0.439 (0.594)	85.00 (70.44)
[149/294]	0.219 (0.592)	95.00 (70.60)
[150/294]	0.229 (0.589)	100.00 (70.79)
[151/294]	0.378 (0.588)	85.00 (70.89)
[152/294]	0.380 (0.586)	95.00 (71.05)
[153/294]	0.319 (0.585)	85.00 (71.14)
[154/294]	0.762 (0.586)	40.00 (70.94)
[155/294]	0.395 (0.585)	85.00 (71.03)
[156/294]	0.319 (0.583)	90.00 (71.15)
[157/294]	0.534 (0.583)	65.00 (71.11)
[158/294]	0.424 (0.582)	90.00 (71.23)
[159/294]	0.491 (0.581)	80.00 (71.28)
[160/294]	0.478 (0.580)	75.00 (71.30)
[161/294]	0.334 (0.579)	75.00 (71.33)
[162/294]	0.312 (0.577)	95.00 (71.47)
[163/294]	0.342 (0.576)	95.00 (71.62)
[164/294]	0.300 (0.574)	85.00 (71.70)
[165/294]	0.382 (0.573)	80.00 (71.75)
[166/294]	0.356 (0.572)	95.00 (71.89)
[167/294]	0.430 (0.571)	90.00 (71.99)
[168/294]	0.500 (0.570)	80.00 (72.04)
[169/294]	0.300 (0.569)	90.00 (72.15)
[170/294]	0.352 (0.568)	85.00 (72.22)
[171/294]	0.425 (0.567)	85.00 (72.30)
[172/294]	0.142 (0.564)	100.00 (72.46)
[173/294]	0.317 (0.563)	90.00 (72.56)
[174/294]	0.485 (0.562)	80.00 (72.60)
[175/294]	0.390 (0.561)	75.00 (72.61)
[176/294]	0.351 (0.560)	85.00 (72.68)
[177/294]	0.397 (0.559)	80.00 (72.72)
[178/294]	0.483 (0.559)	75.00 (72.74)
[179/294]	0.419 (0.558)	95.00 (72.86)
[180/294]	0.427 (0.557)	90.00 (72.96)
[181/294]	0.300 (0.556)	90.00 (73.05)
[182/294]	0.129 (0.554)	100.00 (73.20)
[183/294]	0.123 (0.551)	100.00 (73.34)
[184/294]	0.180 (0.549)	100.00 (73.49)
[185/294]	0.441 (0.549)	90.00 (73.58)
[186/294]	0.450 (0.548)	70.00 (73.56)
[187/294]	0.473 (0.548)	80.00 (73.59)
[188/294]	0.634 (0.548)	70.00 (73.57)
[189/294]	0.362 (0.547)	85.00 (73.63)
[190/294]	0.262 (0.546)	95.00 (73.74)
[191/294]	0.277 (0.544)	90.00 (73.83)
[192/294]	0.248 (0.543)	95.00 (73.94)
[193/294]	0.274 (0.541)	100.00 (74.07)
[194/294]	0.366 (0.541)	85.00 (74.13)
[195/294]	0.300 (0.539)	90.00 (74.21)
[196/294]	0.157 (0.537)	100.00 (74.34)
[197/294]	0.471 (0.537)	75.00 (74.34)
[198/294]	0.573 (0.537)	60.00 (74.27)
[199/294]	0.104 (0.535)	100.00 (74.40)
[200/294]	0.207 (0.533)	100.00 (74.53)
[201/294]	0.196 (0.532)	95.00 (74.63)
[202/294]	0.206 (0.530)	100.00 (74.75)
[203/294]	0.250 (0.529)	95.00 (74.85)
[204/294]	0.348 (0.528)	90.00 (74.93)
[205/294]	0.297 (0.527)	100.00 (75.05)
[206/294]	0.088 (0.525)	100.00 (75.17)
[207/294]	0.203 (0.523)	95.00 (75.26)
[208/294]	0.214 (0.522)	95.00 (75.36)
[209/294]	0.706 (0.523)	70.00 (75.33)
[210/294]	0.238 (0.521)	95.00 (75.43)
[211/294]	0.298 (0.520)	90.00 (75.50)
[212/294]	0.243 (0.519)	95.00 (75.59)
[213/294]	0.185 (0.517)	95.00 (75.68)
[214/294]	0.218 (0.516)	100.00 (75.79)
[215/294]	0.230 (0.515)	100.00 (75.90)
[216/294]	0.156 (0.513)	100.00 (76.01)
[217/294]	0.470 (0.513)	80.00 (76.03)
[218/294]	0.347 (0.512)	85.00 (76.07)
[219/294]	0.238 (0.511)	95.00 (76.16)
[220/294]	0.322 (0.510)	80.00 (76.18)
[221/294]	0.298 (0.509)	90.00 (76.24)
[222/294]	0.433 (0.509)	80.00 (76.26)
[223/294]	0.381 (0.508)	90.00 (76.32)
[224/294]	0.349 (0.507)	80.00 (76.33)
[225/294]	0.478 (0.507)	75.00 (76.33)
[226/294]	0.492 (0.507)	75.00 (76.32)
[227/294]	0.492 (0.507)	85.00 (76.36)
[228/294]	0.565 (0.507)	70.00 (76.33)
[229/294]	0.194 (0.506)	95.00 (76.41)
[230/294]	0.015 (0.504)	100.00 (76.52)
[231/294]	0.377 (0.503)	90.00 (76.57)
[232/294]	0.322 (0.502)	85.00 (76.61)
[233/294]	0.179 (0.501)	100.00 (76.71)
[234/294]	0.224 (0.500)	100.00 (76.81)
[235/294]	0.313 (0.499)	90.00 (76.86)
[236/294]	0.344 (0.498)	80.00 (76.88)
[237/294]	0.335 (0.498)	90.00 (76.93)
[238/294]	0.118 (0.496)	100.00 (77.03)
[239/294]	0.101 (0.495)	100.00 (77.12)
[240/294]	0.183 (0.493)	100.00 (77.22)
[241/294]	0.180 (0.492)	100.00 (77.31)
[242/294]	0.252 (0.491)	90.00 (77.37)
[243/294]	0.244 (0.490)	85.00 (77.40)
[244/294]	0.470 (0.490)	80.00 (77.41)
[245/294]	0.436 (0.490)	80.00 (77.42)
[246/294]	0.307 (0.489)	90.00 (77.47)
[247/294]	0.285 (0.488)	90.00 (77.52)
[248/294]	0.108 (0.487)	100.00 (77.61)
[249/294]	0.087 (0.485)	100.00 (77.70)
[250/294]	0.179 (0.484)	95.00 (77.77)
[251/294]	0.390 (0.483)	90.00 (77.82)
[252/294]	0.168 (0.482)	100.00 (77.91)
[253/294]	0.210 (0.481)	95.00 (77.97)
[254/294]	0.270 (0.480)	90.00 (78.02)
[255/294]	0.507 (0.480)	70.00 (77.99)
[256/294]	0.163 (0.479)	100.00 (78.07)
[257/294]	0.130 (0.478)	100.00 (78.16)
[258/294]	0.101 (0.476)	100.00 (78.24)
[259/294]	0.061 (0.475)	100.00 (78.33)
[260/294]	0.047 (0.473)	100.00 (78.41)
[261/294]	0.048 (0.471)	100.00 (78.49)
[262/294]	0.125 (0.470)	100.00 (78.57)
[263/294]	0.255 (0.469)	100.00 (78.66)
[264/294]	0.352 (0.469)	90.00 (78.70)
[265/294]	0.446 (0.469)	75.00 (78.68)
[266/294]	0.201 (0.468)	90.00 (78.73)
[267/294]	0.225 (0.467)	90.00 (78.77)
[268/294]	0.295 (0.466)	90.00 (78.81)
[269/294]	0.184 (0.465)	95.00 (78.87)
[270/294]	0.219 (0.464)	100.00 (78.95)
[271/294]	0.289 (0.464)	85.00 (78.97)
[272/294]	0.462 (0.464)	85.00 (78.99)
[273/294]	0.111 (0.462)	95.00 (79.05)
[274/294]	0.271 (0.462)	90.00 (79.09)
[275/294]	0.269 (0.461)	90.00 (79.13)
[276/294]	0.297 (0.460)	100.00 (79.21)
[277/294]	0.235 (0.460)	100.00 (79.28)
[278/294]	0.286 (0.459)	85.00 (79.30)
[279/294]	0.438 (0.459)	70.00 (79.27)
[280/294]	0.066 (0.457)	100.00 (79.34)
[281/294]	0.195 (0.456)	90.00 (79.38)
[282/294]	0.257 (0.456)	95.00 (79.43)
[283/294]	0.359 (0.455)	80.00 (79.44)
[284/294]	0.185 (0.454)	95.00 (79.49)
[285/294]	0.175 (0.454)	100.00 (79.56)
[286/294]	0.209 (0.453)	90.00 (79.60)
[287/294]	0.134 (0.452)	100.00 (79.67)
[288/294]	0.200 (0.451)	95.00 (79.72)
[289/294]	0.185 (0.450)	100.00 (79.79)
[290/294]	0.076 (0.448)	95.00 (79.85)
[291/294]	0.042 (0.447)	100.00 (79.91)
[292/294]	0.113 (0.446)	100.00 (79.98)
[293/294]	0.136 (0.445)	95.00 (80.03)
 * Train Acc: 80.034
 * Avg. Data time: 0.004, Avg. Batch time: 0.053, Avg. Forward time: 0.004, Avg. Backward time: 0.040
Computing SI
 * Val Acc: 89.855, Time: 1.97
 * Test Acc: 92.842, Time: 2.22
=============Training Task 1=============
Active output nodes for this task: 
[0, 1, 2, 3]
=============Training Epoch 0=============
#reg terms:  1
Batch	 Loss		 Acc
[0/294]	3.198 (3.198)	0.00 (0.00)
[1/294]	3.281 (3.239)	0.00 (0.00)
[2/294]	3.390 (3.290)	0.00 (0.00)
[3/294]	2.534 (3.101)	0.00 (0.00)
[4/294]	2.141 (2.909)	10.00 (2.00)
[5/294]	1.944 (2.748)	0.00 (1.67)
[6/294]	2.246 (2.676)	0.00 (1.43)
[7/294]	1.549 (2.536)	45.00 (6.88)
[8/294]	1.567 (2.428)	50.00 (11.67)
[9/294]	1.357 (2.321)	45.00 (15.00)
[10/294]	1.324 (2.230)	45.00 (17.73)
[11/294]	1.386 (2.160)	45.00 (20.00)
[12/294]	1.260 (2.091)	50.00 (22.31)
[13/294]	0.788 (1.998)	60.00 (25.00)
[14/294]	1.226 (1.946)	40.00 (26.00)
[15/294]	0.929 (1.883)	50.00 (27.50)
[16/294]	0.917 (1.826)	50.00 (28.82)
[17/294]	0.721 (1.764)	55.00 (30.28)
[18/294]	0.749 (1.711)	55.00 (31.58)
[19/294]	0.755 (1.663)	50.00 (32.50)
[20/294]	1.043 (1.634)	25.00 (32.14)
[21/294]	0.743 (1.593)	55.00 (33.18)
[22/294]	0.907 (1.563)	45.00 (33.70)
[23/294]	0.856 (1.534)	50.00 (34.38)
[24/294]	0.772 (1.503)	55.00 (35.20)
[25/294]	0.899 (1.480)	50.00 (35.77)
[26/294]	0.784 (1.454)	50.00 (36.30)
[27/294]	0.524 (1.421)	75.00 (37.68)
[28/294]	0.610 (1.393)	65.00 (38.62)
[29/294]	0.349 (1.358)	85.00 (40.17)
[30/294]	0.755 (1.339)	65.00 (40.97)
[31/294]	0.667 (1.318)	60.00 (41.56)
[32/294]	0.656 (1.298)	55.00 (41.97)
[33/294]	0.310 (1.269)	85.00 (43.24)
[34/294]	0.336 (1.242)	95.00 (44.71)
[35/294]	0.534 (1.222)	75.00 (45.56)
[36/294]	0.540 (1.204)	85.00 (46.62)
[37/294]	0.520 (1.186)	90.00 (47.76)
[38/294]	0.524 (1.169)	80.00 (48.59)
[39/294]	0.642 (1.156)	60.00 (48.88)
[40/294]	0.747 (1.146)	55.00 (49.02)
[41/294]	0.838 (1.139)	60.00 (49.29)
[42/294]	0.863 (1.132)	50.00 (49.30)
[43/294]	0.530 (1.118)	80.00 (50.00)
[44/294]	0.737 (1.110)	50.00 (50.00)
[45/294]	0.677 (1.101)	60.00 (50.22)
[46/294]	0.617 (1.090)	70.00 (50.64)
[47/294]	0.678 (1.082)	60.00 (50.83)
[48/294]	0.835 (1.077)	50.00 (50.82)
[49/294]	0.612 (1.067)	70.00 (51.20)
[50/294]	0.453 (1.055)	80.00 (51.76)
[51/294]	0.559 (1.046)	70.00 (52.12)
[52/294]	0.931 (1.044)	35.00 (51.79)
[53/294]	0.938 (1.042)	40.00 (51.57)
[54/294]	0.768 (1.037)	55.00 (51.64)
[55/294]	0.661 (1.030)	65.00 (51.88)
[56/294]	0.697 (1.024)	60.00 (52.02)
[57/294]	0.823 (1.021)	60.00 (52.16)
[58/294]	0.676 (1.015)	65.00 (52.37)
[59/294]	0.497 (1.006)	80.00 (52.83)
[60/294]	0.424 (0.997)	80.00 (53.28)
[61/294]	0.538 (0.989)	65.00 (53.47)
[62/294]	0.544 (0.982)	65.00 (53.65)
[63/294]	0.511 (0.975)	65.00 (53.83)
[64/294]	0.631 (0.970)	65.00 (54.00)
[65/294]	0.378 (0.961)	90.00 (54.55)
[66/294]	0.515 (0.954)	70.00 (54.78)
[67/294]	0.821 (0.952)	50.00 (54.71)
[68/294]	0.337 (0.943)	100.00 (55.36)
[69/294]	0.667 (0.939)	65.00 (55.50)
[70/294]	0.850 (0.938)	35.00 (55.21)
[71/294]	0.689 (0.934)	50.00 (55.14)
[72/294]	0.721 (0.931)	60.00 (55.21)
[73/294]	0.478 (0.925)	75.00 (55.47)
[74/294]	0.282 (0.917)	95.00 (56.00)
[75/294]	0.257 (0.908)	95.00 (56.51)
[76/294]	0.430 (0.902)	85.00 (56.88)
[77/294]	0.341 (0.895)	95.00 (57.37)
[78/294]	0.384 (0.888)	90.00 (57.78)
[79/294]	0.582 (0.884)	65.00 (57.88)
[80/294]	0.494 (0.880)	70.00 (58.02)
[81/294]	0.383 (0.874)	85.00 (58.35)
[82/294]	0.308 (0.867)	95.00 (58.80)
[83/294]	0.534 (0.863)	70.00 (58.93)
[84/294]	0.537 (0.859)	75.00 (59.12)
[85/294]	0.383 (0.853)	80.00 (59.36)
[86/294]	0.476 (0.849)	85.00 (59.66)
[87/294]	0.434 (0.844)	85.00 (59.94)
[88/294]	0.330 (0.839)	90.00 (60.28)
[89/294]	0.848 (0.839)	40.00 (60.06)
[90/294]	0.863 (0.839)	55.00 (60.00)
[91/294]	0.657 (0.837)	60.00 (60.00)
[92/294]	0.697 (0.835)	55.00 (59.95)
[93/294]	0.541 (0.832)	60.00 (59.95)
[94/294]	0.524 (0.829)	75.00 (60.11)
[95/294]	0.642 (0.827)	50.00 (60.00)
[96/294]	0.401 (0.823)	90.00 (60.31)
[97/294]	0.469 (0.819)	90.00 (60.61)
[98/294]	0.754 (0.818)	45.00 (60.45)
[99/294]	0.734 (0.818)	65.00 (60.50)
[100/294]	0.300 (0.812)	90.00 (60.79)
[101/294]	0.399 (0.808)	85.00 (61.03)
[102/294]	0.568 (0.806)	70.00 (61.12)
[103/294]	0.145 (0.800)	100.00 (61.49)
[104/294]	0.334 (0.795)	80.00 (61.67)
[105/294]	0.613 (0.794)	60.00 (61.65)
[106/294]	0.823 (0.794)	50.00 (61.54)
[107/294]	0.453 (0.791)	85.00 (61.76)
[108/294]	0.346 (0.787)	100.00 (62.11)
[109/294]	0.300 (0.782)	95.00 (62.41)
[110/294]	0.674 (0.781)	60.00 (62.39)
[111/294]	0.515 (0.779)	75.00 (62.50)
[112/294]	0.633 (0.778)	65.00 (62.52)
[113/294]	0.542 (0.775)	75.00 (62.63)
[114/294]	0.208 (0.771)	95.00 (62.91)
[115/294]	0.306 (0.767)	90.00 (63.15)
[116/294]	0.276 (0.762)	95.00 (63.42)
[117/294]	0.343 (0.759)	85.00 (63.60)
[118/294]	0.689 (0.758)	55.00 (63.53)
[119/294]	0.543 (0.756)	65.00 (63.54)
[120/294]	0.333 (0.753)	90.00 (63.76)
[121/294]	0.430 (0.750)	80.00 (63.89)
[122/294]	0.405 (0.747)	75.00 (63.98)
[123/294]	0.478 (0.745)	75.00 (64.07)
[124/294]	0.638 (0.744)	65.00 (64.08)
[125/294]	0.365 (0.741)	85.00 (64.25)
[126/294]	0.373 (0.739)	85.00 (64.41)
[127/294]	0.253 (0.735)	100.00 (64.69)
[128/294]	0.680 (0.734)	60.00 (64.65)
[129/294]	0.472 (0.732)	85.00 (64.81)
[130/294]	0.371 (0.730)	85.00 (64.96)
[131/294]	0.226 (0.726)	95.00 (65.19)
[132/294]	0.474 (0.724)	75.00 (65.26)
[133/294]	0.329 (0.721)	90.00 (65.45)
[134/294]	0.293 (0.718)	95.00 (65.67)
[135/294]	0.080 (0.713)	100.00 (65.92)
[136/294]	0.092 (0.708)	100.00 (66.17)
[137/294]	0.227 (0.705)	95.00 (66.38)
[138/294]	0.920 (0.707)	60.00 (66.33)
[139/294]	0.841 (0.707)	65.00 (66.32)
[140/294]	0.910 (0.709)	50.00 (66.21)
[141/294]	0.221 (0.705)	95.00 (66.41)
[142/294]	0.269 (0.702)	90.00 (66.57)
[143/294]	0.650 (0.702)	75.00 (66.63)
[144/294]	0.741 (0.702)	65.00 (66.62)
[145/294]	0.381 (0.700)	80.00 (66.71)
[146/294]	0.673 (0.700)	60.00 (66.67)
[147/294]	0.725 (0.700)	60.00 (66.62)
[148/294]	0.542 (0.699)	65.00 (66.61)
[149/294]	0.277 (0.696)	85.00 (66.73)
[150/294]	0.360 (0.694)	90.00 (66.89)
[151/294]	0.347 (0.692)	90.00 (67.04)
[152/294]	0.244 (0.689)	95.00 (67.22)
[153/294]	0.275 (0.686)	90.00 (67.37)
[154/294]	0.314 (0.684)	85.00 (67.48)
[155/294]	0.235 (0.681)	95.00 (67.66)
[156/294]	0.119 (0.677)	100.00 (67.87)
[157/294]	0.249 (0.675)	95.00 (68.04)
[158/294]	0.488 (0.673)	75.00 (68.08)
[159/294]	0.610 (0.673)	65.00 (68.06)
[160/294]	0.525 (0.672)	75.00 (68.11)
[161/294]	0.691 (0.672)	65.00 (68.09)
[162/294]	0.427 (0.671)	80.00 (68.16)
[163/294]	0.449 (0.669)	70.00 (68.17)
[164/294]	0.552 (0.669)	65.00 (68.15)
[165/294]	0.661 (0.669)	60.00 (68.10)
[166/294]	0.627 (0.668)	70.00 (68.11)
[167/294]	0.421 (0.667)	80.00 (68.18)
[168/294]	0.425 (0.665)	70.00 (68.20)
[169/294]	0.506 (0.664)	70.00 (68.21)
[170/294]	0.684 (0.665)	60.00 (68.16)
[171/294]	0.336 (0.663)	85.00 (68.26)
[172/294]	0.191 (0.660)	95.00 (68.41)
[173/294]	0.227 (0.657)	90.00 (68.53)
[174/294]	0.543 (0.657)	70.00 (68.54)
[175/294]	0.444 (0.656)	75.00 (68.58)
[176/294]	0.835 (0.657)	45.00 (68.45)
[177/294]	0.275 (0.654)	95.00 (68.60)
[178/294]	0.248 (0.652)	90.00 (68.72)
[179/294]	0.323 (0.650)	75.00 (68.75)
[180/294]	0.569 (0.650)	65.00 (68.73)
[181/294]	0.407 (0.649)	80.00 (68.79)
[182/294]	0.290 (0.647)	90.00 (68.91)
[183/294]	0.196 (0.644)	95.00 (69.05)
[184/294]	1.227 (0.647)	55.00 (68.97)
[185/294]	0.986 (0.649)	75.00 (69.01)
[186/294]	0.182 (0.647)	95.00 (69.14)
[187/294]	0.245 (0.645)	95.00 (69.28)
[188/294]	0.553 (0.644)	75.00 (69.31)
[189/294]	0.472 (0.643)	75.00 (69.34)
[190/294]	0.264 (0.641)	85.00 (69.42)
[191/294]	0.252 (0.639)	95.00 (69.56)
[192/294]	0.164 (0.637)	95.00 (69.69)
[193/294]	0.269 (0.635)	90.00 (69.79)
[194/294]	0.413 (0.634)	60.00 (69.74)
[195/294]	0.790 (0.634)	50.00 (69.64)
[196/294]	0.739 (0.635)	55.00 (69.57)
[197/294]	0.275 (0.633)	85.00 (69.65)
[198/294]	0.596 (0.633)	75.00 (69.67)
[199/294]	0.571 (0.633)	65.00 (69.65)
[200/294]	0.551 (0.632)	75.00 (69.68)
[201/294]	0.798 (0.633)	35.00 (69.50)
[202/294]	0.410 (0.632)	80.00 (69.56)
[203/294]	0.372 (0.631)	80.00 (69.61)
[204/294]	0.151 (0.628)	100.00 (69.76)
[205/294]	0.345 (0.627)	95.00 (69.88)
[206/294]	0.283 (0.625)	95.00 (70.00)
[207/294]	0.361 (0.624)	85.00 (70.07)
[208/294]	0.308 (0.623)	75.00 (70.10)
[209/294]	0.501 (0.622)	85.00 (70.17)
[210/294]	0.357 (0.621)	80.00 (70.21)
[211/294]	0.309 (0.619)	85.00 (70.28)
[212/294]	0.381 (0.618)	75.00 (70.31)
[213/294]	0.244 (0.616)	90.00 (70.40)
[214/294]	0.175 (0.614)	95.00 (70.51)
[215/294]	0.317 (0.613)	90.00 (70.60)
[216/294]	0.405 (0.612)	75.00 (70.62)
[217/294]	0.495 (0.611)	75.00 (70.64)
[218/294]	0.106 (0.609)	100.00 (70.78)
[219/294]	0.278 (0.608)	90.00 (70.86)
[220/294]	0.383 (0.607)	85.00 (70.93)
[221/294]	0.363 (0.606)	85.00 (70.99)
[222/294]	0.152 (0.603)	100.00 (71.12)
[223/294]	0.717 (0.604)	65.00 (71.09)
[224/294]	0.516 (0.604)	65.00 (71.07)
[225/294]	0.107 (0.601)	100.00 (71.19)
[226/294]	0.270 (0.600)	90.00 (71.28)
[227/294]	0.376 (0.599)	90.00 (71.36)
[228/294]	0.309 (0.598)	90.00 (71.44)
[229/294]	0.229 (0.596)	90.00 (71.52)
[230/294]	0.598 (0.596)	75.00 (71.54)
[231/294]	1.102 (0.598)	55.00 (71.47)
[232/294]	0.463 (0.598)	85.00 (71.52)
[233/294]	0.129 (0.596)	100.00 (71.65)
[234/294]	0.412 (0.595)	75.00 (71.66)
[235/294]	0.563 (0.595)	80.00 (71.69)
[236/294]	0.340 (0.594)	85.00 (71.75)
[237/294]	0.546 (0.593)	70.00 (71.74)
[238/294]	0.702 (0.594)	60.00 (71.69)
[239/294]	0.481 (0.593)	80.00 (71.73)
[240/294]	0.281 (0.592)	95.00 (71.83)
[241/294]	0.195 (0.591)	95.00 (71.92)
[242/294]	0.185 (0.589)	95.00 (72.02)
[243/294]	0.243 (0.587)	90.00 (72.09)
[244/294]	0.253 (0.586)	95.00 (72.18)
[245/294]	0.216 (0.585)	90.00 (72.26)
[246/294]	0.044 (0.582)	100.00 (72.37)
[247/294]	0.277 (0.581)	95.00 (72.46)
[248/294]	0.442 (0.581)	80.00 (72.49)
[249/294]	0.810 (0.582)	65.00 (72.46)
[250/294]	0.168 (0.580)	95.00 (72.55)
[251/294]	0.212 (0.578)	95.00 (72.64)
[252/294]	0.280 (0.577)	90.00 (72.71)
[253/294]	0.087 (0.575)	100.00 (72.81)
[254/294]	0.374 (0.575)	80.00 (72.84)
[255/294]	0.335 (0.574)	85.00 (72.89)
[256/294]	0.201 (0.572)	100.00 (73.00)
[257/294]	0.673 (0.573)	65.00 (72.97)
[258/294]	0.237 (0.571)	85.00 (73.01)
[259/294]	0.155 (0.570)	100.00 (73.12)
[260/294]	0.305 (0.569)	95.00 (73.20)
[261/294]	0.568 (0.569)	55.00 (73.13)
[262/294]	0.345 (0.568)	85.00 (73.17)
[263/294]	0.189 (0.566)	95.00 (73.26)
[264/294]	0.128 (0.565)	100.00 (73.36)
[265/294]	0.251 (0.563)	95.00 (73.44)
[266/294]	0.509 (0.563)	85.00 (73.48)
[267/294]	0.603 (0.563)	70.00 (73.47)
[268/294]	0.431 (0.563)	70.00 (73.46)
[269/294]	0.128 (0.561)	95.00 (73.54)
[270/294]	0.053 (0.559)	100.00 (73.63)
[271/294]	0.245 (0.558)	100.00 (73.73)
[272/294]	0.329 (0.557)	85.00 (73.77)
[273/294]	0.205 (0.556)	95.00 (73.85)
[274/294]	0.189 (0.555)	95.00 (73.93)
[275/294]	0.640 (0.555)	70.00 (73.91)
[276/294]	0.827 (0.556)	65.00 (73.88)
[277/294]	0.280 (0.555)	95.00 (73.96)
[278/294]	0.059 (0.553)	100.00 (74.05)
[279/294]	0.049 (0.552)	100.00 (74.14)
[280/294]	0.114 (0.550)	95.00 (74.22)
[281/294]	0.298 (0.549)	90.00 (74.27)
[282/294]	0.126 (0.548)	100.00 (74.36)
[283/294]	0.282 (0.547)	90.00 (74.42)
[284/294]	0.214 (0.546)	90.00 (74.47)
[285/294]	0.400 (0.545)	85.00 (74.51)
[286/294]	0.175 (0.544)	100.00 (74.60)
[287/294]	0.348 (0.543)	85.00 (74.64)
[288/294]	0.453 (0.543)	65.00 (74.60)
[289/294]	0.228 (0.542)	95.00 (74.67)
[290/294]	0.298 (0.541)	90.00 (74.73)
[291/294]	0.247 (0.540)	95.00 (74.79)
[292/294]	0.205 (0.539)	90.00 (74.85)
[293/294]	0.089 (0.538)	100.00 (74.87)
 * Train Acc: 74.872
 * Avg. Data time: 0.004, Avg. Batch time: 0.064, Avg. Forward time: 0.004, Avg. Backward time: 0.051
Computing SI
 * Val Acc: 41.400, Time: 1.88
 * Test Acc: 45.062, Time: 3.44
=============Training Task 2=============
Active output nodes for this task: 
[0, 1, 2, 3, 4, 5]
=============Training Epoch 0=============
#reg terms:  1
Batch	 Loss		 Acc
[0/294]	5.203 (5.203)	0.00 (0.00)
[1/294]	4.503 (4.853)	0.00 (0.00)
[2/294]	4.730 (4.812)	0.00 (0.00)
[3/294]	4.820 (4.814)	0.00 (0.00)
[4/294]	3.587 (4.569)	0.00 (0.00)
[5/294]	4.201 (4.507)	0.00 (0.00)
[6/294]	3.711 (4.394)	0.00 (0.00)
[7/294]	1.838 (4.074)	5.00 (0.62)
[8/294]	1.688 (3.809)	25.00 (3.33)
[9/294]	1.414 (3.569)	40.00 (7.00)
[10/294]	1.309 (3.364)	50.00 (10.91)
[11/294]	1.326 (3.194)	50.00 (14.17)
[12/294]	0.929 (3.020)	70.00 (18.46)
[13/294]	0.470 (2.838)	95.00 (23.93)
[14/294]	0.787 (2.701)	75.00 (27.33)
[15/294]	0.655 (2.573)	80.00 (30.62)
[16/294]	0.572 (2.455)	80.00 (33.53)
[17/294]	0.533 (2.349)	90.00 (36.67)
[18/294]	0.545 (2.254)	65.00 (38.16)
[19/294]	0.624 (2.172)	70.00 (39.75)
[20/294]	0.856 (2.110)	30.00 (39.29)
[21/294]	0.432 (2.033)	90.00 (41.59)
[22/294]	0.434 (1.964)	85.00 (43.48)
[23/294]	0.276 (1.893)	95.00 (45.62)
[24/294]	0.579 (1.841)	75.00 (46.80)
[25/294]	0.490 (1.789)	75.00 (47.88)
[26/294]	0.601 (1.745)	75.00 (48.89)
[27/294]	0.457 (1.699)	80.00 (50.00)
[28/294]	0.687 (1.664)	60.00 (50.34)
[29/294]	0.596 (1.628)	75.00 (51.17)
[30/294]	0.592 (1.595)	80.00 (52.10)
[31/294]	0.323 (1.555)	85.00 (53.12)
[32/294]	0.448 (1.522)	80.00 (53.94)
[33/294]	0.621 (1.495)	65.00 (54.26)
[34/294]	0.712 (1.473)	55.00 (54.29)
[35/294]	0.496 (1.446)	80.00 (55.00)
[36/294]	0.268 (1.414)	95.00 (56.08)
[37/294]	0.233 (1.383)	95.00 (57.11)
[38/294]	0.461 (1.359)	80.00 (57.69)
[39/294]	0.484 (1.337)	80.00 (58.25)
[40/294]	0.432 (1.315)	80.00 (58.78)
[41/294]	0.743 (1.302)	65.00 (58.93)
[42/294]	0.490 (1.283)	80.00 (59.42)
[43/294]	0.377 (1.262)	90.00 (60.11)
[44/294]	0.271 (1.240)	100.00 (61.00)
[45/294]	0.348 (1.221)	100.00 (61.85)
[46/294]	0.246 (1.200)	95.00 (62.55)
[47/294]	0.278 (1.181)	95.00 (63.23)
[48/294]	0.350 (1.164)	90.00 (63.78)
[49/294]	0.357 (1.148)	90.00 (64.30)
[50/294]	0.441 (1.134)	90.00 (64.80)
[51/294]	0.486 (1.121)	80.00 (65.10)
[52/294]	0.382 (1.107)	85.00 (65.47)
[53/294]	0.683 (1.100)	50.00 (65.19)
[54/294]	0.544 (1.089)	60.00 (65.09)
[55/294]	0.217 (1.074)	95.00 (65.62)
[56/294]	0.191 (1.058)	95.00 (66.14)
[57/294]	0.300 (1.045)	90.00 (66.55)
[58/294]	0.265 (1.032)	95.00 (67.03)
[59/294]	0.200 (1.018)	100.00 (67.58)
[60/294]	0.256 (1.006)	90.00 (67.95)
[61/294]	0.202 (0.993)	100.00 (68.47)
[62/294]	0.256 (0.981)	90.00 (68.81)
[63/294]	0.121 (0.968)	95.00 (69.22)
[64/294]	0.362 (0.958)	80.00 (69.38)
[65/294]	0.307 (0.948)	95.00 (69.77)
[66/294]	0.192 (0.937)	100.00 (70.22)
[67/294]	0.286 (0.928)	90.00 (70.51)
[68/294]	0.360 (0.919)	85.00 (70.72)
[69/294]	0.273 (0.910)	90.00 (71.00)
[70/294]	0.393 (0.903)	85.00 (71.20)
[71/294]	0.535 (0.898)	65.00 (71.11)
[72/294]	0.574 (0.893)	60.00 (70.96)
[73/294]	0.135 (0.883)	100.00 (71.35)
[74/294]	0.293 (0.875)	100.00 (71.73)
[75/294]	0.181 (0.866)	100.00 (72.11)
[76/294]	0.349 (0.859)	100.00 (72.47)
[77/294]	0.329 (0.853)	95.00 (72.76)
[78/294]	0.300 (0.846)	95.00 (73.04)
[79/294]	0.309 (0.839)	85.00 (73.19)
[80/294]	0.269 (0.832)	100.00 (73.52)
[81/294]	0.245 (0.825)	95.00 (73.78)
[82/294]	0.276 (0.818)	90.00 (73.98)
[83/294]	0.032 (0.809)	100.00 (74.29)
[84/294]	0.170 (0.801)	85.00 (74.41)
[85/294]	0.322 (0.796)	90.00 (74.59)
[86/294]	0.231 (0.789)	100.00 (74.89)
[87/294]	0.091 (0.781)	100.00 (75.17)
[88/294]	0.205 (0.775)	100.00 (75.45)
[89/294]	0.294 (0.769)	95.00 (75.67)
[90/294]	0.360 (0.765)	85.00 (75.77)
[91/294]	0.406 (0.761)	85.00 (75.87)
[92/294]	0.176 (0.755)	100.00 (76.13)
[93/294]	0.150 (0.748)	100.00 (76.38)
[94/294]	0.148 (0.742)	100.00 (76.63)
[95/294]	0.141 (0.736)	95.00 (76.82)
[96/294]	0.073 (0.729)	100.00 (77.06)
[97/294]	0.313 (0.725)	85.00 (77.14)
[98/294]	0.115 (0.718)	100.00 (77.37)
[99/294]	0.181 (0.713)	95.00 (77.55)
[100/294]	0.238 (0.708)	85.00 (77.62)
[101/294]	0.242 (0.704)	95.00 (77.79)
[102/294]	0.230 (0.699)	95.00 (77.96)
[103/294]	0.107 (0.693)	100.00 (78.17)
[104/294]	0.154 (0.688)	100.00 (78.38)
[105/294]	0.141 (0.683)	100.00 (78.58)
[106/294]	0.318 (0.680)	85.00 (78.64)
[107/294]	0.307 (0.676)	100.00 (78.84)
[108/294]	0.095 (0.671)	100.00 (79.04)
[109/294]	0.220 (0.667)	95.00 (79.18)
[110/294]	0.227 (0.663)	95.00 (79.32)
[111/294]	0.281 (0.660)	95.00 (79.46)
[112/294]	0.415 (0.657)	90.00 (79.56)
[113/294]	0.204 (0.653)	95.00 (79.69)
[114/294]	0.181 (0.649)	95.00 (79.83)
[115/294]	0.250 (0.646)	90.00 (79.91)
[116/294]	0.032 (0.641)	100.00 (80.09)
[117/294]	0.050 (0.636)	100.00 (80.25)
[118/294]	0.061 (0.631)	100.00 (80.42)
[119/294]	0.156 (0.627)	100.00 (80.58)
[120/294]	0.167 (0.623)	100.00 (80.74)
[121/294]	0.148 (0.619)	100.00 (80.90)
[122/294]	0.219 (0.616)	100.00 (81.06)
[123/294]	0.126 (0.612)	95.00 (81.17)
[124/294]	0.116 (0.608)	100.00 (81.32)
[125/294]	0.174 (0.604)	95.00 (81.43)
[126/294]	0.043 (0.600)	100.00 (81.57)
[127/294]	0.092 (0.596)	100.00 (81.72)
[128/294]	0.118 (0.592)	100.00 (81.86)
[129/294]	0.063 (0.588)	100.00 (82.00)
[130/294]	0.207 (0.585)	95.00 (82.10)
[131/294]	0.154 (0.582)	95.00 (82.20)
[132/294]	0.173 (0.579)	100.00 (82.33)
[133/294]	0.145 (0.576)	100.00 (82.46)
[134/294]	0.135 (0.573)	95.00 (82.56)
[135/294]	0.209 (0.570)	90.00 (82.61)
[136/294]	0.226 (0.567)	90.00 (82.66)
[137/294]	0.144 (0.564)	95.00 (82.75)
[138/294]	0.174 (0.561)	95.00 (82.84)
[139/294]	0.186 (0.559)	100.00 (82.96)
[140/294]	0.296 (0.557)	90.00 (83.01)
[141/294]	0.154 (0.554)	95.00 (83.10)
[142/294]	0.201 (0.552)	90.00 (83.15)
[143/294]	0.308 (0.550)	85.00 (83.16)
[144/294]	0.269 (0.548)	90.00 (83.21)
[145/294]	0.173 (0.545)	95.00 (83.29)
[146/294]	0.132 (0.543)	95.00 (83.37)
[147/294]	0.093 (0.540)	100.00 (83.48)
[148/294]	0.139 (0.537)	95.00 (83.56)
[149/294]	0.243 (0.535)	85.00 (83.57)
[150/294]	0.191 (0.533)	90.00 (83.61)
[151/294]	0.098 (0.530)	100.00 (83.72)
[152/294]	0.098 (0.527)	100.00 (83.82)
[153/294]	0.128 (0.524)	95.00 (83.90)
[154/294]	0.172 (0.522)	95.00 (83.97)
[155/294]	0.172 (0.520)	95.00 (84.04)
[156/294]	0.055 (0.517)	100.00 (84.14)
[157/294]	0.016 (0.514)	100.00 (84.24)
[158/294]	0.188 (0.512)	90.00 (84.28)
[159/294]	0.152 (0.509)	90.00 (84.31)
[160/294]	0.027 (0.506)	100.00 (84.41)
[161/294]	0.050 (0.504)	100.00 (84.51)
[162/294]	0.103 (0.501)	100.00 (84.60)
[163/294]	0.146 (0.499)	95.00 (84.66)
[164/294]	0.042 (0.496)	100.00 (84.76)
[165/294]	0.283 (0.495)	80.00 (84.73)
[166/294]	0.210 (0.493)	100.00 (84.82)
[167/294]	0.109 (0.491)	100.00 (84.91)
[168/294]	0.152 (0.489)	95.00 (84.97)
[169/294]	0.176 (0.487)	90.00 (85.00)
[170/294]	0.068 (0.485)	100.00 (85.09)
[171/294]	0.062 (0.482)	100.00 (85.17)
[172/294]	0.045 (0.480)	100.00 (85.26)
[173/294]	0.059 (0.477)	100.00 (85.34)
[174/294]	0.063 (0.475)	100.00 (85.43)
[175/294]	0.071 (0.473)	100.00 (85.51)
[176/294]	0.129 (0.471)	100.00 (85.59)
[177/294]	0.239 (0.469)	90.00 (85.62)
[178/294]	0.225 (0.468)	95.00 (85.67)
[179/294]	0.246 (0.467)	85.00 (85.67)
[180/294]	0.523 (0.467)	70.00 (85.58)
[181/294]	0.435 (0.467)	65.00 (85.47)
[182/294]	0.264 (0.466)	85.00 (85.46)
[183/294]	0.066 (0.464)	100.00 (85.54)
[184/294]	0.089 (0.462)	100.00 (85.62)
[185/294]	0.012 (0.459)	100.00 (85.70)
[186/294]	0.143 (0.457)	95.00 (85.75)
[187/294]	0.244 (0.456)	90.00 (85.77)
[188/294]	0.064 (0.454)	100.00 (85.85)
[189/294]	0.088 (0.452)	100.00 (85.92)
[190/294]	0.072 (0.450)	100.00 (85.99)
[191/294]	0.057 (0.448)	100.00 (86.07)
[192/294]	0.003 (0.446)	100.00 (86.14)
[193/294]	0.058 (0.444)	100.00 (86.21)
[194/294]	0.070 (0.442)	100.00 (86.28)
[195/294]	0.200 (0.441)	95.00 (86.33)
[196/294]	0.334 (0.440)	85.00 (86.32)
[197/294]	0.205 (0.439)	85.00 (86.31)
[198/294]	0.038 (0.437)	100.00 (86.38)
[199/294]	0.035 (0.435)	100.00 (86.45)
[200/294]	0.134 (0.434)	100.00 (86.52)
[201/294]	0.181 (0.432)	95.00 (86.56)
[202/294]	0.132 (0.431)	100.00 (86.63)
[203/294]	0.012 (0.429)	100.00 (86.69)
[204/294]	0.297 (0.428)	85.00 (86.68)
[205/294]	0.132 (0.427)	95.00 (86.72)
[206/294]	0.157 (0.425)	95.00 (86.76)
[207/294]	0.077 (0.424)	100.00 (86.83)
[208/294]	0.022 (0.422)	100.00 (86.89)
[209/294]	0.022 (0.420)	100.00 (86.95)
[210/294]	0.067 (0.418)	100.00 (87.01)
[211/294]	0.187 (0.417)	95.00 (87.05)
[212/294]	0.157 (0.416)	90.00 (87.07)
[213/294]	0.205 (0.415)	95.00 (87.10)
[214/294]	0.232 (0.414)	95.00 (87.14)
[215/294]	0.159 (0.413)	100.00 (87.20)
[216/294]	0.112 (0.412)	100.00 (87.26)
[217/294]	0.122 (0.410)	95.00 (87.29)
[218/294]	0.185 (0.409)	90.00 (87.31)
[219/294]	0.172 (0.408)	95.00 (87.34)
[220/294]	0.071 (0.407)	100.00 (87.40)
[221/294]	0.067 (0.405)	100.00 (87.45)
[222/294]	0.075 (0.404)	100.00 (87.51)
[223/294]	0.111 (0.402)	95.00 (87.54)
[224/294]	0.133 (0.401)	95.00 (87.58)
[225/294]	0.371 (0.401)	90.00 (87.59)
[226/294]	0.533 (0.402)	80.00 (87.56)
[227/294]	0.033 (0.400)	100.00 (87.61)
[228/294]	0.051 (0.398)	100.00 (87.66)
[229/294]	0.112 (0.397)	95.00 (87.70)
[230/294]	0.137 (0.396)	100.00 (87.75)
[231/294]	0.113 (0.395)	100.00 (87.80)
[232/294]	0.057 (0.393)	100.00 (87.85)
[233/294]	0.032 (0.392)	100.00 (87.91)
[234/294]	0.406 (0.392)	85.00 (87.89)
[235/294]	0.116 (0.391)	95.00 (87.92)
[236/294]	0.064 (0.389)	100.00 (87.97)
[237/294]	0.233 (0.389)	85.00 (87.96)
[238/294]	0.327 (0.388)	90.00 (87.97)
[239/294]	0.272 (0.388)	90.00 (87.98)
[240/294]	0.323 (0.388)	80.00 (87.95)
[241/294]	0.139 (0.387)	100.00 (88.00)
[242/294]	0.178 (0.386)	95.00 (88.02)
[243/294]	0.293 (0.385)	90.00 (88.03)
[244/294]	0.208 (0.385)	100.00 (88.08)
[245/294]	0.035 (0.383)	100.00 (88.13)
[246/294]	0.031 (0.382)	100.00 (88.18)
[247/294]	0.030 (0.380)	100.00 (88.23)
[248/294]	0.027 (0.379)	100.00 (88.27)
[249/294]	0.039 (0.378)	100.00 (88.32)
[250/294]	0.051 (0.376)	100.00 (88.37)
[251/294]	0.076 (0.375)	100.00 (88.41)
[252/294]	0.001 (0.374)	100.00 (88.46)
[253/294]	0.009 (0.372)	100.00 (88.50)
[254/294]	0.064 (0.371)	100.00 (88.55)
[255/294]	0.117 (0.370)	100.00 (88.59)
[256/294]	0.141 (0.369)	95.00 (88.62)
[257/294]	0.139 (0.368)	95.00 (88.64)
[258/294]	0.068 (0.367)	100.00 (88.69)
[259/294]	0.377 (0.367)	85.00 (88.67)
[260/294]	0.421 (0.367)	80.00 (88.64)
[261/294]	0.421 (0.367)	85.00 (88.63)
[262/294]	0.160 (0.367)	90.00 (88.63)
[263/294]	0.049 (0.366)	100.00 (88.67)
[264/294]	0.071 (0.364)	100.00 (88.72)
[265/294]	0.068 (0.363)	100.00 (88.76)
[266/294]	0.061 (0.362)	100.00 (88.80)
[267/294]	0.019 (0.361)	100.00 (88.84)
[268/294]	0.181 (0.360)	90.00 (88.85)
[269/294]	0.123 (0.359)	100.00 (88.89)
[270/294]	0.071 (0.358)	100.00 (88.93)
[271/294]	0.105 (0.357)	100.00 (88.97)
[272/294]	0.203 (0.357)	95.00 (88.99)
[273/294]	0.025 (0.356)	100.00 (89.03)
[274/294]	0.055 (0.354)	100.00 (89.07)
[275/294]	0.061 (0.353)	100.00 (89.11)
[276/294]	0.071 (0.352)	100.00 (89.15)
[277/294]	0.187 (0.352)	95.00 (89.17)
[278/294]	0.108 (0.351)	100.00 (89.21)
[279/294]	0.011 (0.350)	100.00 (89.25)
[280/294]	0.084 (0.349)	100.00 (89.29)
[281/294]	0.165 (0.348)	90.00 (89.29)
[282/294]	0.144 (0.347)	95.00 (89.31)
[283/294]	0.191 (0.347)	90.00 (89.31)
[284/294]	0.139 (0.346)	95.00 (89.33)
[285/294]	0.136 (0.345)	100.00 (89.37)
[286/294]	0.263 (0.345)	85.00 (89.36)
[287/294]	0.036 (0.344)	100.00 (89.39)
[288/294]	0.077 (0.343)	95.00 (89.41)
[289/294]	0.120 (0.342)	95.00 (89.43)
[290/294]	0.062 (0.341)	100.00 (89.47)
[291/294]	0.230 (0.341)	90.00 (89.47)
[292/294]	0.039 (0.340)	100.00 (89.51)
[293/294]	0.057 (0.339)	100.00 (89.54)
 * Train Acc: 89.541
 * Avg. Data time: 0.004, Avg. Batch time: 0.065, Avg. Forward time: 0.004, Avg. Backward time: 0.052
Computing SI
 * Val Acc: 29.572, Time: 2.20
 * Test Acc: 31.800, Time: 4.81
=============Training Task 3=============
Active output nodes for this task: 
[0, 1, 2, 3, 4, 5, 6, 7]
=============Training Epoch 0=============
#reg terms:  1
Batch	 Loss		 Acc
[0/294]	7.188 (7.188)	0.00 (0.00)
[1/294]	8.847 (8.018)	0.00 (0.00)
[2/294]	9.237 (8.424)	0.00 (0.00)
[3/294]	7.781 (8.263)	0.00 (0.00)
[4/294]	7.114 (8.034)	0.00 (0.00)
[5/294]	6.031 (7.700)	0.00 (0.00)
[6/294]	5.265 (7.352)	0.00 (0.00)
[7/294]	5.923 (7.173)	0.00 (0.00)
[8/294]	4.881 (6.919)	0.00 (0.00)
[9/294]	3.821 (6.609)	0.00 (0.00)
[10/294]	4.313 (6.400)	0.00 (0.00)
[11/294]	2.713 (6.093)	0.00 (0.00)
[12/294]	2.140 (5.789)	10.00 (0.77)
[13/294]	1.950 (5.515)	40.00 (3.57)
[14/294]	1.839 (5.270)	35.00 (5.67)
[15/294]	1.330 (5.023)	50.00 (8.44)
[16/294]	1.269 (4.803)	50.00 (10.88)
[17/294]	1.164 (4.600)	55.00 (13.33)
[18/294]	1.467 (4.435)	50.00 (15.26)
[19/294]	1.324 (4.280)	50.00 (17.00)
[20/294]	1.073 (4.127)	55.00 (18.81)
[21/294]	1.154 (3.992)	50.00 (20.23)
[22/294]	0.905 (3.858)	65.00 (22.17)
[23/294]	0.749 (3.728)	65.00 (23.96)
[24/294]	0.893 (3.615)	50.00 (25.00)
[25/294]	0.999 (3.514)	50.00 (25.96)
[26/294]	1.166 (3.427)	50.00 (26.85)
[27/294]	1.270 (3.350)	30.00 (26.96)
[28/294]	0.809 (3.263)	65.00 (28.28)
[29/294]	0.738 (3.178)	55.00 (29.17)
[30/294]	0.568 (3.094)	80.00 (30.81)
[31/294]	0.723 (3.020)	50.00 (31.41)
[32/294]	0.543 (2.945)	95.00 (33.33)
[33/294]	0.540 (2.874)	95.00 (35.15)
[34/294]	0.695 (2.812)	55.00 (35.71)
[35/294]	0.433 (2.746)	95.00 (37.36)
[36/294]	0.252 (2.679)	100.00 (39.05)
[37/294]	0.547 (2.622)	80.00 (40.13)
[38/294]	1.015 (2.581)	30.00 (39.87)
[39/294]	0.830 (2.537)	60.00 (40.38)
[40/294]	0.622 (2.491)	80.00 (41.34)
[41/294]	0.652 (2.447)	60.00 (41.79)
[42/294]	0.718 (2.407)	55.00 (42.09)
[43/294]	0.614 (2.366)	70.00 (42.73)
[44/294]	0.428 (2.323)	80.00 (43.56)
[45/294]	0.210 (2.277)	100.00 (44.78)
[46/294]	0.285 (2.235)	95.00 (45.85)
[47/294]	0.222 (2.193)	95.00 (46.88)
[48/294]	0.296 (2.154)	90.00 (47.76)
[49/294]	0.878 (2.128)	50.00 (47.80)
[50/294]	0.658 (2.100)	80.00 (48.43)
[51/294]	0.355 (2.066)	90.00 (49.23)
[52/294]	0.205 (2.031)	100.00 (50.19)
[53/294]	0.342 (2.000)	80.00 (50.74)
[54/294]	0.385 (1.970)	85.00 (51.36)
[55/294]	0.260 (1.940)	85.00 (51.96)
[56/294]	0.187 (1.909)	100.00 (52.81)
[57/294]	0.232 (1.880)	95.00 (53.53)
[58/294]	0.422 (1.855)	95.00 (54.24)
[59/294]	0.214 (1.828)	100.00 (55.00)
[60/294]	0.210 (1.801)	100.00 (55.74)
[61/294]	0.230 (1.776)	100.00 (56.45)
[62/294]	0.160 (1.750)	100.00 (57.14)
[63/294]	0.335 (1.728)	100.00 (57.81)
[64/294]	0.262 (1.706)	100.00 (58.46)
[65/294]	0.208 (1.683)	100.00 (59.09)
[66/294]	0.165 (1.660)	100.00 (59.70)
[67/294]	0.284 (1.640)	95.00 (60.22)
[68/294]	0.356 (1.622)	85.00 (60.58)
[69/294]	0.288 (1.603)	95.00 (61.07)
[70/294]	0.329 (1.585)	95.00 (61.55)
[71/294]	0.723 (1.573)	60.00 (61.53)
[72/294]	0.563 (1.559)	80.00 (61.78)
[73/294]	0.269 (1.541)	90.00 (62.16)
[74/294]	0.893 (1.533)	50.00 (62.00)
[75/294]	0.763 (1.523)	65.00 (62.04)
[76/294]	0.265 (1.506)	100.00 (62.53)
[77/294]	0.068 (1.488)	100.00 (63.01)
[78/294]	0.444 (1.475)	75.00 (63.16)
[79/294]	0.642 (1.464)	65.00 (63.19)
[80/294]	0.416 (1.451)	75.00 (63.33)
[81/294]	0.196 (1.436)	100.00 (63.78)
[82/294]	0.189 (1.421)	100.00 (64.22)
[83/294]	0.293 (1.408)	90.00 (64.52)
[84/294]	0.149 (1.393)	100.00 (64.94)
[85/294]	0.366 (1.381)	100.00 (65.35)
[86/294]	0.410 (1.370)	85.00 (65.57)
[87/294]	0.733 (1.362)	50.00 (65.40)
[88/294]	0.889 (1.357)	50.00 (65.22)
[89/294]	0.736 (1.350)	60.00 (65.17)
[90/294]	0.112 (1.337)	100.00 (65.55)
[91/294]	0.219 (1.324)	95.00 (65.87)
[92/294]	0.200 (1.312)	95.00 (66.18)
[93/294]	0.123 (1.300)	95.00 (66.49)
[94/294]	0.518 (1.291)	80.00 (66.63)
[95/294]	0.210 (1.280)	90.00 (66.88)
[96/294]	0.109 (1.268)	100.00 (67.22)
[97/294]	0.034 (1.256)	100.00 (67.55)
[98/294]	0.125 (1.244)	100.00 (67.88)
[99/294]	0.147 (1.233)	100.00 (68.20)
[100/294]	0.148 (1.222)	100.00 (68.51)
[101/294]	0.251 (1.213)	95.00 (68.77)
[102/294]	0.150 (1.203)	100.00 (69.08)
[103/294]	0.083 (1.192)	100.00 (69.38)
[104/294]	0.094 (1.181)	95.00 (69.62)
[105/294]	0.038 (1.171)	100.00 (69.91)
[106/294]	0.109 (1.161)	100.00 (70.19)
[107/294]	0.125 (1.151)	100.00 (70.46)
[108/294]	0.022 (1.141)	100.00 (70.73)
[109/294]	0.052 (1.131)	100.00 (71.00)
[110/294]	0.144 (1.122)	95.00 (71.22)
[111/294]	0.389 (1.115)	75.00 (71.25)
[112/294]	0.065 (1.106)	100.00 (71.50)
[113/294]	0.113 (1.097)	100.00 (71.75)
[114/294]	0.175 (1.089)	90.00 (71.91)
[115/294]	0.542 (1.085)	75.00 (71.94)
[116/294]	0.210 (1.077)	95.00 (72.14)
[117/294]	0.099 (1.069)	100.00 (72.37)
[118/294]	0.264 (1.062)	100.00 (72.61)
[119/294]	0.026 (1.053)	100.00 (72.83)
[120/294]	0.038 (1.045)	100.00 (73.06)
[121/294]	0.135 (1.038)	100.00 (73.28)
[122/294]	0.803 (1.036)	35.00 (72.97)
[123/294]	0.297 (1.030)	85.00 (73.06)
[124/294]	0.360 (1.024)	80.00 (73.12)
[125/294]	0.353 (1.019)	90.00 (73.25)
[126/294]	0.358 (1.014)	90.00 (73.39)
[127/294]	0.214 (1.008)	90.00 (73.52)
[128/294]	0.095 (1.000)	100.00 (73.72)
[129/294]	0.255 (0.995)	90.00 (73.85)
[130/294]	0.108 (0.988)	95.00 (74.01)
[131/294]	0.184 (0.982)	85.00 (74.09)
[132/294]	0.484 (0.978)	70.00 (74.06)
[133/294]	0.151 (0.972)	100.00 (74.25)
[134/294]	0.131 (0.966)	100.00 (74.44)
[135/294]	0.164 (0.960)	95.00 (74.60)
[136/294]	0.265 (0.955)	90.00 (74.71)
[137/294]	0.257 (0.950)	100.00 (74.89)
[138/294]	0.074 (0.943)	100.00 (75.07)
[139/294]	0.022 (0.937)	100.00 (75.25)
[140/294]	0.201 (0.932)	90.00 (75.35)
[141/294]	0.118 (0.926)	100.00 (75.53)
[142/294]	0.127 (0.920)	95.00 (75.66)
[143/294]	0.080 (0.914)	100.00 (75.83)
[144/294]	0.218 (0.910)	95.00 (75.97)
[145/294]	0.104 (0.904)	100.00 (76.13)
[146/294]	0.307 (0.900)	85.00 (76.19)
[147/294]	0.294 (0.896)	80.00 (76.22)
[148/294]	0.219 (0.891)	85.00 (76.28)
[149/294]	0.053 (0.886)	100.00 (76.43)
[150/294]	0.035 (0.880)	100.00 (76.59)
[151/294]	0.043 (0.875)	100.00 (76.74)
[152/294]	0.327 (0.871)	90.00 (76.83)
[153/294]	0.252 (0.867)	95.00 (76.95)
[154/294]	0.073 (0.862)	100.00 (77.10)
[155/294]	0.145 (0.857)	95.00 (77.21)
[156/294]	0.156 (0.853)	95.00 (77.32)
[157/294]	0.209 (0.849)	95.00 (77.44)
[158/294]	0.181 (0.845)	90.00 (77.52)
[159/294]	0.210 (0.841)	90.00 (77.59)
[160/294]	0.207 (0.837)	90.00 (77.67)
[161/294]	0.034 (0.832)	100.00 (77.81)
[162/294]	0.410 (0.829)	90.00 (77.88)
[163/294]	0.495 (0.827)	80.00 (77.90)
[164/294]	0.156 (0.823)	100.00 (78.03)
[165/294]	0.377 (0.820)	90.00 (78.10)
[166/294]	0.327 (0.817)	90.00 (78.17)
[167/294]	0.316 (0.814)	90.00 (78.24)
[168/294]	0.229 (0.811)	100.00 (78.37)
[169/294]	0.120 (0.807)	100.00 (78.50)
[170/294]	0.073 (0.803)	100.00 (78.63)
[171/294]	0.105 (0.799)	100.00 (78.75)
[172/294]	0.418 (0.796)	70.00 (78.70)
[173/294]	0.448 (0.794)	75.00 (78.68)
[174/294]	0.202 (0.791)	100.00 (78.80)
[175/294]	0.650 (0.790)	75.00 (78.78)
[176/294]	0.345 (0.788)	90.00 (78.84)
[177/294]	0.046 (0.784)	100.00 (78.96)
