=============Stream Learning Run 0=============
Changing output layer to contain 12 classes
============BEGINNING STREAM LEARNING============
=============Training Task 0=============
Active output nodes for this task: 
[0, 1]
=============Training Epoch 0=============
#reg terms:  0
Batch	 Loss		 Acc
[0/294]	1.884 (1.884)	45.00 (45.00)
[1/294]	1.394 (1.639)	45.00 (45.00)
[2/294]	1.361 (1.546)	50.00 (46.67)
[3/294]	1.244 (1.471)	50.00 (47.50)
[4/294]	1.046 (1.386)	35.00 (45.00)
[5/294]	0.910 (1.307)	50.00 (45.83)
[6/294]	0.658 (1.214)	55.00 (47.14)
[7/294]	0.796 (1.162)	55.00 (48.12)
[8/294]	0.580 (1.097)	70.00 (50.56)
[9/294]	0.576 (1.045)	75.00 (53.00)
[10/294]	0.861 (1.028)	40.00 (51.82)
[11/294]	0.905 (1.018)	20.00 (49.17)
[12/294]	0.717 (0.995)	60.00 (50.00)
[13/294]	0.718 (0.975)	65.00 (51.07)
[14/294]	1.199 (0.990)	30.00 (49.67)
[15/294]	1.080 (0.995)	30.00 (48.44)
[16/294]	0.879 (0.989)	30.00 (47.35)
[17/294]	0.786 (0.977)	50.00 (47.50)
[18/294]	0.787 (0.967)	55.00 (47.89)
[19/294]	0.865 (0.962)	45.00 (47.75)
[20/294]	0.771 (0.953)	35.00 (47.14)
[21/294]	0.920 (0.952)	60.00 (47.73)
[22/294]	0.890 (0.949)	40.00 (47.39)
[23/294]	0.757 (0.941)	40.00 (47.08)
[24/294]	0.657 (0.930)	75.00 (48.20)
[25/294]	0.663 (0.919)	65.00 (48.85)
[26/294]	0.758 (0.913)	45.00 (48.70)
[27/294]	0.952 (0.915)	45.00 (48.57)
[28/294]	0.615 (0.904)	60.00 (48.97)
[29/294]	0.502 (0.891)	80.00 (50.00)
[30/294]	0.509 (0.879)	85.00 (51.13)
[31/294]	0.973 (0.882)	10.00 (49.84)
[32/294]	0.768 (0.878)	60.00 (50.15)
[33/294]	0.601 (0.870)	80.00 (51.03)
[34/294]	0.658 (0.864)	65.00 (51.43)
[35/294]	0.501 (0.854)	75.00 (52.08)
[36/294]	0.671 (0.849)	55.00 (52.16)
[37/294]	0.812 (0.848)	35.00 (51.71)
[38/294]	0.559 (0.841)	70.00 (52.18)
[39/294]	0.635 (0.835)	60.00 (52.38)
[40/294]	0.746 (0.833)	40.00 (52.07)
[41/294]	0.706 (0.830)	60.00 (52.26)
[42/294]	0.632 (0.826)	65.00 (52.56)
[43/294]	0.660 (0.822)	50.00 (52.50)
[44/294]	0.957 (0.825)	50.00 (52.44)
[45/294]	0.507 (0.818)	80.00 (53.04)
[46/294]	0.699 (0.815)	55.00 (53.09)
[47/294]	0.892 (0.817)	40.00 (52.81)
[48/294]	0.790 (0.816)	55.00 (52.86)
[49/294]	0.613 (0.812)	65.00 (53.10)
[50/294]	0.659 (0.809)	55.00 (53.14)
[51/294]	0.588 (0.805)	75.00 (53.56)
[52/294]	0.560 (0.800)	85.00 (54.15)
[53/294]	0.514 (0.795)	85.00 (54.72)
[54/294]	0.450 (0.789)	85.00 (55.27)
[55/294]	0.770 (0.789)	50.00 (55.18)
[56/294]	0.489 (0.783)	80.00 (55.61)
[57/294]	0.464 (0.778)	80.00 (56.03)
[58/294]	0.688 (0.776)	65.00 (56.19)
[59/294]	0.505 (0.772)	60.00 (56.25)
[60/294]	0.600 (0.769)	65.00 (56.39)
[61/294]	0.781 (0.769)	50.00 (56.29)
[62/294]	0.794 (0.770)	50.00 (56.19)
[63/294]	0.609 (0.767)	55.00 (56.17)
[64/294]	0.647 (0.765)	50.00 (56.08)
[65/294]	0.687 (0.764)	60.00 (56.14)
[66/294]	0.468 (0.760)	80.00 (56.49)
[67/294]	0.605 (0.757)	65.00 (56.62)
[68/294]	0.635 (0.756)	60.00 (56.67)
[69/294]	0.720 (0.755)	40.00 (56.43)
[70/294]	0.599 (0.753)	85.00 (56.83)
[71/294]	0.435 (0.748)	90.00 (57.29)
[72/294]	0.446 (0.744)	90.00 (57.74)
[73/294]	0.432 (0.740)	100.00 (58.31)
[74/294]	0.427 (0.736)	90.00 (58.73)
[75/294]	0.500 (0.733)	80.00 (59.01)
[76/294]	0.608 (0.731)	65.00 (59.09)
[77/294]	0.444 (0.727)	90.00 (59.49)
[78/294]	0.427 (0.724)	85.00 (59.81)
[79/294]	0.430 (0.720)	85.00 (60.12)
[80/294]	0.612 (0.719)	75.00 (60.31)
[81/294]	0.472 (0.716)	85.00 (60.61)
[82/294]	0.494 (0.713)	80.00 (60.84)
[83/294]	0.522 (0.711)	70.00 (60.95)
[84/294]	0.602 (0.709)	60.00 (60.94)
[85/294]	0.486 (0.707)	85.00 (61.22)
[86/294]	0.390 (0.703)	95.00 (61.61)
[87/294]	0.542 (0.701)	75.00 (61.76)
[88/294]	0.344 (0.697)	95.00 (62.13)
[89/294]	0.316 (0.693)	95.00 (62.50)
[90/294]	0.268 (0.688)	95.00 (62.86)
[91/294]	0.558 (0.687)	85.00 (63.10)
[92/294]	0.519 (0.685)	85.00 (63.33)
[93/294]	0.615 (0.684)	70.00 (63.40)
[94/294]	0.629 (0.684)	60.00 (63.37)
[95/294]	0.353 (0.680)	90.00 (63.65)
[96/294]	0.454 (0.678)	85.00 (63.87)
[97/294]	0.402 (0.675)	90.00 (64.13)
[98/294]	0.342 (0.672)	100.00 (64.49)
[99/294]	0.501 (0.670)	70.00 (64.55)
[100/294]	0.673 (0.670)	55.00 (64.46)
[101/294]	0.465 (0.668)	60.00 (64.41)
[102/294]	0.582 (0.667)	60.00 (64.37)
[103/294]	0.560 (0.666)	80.00 (64.52)
[104/294]	0.584 (0.666)	75.00 (64.62)
[105/294]	0.191 (0.661)	100.00 (64.95)
[106/294]	0.196 (0.657)	100.00 (65.28)
[107/294]	0.334 (0.654)	95.00 (65.56)
[108/294]	0.342 (0.651)	95.00 (65.83)
[109/294]	0.554 (0.650)	65.00 (65.82)
[110/294]	0.744 (0.651)	50.00 (65.68)
[111/294]	0.831 (0.652)	50.00 (65.54)
[112/294]	0.462 (0.651)	85.00 (65.71)
[113/294]	0.598 (0.650)	75.00 (65.79)
[114/294]	0.574 (0.650)	65.00 (65.78)
[115/294]	0.369 (0.647)	100.00 (66.08)
[116/294]	0.622 (0.647)	65.00 (66.07)
[117/294]	0.571 (0.646)	75.00 (66.14)
[118/294]	0.414 (0.644)	85.00 (66.30)
[119/294]	0.571 (0.644)	75.00 (66.38)
[120/294]	0.388 (0.642)	75.00 (66.45)
[121/294]	0.248 (0.638)	100.00 (66.72)
[122/294]	0.435 (0.637)	90.00 (66.91)
[123/294]	0.640 (0.637)	60.00 (66.85)
[124/294]	0.697 (0.637)	35.00 (66.60)
[125/294]	0.358 (0.635)	90.00 (66.79)
[126/294]	0.600 (0.635)	75.00 (66.85)
[127/294]	0.388 (0.633)	85.00 (66.99)
[128/294]	0.349 (0.631)	95.00 (67.21)
[129/294]	0.411 (0.629)	95.00 (67.42)
[130/294]	0.296 (0.626)	100.00 (67.67)
[131/294]	0.273 (0.624)	95.00 (67.88)
[132/294]	0.461 (0.623)	80.00 (67.97)
[133/294]	0.307 (0.620)	100.00 (68.21)
[134/294]	0.359 (0.618)	95.00 (68.41)
[135/294]	0.399 (0.617)	80.00 (68.49)
[136/294]	0.237 (0.614)	100.00 (68.72)
[137/294]	0.240 (0.611)	100.00 (68.95)
[138/294]	0.329 (0.609)	95.00 (69.14)
[139/294]	0.241 (0.607)	100.00 (69.36)
[140/294]	0.304 (0.604)	95.00 (69.54)
[141/294]	0.336 (0.602)	95.00 (69.72)
[142/294]	0.326 (0.601)	90.00 (69.86)
[143/294]	0.236 (0.598)	95.00 (70.03)
[144/294]	0.489 (0.597)	90.00 (70.17)
[145/294]	0.560 (0.597)	80.00 (70.24)
[146/294]	0.489 (0.596)	75.00 (70.27)
[147/294]	0.427 (0.595)	80.00 (70.34)
[148/294]	0.439 (0.594)	85.00 (70.44)
[149/294]	0.219 (0.592)	95.00 (70.60)
[150/294]	0.229 (0.589)	100.00 (70.79)
[151/294]	0.378 (0.588)	85.00 (70.89)
[152/294]	0.380 (0.586)	95.00 (71.05)
[153/294]	0.319 (0.585)	85.00 (71.14)
[154/294]	0.762 (0.586)	40.00 (70.94)
[155/294]	0.395 (0.585)	85.00 (71.03)
[156/294]	0.319 (0.583)	90.00 (71.15)
[157/294]	0.534 (0.583)	65.00 (71.11)
[158/294]	0.424 (0.582)	90.00 (71.23)
[159/294]	0.491 (0.581)	80.00 (71.28)
[160/294]	0.478 (0.580)	75.00 (71.30)
[161/294]	0.334 (0.579)	75.00 (71.33)
[162/294]	0.313 (0.577)	95.00 (71.47)
[163/294]	0.342 (0.576)	95.00 (71.62)
[164/294]	0.300 (0.574)	85.00 (71.70)
[165/294]	0.382 (0.573)	80.00 (71.75)
[166/294]	0.355 (0.572)	95.00 (71.89)
[167/294]	0.430 (0.571)	90.00 (71.99)
[168/294]	0.500 (0.570)	80.00 (72.04)
[169/294]	0.300 (0.569)	90.00 (72.15)
[170/294]	0.352 (0.568)	85.00 (72.22)
[171/294]	0.425 (0.567)	85.00 (72.30)
[172/294]	0.142 (0.564)	100.00 (72.46)
[173/294]	0.317 (0.563)	90.00 (72.56)
[174/294]	0.485 (0.562)	80.00 (72.60)
[175/294]	0.390 (0.561)	75.00 (72.61)
[176/294]	0.351 (0.560)	85.00 (72.68)
[177/294]	0.397 (0.559)	80.00 (72.72)
[178/294]	0.483 (0.559)	75.00 (72.74)
[179/294]	0.419 (0.558)	95.00 (72.86)
[180/294]	0.427 (0.557)	90.00 (72.96)
[181/294]	0.300 (0.556)	90.00 (73.05)
[182/294]	0.129 (0.554)	100.00 (73.20)
[183/294]	0.123 (0.551)	100.00 (73.34)
[184/294]	0.179 (0.549)	100.00 (73.49)
[185/294]	0.441 (0.549)	90.00 (73.58)
[186/294]	0.450 (0.548)	70.00 (73.56)
[187/294]	0.473 (0.548)	80.00 (73.59)
[188/294]	0.634 (0.548)	70.00 (73.57)
[189/294]	0.362 (0.547)	85.00 (73.63)
[190/294]	0.262 (0.546)	95.00 (73.74)
[191/294]	0.277 (0.544)	90.00 (73.83)
[192/294]	0.248 (0.543)	95.00 (73.94)
[193/294]	0.274 (0.541)	100.00 (74.07)
[194/294]	0.366 (0.541)	85.00 (74.13)
[195/294]	0.300 (0.539)	90.00 (74.21)
[196/294]	0.157 (0.537)	100.00 (74.34)
[197/294]	0.471 (0.537)	75.00 (74.34)
[198/294]	0.573 (0.537)	60.00 (74.27)
[199/294]	0.104 (0.535)	100.00 (74.40)
[200/294]	0.207 (0.533)	100.00 (74.53)
[201/294]	0.196 (0.532)	95.00 (74.63)
[202/294]	0.206 (0.530)	100.00 (74.75)
[203/294]	0.250 (0.529)	95.00 (74.85)
[204/294]	0.348 (0.528)	90.00 (74.93)
[205/294]	0.297 (0.527)	100.00 (75.05)
[206/294]	0.088 (0.525)	100.00 (75.17)
[207/294]	0.203 (0.523)	95.00 (75.26)
[208/294]	0.214 (0.522)	95.00 (75.36)
[209/294]	0.706 (0.523)	70.00 (75.33)
[210/294]	0.238 (0.521)	95.00 (75.43)
[211/294]	0.298 (0.520)	90.00 (75.50)
[212/294]	0.243 (0.519)	95.00 (75.59)
[213/294]	0.185 (0.517)	95.00 (75.68)
[214/294]	0.218 (0.516)	100.00 (75.79)
[215/294]	0.230 (0.515)	100.00 (75.90)
[216/294]	0.156 (0.513)	100.00 (76.01)
[217/294]	0.470 (0.513)	80.00 (76.03)
[218/294]	0.347 (0.512)	85.00 (76.07)
[219/294]	0.238 (0.511)	95.00 (76.16)
[220/294]	0.322 (0.510)	80.00 (76.18)
[221/294]	0.298 (0.509)	90.00 (76.24)
[222/294]	0.433 (0.509)	80.00 (76.26)
[223/294]	0.381 (0.508)	90.00 (76.32)
[224/294]	0.349 (0.507)	80.00 (76.33)
[225/294]	0.478 (0.507)	75.00 (76.33)
[226/294]	0.492 (0.507)	75.00 (76.32)
[227/294]	0.492 (0.507)	85.00 (76.36)
[228/294]	0.565 (0.507)	70.00 (76.33)
[229/294]	0.194 (0.506)	95.00 (76.41)
[230/294]	0.015 (0.504)	100.00 (76.52)
[231/294]	0.377 (0.503)	90.00 (76.57)
[232/294]	0.322 (0.502)	85.00 (76.61)
[233/294]	0.179 (0.501)	100.00 (76.71)
[234/294]	0.224 (0.500)	100.00 (76.81)
[235/294]	0.313 (0.499)	90.00 (76.86)
[236/294]	0.344 (0.498)	80.00 (76.88)
[237/294]	0.335 (0.498)	90.00 (76.93)
[238/294]	0.118 (0.496)	100.00 (77.03)
[239/294]	0.101 (0.495)	100.00 (77.12)
[240/294]	0.183 (0.493)	100.00 (77.22)
[241/294]	0.180 (0.492)	100.00 (77.31)
[242/294]	0.252 (0.491)	90.00 (77.37)
[243/294]	0.245 (0.490)	85.00 (77.40)
[244/294]	0.470 (0.490)	80.00 (77.41)
[245/294]	0.436 (0.490)	80.00 (77.42)
[246/294]	0.307 (0.489)	90.00 (77.47)
[247/294]	0.285 (0.488)	90.00 (77.52)
[248/294]	0.108 (0.487)	100.00 (77.61)
[249/294]	0.087 (0.485)	100.00 (77.70)
[250/294]	0.179 (0.484)	95.00 (77.77)
[251/294]	0.390 (0.483)	90.00 (77.82)
[252/294]	0.168 (0.482)	100.00 (77.91)
[253/294]	0.210 (0.481)	95.00 (77.97)
[254/294]	0.270 (0.480)	90.00 (78.02)
[255/294]	0.507 (0.480)	70.00 (77.99)
[256/294]	0.163 (0.479)	100.00 (78.07)
[257/294]	0.130 (0.478)	100.00 (78.16)
[258/294]	0.101 (0.476)	100.00 (78.24)
[259/294]	0.061 (0.475)	100.00 (78.33)
[260/294]	0.047 (0.473)	100.00 (78.41)
[261/294]	0.048 (0.471)	100.00 (78.49)
[262/294]	0.125 (0.470)	100.00 (78.57)
[263/294]	0.255 (0.469)	100.00 (78.66)
[264/294]	0.352 (0.469)	90.00 (78.70)
[265/294]	0.446 (0.469)	75.00 (78.68)
[266/294]	0.201 (0.468)	90.00 (78.73)
[267/294]	0.225 (0.467)	90.00 (78.77)
[268/294]	0.295 (0.466)	90.00 (78.81)
[269/294]	0.184 (0.465)	95.00 (78.87)
[270/294]	0.219 (0.464)	100.00 (78.95)
[271/294]	0.289 (0.464)	85.00 (78.97)
[272/294]	0.462 (0.464)	85.00 (78.99)
[273/294]	0.112 (0.462)	95.00 (79.05)
[274/294]	0.271 (0.462)	90.00 (79.09)
[275/294]	0.269 (0.461)	90.00 (79.13)
[276/294]	0.297 (0.460)	100.00 (79.21)
[277/294]	0.235 (0.460)	100.00 (79.28)
[278/294]	0.286 (0.459)	85.00 (79.30)
[279/294]	0.438 (0.459)	70.00 (79.27)
[280/294]	0.066 (0.457)	100.00 (79.34)
[281/294]	0.195 (0.456)	90.00 (79.38)
[282/294]	0.257 (0.456)	95.00 (79.43)
[283/294]	0.359 (0.455)	80.00 (79.44)
[284/294]	0.185 (0.454)	95.00 (79.49)
[285/294]	0.175 (0.454)	100.00 (79.56)
[286/294]	0.209 (0.453)	90.00 (79.60)
[287/294]	0.134 (0.452)	100.00 (79.67)
[288/294]	0.200 (0.451)	95.00 (79.72)
[289/294]	0.185 (0.450)	100.00 (79.79)
[290/294]	0.076 (0.448)	95.00 (79.85)
[291/294]	0.042 (0.447)	100.00 (79.91)
[292/294]	0.113 (0.446)	100.00 (79.98)
[293/294]	0.136 (0.445)	95.00 (80.03)
 * Train Acc: 80.034
 * Avg. Data time: 0.005, Avg. Batch time: 0.053, Avg. Forward time: 0.004, Avg. Backward time: 0.040
Computing SI
 * Val Acc: 89.855, Time: 1.37
 * Test Acc: 92.842, Time: 2.19
=============Training Task 1=============
Active output nodes for this task: 
[0, 1, 2, 3]
=============Training Epoch 0=============
#reg terms:  1
Batch	 Loss		 Acc
[0/294]	3.198 (3.198)	0.00 (0.00)
[1/294]	3.282 (3.240)	0.00 (0.00)
[2/294]	3.391 (3.290)	0.00 (0.00)
[3/294]	2.535 (3.102)	0.00 (0.00)
[4/294]	2.142 (2.910)	10.00 (2.00)
[5/294]	1.946 (2.749)	0.00 (1.67)
[6/294]	2.248 (2.677)	0.00 (1.43)
[7/294]	1.552 (2.537)	45.00 (6.88)
[8/294]	1.570 (2.429)	50.00 (11.67)
[9/294]	1.362 (2.323)	45.00 (15.00)
[10/294]	1.330 (2.232)	45.00 (17.73)
[11/294]	1.393 (2.162)	45.00 (20.00)
[12/294]	1.269 (2.094)	50.00 (22.31)
[13/294]	0.799 (2.001)	60.00 (25.00)
[14/294]	1.238 (1.950)	40.00 (26.00)
[15/294]	0.942 (1.887)	50.00 (27.50)
[16/294]	0.932 (1.831)	50.00 (28.82)
[17/294]	0.737 (1.770)	55.00 (30.28)
[18/294]	0.765 (1.717)	55.00 (31.58)
[19/294]	0.773 (1.670)	50.00 (32.50)
[20/294]	1.062 (1.641)	25.00 (32.14)
[21/294]	0.763 (1.601)	55.00 (33.18)
[22/294]	0.928 (1.572)	45.00 (33.70)
[23/294]	0.877 (1.543)	50.00 (34.38)
[24/294]	0.794 (1.513)	55.00 (35.20)
[25/294]	0.922 (1.490)	50.00 (35.77)
[26/294]	0.808 (1.465)	50.00 (36.30)
[27/294]	0.549 (1.432)	75.00 (37.68)
[28/294]	0.635 (1.405)	65.00 (38.62)
[29/294]	0.374 (1.371)	85.00 (40.17)
[30/294]	0.781 (1.351)	65.00 (40.97)
[31/294]	0.693 (1.331)	60.00 (41.56)
[32/294]	0.682 (1.311)	55.00 (41.97)
[33/294]	0.336 (1.283)	85.00 (43.24)
[34/294]	0.362 (1.256)	95.00 (44.71)
[35/294]	0.561 (1.237)	75.00 (45.56)
[36/294]	0.567 (1.219)	85.00 (46.62)
[37/294]	0.548 (1.201)	90.00 (47.76)
[38/294]	0.551 (1.184)	80.00 (48.59)
[39/294]	0.669 (1.172)	60.00 (48.88)
[40/294]	0.774 (1.162)	55.00 (49.02)
[41/294]	0.865 (1.155)	60.00 (49.29)
[42/294]	0.890 (1.149)	50.00 (49.30)
[43/294]	0.557 (1.135)	80.00 (50.00)
[44/294]	0.763 (1.127)	50.00 (50.00)
[45/294]	0.704 (1.118)	60.00 (50.22)
[46/294]	0.645 (1.108)	70.00 (50.64)
[47/294]	0.705 (1.099)	60.00 (50.83)
[48/294]	0.862 (1.094)	50.00 (50.82)
[49/294]	0.639 (1.085)	70.00 (51.20)
[50/294]	0.480 (1.074)	80.00 (51.76)
[51/294]	0.584 (1.064)	70.00 (52.12)
[52/294]	0.957 (1.062)	35.00 (51.79)
[53/294]	0.964 (1.060)	40.00 (51.57)
[54/294]	0.794 (1.055)	55.00 (51.64)
[55/294]	0.687 (1.049)	65.00 (51.88)
[56/294]	0.723 (1.043)	60.00 (52.02)
[57/294]	0.849 (1.040)	60.00 (52.16)
[58/294]	0.702 (1.034)	65.00 (52.37)
[59/294]	0.522 (1.026)	80.00 (52.83)
[60/294]	0.449 (1.016)	80.00 (53.28)
[61/294]	0.564 (1.009)	65.00 (53.47)
[62/294]	0.569 (1.002)	65.00 (53.65)
[63/294]	0.535 (0.995)	65.00 (53.83)
[64/294]	0.656 (0.989)	65.00 (54.00)
[65/294]	0.402 (0.980)	90.00 (54.55)
[66/294]	0.539 (0.974)	70.00 (54.78)
[67/294]	0.844 (0.972)	50.00 (54.71)
[68/294]	0.361 (0.963)	100.00 (55.36)
[69/294]	0.692 (0.959)	65.00 (55.50)
[70/294]	0.875 (0.958)	35.00 (55.21)
[71/294]	0.713 (0.955)	50.00 (55.14)
[72/294]	0.746 (0.952)	60.00 (55.21)
[73/294]	0.501 (0.946)	75.00 (55.47)
[74/294]	0.305 (0.937)	95.00 (56.00)
[75/294]	0.280 (0.928)	95.00 (56.51)
[76/294]	0.453 (0.922)	85.00 (56.88)
[77/294]	0.363 (0.915)	95.00 (57.37)
[78/294]	0.407 (0.909)	90.00 (57.78)
[79/294]	0.605 (0.905)	65.00 (57.88)
[80/294]	0.516 (0.900)	70.00 (58.02)
[81/294]	0.405 (0.894)	85.00 (58.35)
[82/294]	0.330 (0.887)	95.00 (58.80)
[83/294]	0.556 (0.883)	70.00 (58.93)
[84/294]	0.558 (0.879)	75.00 (59.12)
[85/294]	0.404 (0.874)	80.00 (59.36)
[86/294]	0.499 (0.870)	85.00 (59.66)
[87/294]	0.456 (0.865)	85.00 (59.94)
[88/294]	0.352 (0.859)	90.00 (60.28)
[89/294]	0.870 (0.859)	40.00 (60.06)
[90/294]	0.885 (0.860)	55.00 (60.00)
[91/294]	0.678 (0.858)	60.00 (60.00)
[92/294]	0.719 (0.856)	55.00 (59.95)
[93/294]	0.562 (0.853)	60.00 (59.95)
[94/294]	0.545 (0.850)	75.00 (60.11)
[95/294]	0.664 (0.848)	50.00 (60.00)
[96/294]	0.421 (0.843)	90.00 (60.31)
[97/294]	0.488 (0.840)	90.00 (60.61)
[98/294]	0.774 (0.839)	45.00 (60.45)
[99/294]	0.755 (0.838)	65.00 (60.50)
[100/294]	0.319 (0.833)	90.00 (60.79)
[101/294]	0.418 (0.829)	85.00 (61.03)
[102/294]	0.589 (0.827)	70.00 (61.12)
[103/294]	0.164 (0.820)	100.00 (61.49)
[104/294]	0.353 (0.816)	80.00 (61.67)
[105/294]	0.632 (0.814)	60.00 (61.65)
[106/294]	0.843 (0.814)	50.00 (61.54)
[107/294]	0.473 (0.811)	85.00 (61.76)
[108/294]	0.365 (0.807)	100.00 (62.11)
[109/294]	0.319 (0.803)	95.00 (62.41)
[110/294]	0.697 (0.802)	60.00 (62.39)
[111/294]	0.536 (0.799)	75.00 (62.50)
[112/294]	0.654 (0.798)	65.00 (62.52)
[113/294]	0.561 (0.796)	75.00 (62.63)
[114/294]	0.225 (0.791)	95.00 (62.91)
[115/294]	0.324 (0.787)	90.00 (63.15)
[116/294]	0.294 (0.783)	95.00 (63.42)
[117/294]	0.361 (0.779)	85.00 (63.60)
[118/294]	0.708 (0.779)	55.00 (63.53)
[119/294]	0.561 (0.777)	65.00 (63.54)
[120/294]	0.352 (0.773)	90.00 (63.76)
[121/294]	0.447 (0.771)	80.00 (63.89)
[122/294]	0.423 (0.768)	75.00 (63.98)
[123/294]	0.499 (0.766)	75.00 (64.07)
[124/294]	0.656 (0.765)	65.00 (64.08)
[125/294]	0.383 (0.762)	85.00 (64.25)
[126/294]	0.391 (0.759)	85.00 (64.41)
[127/294]	0.269 (0.755)	100.00 (64.69)
[128/294]	0.698 (0.755)	60.00 (64.65)
[129/294]	0.489 (0.753)	85.00 (64.81)
[130/294]	0.391 (0.750)	85.00 (64.96)
[131/294]	0.243 (0.746)	95.00 (65.19)
[132/294]	0.490 (0.744)	75.00 (65.26)
[133/294]	0.346 (0.741)	90.00 (65.45)
[134/294]	0.311 (0.738)	95.00 (65.67)
[135/294]	0.095 (0.733)	100.00 (65.92)
[136/294]	0.108 (0.729)	100.00 (66.17)
[137/294]	0.243 (0.725)	95.00 (66.38)
[138/294]	0.938 (0.727)	60.00 (66.33)
[139/294]	0.860 (0.728)	65.00 (66.32)
[140/294]	0.927 (0.729)	50.00 (66.21)
[141/294]	0.236 (0.725)	95.00 (66.41)
[142/294]	0.285 (0.722)	90.00 (66.57)
[143/294]	0.665 (0.722)	75.00 (66.63)
[144/294]	0.755 (0.722)	65.00 (66.62)
[145/294]	0.398 (0.720)	80.00 (66.71)
[146/294]	0.692 (0.720)	60.00 (66.67)
[147/294]	0.744 (0.720)	60.00 (66.62)
[148/294]	0.558 (0.719)	65.00 (66.61)
[149/294]	0.293 (0.716)	85.00 (66.73)
[150/294]	0.376 (0.714)	90.00 (66.89)
[151/294]	0.362 (0.712)	90.00 (67.04)
[152/294]	0.258 (0.709)	95.00 (67.22)
[153/294]	0.290 (0.706)	90.00 (67.37)
[154/294]	0.327 (0.703)	85.00 (67.48)
[155/294]	0.249 (0.700)	95.00 (67.66)
[156/294]	0.134 (0.697)	100.00 (67.87)
[157/294]	0.264 (0.694)	95.00 (68.04)
[158/294]	0.503 (0.693)	75.00 (68.08)
[159/294]	0.625 (0.692)	65.00 (68.06)
[160/294]	0.539 (0.692)	75.00 (68.11)
[161/294]	0.711 (0.692)	65.00 (68.09)
[162/294]	0.445 (0.690)	80.00 (68.16)
[163/294]	0.465 (0.689)	70.00 (68.17)
[164/294]	0.567 (0.688)	65.00 (68.15)
[165/294]	0.676 (0.688)	60.00 (68.10)
[166/294]	0.642 (0.688)	70.00 (68.11)
[167/294]	0.436 (0.686)	80.00 (68.18)
[168/294]	0.438 (0.685)	70.00 (68.20)
[169/294]	0.524 (0.684)	70.00 (68.21)
[170/294]	0.700 (0.684)	60.00 (68.16)
[171/294]	0.348 (0.682)	85.00 (68.26)
[172/294]	0.205 (0.679)	95.00 (68.41)
[173/294]	0.241 (0.677)	90.00 (68.53)
[174/294]	0.558 (0.676)	70.00 (68.54)
[175/294]	0.458 (0.675)	75.00 (68.58)
[176/294]	0.849 (0.676)	45.00 (68.45)
[177/294]	0.288 (0.674)	95.00 (68.60)
[178/294]	0.261 (0.671)	90.00 (68.72)
[179/294]	0.339 (0.669)	75.00 (68.75)
[180/294]	0.580 (0.669)	65.00 (68.73)
[181/294]	0.420 (0.668)	80.00 (68.79)
[182/294]	0.302 (0.666)	90.00 (68.91)
[183/294]	0.210 (0.663)	95.00 (69.05)
[184/294]	1.248 (0.666)	55.00 (68.97)
[185/294]	1.004 (0.668)	75.00 (69.01)
[186/294]	0.194 (0.665)	95.00 (69.14)
[187/294]	0.256 (0.663)	100.00 (69.31)
[188/294]	0.565 (0.663)	75.00 (69.34)
[189/294]	0.482 (0.662)	75.00 (69.37)
[190/294]	0.277 (0.660)	85.00 (69.45)
[191/294]	0.264 (0.658)	95.00 (69.58)
[192/294]	0.176 (0.655)	95.00 (69.72)
[193/294]	0.281 (0.653)	90.00 (69.82)
[194/294]	0.429 (0.652)	60.00 (69.77)
[195/294]	0.804 (0.653)	50.00 (69.67)
[196/294]	0.750 (0.653)	55.00 (69.59)
[197/294]	0.287 (0.652)	85.00 (69.67)
[198/294]	0.608 (0.651)	75.00 (69.70)
[199/294]	0.583 (0.651)	70.00 (69.70)
[200/294]	0.563 (0.651)	75.00 (69.73)
[201/294]	0.811 (0.651)	35.00 (69.55)
[202/294]	0.423 (0.650)	80.00 (69.61)
[203/294]	0.385 (0.649)	80.00 (69.66)
[204/294]	0.164 (0.647)	100.00 (69.80)
[205/294]	0.359 (0.645)	95.00 (69.93)
[206/294]	0.296 (0.644)	95.00 (70.05)
[207/294]	0.373 (0.642)	85.00 (70.12)
[208/294]	0.319 (0.641)	75.00 (70.14)
[209/294]	0.514 (0.640)	85.00 (70.21)
[210/294]	0.370 (0.639)	80.00 (70.26)
[211/294]	0.323 (0.637)	85.00 (70.33)
[212/294]	0.393 (0.636)	75.00 (70.35)
[213/294]	0.256 (0.634)	90.00 (70.44)
[214/294]	0.186 (0.632)	95.00 (70.56)
[215/294]	0.329 (0.631)	90.00 (70.65)
[216/294]	0.417 (0.630)	75.00 (70.67)
[217/294]	0.506 (0.629)	75.00 (70.69)
[218/294]	0.117 (0.627)	100.00 (70.82)
[219/294]	0.290 (0.625)	90.00 (70.91)
[220/294]	0.395 (0.624)	85.00 (70.97)
[221/294]	0.375 (0.623)	85.00 (71.04)
[222/294]	0.163 (0.621)	100.00 (71.17)
[223/294]	0.731 (0.622)	65.00 (71.14)
[224/294]	0.529 (0.621)	65.00 (71.11)
[225/294]	0.119 (0.619)	100.00 (71.24)
[226/294]	0.281 (0.618)	90.00 (71.32)
[227/294]	0.387 (0.617)	90.00 (71.40)
[228/294]	0.320 (0.615)	90.00 (71.48)
[229/294]	0.239 (0.614)	90.00 (71.57)
[230/294]	0.610 (0.614)	75.00 (71.58)
[231/294]	1.116 (0.616)	55.00 (71.51)
[232/294]	0.475 (0.615)	85.00 (71.57)
[233/294]	0.140 (0.613)	100.00 (71.69)
[234/294]	0.424 (0.612)	75.00 (71.70)
[235/294]	0.577 (0.612)	80.00 (71.74)
[236/294]	0.351 (0.611)	85.00 (71.79)
[237/294]	0.557 (0.611)	70.00 (71.79)
[238/294]	0.714 (0.611)	60.00 (71.74)
[239/294]	0.492 (0.611)	80.00 (71.77)
[240/294]	0.292 (0.609)	95.00 (71.87)
[241/294]	0.206 (0.608)	95.00 (71.96)
[242/294]	0.195 (0.606)	95.00 (72.06)
[243/294]	0.254 (0.605)	90.00 (72.13)
[244/294]	0.263 (0.603)	95.00 (72.22)
[245/294]	0.225 (0.602)	90.00 (72.30)
[246/294]	0.054 (0.600)	100.00 (72.41)
[247/294]	0.288 (0.598)	95.00 (72.50)
[248/294]	0.454 (0.598)	80.00 (72.53)
[249/294]	0.825 (0.599)	65.00 (72.50)
[250/294]	0.178 (0.597)	95.00 (72.59)
[251/294]	0.222 (0.595)	95.00 (72.68)
[252/294]	0.290 (0.594)	90.00 (72.75)
[253/294]	0.098 (0.592)	100.00 (72.85)
[254/294]	0.384 (0.591)	80.00 (72.88)
[255/294]	0.345 (0.591)	85.00 (72.93)
[256/294]	0.210 (0.589)	100.00 (73.04)
[257/294]	0.680 (0.589)	65.00 (73.00)
[258/294]	0.245 (0.588)	85.00 (73.05)
[259/294]	0.166 (0.586)	100.00 (73.15)
[260/294]	0.314 (0.585)	95.00 (73.24)
[261/294]	0.581 (0.585)	55.00 (73.17)
[262/294]	0.356 (0.584)	85.00 (73.21)
[263/294]	0.200 (0.583)	95.00 (73.30)
[264/294]	0.138 (0.581)	100.00 (73.40)
[265/294]	0.261 (0.580)	95.00 (73.48)
[266/294]	0.520 (0.580)	85.00 (73.52)
[267/294]	0.612 (0.580)	70.00 (73.51)
[268/294]	0.443 (0.580)	70.00 (73.49)
[269/294]	0.138 (0.578)	95.00 (73.57)
[270/294]	0.061 (0.576)	100.00 (73.67)
[271/294]	0.253 (0.575)	100.00 (73.77)
[272/294]	0.339 (0.574)	85.00 (73.81)
[273/294]	0.215 (0.573)	95.00 (73.89)
[274/294]	0.198 (0.571)	95.00 (73.96)
[275/294]	0.656 (0.572)	70.00 (73.95)
[276/294]	0.841 (0.573)	65.00 (73.92)
[277/294]	0.287 (0.572)	95.00 (73.99)
[278/294]	0.068 (0.570)	100.00 (74.09)
[279/294]	0.057 (0.568)	100.00 (74.18)
[280/294]	0.123 (0.566)	95.00 (74.25)
[281/294]	0.308 (0.565)	90.00 (74.31)
[282/294]	0.134 (0.564)	100.00 (74.40)
[283/294]	0.289 (0.563)	90.00 (74.45)
[284/294]	0.222 (0.562)	90.00 (74.51)
[285/294]	0.412 (0.561)	85.00 (74.55)
[286/294]	0.183 (0.560)	100.00 (74.63)
[287/294]	0.360 (0.559)	85.00 (74.67)
[288/294]	0.468 (0.559)	65.00 (74.64)
[289/294]	0.238 (0.558)	95.00 (74.71)
[290/294]	0.307 (0.557)	90.00 (74.76)
[291/294]	0.258 (0.556)	90.00 (74.81)
[292/294]	0.214 (0.555)	90.00 (74.86)
[293/294]	0.098 (0.554)	100.00 (74.89)
 * Train Acc: 74.889
 * Avg. Data time: 0.004, Avg. Batch time: 0.064, Avg. Forward time: 0.004, Avg. Backward time: 0.052
Computing SI
 * Val Acc: 41.400, Time: 1.86
 * Test Acc: 45.008, Time: 3.37
=============Training Task 2=============
Active output nodes for this task: 
[0, 1, 2, 3, 4, 5]
=============Training Epoch 0=============
#reg terms:  1
Batch	 Loss		 Acc
[0/294]	5.356 (5.356)	0.00 (0.00)
[1/294]	4.638 (4.997)	0.00 (0.00)
[2/294]	4.862 (4.952)	0.00 (0.00)
[3/294]	4.971 (4.957)	0.00 (0.00)
[4/294]	3.719 (4.709)	0.00 (0.00)
[5/294]	4.328 (4.646)	0.00 (0.00)
[6/294]	3.825 (4.528)	0.00 (0.00)
[7/294]	1.916 (4.202)	5.00 (0.62)
[8/294]	1.759 (3.930)	20.00 (2.78)
[9/294]	1.473 (3.685)	40.00 (6.50)
[10/294]	1.367 (3.474)	50.00 (10.45)
[11/294]	1.386 (3.300)	50.00 (13.75)
[12/294]	0.992 (3.122)	70.00 (18.08)
[13/294]	0.533 (2.937)	95.00 (23.57)
[14/294]	0.858 (2.799)	75.00 (27.00)
[15/294]	0.733 (2.670)	75.00 (30.00)
[16/294]	0.656 (2.551)	65.00 (32.06)
[17/294]	0.634 (2.445)	90.00 (35.28)
[18/294]	0.644 (2.350)	60.00 (36.58)
[19/294]	0.724 (2.269)	70.00 (38.25)
[20/294]	0.960 (2.206)	35.00 (38.10)
[21/294]	0.537 (2.130)	90.00 (40.45)
[22/294]	0.544 (2.061)	85.00 (42.39)
[23/294]	0.389 (1.992)	95.00 (44.58)
[24/294]	0.694 (1.940)	75.00 (45.80)
[25/294]	0.609 (1.889)	75.00 (46.92)
[26/294]	0.723 (1.846)	75.00 (47.96)
[27/294]	0.576 (1.800)	80.00 (49.11)
[28/294]	0.806 (1.766)	60.00 (49.48)
[29/294]	0.717 (1.731)	75.00 (50.33)
[30/294]	0.711 (1.698)	80.00 (51.29)
[31/294]	0.446 (1.659)	85.00 (52.34)
[32/294]	0.566 (1.626)	80.00 (53.18)
[33/294]	0.738 (1.600)	65.00 (53.53)
[34/294]	0.829 (1.578)	55.00 (53.57)
[35/294]	0.612 (1.551)	80.00 (54.31)
[36/294]	0.383 (1.519)	95.00 (55.41)
[37/294]	0.346 (1.488)	95.00 (56.45)
[38/294]	0.575 (1.465)	80.00 (57.05)
[39/294]	0.596 (1.443)	80.00 (57.62)
[40/294]	0.541 (1.421)	80.00 (58.17)
[41/294]	0.853 (1.408)	65.00 (58.33)
[42/294]	0.598 (1.389)	80.00 (58.84)
[43/294]	0.482 (1.368)	90.00 (59.55)
[44/294]	0.373 (1.346)	100.00 (60.44)
[45/294]	0.449 (1.327)	100.00 (61.30)
[46/294]	0.345 (1.306)	95.00 (62.02)
[47/294]	0.374 (1.286)	95.00 (62.71)
[48/294]	0.444 (1.269)	90.00 (63.27)
[49/294]	0.451 (1.253)	90.00 (63.80)
[50/294]	0.534 (1.239)	90.00 (64.31)
[51/294]	0.576 (1.226)	80.00 (64.62)
[52/294]	0.472 (1.212)	85.00 (65.00)
[53/294]	0.775 (1.204)	50.00 (64.72)
[54/294]	0.631 (1.193)	60.00 (64.64)
[55/294]	0.300 (1.177)	95.00 (65.18)
[56/294]	0.273 (1.161)	95.00 (65.70)
[57/294]	0.382 (1.148)	90.00 (66.12)
[58/294]	0.347 (1.134)	95.00 (66.61)
[59/294]	0.278 (1.120)	100.00 (67.17)
[60/294]	0.334 (1.107)	90.00 (67.54)
[61/294]	0.278 (1.094)	100.00 (68.06)
[62/294]	0.331 (1.082)	90.00 (68.41)
[63/294]	0.194 (1.068)	95.00 (68.83)
[64/294]	0.435 (1.058)	80.00 (69.00)
[65/294]	0.380 (1.048)	95.00 (69.39)
[66/294]	0.261 (1.036)	100.00 (69.85)
[67/294]	0.355 (1.026)	90.00 (70.15)
[68/294]	0.429 (1.017)	85.00 (70.36)
[69/294]	0.343 (1.008)	90.00 (70.64)
[70/294]	0.462 (1.000)	85.00 (70.85)
[71/294]	0.601 (0.995)	65.00 (70.76)
[72/294]	0.640 (0.990)	60.00 (70.62)
[73/294]	0.197 (0.979)	100.00 (71.01)
[74/294]	0.354 (0.971)	100.00 (71.40)
[75/294]	0.241 (0.961)	100.00 (71.78)
[76/294]	0.408 (0.954)	100.00 (72.14)
[77/294]	0.389 (0.947)	95.00 (72.44)
[78/294]	0.360 (0.939)	95.00 (72.72)
[79/294]	0.367 (0.932)	85.00 (72.88)
[80/294]	0.330 (0.925)	100.00 (73.21)
[81/294]	0.301 (0.917)	100.00 (73.54)
[82/294]	0.332 (0.910)	90.00 (73.73)
[83/294]	0.086 (0.900)	100.00 (74.05)
[84/294]	0.223 (0.892)	85.00 (74.18)
[85/294]	0.375 (0.886)	90.00 (74.36)
[86/294]	0.282 (0.879)	100.00 (74.66)
[87/294]	0.142 (0.871)	100.00 (74.94)
[88/294]	0.255 (0.864)	100.00 (75.22)
[89/294]	0.345 (0.858)	95.00 (75.44)
[90/294]	0.410 (0.853)	85.00 (75.55)
[91/294]	0.455 (0.849)	85.00 (75.65)
[92/294]	0.225 (0.842)	100.00 (75.91)
[93/294]	0.199 (0.835)	100.00 (76.17)
[94/294]	0.195 (0.829)	100.00 (76.42)
[95/294]	0.188 (0.822)	95.00 (76.61)
[96/294]	0.120 (0.815)	100.00 (76.86)
[97/294]	0.359 (0.810)	85.00 (76.94)
[98/294]	0.160 (0.803)	100.00 (77.17)
[99/294]	0.225 (0.798)	95.00 (77.35)
[100/294]	0.281 (0.793)	90.00 (77.48)
[101/294]	0.284 (0.788)	95.00 (77.65)
[102/294]	0.272 (0.783)	95.00 (77.82)
[103/294]	0.149 (0.776)	100.00 (78.03)
[104/294]	0.195 (0.771)	100.00 (78.24)
[105/294]	0.183 (0.765)	100.00 (78.44)
[106/294]	0.363 (0.762)	85.00 (78.50)
[107/294]	0.350 (0.758)	100.00 (78.70)
[108/294]	0.136 (0.752)	100.00 (78.90)
[109/294]	0.260 (0.748)	95.00 (79.05)
[110/294]	0.266 (0.743)	95.00 (79.19)
[111/294]	0.322 (0.740)	95.00 (79.33)
[112/294]	0.454 (0.737)	90.00 (79.42)
[113/294]	0.241 (0.733)	95.00 (79.56)
[114/294]	0.219 (0.728)	95.00 (79.70)
[115/294]	0.289 (0.724)	90.00 (79.78)
[116/294]	0.069 (0.719)	100.00 (79.96)
[117/294]	0.086 (0.713)	100.00 (80.13)
[118/294]	0.098 (0.708)	100.00 (80.29)
[119/294]	0.192 (0.704)	100.00 (80.46)
[120/294]	0.203 (0.700)	100.00 (80.62)
[121/294]	0.183 (0.696)	100.00 (80.78)
[122/294]	0.254 (0.692)	100.00 (80.93)
[123/294]	0.161 (0.688)	95.00 (81.05)
[124/294]	0.150 (0.683)	100.00 (81.20)
[125/294]	0.208 (0.680)	95.00 (81.31)
[126/294]	0.076 (0.675)	100.00 (81.46)
[127/294]	0.126 (0.671)	100.00 (81.60)
[128/294]	0.151 (0.667)	100.00 (81.74)
[129/294]	0.096 (0.662)	100.00 (81.88)
[130/294]	0.240 (0.659)	95.00 (81.98)
[131/294]	0.186 (0.655)	95.00 (82.08)
[132/294]	0.204 (0.652)	100.00 (82.22)
[133/294]	0.176 (0.648)	100.00 (82.35)
[134/294]	0.167 (0.645)	95.00 (82.44)
[135/294]	0.243 (0.642)	90.00 (82.50)
[136/294]	0.258 (0.639)	90.00 (82.55)
[137/294]	0.174 (0.636)	90.00 (82.61)
[138/294]	0.204 (0.633)	95.00 (82.70)
[139/294]	0.217 (0.630)	100.00 (82.82)
[140/294]	0.324 (0.628)	90.00 (82.87)
[141/294]	0.183 (0.624)	95.00 (82.96)
[142/294]	0.229 (0.622)	90.00 (83.01)
[143/294]	0.338 (0.620)	85.00 (83.02)
[144/294]	0.299 (0.617)	90.00 (83.07)
[145/294]	0.202 (0.615)	95.00 (83.15)
[146/294]	0.160 (0.612)	95.00 (83.23)
[147/294]	0.121 (0.608)	100.00 (83.34)
[148/294]	0.167 (0.605)	95.00 (83.42)
[149/294]	0.272 (0.603)	85.00 (83.43)
[150/294]	0.219 (0.600)	90.00 (83.48)
[151/294]	0.125 (0.597)	100.00 (83.59)
[152/294]	0.125 (0.594)	100.00 (83.69)
[153/294]	0.155 (0.591)	95.00 (83.77)
[154/294]	0.199 (0.589)	95.00 (83.84)
[155/294]	0.199 (0.586)	95.00 (83.91)
[156/294]	0.081 (0.583)	100.00 (84.01)
[157/294]	0.043 (0.580)	100.00 (84.11)
[158/294]	0.214 (0.577)	90.00 (84.15)
[159/294]	0.178 (0.575)	90.00 (84.19)
[160/294]	0.052 (0.572)	100.00 (84.29)
[161/294]	0.075 (0.569)	100.00 (84.38)
[162/294]	0.129 (0.566)	100.00 (84.48)
[163/294]	0.171 (0.564)	95.00 (84.54)
[164/294]	0.066 (0.561)	100.00 (84.64)
[165/294]	0.307 (0.559)	80.00 (84.61)
[166/294]	0.234 (0.557)	100.00 (84.70)
[167/294]	0.132 (0.555)	100.00 (84.79)
[168/294]	0.175 (0.552)	95.00 (84.85)
[169/294]	0.200 (0.550)	90.00 (84.88)
[170/294]	0.091 (0.548)	100.00 (84.97)
[171/294]	0.085 (0.545)	100.00 (85.06)
[172/294]	0.068 (0.542)	100.00 (85.14)
[173/294]	0.082 (0.539)	100.00 (85.23)
[174/294]	0.086 (0.537)	100.00 (85.31)
[175/294]	0.094 (0.534)	100.00 (85.40)
[176/294]	0.152 (0.532)	100.00 (85.48)
[177/294]	0.263 (0.531)	90.00 (85.51)
[178/294]	0.248 (0.529)	95.00 (85.56)
[179/294]	0.269 (0.528)	85.00 (85.56)
[180/294]	0.548 (0.528)	70.00 (85.47)
[181/294]	0.460 (0.527)	65.00 (85.36)
[182/294]	0.287 (0.526)	85.00 (85.36)
[183/294]	0.087 (0.524)	100.00 (85.43)
[184/294]	0.110 (0.521)	100.00 (85.51)
[185/294]	0.033 (0.519)	100.00 (85.59)
[186/294]	0.165 (0.517)	95.00 (85.64)
[187/294]	0.267 (0.516)	90.00 (85.66)
[188/294]	0.084 (0.513)	100.00 (85.74)
[189/294]	0.109 (0.511)	100.00 (85.82)
[190/294]	0.093 (0.509)	100.00 (85.89)
[191/294]	0.077 (0.507)	100.00 (85.96)
[192/294]	0.024 (0.504)	100.00 (86.04)
[193/294]	0.078 (0.502)	100.00 (86.11)
[194/294]	0.090 (0.500)	100.00 (86.18)
[195/294]	0.220 (0.498)	95.00 (86.22)
[196/294]	0.355 (0.498)	85.00 (86.22)
[197/294]	0.225 (0.496)	85.00 (86.21)
[198/294]	0.058 (0.494)	100.00 (86.28)
[199/294]	0.055 (0.492)	100.00 (86.35)
[200/294]	0.152 (0.490)	100.00 (86.42)
[201/294]	0.200 (0.489)	95.00 (86.46)
[202/294]	0.150 (0.487)	100.00 (86.53)
[203/294]	0.031 (0.485)	100.00 (86.59)
[204/294]	0.319 (0.484)	85.00 (86.59)
[205/294]	0.153 (0.483)	95.00 (86.63)
[206/294]	0.177 (0.481)	95.00 (86.67)
[207/294]	0.095 (0.479)	100.00 (86.73)
[208/294]	0.040 (0.477)	100.00 (86.79)
[209/294]	0.041 (0.475)	100.00 (86.86)
[210/294]	0.087 (0.473)	100.00 (86.92)
[211/294]	0.207 (0.472)	95.00 (86.96)
[212/294]	0.174 (0.471)	90.00 (86.97)
[213/294]	0.222 (0.469)	95.00 (87.01)
[214/294]	0.255 (0.468)	95.00 (87.05)
[215/294]	0.181 (0.467)	100.00 (87.11)
[216/294]	0.129 (0.465)	100.00 (87.17)
[217/294]	0.141 (0.464)	95.00 (87.20)
[218/294]	0.201 (0.463)	90.00 (87.21)
[219/294]	0.189 (0.462)	95.00 (87.25)
[220/294]	0.089 (0.460)	100.00 (87.31)
[221/294]	0.085 (0.458)	100.00 (87.36)
[222/294]	0.092 (0.457)	100.00 (87.42)
[223/294]	0.129 (0.455)	95.00 (87.46)
[224/294]	0.151 (0.454)	95.00 (87.49)
[225/294]	0.393 (0.453)	90.00 (87.50)
[226/294]	0.557 (0.454)	80.00 (87.47)
[227/294]	0.050 (0.452)	100.00 (87.52)
[228/294]	0.068 (0.450)	100.00 (87.58)
[229/294]	0.129 (0.449)	95.00 (87.61)
[230/294]	0.153 (0.448)	100.00 (87.66)
[231/294]	0.127 (0.446)	100.00 (87.72)
[232/294]	0.073 (0.445)	100.00 (87.77)
[233/294]	0.049 (0.443)	100.00 (87.82)
[234/294]	0.425 (0.443)	85.00 (87.81)
[235/294]	0.136 (0.442)	95.00 (87.84)
[236/294]	0.080 (0.440)	100.00 (87.89)
[237/294]	0.247 (0.439)	85.00 (87.88)
[238/294]	0.347 (0.439)	90.00 (87.89)
[239/294]	0.290 (0.438)	90.00 (87.90)
[240/294]	0.341 (0.438)	80.00 (87.86)
[241/294]	0.154 (0.437)	100.00 (87.91)
[242/294]	0.194 (0.436)	95.00 (87.94)
[243/294]	0.309 (0.435)	90.00 (87.95)
[244/294]	0.224 (0.434)	100.00 (88.00)
[245/294]	0.050 (0.433)	100.00 (88.05)
[246/294]	0.046 (0.431)	100.00 (88.10)
[247/294]	0.045 (0.430)	100.00 (88.15)
[248/294]	0.041 (0.428)	100.00 (88.19)
[249/294]	0.053 (0.427)	100.00 (88.24)
[250/294]	0.066 (0.425)	100.00 (88.29)
[251/294]	0.091 (0.424)	100.00 (88.33)
[252/294]	0.015 (0.422)	100.00 (88.38)
[253/294]	0.024 (0.421)	100.00 (88.43)
[254/294]	0.078 (0.419)	100.00 (88.47)
[255/294]	0.132 (0.418)	100.00 (88.52)
[256/294]	0.156 (0.417)	95.00 (88.54)
[257/294]	0.153 (0.416)	95.00 (88.57)
[258/294]	0.083 (0.415)	100.00 (88.61)
[259/294]	0.392 (0.415)	85.00 (88.60)
[260/294]	0.435 (0.415)	80.00 (88.56)
[261/294]	0.437 (0.415)	85.00 (88.55)
[262/294]	0.174 (0.414)	90.00 (88.56)
[263/294]	0.063 (0.413)	100.00 (88.60)
[264/294]	0.085 (0.412)	100.00 (88.64)
[265/294]	0.081 (0.410)	100.00 (88.68)
[266/294]	0.075 (0.409)	100.00 (88.73)
[267/294]	0.033 (0.408)	100.00 (88.77)
[268/294]	0.195 (0.407)	90.00 (88.77)
[269/294]	0.138 (0.406)	100.00 (88.81)
[270/294]	0.087 (0.405)	100.00 (88.86)
[271/294]	0.119 (0.404)	100.00 (88.90)
[272/294]	0.217 (0.403)	95.00 (88.92)
[273/294]	0.038 (0.402)	100.00 (88.96)
[274/294]	0.067 (0.400)	100.00 (89.00)
[275/294]	0.074 (0.399)	100.00 (89.04)
[276/294]	0.084 (0.398)	100.00 (89.08)
[277/294]	0.202 (0.397)	95.00 (89.10)
[278/294]	0.122 (0.396)	100.00 (89.14)
[279/294]	0.024 (0.395)	100.00 (89.18)
[280/294]	0.097 (0.394)	100.00 (89.22)
[281/294]	0.179 (0.393)	95.00 (89.24)
[282/294]	0.157 (0.392)	95.00 (89.26)
[283/294]	0.204 (0.392)	90.00 (89.26)
[284/294]	0.151 (0.391)	95.00 (89.28)
[285/294]	0.149 (0.390)	100.00 (89.32)
[286/294]	0.275 (0.390)	85.00 (89.30)
[287/294]	0.049 (0.388)	100.00 (89.34)
[288/294]	0.089 (0.387)	95.00 (89.36)
[289/294]	0.133 (0.387)	95.00 (89.38)
[290/294]	0.075 (0.385)	100.00 (89.42)
[291/294]	0.247 (0.385)	90.00 (89.42)
[292/294]	0.051 (0.384)	100.00 (89.45)
[293/294]	0.069 (0.383)	100.00 (89.49)
 * Train Acc: 89.490
 * Avg. Data time: 0.004, Avg. Batch time: 0.065, Avg. Forward time: 0.005, Avg. Backward time: 0.052
Computing SI
 * Val Acc: 29.572, Time: 2.22
 * Test Acc: 31.818, Time: 4.73
=============Training Task 3=============
Active output nodes for this task: 
[0, 1, 2, 3, 4, 5, 6, 7]
=============Training Epoch 0=============
#reg terms:  1
Batch	 Loss		 Acc
[0/294]	7.497 (7.497)	0.00 (0.00)
[1/294]	9.389 (8.443)	0.00 (0.00)
[2/294]	9.842 (8.909)	0.00 (0.00)
[3/294]	8.305 (8.758)	0.00 (0.00)
[4/294]	7.469 (8.500)	0.00 (0.00)
[5/294]	6.311 (8.135)	0.00 (0.00)
[6/294]	5.477 (7.755)	0.00 (0.00)
[7/294]	6.219 (7.563)	0.00 (0.00)
[8/294]	5.180 (7.299)	0.00 (0.00)
[9/294]	4.073 (6.976)	0.00 (0.00)
[10/294]	4.634 (6.763)	0.00 (0.00)
[11/294]	3.094 (6.457)	0.00 (0.00)
[12/294]	2.709 (6.169)	5.00 (0.38)
[13/294]	2.559 (5.911)	10.00 (1.07)
[14/294]	2.171 (5.662)	30.00 (3.00)
[15/294]	1.664 (5.412)	50.00 (5.94)
[16/294]	1.614 (5.189)	40.00 (7.94)
[17/294]	1.485 (4.983)	55.00 (10.56)
[18/294]	1.792 (4.815)	50.00 (12.63)
[19/294]	1.605 (4.654)	50.00 (14.50)
[20/294]	1.323 (4.496)	55.00 (16.43)
[21/294]	1.389 (4.355)	50.00 (17.95)
[22/294]	1.135 (4.215)	60.00 (19.78)
[23/294]	0.988 (4.080)	65.00 (21.67)
[24/294]	1.161 (3.963)	50.00 (22.80)
[25/294]	1.238 (3.859)	50.00 (23.85)
[26/294]	1.410 (3.768)	45.00 (24.63)
[27/294]	1.524 (3.688)	30.00 (24.82)
[28/294]	1.023 (3.596)	70.00 (26.38)
[29/294]	0.911 (3.506)	55.00 (27.33)
[30/294]	0.720 (3.416)	80.00 (29.03)
[31/294]	0.924 (3.339)	50.00 (29.69)
[32/294]	0.713 (3.259)	95.00 (31.67)
[33/294]	0.702 (3.184)	90.00 (33.38)
[34/294]	0.862 (3.117)	60.00 (34.14)
[35/294]	0.551 (3.046)	95.00 (35.83)
[36/294]	0.403 (2.975)	100.00 (37.57)
[37/294]	0.711 (2.915)	80.00 (38.68)
[38/294]	1.164 (2.870)	30.00 (38.46)
[39/294]	0.957 (2.822)	60.00 (39.00)
[40/294]	0.763 (2.772)	80.00 (40.00)
[41/294]	0.794 (2.725)	60.00 (40.48)
[42/294]	0.889 (2.682)	50.00 (40.70)
[43/294]	0.778 (2.639)	70.00 (41.36)
[44/294]	0.581 (2.593)	80.00 (42.22)
[45/294]	0.353 (2.545)	100.00 (43.48)
[46/294]	0.436 (2.500)	95.00 (44.57)
[47/294]	0.374 (2.456)	95.00 (45.62)
[48/294]	0.444 (2.414)	90.00 (46.53)
[49/294]	1.018 (2.387)	50.00 (46.60)
[50/294]	0.798 (2.355)	80.00 (47.25)
[51/294]	0.494 (2.320)	90.00 (48.08)
[52/294]	0.324 (2.282)	100.00 (49.06)
[53/294]	0.459 (2.248)	85.00 (49.72)
[54/294]	0.475 (2.216)	90.00 (50.45)
[55/294]	0.376 (2.183)	85.00 (51.07)
[56/294]	0.314 (2.150)	100.00 (51.93)
[57/294]	0.365 (2.120)	95.00 (52.67)
[58/294]	0.558 (2.093)	95.00 (53.39)
[59/294]	0.337 (2.064)	100.00 (54.17)
[60/294]	0.308 (2.035)	100.00 (54.92)
[61/294]	0.334 (2.008)	100.00 (55.65)
[62/294]	0.282 (1.980)	100.00 (56.35)
[63/294]	0.460 (1.956)	100.00 (57.03)
[64/294]	0.362 (1.932)	100.00 (57.69)
[65/294]	0.296 (1.907)	100.00 (58.33)
[66/294]	0.285 (1.883)	100.00 (58.96)
[67/294]	0.387 (1.861)	90.00 (59.41)
[68/294]	0.464 (1.841)	90.00 (59.86)
[69/294]	0.397 (1.820)	95.00 (60.36)
[70/294]	0.457 (1.801)	90.00 (60.77)
[71/294]	0.867 (1.788)	60.00 (60.76)
[72/294]	0.698 (1.773)	80.00 (61.03)
[73/294]	0.376 (1.754)	90.00 (61.42)
[74/294]	1.003 (1.744)	50.00 (61.27)
[75/294]	0.888 (1.733)	65.00 (61.32)
[76/294]	0.378 (1.715)	100.00 (61.82)
[77/294]	0.177 (1.695)	100.00 (62.31)
[78/294]	0.551 (1.681)	75.00 (62.47)
[79/294]	0.754 (1.669)	60.00 (62.44)
[80/294]	0.527 (1.655)	75.00 (62.59)
[81/294]	0.294 (1.639)	100.00 (63.05)
[82/294]	0.287 (1.622)	100.00 (63.49)
[83/294]	0.394 (1.608)	90.00 (63.81)
[84/294]	0.247 (1.592)	100.00 (64.24)
[85/294]	0.473 (1.579)	100.00 (64.65)
[86/294]	0.501 (1.566)	85.00 (64.89)
[87/294]	0.815 (1.558)	50.00 (64.72)
[88/294]	0.979 (1.551)	50.00 (64.55)
[89/294]	0.831 (1.543)	60.00 (64.50)
[90/294]	0.207 (1.529)	100.00 (64.89)
[91/294]	0.330 (1.516)	95.00 (65.22)
[92/294]	0.298 (1.503)	95.00 (65.54)
[93/294]	0.218 (1.489)	95.00 (65.85)
[94/294]	0.615 (1.480)	80.00 (66.00)
[95/294]	0.274 (1.467)	95.00 (66.30)
[96/294]	0.183 (1.454)	100.00 (66.65)
[97/294]	0.120 (1.440)	100.00 (66.99)
[98/294]	0.218 (1.428)	100.00 (67.32)
[99/294]	0.238 (1.416)	100.00 (67.65)
[100/294]	0.243 (1.404)	100.00 (67.97)
[101/294]	0.363 (1.394)	90.00 (68.19)
[102/294]	0.237 (1.383)	100.00 (68.50)
[103/294]	0.170 (1.371)	100.00 (68.80)
[104/294]	0.172 (1.360)	100.00 (69.10)
[105/294]	0.120 (1.348)	100.00 (69.39)
[106/294]	0.190 (1.337)	100.00 (69.67)
[107/294]	0.208 (1.327)	100.00 (69.95)
[108/294]	0.103 (1.316)	100.00 (70.23)
[109/294]	0.134 (1.305)	100.00 (70.50)
[110/294]	0.235 (1.295)	95.00 (70.72)
[111/294]	0.452 (1.288)	80.00 (70.80)
[112/294]	0.141 (1.278)	100.00 (71.06)
[113/294]	0.181 (1.268)	100.00 (71.32)
[114/294]	0.246 (1.259)	90.00 (71.48)
[115/294]	0.606 (1.253)	75.00 (71.51)
[116/294]	0.277 (1.245)	100.00 (71.75)
[117/294]	0.178 (1.236)	100.00 (71.99)
[118/294]	0.352 (1.229)	100.00 (72.23)
[119/294]	0.098 (1.219)	100.00 (72.46)
[120/294]	0.111 (1.210)	100.00 (72.69)
[121/294]	0.206 (1.202)	100.00 (72.91)
[122/294]	0.867 (1.199)	40.00 (72.64)
[123/294]	0.363 (1.192)	85.00 (72.74)
[124/294]	0.422 (1.186)	80.00 (72.80)
[125/294]	0.412 (1.180)	90.00 (72.94)
[126/294]	0.422 (1.174)	90.00 (73.07)
[127/294]	0.290 (1.167)	90.00 (73.20)
[128/294]	0.163 (1.159)	100.00 (73.41)
[129/294]	0.339 (1.153)	90.00 (73.54)
[130/294]	0.181 (1.146)	95.00 (73.70)
[131/294]	0.286 (1.139)	85.00 (73.79)
[132/294]	0.617 (1.135)	75.00 (73.80)
[133/294]	0.217 (1.128)	100.00 (73.99)
[134/294]	0.202 (1.122)	100.00 (74.19)
[135/294]	0.235 (1.115)	95.00 (74.34)
[136/294]	0.305 (1.109)	90.00 (74.45)
[137/294]	0.310 (1.103)	100.00 (74.64)
[138/294]	0.139 (1.096)	100.00 (74.82)
[139/294]	0.085 (1.089)	100.00 (75.00)
[140/294]	0.283 (1.083)	90.00 (75.11)
[141/294]	0.173 (1.077)	100.00 (75.28)
[142/294]	0.180 (1.071)	95.00 (75.42)
[143/294]	0.140 (1.064)	100.00 (75.59)
[144/294]	0.271 (1.059)	95.00 (75.72)
[145/294]	0.158 (1.053)	100.00 (75.89)
[146/294]	0.356 (1.048)	85.00 (75.95)
[147/294]	0.362 (1.043)	85.00 (76.01)
[148/294]	0.264 (1.038)	85.00 (76.07)
[149/294]	0.110 (1.032)	100.00 (76.23)
[150/294]	0.091 (1.026)	100.00 (76.39)
[151/294]	0.101 (1.020)	100.00 (76.55)
[152/294]	0.409 (1.016)	90.00 (76.63)
[153/294]	0.286 (1.011)	100.00 (76.79)
[154/294]	0.123 (1.005)	100.00 (76.94)
[155/294]	0.197 (1.000)	95.00 (77.05)
[156/294]	0.207 (0.995)	95.00 (77.17)
[157/294]	0.257 (0.990)	95.00 (77.28)
[158/294]	0.234 (0.985)	90.00 (77.36)
[159/294]	0.265 (0.981)	90.00 (77.44)
[160/294]	0.236 (0.976)	95.00 (77.55)
[161/294]	0.086 (0.971)	100.00 (77.69)
[162/294]	0.455 (0.968)	90.00 (77.76)
[163/294]	0.537 (0.965)	80.00 (77.77)
[164/294]	0.209 (0.960)	100.00 (77.91)
[165/294]	0.419 (0.957)	90.00 (77.98)
[166/294]	0.373 (0.954)	90.00 (78.05)
[167/294]	0.357 (0.950)	90.00 (78.12)
[168/294]	0.291 (0.946)	100.00 (78.25)
[169/294]	0.173 (0.942)	100.00 (78.38)
[170/294]	0.122 (0.937)	100.00 (78.51)
[171/294]	0.138 (0.932)	100.00 (78.63)
[172/294]	0.450 (0.929)	70.00 (78.58)
[173/294]	0.506 (0.927)	75.00 (78.56)
[174/294]	0.266 (0.923)	90.00 (78.63)
[175/294]	0.704 (0.922)	75.00 (78.61)
[176/294]	0.394 (0.919)	90.00 (78.67)
[177/294]	0.083 (0.914)	100.00 (78.79)
[178/294]	0.092 (0.910)	100.00 (78.91)
[179/294]	0.363 (0.907)	85.00 (78.94)
[180/294]	0.506 (0.904)	75.00 (78.92)
[181/294]	0.084 (0.900)	100.00 (79.04)
[182/294]	0.381 (0.897)	80.00 (79.04)
[183/294]	0.276 (0.894)	90.00 (79.10)
[184/294]	0.226 (0.890)	95.00 (79.19)
[185/294]	0.179 (0.886)	95.00 (79.27)
[186/294]	0.130 (0.882)	100.00 (79.39)
[187/294]	0.181 (0.879)	95.00 (79.47)
[188/294]	0.187 (0.875)	95.00 (79.55)
[189/294]	0.141 (0.871)	95.00 (79.63)
[190/294]	0.217 (0.868)	100.00 (79.74)
[191/294]	0.236 (0.864)	100.00 (79.84)
[192/294]	0.124 (0.860)	100.00 (79.95)
[193/294]	0.072 (0.856)	100.00 (80.05)
[194/294]	0.198 (0.853)	95.00 (80.13)
[195/294]	0.063 (0.849)	100.00 (80.23)
[196/294]	0.185 (0.846)	95.00 (80.30)
[197/294]	0.243 (0.843)	90.00 (80.35)
[198/294]	0.278 (0.840)	90.00 (80.40)
[199/294]	0.128 (0.836)	100.00 (80.50)
[200/294]	0.132 (0.833)	100.00 (80.60)
[201/294]	0.162 (0.829)	95.00 (80.67)
[202/294]	0.307 (0.827)	85.00 (80.69)
[203/294]	0.245 (0.824)	90.00 (80.74)
[204/294]	0.094 (0.820)	100.00 (80.83)
[205/294]	0.068 (0.817)	100.00 (80.92)
[206/294]	0.086 (0.813)	100.00 (81.01)
[207/294]	0.078 (0.810)	100.00 (81.11)
[208/294]	0.049 (0.806)	100.00 (81.20)
[209/294]	0.114 (0.803)	100.00 (81.29)
[210/294]	0.162 (0.800)	100.00 (81.37)
[211/294]	0.242 (0.797)	90.00 (81.42)
[212/294]	0.294 (0.795)	90.00 (81.46)
[213/294]	0.143 (0.792)	100.00 (81.54)
[214/294]	0.219 (0.789)	95.00 (81.60)
[215/294]	0.091 (0.786)	100.00 (81.69)
[216/294]	0.084 (0.783)	100.00 (81.77)
[217/294]	0.096 (0.779)	100.00 (81.86)
[218/294]	0.122 (0.776)	100.00 (81.94)
[219/294]	0.160 (0.774)	95.00 (82.00)
[220/294]	0.320 (0.772)	85.00 (82.01)
[221/294]	0.117 (0.769)	95.00 (82.07)
[222/294]	0.113 (0.766)	100.00 (82.15)
[223/294]	0.134 (0.763)	100.00 (82.23)
[224/294]	0.176 (0.760)	95.00 (82.29)
[225/294]	0.092 (0.757)	100.00 (82.37)
[226/294]	0.106 (0.754)	100.00 (82.44)
[227/294]	0.043 (0.751)	100.00 (82.52)
[228/294]	0.161 (0.749)	100.00 (82.60)
[229/294]	0.235 (0.746)	95.00 (82.65)
[230/294]	0.299 (0.745)	85.00 (82.66)
[231/294]	0.068 (0.742)	100.00 (82.74)
[232/294]	0.115 (0.739)	100.00 (82.81)
[233/294]	0.087 (0.736)	100.00 (82.88)
[234/294]	0.540 (0.735)	80.00 (82.87)
[235/294]	0.211 (0.733)	95.00 (82.92)
[236/294]	0.190 (0.731)	90.00 (82.95)
[237/294]	0.113 (0.728)	95.00 (83.00)
[238/294]	0.079 (0.725)	100.00 (83.08)
[239/294]	0.127 (0.723)	95.00 (83.12)
[240/294]	0.137 (0.721)	95.00 (83.17)
[241/294]	0.302 (0.719)	85.00 (83.18)
[242/294]	0.196 (0.717)	95.00 (83.23)
[243/294]	0.172 (0.714)	90.00 (83.26)
[244/294]	0.267 (0.713)	90.00 (83.29)
[245/294]	0.089 (0.710)	100.00 (83.35)
[246/294]	0.180 (0.708)	90.00 (83.38)
[247/294]	0.193 (0.706)	95.00 (83.43)
[248/294]	0.153 (0.704)	100.00 (83.49)
[249/294]	0.122 (0.701)	100.00 (83.56)
[250/294]	0.270 (0.700)	85.00 (83.57)
[251/294]	0.653 (0.699)	75.00 (83.53)
[252/294]	0.065 (0.697)	100.00 (83.60)
[253/294]	0.069 (0.694)	100.00 (83.66)
[254/294]	0.055 (0.692)	100.00 (83.73)
[255/294]	0.045 (0.689)	100.00 (83.79)
[256/294]	0.087 (0.687)	100.00 (83.85)
[257/294]	0.088 (0.685)	100.00 (83.91)
[258/294]	0.137 (0.683)	100.00 (83.98)
[259/294]	0.098 (0.680)	95.00 (84.02)
[260/294]	0.052 (0.678)	100.00 (84.08)
[261/294]	0.044 (0.675)	100.00 (84.14)
[262/294]	0.084 (0.673)	100.00 (84.20)
[263/294]	0.060 (0.671)	100.00 (84.26)
[264/294]	0.054 (0.669)	100.00 (84.32)
[265/294]	0.092 (0.666)	100.00 (84.38)
[266/294]	0.071 (0.664)	100.00 (84.44)
[267/294]	0.080 (0.662)	100.00 (84.50)
[268/294]	0.061 (0.660)	100.00 (84.55)
[269/294]	0.077 (0.658)	100.00 (84.61)
[270/294]	0.082 (0.655)	100.00 (84.67)
[271/294]	0.152 (0.654)	100.00 (84.72)
[272/294]	0.302 (0.652)	90.00 (84.74)
[273/294]	0.043 (0.650)	100.00 (84.80)
[274/294]	0.102 (0.648)	100.00 (84.85)
[275/294]	0.077 (0.646)	100.00 (84.91)
[276/294]	0.058 (0.644)	100.00 (84.96)
[277/294]	0.070 (0.642)	100.00 (85.02)
[278/294]	0.118 (0.640)	100.00 (85.07)
[279/294]	0.381 (0.639)	85.00 (85.07)
[280/294]	0.315 (0.638)	90.00 (85.09)
[281/294]	0.229 (0.636)	95.00 (85.12)
[282/294]	0.283 (0.635)	85.00 (85.12)
[283/294]	0.059 (0.633)	100.00 (85.18)
[284/294]	0.051 (0.631)	100.00 (85.23)
[285/294]	0.093 (0.629)	100.00 (85.28)
[286/294]	0.142 (0.628)	100.00 (85.33)
[287/294]	0.156 (0.626)	100.00 (85.38)
[288/294]	0.090 (0.624)	100.00 (85.43)
[289/294]	0.318 (0.623)	90.00 (85.45)
[290/294]	0.225 (0.622)	95.00 (85.48)
[291/294]	0.380 (0.621)	95.00 (85.51)
[292/294]	0.172 (0.619)	95.00 (85.55)
[293/294]	0.073 (0.617)	100.00 (85.60)
 * Train Acc: 85.595
 * Avg. Data time: 0.005, Avg. Batch time: 0.065, Avg. Forward time: 0.004, Avg. Backward time: 0.051
Computing SI
 * Val Acc: 25.000, Time: 2.74
 * Test Acc: 24.332, Time: 5.99
=============Training Task 4=============
Active output nodes for this task: 
[0, 1, 2, 3, 4, 5, 6, 7, 8, 9]
=============Training Epoch 0=============
#reg terms:  1
Batch	 Loss		 Acc
[0/294]	9.362 (9.362)	0.00 (0.00)
[1/294]	9.332 (9.347)	0.00 (0.00)
[2/294]	8.475 (9.057)	0.00 (0.00)
[3/294]	6.195 (8.341)	0.00 (0.00)
[4/294]	6.868 (8.047)	0.00 (0.00)
[5/294]	6.424 (7.776)	0.00 (0.00)
[6/294]	5.810 (7.495)	0.00 (0.00)
[7/294]	5.973 (7.305)	0.00 (0.00)
[8/294]	5.029 (7.052)	0.00 (0.00)
[9/294]	4.600 (6.807)	0.00 (0.00)
[10/294]	4.724 (6.617)	0.00 (0.00)
[11/294]	3.498 (6.357)	0.00 (0.00)
[12/294]	3.325 (6.124)	0.00 (0.00)
[13/294]	2.987 (5.900)	0.00 (0.00)
[14/294]	3.105 (5.714)	0.00 (0.00)
[15/294]	3.044 (5.547)	0.00 (0.00)
[16/294]	2.854 (5.389)	0.00 (0.00)
[17/294]	2.161 (5.209)	15.00 (0.83)
[18/294]	1.975 (5.039)	20.00 (1.84)
[19/294]	1.847 (4.879)	50.00 (4.25)
[20/294]	1.962 (4.740)	45.00 (6.19)
[21/294]	1.870 (4.610)	30.00 (7.27)
[22/294]	1.637 (4.481)	45.00 (8.91)
[23/294]	1.473 (4.355)	50.00 (10.62)
[24/294]	1.619 (4.246)	40.00 (11.80)
[25/294]	1.525 (4.141)	50.00 (13.27)
[26/294]	1.409 (4.040)	55.00 (14.81)
[27/294]	1.537 (3.951)	50.00 (16.07)
[28/294]	1.259 (3.858)	55.00 (17.41)
[29/294]	1.265 (3.771)	60.00 (18.83)
[30/294]	1.204 (3.689)	55.00 (20.00)
[31/294]	1.369 (3.616)	50.00 (20.94)
[32/294]	1.408 (3.549)	35.00 (21.36)
[33/294]	1.092 (3.477)	45.00 (22.06)
[34/294]	1.051 (3.408)	55.00 (23.00)
[35/294]	0.487 (3.327)	100.00 (25.14)
[36/294]	0.903 (3.261)	75.00 (26.49)
[37/294]	0.902 (3.199)	75.00 (27.76)
[38/294]	0.800 (3.137)	100.00 (29.62)
[39/294]	0.807 (3.079)	60.00 (30.38)
[40/294]	0.852 (3.025)	70.00 (31.34)
[41/294]	0.689 (2.969)	100.00 (32.98)
[42/294]	0.811 (2.919)	60.00 (33.60)
[43/294]	0.719 (2.869)	80.00 (34.66)
[44/294]	0.567 (2.818)	95.00 (36.00)
[45/294]	0.307 (2.763)	100.00 (37.39)
[46/294]	0.644 (2.718)	95.00 (38.62)
[47/294]	0.656 (2.675)	85.00 (39.58)
[48/294]	0.425 (2.629)	100.00 (40.82)
[49/294]	0.755 (2.592)	95.00 (41.90)
[50/294]	0.984 (2.560)	50.00 (42.06)
[51/294]	1.025 (2.531)	55.00 (42.31)
[52/294]	0.387 (2.490)	95.00 (43.30)
[53/294]	0.640 (2.456)	75.00 (43.89)
[54/294]	0.732 (2.425)	75.00 (44.45)
[55/294]	0.694 (2.394)	80.00 (45.09)
[56/294]	0.497 (2.361)	95.00 (45.96)
[57/294]	0.516 (2.329)	85.00 (46.64)
[58/294]	0.524 (2.298)	80.00 (47.20)
[59/294]	0.571 (2.269)	75.00 (47.67)
[60/294]	0.938 (2.248)	55.00 (47.79)
[61/294]	0.639 (2.222)	70.00 (48.15)
[62/294]	0.414 (2.193)	90.00 (48.81)
[63/294]	0.595 (2.168)	85.00 (49.38)
[64/294]	0.612 (2.144)	80.00 (49.85)
[65/294]	0.517 (2.119)	90.00 (50.45)
[66/294]	0.675 (2.098)	85.00 (50.97)
[67/294]	0.649 (2.076)	75.00 (51.32)
[68/294]	0.352 (2.051)	100.00 (52.03)
[69/294]	0.247 (2.026)	100.00 (52.71)
[70/294]	0.243 (2.001)	100.00 (53.38)
[71/294]	0.472 (1.979)	85.00 (53.82)
[72/294]	0.574 (1.960)	75.00 (54.11)
[73/294]	0.454 (1.940)	85.00 (54.53)
[74/294]	0.605 (1.922)	70.00 (54.73)
[75/294]	0.424 (1.902)	85.00 (55.13)
[76/294]	0.139 (1.879)	100.00 (55.71)
[77/294]	0.220 (1.858)	100.00 (56.28)
[78/294]	0.280 (1.838)	100.00 (56.84)
[79/294]	0.223 (1.818)	100.00 (57.38)
[80/294]	0.357 (1.800)	95.00 (57.84)
[81/294]	0.398 (1.783)	80.00 (58.11)
[82/294]	0.478 (1.767)	75.00 (58.31)
[83/294]	0.612 (1.753)	65.00 (58.39)
[84/294]	0.892 (1.743)	70.00 (58.53)
[85/294]	0.456 (1.728)	90.00 (58.90)
[86/294]	0.196 (1.711)	100.00 (59.37)
[87/294]	0.206 (1.693)	100.00 (59.83)
[88/294]	0.425 (1.679)	90.00 (60.17)
[89/294]	0.514 (1.666)	75.00 (60.33)
[90/294]	0.571 (1.654)	65.00 (60.38)
[91/294]	0.240 (1.639)	100.00 (60.82)
[92/294]	0.213 (1.624)	100.00 (61.24)
[93/294]	0.290 (1.609)	90.00 (61.54)
[94/294]	0.341 (1.596)	85.00 (61.79)
[95/294]	0.293 (1.582)	100.00 (62.19)
[96/294]	0.328 (1.570)	100.00 (62.58)
[97/294]	0.193 (1.555)	95.00 (62.91)
[98/294]	0.252 (1.542)	100.00 (63.28)
[99/294]	0.148 (1.528)	100.00 (63.65)
[100/294]	0.162 (1.515)	100.00 (64.01)
[101/294]	0.273 (1.503)	100.00 (64.36)
[102/294]	0.166 (1.490)	100.00 (64.71)
[103/294]	0.294 (1.478)	95.00 (65.00)
[104/294]	0.748 (1.471)	65.00 (65.00)
[105/294]	0.270 (1.460)	90.00 (65.24)
[106/294]	0.210 (1.448)	95.00 (65.51)
[107/294]	0.253 (1.437)	95.00 (65.79)
[108/294]	0.223 (1.426)	100.00 (66.10)
[109/294]	0.178 (1.415)	100.00 (66.41)
[110/294]	0.250 (1.404)	95.00 (66.67)
[111/294]	0.193 (1.393)	95.00 (66.92)
[112/294]	0.516 (1.386)	85.00 (67.08)
[113/294]	0.311 (1.376)	95.00 (67.32)
[114/294]	0.269 (1.367)	100.00 (67.61)
[115/294]	0.309 (1.357)	95.00 (67.84)
[116/294]	0.281 (1.348)	95.00 (68.08)
[117/294]	0.654 (1.342)	65.00 (68.05)
[118/294]	0.383 (1.334)	95.00 (68.28)
[119/294]	0.276 (1.325)	100.00 (68.54)
[120/294]	0.356 (1.317)	95.00 (68.76)
[121/294]	0.277 (1.309)	100.00 (69.02)
[122/294]	0.202 (1.300)	100.00 (69.27)
[123/294]	0.294 (1.292)	95.00 (69.48)
[124/294]	0.181 (1.283)	100.00 (69.72)
[125/294]	0.176 (1.274)	100.00 (69.96)
[126/294]	0.370 (1.267)	90.00 (70.12)
[127/294]	0.214 (1.259)	100.00 (70.35)
[128/294]	0.131 (1.250)	100.00 (70.58)
[129/294]	0.216 (1.242)	95.00 (70.77)
[130/294]	0.187 (1.234)	95.00 (70.95)
[131/294]	0.410 (1.228)	85.00 (71.06)
[132/294]	0.789 (1.224)	65.00 (71.02)
[133/294]	0.158 (1.217)	100.00 (71.23)
[134/294]	0.325 (1.210)	100.00 (71.44)
[135/294]	0.316 (1.203)	100.00 (71.65)
[136/294]	0.208 (1.196)	100.00 (71.86)
[137/294]	0.191 (1.189)	100.00 (72.07)
[138/294]	0.147 (1.181)	100.00 (72.27)
[139/294]	0.133 (1.174)	100.00 (72.46)
[140/294]	0.309 (1.168)	95.00 (72.62)
[141/294]	0.275 (1.161)	95.00 (72.78)
[142/294]	0.200 (1.155)	100.00 (72.97)
[143/294]	0.167 (1.148)	100.00 (73.16)
[144/294]	0.531 (1.144)	65.00 (73.10)
[145/294]	0.477 (1.139)	80.00 (73.15)
[146/294]	0.213 (1.133)	95.00 (73.30)
[147/294]	0.093 (1.126)	100.00 (73.48)
[148/294]	0.183 (1.119)	95.00 (73.62)
[149/294]	0.455 (1.115)	85.00 (73.70)
[150/294]	0.304 (1.110)	90.00 (73.81)
[151/294]	0.178 (1.103)	100.00 (73.98)
[152/294]	0.278 (1.098)	95.00 (74.12)
[153/294]	0.173 (1.092)	95.00 (74.25)
[154/294]	0.283 (1.087)	100.00 (74.42)
[155/294]	0.410 (1.082)	90.00 (74.52)
[156/294]	0.316 (1.078)	100.00 (74.68)
[157/294]	0.305 (1.073)	90.00 (74.78)
[158/294]	0.179 (1.067)	95.00 (74.91)
[159/294]	0.111 (1.061)	100.00 (75.06)
[160/294]	0.110 (1.055)	100.00 (75.22)
[161/294]	0.204 (1.050)	100.00 (75.37)
[162/294]	0.316 (1.045)	95.00 (75.49)
[163/294]	0.319 (1.041)	100.00 (75.64)
[164/294]	0.199 (1.036)	100.00 (75.79)
[165/294]	0.132 (1.030)	95.00 (75.90)
[166/294]	0.135 (1.025)	100.00 (76.05)
[167/294]	0.152 (1.020)	100.00 (76.19)
[168/294]	0.223 (1.015)	90.00 (76.27)
[169/294]	0.270 (1.011)	85.00 (76.32)
[170/294]	0.176 (1.006)	100.00 (76.46)
[171/294]	0.066 (1.000)	100.00 (76.60)
[172/294]	0.248 (0.996)	95.00 (76.71)
[173/294]	0.277 (0.992)	95.00 (76.81)
[174/294]	0.110 (0.987)	100.00 (76.94)
[175/294]	0.092 (0.982)	100.00 (77.07)
[176/294]	0.074 (0.977)	100.00 (77.20)
[177/294]	0.161 (0.972)	95.00 (77.30)
[178/294]	0.525 (0.970)	75.00 (77.29)
[179/294]	0.304 (0.966)	95.00 (77.39)
[180/294]	0.211 (0.962)	100.00 (77.51)
[181/294]	0.108 (0.957)	100.00 (77.64)
[182/294]	0.762 (0.956)	75.00 (77.62)
[183/294]	0.489 (0.953)	85.00 (77.66)
[184/294]	0.136 (0.949)	95.00 (77.76)
[185/294]	0.468 (0.946)	85.00 (77.80)
[186/294]	0.398 (0.944)	75.00 (77.78)
[187/294]	0.296 (0.940)	90.00 (77.85)
[188/294]	0.133 (0.936)	90.00 (77.91)
[189/294]	0.157 (0.932)	95.00 (78.00)
[190/294]	0.477 (0.929)	80.00 (78.01)
[191/294]	0.698 (0.928)	75.00 (77.99)
[192/294]	0.159 (0.924)	100.00 (78.11)
[193/294]	0.142 (0.920)	100.00 (78.22)
[194/294]	0.175 (0.916)	95.00 (78.31)
[195/294]	0.090 (0.912)	100.00 (78.42)
[196/294]	0.049 (0.908)	100.00 (78.53)
[197/294]	0.114 (0.904)	100.00 (78.64)
[198/294]	0.120 (0.900)	100.00 (78.74)
[199/294]	0.214 (0.896)	95.00 (78.83)
[200/294]	0.328 (0.893)	90.00 (78.88)
[201/294]	0.176 (0.890)	100.00 (78.99)
[202/294]	0.206 (0.887)	95.00 (79.06)
[203/294]	0.272 (0.884)	95.00 (79.14)
[204/294]	0.145 (0.880)	100.00 (79.24)
[205/294]	0.186 (0.877)	95.00 (79.32)
[206/294]	0.179 (0.873)	100.00 (79.42)
[207/294]	0.159 (0.870)	100.00 (79.52)
[208/294]	0.161 (0.866)	90.00 (79.57)
[209/294]	0.074 (0.863)	100.00 (79.67)
[210/294]	0.285 (0.860)	100.00 (79.76)
[211/294]	0.076 (0.856)	100.00 (79.86)
[212/294]	0.100 (0.853)	100.00 (79.95)
[213/294]	0.092 (0.849)	100.00 (80.05)
[214/294]	0.339 (0.847)	85.00 (80.07)
[215/294]	0.185 (0.844)	95.00 (80.14)
[216/294]	0.085 (0.840)	100.00 (80.23)
[217/294]	0.213 (0.837)	95.00 (80.30)
[218/294]	0.218 (0.834)	100.00 (80.39)
[219/294]	0.232 (0.832)	100.00 (80.48)
[220/294]	0.303 (0.829)	100.00 (80.57)
[221/294]	0.377 (0.827)	90.00 (80.61)
[222/294]	0.139 (0.824)	95.00 (80.67)
[223/294]	0.087 (0.821)	100.00 (80.76)
[224/294]	0.260 (0.818)	90.00 (80.80)
[225/294]	0.228 (0.816)	95.00 (80.86)
[226/294]	0.286 (0.813)	90.00 (80.90)
[227/294]	0.325 (0.811)	85.00 (80.92)
[228/294]	0.192 (0.809)	90.00 (80.96)
[229/294]	0.122 (0.806)	100.00 (81.04)
[230/294]	0.111 (0.803)	100.00 (81.13)
[231/294]	0.131 (0.800)	95.00 (81.19)
[232/294]	0.059 (0.797)	100.00 (81.27)
[233/294]	0.162 (0.794)	95.00 (81.32)
[234/294]	0.521 (0.793)	80.00 (81.32)
[235/294]	0.143 (0.790)	100.00 (81.40)
[236/294]	0.063 (0.787)	100.00 (81.48)
[237/294]	0.178 (0.784)	90.00 (81.51)
[238/294]	0.352 (0.782)	85.00 (81.53)
[239/294]	0.270 (0.780)	90.00 (81.56)
[240/294]	0.097 (0.777)	100.00 (81.64)
[241/294]	0.047 (0.774)	100.00 (81.71)
[242/294]	0.079 (0.772)	100.00 (81.79)
[243/294]	0.073 (0.769)	100.00 (81.86)
[244/294]	0.089 (0.766)	100.00 (81.94)
[245/294]	0.076 (0.763)	100.00 (82.01)
[246/294]	0.065 (0.760)	100.00 (82.09)
[247/294]	0.104 (0.758)	100.00 (82.16)
[248/294]	0.188 (0.755)	100.00 (82.23)
[249/294]	0.167 (0.753)	100.00 (82.30)
[250/294]	0.205 (0.751)	95.00 (82.35)
[251/294]	0.163 (0.749)	95.00 (82.40)
[252/294]	0.116 (0.746)	100.00 (82.47)
[253/294]	0.151 (0.744)	100.00 (82.54)
[254/294]	0.084 (0.741)	100.00 (82.61)
[255/294]	0.244 (0.739)	95.00 (82.66)
[256/294]	0.124 (0.737)	100.00 (82.72)
[257/294]	0.126 (0.734)	100.00 (82.79)
[258/294]	0.112 (0.732)	95.00 (82.84)
[259/294]	0.294 (0.730)	90.00 (82.87)
[260/294]	0.324 (0.729)	90.00 (82.89)
[261/294]	0.346 (0.727)	85.00 (82.90)
[262/294]	0.261 (0.726)	100.00 (82.97)
[263/294]	0.218 (0.724)	90.00 (82.99)
[264/294]	0.160 (0.721)	95.00 (83.04)
[265/294]	0.088 (0.719)	100.00 (83.10)
[266/294]	0.055 (0.717)	100.00 (83.16)
[267/294]	0.111 (0.714)	95.00 (83.21)
[268/294]	0.098 (0.712)	95.00 (83.25)
[269/294]	0.155 (0.710)	100.00 (83.31)
[270/294]	0.255 (0.708)	90.00 (83.34)
[271/294]	0.091 (0.706)	100.00 (83.40)
[272/294]	0.138 (0.704)	100.00 (83.46)
[273/294]	0.109 (0.702)	100.00 (83.52)
[274/294]	0.185 (0.700)	100.00 (83.58)
[275/294]	0.221 (0.698)	100.00 (83.64)
[276/294]	0.227 (0.696)	95.00 (83.68)
[277/294]	0.089 (0.694)	100.00 (83.74)
[278/294]	0.063 (0.692)	100.00 (83.80)
[279/294]	0.059 (0.690)	100.00 (83.86)
[280/294]	0.053 (0.688)	100.00 (83.91)
[281/294]	0.185 (0.686)	95.00 (83.95)
[282/294]	0.171 (0.684)	90.00 (83.98)
[283/294]	0.158 (0.682)	95.00 (84.01)
[284/294]	0.335 (0.681)	85.00 (84.02)
[285/294]	0.332 (0.680)	90.00 (84.04)
[286/294]	0.136 (0.678)	100.00 (84.09)
[287/294]	0.069 (0.676)	100.00 (84.15)
[288/294]	0.178 (0.674)	95.00 (84.19)
[289/294]	0.185 (0.672)	95.00 (84.22)
[290/294]	0.204 (0.671)	100.00 (84.28)
[291/294]	0.234 (0.669)	95.00 (84.32)
[292/294]	0.237 (0.668)	95.00 (84.35)
[293/294]	0.059 (0.666)	100.00 (84.40)
 * Train Acc: 84.405
 * Avg. Data time: 0.004, Avg. Batch time: 0.065, Avg. Forward time: 0.004, Avg. Backward time: 0.052
Computing SI
 * Val Acc: 20.635, Time: 3.06
 * Test Acc: 21.154, Time: 7.76
=============Training Task 5=============
Active output nodes for this task: 
[0, 1, 2, 3, 4, 5, 6, 7, 8, 9, 10, 11]
=============Training Epoch 0=============
#reg terms:  1
Batch	 Loss		 Acc
