=============Stream Learning Run 0=============
Changing output layer to contain 12 classes
============BEGINNING STREAM LEARNING============
=============Training Task 0=============
Active output nodes for this task: 
[0, 1]
=============Training Epoch 0=============
#reg terms:  0
Batch	 Loss		 Acc
[0/294]	1.884 (1.884)	45.00 (45.00)
[1/294]	0.851 (1.367)	50.00 (47.50)
[2/294]	0.742 (1.159)	55.00 (50.00)
[3/294]	0.545 (1.005)	85.00 (58.75)
[4/294]	0.592 (0.923)	80.00 (63.00)
[5/294]	0.672 (0.881)	60.00 (62.50)
[6/294]	0.826 (0.873)	50.00 (60.71)
[7/294]	0.520 (0.829)	75.00 (62.50)
[8/294]	0.552 (0.798)	85.00 (65.00)
[9/294]	0.650 (0.783)	75.00 (66.00)
[10/294]	0.577 (0.765)	90.00 (68.18)
[11/294]	0.666 (0.756)	60.00 (67.50)
[12/294]	0.599 (0.744)	75.00 (68.08)
[13/294]	0.563 (0.731)	80.00 (68.93)
[14/294]	0.067 (0.687)	100.00 (71.00)
[15/294]	0.208 (0.657)	100.00 (72.81)
[16/294]	0.298 (0.636)	95.00 (74.12)
[17/294]	0.287 (0.617)	100.00 (75.56)
[18/294]	0.042 (0.586)	100.00 (76.84)
[19/294]	0.258 (0.570)	85.00 (77.25)
[20/294]	0.786 (0.580)	60.00 (76.43)
[21/294]	0.159 (0.561)	100.00 (77.50)
[22/294]	0.245 (0.547)	90.00 (78.04)
[23/294]	0.262 (0.536)	85.00 (78.33)
[24/294]	0.421 (0.531)	70.00 (78.00)
[25/294]	0.445 (0.528)	65.00 (77.50)
[26/294]	0.908 (0.542)	60.00 (76.85)
[27/294]	0.322 (0.534)	75.00 (76.79)
[28/294]	0.002 (0.515)	100.00 (77.59)
[29/294]	0.116 (0.502)	100.00 (78.33)
[30/294]	0.396 (0.499)	85.00 (78.55)
[31/294]	0.495 (0.499)	70.00 (78.28)
[32/294]	0.210 (0.490)	95.00 (78.79)
[33/294]	0.228 (0.482)	95.00 (79.26)
[34/294]	0.474 (0.482)	75.00 (79.14)
[35/294]	0.137 (0.472)	100.00 (79.72)
[36/294]	0.135 (0.463)	100.00 (80.27)
[37/294]	0.128 (0.454)	100.00 (80.79)
[38/294]	0.507 (0.456)	70.00 (80.51)
[39/294]	0.218 (0.450)	95.00 (80.88)
[40/294]	0.018 (0.439)	100.00 (81.34)
[41/294]	0.113 (0.432)	95.00 (81.67)
[42/294]	0.757 (0.439)	75.00 (81.51)
[43/294]	1.287 (0.458)	70.00 (81.25)
[44/294]	0.360 (0.456)	85.00 (81.33)
[45/294]	0.282 (0.452)	90.00 (81.52)
[46/294]	0.660 (0.457)	60.00 (81.06)
[47/294]	1.056 (0.469)	70.00 (80.83)
[48/294]	0.248 (0.465)	100.00 (81.22)
[49/294]	0.432 (0.464)	95.00 (81.50)
[50/294]	0.375 (0.462)	95.00 (81.76)
[51/294]	0.463 (0.462)	90.00 (81.92)
[52/294]	0.640 (0.466)	80.00 (81.89)
[53/294]	0.531 (0.467)	65.00 (81.57)
[54/294]	0.595 (0.469)	70.00 (81.36)
[55/294]	0.567 (0.471)	65.00 (81.07)
[56/294]	0.416 (0.470)	95.00 (81.32)
[57/294]	0.401 (0.469)	100.00 (81.64)
[58/294]	0.394 (0.468)	95.00 (81.86)
[59/294]	0.336 (0.465)	80.00 (81.83)
[60/294]	0.309 (0.463)	95.00 (82.05)
[61/294]	0.174 (0.458)	100.00 (82.34)
[62/294]	0.026 (0.451)	100.00 (82.62)
[63/294]	0.155 (0.447)	95.00 (82.81)
[64/294]	0.119 (0.442)	95.00 (83.00)
[65/294]	0.116 (0.437)	100.00 (83.26)
[66/294]	0.459 (0.437)	70.00 (83.06)
[67/294]	0.494 (0.438)	70.00 (82.87)
[68/294]	1.051 (0.447)	85.00 (82.90)
[69/294]	0.763 (0.451)	75.00 (82.79)
[70/294]	0.669 (0.454)	75.00 (82.68)
[71/294]	0.387 (0.453)	90.00 (82.78)
[72/294]	0.543 (0.455)	90.00 (82.88)
[73/294]	0.103 (0.450)	100.00 (83.11)
[74/294]	0.192 (0.446)	100.00 (83.33)
[75/294]	0.329 (0.445)	95.00 (83.49)
[76/294]	0.383 (0.444)	80.00 (83.44)
[77/294]	0.167 (0.441)	90.00 (83.53)
[78/294]	0.183 (0.437)	95.00 (83.67)
[79/294]	0.287 (0.435)	90.00 (83.75)
[80/294]	0.677 (0.438)	80.00 (83.70)
[81/294]	0.397 (0.438)	85.00 (83.72)
[82/294]	0.529 (0.439)	75.00 (83.61)
[83/294]	0.763 (0.443)	60.00 (83.33)
[84/294]	0.700 (0.446)	55.00 (83.00)
[85/294]	0.343 (0.445)	80.00 (82.97)
[86/294]	0.406 (0.444)	80.00 (82.93)
[87/294]	0.226 (0.442)	95.00 (83.07)
[88/294]	0.205 (0.439)	100.00 (83.26)
[89/294]	0.293 (0.438)	95.00 (83.39)
[90/294]	0.056 (0.433)	100.00 (83.57)
[91/294]	0.448 (0.433)	80.00 (83.53)
[92/294]	0.296 (0.432)	85.00 (83.55)
[93/294]	0.537 (0.433)	65.00 (83.35)
[94/294]	0.077 (0.429)	100.00 (83.53)
[95/294]	0.039 (0.425)	100.00 (83.70)
[96/294]	0.047 (0.421)	100.00 (83.87)
[97/294]	0.032 (0.417)	100.00 (84.03)
[98/294]	1.039 (0.424)	60.00 (83.79)
[99/294]	0.602 (0.425)	65.00 (83.60)
[100/294]	0.352 (0.425)	85.00 (83.61)
[101/294]	0.074 (0.421)	100.00 (83.77)
[102/294]	0.186 (0.419)	100.00 (83.93)
[103/294]	0.405 (0.419)	90.00 (83.99)
[104/294]	0.416 (0.419)	90.00 (84.05)
[105/294]	0.040 (0.415)	100.00 (84.20)
[106/294]	0.048 (0.412)	100.00 (84.35)
[107/294]	0.035 (0.408)	100.00 (84.49)
[108/294]	0.091 (0.405)	100.00 (84.63)
[109/294]	0.255 (0.404)	95.00 (84.73)
[110/294]	0.334 (0.403)	80.00 (84.68)
[111/294]	0.259 (0.402)	80.00 (84.64)
[112/294]	0.508 (0.403)	65.00 (84.47)
[113/294]	1.052 (0.409)	60.00 (84.25)
[114/294]	0.542 (0.410)	85.00 (84.26)
[115/294]	0.129 (0.408)	100.00 (84.40)
[116/294]	0.361 (0.407)	85.00 (84.40)
[117/294]	0.292 (0.406)	90.00 (84.45)
[118/294]	1.058 (0.412)	60.00 (84.24)
[119/294]	0.665 (0.414)	70.00 (84.12)
[120/294]	0.249 (0.412)	100.00 (84.26)
[121/294]	0.388 (0.412)	85.00 (84.26)
[122/294]	0.294 (0.411)	80.00 (84.23)
[123/294]	0.476 (0.412)	80.00 (84.19)
[124/294]	0.487 (0.412)	80.00 (84.16)
[125/294]	0.313 (0.412)	90.00 (84.21)
[126/294]	0.509 (0.412)	70.00 (84.09)
[127/294]	0.309 (0.412)	85.00 (84.10)
[128/294]	0.289 (0.411)	90.00 (84.15)
[129/294]	0.163 (0.409)	95.00 (84.23)
[130/294]	0.427 (0.409)	85.00 (84.24)
[131/294]	0.258 (0.408)	90.00 (84.28)
[132/294]	0.275 (0.407)	85.00 (84.29)
[133/294]	0.012 (0.404)	100.00 (84.40)
[134/294]	0.198 (0.402)	90.00 (84.44)
[135/294]	0.255 (0.401)	90.00 (84.49)
[136/294]	0.287 (0.400)	85.00 (84.49)
[137/294]	0.110 (0.398)	95.00 (84.57)
[138/294]	0.133 (0.396)	95.00 (84.64)
[139/294]	0.220 (0.395)	100.00 (84.75)
[140/294]	0.116 (0.393)	100.00 (84.86)
[141/294]	0.095 (0.391)	95.00 (84.93)
[142/294]	0.146 (0.389)	90.00 (84.97)
[143/294]	0.176 (0.388)	95.00 (85.03)
[144/294]	1.046 (0.392)	65.00 (84.90)
[145/294]	0.402 (0.392)	80.00 (84.86)
[146/294]	0.012 (0.390)	100.00 (84.97)
[147/294]	1.240 (0.395)	65.00 (84.83)
[148/294]	0.710 (0.398)	80.00 (84.80)
[149/294]	0.057 (0.395)	100.00 (84.90)
[150/294]	0.217 (0.394)	100.00 (85.00)
[151/294]	0.165 (0.393)	100.00 (85.10)
[152/294]	0.243 (0.392)	95.00 (85.16)
[153/294]	0.375 (0.392)	85.00 (85.16)
[154/294]	0.378 (0.391)	85.00 (85.16)
[155/294]	0.288 (0.391)	90.00 (85.19)
[156/294]	0.196 (0.390)	100.00 (85.29)
[157/294]	0.444 (0.390)	80.00 (85.25)
[158/294]	0.376 (0.390)	95.00 (85.31)
[159/294]	0.307 (0.389)	90.00 (85.34)
[160/294]	0.295 (0.389)	90.00 (85.37)
[161/294]	0.232 (0.388)	85.00 (85.37)
[162/294]	0.136 (0.386)	100.00 (85.46)
[163/294]	0.110 (0.384)	100.00 (85.55)
[164/294]	0.144 (0.383)	95.00 (85.61)
[165/294]	0.368 (0.383)	80.00 (85.57)
[166/294]	0.086 (0.381)	95.00 (85.63)
[167/294]	0.067 (0.379)	100.00 (85.71)
[168/294]	0.495 (0.380)	80.00 (85.68)
[169/294]	0.165 (0.379)	95.00 (85.74)
[170/294]	0.053 (0.377)	100.00 (85.82)
[171/294]	0.132 (0.375)	95.00 (85.87)
[172/294]	0.130 (0.374)	95.00 (85.92)
[173/294]	0.032 (0.372)	100.00 (86.01)
[174/294]	0.032 (0.370)	100.00 (86.09)
[175/294]	0.171 (0.369)	90.00 (86.11)
[176/294]	0.026 (0.367)	100.00 (86.19)
[177/294]	0.028 (0.365)	100.00 (86.26)
[178/294]	0.712 (0.367)	80.00 (86.23)
[179/294]	0.035 (0.365)	100.00 (86.31)
[180/294]	0.672 (0.367)	90.00 (86.33)
[181/294]	0.008 (0.365)	100.00 (86.40)
[182/294]	0.094 (0.363)	95.00 (86.45)
[183/294]	0.032 (0.362)	100.00 (86.52)
[184/294]	0.058 (0.360)	100.00 (86.59)
[185/294]	0.396 (0.360)	85.00 (86.59)
[186/294]	0.165 (0.359)	95.00 (86.63)
[187/294]	0.130 (0.358)	100.00 (86.70)
[188/294]	0.343 (0.358)	85.00 (86.69)
[189/294]	0.554 (0.359)	75.00 (86.63)
[190/294]	0.127 (0.358)	95.00 (86.68)
[191/294]	0.566 (0.359)	90.00 (86.69)
[192/294]	0.029 (0.357)	100.00 (86.76)
[193/294]	0.355 (0.357)	85.00 (86.75)
[194/294]	0.148 (0.356)	95.00 (86.79)
[195/294]	0.011 (0.354)	100.00 (86.86)
[196/294]	0.021 (0.352)	100.00 (86.93)
[197/294]	0.430 (0.353)	75.00 (86.87)
[198/294]	0.555 (0.354)	60.00 (86.73)
[199/294]	0.075 (0.352)	100.00 (86.80)
[200/294]	0.038 (0.351)	100.00 (86.87)
[201/294]	0.049 (0.349)	100.00 (86.93)
[202/294]	0.052 (0.348)	100.00 (87.00)
[203/294]	0.137 (0.347)	100.00 (87.06)
[204/294]	0.323 (0.347)	75.00 (87.00)
[205/294]	0.287 (0.347)	95.00 (87.04)
[206/294]	0.089 (0.345)	100.00 (87.10)
[207/294]	0.126 (0.344)	95.00 (87.14)
[208/294]	0.174 (0.343)	100.00 (87.20)
[209/294]	0.303 (0.343)	90.00 (87.21)
[210/294]	0.246 (0.343)	95.00 (87.25)
[211/294]	0.105 (0.342)	100.00 (87.31)
[212/294]	0.163 (0.341)	95.00 (87.35)
[213/294]	0.010 (0.339)	100.00 (87.41)
[214/294]	0.054 (0.338)	100.00 (87.47)
[215/294]	0.101 (0.337)	95.00 (87.50)
[216/294]	0.002 (0.335)	100.00 (87.56)
[217/294]	0.327 (0.335)	80.00 (87.52)
[218/294]	0.103 (0.334)	95.00 (87.56)
[219/294]	0.039 (0.333)	100.00 (87.61)
[220/294]	0.047 (0.332)	95.00 (87.65)
[221/294]	0.016 (0.330)	100.00 (87.70)
[222/294]	0.054 (0.329)	95.00 (87.74)
[223/294]	0.000 (0.327)	100.00 (87.79)
[224/294]	0.003 (0.326)	100.00 (87.84)
[225/294]	0.521 (0.327)	90.00 (87.85)
[226/294]	0.290 (0.327)	85.00 (87.84)
[227/294]	0.857 (0.329)	50.00 (87.68)
[228/294]	0.162 (0.328)	90.00 (87.69)
[229/294]	0.024 (0.327)	100.00 (87.74)
[230/294]	0.000 (0.326)	100.00 (87.79)
[231/294]	0.063 (0.324)	100.00 (87.84)
[232/294]	0.059 (0.323)	100.00 (87.90)
[233/294]	0.047 (0.322)	100.00 (87.95)
[234/294]	0.031 (0.321)	100.00 (88.00)
[235/294]	0.041 (0.320)	100.00 (88.05)
[236/294]	0.269 (0.319)	90.00 (88.06)
[237/294]	0.148 (0.319)	95.00 (88.09)
[238/294]	0.007 (0.317)	100.00 (88.14)
[239/294]	0.024 (0.316)	100.00 (88.19)
[240/294]	0.388 (0.317)	85.00 (88.17)
[241/294]	0.006 (0.315)	100.00 (88.22)
[242/294]	0.040 (0.314)	100.00 (88.27)
[243/294]	0.220 (0.314)	90.00 (88.28)
[244/294]	0.451 (0.314)	75.00 (88.22)
[245/294]	0.144 (0.314)	95.00 (88.25)
[246/294]	0.487 (0.314)	75.00 (88.20)
[247/294]	0.234 (0.314)	90.00 (88.21)
[248/294]	0.020 (0.313)	100.00 (88.25)
[249/294]	0.057 (0.312)	100.00 (88.30)
[250/294]	0.050 (0.311)	100.00 (88.35)
[251/294]	0.120 (0.310)	100.00 (88.39)
[252/294]	0.086 (0.309)	100.00 (88.44)
[253/294]	0.054 (0.308)	100.00 (88.48)
[254/294]	0.034 (0.307)	100.00 (88.53)
[255/294]	0.112 (0.306)	95.00 (88.55)
[256/294]	0.054 (0.305)	100.00 (88.60)
[257/294]	0.015 (0.304)	100.00 (88.64)
[258/294]	0.036 (0.303)	100.00 (88.69)
[259/294]	0.011 (0.302)	100.00 (88.73)
[260/294]	0.024 (0.301)	100.00 (88.77)
[261/294]	0.021 (0.300)	100.00 (88.82)
[262/294]	0.000 (0.299)	100.00 (88.86)
[263/294]	0.008 (0.298)	100.00 (88.90)
[264/294]	0.011 (0.297)	100.00 (88.94)
[265/294]	0.003 (0.295)	100.00 (88.98)
[266/294]	0.002 (0.294)	100.00 (89.03)
[267/294]	0.024 (0.293)	100.00 (89.07)
[268/294]	0.003 (0.292)	100.00 (89.11)
[269/294]	0.006 (0.291)	100.00 (89.15)
[270/294]	0.074 (0.290)	95.00 (89.17)
[271/294]	0.016 (0.289)	100.00 (89.21)
[272/294]	0.036 (0.288)	100.00 (89.25)
[273/294]	0.000 (0.287)	100.00 (89.29)
[274/294]	0.064 (0.287)	95.00 (89.31)
[275/294]	0.072 (0.286)	95.00 (89.33)
[276/294]	0.360 (0.286)	80.00 (89.30)
[277/294]	0.011 (0.285)	100.00 (89.33)
[278/294]	0.045 (0.284)	100.00 (89.37)
[279/294]	0.021 (0.283)	100.00 (89.41)
[280/294]	0.001 (0.282)	100.00 (89.45)
[281/294]	0.065 (0.281)	95.00 (89.47)
[282/294]	0.000 (0.280)	100.00 (89.51)
[283/294]	0.004 (0.280)	100.00 (89.54)
[284/294]	0.074 (0.279)	95.00 (89.56)
[285/294]	0.025 (0.278)	100.00 (89.60)
[286/294]	0.006 (0.277)	100.00 (89.63)
[287/294]	0.000 (0.276)	100.00 (89.67)
[288/294]	0.030 (0.275)	100.00 (89.71)
[289/294]	0.005 (0.274)	100.00 (89.74)
[290/294]	0.000 (0.273)	100.00 (89.78)
[291/294]	0.002 (0.272)	100.00 (89.81)
[292/294]	0.050 (0.272)	100.00 (89.85)
[293/294]	0.035 (0.271)	100.00 (89.88)
 * Train Acc: 89.881
 * Avg. Data time: 0.005, Avg. Batch time: 0.034, Avg. Forward time: 0.004, Avg. Backward time: 0.017
Computing MAS
 * Val Acc: 96.957, Time: 1.52
 * Test Acc: 98.251, Time: 2.78
=============Training Task 1=============
Active output nodes for this task: 
[0, 1, 2, 3]
=============Training Epoch 0=============
#reg terms:  1
Batch	 Loss		 Acc
[0/294]	11.780 (11.780)	0.00 (0.00)
[1/294]	37.456 (24.618)	0.00 (0.00)
[2/294]	5478.365 (1842.534)	0.00 (0.00)
[3/294]	2626366.750 (657973.600)	0.00 (0.00)
[4/294]	214592995328.000 (42919125319.680)	0.00 (0.00)
[5/294]	5546424446636783566848.000 (924404055674465419264.000)	50.00 (8.33)
[6/294]	nan (nan)	50.00 (14.29)
[7/294]	nan (nan)	50.00 (18.75)
[8/294]	nan (nan)	50.00 (22.22)
[9/294]	nan (nan)	50.00 (25.00)
[10/294]	nan (nan)	50.00 (27.27)
[11/294]	nan (nan)	50.00 (29.17)
[12/294]	nan (nan)	50.00 (30.77)
[13/294]	nan (nan)	50.00 (32.14)
[14/294]	nan (nan)	50.00 (33.33)
[15/294]	nan (nan)	50.00 (34.38)
[16/294]	nan (nan)	50.00 (35.29)
[17/294]	nan (nan)	50.00 (36.11)
[18/294]	nan (nan)	50.00 (36.84)
[19/294]	nan (nan)	50.00 (37.50)
[20/294]	nan (nan)	50.00 (38.10)
[21/294]	nan (nan)	50.00 (38.64)
[22/294]	nan (nan)	50.00 (39.13)
[23/294]	nan (nan)	50.00 (39.58)
[24/294]	nan (nan)	50.00 (40.00)
[25/294]	nan (nan)	50.00 (40.38)
[26/294]	nan (nan)	50.00 (40.74)
[27/294]	nan (nan)	50.00 (41.07)
[28/294]	nan (nan)	50.00 (41.38)
[29/294]	nan (nan)	20.00 (40.67)
[30/294]	nan (nan)	45.00 (40.81)
[31/294]	nan (nan)	50.00 (41.09)
[32/294]	nan (nan)	50.00 (41.36)
[33/294]	nan (nan)	50.00 (41.62)
[34/294]	nan (nan)	50.00 (41.86)
[35/294]	nan (nan)	50.00 (42.08)
[36/294]	nan (nan)	50.00 (42.30)
[37/294]	nan (nan)	50.00 (42.50)
[38/294]	nan (nan)	50.00 (42.69)
[39/294]	nan (nan)	50.00 (42.88)
[40/294]	nan (nan)	50.00 (43.05)
[41/294]	nan (nan)	50.00 (43.21)
[42/294]	nan (nan)	50.00 (43.37)
[43/294]	nan (nan)	50.00 (43.52)
[44/294]	nan (nan)	50.00 (43.67)
[45/294]	nan (nan)	50.00 (43.80)
[46/294]	nan (nan)	50.00 (43.94)
[47/294]	nan (nan)	50.00 (44.06)
[48/294]	nan (nan)	50.00 (44.18)
[49/294]	nan (nan)	50.00 (44.30)
[50/294]	nan (nan)	50.00 (44.41)
[51/294]	nan (nan)	50.00 (44.52)
[52/294]	nan (nan)	50.00 (44.62)
[53/294]	nan (nan)	50.00 (44.72)
[54/294]	nan (nan)	50.00 (44.82)
[55/294]	nan (nan)	50.00 (44.91)
[56/294]	nan (nan)	50.00 (45.00)
[57/294]	nan (nan)	50.00 (45.09)
[58/294]	nan (nan)	50.00 (45.17)
[59/294]	nan (nan)	50.00 (45.25)
[60/294]	nan (nan)	50.00 (45.33)
[61/294]	nan (nan)	50.00 (45.40)
[62/294]	nan (nan)	50.00 (45.48)
[63/294]	nan (nan)	50.00 (45.55)
[64/294]	nan (nan)	50.00 (45.62)
[65/294]	nan (nan)	50.00 (45.68)
[66/294]	nan (nan)	50.00 (45.75)
[67/294]	nan (nan)	50.00 (45.81)
[68/294]	nan (nan)	50.00 (45.87)
[69/294]	nan (nan)	50.00 (45.93)
[70/294]	nan (nan)	50.00 (45.99)
[71/294]	nan (nan)	50.00 (46.04)
[72/294]	nan (nan)	50.00 (46.10)
[73/294]	nan (nan)	50.00 (46.15)
[74/294]	nan (nan)	50.00 (46.20)
[75/294]	nan (nan)	50.00 (46.25)
[76/294]	nan (nan)	50.00 (46.30)
[77/294]	nan (nan)	50.00 (46.35)
[78/294]	nan (nan)	50.00 (46.39)
[79/294]	nan (nan)	50.00 (46.44)
[80/294]	nan (nan)	50.00 (46.48)
[81/294]	nan (nan)	50.00 (46.52)
[82/294]	nan (nan)	50.00 (46.57)
[83/294]	nan (nan)	50.00 (46.61)
[84/294]	nan (nan)	50.00 (46.65)
[85/294]	nan (nan)	50.00 (46.69)
[86/294]	nan (nan)	50.00 (46.72)
[87/294]	nan (nan)	50.00 (46.76)
[88/294]	nan (nan)	50.00 (46.80)
[89/294]	nan (nan)	50.00 (46.83)
[90/294]	nan (nan)	50.00 (46.87)
[91/294]	nan (nan)	50.00 (46.90)
[92/294]	nan (nan)	50.00 (46.94)
[93/294]	nan (nan)	50.00 (46.97)
[94/294]	nan (nan)	50.00 (47.00)
[95/294]	nan (nan)	50.00 (47.03)
[96/294]	nan (nan)	50.00 (47.06)
[97/294]	nan (nan)	50.00 (47.09)
[98/294]	nan (nan)	50.00 (47.12)
[99/294]	nan (nan)	50.00 (47.15)
[100/294]	nan (nan)	50.00 (47.18)
[101/294]	nan (nan)	50.00 (47.21)
[102/294]	nan (nan)	50.00 (47.23)
[103/294]	nan (nan)	50.00 (47.26)
[104/294]	nan (nan)	50.00 (47.29)
[105/294]	nan (nan)	50.00 (47.31)
[106/294]	nan (nan)	50.00 (47.34)
[107/294]	nan (nan)	50.00 (47.36)
[108/294]	nan (nan)	50.00 (47.39)
[109/294]	nan (nan)	50.00 (47.41)
[110/294]	nan (nan)	50.00 (47.43)
[111/294]	nan (nan)	50.00 (47.46)
[112/294]	nan (nan)	50.00 (47.48)
[113/294]	nan (nan)	50.00 (47.50)
[114/294]	nan (nan)	50.00 (47.52)
[115/294]	nan (nan)	50.00 (47.54)
[116/294]	nan (nan)	50.00 (47.56)
[117/294]	nan (nan)	50.00 (47.58)
[118/294]	nan (nan)	50.00 (47.61)
[119/294]	nan (nan)	50.00 (47.62)
[120/294]	nan (nan)	50.00 (47.64)
[121/294]	nan (nan)	50.00 (47.66)
[122/294]	nan (nan)	50.00 (47.68)
[123/294]	nan (nan)	50.00 (47.70)
[124/294]	nan (nan)	50.00 (47.72)
[125/294]	nan (nan)	50.00 (47.74)
[126/294]	nan (nan)	50.00 (47.76)
[127/294]	nan (nan)	50.00 (47.77)
[128/294]	nan (nan)	50.00 (47.79)
[129/294]	nan (nan)	50.00 (47.81)
[130/294]	nan (nan)	50.00 (47.82)
[131/294]	nan (nan)	50.00 (47.84)
[132/294]	nan (nan)	50.00 (47.86)
[133/294]	nan (nan)	50.00 (47.87)
[134/294]	nan (nan)	50.00 (47.89)
[135/294]	nan (nan)	50.00 (47.90)
[136/294]	nan (nan)	50.00 (47.92)
[137/294]	nan (nan)	50.00 (47.93)
[138/294]	nan (nan)	50.00 (47.95)
[139/294]	nan (nan)	50.00 (47.96)
[140/294]	nan (nan)	50.00 (47.98)
[141/294]	nan (nan)	50.00 (47.99)
[142/294]	nan (nan)	50.00 (48.01)
[143/294]	nan (nan)	50.00 (48.02)
[144/294]	nan (nan)	50.00 (48.03)
[145/294]	nan (nan)	50.00 (48.05)
[146/294]	nan (nan)	50.00 (48.06)
[147/294]	nan (nan)	50.00 (48.07)
[148/294]	nan (nan)	50.00 (48.09)
[149/294]	nan (nan)	50.00 (48.10)
[150/294]	nan (nan)	50.00 (48.11)
[151/294]	nan (nan)	50.00 (48.12)
[152/294]	nan (nan)	50.00 (48.14)
[153/294]	nan (nan)	50.00 (48.15)
[154/294]	nan (nan)	50.00 (48.16)
[155/294]	nan (nan)	50.00 (48.17)
[156/294]	nan (nan)	50.00 (48.18)
[157/294]	nan (nan)	50.00 (48.20)
[158/294]	nan (nan)	50.00 (48.21)
[159/294]	nan (nan)	50.00 (48.22)
[160/294]	nan (nan)	50.00 (48.23)
[161/294]	nan (nan)	50.00 (48.24)
[162/294]	nan (nan)	50.00 (48.25)
[163/294]	nan (nan)	50.00 (48.26)
[164/294]	nan (nan)	50.00 (48.27)
[165/294]	nan (nan)	50.00 (48.28)
[166/294]	nan (nan)	50.00 (48.29)
[167/294]	nan (nan)	50.00 (48.30)
[168/294]	nan (nan)	50.00 (48.31)
[169/294]	nan (nan)	50.00 (48.32)
[170/294]	nan (nan)	50.00 (48.33)
[171/294]	nan (nan)	50.00 (48.34)
[172/294]	nan (nan)	50.00 (48.35)
[173/294]	nan (nan)	50.00 (48.36)
[174/294]	nan (nan)	50.00 (48.37)
[175/294]	nan (nan)	50.00 (48.38)
[176/294]	nan (nan)	50.00 (48.39)
[177/294]	nan (nan)	50.00 (48.40)
[178/294]	nan (nan)	50.00 (48.41)
[179/294]	nan (nan)	50.00 (48.42)
[180/294]	nan (nan)	50.00 (48.43)
[181/294]	nan (nan)	50.00 (48.43)
[182/294]	nan (nan)	50.00 (48.44)
[183/294]	nan (nan)	50.00 (48.45)
[184/294]	nan (nan)	50.00 (48.46)
[185/294]	nan (nan)	50.00 (48.47)
[186/294]	nan (nan)	50.00 (48.48)
[187/294]	nan (nan)	50.00 (48.48)
[188/294]	nan (nan)	50.00 (48.49)
[189/294]	nan (nan)	50.00 (48.50)
[190/294]	nan (nan)	50.00 (48.51)
[191/294]	nan (nan)	50.00 (48.52)
[192/294]	nan (nan)	50.00 (48.52)
[193/294]	nan (nan)	50.00 (48.53)
[194/294]	nan (nan)	50.00 (48.54)
[195/294]	nan (nan)	50.00 (48.55)
[196/294]	nan (nan)	50.00 (48.55)
[197/294]	nan (nan)	50.00 (48.56)
[198/294]	nan (nan)	50.00 (48.57)
[199/294]	nan (nan)	50.00 (48.58)
[200/294]	nan (nan)	50.00 (48.58)
[201/294]	nan (nan)	50.00 (48.59)
[202/294]	nan (nan)	50.00 (48.60)
[203/294]	nan (nan)	50.00 (48.60)
[204/294]	nan (nan)	50.00 (48.61)
[205/294]	nan (nan)	50.00 (48.62)
[206/294]	nan (nan)	50.00 (48.62)
[207/294]	nan (nan)	50.00 (48.63)
[208/294]	nan (nan)	50.00 (48.64)
[209/294]	nan (nan)	50.00 (48.64)
[210/294]	nan (nan)	50.00 (48.65)
[211/294]	nan (nan)	50.00 (48.66)
[212/294]	nan (nan)	50.00 (48.66)
[213/294]	nan (nan)	50.00 (48.67)
[214/294]	nan (nan)	50.00 (48.67)
[215/294]	nan (nan)	50.00 (48.68)
[216/294]	nan (nan)	50.00 (48.69)
[217/294]	nan (nan)	50.00 (48.69)
[218/294]	nan (nan)	50.00 (48.70)
[219/294]	nan (nan)	50.00 (48.70)
[220/294]	nan (nan)	50.00 (48.71)
[221/294]	nan (nan)	50.00 (48.72)
[222/294]	nan (nan)	50.00 (48.72)
[223/294]	nan (nan)	50.00 (48.73)
[224/294]	nan (nan)	50.00 (48.73)
[225/294]	nan (nan)	50.00 (48.74)
[226/294]	nan (nan)	50.00 (48.74)
[227/294]	nan (nan)	50.00 (48.75)
[228/294]	nan (nan)	50.00 (48.76)
[229/294]	nan (nan)	50.00 (48.76)
[230/294]	nan (nan)	50.00 (48.77)
[231/294]	nan (nan)	50.00 (48.77)
[232/294]	nan (nan)	50.00 (48.78)
[233/294]	nan (nan)	50.00 (48.78)
[234/294]	nan (nan)	50.00 (48.79)
[235/294]	nan (nan)	50.00 (48.79)
[236/294]	nan (nan)	50.00 (48.80)
[237/294]	nan (nan)	50.00 (48.80)
[238/294]	nan (nan)	50.00 (48.81)
[239/294]	nan (nan)	50.00 (48.81)
[240/294]	nan (nan)	50.00 (48.82)
[241/294]	nan (nan)	50.00 (48.82)
[242/294]	nan (nan)	50.00 (48.83)
[243/294]	nan (nan)	50.00 (48.83)
[244/294]	nan (nan)	50.00 (48.84)
[245/294]	nan (nan)	50.00 (48.84)
[246/294]	nan (nan)	50.00 (48.85)
[247/294]	nan (nan)	50.00 (48.85)
[248/294]	nan (nan)	50.00 (48.86)
[249/294]	nan (nan)	50.00 (48.86)
[250/294]	nan (nan)	50.00 (48.86)
[251/294]	nan (nan)	50.00 (48.87)
[252/294]	nan (nan)	50.00 (48.87)
[253/294]	nan (nan)	50.00 (48.88)
[254/294]	nan (nan)	50.00 (48.88)
[255/294]	nan (nan)	50.00 (48.89)
[256/294]	nan (nan)	50.00 (48.89)
[257/294]	nan (nan)	50.00 (48.90)
[258/294]	nan (nan)	50.00 (48.90)
[259/294]	nan (nan)	50.00 (48.90)
[260/294]	nan (nan)	50.00 (48.91)
[261/294]	nan (nan)	50.00 (48.91)
[262/294]	nan (nan)	50.00 (48.92)
[263/294]	nan (nan)	50.00 (48.92)
[264/294]	nan (nan)	50.00 (48.92)
[265/294]	nan (nan)	50.00 (48.93)
[266/294]	nan (nan)	50.00 (48.93)
[267/294]	nan (nan)	50.00 (48.94)
[268/294]	nan (nan)	50.00 (48.94)
[269/294]	nan (nan)	50.00 (48.94)
[270/294]	nan (nan)	50.00 (48.95)
[271/294]	nan (nan)	50.00 (48.95)
[272/294]	nan (nan)	50.00 (48.96)
[273/294]	nan (nan)	50.00 (48.96)
[274/294]	nan (nan)	50.00 (48.96)
[275/294]	nan (nan)	50.00 (48.97)
[276/294]	nan (nan)	50.00 (48.97)
[277/294]	nan (nan)	50.00 (48.97)
[278/294]	nan (nan)	50.00 (48.98)
[279/294]	nan (nan)	50.00 (48.98)
[280/294]	nan (nan)	50.00 (48.99)
[281/294]	nan (nan)	50.00 (48.99)
[282/294]	nan (nan)	50.00 (48.99)
[283/294]	nan (nan)	50.00 (49.00)
[284/294]	nan (nan)	50.00 (49.00)
[285/294]	nan (nan)	50.00 (49.00)
[286/294]	nan (nan)	50.00 (49.01)
[287/294]	nan (nan)	50.00 (49.01)
[288/294]	nan (nan)	50.00 (49.01)
[289/294]	nan (nan)	50.00 (49.02)
[290/294]	nan (nan)	50.00 (49.02)
[291/294]	nan (nan)	50.00 (49.02)
[292/294]	nan (nan)	50.00 (49.03)
[293/294]	nan (nan)	0.00 (48.98)
 * Train Acc: 48.977
 * Avg. Data time: 0.074, Avg. Batch time: 0.113, Avg. Forward time: 0.004, Avg. Backward time: 0.029
Computing MAS
 * Val Acc: 25.647, Time: 2.60
 * Test Acc: 24.772, Time: 5.39
=============Training Task 2=============
Active output nodes for this task: 
[0, 1, 2, 3, 4, 5]
=============Training Epoch 0=============
#reg terms:  1
Batch	 Loss		 Acc
[0/294]	nan (nan)	0.00 (0.00)
[1/294]	nan (nan)	0.00 (0.00)
[2/294]	nan (nan)	0.00 (0.00)
[3/294]	nan (nan)	0.00 (0.00)
[4/294]	nan (nan)	0.00 (0.00)
[5/294]	nan (nan)	0.00 (0.00)
[6/294]	nan (nan)	0.00 (0.00)
[7/294]	nan (nan)	0.00 (0.00)
[8/294]	nan (nan)	0.00 (0.00)
[9/294]	nan (nan)	0.00 (0.00)
[10/294]	nan (nan)	0.00 (0.00)
[11/294]	nan (nan)	0.00 (0.00)
[12/294]	nan (nan)	0.00 (0.00)
[13/294]	nan (nan)	0.00 (0.00)
[14/294]	nan (nan)	0.00 (0.00)
[15/294]	nan (nan)	0.00 (0.00)
[16/294]	nan (nan)	0.00 (0.00)
[17/294]	nan (nan)	0.00 (0.00)
[18/294]	nan (nan)	0.00 (0.00)
[19/294]	nan (nan)	0.00 (0.00)
[20/294]	nan (nan)	0.00 (0.00)
[21/294]	nan (nan)	0.00 (0.00)
[22/294]	nan (nan)	0.00 (0.00)
[23/294]	nan (nan)	0.00 (0.00)
[24/294]	nan (nan)	0.00 (0.00)
[25/294]	nan (nan)	0.00 (0.00)
[26/294]	nan (nan)	0.00 (0.00)
[27/294]	nan (nan)	0.00 (0.00)
[28/294]	nan (nan)	0.00 (0.00)
[29/294]	nan (nan)	0.00 (0.00)
[30/294]	nan (nan)	0.00 (0.00)
[31/294]	nan (nan)	0.00 (0.00)
[32/294]	nan (nan)	0.00 (0.00)
[33/294]	nan (nan)	0.00 (0.00)
[34/294]	nan (nan)	0.00 (0.00)
[35/294]	nan (nan)	0.00 (0.00)
[36/294]	nan (nan)	0.00 (0.00)
[37/294]	nan (nan)	0.00 (0.00)
[38/294]	nan (nan)	0.00 (0.00)
[39/294]	nan (nan)	0.00 (0.00)
[40/294]	nan (nan)	0.00 (0.00)
[41/294]	nan (nan)	0.00 (0.00)
[42/294]	nan (nan)	0.00 (0.00)
[43/294]	nan (nan)	0.00 (0.00)
[44/294]	nan (nan)	0.00 (0.00)
[45/294]	nan (nan)	0.00 (0.00)
[46/294]	nan (nan)	0.00 (0.00)
[47/294]	nan (nan)	0.00 (0.00)
[48/294]	nan (nan)	0.00 (0.00)
[49/294]	nan (nan)	0.00 (0.00)
[50/294]	nan (nan)	0.00 (0.00)
[51/294]	nan (nan)	0.00 (0.00)
[52/294]	nan (nan)	0.00 (0.00)
[53/294]	nan (nan)	0.00 (0.00)
[54/294]	nan (nan)	0.00 (0.00)
[55/294]	nan (nan)	0.00 (0.00)
[56/294]	nan (nan)	0.00 (0.00)
[57/294]	nan (nan)	0.00 (0.00)
[58/294]	nan (nan)	0.00 (0.00)
[59/294]	nan (nan)	0.00 (0.00)
[60/294]	nan (nan)	0.00 (0.00)
[61/294]	nan (nan)	0.00 (0.00)
[62/294]	nan (nan)	0.00 (0.00)
[63/294]	nan (nan)	0.00 (0.00)
[64/294]	nan (nan)	0.00 (0.00)
[65/294]	nan (nan)	0.00 (0.00)
[66/294]	nan (nan)	0.00 (0.00)
[67/294]	nan (nan)	0.00 (0.00)
[68/294]	nan (nan)	0.00 (0.00)
[69/294]	nan (nan)	0.00 (0.00)
[70/294]	nan (nan)	0.00 (0.00)
[71/294]	nan (nan)	0.00 (0.00)
[72/294]	nan (nan)	0.00 (0.00)
[73/294]	nan (nan)	0.00 (0.00)
[74/294]	nan (nan)	0.00 (0.00)
[75/294]	nan (nan)	0.00 (0.00)
[76/294]	nan (nan)	0.00 (0.00)
[77/294]	nan (nan)	0.00 (0.00)
[78/294]	nan (nan)	0.00 (0.00)
[79/294]	nan (nan)	0.00 (0.00)
[80/294]	nan (nan)	0.00 (0.00)
[81/294]	nan (nan)	0.00 (0.00)
[82/294]	nan (nan)	0.00 (0.00)
[83/294]	nan (nan)	0.00 (0.00)
[84/294]	nan (nan)	0.00 (0.00)
[85/294]	nan (nan)	0.00 (0.00)
[86/294]	nan (nan)	0.00 (0.00)
[87/294]	nan (nan)	0.00 (0.00)
[88/294]	nan (nan)	0.00 (0.00)
[89/294]	nan (nan)	0.00 (0.00)
[90/294]	nan (nan)	0.00 (0.00)
[91/294]	nan (nan)	0.00 (0.00)
[92/294]	nan (nan)	0.00 (0.00)
[93/294]	nan (nan)	0.00 (0.00)
[94/294]	nan (nan)	0.00 (0.00)
[95/294]	nan (nan)	0.00 (0.00)
[96/294]	nan (nan)	0.00 (0.00)
[97/294]	nan (nan)	0.00 (0.00)
[98/294]	nan (nan)	0.00 (0.00)
[99/294]	nan (nan)	0.00 (0.00)
[100/294]	nan (nan)	0.00 (0.00)
[101/294]	nan (nan)	0.00 (0.00)
[102/294]	nan (nan)	0.00 (0.00)
[103/294]	nan (nan)	0.00 (0.00)
[104/294]	nan (nan)	0.00 (0.00)
[105/294]	nan (nan)	0.00 (0.00)
[106/294]	nan (nan)	0.00 (0.00)
[107/294]	nan (nan)	0.00 (0.00)
[108/294]	nan (nan)	0.00 (0.00)
[109/294]	nan (nan)	0.00 (0.00)
[110/294]	nan (nan)	0.00 (0.00)
[111/294]	nan (nan)	0.00 (0.00)
[112/294]	nan (nan)	0.00 (0.00)
[113/294]	nan (nan)	0.00 (0.00)
[114/294]	nan (nan)	0.00 (0.00)
[115/294]	nan (nan)	0.00 (0.00)
[116/294]	nan (nan)	0.00 (0.00)
[117/294]	nan (nan)	0.00 (0.00)
[118/294]	nan (nan)	0.00 (0.00)
[119/294]	nan (nan)	0.00 (0.00)
[120/294]	nan (nan)	0.00 (0.00)
[121/294]	nan (nan)	0.00 (0.00)
[122/294]	nan (nan)	0.00 (0.00)
[123/294]	nan (nan)	0.00 (0.00)
[124/294]	nan (nan)	0.00 (0.00)
[125/294]	nan (nan)	0.00 (0.00)
[126/294]	nan (nan)	0.00 (0.00)
[127/294]	nan (nan)	0.00 (0.00)
[128/294]	nan (nan)	0.00 (0.00)
[129/294]	nan (nan)	0.00 (0.00)
[130/294]	nan (nan)	0.00 (0.00)
[131/294]	nan (nan)	0.00 (0.00)
[132/294]	nan (nan)	0.00 (0.00)
[133/294]	nan (nan)	0.00 (0.00)
[134/294]	nan (nan)	0.00 (0.00)
[135/294]	nan (nan)	0.00 (0.00)
[136/294]	nan (nan)	0.00 (0.00)
[137/294]	nan (nan)	0.00 (0.00)
[138/294]	nan (nan)	0.00 (0.00)
[139/294]	nan (nan)	0.00 (0.00)
[140/294]	nan (nan)	0.00 (0.00)
[141/294]	nan (nan)	0.00 (0.00)
[142/294]	nan (nan)	0.00 (0.00)
[143/294]	nan (nan)	0.00 (0.00)
[144/294]	nan (nan)	0.00 (0.00)
[145/294]	nan (nan)	0.00 (0.00)
[146/294]	nan (nan)	0.00 (0.00)
[147/294]	nan (nan)	0.00 (0.00)
[148/294]	nan (nan)	0.00 (0.00)
[149/294]	nan (nan)	0.00 (0.00)
[150/294]	nan (nan)	0.00 (0.00)
[151/294]	nan (nan)	0.00 (0.00)
[152/294]	nan (nan)	0.00 (0.00)
[153/294]	nan (nan)	0.00 (0.00)
[154/294]	nan (nan)	0.00 (0.00)
[155/294]	nan (nan)	0.00 (0.00)
[156/294]	nan (nan)	0.00 (0.00)
[157/294]	nan (nan)	0.00 (0.00)
[158/294]	nan (nan)	0.00 (0.00)
[159/294]	nan (nan)	0.00 (0.00)
[160/294]	nan (nan)	0.00 (0.00)
[161/294]	nan (nan)	0.00 (0.00)
[162/294]	nan (nan)	0.00 (0.00)
[163/294]	nan (nan)	0.00 (0.00)
[164/294]	nan (nan)	0.00 (0.00)
[165/294]	nan (nan)	0.00 (0.00)
[166/294]	nan (nan)	0.00 (0.00)
[167/294]	nan (nan)	0.00 (0.00)
[168/294]	nan (nan)	0.00 (0.00)
[169/294]	nan (nan)	0.00 (0.00)
[170/294]	nan (nan)	0.00 (0.00)
[171/294]	nan (nan)	0.00 (0.00)
[172/294]	nan (nan)	0.00 (0.00)
[173/294]	nan (nan)	0.00 (0.00)
[174/294]	nan (nan)	0.00 (0.00)
[175/294]	nan (nan)	0.00 (0.00)
[176/294]	nan (nan)	0.00 (0.00)
[177/294]	nan (nan)	0.00 (0.00)
[178/294]	nan (nan)	0.00 (0.00)
[179/294]	nan (nan)	0.00 (0.00)
[180/294]	nan (nan)	0.00 (0.00)
[181/294]	nan (nan)	0.00 (0.00)
[182/294]	nan (nan)	0.00 (0.00)
[183/294]	nan (nan)	0.00 (0.00)
[184/294]	nan (nan)	0.00 (0.00)
[185/294]	nan (nan)	0.00 (0.00)
[186/294]	nan (nan)	0.00 (0.00)
[187/294]	nan (nan)	0.00 (0.00)
[188/294]	nan (nan)	0.00 (0.00)
[189/294]	nan (nan)	0.00 (0.00)
[190/294]	nan (nan)	0.00 (0.00)
[191/294]	nan (nan)	0.00 (0.00)
[192/294]	nan (nan)	0.00 (0.00)
[193/294]	nan (nan)	0.00 (0.00)
[194/294]	nan (nan)	0.00 (0.00)
[195/294]	nan (nan)	0.00 (0.00)
[196/294]	nan (nan)	0.00 (0.00)
[197/294]	nan (nan)	0.00 (0.00)
[198/294]	nan (nan)	0.00 (0.00)
[199/294]	nan (nan)	0.00 (0.00)
[200/294]	nan (nan)	0.00 (0.00)
[201/294]	nan (nan)	0.00 (0.00)
[202/294]	nan (nan)	0.00 (0.00)
[203/294]	nan (nan)	0.00 (0.00)
[204/294]	nan (nan)	0.00 (0.00)
[205/294]	nan (nan)	0.00 (0.00)
[206/294]	nan (nan)	0.00 (0.00)
[207/294]	nan (nan)	0.00 (0.00)
[208/294]	nan (nan)	0.00 (0.00)
[209/294]	nan (nan)	0.00 (0.00)
[210/294]	nan (nan)	0.00 (0.00)
[211/294]	nan (nan)	0.00 (0.00)
[212/294]	nan (nan)	0.00 (0.00)
[213/294]	nan (nan)	0.00 (0.00)
[214/294]	nan (nan)	0.00 (0.00)
[215/294]	nan (nan)	0.00 (0.00)
[216/294]	nan (nan)	0.00 (0.00)
[217/294]	nan (nan)	0.00 (0.00)
[218/294]	nan (nan)	0.00 (0.00)
[219/294]	nan (nan)	0.00 (0.00)
[220/294]	nan (nan)	0.00 (0.00)
[221/294]	nan (nan)	0.00 (0.00)
[222/294]	nan (nan)	0.00 (0.00)
[223/294]	nan (nan)	0.00 (0.00)
[224/294]	nan (nan)	0.00 (0.00)
[225/294]	nan (nan)	0.00 (0.00)
[226/294]	nan (nan)	0.00 (0.00)
[227/294]	nan (nan)	0.00 (0.00)
[228/294]	nan (nan)	0.00 (0.00)
[229/294]	nan (nan)	0.00 (0.00)
[230/294]	nan (nan)	0.00 (0.00)
[231/294]	nan (nan)	0.00 (0.00)
[232/294]	nan (nan)	0.00 (0.00)
[233/294]	nan (nan)	0.00 (0.00)
[234/294]	nan (nan)	0.00 (0.00)
[235/294]	nan (nan)	0.00 (0.00)
[236/294]	nan (nan)	0.00 (0.00)
[237/294]	nan (nan)	0.00 (0.00)
[238/294]	nan (nan)	0.00 (0.00)
[239/294]	nan (nan)	0.00 (0.00)
[240/294]	nan (nan)	0.00 (0.00)
[241/294]	nan (nan)	0.00 (0.00)
[242/294]	nan (nan)	0.00 (0.00)
[243/294]	nan (nan)	0.00 (0.00)
[244/294]	nan (nan)	0.00 (0.00)
[245/294]	nan (nan)	0.00 (0.00)
[246/294]	nan (nan)	0.00 (0.00)
[247/294]	nan (nan)	0.00 (0.00)
[248/294]	nan (nan)	0.00 (0.00)
[249/294]	nan (nan)	0.00 (0.00)
[250/294]	nan (nan)	0.00 (0.00)
[251/294]	nan (nan)	0.00 (0.00)
[252/294]	nan (nan)	0.00 (0.00)
[253/294]	nan (nan)	0.00 (0.00)
[254/294]	nan (nan)	0.00 (0.00)
[255/294]	nan (nan)	0.00 (0.00)
[256/294]	nan (nan)	0.00 (0.00)
[257/294]	nan (nan)	0.00 (0.00)
[258/294]	nan (nan)	0.00 (0.00)
[259/294]	nan (nan)	0.00 (0.00)
[260/294]	nan (nan)	0.00 (0.00)
[261/294]	nan (nan)	0.00 (0.00)
[262/294]	nan (nan)	0.00 (0.00)
[263/294]	nan (nan)	0.00 (0.00)
[264/294]	nan (nan)	0.00 (0.00)
[265/294]	nan (nan)	0.00 (0.00)
[266/294]	nan (nan)	0.00 (0.00)
[267/294]	nan (nan)	0.00 (0.00)
[268/294]	nan (nan)	0.00 (0.00)
[269/294]	nan (nan)	0.00 (0.00)
[270/294]	nan (nan)	0.00 (0.00)
[271/294]	nan (nan)	0.00 (0.00)
[272/294]	nan (nan)	0.00 (0.00)
[273/294]	nan (nan)	0.00 (0.00)
[274/294]	nan (nan)	0.00 (0.00)
[275/294]	nan (nan)	0.00 (0.00)
[276/294]	nan (nan)	0.00 (0.00)
[277/294]	nan (nan)	0.00 (0.00)
[278/294]	nan (nan)	0.00 (0.00)
[279/294]	nan (nan)	0.00 (0.00)
[280/294]	nan (nan)	0.00 (0.00)
[281/294]	nan (nan)	0.00 (0.00)
[282/294]	nan (nan)	0.00 (0.00)
[283/294]	nan (nan)	0.00 (0.00)
[284/294]	nan (nan)	0.00 (0.00)
[285/294]	nan (nan)	0.00 (0.00)
[286/294]	nan (nan)	0.00 (0.00)
[287/294]	nan (nan)	0.00 (0.00)
[288/294]	nan (nan)	0.00 (0.00)
[289/294]	nan (nan)	0.00 (0.00)
[290/294]	nan (nan)	0.00 (0.00)
[291/294]	nan (nan)	0.00 (0.00)
[292/294]	nan (nan)	0.00 (0.00)
[293/294]	nan (nan)	0.00 (0.00)
 * Train Acc: 0.000
 * Avg. Data time: 0.044, Avg. Batch time: 0.081, Avg. Forward time: 0.004, Avg. Backward time: 0.025
Computing MAS
 * Val Acc: 17.607, Time: 4.59
 * Test Acc: 16.388, Time: 9.59
=============Training Task 3=============
Active output nodes for this task: 
[0, 1, 2, 3, 4, 5, 6, 7]
=============Training Epoch 0=============
#reg terms:  1
Batch	 Loss		 Acc
[0/294]	nan (nan)	0.00 (0.00)
[1/294]	nan (nan)	0.00 (0.00)
[2/294]	nan (nan)	0.00 (0.00)
[3/294]	nan (nan)	0.00 (0.00)
[4/294]	nan (nan)	0.00 (0.00)
[5/294]	nan (nan)	0.00 (0.00)
[6/294]	nan (nan)	0.00 (0.00)
[7/294]	nan (nan)	0.00 (0.00)
[8/294]	nan (nan)	0.00 (0.00)
[9/294]	nan (nan)	0.00 (0.00)
[10/294]	nan (nan)	0.00 (0.00)
[11/294]	nan (nan)	0.00 (0.00)
[12/294]	nan (nan)	0.00 (0.00)
[13/294]	nan (nan)	0.00 (0.00)
[14/294]	nan (nan)	0.00 (0.00)
[15/294]	nan (nan)	0.00 (0.00)
[16/294]	nan (nan)	0.00 (0.00)
[17/294]	nan (nan)	0.00 (0.00)
[18/294]	nan (nan)	0.00 (0.00)
[19/294]	nan (nan)	0.00 (0.00)
[20/294]	nan (nan)	0.00 (0.00)
[21/294]	nan (nan)	0.00 (0.00)
[22/294]	nan (nan)	0.00 (0.00)
[23/294]	nan (nan)	0.00 (0.00)
[24/294]	nan (nan)	0.00 (0.00)
[25/294]	nan (nan)	0.00 (0.00)
[26/294]	nan (nan)	0.00 (0.00)
[27/294]	nan (nan)	0.00 (0.00)
[28/294]	nan (nan)	0.00 (0.00)
[29/294]	nan (nan)	0.00 (0.00)
[30/294]	nan (nan)	0.00 (0.00)
[31/294]	nan (nan)	0.00 (0.00)
[32/294]	nan (nan)	0.00 (0.00)
[33/294]	nan (nan)	0.00 (0.00)
[34/294]	nan (nan)	0.00 (0.00)
[35/294]	nan (nan)	0.00 (0.00)
[36/294]	nan (nan)	0.00 (0.00)
[37/294]	nan (nan)	0.00 (0.00)
[38/294]	nan (nan)	0.00 (0.00)
[39/294]	nan (nan)	0.00 (0.00)
[40/294]	nan (nan)	0.00 (0.00)
[41/294]	nan (nan)	0.00 (0.00)
[42/294]	nan (nan)	0.00 (0.00)
[43/294]	nan (nan)	0.00 (0.00)
[44/294]	nan (nan)	0.00 (0.00)
[45/294]	nan (nan)	0.00 (0.00)
[46/294]	nan (nan)	0.00 (0.00)
[47/294]	nan (nan)	0.00 (0.00)
[48/294]	nan (nan)	0.00 (0.00)
[49/294]	nan (nan)	0.00 (0.00)
[50/294]	nan (nan)	0.00 (0.00)
[51/294]	nan (nan)	0.00 (0.00)
[52/294]	nan (nan)	0.00 (0.00)
[53/294]	nan (nan)	0.00 (0.00)
[54/294]	nan (nan)	0.00 (0.00)
[55/294]	nan (nan)	0.00 (0.00)
[56/294]	nan (nan)	0.00 (0.00)
[57/294]	nan (nan)	0.00 (0.00)
[58/294]	nan (nan)	0.00 (0.00)
[59/294]	nan (nan)	0.00 (0.00)
[60/294]	nan (nan)	0.00 (0.00)
[61/294]	nan (nan)	0.00 (0.00)
[62/294]	nan (nan)	0.00 (0.00)
[63/294]	nan (nan)	0.00 (0.00)
[64/294]	nan (nan)	0.00 (0.00)
[65/294]	nan (nan)	0.00 (0.00)
[66/294]	nan (nan)	0.00 (0.00)
[67/294]	nan (nan)	0.00 (0.00)
[68/294]	nan (nan)	0.00 (0.00)
[69/294]	nan (nan)	0.00 (0.00)
[70/294]	nan (nan)	0.00 (0.00)
[71/294]	nan (nan)	0.00 (0.00)
[72/294]	nan (nan)	0.00 (0.00)
[73/294]	nan (nan)	0.00 (0.00)
[74/294]	nan (nan)	0.00 (0.00)
[75/294]	nan (nan)	0.00 (0.00)
[76/294]	nan (nan)	0.00 (0.00)
[77/294]	nan (nan)	0.00 (0.00)
[78/294]	nan (nan)	0.00 (0.00)
[79/294]	nan (nan)	0.00 (0.00)
[80/294]	nan (nan)	0.00 (0.00)
[81/294]	nan (nan)	0.00 (0.00)
[82/294]	nan (nan)	0.00 (0.00)
[83/294]	nan (nan)	0.00 (0.00)
[84/294]	nan (nan)	0.00 (0.00)
[85/294]	nan (nan)	0.00 (0.00)
[86/294]	nan (nan)	0.00 (0.00)
[87/294]	nan (nan)	0.00 (0.00)
[88/294]	nan (nan)	0.00 (0.00)
[89/294]	nan (nan)	0.00 (0.00)
[90/294]	nan (nan)	0.00 (0.00)
[91/294]	nan (nan)	0.00 (0.00)
[92/294]	nan (nan)	0.00 (0.00)
[93/294]	nan (nan)	0.00 (0.00)
[94/294]	nan (nan)	0.00 (0.00)
[95/294]	nan (nan)	0.00 (0.00)
[96/294]	nan (nan)	0.00 (0.00)
[97/294]	nan (nan)	0.00 (0.00)
[98/294]	nan (nan)	0.00 (0.00)
[99/294]	nan (nan)	0.00 (0.00)
[100/294]	nan (nan)	0.00 (0.00)
[101/294]	nan (nan)	0.00 (0.00)
[102/294]	nan (nan)	0.00 (0.00)
[103/294]	nan (nan)	0.00 (0.00)
[104/294]	nan (nan)	0.00 (0.00)
[105/294]	nan (nan)	0.00 (0.00)
[106/294]	nan (nan)	0.00 (0.00)
[107/294]	nan (nan)	0.00 (0.00)
[108/294]	nan (nan)	0.00 (0.00)
[109/294]	nan (nan)	0.00 (0.00)
[110/294]	nan (nan)	0.00 (0.00)
[111/294]	nan (nan)	0.00 (0.00)
[112/294]	nan (nan)	0.00 (0.00)
[113/294]	nan (nan)	0.00 (0.00)
[114/294]	nan (nan)	0.00 (0.00)
[115/294]	nan (nan)	0.00 (0.00)
[116/294]	nan (nan)	0.00 (0.00)
[117/294]	nan (nan)	0.00 (0.00)
[118/294]	nan (nan)	0.00 (0.00)
[119/294]	nan (nan)	0.00 (0.00)
[120/294]	nan (nan)	0.00 (0.00)
[121/294]	nan (nan)	0.00 (0.00)
[122/294]	nan (nan)	0.00 (0.00)
[123/294]	nan (nan)	0.00 (0.00)
[124/294]	nan (nan)	0.00 (0.00)
[125/294]	nan (nan)	0.00 (0.00)
[126/294]	nan (nan)	0.00 (0.00)
[127/294]	nan (nan)	0.00 (0.00)
[128/294]	nan (nan)	0.00 (0.00)
[129/294]	nan (nan)	0.00 (0.00)
[130/294]	nan (nan)	0.00 (0.00)
[131/294]	nan (nan)	0.00 (0.00)
[132/294]	nan (nan)	0.00 (0.00)
[133/294]	nan (nan)	0.00 (0.00)
[134/294]	nan (nan)	0.00 (0.00)
[135/294]	nan (nan)	0.00 (0.00)
[136/294]	nan (nan)	0.00 (0.00)
[137/294]	nan (nan)	0.00 (0.00)
[138/294]	nan (nan)	0.00 (0.00)
[139/294]	nan (nan)	0.00 (0.00)
[140/294]	nan (nan)	0.00 (0.00)
[141/294]	nan (nan)	0.00 (0.00)
[142/294]	nan (nan)	0.00 (0.00)
[143/294]	nan (nan)	0.00 (0.00)
[144/294]	nan (nan)	0.00 (0.00)
[145/294]	nan (nan)	0.00 (0.00)
[146/294]	nan (nan)	0.00 (0.00)
[147/294]	nan (nan)	0.00 (0.00)
[148/294]	nan (nan)	0.00 (0.00)
[149/294]	nan (nan)	0.00 (0.00)
[150/294]	nan (nan)	0.00 (0.00)
[151/294]	nan (nan)	0.00 (0.00)
[152/294]	nan (nan)	0.00 (0.00)
[153/294]	nan (nan)	0.00 (0.00)
[154/294]	nan (nan)	0.00 (0.00)
[155/294]	nan (nan)	0.00 (0.00)
[156/294]	nan (nan)	0.00 (0.00)
[157/294]	nan (nan)	0.00 (0.00)
[158/294]	nan (nan)	0.00 (0.00)
[159/294]	nan (nan)	0.00 (0.00)
[160/294]	nan (nan)	0.00 (0.00)
[161/294]	nan (nan)	0.00 (0.00)
[162/294]	nan (nan)	0.00 (0.00)
[163/294]	nan (nan)	0.00 (0.00)
[164/294]	nan (nan)	0.00 (0.00)
[165/294]	nan (nan)	0.00 (0.00)
[166/294]	nan (nan)	0.00 (0.00)
[167/294]	nan (nan)	0.00 (0.00)
[168/294]	nan (nan)	0.00 (0.00)
[169/294]	nan (nan)	0.00 (0.00)
[170/294]	nan (nan)	0.00 (0.00)
[171/294]	nan (nan)	0.00 (0.00)
[172/294]	nan (nan)	0.00 (0.00)
[173/294]	nan (nan)	0.00 (0.00)
[174/294]	nan (nan)	0.00 (0.00)
[175/294]	nan (nan)	0.00 (0.00)
[176/294]	nan (nan)	0.00 (0.00)
[177/294]	nan (nan)	0.00 (0.00)
[178/294]	nan (nan)	0.00 (0.00)
[179/294]	nan (nan)	0.00 (0.00)
[180/294]	nan (nan)	0.00 (0.00)
[181/294]	nan (nan)	0.00 (0.00)
[182/294]	nan (nan)	0.00 (0.00)
[183/294]	nan (nan)	0.00 (0.00)
[184/294]	nan (nan)	0.00 (0.00)
[185/294]	nan (nan)	0.00 (0.00)
[186/294]	nan (nan)	0.00 (0.00)
[187/294]	nan (nan)	0.00 (0.00)
[188/294]	nan (nan)	0.00 (0.00)
[189/294]	nan (nan)	0.00 (0.00)
[190/294]	nan (nan)	0.00 (0.00)
[191/294]	nan (nan)	0.00 (0.00)
[192/294]	nan (nan)	0.00 (0.00)
[193/294]	nan (nan)	0.00 (0.00)
[194/294]	nan (nan)	0.00 (0.00)
[195/294]	nan (nan)	0.00 (0.00)
[196/294]	nan (nan)	0.00 (0.00)
[197/294]	nan (nan)	0.00 (0.00)
[198/294]	nan (nan)	0.00 (0.00)
[199/294]	nan (nan)	0.00 (0.00)
[200/294]	nan (nan)	0.00 (0.00)
[201/294]	nan (nan)	0.00 (0.00)
[202/294]	nan (nan)	0.00 (0.00)
[203/294]	nan (nan)	0.00 (0.00)
[204/294]	nan (nan)	0.00 (0.00)
[205/294]	nan (nan)	0.00 (0.00)
[206/294]	nan (nan)	0.00 (0.00)
[207/294]	nan (nan)	0.00 (0.00)
[208/294]	nan (nan)	0.00 (0.00)
[209/294]	nan (nan)	0.00 (0.00)
[210/294]	nan (nan)	0.00 (0.00)
[211/294]	nan (nan)	0.00 (0.00)
[212/294]	nan (nan)	0.00 (0.00)
[213/294]	nan (nan)	0.00 (0.00)
[214/294]	nan (nan)	0.00 (0.00)
[215/294]	nan (nan)	0.00 (0.00)
[216/294]	nan (nan)	0.00 (0.00)
[217/294]	nan (nan)	0.00 (0.00)
[218/294]	nan (nan)	0.00 (0.00)
[219/294]	nan (nan)	0.00 (0.00)
[220/294]	nan (nan)	0.00 (0.00)
[221/294]	nan (nan)	0.00 (0.00)
[222/294]	nan (nan)	0.00 (0.00)
[223/294]	nan (nan)	0.00 (0.00)
[224/294]	nan (nan)	0.00 (0.00)
[225/294]	nan (nan)	0.00 (0.00)
[226/294]	nan (nan)	0.00 (0.00)
[227/294]	nan (nan)	0.00 (0.00)
[228/294]	nan (nan)	0.00 (0.00)
[229/294]	nan (nan)	0.00 (0.00)
[230/294]	nan (nan)	0.00 (0.00)
[231/294]	nan (nan)	0.00 (0.00)
[232/294]	nan (nan)	0.00 (0.00)
[233/294]	nan (nan)	0.00 (0.00)
[234/294]	nan (nan)	0.00 (0.00)
[235/294]	nan (nan)	0.00 (0.00)
[236/294]	nan (nan)	0.00 (0.00)
[237/294]	nan (nan)	0.00 (0.00)
[238/294]	nan (nan)	0.00 (0.00)
[239/294]	nan (nan)	0.00 (0.00)
[240/294]	nan (nan)	0.00 (0.00)
[241/294]	nan (nan)	0.00 (0.00)
[242/294]	nan (nan)	0.00 (0.00)
[243/294]	nan (nan)	0.00 (0.00)
[244/294]	nan (nan)	0.00 (0.00)
[245/294]	nan (nan)	0.00 (0.00)
[246/294]	nan (nan)	0.00 (0.00)
[247/294]	nan (nan)	0.00 (0.00)
[248/294]	nan (nan)	0.00 (0.00)
[249/294]	nan (nan)	0.00 (0.00)
[250/294]	nan (nan)	0.00 (0.00)
[251/294]	nan (nan)	0.00 (0.00)
[252/294]	nan (nan)	0.00 (0.00)
[253/294]	nan (nan)	0.00 (0.00)
[254/294]	nan (nan)	0.00 (0.00)
[255/294]	nan (nan)	0.00 (0.00)
[256/294]	nan (nan)	0.00 (0.00)
[257/294]	nan (nan)	0.00 (0.00)
[258/294]	nan (nan)	0.00 (0.00)
[259/294]	nan (nan)	0.00 (0.00)
[260/294]	nan (nan)	0.00 (0.00)
[261/294]	nan (nan)	0.00 (0.00)
[262/294]	nan (nan)	0.00 (0.00)
[263/294]	nan (nan)	0.00 (0.00)
[264/294]	nan (nan)	0.00 (0.00)
[265/294]	nan (nan)	0.00 (0.00)
[266/294]	nan (nan)	0.00 (0.00)
[267/294]	nan (nan)	0.00 (0.00)
[268/294]	nan (nan)	0.00 (0.00)
[269/294]	nan (nan)	0.00 (0.00)
[270/294]	nan (nan)	0.00 (0.00)
[271/294]	nan (nan)	0.00 (0.00)
[272/294]	nan (nan)	0.00 (0.00)
[273/294]	nan (nan)	0.00 (0.00)
[274/294]	nan (nan)	0.00 (0.00)
[275/294]	nan (nan)	0.00 (0.00)
[276/294]	nan (nan)	0.00 (0.00)
[277/294]	nan (nan)	0.00 (0.00)
[278/294]	nan (nan)	0.00 (0.00)
[279/294]	nan (nan)	0.00 (0.00)
[280/294]	nan (nan)	0.00 (0.00)
[281/294]	nan (nan)	0.00 (0.00)
[282/294]	nan (nan)	0.00 (0.00)
[283/294]	nan (nan)	0.00 (0.00)
[284/294]	nan (nan)	0.00 (0.00)
[285/294]	nan (nan)	0.00 (0.00)
[286/294]	nan (nan)	0.00 (0.00)
[287/294]	nan (nan)	0.00 (0.00)
[288/294]	nan (nan)	0.00 (0.00)
[289/294]	nan (nan)	0.00 (0.00)
[290/294]	nan (nan)	0.00 (0.00)
[291/294]	nan (nan)	0.00 (0.00)
[292/294]	nan (nan)	0.00 (0.00)
[293/294]	nan (nan)	0.00 (0.00)
 * Train Acc: 0.000
 * Avg. Data time: 0.036, Avg. Batch time: 0.073, Avg. Forward time: 0.004, Avg. Backward time: 0.025
Computing MAS
 * Val Acc: 13.144, Time: 5.14
 * Test Acc: 12.326, Time: 24.19
=============Training Task 4=============
Active output nodes for this task: 
[0, 1, 2, 3, 4, 5, 6, 7, 8, 9]
=============Training Epoch 0=============
#reg terms:  1
Batch	 Loss		 Acc
[0/294]	nan (nan)	0.00 (0.00)
[1/294]	nan (nan)	0.00 (0.00)
[2/294]	nan (nan)	0.00 (0.00)
[3/294]	nan (nan)	0.00 (0.00)
[4/294]	nan (nan)	0.00 (0.00)
[5/294]	nan (nan)	0.00 (0.00)
[6/294]	nan (nan)	0.00 (0.00)
[7/294]	nan (nan)	0.00 (0.00)
[8/294]	nan (nan)	0.00 (0.00)
[9/294]	nan (nan)	0.00 (0.00)
[10/294]	nan (nan)	0.00 (0.00)
[11/294]	nan (nan)	0.00 (0.00)
[12/294]	nan (nan)	0.00 (0.00)
[13/294]	nan (nan)	0.00 (0.00)
[14/294]	nan (nan)	0.00 (0.00)
[15/294]	nan (nan)	0.00 (0.00)
[16/294]	nan (nan)	0.00 (0.00)
[17/294]	nan (nan)	0.00 (0.00)
[18/294]	nan (nan)	0.00 (0.00)
[19/294]	nan (nan)	0.00 (0.00)
[20/294]	nan (nan)	0.00 (0.00)
[21/294]	nan (nan)	0.00 (0.00)
[22/294]	nan (nan)	0.00 (0.00)
[23/294]	nan (nan)	0.00 (0.00)
[24/294]	nan (nan)	0.00 (0.00)
[25/294]	nan (nan)	0.00 (0.00)
[26/294]	nan (nan)	0.00 (0.00)
[27/294]	nan (nan)	0.00 (0.00)
[28/294]	nan (nan)	0.00 (0.00)
[29/294]	nan (nan)	0.00 (0.00)
[30/294]	nan (nan)	0.00 (0.00)
[31/294]	nan (nan)	0.00 (0.00)
[32/294]	nan (nan)	0.00 (0.00)
[33/294]	nan (nan)	0.00 (0.00)
[34/294]	nan (nan)	0.00 (0.00)
[35/294]	nan (nan)	0.00 (0.00)
[36/294]	nan (nan)	0.00 (0.00)
[37/294]	nan (nan)	0.00 (0.00)
[38/294]	nan (nan)	0.00 (0.00)
[39/294]	nan (nan)	0.00 (0.00)
[40/294]	nan (nan)	0.00 (0.00)
[41/294]	nan (nan)	0.00 (0.00)
[42/294]	nan (nan)	0.00 (0.00)
[43/294]	nan (nan)	0.00 (0.00)
[44/294]	nan (nan)	0.00 (0.00)
[45/294]	nan (nan)	0.00 (0.00)
[46/294]	nan (nan)	0.00 (0.00)
[47/294]	nan (nan)	0.00 (0.00)
[48/294]	nan (nan)	0.00 (0.00)
[49/294]	nan (nan)	0.00 (0.00)
[50/294]	nan (nan)	0.00 (0.00)
[51/294]	nan (nan)	0.00 (0.00)
[52/294]	nan (nan)	0.00 (0.00)
[53/294]	nan (nan)	0.00 (0.00)
[54/294]	nan (nan)	0.00 (0.00)
[55/294]	nan (nan)	0.00 (0.00)
[56/294]	nan (nan)	0.00 (0.00)
[57/294]	nan (nan)	0.00 (0.00)
[58/294]	nan (nan)	0.00 (0.00)
[59/294]	nan (nan)	0.00 (0.00)
[60/294]	nan (nan)	0.00 (0.00)
[61/294]	nan (nan)	0.00 (0.00)
[62/294]	nan (nan)	0.00 (0.00)
[63/294]	nan (nan)	0.00 (0.00)
[64/294]	nan (nan)	0.00 (0.00)
[65/294]	nan (nan)	0.00 (0.00)
[66/294]	nan (nan)	0.00 (0.00)
[67/294]	nan (nan)	0.00 (0.00)
[68/294]	nan (nan)	0.00 (0.00)
[69/294]	nan (nan)	0.00 (0.00)
[70/294]	nan (nan)	0.00 (0.00)
[71/294]	nan (nan)	0.00 (0.00)
[72/294]	nan (nan)	0.00 (0.00)
[73/294]	nan (nan)	0.00 (0.00)
[74/294]	nan (nan)	0.00 (0.00)
[75/294]	nan (nan)	0.00 (0.00)
[76/294]	nan (nan)	0.00 (0.00)
[77/294]	nan (nan)	0.00 (0.00)
[78/294]	nan (nan)	0.00 (0.00)
[79/294]	nan (nan)	0.00 (0.00)
[80/294]	nan (nan)	0.00 (0.00)
[81/294]	nan (nan)	0.00 (0.00)
[82/294]	nan (nan)	0.00 (0.00)
[83/294]	nan (nan)	0.00 (0.00)
[84/294]	nan (nan)	0.00 (0.00)
[85/294]	nan (nan)	0.00 (0.00)
[86/294]	nan (nan)	0.00 (0.00)
[87/294]	nan (nan)	0.00 (0.00)
[88/294]	nan (nan)	0.00 (0.00)
[89/294]	nan (nan)	0.00 (0.00)
[90/294]	nan (nan)	0.00 (0.00)
[91/294]	nan (nan)	0.00 (0.00)
[92/294]	nan (nan)	0.00 (0.00)
[93/294]	nan (nan)	0.00 (0.00)
[94/294]	nan (nan)	0.00 (0.00)
[95/294]	nan (nan)	0.00 (0.00)
[96/294]	nan (nan)	0.00 (0.00)
[97/294]	nan (nan)	0.00 (0.00)
[98/294]	nan (nan)	0.00 (0.00)
[99/294]	nan (nan)	0.00 (0.00)
[100/294]	nan (nan)	0.00 (0.00)
[101/294]	nan (nan)	0.00 (0.00)
[102/294]	nan (nan)	0.00 (0.00)
[103/294]	nan (nan)	0.00 (0.00)
[104/294]	nan (nan)	0.00 (0.00)
[105/294]	nan (nan)	0.00 (0.00)
[106/294]	nan (nan)	0.00 (0.00)
[107/294]	nan (nan)	0.00 (0.00)
[108/294]	nan (nan)	0.00 (0.00)
[109/294]	nan (nan)	0.00 (0.00)
[110/294]	nan (nan)	0.00 (0.00)
[111/294]	nan (nan)	0.00 (0.00)
[112/294]	nan (nan)	0.00 (0.00)
[113/294]	nan (nan)	0.00 (0.00)
[114/294]	nan (nan)	0.00 (0.00)
[115/294]	nan (nan)	0.00 (0.00)
[116/294]	nan (nan)	0.00 (0.00)
[117/294]	nan (nan)	0.00 (0.00)
[118/294]	nan (nan)	0.00 (0.00)
[119/294]	nan (nan)	0.00 (0.00)
[120/294]	nan (nan)	0.00 (0.00)
[121/294]	nan (nan)	0.00 (0.00)
[122/294]	nan (nan)	0.00 (0.00)
[123/294]	nan (nan)	0.00 (0.00)
[124/294]	nan (nan)	0.00 (0.00)
[125/294]	nan (nan)	0.00 (0.00)
[126/294]	nan (nan)	0.00 (0.00)
[127/294]	nan (nan)	0.00 (0.00)
[128/294]	nan (nan)	0.00 (0.00)
[129/294]	nan (nan)	0.00 (0.00)
[130/294]	nan (nan)	0.00 (0.00)
[131/294]	nan (nan)	0.00 (0.00)
[132/294]	nan (nan)	0.00 (0.00)
[133/294]	nan (nan)	0.00 (0.00)
[134/294]	nan (nan)	0.00 (0.00)
[135/294]	nan (nan)	0.00 (0.00)
[136/294]	nan (nan)	0.00 (0.00)
[137/294]	nan (nan)	0.00 (0.00)
[138/294]	nan (nan)	0.00 (0.00)
[139/294]	nan (nan)	0.00 (0.00)
[140/294]	nan (nan)	0.00 (0.00)
[141/294]	nan (nan)	0.00 (0.00)
[142/294]	nan (nan)	0.00 (0.00)
[143/294]	nan (nan)	0.00 (0.00)
[144/294]	nan (nan)	0.00 (0.00)
[145/294]	nan (nan)	0.00 (0.00)
[146/294]	nan (nan)	0.00 (0.00)
[147/294]	nan (nan)	0.00 (0.00)
[148/294]	nan (nan)	0.00 (0.00)
[149/294]	nan (nan)	0.00 (0.00)
[150/294]	nan (nan)	0.00 (0.00)
[151/294]	nan (nan)	0.00 (0.00)
[152/294]	nan (nan)	0.00 (0.00)
[153/294]	nan (nan)	0.00 (0.00)
[154/294]	nan (nan)	0.00 (0.00)
[155/294]	nan (nan)	0.00 (0.00)
[156/294]	nan (nan)	0.00 (0.00)
[157/294]	nan (nan)	0.00 (0.00)
[158/294]	nan (nan)	0.00 (0.00)
[159/294]	nan (nan)	0.00 (0.00)
[160/294]	nan (nan)	0.00 (0.00)
[161/294]	nan (nan)	0.00 (0.00)
[162/294]	nan (nan)	0.00 (0.00)
[163/294]	nan (nan)	0.00 (0.00)
[164/294]	nan (nan)	0.00 (0.00)
[165/294]	nan (nan)	0.00 (0.00)
[166/294]	nan (nan)	0.00 (0.00)
[167/294]	nan (nan)	0.00 (0.00)
[168/294]	nan (nan)	0.00 (0.00)
[169/294]	nan (nan)	0.00 (0.00)
[170/294]	nan (nan)	0.00 (0.00)
[171/294]	nan (nan)	0.00 (0.00)
[172/294]	nan (nan)	0.00 (0.00)
[173/294]	nan (nan)	0.00 (0.00)
[174/294]	nan (nan)	0.00 (0.00)
[175/294]	nan (nan)	0.00 (0.00)
[176/294]	nan (nan)	0.00 (0.00)
[177/294]	nan (nan)	0.00 (0.00)
[178/294]	nan (nan)	0.00 (0.00)
[179/294]	nan (nan)	0.00 (0.00)
[180/294]	nan (nan)	0.00 (0.00)
[181/294]	nan (nan)	0.00 (0.00)
[182/294]	nan (nan)	0.00 (0.00)
[183/294]	nan (nan)	0.00 (0.00)
[184/294]	nan (nan)	0.00 (0.00)
[185/294]	nan (nan)	0.00 (0.00)
[186/294]	nan (nan)	0.00 (0.00)
[187/294]	nan (nan)	0.00 (0.00)
[188/294]	nan (nan)	0.00 (0.00)
[189/294]	nan (nan)	0.00 (0.00)
[190/294]	nan (nan)	0.00 (0.00)
[191/294]	nan (nan)	0.00 (0.00)
[192/294]	nan (nan)	0.00 (0.00)
[193/294]	nan (nan)	0.00 (0.00)
[194/294]	nan (nan)	0.00 (0.00)
[195/294]	nan (nan)	0.00 (0.00)
[196/294]	nan (nan)	0.00 (0.00)
[197/294]	nan (nan)	0.00 (0.00)
[198/294]	nan (nan)	0.00 (0.00)
[199/294]	nan (nan)	0.00 (0.00)
[200/294]	nan (nan)	0.00 (0.00)
[201/294]	nan (nan)	0.00 (0.00)
[202/294]	nan (nan)	0.00 (0.00)
[203/294]	nan (nan)	0.00 (0.00)
[204/294]	nan (nan)	0.00 (0.00)
[205/294]	nan (nan)	0.00 (0.00)
[206/294]	nan (nan)	0.00 (0.00)
[207/294]	nan (nan)	0.00 (0.00)
[208/294]	nan (nan)	0.00 (0.00)
[209/294]	nan (nan)	0.00 (0.00)
[210/294]	nan (nan)	0.00 (0.00)
[211/294]	nan (nan)	0.00 (0.00)
[212/294]	nan (nan)	0.00 (0.00)
[213/294]	nan (nan)	0.00 (0.00)
[214/294]	nan (nan)	0.00 (0.00)
[215/294]	nan (nan)	0.00 (0.00)
[216/294]	nan (nan)	0.00 (0.00)
[217/294]	nan (nan)	0.00 (0.00)
[218/294]	nan (nan)	0.00 (0.00)
[219/294]	nan (nan)	0.00 (0.00)
[220/294]	nan (nan)	0.00 (0.00)
[221/294]	nan (nan)	0.00 (0.00)
[222/294]	nan (nan)	0.00 (0.00)
[223/294]	nan (nan)	0.00 (0.00)
[224/294]	nan (nan)	0.00 (0.00)
[225/294]	nan (nan)	0.00 (0.00)
[226/294]	nan (nan)	0.00 (0.00)
[227/294]	nan (nan)	0.00 (0.00)
[228/294]	nan (nan)	0.00 (0.00)
[229/294]	nan (nan)	0.00 (0.00)
[230/294]	nan (nan)	0.00 (0.00)
[231/294]	nan (nan)	0.00 (0.00)
[232/294]	nan (nan)	0.00 (0.00)
[233/294]	nan (nan)	0.00 (0.00)
[234/294]	nan (nan)	0.00 (0.00)
[235/294]	nan (nan)	0.00 (0.00)
[236/294]	nan (nan)	0.00 (0.00)
[237/294]	nan (nan)	0.00 (0.00)
[238/294]	nan (nan)	0.00 (0.00)
[239/294]	nan (nan)	0.00 (0.00)
[240/294]	nan (nan)	0.00 (0.00)
[241/294]	nan (nan)	0.00 (0.00)
[242/294]	nan (nan)	0.00 (0.00)
[243/294]	nan (nan)	0.00 (0.00)
[244/294]	nan (nan)	0.00 (0.00)
[245/294]	nan (nan)	0.00 (0.00)
[246/294]	nan (nan)	0.00 (0.00)
[247/294]	nan (nan)	0.00 (0.00)
[248/294]	nan (nan)	0.00 (0.00)
[249/294]	nan (nan)	0.00 (0.00)
[250/294]	nan (nan)	0.00 (0.00)
[251/294]	nan (nan)	0.00 (0.00)
[252/294]	nan (nan)	0.00 (0.00)
[253/294]	nan (nan)	0.00 (0.00)
[254/294]	nan (nan)	0.00 (0.00)
[255/294]	nan (nan)	0.00 (0.00)
[256/294]	nan (nan)	0.00 (0.00)
[257/294]	nan (nan)	0.00 (0.00)
[258/294]	nan (nan)	0.00 (0.00)
[259/294]	nan (nan)	0.00 (0.00)
[260/294]	nan (nan)	0.00 (0.00)
[261/294]	nan (nan)	0.00 (0.00)
[262/294]	nan (nan)	0.00 (0.00)
[263/294]	nan (nan)	0.00 (0.00)
[264/294]	nan (nan)	0.00 (0.00)
[265/294]	nan (nan)	0.00 (0.00)
[266/294]	nan (nan)	0.00 (0.00)
[267/294]	nan (nan)	0.00 (0.00)
[268/294]	nan (nan)	0.00 (0.00)
[269/294]	nan (nan)	0.00 (0.00)
[270/294]	nan (nan)	0.00 (0.00)
[271/294]	nan (nan)	0.00 (0.00)
[272/294]	nan (nan)	0.00 (0.00)
[273/294]	nan (nan)	0.00 (0.00)
[274/294]	nan (nan)	0.00 (0.00)
[275/294]	nan (nan)	0.00 (0.00)
[276/294]	nan (nan)	0.00 (0.00)
[277/294]	nan (nan)	0.00 (0.00)
[278/294]	nan (nan)	0.00 (0.00)
[279/294]	nan (nan)	0.00 (0.00)
[280/294]	nan (nan)	0.00 (0.00)
[281/294]	nan (nan)	0.00 (0.00)
[282/294]	nan (nan)	0.00 (0.00)
[283/294]	nan (nan)	0.00 (0.00)
[284/294]	nan (nan)	0.00 (0.00)
[285/294]	nan (nan)	0.00 (0.00)
[286/294]	nan (nan)	0.00 (0.00)
[287/294]	nan (nan)	0.00 (0.00)
[288/294]	nan (nan)	0.00 (0.00)
[289/294]	nan (nan)	0.00 (0.00)
[290/294]	nan (nan)	0.00 (0.00)
[291/294]	nan (nan)	0.00 (0.00)
[292/294]	nan (nan)	0.00 (0.00)
[293/294]	nan (nan)	0.00 (0.00)
 * Train Acc: 0.000
 * Avg. Data time: 0.113, Avg. Batch time: 0.151, Avg. Forward time: 0.004, Avg. Backward time: 0.026
Computing MAS
 * Val Acc: 10.601, Time: 8.38
 * Test Acc: 9.826, Time: 23.27
=============Training Task 5=============
Active output nodes for this task: 
[0, 1, 2, 3, 4, 5, 6, 7, 8, 9, 10, 11]
=============Training Epoch 0=============
#reg terms:  1
Batch	 Loss		 Acc
