=============Stream Learning Run 0=============
Changing output layer to contain 12 classes
============BEGINNING STREAM LEARNING============
=============Training Task 0=============
Active output nodes for this task: 
[0, 1]
=============Training Epoch 0=============
#reg terms:  0
Batch	 Loss		 Acc
[0/294]	0.906 (0.906)	60.00 (60.00)
[1/294]	1.093 (0.999)	45.00 (52.50)
[2/294]	0.582 (0.860)	65.00 (56.67)
[3/294]	0.686 (0.817)	45.00 (53.75)
[4/294]	0.638 (0.781)	55.00 (54.00)
[5/294]	0.559 (0.744)	65.00 (55.83)
[6/294]	0.479 (0.706)	85.00 (60.00)
[7/294]	0.457 (0.675)	90.00 (63.75)
[8/294]	0.384 (0.643)	90.00 (66.67)
[9/294]	0.440 (0.622)	80.00 (68.00)
[10/294]	0.340 (0.597)	80.00 (69.09)
[11/294]	0.264 (0.569)	90.00 (70.83)
[12/294]	0.195 (0.540)	100.00 (73.08)
[13/294]	0.123 (0.510)	95.00 (74.64)
[14/294]	0.325 (0.498)	85.00 (75.33)
[15/294]	0.316 (0.487)	95.00 (76.56)
[16/294]	0.044 (0.461)	100.00 (77.94)
[17/294]	0.322 (0.453)	85.00 (78.33)
[18/294]	0.532 (0.457)	85.00 (78.68)
[19/294]	0.426 (0.456)	90.00 (79.25)
[20/294]	0.093 (0.438)	95.00 (80.00)
[21/294]	0.541 (0.443)	85.00 (80.23)
[22/294]	0.149 (0.430)	100.00 (81.09)
[23/294]	0.398 (0.429)	75.00 (80.83)
[24/294]	0.235 (0.421)	100.00 (81.60)
[25/294]	0.168 (0.411)	100.00 (82.31)
[26/294]	0.308 (0.408)	90.00 (82.59)
[27/294]	0.211 (0.401)	85.00 (82.68)
[28/294]	0.181 (0.393)	95.00 (83.10)
[29/294]	0.247 (0.388)	95.00 (83.50)
[30/294]	0.150 (0.380)	95.00 (83.87)
[31/294]	0.346 (0.379)	90.00 (84.06)
[32/294]	0.127 (0.372)	95.00 (84.39)
[33/294]	0.354 (0.371)	85.00 (84.41)
[34/294]	0.055 (0.362)	100.00 (84.86)
[35/294]	0.035 (0.353)	100.00 (85.28)
[36/294]	0.211 (0.349)	90.00 (85.41)
[37/294]	0.046 (0.341)	100.00 (85.79)
[38/294]	0.189 (0.337)	90.00 (85.90)
[39/294]	0.136 (0.332)	95.00 (86.12)
[40/294]	0.372 (0.333)	80.00 (85.98)
[41/294]	0.013 (0.326)	100.00 (86.31)
[42/294]	0.038 (0.319)	100.00 (86.63)
[43/294]	0.198 (0.316)	90.00 (86.70)
[44/294]	0.110 (0.312)	90.00 (86.78)
[45/294]	0.232 (0.310)	95.00 (86.96)
[46/294]	0.091 (0.305)	95.00 (87.13)
[47/294]	0.158 (0.302)	95.00 (87.29)
[48/294]	0.093 (0.298)	95.00 (87.45)
[49/294]	0.172 (0.295)	100.00 (87.70)
[50/294]	0.082 (0.291)	100.00 (87.94)
[51/294]	0.176 (0.289)	90.00 (87.98)
[52/294]	0.163 (0.287)	90.00 (88.02)
[53/294]	0.057 (0.282)	100.00 (88.24)
[54/294]	0.054 (0.278)	100.00 (88.45)
[55/294]	0.156 (0.276)	95.00 (88.57)
[56/294]	0.132 (0.274)	95.00 (88.68)
[57/294]	0.234 (0.273)	90.00 (88.71)
[58/294]	0.024 (0.269)	100.00 (88.90)
[59/294]	0.077 (0.265)	95.00 (89.00)
[60/294]	0.103 (0.263)	90.00 (89.02)
[61/294]	0.043 (0.259)	100.00 (89.19)
[62/294]	0.484 (0.263)	90.00 (89.21)
[63/294]	0.070 (0.260)	100.00 (89.38)
[64/294]	0.071 (0.257)	100.00 (89.54)
[65/294]	0.443 (0.260)	85.00 (89.47)
[66/294]	0.051 (0.257)	100.00 (89.63)
[67/294]	0.063 (0.254)	100.00 (89.78)
[68/294]	0.089 (0.251)	95.00 (89.86)
[69/294]	0.027 (0.248)	100.00 (90.00)
[70/294]	0.042 (0.245)	95.00 (90.07)
[71/294]	0.148 (0.244)	95.00 (90.14)
[72/294]	0.084 (0.242)	95.00 (90.21)
[73/294]	0.095 (0.240)	95.00 (90.27)
[74/294]	0.115 (0.238)	95.00 (90.33)
[75/294]	0.014 (0.235)	100.00 (90.46)
[76/294]	0.044 (0.233)	100.00 (90.58)
[77/294]	0.004 (0.230)	100.00 (90.71)
[78/294]	0.030 (0.227)	100.00 (90.82)
[79/294]	0.048 (0.225)	100.00 (90.94)
[80/294]	0.102 (0.223)	95.00 (90.99)
[81/294]	0.069 (0.222)	95.00 (91.04)
[82/294]	0.139 (0.221)	95.00 (91.08)
[83/294]	0.038 (0.218)	100.00 (91.19)
[84/294]	0.069 (0.217)	95.00 (91.24)
[85/294]	0.078 (0.215)	95.00 (91.28)
[86/294]	0.219 (0.215)	95.00 (91.32)
[87/294]	0.131 (0.214)	95.00 (91.36)
[88/294]	0.084 (0.213)	95.00 (91.40)
[89/294]	0.015 (0.210)	100.00 (91.50)
[90/294]	0.157 (0.210)	90.00 (91.48)
[91/294]	0.005 (0.208)	100.00 (91.58)
[92/294]	0.428 (0.210)	85.00 (91.51)
[93/294]	0.030 (0.208)	100.00 (91.60)
[94/294]	0.140 (0.207)	95.00 (91.63)
[95/294]	0.068 (0.206)	100.00 (91.72)
[96/294]	0.166 (0.206)	95.00 (91.75)
[97/294]	0.080 (0.204)	95.00 (91.79)
[98/294]	0.010 (0.202)	100.00 (91.87)
[99/294]	0.024 (0.201)	100.00 (91.95)
[100/294]	0.077 (0.199)	95.00 (91.98)
[101/294]	0.103 (0.198)	95.00 (92.01)
[102/294]	0.146 (0.198)	95.00 (92.04)
[103/294]	0.119 (0.197)	95.00 (92.07)
[104/294]	0.112 (0.196)	90.00 (92.05)
[105/294]	0.197 (0.196)	90.00 (92.03)
[106/294]	0.020 (0.195)	100.00 (92.10)
[107/294]	0.012 (0.193)	100.00 (92.18)
[108/294]	0.045 (0.192)	100.00 (92.25)
[109/294]	0.055 (0.190)	100.00 (92.32)
[110/294]	0.168 (0.190)	95.00 (92.34)
[111/294]	0.015 (0.189)	100.00 (92.41)
[112/294]	0.317 (0.190)	95.00 (92.43)
[113/294]	0.041 (0.188)	100.00 (92.50)
[114/294]	0.048 (0.187)	95.00 (92.52)
[115/294]	0.059 (0.186)	100.00 (92.59)
[116/294]	0.051 (0.185)	95.00 (92.61)
[117/294]	0.076 (0.184)	95.00 (92.63)
[118/294]	0.125 (0.183)	95.00 (92.65)
[119/294]	0.007 (0.182)	100.00 (92.71)
[120/294]	0.015 (0.181)	100.00 (92.77)
[121/294]	0.020 (0.179)	100.00 (92.83)
[122/294]	0.111 (0.179)	95.00 (92.85)
[123/294]	0.023 (0.178)	100.00 (92.90)
[124/294]	0.020 (0.176)	100.00 (92.96)
[125/294]	0.181 (0.176)	95.00 (92.98)
[126/294]	0.695 (0.180)	85.00 (92.91)
[127/294]	0.069 (0.179)	100.00 (92.97)
[128/294]	0.034 (0.178)	100.00 (93.02)
[129/294]	0.098 (0.178)	95.00 (93.04)
[130/294]	0.023 (0.177)	100.00 (93.09)
[131/294]	0.218 (0.177)	95.00 (93.11)
[132/294]	0.204 (0.177)	90.00 (93.08)
[133/294]	0.115 (0.177)	90.00 (93.06)
[134/294]	0.068 (0.176)	100.00 (93.11)
[135/294]	0.050 (0.175)	95.00 (93.12)
[136/294]	0.074 (0.174)	95.00 (93.14)
[137/294]	0.070 (0.173)	100.00 (93.19)
[138/294]	0.267 (0.174)	85.00 (93.13)
[139/294]	0.193 (0.174)	85.00 (93.07)
[140/294]	0.243 (0.175)	95.00 (93.09)
[141/294]	0.031 (0.174)	100.00 (93.13)
[142/294]	0.062 (0.173)	100.00 (93.18)
[143/294]	0.123 (0.173)	95.00 (93.19)
[144/294]	0.061 (0.172)	100.00 (93.24)
[145/294]	0.232 (0.172)	90.00 (93.22)
[146/294]	0.016 (0.171)	100.00 (93.27)
[147/294]	0.081 (0.171)	95.00 (93.28)
[148/294]	0.120 (0.170)	95.00 (93.29)
[149/294]	0.228 (0.171)	85.00 (93.23)
[150/294]	0.132 (0.170)	95.00 (93.25)
[151/294]	0.325 (0.171)	95.00 (93.26)
[152/294]	0.084 (0.171)	95.00 (93.27)
[153/294]	0.063 (0.170)	100.00 (93.31)
[154/294]	0.076 (0.169)	100.00 (93.35)
[155/294]	0.014 (0.168)	100.00 (93.40)
[156/294]	0.087 (0.168)	95.00 (93.41)
[157/294]	0.005 (0.167)	100.00 (93.45)
[158/294]	0.086 (0.166)	95.00 (93.46)
[159/294]	0.125 (0.166)	90.00 (93.44)
[160/294]	0.128 (0.166)	95.00 (93.45)
[161/294]	0.114 (0.166)	90.00 (93.43)
[162/294]	0.033 (0.165)	100.00 (93.47)
[163/294]	0.016 (0.164)	100.00 (93.51)
[164/294]	0.043 (0.163)	100.00 (93.55)
[165/294]	0.050 (0.162)	100.00 (93.58)
[166/294]	0.012 (0.162)	100.00 (93.62)
[167/294]	0.065 (0.161)	95.00 (93.63)
[168/294]	0.191 (0.161)	90.00 (93.61)
[169/294]	0.077 (0.161)	95.00 (93.62)
[170/294]	0.048 (0.160)	100.00 (93.65)
[171/294]	0.186 (0.160)	90.00 (93.63)
[172/294]	0.204 (0.160)	95.00 (93.64)
[173/294]	0.022 (0.160)	100.00 (93.68)
[174/294]	0.069 (0.159)	95.00 (93.69)
[175/294]	0.103 (0.159)	95.00 (93.69)
[176/294]	0.060 (0.158)	95.00 (93.70)
[177/294]	0.093 (0.158)	100.00 (93.74)
[178/294]	0.051 (0.157)	95.00 (93.74)
[179/294]	0.205 (0.158)	85.00 (93.69)
[180/294]	0.015 (0.157)	100.00 (93.73)
[181/294]	0.043 (0.156)	95.00 (93.74)
[182/294]	0.081 (0.156)	95.00 (93.74)
[183/294]	0.038 (0.155)	100.00 (93.78)
[184/294]	0.008 (0.154)	100.00 (93.81)
[185/294]	0.020 (0.154)	100.00 (93.84)
[186/294]	0.008 (0.153)	100.00 (93.88)
[187/294]	0.020 (0.152)	100.00 (93.91)
[188/294]	0.070 (0.152)	100.00 (93.94)
[189/294]	0.072 (0.151)	95.00 (93.95)
[190/294]	0.025 (0.151)	100.00 (93.98)
[191/294]	0.024 (0.150)	100.00 (94.01)
[192/294]	0.037 (0.149)	100.00 (94.04)
[193/294]	0.003 (0.149)	100.00 (94.07)
[194/294]	0.020 (0.148)	100.00 (94.10)
[195/294]	0.149 (0.148)	95.00 (94.11)
[196/294]	0.003 (0.147)	100.00 (94.14)
[197/294]	0.122 (0.147)	95.00 (94.14)
[198/294]	0.006 (0.146)	100.00 (94.17)
[199/294]	0.044 (0.146)	95.00 (94.17)
[200/294]	0.083 (0.145)	95.00 (94.18)
[201/294]	0.556 (0.148)	85.00 (94.13)
[202/294]	0.293 (0.148)	95.00 (94.14)
[203/294]	0.013 (0.148)	100.00 (94.17)
[204/294]	0.008 (0.147)	100.00 (94.20)
[205/294]	0.498 (0.149)	90.00 (94.17)
[206/294]	0.652 (0.151)	70.00 (94.06)
[207/294]	0.042 (0.150)	100.00 (94.09)
[208/294]	0.280 (0.151)	90.00 (94.07)
[209/294]	0.296 (0.152)	85.00 (94.02)
[210/294]	0.226 (0.152)	95.00 (94.03)
[211/294]	0.317 (0.153)	85.00 (93.99)
[212/294]	0.150 (0.153)	100.00 (94.01)
[213/294]	0.154 (0.153)	95.00 (94.02)
[214/294]	0.442 (0.154)	85.00 (93.98)
[215/294]	0.257 (0.155)	85.00 (93.94)
[216/294]	0.160 (0.155)	95.00 (93.94)
[217/294]	0.473 (0.156)	75.00 (93.85)
[218/294]	0.172 (0.156)	95.00 (93.86)
[219/294]	0.082 (0.156)	100.00 (93.89)
[220/294]	0.073 (0.156)	100.00 (93.91)
[221/294]	0.053 (0.155)	100.00 (93.94)
[222/294]	0.338 (0.156)	90.00 (93.92)
[223/294]	0.145 (0.156)	95.00 (93.93)
[224/294]	0.072 (0.156)	100.00 (93.96)
[225/294]	0.096 (0.155)	100.00 (93.98)
[226/294]	0.124 (0.155)	95.00 (93.99)
[227/294]	0.033 (0.155)	100.00 (94.01)
[228/294]	0.090 (0.154)	95.00 (94.02)
[229/294]	0.042 (0.154)	100.00 (94.04)
[230/294]	0.110 (0.154)	95.00 (94.05)
[231/294]	0.055 (0.153)	95.00 (94.05)
[232/294]	0.036 (0.153)	100.00 (94.08)
[233/294]	0.068 (0.152)	95.00 (94.08)
[234/294]	0.015 (0.152)	100.00 (94.11)
[235/294]	0.005 (0.151)	100.00 (94.13)
[236/294]	0.010 (0.151)	100.00 (94.16)
[237/294]	0.012 (0.150)	100.00 (94.18)
[238/294]	0.068 (0.150)	95.00 (94.18)
[239/294]	0.013 (0.149)	100.00 (94.21)
[240/294]	0.025 (0.149)	100.00 (94.23)
[241/294]	0.090 (0.148)	95.00 (94.24)
[242/294]	0.097 (0.148)	95.00 (94.24)
[243/294]	0.012 (0.148)	100.00 (94.26)
[244/294]	0.057 (0.147)	95.00 (94.27)
[245/294]	0.010 (0.147)	100.00 (94.29)
[246/294]	0.009 (0.146)	100.00 (94.31)
[247/294]	0.004 (0.145)	100.00 (94.33)
[248/294]	0.028 (0.145)	100.00 (94.36)
[249/294]	0.296 (0.146)	95.00 (94.36)
[250/294]	0.002 (0.145)	100.00 (94.38)
[251/294]	0.061 (0.145)	95.00 (94.38)
[252/294]	0.038 (0.144)	100.00 (94.41)
[253/294]	0.005 (0.144)	100.00 (94.43)
[254/294]	0.003 (0.143)	100.00 (94.45)
[255/294]	0.015 (0.143)	100.00 (94.47)
[256/294]	0.051 (0.142)	95.00 (94.47)
[257/294]	0.175 (0.142)	90.00 (94.46)
[258/294]	0.012 (0.142)	100.00 (94.48)
[259/294]	0.000 (0.141)	100.00 (94.50)
[260/294]	0.009 (0.141)	100.00 (94.52)
[261/294]	0.094 (0.141)	95.00 (94.52)
[262/294]	0.002 (0.140)	100.00 (94.54)
[263/294]	0.040 (0.140)	100.00 (94.56)
[264/294]	0.011 (0.139)	100.00 (94.58)
[265/294]	0.004 (0.139)	100.00 (94.61)
[266/294]	0.001 (0.138)	100.00 (94.63)
[267/294]	0.332 (0.139)	85.00 (94.59)
[268/294]	0.062 (0.139)	100.00 (94.61)
[269/294]	0.073 (0.138)	95.00 (94.61)
[270/294]	0.176 (0.139)	95.00 (94.61)
[271/294]	0.389 (0.140)	90.00 (94.60)
[272/294]	0.032 (0.139)	100.00 (94.62)
[273/294]	0.019 (0.139)	100.00 (94.64)
[274/294]	0.014 (0.138)	100.00 (94.65)
[275/294]	0.119 (0.138)	95.00 (94.66)
[276/294]	0.012 (0.138)	100.00 (94.68)
[277/294]	0.004 (0.137)	100.00 (94.69)
[278/294]	0.011 (0.137)	100.00 (94.71)
[279/294]	0.093 (0.137)	90.00 (94.70)
[280/294]	0.096 (0.136)	95.00 (94.70)
[281/294]	0.019 (0.136)	100.00 (94.72)
[282/294]	0.041 (0.136)	100.00 (94.73)
[283/294]	0.050 (0.135)	95.00 (94.74)
[284/294]	0.083 (0.135)	95.00 (94.74)
[285/294]	0.071 (0.135)	100.00 (94.76)
[286/294]	0.105 (0.135)	95.00 (94.76)
[287/294]	0.015 (0.134)	100.00 (94.77)
[288/294]	0.024 (0.134)	100.00 (94.79)
[289/294]	0.054 (0.134)	100.00 (94.81)
[290/294]	0.112 (0.134)	95.00 (94.81)
[291/294]	0.049 (0.133)	100.00 (94.83)
[292/294]	0.017 (0.133)	100.00 (94.85)
[293/294]	0.049 (0.133)	100.00 (94.86)
 * Train Acc: 94.864
 * Avg. Data time: 0.004, Avg. Batch time: 0.052, Avg. Forward time: 0.004, Avg. Backward time: 0.039
Computing SI
 * Val Acc: 97.391, Time: 1.47
 * Test Acc: 97.705, Time: 2.15
=============Training Task 1=============
Active output nodes for this task: 
[0, 1, 2, 3]
=============Training Epoch 0=============
#reg terms:  1
Batch	 Loss		 Acc
[0/294]	7.304 (7.304)	0.00 (0.00)
[1/294]	2.223 (4.764)	0.00 (0.00)
[2/294]	1.557 (3.695)	15.00 (5.00)
[3/294]	1.220 (3.076)	40.00 (13.75)
[4/294]	1.057 (2.672)	55.00 (22.00)
[5/294]	0.934 (2.383)	65.00 (29.17)
[6/294]	0.927 (2.175)	55.00 (32.86)
[7/294]	0.885 (2.013)	50.00 (35.00)
[8/294]	0.820 (1.881)	55.00 (37.22)
[9/294]	0.973 (1.790)	35.00 (37.00)
[10/294]	0.834 (1.703)	50.00 (38.18)
[11/294]	1.074 (1.651)	25.00 (37.08)
[12/294]	0.938 (1.596)	45.00 (37.69)
[13/294]	1.119 (1.562)	40.00 (37.86)
[14/294]	0.857 (1.515)	55.00 (39.00)
[15/294]	1.037 (1.485)	50.00 (39.69)
[16/294]	0.868 (1.449)	55.00 (40.59)
[17/294]	0.839 (1.415)	60.00 (41.67)
[18/294]	1.219 (1.404)	35.00 (41.32)
[19/294]	0.864 (1.377)	50.00 (41.75)
[20/294]	0.817 (1.351)	60.00 (42.62)
[21/294]	0.629 (1.318)	75.00 (44.09)
[22/294]	1.161 (1.311)	50.00 (44.35)
[23/294]	0.999 (1.298)	50.00 (44.58)
[24/294]	0.909 (1.283)	45.00 (44.60)
[25/294]	0.818 (1.265)	60.00 (45.19)
[26/294]	0.935 (1.252)	40.00 (45.00)
[27/294]	0.992 (1.243)	45.00 (45.00)
[28/294]	0.736 (1.226)	70.00 (45.86)
[29/294]	0.815 (1.212)	65.00 (46.50)
[30/294]	0.824 (1.199)	55.00 (46.77)
[31/294]	0.761 (1.186)	65.00 (47.34)
[32/294]	0.793 (1.174)	70.00 (48.03)
[33/294]	0.867 (1.165)	35.00 (47.65)
[34/294]	0.746 (1.153)	65.00 (48.14)
[35/294]	0.715 (1.141)	75.00 (48.89)
[36/294]	0.693 (1.129)	70.00 (49.46)
[37/294]	0.775 (1.119)	55.00 (49.61)
[38/294]	0.527 (1.104)	95.00 (50.77)
[39/294]	0.667 (1.093)	80.00 (51.50)
[40/294]	0.665 (1.083)	70.00 (51.95)
[41/294]	0.802 (1.076)	50.00 (51.90)
[42/294]	0.564 (1.064)	80.00 (52.56)
[43/294]	0.596 (1.054)	75.00 (53.07)
[44/294]	0.584 (1.043)	80.00 (53.67)
[45/294]	1.137 (1.045)	55.00 (53.70)
[46/294]	0.556 (1.035)	80.00 (54.26)
[47/294]	0.823 (1.030)	65.00 (54.48)
[48/294]	1.164 (1.033)	50.00 (54.39)
[49/294]	0.550 (1.023)	65.00 (54.60)
[50/294]	0.499 (1.013)	85.00 (55.20)
[51/294]	0.635 (1.006)	75.00 (55.58)
[52/294]	0.764 (1.001)	60.00 (55.66)
[53/294]	0.629 (0.994)	70.00 (55.93)
[54/294]	0.624 (0.988)	70.00 (56.18)
[55/294]	0.595 (0.981)	75.00 (56.52)
[56/294]	0.506 (0.972)	90.00 (57.11)
[57/294]	0.612 (0.966)	75.00 (57.41)
[58/294]	0.591 (0.960)	80.00 (57.80)
[59/294]	0.604 (0.954)	60.00 (57.83)
[60/294]	0.541 (0.947)	75.00 (58.11)
[61/294]	0.429 (0.939)	95.00 (58.71)
[62/294]	0.616 (0.934)	55.00 (58.65)
[63/294]	0.639 (0.929)	65.00 (58.75)
[64/294]	0.530 (0.923)	85.00 (59.15)
[65/294]	0.518 (0.917)	75.00 (59.39)
[66/294]	0.514 (0.911)	80.00 (59.70)
[67/294]	0.554 (0.905)	80.00 (60.00)
[68/294]	0.563 (0.900)	80.00 (60.29)
[69/294]	0.582 (0.896)	75.00 (60.50)
[70/294]	0.407 (0.889)	90.00 (60.92)
[71/294]	0.481 (0.883)	75.00 (61.11)
[72/294]	0.571 (0.879)	85.00 (61.44)
[73/294]	0.556 (0.875)	70.00 (61.55)
[74/294]	0.571 (0.871)	75.00 (61.73)
[75/294]	0.395 (0.864)	95.00 (62.17)
[76/294]	0.574 (0.861)	65.00 (62.21)
[77/294]	0.434 (0.855)	75.00 (62.37)
[78/294]	0.321 (0.848)	95.00 (62.78)
[79/294]	0.511 (0.844)	90.00 (63.12)
[80/294]	0.375 (0.838)	85.00 (63.40)
[81/294]	0.395 (0.833)	75.00 (63.54)
[82/294]	0.441 (0.828)	80.00 (63.73)
[83/294]	0.468 (0.824)	70.00 (63.81)
[84/294]	0.377 (0.819)	80.00 (64.00)
[85/294]	0.272 (0.812)	90.00 (64.30)
[86/294]	0.492 (0.809)	80.00 (64.48)
[87/294]	0.375 (0.804)	85.00 (64.72)
[88/294]	0.425 (0.799)	80.00 (64.89)
[89/294]	0.327 (0.794)	90.00 (65.17)
[90/294]	0.325 (0.789)	85.00 (65.38)
[91/294]	0.345 (0.784)	75.00 (65.49)
[92/294]	0.358 (0.780)	80.00 (65.65)
[93/294]	0.612 (0.778)	60.00 (65.59)
[94/294]	0.493 (0.775)	75.00 (65.68)
[95/294]	0.293 (0.770)	85.00 (65.89)
[96/294]	0.449 (0.767)	75.00 (65.98)
[97/294]	0.289 (0.762)	90.00 (66.22)
[98/294]	0.437 (0.758)	80.00 (66.36)
[99/294]	0.440 (0.755)	85.00 (66.55)
[100/294]	0.427 (0.752)	75.00 (66.63)
[101/294]	0.357 (0.748)	85.00 (66.81)
[102/294]	0.249 (0.743)	95.00 (67.09)
[103/294]	0.349 (0.739)	85.00 (67.26)
[104/294]	0.264 (0.735)	85.00 (67.43)
[105/294]	0.332 (0.731)	90.00 (67.64)
[106/294]	0.225 (0.726)	95.00 (67.90)
[107/294]	0.272 (0.722)	95.00 (68.15)
[108/294]	0.324 (0.719)	80.00 (68.26)
[109/294]	0.421 (0.716)	75.00 (68.32)
[110/294]	0.268 (0.712)	90.00 (68.51)
[111/294]	0.538 (0.710)	75.00 (68.57)
[112/294]	0.420 (0.708)	80.00 (68.67)
[113/294]	0.192 (0.703)	100.00 (68.95)
[114/294]	0.466 (0.701)	85.00 (69.09)
[115/294]	0.217 (0.697)	95.00 (69.31)
[116/294]	0.376 (0.694)	80.00 (69.40)
[117/294]	0.144 (0.690)	100.00 (69.66)
[118/294]	0.246 (0.686)	95.00 (69.87)
[119/294]	0.348 (0.683)	85.00 (70.00)
[120/294]	0.530 (0.682)	75.00 (70.04)
[121/294]	0.343 (0.679)	85.00 (70.16)
[122/294]	0.308 (0.676)	85.00 (70.28)
[123/294]	0.283 (0.673)	85.00 (70.40)
[124/294]	0.818 (0.674)	70.00 (70.40)
[125/294]	0.316 (0.671)	90.00 (70.56)
[126/294]	0.300 (0.668)	90.00 (70.71)
[127/294]	0.506 (0.667)	80.00 (70.78)
[128/294]	0.503 (0.666)	70.00 (70.78)
[129/294]	0.272 (0.663)	95.00 (70.96)
[130/294]	0.190 (0.659)	90.00 (71.11)
[131/294]	0.339 (0.657)	90.00 (71.25)
[132/294]	0.154 (0.653)	100.00 (71.47)
[133/294]	0.282 (0.650)	90.00 (71.60)
[134/294]	0.244 (0.647)	95.00 (71.78)
[135/294]	0.261 (0.644)	85.00 (71.88)
[136/294]	0.438 (0.643)	90.00 (72.01)
[137/294]	0.462 (0.641)	85.00 (72.10)
[138/294]	0.402 (0.640)	80.00 (72.16)
[139/294]	0.164 (0.636)	95.00 (72.32)
[140/294]	0.183 (0.633)	95.00 (72.48)
[141/294]	0.194 (0.630)	90.00 (72.61)
[142/294]	0.205 (0.627)	90.00 (72.73)
[143/294]	0.190 (0.624)	95.00 (72.88)
[144/294]	0.251 (0.621)	95.00 (73.03)
[145/294]	0.159 (0.618)	95.00 (73.18)
[146/294]	0.350 (0.616)	85.00 (73.27)
[147/294]	0.219 (0.614)	90.00 (73.38)
[148/294]	0.222 (0.611)	95.00 (73.52)
[149/294]	0.186 (0.608)	95.00 (73.67)
[150/294]	0.169 (0.605)	100.00 (73.84)
[151/294]	0.339 (0.604)	85.00 (73.91)
[152/294]	0.232 (0.601)	90.00 (74.02)
[153/294]	0.154 (0.598)	95.00 (74.16)
[154/294]	0.290 (0.596)	85.00 (74.23)
[155/294]	0.260 (0.594)	90.00 (74.33)
[156/294]	0.224 (0.592)	85.00 (74.39)
[157/294]	0.133 (0.589)	100.00 (74.56)
[158/294]	0.076 (0.586)	100.00 (74.72)
[159/294]	0.152 (0.583)	95.00 (74.84)
[160/294]	0.075 (0.580)	100.00 (75.00)
[161/294]	0.172 (0.577)	95.00 (75.12)
[162/294]	0.214 (0.575)	95.00 (75.25)
[163/294]	0.112 (0.572)	95.00 (75.37)
[164/294]	0.103 (0.569)	95.00 (75.48)
[165/294]	0.209 (0.567)	90.00 (75.57)
[166/294]	0.053 (0.564)	100.00 (75.72)
[167/294]	0.067 (0.561)	100.00 (75.86)
[168/294]	0.141 (0.559)	95.00 (75.98)
[169/294]	0.232 (0.557)	90.00 (76.06)
[170/294]	0.085 (0.554)	100.00 (76.20)
[171/294]	0.163 (0.552)	95.00 (76.31)
[172/294]	0.252 (0.550)	90.00 (76.39)
[173/294]	0.150 (0.548)	95.00 (76.49)
[174/294]	0.384 (0.547)	85.00 (76.54)
[175/294]	0.152 (0.544)	95.00 (76.65)
[176/294]	0.177 (0.542)	90.00 (76.72)
[177/294]	0.165 (0.540)	100.00 (76.85)
[178/294]	0.153 (0.538)	95.00 (76.96)
[179/294]	0.301 (0.537)	90.00 (77.03)
[180/294]	0.078 (0.534)	95.00 (77.13)
[181/294]	0.212 (0.532)	90.00 (77.20)
[182/294]	0.295 (0.531)	85.00 (77.24)
[183/294]	0.192 (0.529)	90.00 (77.31)
[184/294]	0.287 (0.528)	90.00 (77.38)
[185/294]	0.622 (0.529)	75.00 (77.37)
[186/294]	0.334 (0.527)	80.00 (77.38)
[187/294]	0.134 (0.525)	95.00 (77.47)
[188/294]	0.291 (0.524)	90.00 (77.54)
[189/294]	0.214 (0.523)	95.00 (77.63)
[190/294]	0.404 (0.522)	80.00 (77.64)
[191/294]	0.071 (0.520)	100.00 (77.76)
[192/294]	0.166 (0.518)	95.00 (77.85)
[193/294]	0.314 (0.517)	85.00 (77.89)
[194/294]	0.306 (0.516)	85.00 (77.92)
[195/294]	0.268 (0.514)	90.00 (77.98)
[196/294]	0.283 (0.513)	85.00 (78.02)
[197/294]	0.266 (0.512)	85.00 (78.06)
[198/294]	0.120 (0.510)	95.00 (78.14)
[199/294]	0.178 (0.508)	90.00 (78.20)
[200/294]	0.274 (0.507)	95.00 (78.28)
[201/294]	0.253 (0.506)	90.00 (78.34)
[202/294]	0.149 (0.504)	100.00 (78.45)
[203/294]	0.116 (0.502)	100.00 (78.55)
[204/294]	0.272 (0.501)	85.00 (78.59)
[205/294]	0.178 (0.499)	95.00 (78.67)
[206/294]	0.194 (0.498)	90.00 (78.72)
[207/294]	0.275 (0.497)	80.00 (78.73)
[208/294]	0.313 (0.496)	95.00 (78.80)
[209/294]	0.154 (0.494)	95.00 (78.88)
[210/294]	0.216 (0.493)	85.00 (78.91)
[211/294]	0.179 (0.492)	90.00 (78.96)
[212/294]	0.293 (0.491)	85.00 (78.99)
[213/294]	0.090 (0.489)	100.00 (79.09)
[214/294]	0.157 (0.487)	100.00 (79.19)
[215/294]	0.157 (0.486)	95.00 (79.26)
[216/294]	0.137 (0.484)	95.00 (79.33)
[217/294]	0.124 (0.482)	95.00 (79.40)
[218/294]	0.319 (0.482)	85.00 (79.43)
[219/294]	0.083 (0.480)	100.00 (79.52)
[220/294]	0.115 (0.478)	100.00 (79.62)
[221/294]	0.158 (0.477)	90.00 (79.66)
[222/294]	0.188 (0.476)	95.00 (79.73)
[223/294]	0.161 (0.474)	95.00 (79.80)
[224/294]	0.123 (0.473)	95.00 (79.87)
[225/294]	0.224 (0.471)	90.00 (79.91)
[226/294]	0.175 (0.470)	90.00 (79.96)
[227/294]	0.219 (0.469)	85.00 (79.98)
[228/294]	0.246 (0.468)	85.00 (80.00)
[229/294]	0.306 (0.467)	90.00 (80.04)
[230/294]	0.255 (0.466)	95.00 (80.11)
[231/294]	0.106 (0.465)	100.00 (80.19)
[232/294]	0.115 (0.463)	95.00 (80.26)
[233/294]	0.129 (0.462)	90.00 (80.30)
[234/294]	0.120 (0.461)	100.00 (80.38)
[235/294]	0.427 (0.460)	75.00 (80.36)
[236/294]	0.108 (0.459)	100.00 (80.44)
[237/294]	0.325 (0.458)	95.00 (80.50)
[238/294]	0.167 (0.457)	95.00 (80.56)
[239/294]	0.250 (0.456)	95.00 (80.62)
[240/294]	0.179 (0.455)	95.00 (80.68)
[241/294]	0.212 (0.454)	95.00 (80.74)
[242/294]	0.096 (0.453)	100.00 (80.82)
[243/294]	0.267 (0.452)	90.00 (80.86)
[244/294]	0.092 (0.450)	100.00 (80.94)
[245/294]	0.188 (0.449)	90.00 (80.98)
[246/294]	0.227 (0.448)	90.00 (81.01)
[247/294]	0.104 (0.447)	95.00 (81.07)
[248/294]	0.150 (0.446)	95.00 (81.12)
[249/294]	0.218 (0.445)	90.00 (81.16)
[250/294]	0.171 (0.444)	95.00 (81.22)
[251/294]	0.151 (0.443)	95.00 (81.27)
[252/294]	0.254 (0.442)	95.00 (81.32)
[253/294]	0.545 (0.442)	75.00 (81.30)
[254/294]	0.264 (0.442)	85.00 (81.31)
[255/294]	0.173 (0.441)	95.00 (81.37)
[256/294]	0.068 (0.439)	100.00 (81.44)
[257/294]	0.244 (0.438)	90.00 (81.47)
[258/294]	0.151 (0.437)	90.00 (81.51)
[259/294]	0.364 (0.437)	85.00 (81.52)
[260/294]	0.271 (0.436)	85.00 (81.53)
[261/294]	0.190 (0.435)	95.00 (81.58)
[262/294]	0.213 (0.435)	95.00 (81.63)
[263/294]	0.613 (0.435)	80.00 (81.63)
[264/294]	0.157 (0.434)	95.00 (81.68)
[265/294]	0.229 (0.433)	90.00 (81.71)
[266/294]	0.197 (0.433)	90.00 (81.74)
[267/294]	0.056 (0.431)	100.00 (81.81)
[268/294]	0.172 (0.430)	95.00 (81.86)
[269/294]	0.071 (0.429)	100.00 (81.93)
[270/294]	0.067 (0.428)	100.00 (81.99)
[271/294]	0.759 (0.429)	80.00 (81.99)
[272/294]	0.088 (0.427)	100.00 (82.05)
[273/294]	0.372 (0.427)	85.00 (82.06)
[274/294]	0.076 (0.426)	100.00 (82.13)
[275/294]	0.255 (0.425)	85.00 (82.14)
[276/294]	0.387 (0.425)	75.00 (82.11)
[277/294]	0.453 (0.425)	90.00 (82.14)
[278/294]	0.270 (0.425)	85.00 (82.15)
[279/294]	0.226 (0.424)	95.00 (82.20)
[280/294]	0.068 (0.423)	100.00 (82.26)
[281/294]	0.188 (0.422)	95.00 (82.30)
[282/294]	0.346 (0.422)	85.00 (82.31)
[283/294]	0.301 (0.421)	85.00 (82.32)
[284/294]	0.206 (0.421)	95.00 (82.37)
[285/294]	0.201 (0.420)	95.00 (82.41)
[286/294]	0.173 (0.419)	100.00 (82.47)
[287/294]	0.201 (0.418)	95.00 (82.52)
[288/294]	0.270 (0.418)	90.00 (82.54)
[289/294]	0.167 (0.417)	95.00 (82.59)
[290/294]	0.078 (0.416)	100.00 (82.65)
[291/294]	0.206 (0.415)	95.00 (82.69)
[292/294]	0.132 (0.414)	100.00 (82.75)
[293/294]	0.137 (0.414)	100.00 (82.77)
 * Train Acc: 82.765
 * Avg. Data time: 0.006, Avg. Batch time: 0.065, Avg. Forward time: 0.004, Avg. Backward time: 0.050
Computing SI
 * Val Acc: 44.825, Time: 2.82
 * Test Acc: 48.443, Time: 3.91
=============Training Task 2=============
Active output nodes for this task: 
[0, 1, 2, 3, 4, 5]
=============Training Epoch 0=============
#reg terms:  1
Batch	 Loss		 Acc
[0/294]	10.414 (10.414)	0.00 (0.00)
[1/294]	5.345 (7.880)	0.00 (0.00)
[2/294]	3.291 (6.350)	0.00 (0.00)
[3/294]	2.367 (5.354)	0.00 (0.00)
[4/294]	2.149 (4.713)	0.00 (0.00)
[5/294]	2.104 (4.278)	5.00 (0.83)
[6/294]	2.092 (3.966)	30.00 (5.00)
[7/294]	1.967 (3.716)	60.00 (11.88)
[8/294]	1.693 (3.491)	35.00 (14.44)
[9/294]	1.303 (3.272)	50.00 (18.00)
[10/294]	1.287 (3.092)	50.00 (20.91)
[11/294]	1.277 (2.941)	55.00 (23.75)
[12/294]	1.184 (2.806)	65.00 (26.92)
[13/294]	1.677 (2.725)	30.00 (27.14)
[14/294]	8.592 (3.116)	35.00 (27.67)
[15/294]	1.486 (3.014)	40.00 (28.44)
[16/294]	1.992 (2.954)	35.00 (28.82)
[17/294]	2.341 (2.920)	45.00 (29.72)
[18/294]	2.400 (2.893)	50.00 (30.79)
[19/294]	2.526 (2.874)	50.00 (31.75)
[20/294]	2.453 (2.854)	40.00 (32.14)
[21/294]	2.401 (2.834)	50.00 (32.95)
[22/294]	2.069 (2.800)	65.00 (34.35)
[23/294]	1.836 (2.760)	60.00 (35.42)
[24/294]	1.587 (2.713)	60.00 (36.40)
[25/294]	1.342 (2.660)	65.00 (37.50)
[26/294]	1.300 (2.610)	70.00 (38.70)
[27/294]	1.080 (2.555)	70.00 (39.82)
[28/294]	1.059 (2.504)	75.00 (41.03)
[29/294]	1.011 (2.454)	70.00 (42.00)
[30/294]	1.129 (2.411)	70.00 (42.90)
[31/294]	1.263 (2.375)	65.00 (43.59)
[32/294]	1.377 (2.345)	65.00 (44.24)
[33/294]	3.295 (2.373)	50.00 (44.41)
[34/294]	1.844 (2.358)	35.00 (44.14)
[35/294]	1.736 (2.341)	70.00 (44.86)
[36/294]	2.312 (2.340)	65.00 (45.41)
[37/294]	2.579 (2.346)	45.00 (45.39)
[38/294]	1.595 (2.327)	40.00 (45.26)
[39/294]	1.120 (2.297)	70.00 (45.88)
[40/294]	1.566 (2.279)	35.00 (45.61)
[41/294]	1.442 (2.259)	60.00 (45.95)
[42/294]	1.712 (2.246)	40.00 (45.81)
[43/294]	1.767 (2.235)	40.00 (45.68)
[44/294]	1.570 (2.221)	55.00 (45.89)
[45/294]	1.804 (2.212)	45.00 (45.87)
[46/294]	1.753 (2.202)	50.00 (45.96)
[47/294]	1.589 (2.189)	55.00 (46.15)
[48/294]	1.494 (2.175)	50.00 (46.22)
[49/294]	1.437 (2.160)	50.00 (46.30)
[50/294]	1.359 (2.144)	60.00 (46.57)
[51/294]	1.334 (2.129)	50.00 (46.63)
[52/294]	1.514 (2.117)	25.00 (46.23)
[53/294]	1.228 (2.101)	45.00 (46.20)
[54/294]	1.106 (2.083)	55.00 (46.36)
[55/294]	1.164 (2.066)	75.00 (46.88)
[56/294]	1.170 (2.051)	55.00 (47.02)
[57/294]	1.117 (2.034)	50.00 (47.07)
[58/294]	0.916 (2.016)	80.00 (47.63)
[59/294]	0.785 (1.995)	60.00 (47.83)
[60/294]	1.512 (1.987)	40.00 (47.70)
[61/294]	0.930 (1.970)	55.00 (47.82)
[62/294]	0.806 (1.952)	80.00 (48.33)
[63/294]	0.885 (1.935)	75.00 (48.75)
[64/294]	0.797 (1.917)	80.00 (49.23)
[65/294]	0.751 (1.900)	90.00 (49.85)
[66/294]	0.688 (1.882)	80.00 (50.30)
[67/294]	1.077 (1.870)	50.00 (50.29)
[68/294]	0.828 (1.855)	65.00 (50.51)
[69/294]	0.853 (1.840)	70.00 (50.79)
[70/294]	0.644 (1.824)	85.00 (51.27)
[71/294]	0.751 (1.809)	75.00 (51.60)
[72/294]	0.973 (1.797)	60.00 (51.71)
[73/294]	0.873 (1.785)	65.00 (51.89)
[74/294]	0.549 (1.768)	85.00 (52.33)
[75/294]	0.938 (1.757)	65.00 (52.50)
[76/294]	0.560 (1.742)	90.00 (52.99)
[77/294]	0.517 (1.726)	95.00 (53.53)
[78/294]	0.736 (1.714)	75.00 (53.80)
[79/294]	0.511 (1.699)	100.00 (54.38)
[80/294]	0.642 (1.685)	85.00 (54.75)
[81/294]	0.704 (1.673)	75.00 (55.00)
[82/294]	0.563 (1.660)	90.00 (55.42)
[83/294]	0.397 (1.645)	100.00 (55.95)
[84/294]	0.517 (1.632)	85.00 (56.29)
[85/294]	0.524 (1.619)	90.00 (56.69)
[86/294]	0.480 (1.606)	90.00 (57.07)
[87/294]	0.571 (1.594)	85.00 (57.39)
[88/294]	0.439 (1.581)	95.00 (57.81)
[89/294]	0.523 (1.569)	80.00 (58.06)
[90/294]	0.381 (1.556)	90.00 (58.41)
[91/294]	0.590 (1.546)	90.00 (58.75)
[92/294]	0.412 (1.534)	95.00 (59.14)
[93/294]	0.306 (1.521)	100.00 (59.57)
[94/294]	0.446 (1.509)	90.00 (59.89)
[95/294]	0.375 (1.497)	95.00 (60.26)
[96/294]	0.250 (1.485)	100.00 (60.67)
[97/294]	0.314 (1.473)	100.00 (61.07)
[98/294]	0.282 (1.461)	95.00 (61.41)
[99/294]	0.568 (1.452)	75.00 (61.55)
[100/294]	0.275 (1.440)	95.00 (61.88)
[101/294]	0.241 (1.428)	100.00 (62.25)
[102/294]	0.296 (1.417)	100.00 (62.62)
[103/294]	0.517 (1.409)	90.00 (62.88)
[104/294]	0.572 (1.401)	80.00 (63.05)
[105/294]	0.381 (1.391)	90.00 (63.30)
[106/294]	0.476 (1.382)	85.00 (63.50)
[107/294]	0.382 (1.373)	90.00 (63.75)
[108/294]	0.762 (1.368)	85.00 (63.94)
[109/294]	0.674 (1.361)	85.00 (64.14)
[110/294]	0.283 (1.352)	100.00 (64.46)
[111/294]	0.287 (1.342)	95.00 (64.73)
[112/294]	0.358 (1.333)	90.00 (64.96)
[113/294]	0.531 (1.326)	85.00 (65.13)
[114/294]	0.229 (1.317)	100.00 (65.43)
[115/294]	0.482 (1.310)	95.00 (65.69)
[116/294]	0.331 (1.301)	95.00 (65.94)
[117/294]	0.258 (1.292)	100.00 (66.23)
[118/294]	0.192 (1.283)	100.00 (66.51)
[119/294]	0.219 (1.274)	100.00 (66.79)
[120/294]	0.566 (1.268)	90.00 (66.98)
[121/294]	0.210 (1.260)	100.00 (67.25)
[122/294]	0.475 (1.253)	90.00 (67.44)
[123/294]	0.363 (1.246)	90.00 (67.62)
[124/294]	0.231 (1.238)	100.00 (67.88)
[125/294]	0.245 (1.230)	95.00 (68.10)
[126/294]	0.194 (1.222)	100.00 (68.35)
[127/294]	0.175 (1.214)	100.00 (68.59)
[128/294]	0.292 (1.207)	90.00 (68.76)
[129/294]	0.288 (1.200)	95.00 (68.96)
[130/294]	0.423 (1.194)	90.00 (69.12)
[131/294]	0.219 (1.186)	100.00 (69.36)
[132/294]	0.181 (1.179)	100.00 (69.59)
[133/294]	0.460 (1.173)	85.00 (69.70)
[134/294]	0.238 (1.166)	100.00 (69.93)
[135/294]	0.256 (1.160)	95.00 (70.11)
[136/294]	0.194 (1.153)	100.00 (70.33)
[137/294]	0.408 (1.147)	90.00 (70.47)
[138/294]	0.282 (1.141)	90.00 (70.61)
[139/294]	0.373 (1.136)	90.00 (70.75)
[140/294]	0.238 (1.129)	95.00 (70.92)
[141/294]	0.196 (1.123)	100.00 (71.13)
[142/294]	0.262 (1.117)	90.00 (71.26)
[143/294]	0.319 (1.111)	95.00 (71.42)
[144/294]	0.171 (1.105)	100.00 (71.62)
[145/294]	0.186 (1.098)	100.00 (71.82)
[146/294]	0.577 (1.095)	85.00 (71.90)
[147/294]	0.343 (1.090)	90.00 (72.03)
[148/294]	0.344 (1.085)	90.00 (72.15)
[149/294]	0.252 (1.079)	100.00 (72.33)
[150/294]	0.219 (1.073)	100.00 (72.52)
[151/294]	0.371 (1.069)	95.00 (72.66)
[152/294]	0.437 (1.065)	90.00 (72.78)
[153/294]	0.185 (1.059)	100.00 (72.95)
[154/294]	0.517 (1.055)	90.00 (73.06)
[155/294]	0.492 (1.052)	85.00 (73.14)
[156/294]	0.309 (1.047)	95.00 (73.28)
[157/294]	0.178 (1.042)	100.00 (73.45)
[158/294]	0.171 (1.036)	100.00 (73.62)
[159/294]	0.222 (1.031)	100.00 (73.78)
[160/294]	0.189 (1.026)	100.00 (73.94)
[161/294]	0.193 (1.021)	100.00 (74.10)
[162/294]	0.209 (1.016)	100.00 (74.26)
[163/294]	0.256 (1.011)	95.00 (74.39)
[164/294]	0.247 (1.006)	95.00 (74.52)
[165/294]	0.148 (1.001)	100.00 (74.67)
[166/294]	0.199 (0.996)	95.00 (74.79)
[167/294]	0.170 (0.992)	100.00 (74.94)
[168/294]	0.401 (0.988)	95.00 (75.06)
[169/294]	0.297 (0.984)	95.00 (75.18)
[170/294]	0.267 (0.980)	95.00 (75.29)
[171/294]	0.322 (0.976)	90.00 (75.38)
[172/294]	0.224 (0.972)	95.00 (75.49)
[173/294]	0.477 (0.969)	90.00 (75.57)
[174/294]	0.241 (0.965)	95.00 (75.69)
[175/294]	0.152 (0.960)	100.00 (75.82)
[176/294]	0.316 (0.956)	95.00 (75.93)
[177/294]	0.153 (0.952)	100.00 (76.07)
[178/294]	0.158 (0.947)	100.00 (76.20)
[179/294]	0.444 (0.945)	85.00 (76.25)
[180/294]	0.185 (0.940)	95.00 (76.35)
[181/294]	0.195 (0.936)	100.00 (76.48)
[182/294]	0.242 (0.933)	95.00 (76.58)
[183/294]	0.302 (0.929)	90.00 (76.66)
[184/294]	0.241 (0.925)	95.00 (76.76)
[185/294]	0.214 (0.922)	95.00 (76.85)
[186/294]	0.173 (0.918)	100.00 (76.98)
[187/294]	0.221 (0.914)	95.00 (77.07)
[188/294]	0.234 (0.910)	95.00 (77.17)
[189/294]	0.169 (0.906)	100.00 (77.29)
[190/294]	0.244 (0.903)	95.00 (77.38)
[191/294]	0.121 (0.899)	100.00 (77.50)
[192/294]	0.121 (0.895)	100.00 (77.62)
[193/294]	0.217 (0.891)	95.00 (77.71)
[194/294]	0.129 (0.887)	100.00 (77.82)
[195/294]	0.239 (0.884)	95.00 (77.91)
[196/294]	0.312 (0.881)	95.00 (77.99)
[197/294]	0.111 (0.877)	100.00 (78.11)
[198/294]	0.113 (0.873)	100.00 (78.22)
[199/294]	0.160 (0.870)	95.00 (78.30)
[200/294]	0.168 (0.866)	95.00 (78.38)
[201/294]	0.108 (0.863)	100.00 (78.49)
[202/294]	0.431 (0.860)	85.00 (78.52)
[203/294]	0.144 (0.857)	100.00 (78.63)
[204/294]	0.310 (0.854)	90.00 (78.68)
[205/294]	0.240 (0.851)	95.00 (78.76)
[206/294]	0.185 (0.848)	95.00 (78.84)
[207/294]	0.135 (0.845)	100.00 (78.94)
[208/294]	0.124 (0.841)	100.00 (79.04)
[209/294]	0.145 (0.838)	100.00 (79.14)
[210/294]	0.341 (0.836)	95.00 (79.22)
[211/294]	0.136 (0.832)	100.00 (79.32)
[212/294]	0.184 (0.829)	100.00 (79.41)
[213/294]	0.119 (0.826)	100.00 (79.51)
[214/294]	0.296 (0.823)	95.00 (79.58)
[215/294]	0.148 (0.820)	100.00 (79.68)
[216/294]	0.153 (0.817)	100.00 (79.77)
[217/294]	0.204 (0.814)	90.00 (79.82)
[218/294]	0.158 (0.811)	100.00 (79.91)
[219/294]	0.156 (0.808)	100.00 (80.00)
[220/294]	0.242 (0.806)	95.00 (80.07)
[221/294]	0.269 (0.803)	90.00 (80.11)
[222/294]	0.135 (0.800)	100.00 (80.20)
[223/294]	0.337 (0.798)	95.00 (80.27)
[224/294]	0.109 (0.795)	100.00 (80.36)
[225/294]	0.514 (0.794)	85.00 (80.38)
[226/294]	0.103 (0.791)	100.00 (80.46)
[227/294]	0.130 (0.788)	100.00 (80.55)
[228/294]	0.305 (0.786)	90.00 (80.59)
[229/294]	0.227 (0.784)	95.00 (80.65)
[230/294]	0.122 (0.781)	100.00 (80.74)
[231/294]	0.147 (0.778)	100.00 (80.82)
[232/294]	0.153 (0.775)	100.00 (80.90)
[233/294]	0.131 (0.773)	100.00 (80.98)
[234/294]	0.110 (0.770)	100.00 (81.06)
[235/294]	0.153 (0.767)	95.00 (81.12)
[236/294]	0.109 (0.764)	100.00 (81.20)
[237/294]	0.098 (0.762)	100.00 (81.28)
[238/294]	0.120 (0.759)	100.00 (81.36)
[239/294]	0.232 (0.757)	90.00 (81.40)
[240/294]	0.237 (0.755)	95.00 (81.45)
[241/294]	0.107 (0.752)	100.00 (81.53)
[242/294]	0.145 (0.749)	95.00 (81.58)
[243/294]	0.206 (0.747)	95.00 (81.64)
[244/294]	0.097 (0.744)	100.00 (81.71)
[245/294]	0.095 (0.742)	100.00 (81.79)
[246/294]	0.163 (0.739)	95.00 (81.84)
[247/294]	0.089 (0.737)	100.00 (81.92)
[248/294]	0.091 (0.734)	100.00 (81.99)
[249/294]	0.235 (0.732)	95.00 (82.04)
[250/294]	0.089 (0.730)	100.00 (82.11)
[251/294]	0.176 (0.728)	95.00 (82.16)
[252/294]	0.094 (0.725)	100.00 (82.23)
[253/294]	0.103 (0.723)	100.00 (82.30)
[254/294]	0.096 (0.720)	100.00 (82.37)
[255/294]	0.244 (0.718)	90.00 (82.40)
[256/294]	0.126 (0.716)	100.00 (82.47)
[257/294]	0.310 (0.714)	90.00 (82.50)
[258/294]	0.247 (0.713)	95.00 (82.55)
[259/294]	0.201 (0.711)	90.00 (82.58)
[260/294]	0.103 (0.708)	100.00 (82.64)
[261/294]	0.338 (0.707)	95.00 (82.69)
[262/294]	0.115 (0.705)	100.00 (82.76)
[263/294]	0.105 (0.702)	100.00 (82.82)
[264/294]	0.181 (0.700)	100.00 (82.89)
[265/294]	0.121 (0.698)	100.00 (82.95)
[266/294]	0.105 (0.696)	100.00 (83.01)
[267/294]	0.117 (0.694)	100.00 (83.08)
[268/294]	0.143 (0.692)	95.00 (83.12)
[269/294]	0.092 (0.690)	100.00 (83.19)
[270/294]	0.120 (0.687)	95.00 (83.23)
[271/294]	0.189 (0.686)	95.00 (83.27)
[272/294]	0.090 (0.683)	100.00 (83.33)
[273/294]	0.097 (0.681)	100.00 (83.39)
[274/294]	0.130 (0.679)	100.00 (83.45)
[275/294]	0.095 (0.677)	100.00 (83.51)
[276/294]	0.133 (0.675)	95.00 (83.56)
[277/294]	0.577 (0.675)	85.00 (83.56)
[278/294]	0.080 (0.673)	100.00 (83.62)
[279/294]	0.081 (0.671)	100.00 (83.68)
[280/294]	0.270 (0.669)	95.00 (83.72)
[281/294]	0.084 (0.667)	100.00 (83.78)
[282/294]	0.557 (0.667)	90.00 (83.80)
[283/294]	0.185 (0.665)	95.00 (83.84)
[284/294]	0.116 (0.663)	100.00 (83.89)
[285/294]	0.142 (0.661)	100.00 (83.95)
[286/294]	0.119 (0.659)	100.00 (84.01)
[287/294]	0.113 (0.657)	100.00 (84.06)
[288/294]	0.196 (0.656)	95.00 (84.10)
[289/294]	0.190 (0.654)	95.00 (84.14)
[290/294]	0.190 (0.653)	95.00 (84.18)
[291/294]	0.146 (0.651)	100.00 (84.23)
[292/294]	0.108 (0.649)	100.00 (84.28)
[293/294]	0.113 (0.647)	100.00 (84.34)
 * Train Acc: 84.337
 * Avg. Data time: 0.007, Avg. Batch time: 0.065, Avg. Forward time: 0.004, Avg. Backward time: 0.047
Computing SI
 * Val Acc: 30.251, Time: 4.64
 * Test Acc: 32.440, Time: 8.09
=============Training Task 3=============
Active output nodes for this task: 
[0, 1, 2, 3, 4, 5, 6, 7]
=============Training Epoch 0=============
#reg terms:  1
Batch	 Loss		 Acc
[0/294]	10.442 (10.442)	0.00 (0.00)
[1/294]	3.517 (6.979)	0.00 (0.00)
[2/294]	2.662 (5.540)	0.00 (0.00)
[3/294]	2.734 (4.839)	0.00 (0.00)
[4/294]	2.775 (4.426)	0.00 (0.00)
[5/294]	2.770 (4.150)	0.00 (0.00)
[6/294]	2.859 (3.966)	0.00 (0.00)
[7/294]	2.925 (3.836)	0.00 (0.00)
[8/294]	2.974 (3.740)	0.00 (0.00)
[9/294]	2.907 (3.657)	0.00 (0.00)
[10/294]	2.723 (3.572)	15.00 (1.36)
[11/294]	2.370 (3.471)	55.00 (5.83)
[12/294]	2.152 (3.370)	45.00 (8.85)
[13/294]	1.696 (3.250)	30.00 (10.36)
[14/294]	1.605 (3.141)	60.00 (13.67)
[15/294]	1.735 (3.053)	60.00 (16.56)
[16/294]	1.573 (2.966)	65.00 (19.41)
[17/294]	1.613 (2.891)	55.00 (21.39)
[18/294]	1.729 (2.830)	65.00 (23.68)
[19/294]	1.528 (2.764)	55.00 (25.25)
[20/294]	1.587 (2.708)	65.00 (27.14)
[21/294]	1.789 (2.667)	50.00 (28.18)
[22/294]	1.516 (2.617)	65.00 (29.78)
[23/294]	1.911 (2.587)	45.00 (30.42)
[24/294]	1.420 (2.541)	60.00 (31.60)
[25/294]	1.395 (2.496)	65.00 (32.88)
[26/294]	1.967 (2.477)	25.00 (32.59)
[27/294]	1.800 (2.453)	50.00 (33.21)
[28/294]	2.381 (2.450)	35.00 (33.28)
[29/294]	1.791 (2.428)	60.00 (34.17)
[30/294]	1.512 (2.399)	65.00 (35.16)
[31/294]	1.296 (2.364)	55.00 (35.78)
[32/294]	1.343 (2.333)	40.00 (35.91)
[33/294]	1.327 (2.304)	50.00 (36.32)
[34/294]	1.583 (2.283)	35.00 (36.29)
[35/294]	1.125 (2.251)	65.00 (37.08)
[36/294]	1.384 (2.228)	65.00 (37.84)
[37/294]	1.591 (2.211)	45.00 (38.03)
[38/294]	1.109 (2.183)	70.00 (38.85)
[39/294]	1.094 (2.155)	70.00 (39.62)
[40/294]	2.126 (2.155)	35.00 (39.51)
[41/294]	1.260 (2.133)	60.00 (40.00)
[42/294]	1.315 (2.114)	40.00 (40.00)
[43/294]	1.344 (2.097)	40.00 (40.00)
[44/294]	1.320 (2.079)	60.00 (40.44)
[45/294]	1.198 (2.060)	55.00 (40.76)
[46/294]	1.150 (2.041)	50.00 (40.96)
[47/294]	1.217 (2.024)	45.00 (41.04)
[48/294]	1.139 (2.006)	50.00 (41.22)
[49/294]	1.085 (1.987)	50.00 (41.40)
[50/294]	0.997 (1.968)	65.00 (41.86)
[51/294]	1.071 (1.951)	50.00 (42.02)
[52/294]	1.688 (1.946)	25.00 (41.70)
[53/294]	1.073 (1.929)	45.00 (41.76)
[54/294]	1.036 (1.913)	45.00 (41.82)
[55/294]	0.855 (1.894)	75.00 (42.41)
[56/294]	1.095 (1.880)	55.00 (42.63)
[57/294]	1.268 (1.870)	50.00 (42.76)
[58/294]	1.157 (1.858)	45.00 (42.80)
[59/294]	1.037 (1.844)	40.00 (42.75)
[60/294]	0.975 (1.830)	45.00 (42.79)
[61/294]	0.962 (1.816)	55.00 (42.98)
[62/294]	0.821 (1.800)	75.00 (43.49)
[63/294]	1.175 (1.790)	40.00 (43.44)
[64/294]	1.162 (1.781)	45.00 (43.46)
[65/294]	1.086 (1.770)	45.00 (43.48)
[66/294]	0.934 (1.758)	65.00 (43.81)
[67/294]	1.101 (1.748)	45.00 (43.82)
[68/294]	0.988 (1.737)	55.00 (43.99)
[69/294]	0.928 (1.725)	60.00 (44.21)
[70/294]	1.032 (1.716)	45.00 (44.23)
[71/294]	0.962 (1.705)	50.00 (44.31)
[72/294]	1.026 (1.696)	30.00 (44.11)
[73/294]	0.918 (1.685)	40.00 (44.05)
[74/294]	0.883 (1.675)	55.00 (44.20)
[75/294]	0.980 (1.665)	40.00 (44.14)
[76/294]	0.889 (1.655)	60.00 (44.35)
[77/294]	0.926 (1.646)	55.00 (44.49)
[78/294]	0.859 (1.636)	60.00 (44.68)
[79/294]	0.919 (1.627)	50.00 (44.75)
[80/294]	0.898 (1.618)	40.00 (44.69)
[81/294]	0.862 (1.609)	45.00 (44.70)
[82/294]	0.799 (1.599)	60.00 (44.88)
[83/294]	0.924 (1.591)	45.00 (44.88)
[84/294]	0.820 (1.582)	60.00 (45.06)
[85/294]	0.829 (1.573)	60.00 (45.23)
[86/294]	0.894 (1.565)	50.00 (45.29)
[87/294]	0.806 (1.557)	60.00 (45.45)
[88/294]	0.871 (1.549)	35.00 (45.34)
[89/294]	0.827 (1.541)	60.00 (45.50)
[90/294]	0.859 (1.534)	35.00 (45.38)
[91/294]	0.825 (1.526)	55.00 (45.49)
[92/294]	0.829 (1.518)	55.00 (45.59)
[93/294]	0.848 (1.511)	40.00 (45.53)
[94/294]	0.823 (1.504)	60.00 (45.68)
[95/294]	0.816 (1.497)	55.00 (45.78)
[96/294]	0.821 (1.490)	50.00 (45.82)
[97/294]	0.808 (1.483)	50.00 (45.87)
[98/294]	0.781 (1.476)	60.00 (46.01)
[99/294]	0.762 (1.469)	60.00 (46.15)
[100/294]	0.785 (1.462)	55.00 (46.24)
[101/294]	0.709 (1.455)	70.00 (46.47)
[102/294]	0.792 (1.448)	55.00 (46.55)
[103/294]	0.770 (1.442)	60.00 (46.68)
[104/294]	0.773 (1.435)	60.00 (46.81)
[105/294]	0.749 (1.429)	60.00 (46.93)
[106/294]	0.910 (1.424)	35.00 (46.82)
[107/294]	0.725 (1.417)	65.00 (46.99)
[108/294]	0.769 (1.411)	60.00 (47.11)
[109/294]	0.769 (1.406)	85.00 (47.45)
[110/294]	0.805 (1.400)	45.00 (47.43)
[111/294]	0.791 (1.395)	40.00 (47.37)
[112/294]	0.772 (1.389)	65.00 (47.52)
[113/294]	0.773 (1.384)	60.00 (47.63)
[114/294]	0.753 (1.378)	60.00 (47.74)
[115/294]	0.814 (1.374)	40.00 (47.67)
[116/294]	0.768 (1.368)	50.00 (47.69)
[117/294]	0.746 (1.363)	65.00 (47.84)
[118/294]	0.809 (1.358)	35.00 (47.73)
[119/294]	0.742 (1.353)	85.00 (48.04)
[120/294]	0.767 (1.348)	65.00 (48.18)
[121/294]	0.722 (1.343)	75.00 (48.40)
[122/294]	0.655 (1.338)	85.00 (48.70)
[123/294]	0.649 (1.332)	70.00 (48.87)
[124/294]	0.837 (1.328)	50.00 (48.88)
[125/294]	0.724 (1.323)	65.00 (49.01)
[126/294]	0.995 (1.321)	40.00 (48.94)
[127/294]	0.758 (1.316)	50.00 (48.95)
[128/294]	0.706 (1.312)	70.00 (49.11)
[129/294]	0.753 (1.307)	60.00 (49.19)
[130/294]	1.026 (1.305)	45.00 (49.16)
[131/294]	0.701 (1.301)	70.00 (49.32)
[132/294]	1.117 (1.299)	35.00 (49.21)
[133/294]	0.775 (1.295)	50.00 (49.22)
[134/294]	0.710 (1.291)	75.00 (49.41)
[135/294]	0.660 (1.286)	85.00 (49.67)
[136/294]	0.856 (1.283)	30.00 (49.53)
[137/294]	0.719 (1.279)	50.00 (49.53)
[138/294]	0.796 (1.276)	45.00 (49.50)
[139/294]	0.668 (1.271)	55.00 (49.54)
[140/294]	0.630 (1.267)	75.00 (49.72)
[141/294]	0.651 (1.262)	85.00 (49.96)
[142/294]	0.651 (1.258)	80.00 (50.17)
[143/294]	0.674 (1.254)	90.00 (50.45)
[144/294]	0.643 (1.250)	85.00 (50.69)
[145/294]	0.598 (1.245)	95.00 (50.99)
[146/294]	0.649 (1.241)	90.00 (51.26)
[147/294]	0.569 (1.237)	85.00 (51.49)
[148/294]	0.591 (1.232)	65.00 (51.58)
[149/294]	0.617 (1.228)	75.00 (51.73)
[150/294]	0.552 (1.224)	80.00 (51.92)
[151/294]	0.508 (1.219)	85.00 (52.14)
[152/294]	0.555 (1.215)	85.00 (52.35)
[153/294]	0.446 (1.210)	95.00 (52.63)
[154/294]	0.513 (1.205)	80.00 (52.81)
[155/294]	0.425 (1.200)	80.00 (52.98)
[156/294]	0.507 (1.196)	80.00 (53.15)
[157/294]	0.395 (1.191)	95.00 (53.42)
[158/294]	0.325 (1.185)	95.00 (53.68)
[159/294]	0.276 (1.180)	90.00 (53.91)
[160/294]	0.474 (1.175)	75.00 (54.04)
[161/294]	0.436 (1.171)	85.00 (54.23)
[162/294]	0.573 (1.167)	70.00 (54.33)
[163/294]	0.237 (1.161)	95.00 (54.57)
[164/294]	0.237 (1.156)	100.00 (54.85)
[165/294]	0.338 (1.151)	90.00 (55.06)
[166/294]	0.856 (1.149)	75.00 (55.18)
[167/294]	0.317 (1.144)	90.00 (55.39)
[168/294]	0.621 (1.141)	65.00 (55.44)
[169/294]	0.509 (1.137)	80.00 (55.59)
[170/294]	0.437 (1.133)	85.00 (55.76)
[171/294]	0.385 (1.129)	85.00 (55.93)
[172/294]	0.521 (1.125)	80.00 (56.07)
[173/294]	0.317 (1.121)	90.00 (56.26)
[174/294]	0.529 (1.117)	75.00 (56.37)
[175/294]	1.039 (1.117)	50.00 (56.34)
[176/294]	0.455 (1.113)	80.00 (56.47)
[177/294]	0.301 (1.109)	95.00 (56.69)
[178/294]	0.363 (1.104)	90.00 (56.87)
[179/294]	0.842 (1.103)	65.00 (56.92)
[180/294]	0.428 (1.099)	90.00 (57.10)
[181/294]	0.427 (1.096)	80.00 (57.23)
[182/294]	0.316 (1.091)	100.00 (57.46)
[183/294]	0.441 (1.088)	95.00 (57.66)
[184/294]	0.324 (1.084)	95.00 (57.86)
[185/294]	0.666 (1.081)	60.00 (57.88)
[186/294]	0.398 (1.078)	95.00 (58.07)
[187/294]	0.249 (1.073)	95.00 (58.27)
[188/294]	0.274 (1.069)	100.00 (58.49)
[189/294]	0.222 (1.065)	100.00 (58.71)
[190/294]	0.199 (1.060)	100.00 (58.93)
[191/294]	0.543 (1.057)	80.00 (59.04)
[192/294]	0.167 (1.053)	100.00 (59.25)
[193/294]	0.253 (1.049)	95.00 (59.43)
[194/294]	0.176 (1.044)	95.00 (59.62)
[195/294]	0.258 (1.040)	95.00 (59.80)
[196/294]	0.221 (1.036)	100.00 (60.00)
[197/294]	0.187 (1.032)	100.00 (60.20)
[198/294]	0.360 (1.028)	95.00 (60.38)
[199/294]	0.185 (1.024)	100.00 (60.58)
[200/294]	0.108 (1.020)	100.00 (60.77)
[201/294]	0.096 (1.015)	100.00 (60.97)
[202/294]	0.274 (1.011)	90.00 (61.11)
[203/294]	0.355 (1.008)	95.00 (61.27)
[204/294]	0.843 (1.007)	70.00 (61.32)
[205/294]	0.265 (1.004)	90.00 (61.46)
[206/294]	0.433 (1.001)	85.00 (61.57)
[207/294]	0.672 (0.999)	60.00 (61.56)
[208/294]	0.204 (0.996)	95.00 (61.72)
[209/294]	0.153 (0.992)	100.00 (61.90)
[210/294]	0.120 (0.987)	100.00 (62.09)
[211/294]	0.108 (0.983)	100.00 (62.26)
[212/294]	0.403 (0.981)	80.00 (62.35)
[213/294]	0.607 (0.979)	80.00 (62.43)
[214/294]	0.146 (0.975)	100.00 (62.60)
[215/294]	0.327 (0.972)	90.00 (62.73)
[216/294]	0.255 (0.969)	95.00 (62.88)
[217/294]	0.311 (0.966)	95.00 (63.03)
[218/294]	0.250 (0.962)	100.00 (63.20)
[219/294]	0.386 (0.960)	80.00 (63.27)
[220/294]	0.260 (0.957)	95.00 (63.42)
[221/294]	0.246 (0.953)	85.00 (63.51)
[222/294]	0.156 (0.950)	100.00 (63.68)
[223/294]	0.129 (0.946)	100.00 (63.84)
[224/294]	0.110 (0.942)	100.00 (64.00)
[225/294]	0.183 (0.939)	95.00 (64.14)
[226/294]	0.127 (0.936)	100.00 (64.30)
[227/294]	0.446 (0.933)	85.00 (64.39)
[228/294]	0.132 (0.930)	100.00 (64.54)
[229/294]	0.136 (0.926)	100.00 (64.70)
[230/294]	0.118 (0.923)	100.00 (64.85)
[231/294]	0.157 (0.920)	100.00 (65.00)
[232/294]	0.141 (0.916)	100.00 (65.15)
[233/294]	0.175 (0.913)	100.00 (65.30)
[234/294]	0.142 (0.910)	100.00 (65.45)
[235/294]	0.121 (0.907)	100.00 (65.59)
[236/294]	0.160 (0.903)	100.00 (65.74)
[237/294]	0.282 (0.901)	95.00 (65.86)
[238/294]	0.134 (0.898)	95.00 (65.98)
[239/294]	0.086 (0.894)	100.00 (66.12)
[240/294]	0.216 (0.891)	90.00 (66.22)
[241/294]	0.260 (0.889)	90.00 (66.32)
[242/294]	0.168 (0.886)	95.00 (66.44)
[243/294]	0.091 (0.883)	100.00 (66.58)
[244/294]	0.119 (0.879)	100.00 (66.71)
[245/294]	0.229 (0.877)	90.00 (66.81)
[246/294]	0.114 (0.874)	100.00 (66.94)
[247/294]	0.120 (0.871)	100.00 (67.08)
[248/294]	0.163 (0.868)	95.00 (67.19)
[249/294]	0.084 (0.865)	100.00 (67.32)
[250/294]	0.431 (0.863)	85.00 (67.39)
[251/294]	0.277 (0.861)	90.00 (67.48)
[252/294]	0.145 (0.858)	100.00 (67.61)
[253/294]	0.210 (0.855)	95.00 (67.72)
[254/294]	0.322 (0.853)	95.00 (67.82)
[255/294]	0.175 (0.850)	95.00 (67.93)
[256/294]	0.109 (0.848)	100.00 (68.05)
[257/294]	0.167 (0.845)	95.00 (68.16)
[258/294]	0.234 (0.843)	95.00 (68.26)
[259/294]	0.089 (0.840)	100.00 (68.38)
[260/294]	0.084 (0.837)	100.00 (68.51)
[261/294]	0.200 (0.834)	95.00 (68.61)
[262/294]	0.109 (0.832)	100.00 (68.73)
[263/294]	0.121 (0.829)	100.00 (68.84)
[264/294]	0.291 (0.827)	90.00 (68.92)
[265/294]	0.153 (0.824)	95.00 (69.02)
[266/294]	0.109 (0.822)	100.00 (69.14)
[267/294]	0.364 (0.820)	90.00 (69.22)
[268/294]	0.123 (0.817)	95.00 (69.31)
[269/294]	0.209 (0.815)	95.00 (69.41)
[270/294]	0.085 (0.812)	100.00 (69.52)
[271/294]	0.312 (0.811)	95.00 (69.61)
[272/294]	0.094 (0.808)	100.00 (69.73)
[273/294]	0.189 (0.806)	95.00 (69.82)
[274/294]	0.100 (0.803)	100.00 (69.93)
[275/294]	0.197 (0.801)	95.00 (70.02)
[276/294]	0.143 (0.799)	100.00 (70.13)
[277/294]	0.125 (0.796)	100.00 (70.23)
[278/294]	0.160 (0.794)	95.00 (70.32)
[279/294]	0.137 (0.792)	100.00 (70.43)
[280/294]	0.202 (0.789)	95.00 (70.52)
[281/294]	0.160 (0.787)	95.00 (70.60)
[282/294]	0.094 (0.785)	100.00 (70.71)
[283/294]	0.078 (0.782)	100.00 (70.81)
[284/294]	0.148 (0.780)	100.00 (70.91)
[285/294]	0.098 (0.778)	100.00 (71.01)
[286/294]	0.487 (0.777)	95.00 (71.10)
[287/294]	0.089 (0.774)	100.00 (71.20)
[288/294]	0.083 (0.772)	100.00 (71.30)
[289/294]	0.111 (0.770)	100.00 (71.40)
[290/294]	0.081 (0.767)	100.00 (71.49)
[291/294]	0.141 (0.765)	95.00 (71.58)
[292/294]	0.075 (0.763)	100.00 (71.67)
[293/294]	0.181 (0.761)	95.00 (71.75)
 * Train Acc: 71.752
 * Avg. Data time: 0.009, Avg. Batch time: 0.066, Avg. Forward time: 0.004, Avg. Backward time: 0.046
Computing SI
 * Val Acc: 25.078, Time: 4.93
 * Test Acc: 24.573, Time: 11.55
=============Training Task 4=============
Active output nodes for this task: 
[0, 1, 2, 3, 4, 5, 6, 7, 8, 9]
=============Training Epoch 0=============
#reg terms:  1
Batch	 Loss		 Acc
[0/294]	17.132 (17.132)	0.00 (0.00)
[1/294]	4.367 (10.750)	0.00 (0.00)
[2/294]	4.604 (8.701)	0.00 (0.00)
[3/294]	4.559 (7.666)	0.00 (0.00)
[4/294]	5.032 (7.139)	0.00 (0.00)
[5/294]	5.496 (6.865)	0.00 (0.00)
[6/294]	5.534 (6.675)	0.00 (0.00)
[7/294]	5.951 (6.584)	0.00 (0.00)
[8/294]	6.192 (6.541)	0.00 (0.00)
[9/294]	6.110 (6.498)	5.00 (0.50)
[10/294]	6.126 (6.464)	25.00 (2.73)
[11/294]	6.090 (6.433)	45.00 (6.25)
[12/294]	5.688 (6.375)	55.00 (10.00)
[13/294]	5.267 (6.296)	30.00 (11.43)
[14/294]	4.400 (6.170)	65.00 (15.00)
[15/294]	4.058 (6.038)	60.00 (17.81)
[16/294]	3.681 (5.899)	55.00 (20.00)
[17/294]	4.533 (5.823)	55.00 (21.94)
[18/294]	3.219 (5.686)	55.00 (23.68)
[19/294]	6.662 (5.735)	45.00 (24.75)
[20/294]	2.880 (5.599)	40.00 (25.48)
[21/294]	3.468 (5.502)	50.00 (26.59)
[22/294]	2.841 (5.387)	65.00 (28.26)
[23/294]	3.082 (5.290)	45.00 (28.96)
[24/294]	2.734 (5.188)	40.00 (29.40)
[25/294]	2.693 (5.092)	35.00 (29.62)
[26/294]	2.535 (4.998)	75.00 (31.30)
[27/294]	2.344 (4.903)	60.00 (32.32)
[28/294]	2.160 (4.808)	50.00 (32.93)
[29/294]	1.920 (4.712)	70.00 (34.17)
[30/294]	1.824 (4.619)	55.00 (34.84)
[31/294]	1.672 (4.527)	60.00 (35.62)
[32/294]	1.641 (4.439)	55.00 (36.21)
[33/294]	1.656 (4.357)	45.00 (36.47)
[34/294]	1.562 (4.278)	60.00 (37.14)
[35/294]	1.387 (4.197)	85.00 (38.47)
[36/294]	1.473 (4.124)	65.00 (39.19)
[37/294]	1.647 (4.058)	45.00 (39.34)
[38/294]	1.568 (3.995)	60.00 (39.87)
[39/294]	1.312 (3.927)	70.00 (40.62)
[40/294]	1.703 (3.873)	45.00 (40.73)
[41/294]	2.202 (3.833)	40.00 (40.71)
[42/294]	1.283 (3.774)	60.00 (41.16)
[43/294]	1.324 (3.718)	65.00 (41.70)
[44/294]	1.254 (3.664)	70.00 (42.33)
[45/294]	1.461 (3.616)	55.00 (42.61)
[46/294]	1.177 (3.564)	65.00 (43.09)
[47/294]	1.206 (3.515)	60.00 (43.44)
[48/294]	1.097 (3.465)	70.00 (43.98)
[49/294]	1.088 (3.418)	60.00 (44.30)
[50/294]	1.463 (3.380)	50.00 (44.41)
[51/294]	0.955 (3.333)	80.00 (45.10)
[52/294]	1.328 (3.295)	55.00 (45.28)
[53/294]	0.918 (3.251)	85.00 (46.02)
[54/294]	1.006 (3.210)	80.00 (46.64)
[55/294]	1.024 (3.171)	75.00 (47.14)
[56/294]	1.009 (3.133)	65.00 (47.46)
[57/294]	0.894 (3.095)	65.00 (47.76)
[58/294]	1.016 (3.059)	55.00 (47.88)
[59/294]	0.876 (3.023)	85.00 (48.50)
[60/294]	0.889 (2.988)	65.00 (48.77)
[61/294]	0.751 (2.952)	85.00 (49.35)
[62/294]	0.711 (2.916)	85.00 (49.92)
[63/294]	0.796 (2.883)	90.00 (50.55)
[64/294]	0.814 (2.851)	80.00 (51.00)
[65/294]	0.791 (2.820)	80.00 (51.44)
[66/294]	0.791 (2.790)	85.00 (51.94)
[67/294]	0.795 (2.761)	85.00 (52.43)
[68/294]	0.730 (2.731)	80.00 (52.83)
[69/294]	0.923 (2.705)	60.00 (52.93)
[70/294]	0.754 (2.678)	80.00 (53.31)
[71/294]	0.519 (2.648)	90.00 (53.82)
[72/294]	2.294 (2.643)	45.00 (53.70)
[73/294]	0.769 (2.618)	75.00 (53.99)
[74/294]	1.074 (2.597)	65.00 (54.13)
[75/294]	1.083 (2.577)	50.00 (54.08)
[76/294]	0.943 (2.556)	60.00 (54.16)
[77/294]	0.924 (2.535)	55.00 (54.17)
[78/294]	0.830 (2.513)	75.00 (54.43)
[79/294]	0.900 (2.493)	80.00 (54.75)
[80/294]	0.841 (2.473)	80.00 (55.06)
[81/294]	0.955 (2.454)	45.00 (54.94)
[82/294]	0.835 (2.435)	60.00 (55.00)
[83/294]	1.044 (2.418)	45.00 (54.88)
[84/294]	0.930 (2.401)	60.00 (54.94)
[85/294]	0.761 (2.382)	60.00 (55.00)
[86/294]	0.856 (2.364)	50.00 (54.94)
[87/294]	0.649 (2.345)	65.00 (55.06)
[88/294]	0.607 (2.325)	85.00 (55.39)
[89/294]	0.640 (2.306)	80.00 (55.67)
[90/294]	0.611 (2.288)	80.00 (55.93)
[91/294]	0.470 (2.268)	90.00 (56.30)
[92/294]	0.648 (2.251)	75.00 (56.51)
[93/294]	0.501 (2.232)	90.00 (56.86)
[94/294]	0.707 (2.216)	75.00 (57.05)
[95/294]	0.360 (2.197)	95.00 (57.45)
[96/294]	0.575 (2.180)	85.00 (57.73)
[97/294]	0.565 (2.163)	85.00 (58.01)
[98/294]	0.482 (2.146)	90.00 (58.33)
[99/294]	0.578 (2.131)	90.00 (58.65)
[100/294]	0.465 (2.114)	90.00 (58.96)
[101/294]	0.266 (2.096)	100.00 (59.36)
[102/294]	0.598 (2.082)	85.00 (59.61)
[103/294]	0.493 (2.066)	90.00 (59.90)
[104/294]	0.353 (2.050)	95.00 (60.24)
[105/294]	0.396 (2.034)	85.00 (60.47)
[106/294]	0.340 (2.019)	100.00 (60.84)
[107/294]	0.410 (2.004)	95.00 (61.16)
[108/294]	0.416 (1.989)	90.00 (61.42)
[109/294]	0.291 (1.974)	100.00 (61.77)
[110/294]	0.573 (1.961)	85.00 (61.98)
[111/294]	0.521 (1.948)	90.00 (62.23)
[112/294]	0.586 (1.936)	90.00 (62.48)
[113/294]	0.324 (1.922)	95.00 (62.76)
[114/294]	0.741 (1.912)	80.00 (62.91)
[115/294]	0.298 (1.898)	100.00 (63.23)
[116/294]	0.371 (1.885)	95.00 (63.50)
[117/294]	0.416 (1.872)	85.00 (63.69)
[118/294]	0.491 (1.861)	80.00 (63.82)
[119/294]	0.385 (1.848)	90.00 (64.04)
[120/294]	0.350 (1.836)	90.00 (64.26)
[121/294]	0.628 (1.826)	90.00 (64.47)
[122/294]	0.311 (1.814)	95.00 (64.72)
[123/294]	0.254 (1.801)	100.00 (65.00)
[124/294]	0.530 (1.791)	80.00 (65.12)
[125/294]	0.268 (1.779)	100.00 (65.40)
[126/294]	0.319 (1.767)	95.00 (65.63)
[127/294]	0.258 (1.756)	100.00 (65.90)
[128/294]	0.243 (1.744)	95.00 (66.12)
[129/294]	0.303 (1.733)	90.00 (66.31)
[130/294]	0.484 (1.723)	85.00 (66.45)
[131/294]	0.387 (1.713)	90.00 (66.63)
[132/294]	0.250 (1.702)	100.00 (66.88)
[133/294]	0.278 (1.692)	95.00 (67.09)
[134/294]	0.404 (1.682)	90.00 (67.26)
[135/294]	0.432 (1.673)	80.00 (67.35)
[136/294]	0.326 (1.663)	90.00 (67.52)
[137/294]	0.328 (1.653)	95.00 (67.72)
[138/294]	0.370 (1.644)	95.00 (67.91)
[139/294]	0.592 (1.637)	75.00 (67.96)
[140/294]	0.488 (1.628)	85.00 (68.09)
[141/294]	0.233 (1.619)	95.00 (68.27)
[142/294]	0.387 (1.610)	85.00 (68.39)
[143/294]	1.323 (1.608)	60.00 (68.33)
[144/294]	0.269 (1.599)	95.00 (68.52)
[145/294]	0.568 (1.592)	90.00 (68.66)
[146/294]	0.386 (1.584)	90.00 (68.81)
[147/294]	0.358 (1.575)	90.00 (68.95)
[148/294]	0.295 (1.567)	95.00 (69.13)
[149/294]	0.212 (1.558)	100.00 (69.33)
[150/294]	0.268 (1.549)	95.00 (69.50)
[151/294]	0.205 (1.540)	100.00 (69.70)
[152/294]	0.274 (1.532)	95.00 (69.87)
[153/294]	0.216 (1.523)	100.00 (70.06)
[154/294]	0.282 (1.515)	85.00 (70.16)
[155/294]	0.195 (1.507)	100.00 (70.35)
[156/294]	0.241 (1.499)	95.00 (70.51)
[157/294]	0.234 (1.491)	100.00 (70.70)
[158/294]	0.179 (1.483)	100.00 (70.88)
[159/294]	0.165 (1.474)	100.00 (71.06)
[160/294]	0.371 (1.468)	90.00 (71.18)
[161/294]	0.304 (1.460)	95.00 (71.33)
[162/294]	0.262 (1.453)	95.00 (71.47)
[163/294]	0.253 (1.446)	90.00 (71.59)
[164/294]	0.210 (1.438)	95.00 (71.73)
[165/294]	0.251 (1.431)	95.00 (71.87)
[166/294]	0.267 (1.424)	95.00 (72.01)
[167/294]	0.333 (1.418)	95.00 (72.14)
[168/294]	0.148 (1.410)	100.00 (72.31)
[169/294]	0.524 (1.405)	90.00 (72.41)
[170/294]	0.237 (1.398)	95.00 (72.54)
[171/294]	0.246 (1.391)	90.00 (72.65)
[172/294]	0.162 (1.384)	100.00 (72.80)
[173/294]	0.411 (1.379)	90.00 (72.90)
[174/294]	0.178 (1.372)	100.00 (73.06)
[175/294]	0.167 (1.365)	100.00 (73.21)
[176/294]	0.204 (1.358)	95.00 (73.33)
[177/294]	0.408 (1.353)	85.00 (73.40)
[178/294]	0.187 (1.347)	100.00 (73.55)
[179/294]	0.138 (1.340)	100.00 (73.69)
[180/294]	0.214 (1.334)	95.00 (73.81)
[181/294]	0.153 (1.327)	100.00 (73.96)
[182/294]	0.258 (1.321)	90.00 (74.04)
[183/294]	0.187 (1.315)	100.00 (74.18)
[184/294]	0.216 (1.309)	100.00 (74.32)
[185/294]	0.359 (1.304)	85.00 (74.38)
[186/294]	0.207 (1.298)	95.00 (74.49)
[187/294]	0.173 (1.292)	100.00 (74.63)
[188/294]	0.316 (1.287)	90.00 (74.71)
[189/294]	0.244 (1.282)	95.00 (74.82)
[190/294]	0.221 (1.276)	90.00 (74.90)
[191/294]	0.368 (1.271)	95.00 (75.00)
[192/294]	0.131 (1.265)	100.00 (75.13)
[193/294]	0.220 (1.260)	95.00 (75.23)
[194/294]	0.127 (1.254)	100.00 (75.36)
[195/294]	0.177 (1.249)	100.00 (75.48)
[196/294]	0.128 (1.243)	100.00 (75.61)
[197/294]	0.349 (1.238)	85.00 (75.66)
[198/294]	0.127 (1.233)	100.00 (75.78)
[199/294]	0.221 (1.228)	95.00 (75.88)
[200/294]	0.257 (1.223)	90.00 (75.95)
[201/294]	0.414 (1.219)	90.00 (76.01)
[202/294]	0.196 (1.214)	100.00 (76.13)
[203/294]	0.202 (1.209)	95.00 (76.23)
[204/294]	0.342 (1.205)	85.00 (76.27)
[205/294]	0.250 (1.200)	90.00 (76.33)
[206/294]	0.425 (1.196)	80.00 (76.35)
[207/294]	0.140 (1.191)	100.00 (76.47)
[208/294]	0.355 (1.187)	90.00 (76.53)
[209/294]	0.281 (1.183)	95.00 (76.62)
[210/294]	0.216 (1.178)	95.00 (76.71)
[211/294]	0.209 (1.174)	95.00 (76.79)
[212/294]	0.337 (1.170)	85.00 (76.83)
[213/294]	0.320 (1.166)	95.00 (76.92)
[214/294]	0.122 (1.161)	100.00 (77.02)
[215/294]	0.249 (1.157)	95.00 (77.11)
[216/294]	0.175 (1.152)	100.00 (77.21)
[217/294]	0.149 (1.148)	100.00 (77.32)
[218/294]	0.167 (1.143)	100.00 (77.42)
[219/294]	0.637 (1.141)	90.00 (77.48)
[220/294]	0.205 (1.137)	95.00 (77.56)
[221/294]	0.238 (1.133)	90.00 (77.61)
[222/294]	0.210 (1.129)	95.00 (77.69)
[223/294]	0.138 (1.124)	100.00 (77.79)
[224/294]	0.197 (1.120)	95.00 (77.87)
[225/294]	0.291 (1.116)	95.00 (77.94)
[226/294]	0.148 (1.112)	95.00 (78.02)
[227/294]	0.172 (1.108)	95.00 (78.09)
[228/294]	0.116 (1.104)	100.00 (78.19)
[229/294]	0.139 (1.099)	100.00 (78.28)
[230/294]	0.236 (1.096)	95.00 (78.35)
[231/294]	0.154 (1.092)	100.00 (78.45)
[232/294]	0.269 (1.088)	95.00 (78.52)
[233/294]	0.335 (1.085)	90.00 (78.57)
[234/294]	0.284 (1.081)	90.00 (78.62)
[235/294]	0.337 (1.078)	85.00 (78.64)
[236/294]	0.220 (1.075)	95.00 (78.71)
[237/294]	0.133 (1.071)	100.00 (78.80)
[238/294]	0.132 (1.067)	100.00 (78.89)
[239/294]	0.312 (1.064)	85.00 (78.92)
[240/294]	0.232 (1.060)	90.00 (78.96)
[241/294]	0.250 (1.057)	95.00 (79.03)
[242/294]	0.177 (1.053)	100.00 (79.12)
[243/294]	0.119 (1.049)	100.00 (79.20)
[244/294]	0.229 (1.046)	95.00 (79.27)
[245/294]	0.282 (1.043)	95.00 (79.33)
[246/294]	0.575 (1.041)	85.00 (79.35)
[247/294]	0.192 (1.038)	100.00 (79.44)
[248/294]	0.152 (1.034)	100.00 (79.52)
[249/294]	0.462 (1.032)	95.00 (79.58)
[250/294]	0.184 (1.028)	100.00 (79.66)
[251/294]	0.183 (1.025)	95.00 (79.72)
[252/294]	0.340 (1.022)	95.00 (79.78)
[253/294]	0.194 (1.019)	95.00 (79.84)
[254/294]	0.118 (1.016)	100.00 (79.92)
[255/294]	0.276 (1.013)	95.00 (79.98)
[256/294]	0.318 (1.010)	90.00 (80.02)
[257/294]	0.134 (1.007)	100.00 (80.10)
[258/294]	0.304 (1.004)	90.00 (80.14)
[259/294]	0.126 (1.000)	100.00 (80.21)
[260/294]	0.131 (0.997)	100.00 (80.29)
[261/294]	0.126 (0.994)	100.00 (80.36)
[262/294]	0.153 (0.991)	100.00 (80.44)
[263/294]	0.155 (0.987)	95.00 (80.49)
[264/294]	0.162 (0.984)	100.00 (80.57)
[265/294]	0.120 (0.981)	100.00 (80.64)
[266/294]	0.110 (0.978)	100.00 (80.71)
[267/294]	0.282 (0.975)	90.00 (80.75)
[268/294]	0.140 (0.972)	100.00 (80.82)
[269/294]	0.145 (0.969)	100.00 (80.89)
[270/294]	0.180 (0.966)	95.00 (80.94)
[271/294]	0.199 (0.963)	95.00 (80.99)
[272/294]	0.124 (0.960)	100.00 (81.06)
[273/294]	0.121 (0.957)	100.00 (81.13)
[274/294]	0.179 (0.954)	95.00 (81.18)
[275/294]	0.165 (0.951)	100.00 (81.25)
[276/294]	0.437 (0.950)	95.00 (81.30)
[277/294]	0.145 (0.947)	95.00 (81.35)
[278/294]	0.093 (0.944)	100.00 (81.42)
[279/294]	0.105 (0.941)	100.00 (81.48)
[280/294]	0.178 (0.938)	95.00 (81.53)
[281/294]	0.139 (0.935)	95.00 (81.58)
[282/294]	0.120 (0.932)	100.00 (81.64)
[283/294]	0.192 (0.930)	95.00 (81.69)
[284/294]	0.092 (0.927)	100.00 (81.75)
[285/294]	0.137 (0.924)	100.00 (81.82)
[286/294]	0.102 (0.921)	100.00 (81.88)
[287/294]	0.393 (0.919)	85.00 (81.89)
[288/294]	0.097 (0.916)	100.00 (81.96)
[289/294]	0.108 (0.914)	100.00 (82.02)
[290/294]	0.239 (0.911)	95.00 (82.06)
[291/294]	0.176 (0.909)	95.00 (82.11)
[292/294]	0.374 (0.907)	95.00 (82.15)
[293/294]	0.099 (0.904)	100.00 (82.21)
 * Train Acc: 82.211
 * Avg. Data time: 0.004, Avg. Batch time: 0.064, Avg. Forward time: 0.004, Avg. Backward time: 0.051
Computing SI
 * Val Acc: 18.874, Time: 4.39
 * Test Acc: 19.781, Time: 13.80
=============Training Task 5=============
Active output nodes for this task: 
[0, 1, 2, 3, 4, 5, 6, 7, 8, 9, 10, 11]
=============Training Epoch 0=============
#reg terms:  1
Batch	 Loss		 Acc
