=============Stream Learning Run 0=============
Changing output layer to contain 12 classes
============BEGINNING STREAM LEARNING============
=============Training Task 0=============
Active output nodes for this task: 
[0, 1]
=============Training Epoch 0=============
#reg terms:  0
Batch	 Loss		 Acc
[0/294]	1.884 (1.884)	45.00 (45.00)
[1/294]	1.157 (1.520)	40.00 (42.50)
[2/294]	0.950 (1.330)	50.00 (45.00)
[3/294]	0.705 (1.174)	60.00 (48.75)
[4/294]	0.991 (1.137)	50.00 (49.00)
[5/294]	0.953 (1.107)	50.00 (49.17)
[6/294]	1.076 (1.102)	50.00 (49.29)
[7/294]	0.614 (1.041)	60.00 (50.62)
[8/294]	0.465 (0.977)	90.00 (55.00)
[9/294]	0.459 (0.925)	85.00 (58.00)
[10/294]	0.534 (0.890)	75.00 (59.55)
[11/294]	0.778 (0.881)	50.00 (58.75)
[12/294]	0.678 (0.865)	60.00 (58.85)
[13/294]	0.715 (0.854)	55.00 (58.57)
[14/294]	0.417 (0.825)	90.00 (60.67)
[15/294]	0.494 (0.804)	70.00 (61.25)
[16/294]	0.510 (0.787)	90.00 (62.94)
[17/294]	0.593 (0.776)	75.00 (63.61)
[18/294]	0.400 (0.757)	90.00 (65.00)
[19/294]	0.468 (0.742)	75.00 (65.50)
[20/294]	0.583 (0.735)	75.00 (65.95)
[21/294]	0.495 (0.724)	75.00 (66.36)
[22/294]	0.486 (0.713)	80.00 (66.96)
[23/294]	0.439 (0.702)	90.00 (67.92)
[24/294]	0.572 (0.697)	80.00 (68.40)
[25/294]	0.592 (0.693)	80.00 (68.85)
[26/294]	0.691 (0.693)	50.00 (68.15)
[27/294]	0.511 (0.686)	55.00 (67.68)
[28/294]	0.108 (0.666)	100.00 (68.79)
[29/294]	0.291 (0.654)	90.00 (69.50)
[30/294]	0.397 (0.645)	90.00 (70.16)
[31/294]	0.560 (0.643)	65.00 (70.00)
[32/294]	0.372 (0.635)	70.00 (70.00)
[33/294]	0.349 (0.626)	80.00 (70.29)
[34/294]	0.642 (0.627)	60.00 (70.00)
[35/294]	0.195 (0.615)	100.00 (70.83)
[36/294]	0.349 (0.607)	85.00 (71.22)
[37/294]	0.330 (0.600)	95.00 (71.84)
[38/294]	0.432 (0.596)	90.00 (72.31)
[39/294]	0.425 (0.592)	90.00 (72.75)
[40/294]	0.287 (0.584)	100.00 (73.41)
[41/294]	0.246 (0.576)	100.00 (74.05)
[42/294]	0.353 (0.571)	90.00 (74.42)
[43/294]	0.238 (0.563)	90.00 (74.77)
[44/294]	0.258 (0.556)	90.00 (75.11)
[45/294]	0.144 (0.548)	100.00 (75.65)
[46/294]	0.409 (0.545)	85.00 (75.85)
[47/294]	0.315 (0.540)	95.00 (76.25)
[48/294]	0.191 (0.533)	100.00 (76.73)
[49/294]	0.122 (0.524)	100.00 (77.20)
[50/294]	0.086 (0.516)	100.00 (77.65)
[51/294]	0.062 (0.507)	100.00 (78.08)
[52/294]	0.225 (0.502)	90.00 (78.30)
[53/294]	0.239 (0.497)	100.00 (78.70)
[54/294]	0.085 (0.489)	100.00 (79.09)
[55/294]	0.171 (0.484)	95.00 (79.38)
[56/294]	0.068 (0.476)	100.00 (79.74)
[57/294]	0.037 (0.469)	100.00 (80.09)
[58/294]	0.049 (0.462)	100.00 (80.42)
[59/294]	0.004 (0.454)	100.00 (80.75)
[60/294]	0.020 (0.447)	100.00 (81.07)
[61/294]	0.026 (0.440)	100.00 (81.37)
[62/294]	0.129 (0.435)	100.00 (81.67)
[63/294]	0.188 (0.431)	90.00 (81.80)
[64/294]	0.103 (0.426)	100.00 (82.08)
[65/294]	0.085 (0.421)	100.00 (82.35)
[66/294]	0.435 (0.421)	80.00 (82.31)
[67/294]	0.800 (0.427)	55.00 (81.91)
[68/294]	0.742 (0.432)	60.00 (81.59)
[69/294]	0.763 (0.436)	65.00 (81.36)
[70/294]	0.482 (0.437)	75.00 (81.27)
[71/294]	0.196 (0.434)	90.00 (81.39)
[72/294]	0.199 (0.430)	95.00 (81.58)
[73/294]	0.044 (0.425)	100.00 (81.82)
[74/294]	0.061 (0.420)	100.00 (82.07)
[75/294]	0.177 (0.417)	95.00 (82.24)
[76/294]	0.272 (0.415)	85.00 (82.27)
[77/294]	0.103 (0.411)	95.00 (82.44)
[78/294]	0.179 (0.408)	90.00 (82.53)
[79/294]	0.106 (0.404)	95.00 (82.69)
[80/294]	0.164 (0.402)	95.00 (82.84)
[81/294]	0.187 (0.399)	90.00 (82.93)
[82/294]	0.365 (0.398)	80.00 (82.89)
[83/294]	0.412 (0.399)	75.00 (82.80)
[84/294]	0.655 (0.402)	75.00 (82.71)
[85/294]	0.244 (0.400)	90.00 (82.79)
[86/294]	0.171 (0.397)	95.00 (82.93)
[87/294]	0.255 (0.396)	90.00 (83.01)
[88/294]	0.217 (0.394)	90.00 (83.09)
[89/294]	0.142 (0.391)	100.00 (83.28)
[90/294]	0.021 (0.387)	100.00 (83.46)
[91/294]	0.512 (0.388)	70.00 (83.32)
[92/294]	0.058 (0.385)	100.00 (83.49)
[93/294]	0.268 (0.383)	90.00 (83.56)
[94/294]	0.227 (0.382)	85.00 (83.58)
[95/294]	0.065 (0.378)	100.00 (83.75)
[96/294]	0.097 (0.375)	95.00 (83.87)
[97/294]	0.046 (0.372)	100.00 (84.03)
[98/294]	0.037 (0.369)	100.00 (84.19)
[99/294]	0.282 (0.368)	90.00 (84.25)
[100/294]	0.326 (0.367)	85.00 (84.26)
[101/294]	0.048 (0.364)	100.00 (84.41)
[102/294]	0.113 (0.362)	100.00 (84.56)
[103/294]	0.421 (0.362)	90.00 (84.62)
[104/294]	0.355 (0.362)	85.00 (84.62)
[105/294]	0.001 (0.359)	100.00 (84.76)
[106/294]	0.003 (0.356)	100.00 (84.91)
[107/294]	0.008 (0.352)	100.00 (85.05)
[108/294]	0.007 (0.349)	100.00 (85.18)
[109/294]	0.159 (0.348)	95.00 (85.27)
[110/294]	0.344 (0.347)	80.00 (85.23)
[111/294]	0.199 (0.346)	95.00 (85.31)
[112/294]	0.099 (0.344)	95.00 (85.40)
[113/294]	0.310 (0.344)	90.00 (85.44)
[114/294]	0.344 (0.344)	90.00 (85.48)
[115/294]	0.175 (0.342)	95.00 (85.56)
[116/294]	0.587 (0.344)	60.00 (85.34)
[117/294]	0.666 (0.347)	75.00 (85.25)
[118/294]	1.201 (0.354)	55.00 (85.00)
[119/294]	0.455 (0.355)	75.00 (84.92)
[120/294]	0.057 (0.353)	100.00 (85.04)
[121/294]	0.025 (0.350)	100.00 (85.16)
[122/294]	0.222 (0.349)	90.00 (85.20)
[123/294]	0.988 (0.354)	75.00 (85.12)
[124/294]	0.992 (0.359)	65.00 (84.96)
[125/294]	0.125 (0.357)	95.00 (85.04)
[126/294]	1.289 (0.365)	55.00 (84.80)
[127/294]	0.399 (0.365)	80.00 (84.77)
[128/294]	0.139 (0.363)	100.00 (84.88)
[129/294]	0.068 (0.361)	100.00 (85.00)
[130/294]	0.202 (0.360)	90.00 (85.04)
[131/294]	0.076 (0.357)	100.00 (85.15)
[132/294]	0.195 (0.356)	100.00 (85.26)
[133/294]	0.092 (0.354)	100.00 (85.37)
[134/294]	0.168 (0.353)	100.00 (85.48)
[135/294]	0.232 (0.352)	100.00 (85.59)
[136/294]	0.096 (0.350)	100.00 (85.69)
[137/294]	0.052 (0.348)	100.00 (85.80)
[138/294]	0.099 (0.346)	95.00 (85.86)
[139/294]	0.161 (0.345)	100.00 (85.96)
[140/294]	0.127 (0.343)	100.00 (86.06)
[141/294]	0.215 (0.342)	100.00 (86.16)
[142/294]	0.294 (0.342)	90.00 (86.19)
[143/294]	0.098 (0.340)	100.00 (86.28)
[144/294]	0.153 (0.339)	100.00 (86.38)
[145/294]	0.304 (0.339)	80.00 (86.34)
[146/294]	0.205 (0.338)	90.00 (86.36)
[147/294]	0.184 (0.337)	90.00 (86.39)
[148/294]	0.307 (0.337)	80.00 (86.34)
[149/294]	0.107 (0.335)	95.00 (86.40)
[150/294]	0.123 (0.334)	100.00 (86.49)
[151/294]	0.150 (0.333)	100.00 (86.58)
[152/294]	0.238 (0.332)	90.00 (86.60)
[153/294]	0.172 (0.331)	95.00 (86.66)
[154/294]	0.259 (0.330)	95.00 (86.71)
[155/294]	0.135 (0.329)	95.00 (86.76)
[156/294]	0.124 (0.328)	95.00 (86.82)
[157/294]	0.332 (0.328)	85.00 (86.80)
[158/294]	0.342 (0.328)	90.00 (86.82)
[159/294]	0.273 (0.328)	95.00 (86.88)
[160/294]	0.179 (0.327)	95.00 (86.93)
[161/294]	0.188 (0.326)	100.00 (87.01)
[162/294]	0.150 (0.325)	100.00 (87.09)
[163/294]	0.225 (0.324)	85.00 (87.07)
[164/294]	0.004 (0.322)	100.00 (87.15)
[165/294]	0.107 (0.321)	95.00 (87.20)
[166/294]	0.210 (0.320)	85.00 (87.19)
[167/294]	0.099 (0.319)	100.00 (87.26)
[168/294]	0.115 (0.318)	100.00 (87.34)
[169/294]	0.050 (0.316)	100.00 (87.41)
[170/294]	0.059 (0.315)	100.00 (87.49)
[171/294]	0.062 (0.313)	100.00 (87.56)
[172/294]	0.007 (0.311)	100.00 (87.63)
[173/294]	0.040 (0.310)	100.00 (87.70)
[174/294]	0.025 (0.308)	100.00 (87.77)
[175/294]	0.044 (0.307)	100.00 (87.84)
[176/294]	0.052 (0.305)	95.00 (87.88)
[177/294]	0.009 (0.304)	100.00 (87.95)
[178/294]	0.175 (0.303)	90.00 (87.96)
[179/294]	0.047 (0.302)	100.00 (88.03)
[180/294]	0.365 (0.302)	85.00 (88.01)
[181/294]	0.091 (0.301)	95.00 (88.05)
[182/294]	0.002 (0.299)	100.00 (88.11)
[183/294]	0.009 (0.298)	100.00 (88.18)
[184/294]	0.027 (0.296)	100.00 (88.24)
[185/294]	0.316 (0.296)	90.00 (88.25)
[186/294]	0.070 (0.295)	100.00 (88.32)
[187/294]	0.029 (0.294)	100.00 (88.38)
[188/294]	0.528 (0.295)	75.00 (88.31)
[189/294]	0.880 (0.298)	60.00 (88.16)
[190/294]	0.345 (0.298)	95.00 (88.19)
[191/294]	0.384 (0.299)	80.00 (88.15)
[192/294]	0.012 (0.297)	100.00 (88.21)
[193/294]	0.010 (0.296)	100.00 (88.27)
[194/294]	0.149 (0.295)	95.00 (88.31)
[195/294]	0.055 (0.294)	100.00 (88.37)
[196/294]	0.007 (0.292)	100.00 (88.43)
[197/294]	0.383 (0.293)	80.00 (88.38)
[198/294]	0.734 (0.295)	60.00 (88.24)
[199/294]	0.002 (0.293)	100.00 (88.30)
[200/294]	0.012 (0.292)	100.00 (88.36)
[201/294]	0.079 (0.291)	95.00 (88.39)
[202/294]	0.016 (0.290)	100.00 (88.45)
[203/294]	0.078 (0.289)	100.00 (88.50)
[204/294]	0.271 (0.288)	95.00 (88.54)
[205/294]	0.099 (0.288)	100.00 (88.59)
[206/294]	0.004 (0.286)	100.00 (88.65)
[207/294]	0.101 (0.285)	100.00 (88.70)
[208/294]	0.066 (0.284)	100.00 (88.76)
[209/294]	0.142 (0.284)	100.00 (88.81)
[210/294]	0.087 (0.283)	100.00 (88.86)
[211/294]	0.224 (0.282)	85.00 (88.84)
[212/294]	0.165 (0.282)	100.00 (88.90)
[213/294]	0.019 (0.281)	100.00 (88.95)
[214/294]	0.077 (0.280)	100.00 (89.00)
[215/294]	0.048 (0.279)	100.00 (89.05)
[216/294]	0.004 (0.277)	100.00 (89.10)
[217/294]	0.130 (0.277)	100.00 (89.15)
[218/294]	0.066 (0.276)	100.00 (89.20)
[219/294]	0.025 (0.274)	100.00 (89.25)
[220/294]	0.055 (0.273)	100.00 (89.30)
[221/294]	0.113 (0.273)	95.00 (89.32)
[222/294]	0.217 (0.273)	85.00 (89.30)
[223/294]	0.063 (0.272)	95.00 (89.33)
[224/294]	0.197 (0.271)	90.00 (89.33)
[225/294]	0.323 (0.271)	95.00 (89.36)
[226/294]	0.175 (0.271)	95.00 (89.38)
[227/294]	0.087 (0.270)	100.00 (89.43)
[228/294]	0.221 (0.270)	95.00 (89.45)
[229/294]	0.106 (0.269)	95.00 (89.48)
[230/294]	0.000 (0.268)	100.00 (89.52)
[231/294]	0.444 (0.269)	85.00 (89.50)
[232/294]	0.171 (0.268)	90.00 (89.51)
[233/294]	0.039 (0.267)	100.00 (89.55)
[234/294]	0.016 (0.266)	100.00 (89.60)
[235/294]	0.064 (0.266)	100.00 (89.64)
[236/294]	0.068 (0.265)	100.00 (89.68)
[237/294]	0.059 (0.264)	100.00 (89.73)
[238/294]	0.004 (0.263)	100.00 (89.77)
[239/294]	0.002 (0.262)	100.00 (89.81)
[240/294]	0.003 (0.261)	100.00 (89.85)
[241/294]	0.012 (0.260)	100.00 (89.90)
[242/294]	0.041 (0.259)	100.00 (89.94)
[243/294]	0.047 (0.258)	100.00 (89.98)
[244/294]	0.199 (0.258)	95.00 (90.00)
[245/294]	0.117 (0.257)	95.00 (90.02)
[246/294]	0.328 (0.257)	85.00 (90.00)
[247/294]	0.055 (0.256)	100.00 (90.04)
[248/294]	0.005 (0.255)	100.00 (90.08)
[249/294]	0.009 (0.254)	100.00 (90.12)
[250/294]	0.026 (0.254)	100.00 (90.16)
[251/294]	0.058 (0.253)	100.00 (90.20)
[252/294]	0.033 (0.252)	100.00 (90.24)
[253/294]	0.048 (0.251)	100.00 (90.28)
[254/294]	0.018 (0.250)	100.00 (90.31)
[255/294]	0.174 (0.250)	90.00 (90.31)
[256/294]	0.031 (0.249)	100.00 (90.35)
[257/294]	0.005 (0.248)	100.00 (90.39)
[258/294]	0.005 (0.247)	100.00 (90.42)
[259/294]	0.004 (0.246)	100.00 (90.46)
[260/294]	0.006 (0.245)	100.00 (90.50)
[261/294]	0.005 (0.244)	100.00 (90.53)
[262/294]	0.001 (0.243)	100.00 (90.57)
[263/294]	0.020 (0.243)	100.00 (90.61)
[264/294]	0.131 (0.242)	90.00 (90.60)
[265/294]	0.219 (0.242)	90.00 (90.60)
[266/294]	0.046 (0.241)	100.00 (90.64)
[267/294]	0.034 (0.241)	100.00 (90.67)
[268/294]	0.010 (0.240)	100.00 (90.71)
[269/294]	0.029 (0.239)	100.00 (90.74)
[270/294]	0.031 (0.238)	100.00 (90.77)
[271/294]	0.122 (0.238)	100.00 (90.81)
[272/294]	0.320 (0.238)	85.00 (90.79)
[273/294]	0.001 (0.237)	100.00 (90.82)
[274/294]	0.046 (0.237)	100.00 (90.85)
[275/294]	0.107 (0.236)	95.00 (90.87)
[276/294]	0.113 (0.236)	95.00 (90.88)
[277/294]	0.054 (0.235)	100.00 (90.92)
[278/294]	0.150 (0.235)	90.00 (90.91)
[279/294]	0.254 (0.235)	90.00 (90.91)
[280/294]	0.048 (0.234)	95.00 (90.93)
[281/294]	0.064 (0.233)	95.00 (90.94)
[282/294]	0.006 (0.233)	100.00 (90.97)
[283/294]	0.100 (0.232)	100.00 (91.00)
[284/294]	0.060 (0.232)	100.00 (91.04)
[285/294]	0.075 (0.231)	100.00 (91.07)
[286/294]	0.016 (0.230)	100.00 (91.10)
[287/294]	0.032 (0.230)	100.00 (91.13)
[288/294]	0.076 (0.229)	95.00 (91.14)
[289/294]	0.013 (0.228)	100.00 (91.17)
[290/294]	0.139 (0.228)	95.00 (91.19)
[291/294]	0.001 (0.227)	100.00 (91.22)
[292/294]	0.006 (0.226)	100.00 (91.25)
[293/294]	0.008 (0.226)	100.00 (91.28)
 * Train Acc: 91.276
 * Avg. Data time: 0.004, Avg. Batch time: 0.053, Avg. Forward time: 0.004, Avg. Backward time: 0.040
Computing SI
 * Val Acc: 95.362, Time: 1.36
 * Test Acc: 96.885, Time: 2.13
=============Training Task 1=============
Active output nodes for this task: 
[0, 1, 2, 3]
=============Training Epoch 0=============
#reg terms:  1
Batch	 Loss		 Acc
[0/294]	5.360 (5.360)	0.00 (0.00)
[1/294]	4.957 (5.158)	5.00 (2.50)
[2/294]	3.606 (4.641)	25.00 (10.00)
[3/294]	1.311 (3.808)	40.00 (17.50)
[4/294]	0.714 (3.190)	75.00 (29.00)
[5/294]	0.683 (2.772)	65.00 (35.00)
[6/294]	0.850 (2.497)	60.00 (38.57)
[7/294]	1.004 (2.311)	20.00 (36.25)
[8/294]	0.801 (2.143)	50.00 (37.78)
[9/294]	0.620 (1.991)	70.00 (41.00)
[10/294]	0.894 (1.891)	30.00 (40.00)
[11/294]	0.517 (1.776)	80.00 (43.33)
[12/294]	0.458 (1.675)	90.00 (46.92)
[13/294]	0.446 (1.587)	100.00 (50.71)
[14/294]	0.992 (1.548)	40.00 (50.00)
[15/294]	0.880 (1.506)	45.00 (49.69)
[16/294]	0.676 (1.457)	70.00 (50.88)
[17/294]	0.635 (1.411)	65.00 (51.67)
[18/294]	1.025 (1.391)	35.00 (50.79)
[19/294]	0.863 (1.365)	50.00 (50.75)
[20/294]	0.384 (1.318)	80.00 (52.14)
[21/294]	1.130 (1.309)	50.00 (52.05)
[22/294]	0.956 (1.294)	50.00 (51.96)
[23/294]	0.590 (1.265)	75.00 (52.92)
[24/294]	0.680 (1.241)	65.00 (53.40)
[25/294]	1.140 (1.237)	50.00 (53.27)
[26/294]	1.273 (1.239)	50.00 (53.15)
[27/294]	0.461 (1.211)	90.00 (54.46)
[28/294]	0.580 (1.189)	70.00 (55.00)
[29/294]	0.337 (1.161)	80.00 (55.83)
[30/294]	0.948 (1.154)	55.00 (55.81)
[31/294]	0.948 (1.147)	50.00 (55.62)
[32/294]	0.707 (1.134)	50.00 (55.45)
[33/294]	0.410 (1.113)	80.00 (56.18)
[34/294]	0.264 (1.089)	100.00 (57.43)
[35/294]	0.493 (1.072)	80.00 (58.06)
[36/294]	1.061 (1.072)	50.00 (57.84)
[37/294]	0.552 (1.058)	70.00 (58.16)
[38/294]	0.697 (1.049)	75.00 (58.59)
[39/294]	0.855 (1.044)	55.00 (58.50)
[40/294]	0.439 (1.029)	90.00 (59.27)
[41/294]	0.453 (1.015)	90.00 (60.00)
[42/294]	0.566 (1.005)	70.00 (60.23)
[43/294]	0.642 (0.997)	60.00 (60.23)
[44/294]	0.410 (0.984)	90.00 (60.89)
[45/294]	0.616 (0.976)	75.00 (61.20)
[46/294]	0.726 (0.970)	55.00 (61.06)
[47/294]	0.596 (0.963)	85.00 (61.56)
[48/294]	0.490 (0.953)	70.00 (61.73)
[49/294]	0.354 (0.941)	90.00 (62.30)
[50/294]	0.249 (0.927)	100.00 (63.04)
[51/294]	1.169 (0.932)	55.00 (62.88)
[52/294]	1.329 (0.940)	35.00 (62.36)
[53/294]	1.061 (0.942)	35.00 (61.85)
[54/294]	0.521 (0.934)	85.00 (62.27)
[55/294]	0.392 (0.924)	95.00 (62.86)
[56/294]	0.649 (0.920)	70.00 (62.98)
[57/294]	0.648 (0.915)	55.00 (62.84)
[58/294]	0.942 (0.915)	50.00 (62.63)
[59/294]	0.716 (0.912)	65.00 (62.67)
[60/294]	0.419 (0.904)	100.00 (63.28)
[61/294]	0.434 (0.896)	85.00 (63.63)
[62/294]	0.440 (0.889)	80.00 (63.89)
[63/294]	0.592 (0.885)	65.00 (63.91)
[64/294]	0.378 (0.877)	85.00 (64.23)
[65/294]	0.257 (0.867)	90.00 (64.62)
[66/294]	0.528 (0.862)	75.00 (64.78)
[67/294]	0.732 (0.860)	55.00 (64.63)
[68/294]	0.356 (0.853)	90.00 (65.00)
[69/294]	0.672 (0.851)	60.00 (64.93)
[70/294]	0.676 (0.848)	50.00 (64.72)
[71/294]	0.422 (0.842)	95.00 (65.14)
[72/294]	0.548 (0.838)	70.00 (65.21)
[73/294]	0.333 (0.831)	85.00 (65.47)
[74/294]	0.173 (0.823)	90.00 (65.80)
[75/294]	0.249 (0.815)	100.00 (66.25)
[76/294]	0.479 (0.811)	80.00 (66.43)
[77/294]	0.484 (0.806)	75.00 (66.54)
[78/294]	0.529 (0.803)	70.00 (66.58)
[79/294]	0.739 (0.802)	60.00 (66.50)
[80/294]	0.430 (0.798)	85.00 (66.73)
[81/294]	0.275 (0.791)	95.00 (67.07)
[82/294]	0.181 (0.784)	100.00 (67.47)
[83/294]	0.514 (0.781)	80.00 (67.62)
[84/294]	0.449 (0.777)	80.00 (67.76)
[85/294]	0.352 (0.772)	85.00 (67.97)
[86/294]	0.475 (0.768)	75.00 (68.05)
[87/294]	0.345 (0.764)	90.00 (68.30)
[88/294]	0.173 (0.757)	95.00 (68.60)
[89/294]	0.794 (0.757)	55.00 (68.44)
[90/294]	0.874 (0.759)	55.00 (68.30)
[91/294]	0.344 (0.754)	85.00 (68.48)
[92/294]	0.396 (0.750)	75.00 (68.55)
[93/294]	0.293 (0.745)	95.00 (68.83)
[94/294]	0.320 (0.741)	85.00 (69.00)
[95/294]	0.334 (0.737)	95.00 (69.27)
[96/294]	0.189 (0.731)	95.00 (69.54)
[97/294]	1.085 (0.735)	65.00 (69.49)
[98/294]	1.862 (0.746)	50.00 (69.29)
[99/294]	0.536 (0.744)	60.00 (69.20)
[100/294]	0.237 (0.739)	95.00 (69.46)
[101/294]	0.434 (0.736)	75.00 (69.51)
[102/294]	0.364 (0.732)	90.00 (69.71)
[103/294]	0.174 (0.727)	90.00 (69.90)
[104/294]	0.196 (0.722)	95.00 (70.14)
[105/294]	0.159 (0.717)	90.00 (70.33)
[106/294]	0.848 (0.718)	60.00 (70.23)
[107/294]	0.173 (0.713)	100.00 (70.51)
[108/294]	0.187 (0.708)	100.00 (70.78)
[109/294]	0.341 (0.705)	90.00 (70.95)
[110/294]	1.069 (0.708)	55.00 (70.81)
[111/294]	0.734 (0.708)	55.00 (70.67)
[112/294]	0.442 (0.706)	80.00 (70.75)
[113/294]	0.224 (0.702)	95.00 (70.96)
[114/294]	0.340 (0.698)	85.00 (71.09)
[115/294]	0.324 (0.695)	80.00 (71.16)
[116/294]	0.345 (0.692)	80.00 (71.24)
[117/294]	0.678 (0.692)	65.00 (71.19)
[118/294]	0.459 (0.690)	75.00 (71.22)
[119/294]	0.222 (0.686)	100.00 (71.46)
[120/294]	0.261 (0.683)	90.00 (71.61)
[121/294]	0.183 (0.679)	100.00 (71.84)
[122/294]	0.197 (0.675)	100.00 (72.07)
[123/294]	0.350 (0.672)	75.00 (72.10)
[124/294]	0.305 (0.669)	90.00 (72.24)
[125/294]	0.144 (0.665)	100.00 (72.46)
[126/294]	0.167 (0.661)	100.00 (72.68)
[127/294]	0.143 (0.657)	100.00 (72.89)
[128/294]	0.814 (0.658)	55.00 (72.75)
[129/294]	0.997 (0.661)	70.00 (72.73)
[130/294]	0.292 (0.658)	85.00 (72.82)
[131/294]	0.362 (0.656)	75.00 (72.84)
[132/294]	0.426 (0.654)	90.00 (72.97)
[133/294]	0.292 (0.651)	90.00 (73.10)
[134/294]	0.132 (0.647)	100.00 (73.30)
[135/294]	0.033 (0.643)	100.00 (73.49)
[136/294]	0.035 (0.638)	100.00 (73.69)
[137/294]	0.069 (0.634)	100.00 (73.88)
[138/294]	1.345 (0.639)	60.00 (73.78)
[139/294]	0.956 (0.642)	70.00 (73.75)
[140/294]	0.692 (0.642)	75.00 (73.76)
[141/294]	0.095 (0.638)	100.00 (73.94)
[142/294]	0.255 (0.636)	90.00 (74.06)
[143/294]	0.501 (0.635)	70.00 (74.03)
[144/294]	0.529 (0.634)	75.00 (74.03)
[145/294]	0.174 (0.631)	100.00 (74.21)
[146/294]	0.219 (0.628)	100.00 (74.39)
[147/294]	0.186 (0.625)	100.00 (74.56)
[148/294]	0.206 (0.622)	100.00 (74.73)
[149/294]	0.136 (0.619)	95.00 (74.87)
[150/294]	0.161 (0.616)	90.00 (74.97)
[151/294]	0.362 (0.614)	85.00 (75.03)
[152/294]	0.483 (0.613)	70.00 (75.00)
[153/294]	0.582 (0.613)	70.00 (74.97)
[154/294]	0.575 (0.613)	70.00 (74.94)
[155/294]	0.241 (0.611)	95.00 (75.06)
[156/294]	0.183 (0.608)	95.00 (75.19)
[157/294]	0.341 (0.606)	80.00 (75.22)
[158/294]	0.434 (0.605)	75.00 (75.22)
[159/294]	0.359 (0.603)	90.00 (75.31)
[160/294]	0.300 (0.602)	90.00 (75.40)
[161/294]	0.290 (0.600)	90.00 (75.49)
[162/294]	0.394 (0.598)	80.00 (75.52)
[163/294]	0.481 (0.598)	75.00 (75.52)
[164/294]	0.635 (0.598)	60.00 (75.42)
[165/294]	0.431 (0.597)	75.00 (75.42)
[166/294]	1.075 (0.600)	55.00 (75.30)
[167/294]	0.449 (0.599)	80.00 (75.33)
[168/294]	0.178 (0.596)	100.00 (75.47)
[169/294]	0.360 (0.595)	85.00 (75.53)
[170/294]	0.432 (0.594)	75.00 (75.53)
[171/294]	0.276 (0.592)	90.00 (75.61)
[172/294]	0.142 (0.590)	100.00 (75.75)
[173/294]	0.151 (0.587)	95.00 (75.86)
[174/294]	0.497 (0.587)	75.00 (75.86)
[175/294]	0.278 (0.585)	90.00 (75.94)
[176/294]	0.752 (0.586)	70.00 (75.90)
[177/294]	0.175 (0.583)	95.00 (76.01)
[178/294]	0.055 (0.580)	100.00 (76.15)
[179/294]	0.338 (0.579)	80.00 (76.17)
[180/294]	0.305 (0.578)	95.00 (76.27)
[181/294]	0.262 (0.576)	85.00 (76.32)
[182/294]	0.192 (0.574)	90.00 (76.39)
[183/294]	0.187 (0.572)	95.00 (76.49)
[184/294]	2.031 (0.580)	55.00 (76.38)
[185/294]	1.597 (0.585)	65.00 (76.32)
[186/294]	0.086 (0.582)	100.00 (76.44)
[187/294]	0.078 (0.580)	100.00 (76.57)
[188/294]	0.345 (0.578)	85.00 (76.61)
[189/294]	0.233 (0.577)	85.00 (76.66)
[190/294]	0.196 (0.575)	95.00 (76.75)
[191/294]	0.165 (0.573)	90.00 (76.82)
[192/294]	0.121 (0.570)	100.00 (76.94)
[193/294]	0.165 (0.568)	100.00 (77.06)
[194/294]	0.354 (0.567)	85.00 (77.10)
[195/294]	0.516 (0.567)	75.00 (77.09)
[196/294]	0.467 (0.566)	80.00 (77.11)
[197/294]	0.096 (0.564)	100.00 (77.22)
[198/294]	0.464 (0.563)	70.00 (77.19)
[199/294]	0.413 (0.563)	80.00 (77.20)
[200/294]	0.378 (0.562)	80.00 (77.21)
[201/294]	0.342 (0.561)	90.00 (77.28)
[202/294]	0.279 (0.559)	90.00 (77.34)
[203/294]	0.159 (0.557)	95.00 (77.43)
[204/294]	0.104 (0.555)	100.00 (77.54)
[205/294]	0.294 (0.554)	85.00 (77.57)
[206/294]	0.106 (0.552)	100.00 (77.68)
[207/294]	0.176 (0.550)	100.00 (77.79)
[208/294]	0.177 (0.548)	90.00 (77.85)
[209/294]	0.279 (0.547)	90.00 (77.90)
[210/294]	0.084 (0.545)	100.00 (78.01)
[211/294]	0.114 (0.543)	100.00 (78.11)
[212/294]	0.293 (0.541)	85.00 (78.15)
[213/294]	0.152 (0.540)	100.00 (78.25)
[214/294]	0.109 (0.538)	100.00 (78.35)
[215/294]	0.124 (0.536)	100.00 (78.45)
[216/294]	0.158 (0.534)	95.00 (78.53)
[217/294]	0.174 (0.532)	95.00 (78.60)
[218/294]	0.056 (0.530)	100.00 (78.70)
[219/294]	0.213 (0.529)	95.00 (78.77)
[220/294]	0.315 (0.528)	90.00 (78.82)
[221/294]	0.174 (0.526)	100.00 (78.92)
[222/294]	0.052 (0.524)	100.00 (79.01)
[223/294]	0.089 (0.522)	100.00 (79.11)
[224/294]	0.078 (0.520)	100.00 (79.20)
[225/294]	0.080 (0.518)	100.00 (79.29)
[226/294]	0.179 (0.517)	95.00 (79.36)
[227/294]	0.212 (0.515)	95.00 (79.43)
[228/294]	0.388 (0.515)	85.00 (79.45)
[229/294]	0.111 (0.513)	95.00 (79.52)
[230/294]	0.584 (0.513)	75.00 (79.50)
[231/294]	0.976 (0.515)	65.00 (79.44)
[232/294]	0.093 (0.513)	100.00 (79.53)
[233/294]	0.038 (0.511)	100.00 (79.62)
[234/294]	0.237 (0.510)	90.00 (79.66)
[235/294]	0.330 (0.509)	90.00 (79.70)
[236/294]	0.175 (0.508)	100.00 (79.79)
[237/294]	0.186 (0.507)	95.00 (79.85)
[238/294]	0.394 (0.506)	80.00 (79.85)
[239/294]	0.380 (0.506)	80.00 (79.85)
[240/294]	0.108 (0.504)	100.00 (79.94)
[241/294]	0.105 (0.502)	100.00 (80.02)
[242/294]	0.342 (0.502)	80.00 (80.02)
[243/294]	0.117 (0.500)	95.00 (80.08)
[244/294]	0.070 (0.498)	100.00 (80.16)
[245/294]	0.068 (0.497)	100.00 (80.24)
[246/294]	0.059 (0.495)	100.00 (80.32)
[247/294]	0.092 (0.493)	100.00 (80.40)
[248/294]	0.181 (0.492)	95.00 (80.46)
[249/294]	0.411 (0.492)	75.00 (80.44)
[250/294]	0.155 (0.490)	95.00 (80.50)
[251/294]	0.024 (0.488)	100.00 (80.58)
[252/294]	0.024 (0.487)	100.00 (80.65)
[253/294]	0.025 (0.485)	100.00 (80.73)
[254/294]	0.364 (0.484)	85.00 (80.75)
[255/294]	0.191 (0.483)	90.00 (80.78)
[256/294]	0.168 (0.482)	85.00 (80.80)
[257/294]	0.364 (0.482)	85.00 (80.81)
[258/294]	0.096 (0.480)	100.00 (80.89)
[259/294]	0.195 (0.479)	90.00 (80.92)
[260/294]	0.283 (0.478)	85.00 (80.94)
[261/294]	0.998 (0.480)	55.00 (80.84)
[262/294]	0.400 (0.480)	75.00 (80.82)
[263/294]	0.084 (0.478)	100.00 (80.89)
[264/294]	0.092 (0.477)	100.00 (80.96)
[265/294]	0.205 (0.476)	95.00 (81.02)
[266/294]	0.371 (0.475)	80.00 (81.01)
[267/294]	0.481 (0.476)	80.00 (81.01)
[268/294]	0.420 (0.475)	80.00 (81.00)
[269/294]	0.109 (0.474)	95.00 (81.06)
[270/294]	0.014 (0.472)	100.00 (81.13)
[271/294]	0.055 (0.471)	100.00 (81.19)
[272/294]	0.171 (0.470)	95.00 (81.25)
[273/294]	0.137 (0.468)	95.00 (81.30)
[274/294]	0.052 (0.467)	100.00 (81.36)
[275/294]	1.004 (0.469)	65.00 (81.30)
[276/294]	0.658 (0.470)	75.00 (81.28)
[277/294]	0.044 (0.468)	100.00 (81.35)
[278/294]	0.051 (0.466)	100.00 (81.42)
[279/294]	0.033 (0.465)	100.00 (81.48)
[280/294]	0.096 (0.464)	95.00 (81.53)
[281/294]	0.288 (0.463)	85.00 (81.54)
[282/294]	0.100 (0.462)	100.00 (81.61)
[283/294]	0.149 (0.461)	95.00 (81.65)
[284/294]	0.045 (0.459)	100.00 (81.72)
[285/294]	0.770 (0.460)	70.00 (81.68)
[286/294]	0.209 (0.459)	95.00 (81.72)
[287/294]	0.207 (0.459)	90.00 (81.75)
[288/294]	0.385 (0.458)	75.00 (81.73)
[289/294]	0.248 (0.458)	90.00 (81.76)
[290/294]	0.168 (0.457)	90.00 (81.79)
[291/294]	0.141 (0.455)	95.00 (81.83)
[292/294]	0.206 (0.455)	85.00 (81.84)
[293/294]	0.061 (0.454)	100.00 (81.86)
 * Train Acc: 81.862
 * Avg. Data time: 0.004, Avg. Batch time: 0.065, Avg. Forward time: 0.004, Avg. Backward time: 0.052
Computing SI
 * Val Acc: 39.726, Time: 1.90
 * Test Acc: 42.351, Time: 3.46
=============Training Task 2=============
Active output nodes for this task: 
[0, 1, 2, 3, 4, 5]
=============Training Epoch 0=============
#reg terms:  1
Batch	 Loss		 Acc
[0/294]	7.058 (7.058)	0.00 (0.00)
[1/294]	6.180 (6.619)	0.00 (0.00)
[2/294]	5.287 (6.175)	0.00 (0.00)
[3/294]	4.432 (5.739)	0.00 (0.00)
[4/294]	2.995 (5.190)	0.00 (0.00)
[5/294]	2.777 (4.788)	0.00 (0.00)
[6/294]	2.509 (4.462)	0.00 (0.00)
[7/294]	1.867 (4.138)	0.00 (0.00)
[8/294]	1.832 (3.882)	5.00 (0.56)
[9/294]	1.675 (3.661)	25.00 (3.00)
[10/294]	1.661 (3.479)	30.00 (5.45)
[11/294]	1.463 (3.311)	50.00 (9.17)
[12/294]	1.521 (3.174)	50.00 (12.31)
[13/294]	1.495 (3.054)	50.00 (15.00)
[14/294]	1.383 (2.942)	60.00 (18.00)
[15/294]	1.313 (2.840)	85.00 (22.19)
[16/294]	1.212 (2.745)	100.00 (26.76)
[17/294]	1.195 (2.659)	85.00 (30.00)
[18/294]	1.271 (2.585)	30.00 (30.00)
[19/294]	1.118 (2.512)	80.00 (32.50)
[20/294]	1.033 (2.442)	75.00 (34.52)
[21/294]	1.064 (2.379)	60.00 (35.68)
[22/294]	1.003 (2.319)	55.00 (36.52)
[23/294]	0.882 (2.259)	70.00 (37.92)
[24/294]	0.892 (2.205)	70.00 (39.20)
[25/294]	0.928 (2.156)	80.00 (40.77)
[26/294]	0.868 (2.108)	80.00 (42.22)
[27/294]	0.747 (2.059)	85.00 (43.75)
[28/294]	0.774 (2.015)	65.00 (44.48)
[29/294]	0.769 (1.973)	70.00 (45.33)
[30/294]	0.826 (1.936)	50.00 (45.48)
[31/294]	0.893 (1.904)	45.00 (45.47)
[32/294]	0.658 (1.866)	75.00 (46.36)
[33/294]	0.693 (1.832)	70.00 (47.06)
[34/294]	0.758 (1.801)	65.00 (47.57)
[35/294]	0.679 (1.770)	60.00 (47.92)
[36/294]	0.635 (1.739)	75.00 (48.65)
[37/294]	0.576 (1.708)	80.00 (49.47)
[38/294]	0.686 (1.682)	60.00 (49.74)
[39/294]	0.714 (1.658)	55.00 (49.88)
[40/294]	0.620 (1.633)	70.00 (50.37)
[41/294]	0.847 (1.614)	45.00 (50.24)
[42/294]	1.098 (1.602)	50.00 (50.23)
[43/294]	0.767 (1.583)	70.00 (50.68)
[44/294]	0.679 (1.563)	75.00 (51.22)
[45/294]	0.778 (1.546)	45.00 (51.09)
[46/294]	0.580 (1.525)	65.00 (51.38)
[47/294]	0.639 (1.507)	50.00 (51.35)
[48/294]	0.585 (1.488)	60.00 (51.53)
[49/294]	0.695 (1.472)	70.00 (51.90)
[50/294]	0.778 (1.459)	55.00 (51.96)
[51/294]	0.704 (1.444)	60.00 (52.12)
[52/294]	0.524 (1.427)	90.00 (52.83)
[53/294]	0.861 (1.416)	60.00 (52.96)
[54/294]	0.746 (1.404)	60.00 (53.09)
[55/294]	0.602 (1.390)	80.00 (53.57)
[56/294]	0.412 (1.373)	95.00 (54.30)
[57/294]	0.483 (1.357)	90.00 (54.91)
[58/294]	0.626 (1.345)	80.00 (55.34)
[59/294]	0.656 (1.333)	70.00 (55.58)
[60/294]	0.589 (1.321)	80.00 (55.98)
[61/294]	0.694 (1.311)	65.00 (56.13)
[62/294]	0.867 (1.304)	50.00 (56.03)
[63/294]	0.429 (1.290)	95.00 (56.64)
[64/294]	0.659 (1.281)	60.00 (56.69)
[65/294]	0.659 (1.271)	65.00 (56.82)
[66/294]	0.636 (1.262)	60.00 (56.87)
[67/294]	0.532 (1.251)	85.00 (57.28)
[68/294]	0.674 (1.243)	65.00 (57.39)
[69/294]	0.755 (1.236)	60.00 (57.43)
[70/294]	0.666 (1.228)	85.00 (57.82)
[71/294]	0.643 (1.220)	70.00 (57.99)
[72/294]	0.648 (1.212)	75.00 (58.22)
[73/294]	0.649 (1.204)	70.00 (58.38)
[74/294]	0.718 (1.198)	65.00 (58.47)
[75/294]	0.609 (1.190)	75.00 (58.68)
[76/294]	0.662 (1.183)	50.00 (58.57)
[77/294]	0.528 (1.175)	80.00 (58.85)
[78/294]	0.525 (1.166)	80.00 (59.11)
[79/294]	0.572 (1.159)	80.00 (59.38)
[80/294]	0.899 (1.156)	50.00 (59.26)
[81/294]	0.633 (1.149)	80.00 (59.51)
[82/294]	0.513 (1.142)	90.00 (59.88)
[83/294]	0.494 (1.134)	90.00 (60.24)
[84/294]	0.604 (1.128)	65.00 (60.29)
[85/294]	0.704 (1.123)	65.00 (60.35)
[86/294]	0.567 (1.116)	90.00 (60.69)
[87/294]	0.400 (1.108)	95.00 (61.08)
[88/294]	0.534 (1.102)	70.00 (61.18)
[89/294]	0.595 (1.096)	80.00 (61.39)
[90/294]	0.677 (1.092)	65.00 (61.43)
[91/294]	0.707 (1.087)	50.00 (61.30)
[92/294]	0.544 (1.082)	60.00 (61.29)
[93/294]	0.428 (1.075)	85.00 (61.54)
[94/294]	0.709 (1.071)	55.00 (61.47)
[95/294]	0.445 (1.064)	75.00 (61.61)
[96/294]	0.310 (1.056)	95.00 (61.96)
[97/294]	0.328 (1.049)	100.00 (62.35)
[98/294]	0.590 (1.044)	65.00 (62.37)
[99/294]	0.652 (1.041)	70.00 (62.45)
[100/294]	0.573 (1.036)	70.00 (62.52)
[101/294]	0.546 (1.031)	55.00 (62.45)
[102/294]	0.387 (1.025)	95.00 (62.77)
[103/294]	0.462 (1.019)	85.00 (62.98)
[104/294]	0.322 (1.013)	100.00 (63.33)
[105/294]	0.488 (1.008)	80.00 (63.49)
[106/294]	0.908 (1.007)	50.00 (63.36)
[107/294]	0.983 (1.007)	60.00 (63.33)
[108/294]	0.328 (1.000)	85.00 (63.53)
[109/294]	0.267 (0.994)	100.00 (63.86)
[110/294]	0.548 (0.990)	60.00 (63.83)
[111/294]	1.060 (0.990)	30.00 (63.53)
[112/294]	0.584 (0.987)	60.00 (63.50)
[113/294]	0.552 (0.983)	60.00 (63.46)
[114/294]	0.584 (0.979)	60.00 (63.43)
[115/294]	0.450 (0.975)	85.00 (63.62)
[116/294]	0.220 (0.968)	100.00 (63.93)
[117/294]	0.180 (0.962)	100.00 (64.24)
[118/294]	0.170 (0.955)	100.00 (64.54)
[119/294]	0.312 (0.950)	100.00 (64.83)
[120/294]	0.397 (0.945)	85.00 (65.00)
[121/294]	0.440 (0.941)	85.00 (65.16)
[122/294]	0.532 (0.938)	65.00 (65.16)
[123/294]	0.161 (0.931)	95.00 (65.40)
[124/294]	0.174 (0.925)	100.00 (65.68)
[125/294]	0.221 (0.920)	100.00 (65.95)
[126/294]	0.120 (0.914)	100.00 (66.22)
[127/294]	0.218 (0.908)	100.00 (66.48)
[128/294]	0.318 (0.904)	95.00 (66.71)
[129/294]	0.238 (0.898)	100.00 (66.96)
[130/294]	0.235 (0.893)	100.00 (67.21)
[131/294]	0.251 (0.888)	95.00 (67.42)
[132/294]	0.315 (0.884)	95.00 (67.63)
[133/294]	0.218 (0.879)	100.00 (67.87)
[134/294]	0.284 (0.875)	90.00 (68.04)
[135/294]	0.313 (0.871)	90.00 (68.20)
[136/294]	0.554 (0.868)	60.00 (68.14)
[137/294]	0.216 (0.864)	95.00 (68.33)
[138/294]	0.418 (0.860)	75.00 (68.38)
[139/294]	0.737 (0.860)	50.00 (68.25)
[140/294]	0.432 (0.856)	85.00 (68.37)
[141/294]	0.303 (0.853)	80.00 (68.45)
[142/294]	0.356 (0.849)	75.00 (68.50)
[143/294]	0.223 (0.845)	85.00 (68.61)
[144/294]	0.294 (0.841)	95.00 (68.79)
[145/294]	0.242 (0.837)	95.00 (68.97)
[146/294]	0.154 (0.832)	100.00 (69.18)
[147/294]	0.171 (0.828)	100.00 (69.39)
[148/294]	0.274 (0.824)	90.00 (69.53)
[149/294]	0.352 (0.821)	75.00 (69.57)
[150/294]	0.144 (0.816)	95.00 (69.74)
[151/294]	0.368 (0.813)	80.00 (69.80)
[152/294]	0.164 (0.809)	95.00 (69.97)
[153/294]	0.153 (0.805)	95.00 (70.13)
[154/294]	0.378 (0.802)	85.00 (70.23)
[155/294]	0.193 (0.798)	100.00 (70.42)
[156/294]	0.103 (0.794)	100.00 (70.61)
[157/294]	0.078 (0.789)	100.00 (70.79)
[158/294]	0.401 (0.787)	75.00 (70.82)
[159/294]	0.459 (0.785)	80.00 (70.88)
[160/294]	0.100 (0.781)	100.00 (71.06)
[161/294]	0.077 (0.776)	100.00 (71.23)
[162/294]	0.506 (0.775)	85.00 (71.32)
[163/294]	0.332 (0.772)	90.00 (71.43)
[164/294]	0.058 (0.768)	100.00 (71.61)
[165/294]	0.486 (0.766)	80.00 (71.66)
[166/294]	0.422 (0.764)	75.00 (71.68)
[167/294]	0.160 (0.760)	95.00 (71.82)
[168/294]	0.287 (0.757)	85.00 (71.89)
[169/294]	0.289 (0.755)	85.00 (71.97)
[170/294]	0.071 (0.751)	100.00 (72.13)
[171/294]	0.070 (0.747)	100.00 (72.30)
[172/294]	0.066 (0.743)	100.00 (72.46)
[173/294]	0.092 (0.739)	100.00 (72.61)
[174/294]	0.258 (0.736)	95.00 (72.74)
[175/294]	0.073 (0.733)	100.00 (72.90)
[176/294]	0.195 (0.729)	95.00 (73.02)
[177/294]	0.317 (0.727)	80.00 (73.06)
[178/294]	0.285 (0.725)	90.00 (73.16)
[179/294]	0.162 (0.722)	100.00 (73.31)
[180/294]	0.457 (0.720)	75.00 (73.31)
[181/294]	0.737 (0.720)	70.00 (73.30)
[182/294]	0.330 (0.718)	85.00 (73.36)
[183/294]	0.097 (0.715)	100.00 (73.51)
[184/294]	0.061 (0.711)	100.00 (73.65)
[185/294]	0.032 (0.707)	100.00 (73.79)
[186/294]	0.525 (0.707)	75.00 (73.80)
[187/294]	0.549 (0.706)	80.00 (73.83)
[188/294]	0.049 (0.702)	100.00 (73.97)
[189/294]	0.117 (0.699)	100.00 (74.11)
[190/294]	0.093 (0.696)	100.00 (74.24)
[191/294]	0.035 (0.693)	100.00 (74.38)
[192/294]	0.024 (0.689)	100.00 (74.51)
[193/294]	0.023 (0.686)	100.00 (74.64)
[194/294]	0.041 (0.682)	100.00 (74.77)
[195/294]	0.098 (0.679)	100.00 (74.90)
[196/294]	0.675 (0.679)	65.00 (74.85)
[197/294]	0.395 (0.678)	80.00 (74.87)
[198/294]	0.111 (0.675)	95.00 (74.97)
[199/294]	0.031 (0.672)	100.00 (75.10)
[200/294]	0.114 (0.669)	95.00 (75.20)
[201/294]	0.203 (0.667)	90.00 (75.27)
[202/294]	0.092 (0.664)	100.00 (75.39)
[203/294]	0.165 (0.661)	95.00 (75.49)
[204/294]	0.389 (0.660)	80.00 (75.51)
[205/294]	0.187 (0.658)	90.00 (75.58)
[206/294]	0.118 (0.655)	95.00 (75.68)
[207/294]	0.094 (0.653)	100.00 (75.79)
[208/294]	0.072 (0.650)	100.00 (75.91)
[209/294]	0.033 (0.647)	100.00 (76.02)
[210/294]	0.096 (0.644)	100.00 (76.14)
[211/294]	0.133 (0.642)	100.00 (76.25)
[212/294]	0.081 (0.639)	100.00 (76.36)
[213/294]	0.046 (0.636)	100.00 (76.47)
[214/294]	0.753 (0.637)	60.00 (76.40)
[215/294]	0.503 (0.636)	70.00 (76.37)
[216/294]	0.117 (0.634)	100.00 (76.47)
[217/294]	0.208 (0.632)	90.00 (76.54)
[218/294]	0.125 (0.630)	100.00 (76.64)
[219/294]	0.086 (0.627)	100.00 (76.75)
[220/294]	0.096 (0.625)	100.00 (76.86)
[221/294]	0.122 (0.622)	95.00 (76.94)
[222/294]	0.128 (0.620)	95.00 (77.02)
[223/294]	0.186 (0.618)	95.00 (77.10)
[224/294]	0.030 (0.616)	100.00 (77.20)
[225/294]	0.079 (0.613)	95.00 (77.28)
[226/294]	0.490 (0.613)	85.00 (77.31)
[227/294]	0.046 (0.610)	100.00 (77.41)
[228/294]	0.064 (0.608)	100.00 (77.51)
[229/294]	0.156 (0.606)	95.00 (77.59)
[230/294]	0.204 (0.604)	100.00 (77.68)
[231/294]	0.075 (0.602)	100.00 (77.78)
[232/294]	0.068 (0.600)	100.00 (77.88)
[233/294]	0.122 (0.598)	95.00 (77.95)
[234/294]	0.279 (0.596)	85.00 (77.98)
[235/294]	0.073 (0.594)	100.00 (78.07)
[236/294]	0.113 (0.592)	95.00 (78.14)
[237/294]	0.110 (0.590)	95.00 (78.21)
[238/294]	0.277 (0.589)	90.00 (78.26)
[239/294]	0.148 (0.587)	100.00 (78.35)
[240/294]	0.115 (0.585)	100.00 (78.44)
[241/294]	0.270 (0.584)	90.00 (78.49)
[242/294]	0.416 (0.583)	75.00 (78.48)
[243/294]	0.307 (0.582)	85.00 (78.50)
[244/294]	0.112 (0.580)	100.00 (78.59)
[245/294]	0.043 (0.578)	100.00 (78.68)
[246/294]	0.031 (0.575)	100.00 (78.77)
[247/294]	0.062 (0.573)	100.00 (78.85)
[248/294]	0.072 (0.571)	100.00 (78.94)
[249/294]	0.054 (0.569)	100.00 (79.02)
[250/294]	0.127 (0.568)	95.00 (79.08)
[251/294]	0.067 (0.566)	100.00 (79.17)
[252/294]	0.015 (0.563)	100.00 (79.25)
[253/294]	0.052 (0.561)	100.00 (79.33)
[254/294]	0.084 (0.559)	100.00 (79.41)
[255/294]	0.042 (0.557)	100.00 (79.49)
[256/294]	0.067 (0.556)	100.00 (79.57)
[257/294]	0.066 (0.554)	100.00 (79.65)
[258/294]	0.040 (0.552)	100.00 (79.73)
[259/294]	0.263 (0.551)	90.00 (79.77)
[260/294]	0.213 (0.549)	95.00 (79.83)
[261/294]	0.697 (0.550)	65.00 (79.77)
[262/294]	0.406 (0.549)	70.00 (79.73)
[263/294]	0.115 (0.548)	95.00 (79.79)
[264/294]	0.109 (0.546)	100.00 (79.87)
[265/294]	0.320 (0.545)	80.00 (79.87)
[266/294]	0.032 (0.543)	100.00 (79.94)
[267/294]	0.056 (0.541)	100.00 (80.02)
[268/294]	0.225 (0.540)	90.00 (80.06)
[269/294]	0.168 (0.539)	95.00 (80.11)
[270/294]	0.063 (0.537)	95.00 (80.17)
[271/294]	0.245 (0.536)	80.00 (80.17)
[272/294]	0.291 (0.535)	85.00 (80.18)
[273/294]	0.018 (0.533)	100.00 (80.26)
[274/294]	0.025 (0.531)	100.00 (80.33)
[275/294]	0.024 (0.530)	100.00 (80.40)
[276/294]	0.100 (0.528)	100.00 (80.47)
[277/294]	0.224 (0.527)	95.00 (80.52)
[278/294]	0.155 (0.526)	95.00 (80.57)
[279/294]	0.026 (0.524)	100.00 (80.64)
[280/294]	0.058 (0.522)	95.00 (80.69)
[281/294]	0.100 (0.521)	100.00 (80.76)
[282/294]	0.139 (0.519)	95.00 (80.81)
[283/294]	0.185 (0.518)	95.00 (80.86)
[284/294]	0.153 (0.517)	95.00 (80.91)
[285/294]	0.127 (0.515)	100.00 (80.98)
[286/294]	0.490 (0.515)	80.00 (80.98)
[287/294]	0.037 (0.514)	100.00 (81.04)
[288/294]	0.033 (0.512)	100.00 (81.11)
[289/294]	0.047 (0.510)	100.00 (81.17)
[290/294]	0.150 (0.509)	95.00 (81.22)
[291/294]	0.133 (0.508)	95.00 (81.27)
[292/294]	0.046 (0.506)	100.00 (81.33)
[293/294]	0.018 (0.505)	100.00 (81.39)
 * Train Acc: 81.395
 * Avg. Data time: 0.004, Avg. Batch time: 0.064, Avg. Forward time: 0.004, Avg. Backward time: 0.052
Computing SI
 * Val Acc: 30.094, Time: 2.29
 * Test Acc: 32.244, Time: 4.68
=============Training Task 3=============
Active output nodes for this task: 
[0, 1, 2, 3, 4, 5, 6, 7]
=============Training Epoch 0=============
#reg terms:  1
Batch	 Loss		 Acc
[0/294]	8.185 (8.185)	0.00 (0.00)
[1/294]	7.794 (7.989)	0.00 (0.00)
[2/294]	7.008 (7.662)	0.00 (0.00)
[3/294]	4.799 (6.946)	0.00 (0.00)
[4/294]	4.107 (6.378)	0.00 (0.00)
[5/294]	4.101 (5.999)	0.00 (0.00)
[6/294]	4.074 (5.724)	0.00 (0.00)
[7/294]	2.750 (5.352)	0.00 (0.00)
[8/294]	2.260 (5.008)	25.00 (2.78)
[9/294]	2.260 (4.734)	20.00 (4.50)
[10/294]	2.199 (4.503)	10.00 (5.00)
[11/294]	1.917 (4.288)	35.00 (7.50)
[12/294]	1.899 (4.104)	40.00 (10.00)
[13/294]	1.876 (3.945)	40.00 (12.14)
[14/294]	1.395 (3.775)	65.00 (15.67)
[15/294]	1.136 (3.610)	65.00 (18.75)
[16/294]	1.059 (3.460)	75.00 (22.06)
[17/294]	1.325 (3.341)	75.00 (25.00)
[18/294]	1.986 (3.270)	60.00 (26.84)
[19/294]	1.847 (3.199)	65.00 (28.75)
[20/294]	1.301 (3.108)	75.00 (30.95)
[21/294]	0.920 (3.009)	70.00 (32.73)
[22/294]	0.621 (2.905)	80.00 (34.78)
[23/294]	0.376 (2.800)	100.00 (37.50)
[24/294]	0.598 (2.712)	85.00 (39.40)
[25/294]	0.898 (2.642)	80.00 (40.96)
[26/294]	1.215 (2.589)	50.00 (41.30)
[27/294]	1.359 (2.545)	45.00 (41.43)
[28/294]	0.588 (2.478)	85.00 (42.93)
[29/294]	0.435 (2.410)	85.00 (44.33)
[30/294]	0.335 (2.343)	100.00 (46.13)
[31/294]	0.498 (2.285)	85.00 (47.34)
[32/294]	0.355 (2.226)	90.00 (48.64)
[33/294]	0.218 (2.167)	100.00 (50.15)
[34/294]	0.339 (2.115)	100.00 (51.57)
[35/294]	0.300 (2.065)	100.00 (52.92)
[36/294]	0.214 (2.015)	100.00 (54.19)
[37/294]	0.261 (1.969)	95.00 (55.26)
[38/294]	0.516 (1.931)	80.00 (55.90)
[39/294]	0.301 (1.891)	100.00 (57.00)
[40/294]	0.238 (1.850)	95.00 (57.93)
[41/294]	0.261 (1.812)	100.00 (58.93)
[42/294]	0.524 (1.782)	75.00 (59.30)
[43/294]	0.686 (1.758)	70.00 (59.55)
[44/294]	1.017 (1.741)	60.00 (59.56)
[45/294]	0.223 (1.708)	90.00 (60.22)
[46/294]	0.215 (1.676)	95.00 (60.96)
[47/294]	0.247 (1.647)	90.00 (61.56)
[48/294]	0.164 (1.616)	100.00 (62.35)
[49/294]	1.237 (1.609)	25.00 (61.60)
[50/294]	0.661 (1.590)	65.00 (61.67)
[51/294]	0.295 (1.565)	85.00 (62.12)
[52/294]	0.240 (1.540)	100.00 (62.83)
[53/294]	0.531 (1.522)	80.00 (63.15)
[54/294]	0.617 (1.505)	80.00 (63.45)
[55/294]	0.337 (1.484)	90.00 (63.93)
[56/294]	0.109 (1.460)	100.00 (64.56)
[57/294]	0.210 (1.439)	100.00 (65.17)
[58/294]	0.184 (1.417)	100.00 (65.76)
[59/294]	0.117 (1.396)	100.00 (66.33)
[60/294]	0.090 (1.374)	100.00 (66.89)
[61/294]	0.211 (1.355)	95.00 (67.34)
[62/294]	0.443 (1.341)	85.00 (67.62)
[63/294]	0.887 (1.334)	50.00 (67.34)
[64/294]	0.444 (1.320)	75.00 (67.46)
[65/294]	0.172 (1.303)	100.00 (67.95)
[66/294]	0.090 (1.285)	100.00 (68.43)
[67/294]	0.222 (1.269)	90.00 (68.75)
[68/294]	0.242 (1.254)	95.00 (69.13)
[69/294]	0.346 (1.241)	85.00 (69.36)
[70/294]	0.380 (1.229)	90.00 (69.65)
[71/294]	0.381 (1.217)	80.00 (69.79)
[72/294]	0.263 (1.204)	100.00 (70.21)
[73/294]	0.389 (1.193)	80.00 (70.34)
[74/294]	1.525 (1.198)	60.00 (70.20)
[75/294]	1.012 (1.195)	65.00 (70.13)
[76/294]	0.199 (1.182)	100.00 (70.52)
[77/294]	0.081 (1.168)	100.00 (70.90)
[78/294]	0.250 (1.157)	95.00 (71.20)
[79/294]	0.572 (1.149)	80.00 (71.31)
[80/294]	0.909 (1.146)	50.00 (71.05)
[81/294]	0.277 (1.136)	90.00 (71.28)
[82/294]	0.116 (1.123)	100.00 (71.63)
[83/294]	0.120 (1.111)	100.00 (71.96)
[84/294]	0.084 (1.099)	100.00 (72.29)
[85/294]	0.298 (1.090)	85.00 (72.44)
[86/294]	0.459 (1.083)	75.00 (72.47)
[87/294]	0.783 (1.079)	50.00 (72.22)
[88/294]	0.461 (1.072)	65.00 (72.13)
[89/294]	0.422 (1.065)	80.00 (72.22)
[90/294]	0.274 (1.057)	100.00 (72.53)
[91/294]	0.287 (1.048)	95.00 (72.77)
[92/294]	0.205 (1.039)	95.00 (73.01)
[93/294]	0.214 (1.030)	95.00 (73.24)
[94/294]	0.633 (1.026)	70.00 (73.21)
[95/294]	0.459 (1.020)	85.00 (73.33)
[96/294]	0.325 (1.013)	90.00 (73.51)
[97/294]	0.173 (1.004)	100.00 (73.78)
[98/294]	0.103 (0.995)	100.00 (74.04)
[99/294]	0.152 (0.987)	100.00 (74.30)
[100/294]	0.141 (0.979)	100.00 (74.55)
[101/294]	0.067 (0.970)	100.00 (74.80)
[102/294]	0.136 (0.962)	100.00 (75.05)
[103/294]	0.097 (0.953)	100.00 (75.29)
[104/294]	0.177 (0.946)	95.00 (75.48)
[105/294]	0.045 (0.937)	100.00 (75.71)
[106/294]	0.082 (0.929)	100.00 (75.93)
[107/294]	0.111 (0.922)	100.00 (76.16)
[108/294]	0.041 (0.914)	100.00 (76.38)
[109/294]	0.055 (0.906)	100.00 (76.59)
[110/294]	0.058 (0.898)	100.00 (76.80)
[111/294]	0.096 (0.891)	100.00 (77.01)
[112/294]	0.049 (0.884)	100.00 (77.21)
[113/294]	0.060 (0.876)	100.00 (77.41)
[114/294]	0.176 (0.870)	90.00 (77.52)
[115/294]	0.597 (0.868)	60.00 (77.37)
[116/294]	0.232 (0.863)	85.00 (77.44)
[117/294]	0.094 (0.856)	100.00 (77.63)
[118/294]	0.189 (0.850)	100.00 (77.82)
[119/294]	0.051 (0.844)	100.00 (78.00)
[120/294]	0.054 (0.837)	100.00 (78.18)
[121/294]	0.065 (0.831)	100.00 (78.36)
[122/294]	0.263 (0.826)	90.00 (78.46)
[123/294]	0.116 (0.821)	95.00 (78.59)
[124/294]	0.261 (0.816)	90.00 (78.68)
[125/294]	0.216 (0.811)	95.00 (78.81)
[126/294]	0.364 (0.808)	90.00 (78.90)
[127/294]	0.344 (0.804)	90.00 (78.98)
[128/294]	0.068 (0.798)	100.00 (79.15)
[129/294]	0.123 (0.793)	100.00 (79.31)
[130/294]	0.213 (0.789)	95.00 (79.43)
[131/294]	0.405 (0.786)	80.00 (79.43)
[132/294]	0.295 (0.782)	85.00 (79.47)
[133/294]	0.117 (0.777)	100.00 (79.63)
[134/294]	0.155 (0.773)	95.00 (79.74)
[135/294]	0.280 (0.769)	95.00 (79.85)
[136/294]	0.524 (0.767)	70.00 (79.78)
[137/294]	0.374 (0.764)	85.00 (79.82)
[138/294]	0.058 (0.759)	100.00 (79.96)
[139/294]	0.060 (0.754)	100.00 (80.11)
[140/294]	0.456 (0.752)	90.00 (80.18)
[141/294]	0.222 (0.748)	90.00 (80.25)
[142/294]	0.151 (0.744)	95.00 (80.35)
[143/294]	0.075 (0.740)	100.00 (80.49)
[144/294]	0.096 (0.735)	95.00 (80.59)
[145/294]	0.059 (0.731)	100.00 (80.72)
[146/294]	0.610 (0.730)	70.00 (80.65)
[147/294]	0.361 (0.727)	80.00 (80.64)
[148/294]	0.095 (0.723)	100.00 (80.77)
[149/294]	0.046 (0.718)	100.00 (80.90)
[150/294]	0.085 (0.714)	100.00 (81.03)
[151/294]	0.050 (0.710)	100.00 (81.15)
[152/294]	0.039 (0.706)	100.00 (81.27)
[153/294]	0.064 (0.701)	100.00 (81.40)
[154/294]	0.088 (0.697)	100.00 (81.52)
[155/294]	0.107 (0.694)	100.00 (81.63)
[156/294]	0.165 (0.690)	100.00 (81.75)
[157/294]	0.158 (0.687)	95.00 (81.84)
[158/294]	0.081 (0.683)	100.00 (81.95)
[159/294]	0.115 (0.680)	95.00 (82.03)
[160/294]	0.201 (0.677)	100.00 (82.14)
[161/294]	0.121 (0.673)	100.00 (82.25)
[162/294]	0.180 (0.670)	90.00 (82.30)
[163/294]	0.220 (0.667)	90.00 (82.35)
[164/294]	0.246 (0.665)	85.00 (82.36)
[165/294]	0.265 (0.662)	90.00 (82.41)
[166/294]	0.170 (0.659)	95.00 (82.49)
[167/294]	0.167 (0.657)	95.00 (82.56)
[168/294]	0.094 (0.653)	100.00 (82.66)
[169/294]	0.080 (0.650)	100.00 (82.76)
[170/294]	0.052 (0.646)	100.00 (82.87)
[171/294]	0.095 (0.643)	95.00 (82.94)
[172/294]	0.446 (0.642)	65.00 (82.83)
[173/294]	0.289 (0.640)	85.00 (82.84)
[174/294]	0.062 (0.637)	100.00 (82.94)
[175/294]	0.293 (0.635)	95.00 (83.01)
[176/294]	0.164 (0.632)	90.00 (83.05)
[177/294]	0.035 (0.629)	100.00 (83.15)
[178/294]	0.030 (0.625)	100.00 (83.24)
[179/294]	0.122 (0.623)	100.00 (83.33)
[180/294]	0.217 (0.620)	90.00 (83.37)
[181/294]	0.036 (0.617)	100.00 (83.46)
[182/294]	0.027 (0.614)	100.00 (83.55)
[183/294]	0.286 (0.612)	80.00 (83.53)
[184/294]	0.213 (0.610)	90.00 (83.57)
[185/294]	0.103 (0.607)	100.00 (83.66)
[186/294]	0.212 (0.605)	90.00 (83.69)
[187/294]	0.132 (0.603)	100.00 (83.78)
[188/294]	0.127 (0.600)	100.00 (83.86)
[189/294]	0.081 (0.597)	100.00 (83.95)
[190/294]	0.036 (0.594)	100.00 (84.03)
[191/294]	0.034 (0.591)	100.00 (84.11)
[192/294]	0.088 (0.589)	100.00 (84.20)
[193/294]	0.047 (0.586)	100.00 (84.28)
[194/294]	0.048 (0.583)	100.00 (84.36)
[195/294]	0.025 (0.580)	100.00 (84.44)
[196/294]	1.864 (0.587)	50.00 (84.26)
[197/294]	0.457 (0.586)	80.00 (84.24)
[198/294]	0.029 (0.584)	100.00 (84.32)
[199/294]	0.127 (0.581)	100.00 (84.40)
[200/294]	0.051 (0.579)	100.00 (84.48)
[201/294]	0.028 (0.576)	100.00 (84.55)
[202/294]	0.046 (0.573)	100.00 (84.63)
[203/294]	0.137 (0.571)	100.00 (84.71)
[204/294]	0.051 (0.569)	100.00 (84.78)
[205/294]	0.045 (0.566)	100.00 (84.85)
[206/294]	0.045 (0.564)	100.00 (84.93)
[207/294]	0.076 (0.561)	95.00 (84.98)
[208/294]	0.033 (0.559)	100.00 (85.05)
[209/294]	0.044 (0.556)	100.00 (85.12)
[210/294]	0.135 (0.554)	95.00 (85.17)
[211/294]	0.187 (0.552)	95.00 (85.21)
[212/294]	0.334 (0.551)	90.00 (85.23)
[213/294]	0.445 (0.551)	75.00 (85.19)
[214/294]	0.087 (0.549)	100.00 (85.26)
[215/294]	0.055 (0.547)	100.00 (85.32)
[216/294]	0.075 (0.544)	100.00 (85.39)
[217/294]	0.222 (0.543)	90.00 (85.41)
[218/294]	0.055 (0.541)	100.00 (85.48)
[219/294]	0.078 (0.539)	100.00 (85.55)
[220/294]	0.108 (0.537)	100.00 (85.61)
[221/294]	0.033 (0.534)	100.00 (85.68)
[222/294]	0.054 (0.532)	100.00 (85.74)
[223/294]	0.043 (0.530)	100.00 (85.80)
[224/294]	0.080 (0.528)	100.00 (85.87)
[225/294]	0.054 (0.526)	100.00 (85.93)
[226/294]	0.042 (0.524)	100.00 (85.99)
[227/294]	0.022 (0.522)	100.00 (86.05)
[228/294]	0.110 (0.520)	100.00 (86.11)
[229/294]	0.219 (0.518)	95.00 (86.15)
[230/294]	0.553 (0.519)	75.00 (86.10)
[231/294]	0.033 (0.516)	100.00 (86.16)
[232/294]	0.085 (0.515)	100.00 (86.22)
[233/294]	0.174 (0.513)	90.00 (86.24)
[234/294]	0.965 (0.515)	50.00 (86.09)
[235/294]	0.430 (0.515)	80.00 (86.06)
[236/294]	0.255 (0.514)	90.00 (86.08)
[237/294]	0.063 (0.512)	100.00 (86.13)
[238/294]	0.042 (0.510)	100.00 (86.19)
[239/294]	0.040 (0.508)	100.00 (86.25)
[240/294]	0.046 (0.506)	100.00 (86.31)
[241/294]	0.249 (0.505)	95.00 (86.34)
[242/294]	0.115 (0.503)	100.00 (86.40)
[243/294]	0.092 (0.502)	95.00 (86.43)
[244/294]	0.057 (0.500)	100.00 (86.49)
[245/294]	0.254 (0.499)	85.00 (86.48)
[246/294]	0.339 (0.498)	75.00 (86.44)
[247/294]	0.226 (0.497)	100.00 (86.49)
[248/294]	0.081 (0.495)	100.00 (86.55)
[249/294]	0.102 (0.494)	100.00 (86.60)
[250/294]	0.195 (0.493)	100.00 (86.65)
[251/294]	0.319 (0.492)	95.00 (86.69)
[252/294]	0.034 (0.490)	100.00 (86.74)
[253/294]	0.031 (0.488)	100.00 (86.79)
[254/294]	0.033 (0.486)	100.00 (86.84)
[255/294]	0.049 (0.485)	100.00 (86.89)
[256/294]	0.076 (0.483)	100.00 (86.95)
[257/294]	0.034 (0.481)	100.00 (87.00)
[258/294]	0.051 (0.480)	100.00 (87.05)
[259/294]	0.143 (0.478)	95.00 (87.08)
[260/294]	0.032 (0.477)	100.00 (87.13)
[261/294]	0.028 (0.475)	100.00 (87.18)
[262/294]	0.064 (0.473)	100.00 (87.22)
[263/294]	0.038 (0.472)	100.00 (87.27)
[264/294]	0.030 (0.470)	100.00 (87.32)
[265/294]	0.143 (0.469)	95.00 (87.35)
[266/294]	0.057 (0.467)	100.00 (87.40)
[267/294]	0.046 (0.466)	100.00 (87.44)
[268/294]	0.030 (0.464)	100.00 (87.49)
[269/294]	0.031 (0.463)	100.00 (87.54)
[270/294]	0.065 (0.461)	95.00 (87.56)
[271/294]	0.074 (0.460)	100.00 (87.61)
[272/294]	0.248 (0.459)	95.00 (87.64)
[273/294]	0.025 (0.457)	100.00 (87.68)
[274/294]	0.052 (0.456)	100.00 (87.73)
[275/294]	0.049 (0.454)	100.00 (87.77)
[276/294]	0.040 (0.453)	100.00 (87.82)
[277/294]	0.143 (0.452)	95.00 (87.84)
[278/294]	0.028 (0.450)	100.00 (87.89)
[279/294]	0.070 (0.449)	100.00 (87.93)
[280/294]	0.133 (0.448)	100.00 (87.97)
[281/294]	0.118 (0.447)	100.00 (88.01)
[282/294]	0.086 (0.445)	100.00 (88.06)
[283/294]	0.028 (0.444)	100.00 (88.10)
[284/294]	0.021 (0.442)	100.00 (88.14)
[285/294]	0.024 (0.441)	100.00 (88.18)
[286/294]	0.084 (0.440)	100.00 (88.22)
[287/294]	0.053 (0.438)	100.00 (88.26)
[288/294]	0.021 (0.437)	100.00 (88.30)
[289/294]	0.235 (0.436)	90.00 (88.31)
[290/294]	0.292 (0.436)	90.00 (88.32)
[291/294]	0.378 (0.436)	85.00 (88.30)
[292/294]	0.135 (0.434)	95.00 (88.33)
[293/294]	0.055 (0.433)	100.00 (88.37)
 * Train Acc: 88.367
 * Avg. Data time: 0.006, Avg. Batch time: 0.063, Avg. Forward time: 0.004, Avg. Backward time: 0.047
Computing SI
 * Val Acc: 25.234, Time: 2.81
 * Test Acc: 24.265, Time: 6.41
=============Training Task 4=============
Active output nodes for this task: 
[0, 1, 2, 3, 4, 5, 6, 7, 8, 9]
=============Training Epoch 0=============
#reg terms:  1
Batch	 Loss		 Acc
[0/294]	9.282 (9.282)	0.00 (0.00)
[1/294]	12.069 (10.676)	0.00 (0.00)
[2/294]	10.474 (10.608)	0.00 (0.00)
[3/294]	3.672 (8.874)	0.00 (0.00)
[4/294]	3.415 (7.783)	0.00 (0.00)
[5/294]	2.947 (6.977)	0.00 (0.00)
[6/294]	2.755 (6.374)	0.00 (0.00)
[7/294]	2.655 (5.909)	0.00 (0.00)
[8/294]	2.602 (5.541)	0.00 (0.00)
[9/294]	2.568 (5.244)	0.00 (0.00)
[10/294]	2.514 (4.996)	0.00 (0.00)
[11/294]	2.438 (4.783)	5.00 (0.42)
[12/294]	2.456 (4.604)	0.00 (0.38)
[13/294]	2.530 (4.456)	0.00 (0.36)
[14/294]	2.471 (4.323)	0.00 (0.33)
[15/294]	2.324 (4.198)	20.00 (1.56)
[16/294]	2.253 (4.084)	25.00 (2.94)
[17/294]	2.298 (3.985)	45.00 (5.28)
[18/294]	2.304 (3.896)	30.00 (6.58)
[19/294]	2.209 (3.812)	40.00 (8.25)
[20/294]	2.113 (3.731)	50.00 (10.24)
[21/294]	2.124 (3.658)	55.00 (12.27)
[22/294]	2.063 (3.589)	50.00 (13.91)
[23/294]	1.974 (3.521)	50.00 (15.42)
[24/294]	1.995 (3.460)	50.00 (16.80)
[25/294]	1.826 (3.397)	50.00 (18.08)
[26/294]	1.606 (3.331)	60.00 (19.63)
[27/294]	1.415 (3.263)	65.00 (21.25)
[28/294]	1.366 (3.197)	50.00 (22.24)
[29/294]	1.295 (3.134)	50.00 (23.17)
[30/294]	1.223 (3.072)	50.00 (24.03)
[31/294]	1.156 (3.012)	50.00 (24.84)
[32/294]	1.088 (2.954)	55.00 (25.76)
[33/294]	0.920 (2.894)	70.00 (27.06)
[34/294]	0.831 (2.835)	70.00 (28.29)
[35/294]	0.896 (2.781)	50.00 (28.89)
[36/294]	0.740 (2.726)	75.00 (30.14)
[37/294]	0.667 (2.672)	90.00 (31.71)
[38/294]	0.686 (2.621)	100.00 (33.46)
[39/294]	0.894 (2.578)	50.00 (33.88)
[40/294]	0.918 (2.537)	60.00 (34.51)
[41/294]	0.742 (2.495)	65.00 (35.24)
[42/294]	1.066 (2.461)	50.00 (35.58)
[43/294]	0.866 (2.425)	45.00 (35.80)
[44/294]	0.744 (2.388)	75.00 (36.67)
[45/294]	0.580 (2.349)	100.00 (38.04)
[46/294]	0.700 (2.313)	70.00 (38.72)
[47/294]	0.735 (2.281)	60.00 (39.17)
[48/294]	0.703 (2.248)	55.00 (39.49)
[49/294]	0.849 (2.220)	45.00 (39.60)
[50/294]	0.914 (2.195)	35.00 (39.51)
[51/294]	0.851 (2.169)	55.00 (39.81)
[52/294]	0.433 (2.136)	95.00 (40.85)
[53/294]	0.542 (2.107)	85.00 (41.67)
[54/294]	0.967 (2.086)	40.00 (41.64)
[55/294]	1.409 (2.074)	5.00 (40.98)
[56/294]	0.931 (2.054)	50.00 (41.14)
[57/294]	0.803 (2.032)	55.00 (41.38)
[58/294]	0.870 (2.013)	50.00 (41.53)
[59/294]	1.241 (2.000)	50.00 (41.67)
[60/294]	0.873 (1.981)	50.00 (41.80)
[61/294]	0.680 (1.960)	70.00 (42.26)
[62/294]	0.692 (1.940)	60.00 (42.54)
[63/294]	0.802 (1.922)	50.00 (42.66)
[64/294]	0.873 (1.906)	50.00 (42.77)
[65/294]	0.829 (1.890)	50.00 (42.88)
[66/294]	0.790 (1.873)	45.00 (42.91)
[67/294]	0.699 (1.856)	60.00 (43.16)
[68/294]	0.824 (1.841)	55.00 (43.33)
[69/294]	0.824 (1.827)	50.00 (43.43)
[70/294]	0.542 (1.809)	70.00 (43.80)
[71/294]	0.664 (1.793)	70.00 (44.17)
[72/294]	0.649 (1.777)	60.00 (44.38)
[73/294]	0.426 (1.759)	100.00 (45.14)
[74/294]	0.895 (1.747)	55.00 (45.27)
[75/294]	0.694 (1.733)	70.00 (45.59)
[76/294]	0.448 (1.717)	80.00 (46.04)
[77/294]	0.895 (1.706)	50.00 (46.09)
[78/294]	1.045 (1.698)	50.00 (46.14)
[79/294]	0.945 (1.688)	60.00 (46.31)
[80/294]	0.590 (1.675)	70.00 (46.60)
[81/294]	0.598 (1.662)	60.00 (46.77)
[82/294]	0.613 (1.649)	70.00 (47.05)
[83/294]	0.906 (1.640)	65.00 (47.26)
[84/294]	0.892 (1.631)	50.00 (47.29)
[85/294]	0.860 (1.622)	55.00 (47.38)
[86/294]	0.565 (1.610)	75.00 (47.70)
[87/294]	0.500 (1.598)	95.00 (48.24)
[88/294]	0.502 (1.585)	90.00 (48.71)
[89/294]	0.422 (1.572)	95.00 (49.22)
[90/294]	0.579 (1.562)	60.00 (49.34)
[91/294]	0.627 (1.551)	60.00 (49.46)
[92/294]	0.580 (1.541)	70.00 (49.68)
[93/294]	0.555 (1.530)	80.00 (50.00)
[94/294]	0.598 (1.521)	75.00 (50.26)
[95/294]	0.746 (1.513)	60.00 (50.36)
[96/294]	0.668 (1.504)	65.00 (50.52)
[97/294]	0.421 (1.493)	75.00 (50.77)
[98/294]	0.652 (1.484)	75.00 (51.01)
[99/294]	0.578 (1.475)	80.00 (51.30)
[100/294]	0.595 (1.467)	75.00 (51.53)
[101/294]	0.581 (1.458)	75.00 (51.76)
[102/294]	0.378 (1.447)	90.00 (52.14)
[103/294]	0.484 (1.438)	90.00 (52.50)
[104/294]	0.939 (1.433)	45.00 (52.43)
[105/294]	0.241 (1.422)	100.00 (52.88)
[106/294]	0.620 (1.415)	70.00 (53.04)
[107/294]	0.810 (1.409)	60.00 (53.10)
[108/294]	0.486 (1.401)	95.00 (53.49)
[109/294]	0.529 (1.393)	70.00 (53.64)
[110/294]	0.558 (1.385)	70.00 (53.78)
[111/294]	0.590 (1.378)	75.00 (53.97)
[112/294]	0.988 (1.375)	25.00 (53.72)
[113/294]	0.938 (1.371)	30.00 (53.51)
[114/294]	0.695 (1.365)	60.00 (53.57)
[115/294]	0.397 (1.356)	100.00 (53.97)
[116/294]	0.393 (1.348)	90.00 (54.27)
[117/294]	0.424 (1.340)	85.00 (54.53)
[118/294]	0.154 (1.330)	100.00 (54.92)
[119/294]	0.342 (1.322)	100.00 (55.29)
[120/294]	0.414 (1.315)	90.00 (55.58)
[121/294]	0.468 (1.308)	75.00 (55.74)
[122/294]	0.551 (1.302)	75.00 (55.89)
[123/294]	0.426 (1.295)	80.00 (56.09)
[124/294]	0.315 (1.287)	100.00 (56.44)
[125/294]	0.287 (1.279)	100.00 (56.79)
[126/294]	0.540 (1.273)	75.00 (56.93)
[127/294]	0.386 (1.266)	90.00 (57.19)
[128/294]	0.365 (1.259)	100.00 (57.52)
[129/294]	0.367 (1.252)	100.00 (57.85)
[130/294]	0.347 (1.245)	100.00 (58.17)
[131/294]	0.401 (1.239)	90.00 (58.41)
[132/294]	0.635 (1.234)	70.00 (58.50)
[133/294]	0.425 (1.228)	100.00 (58.81)
[134/294]	0.260 (1.221)	100.00 (59.11)
[135/294]	0.165 (1.213)	100.00 (59.41)
[136/294]	0.256 (1.206)	100.00 (59.71)
[137/294]	0.327 (1.200)	100.00 (60.00)
[138/294]	0.302 (1.194)	95.00 (60.25)
[139/294]	0.295 (1.187)	95.00 (60.50)
[140/294]	0.472 (1.182)	85.00 (60.67)
[141/294]	0.425 (1.177)	75.00 (60.77)
[142/294]	0.382 (1.171)	95.00 (61.01)
[143/294]	0.371 (1.166)	100.00 (61.28)
[144/294]	0.596 (1.162)	60.00 (61.28)
[145/294]	0.472 (1.157)	75.00 (61.37)
[146/294]	0.195 (1.150)	100.00 (61.63)
[147/294]	0.130 (1.144)	100.00 (61.89)
[148/294]	0.222 (1.137)	100.00 (62.15)
[149/294]	0.438 (1.133)	75.00 (62.23)
[150/294]	0.244 (1.127)	100.00 (62.48)
[151/294]	0.225 (1.121)	100.00 (62.73)
[152/294]	0.349 (1.116)	95.00 (62.94)
[153/294]	0.190 (1.110)	95.00 (63.15)
[154/294]	0.139 (1.104)	100.00 (63.39)
[155/294]	0.413 (1.099)	80.00 (63.49)
[156/294]	0.309 (1.094)	95.00 (63.69)
[157/294]	0.152 (1.088)	100.00 (63.92)
[158/294]	0.193 (1.082)	95.00 (64.12)
[159/294]	0.150 (1.077)	100.00 (64.34)
[160/294]	0.210 (1.071)	100.00 (64.57)
[161/294]	0.417 (1.067)	70.00 (64.60)
[162/294]	0.344 (1.063)	85.00 (64.72)
[163/294]	0.205 (1.058)	95.00 (64.91)
[164/294]	0.161 (1.052)	100.00 (65.12)
[165/294]	0.110 (1.046)	100.00 (65.33)
[166/294]	0.148 (1.041)	100.00 (65.54)
[167/294]	0.174 (1.036)	100.00 (65.74)
[168/294]	0.150 (1.031)	100.00 (65.95)
[169/294]	0.190 (1.026)	95.00 (66.12)
[170/294]	0.137 (1.021)	100.00 (66.32)
[171/294]	0.110 (1.015)	100.00 (66.51)
[172/294]	0.287 (1.011)	90.00 (66.65)
[173/294]	0.325 (1.007)	85.00 (66.75)
[174/294]	0.433 (1.004)	80.00 (66.83)
[175/294]	0.115 (0.999)	100.00 (67.02)
[176/294]	0.114 (0.994)	100.00 (67.20)
[177/294]	0.211 (0.989)	95.00 (67.36)
[178/294]	0.807 (0.988)	60.00 (67.32)
[179/294]	0.129 (0.984)	100.00 (67.50)
[180/294]	0.271 (0.980)	90.00 (67.62)
[181/294]	0.226 (0.975)	90.00 (67.75)
[182/294]	0.293 (0.972)	90.00 (67.87)
[183/294]	0.303 (0.968)	95.00 (68.02)
[184/294]	0.159 (0.964)	100.00 (68.19)
[185/294]	0.145 (0.959)	100.00 (68.36)
[186/294]	0.548 (0.957)	75.00 (68.40)
[187/294]	0.273 (0.954)	90.00 (68.51)
[188/294]	0.074 (0.949)	100.00 (68.68)
[189/294]	0.097 (0.944)	100.00 (68.84)
[190/294]	0.146 (0.940)	100.00 (69.01)
[191/294]	0.256 (0.937)	90.00 (69.11)
[192/294]	0.284 (0.933)	90.00 (69.22)
[193/294]	0.491 (0.931)	80.00 (69.28)
[194/294]	0.420 (0.928)	85.00 (69.36)
[195/294]	0.129 (0.924)	100.00 (69.52)
[196/294]	0.145 (0.920)	100.00 (69.67)
[197/294]	0.088 (0.916)	100.00 (69.82)
[198/294]	0.112 (0.912)	100.00 (69.97)
[199/294]	0.290 (0.909)	100.00 (70.12)
[200/294]	0.228 (0.906)	100.00 (70.27)
[201/294]	0.261 (0.902)	85.00 (70.35)
[202/294]	0.695 (0.901)	60.00 (70.30)
[203/294]	0.622 (0.900)	55.00 (70.22)
[204/294]	0.339 (0.897)	80.00 (70.27)
[205/294]	0.339 (0.895)	85.00 (70.34)
[206/294]	0.395 (0.892)	70.00 (70.34)
[207/294]	0.088 (0.888)	100.00 (70.48)
[208/294]	0.141 (0.885)	100.00 (70.62)
[209/294]	0.343 (0.882)	80.00 (70.67)
[210/294]	0.834 (0.882)	55.00 (70.59)
[211/294]	0.229 (0.879)	85.00 (70.66)
[212/294]	0.084 (0.875)	100.00 (70.80)
[213/294]	0.247 (0.872)	90.00 (70.89)
[214/294]	0.449 (0.870)	70.00 (70.88)
[215/294]	0.285 (0.867)	95.00 (71.00)
[216/294]	0.054 (0.864)	100.00 (71.13)
[217/294]	0.348 (0.861)	75.00 (71.15)
[218/294]	0.494 (0.860)	65.00 (71.12)
[219/294]	0.602 (0.858)	60.00 (71.07)
[220/294]	0.061 (0.855)	100.00 (71.20)
[221/294]	0.108 (0.852)	100.00 (71.33)
[222/294]	0.142 (0.848)	100.00 (71.46)
[223/294]	0.125 (0.845)	100.00 (71.58)
[224/294]	0.668 (0.844)	70.00 (71.58)
[225/294]	0.538 (0.843)	75.00 (71.59)
[226/294]	0.371 (0.841)	85.00 (71.65)
[227/294]	0.278 (0.838)	85.00 (71.71)
[228/294]	0.162 (0.835)	95.00 (71.81)
[229/294]	0.071 (0.832)	100.00 (71.93)
[230/294]	0.211 (0.829)	95.00 (72.03)
[231/294]	0.120 (0.826)	95.00 (72.13)
[232/294]	0.085 (0.823)	100.00 (72.25)
[233/294]	0.216 (0.821)	90.00 (72.33)
[234/294]	0.772 (0.820)	80.00 (72.36)
[235/294]	0.218 (0.818)	95.00 (72.46)
[236/294]	0.077 (0.815)	100.00 (72.57)
[237/294]	0.200 (0.812)	95.00 (72.67)
[238/294]	0.924 (0.813)	75.00 (72.68)
[239/294]	0.328 (0.811)	95.00 (72.77)
[240/294]	0.051 (0.807)	100.00 (72.88)
[241/294]	0.048 (0.804)	100.00 (73.00)
[242/294]	0.102 (0.801)	100.00 (73.11)
[243/294]	0.075 (0.798)	100.00 (73.22)
[244/294]	0.103 (0.796)	100.00 (73.33)
[245/294]	0.033 (0.793)	100.00 (73.43)
[246/294]	0.060 (0.790)	100.00 (73.54)
[247/294]	0.144 (0.787)	100.00 (73.65)
[248/294]	0.269 (0.785)	90.00 (73.71)
[249/294]	0.084 (0.782)	100.00 (73.82)
[250/294]	0.083 (0.779)	100.00 (73.92)
[251/294]	0.122 (0.777)	100.00 (74.03)
[252/294]	0.258 (0.775)	90.00 (74.09)
[253/294]	0.372 (0.773)	85.00 (74.13)
[254/294]	0.246 (0.771)	95.00 (74.22)
[255/294]	0.245 (0.769)	100.00 (74.32)
[256/294]	0.162 (0.767)	95.00 (74.40)
[257/294]	0.146 (0.764)	90.00 (74.46)
[258/294]	0.053 (0.761)	100.00 (74.56)
[259/294]	0.345 (0.760)	85.00 (74.60)
[260/294]	0.206 (0.758)	90.00 (74.66)
[261/294]	0.393 (0.756)	85.00 (74.69)
[262/294]	0.133 (0.754)	100.00 (74.79)
[263/294]	0.487 (0.753)	80.00 (74.81)
[264/294]	0.155 (0.751)	95.00 (74.89)
[265/294]	0.050 (0.748)	100.00 (74.98)
[266/294]	0.080 (0.746)	100.00 (75.07)
[267/294]	0.166 (0.743)	95.00 (75.15)
[268/294]	0.094 (0.741)	100.00 (75.24)
[269/294]	0.641 (0.741)	80.00 (75.26)
[270/294]	0.305 (0.739)	85.00 (75.30)
[271/294]	0.241 (0.737)	95.00 (75.37)
[272/294]	0.244 (0.735)	95.00 (75.44)
[273/294]	0.160 (0.733)	95.00 (75.51)
[274/294]	0.122 (0.731)	100.00 (75.60)
[275/294]	0.139 (0.729)	100.00 (75.69)
[276/294]	0.397 (0.728)	85.00 (75.72)
[277/294]	0.168 (0.726)	90.00 (75.77)
[278/294]	0.045 (0.723)	100.00 (75.86)
[279/294]	0.042 (0.721)	100.00 (75.95)
[280/294]	0.114 (0.719)	95.00 (76.01)
[281/294]	0.104 (0.716)	95.00 (76.08)
[282/294]	0.062 (0.714)	100.00 (76.17)
[283/294]	0.165 (0.712)	95.00 (76.23)
[284/294]	0.144 (0.710)	100.00 (76.32)
[285/294]	0.132 (0.708)	100.00 (76.40)
[286/294]	0.176 (0.706)	90.00 (76.45)
[287/294]	0.036 (0.704)	100.00 (76.53)
[288/294]	0.059 (0.702)	100.00 (76.61)
[289/294]	0.041 (0.699)	100.00 (76.69)
[290/294]	0.131 (0.698)	100.00 (76.77)
[291/294]	0.340 (0.696)	80.00 (76.78)
[292/294]	0.303 (0.695)	90.00 (76.83)
[293/294]	0.053 (0.693)	100.00 (76.90)
 * Train Acc: 76.905
 * Avg. Data time: 0.004, Avg. Batch time: 0.064, Avg. Forward time: 0.004, Avg. Backward time: 0.052
Computing SI
 * Val Acc: 18.559, Time: 3.21
 * Test Acc: 19.642, Time: 7.63
=============Training Task 5=============
Active output nodes for this task: 
[0, 1, 2, 3, 4, 5, 6, 7, 8, 9, 10, 11]
=============Training Epoch 0=============
#reg terms:  1
Batch	 Loss		 Acc
