=============Stream Learning Run 0=============
Changing output layer to contain 12 classes
============BEGINNING STREAM LEARNING============
=============Training Task 0=============
Active output nodes for this task: 
[0, 1]
=============Training Epoch 0=============
#reg terms:  0
Batch	 Loss		 Acc
[0/294]	1.884 (1.884)	45.00 (45.00)
[1/294]	1.157 (1.520)	40.00 (42.50)
[2/294]	0.950 (1.330)	50.00 (45.00)
[3/294]	0.705 (1.174)	60.00 (48.75)
[4/294]	0.991 (1.137)	50.00 (49.00)
[5/294]	0.953 (1.107)	50.00 (49.17)
[6/294]	1.076 (1.102)	50.00 (49.29)
[7/294]	0.614 (1.041)	60.00 (50.62)
[8/294]	0.465 (0.977)	90.00 (55.00)
[9/294]	0.459 (0.925)	85.00 (58.00)
[10/294]	0.534 (0.890)	75.00 (59.55)
[11/294]	0.778 (0.881)	50.00 (58.75)
[12/294]	0.678 (0.865)	60.00 (58.85)
[13/294]	0.715 (0.854)	55.00 (58.57)
[14/294]	0.417 (0.825)	90.00 (60.67)
[15/294]	0.494 (0.804)	70.00 (61.25)
[16/294]	0.510 (0.787)	90.00 (62.94)
[17/294]	0.593 (0.776)	75.00 (63.61)
[18/294]	0.400 (0.757)	90.00 (65.00)
[19/294]	0.468 (0.742)	75.00 (65.50)
[20/294]	0.583 (0.735)	75.00 (65.95)
[21/294]	0.495 (0.724)	75.00 (66.36)
[22/294]	0.486 (0.713)	80.00 (66.96)
[23/294]	0.439 (0.702)	90.00 (67.92)
[24/294]	0.572 (0.697)	80.00 (68.40)
[25/294]	0.592 (0.693)	80.00 (68.85)
[26/294]	0.691 (0.693)	50.00 (68.15)
[27/294]	0.511 (0.686)	55.00 (67.68)
[28/294]	0.108 (0.666)	100.00 (68.79)
[29/294]	0.291 (0.654)	90.00 (69.50)
[30/294]	0.397 (0.645)	90.00 (70.16)
[31/294]	0.560 (0.643)	65.00 (70.00)
[32/294]	0.372 (0.635)	70.00 (70.00)
[33/294]	0.349 (0.626)	80.00 (70.29)
[34/294]	0.642 (0.627)	60.00 (70.00)
[35/294]	0.195 (0.615)	100.00 (70.83)
[36/294]	0.349 (0.607)	85.00 (71.22)
[37/294]	0.330 (0.600)	95.00 (71.84)
[38/294]	0.432 (0.596)	90.00 (72.31)
[39/294]	0.424 (0.592)	90.00 (72.75)
[40/294]	0.287 (0.584)	100.00 (73.41)
[41/294]	0.246 (0.576)	100.00 (74.05)
[42/294]	0.353 (0.571)	90.00 (74.42)
[43/294]	0.238 (0.563)	90.00 (74.77)
[44/294]	0.258 (0.556)	90.00 (75.11)
[45/294]	0.144 (0.548)	100.00 (75.65)
[46/294]	0.409 (0.545)	85.00 (75.85)
[47/294]	0.315 (0.540)	95.00 (76.25)
[48/294]	0.191 (0.533)	100.00 (76.73)
[49/294]	0.122 (0.524)	100.00 (77.20)
[50/294]	0.086 (0.516)	100.00 (77.65)
[51/294]	0.062 (0.507)	100.00 (78.08)
[52/294]	0.225 (0.502)	90.00 (78.30)
[53/294]	0.239 (0.497)	100.00 (78.70)
[54/294]	0.085 (0.489)	100.00 (79.09)
[55/294]	0.171 (0.484)	95.00 (79.38)
[56/294]	0.068 (0.476)	100.00 (79.74)
[57/294]	0.037 (0.469)	100.00 (80.09)
[58/294]	0.049 (0.462)	100.00 (80.42)
[59/294]	0.004 (0.454)	100.00 (80.75)
[60/294]	0.020 (0.447)	100.00 (81.07)
[61/294]	0.026 (0.440)	100.00 (81.37)
[62/294]	0.129 (0.435)	100.00 (81.67)
[63/294]	0.188 (0.431)	90.00 (81.80)
[64/294]	0.104 (0.426)	100.00 (82.08)
[65/294]	0.085 (0.421)	100.00 (82.35)
[66/294]	0.435 (0.421)	80.00 (82.31)
[67/294]	0.801 (0.427)	55.00 (81.91)
[68/294]	0.743 (0.432)	60.00 (81.59)
[69/294]	0.764 (0.436)	65.00 (81.36)
[70/294]	0.484 (0.437)	75.00 (81.27)
[71/294]	0.197 (0.434)	90.00 (81.39)
[72/294]	0.200 (0.430)	95.00 (81.58)
[73/294]	0.044 (0.425)	100.00 (81.82)
[74/294]	0.061 (0.420)	100.00 (82.07)
[75/294]	0.177 (0.417)	95.00 (82.24)
[76/294]	0.272 (0.415)	85.00 (82.27)
[77/294]	0.102 (0.411)	95.00 (82.44)
[78/294]	0.180 (0.408)	90.00 (82.53)
[79/294]	0.107 (0.405)	95.00 (82.69)
[80/294]	0.164 (0.402)	95.00 (82.84)
[81/294]	0.188 (0.399)	90.00 (82.93)
[82/294]	0.365 (0.399)	80.00 (82.89)
[83/294]	0.412 (0.399)	75.00 (82.80)
[84/294]	0.655 (0.402)	75.00 (82.71)
[85/294]	0.244 (0.400)	90.00 (82.79)
[86/294]	0.171 (0.397)	95.00 (82.93)
[87/294]	0.255 (0.396)	90.00 (83.01)
[88/294]	0.217 (0.394)	90.00 (83.09)
[89/294]	0.142 (0.391)	100.00 (83.28)
[90/294]	0.021 (0.387)	100.00 (83.46)
[91/294]	0.512 (0.388)	70.00 (83.32)
[92/294]	0.058 (0.385)	100.00 (83.49)
[93/294]	0.269 (0.383)	90.00 (83.56)
[94/294]	0.227 (0.382)	85.00 (83.58)
[95/294]	0.065 (0.378)	100.00 (83.75)
[96/294]	0.098 (0.376)	95.00 (83.87)
[97/294]	0.046 (0.372)	100.00 (84.03)
[98/294]	0.037 (0.369)	100.00 (84.19)
[99/294]	0.282 (0.368)	90.00 (84.25)
[100/294]	0.326 (0.368)	85.00 (84.26)
[101/294]	0.048 (0.364)	100.00 (84.41)
[102/294]	0.112 (0.362)	100.00 (84.56)
[103/294]	0.420 (0.362)	90.00 (84.62)
[104/294]	0.356 (0.362)	85.00 (84.62)
[105/294]	0.001 (0.359)	100.00 (84.76)
[106/294]	0.003 (0.356)	100.00 (84.91)
[107/294]	0.009 (0.352)	100.00 (85.05)
[108/294]	0.007 (0.349)	100.00 (85.18)
[109/294]	0.160 (0.348)	95.00 (85.27)
[110/294]	0.345 (0.348)	80.00 (85.23)
[111/294]	0.199 (0.346)	95.00 (85.31)
[112/294]	0.099 (0.344)	95.00 (85.40)
[113/294]	0.310 (0.344)	90.00 (85.44)
[114/294]	0.344 (0.344)	90.00 (85.48)
[115/294]	0.175 (0.342)	95.00 (85.56)
[116/294]	0.589 (0.344)	60.00 (85.34)
[117/294]	0.668 (0.347)	75.00 (85.25)
[118/294]	1.205 (0.354)	55.00 (85.00)
[119/294]	0.455 (0.355)	75.00 (84.92)
[120/294]	0.056 (0.353)	100.00 (85.04)
[121/294]	0.026 (0.350)	100.00 (85.16)
[122/294]	0.224 (0.349)	90.00 (85.20)
[123/294]	0.994 (0.354)	75.00 (85.12)
[124/294]	0.994 (0.359)	65.00 (84.96)
[125/294]	0.125 (0.357)	95.00 (85.04)
[126/294]	1.288 (0.365)	55.00 (84.80)
[127/294]	0.398 (0.365)	80.00 (84.77)
[128/294]	0.139 (0.363)	100.00 (84.88)
[129/294]	0.067 (0.361)	100.00 (85.00)
[130/294]	0.204 (0.360)	90.00 (85.04)
[131/294]	0.076 (0.358)	100.00 (85.15)
[132/294]	0.196 (0.356)	100.00 (85.26)
[133/294]	0.093 (0.354)	100.00 (85.37)
[134/294]	0.170 (0.353)	100.00 (85.48)
[135/294]	0.233 (0.352)	100.00 (85.59)
[136/294]	0.097 (0.350)	100.00 (85.69)
[137/294]	0.053 (0.348)	100.00 (85.80)
[138/294]	0.099 (0.346)	95.00 (85.86)
[139/294]	0.163 (0.345)	100.00 (85.96)
[140/294]	0.128 (0.344)	100.00 (86.06)
[141/294]	0.216 (0.343)	100.00 (86.16)
[142/294]	0.295 (0.342)	90.00 (86.19)
[143/294]	0.099 (0.341)	100.00 (86.28)
[144/294]	0.154 (0.339)	100.00 (86.38)
[145/294]	0.303 (0.339)	80.00 (86.34)
[146/294]	0.205 (0.338)	90.00 (86.36)
[147/294]	0.184 (0.337)	90.00 (86.39)
[148/294]	0.307 (0.337)	80.00 (86.34)
[149/294]	0.106 (0.335)	100.00 (86.43)
[150/294]	0.123 (0.334)	100.00 (86.52)
[151/294]	0.150 (0.333)	100.00 (86.61)
[152/294]	0.237 (0.332)	90.00 (86.63)
[153/294]	0.173 (0.331)	95.00 (86.69)
[154/294]	0.261 (0.331)	95.00 (86.74)
[155/294]	0.136 (0.329)	95.00 (86.79)
[156/294]	0.124 (0.328)	95.00 (86.85)
[157/294]	0.329 (0.328)	85.00 (86.84)
[158/294]	0.343 (0.328)	90.00 (86.86)
[159/294]	0.273 (0.328)	95.00 (86.91)
[160/294]	0.177 (0.327)	95.00 (86.96)
[161/294]	0.189 (0.326)	100.00 (87.04)
[162/294]	0.150 (0.325)	100.00 (87.12)
[163/294]	0.225 (0.324)	85.00 (87.10)
[164/294]	0.004 (0.322)	100.00 (87.18)
[165/294]	0.107 (0.321)	95.00 (87.23)
[166/294]	0.210 (0.321)	85.00 (87.22)
[167/294]	0.099 (0.319)	100.00 (87.29)
[168/294]	0.117 (0.318)	100.00 (87.37)
[169/294]	0.051 (0.316)	100.00 (87.44)
[170/294]	0.059 (0.315)	100.00 (87.51)
[171/294]	0.062 (0.313)	100.00 (87.59)
[172/294]	0.007 (0.312)	100.00 (87.66)
[173/294]	0.040 (0.310)	100.00 (87.73)
[174/294]	0.025 (0.308)	100.00 (87.80)
[175/294]	0.044 (0.307)	100.00 (87.87)
[176/294]	0.053 (0.306)	95.00 (87.91)
[177/294]	0.009 (0.304)	100.00 (87.98)
[178/294]	0.176 (0.303)	90.00 (87.99)
[179/294]	0.046 (0.302)	100.00 (88.06)
[180/294]	0.365 (0.302)	85.00 (88.04)
[181/294]	0.091 (0.301)	95.00 (88.08)
[182/294]	0.002 (0.299)	100.00 (88.14)
[183/294]	0.009 (0.298)	100.00 (88.21)
[184/294]	0.027 (0.296)	100.00 (88.27)
[185/294]	0.315 (0.296)	90.00 (88.28)
[186/294]	0.070 (0.295)	100.00 (88.34)
[187/294]	0.029 (0.294)	100.00 (88.40)
[188/294]	0.530 (0.295)	75.00 (88.33)
[189/294]	0.889 (0.298)	60.00 (88.18)
[190/294]	0.346 (0.298)	95.00 (88.22)
[191/294]	0.380 (0.299)	80.00 (88.18)
[192/294]	0.012 (0.297)	100.00 (88.24)
[193/294]	0.010 (0.296)	100.00 (88.30)
[194/294]	0.148 (0.295)	95.00 (88.33)
[195/294]	0.055 (0.294)	100.00 (88.39)
[196/294]	0.006 (0.292)	100.00 (88.45)
[197/294]	0.381 (0.293)	80.00 (88.41)
[198/294]	0.731 (0.295)	60.00 (88.27)
[199/294]	0.002 (0.294)	100.00 (88.33)
[200/294]	0.012 (0.292)	100.00 (88.38)
[201/294]	0.079 (0.291)	95.00 (88.42)
[202/294]	0.016 (0.290)	100.00 (88.47)
[203/294]	0.077 (0.289)	100.00 (88.53)
[204/294]	0.271 (0.289)	95.00 (88.56)
[205/294]	0.099 (0.288)	100.00 (88.62)
[206/294]	0.004 (0.286)	100.00 (88.67)
[207/294]	0.102 (0.285)	100.00 (88.73)
[208/294]	0.066 (0.284)	100.00 (88.78)
[209/294]	0.141 (0.284)	100.00 (88.83)
[210/294]	0.087 (0.283)	100.00 (88.89)
[211/294]	0.224 (0.282)	85.00 (88.87)
[212/294]	0.167 (0.282)	100.00 (88.92)
[213/294]	0.019 (0.281)	100.00 (88.97)
[214/294]	0.077 (0.280)	100.00 (89.02)
[215/294]	0.048 (0.279)	100.00 (89.07)
[216/294]	0.004 (0.277)	100.00 (89.12)
[217/294]	0.131 (0.277)	100.00 (89.17)
[218/294]	0.067 (0.276)	100.00 (89.22)
[219/294]	0.025 (0.275)	100.00 (89.27)
[220/294]	0.055 (0.274)	100.00 (89.32)
[221/294]	0.113 (0.273)	95.00 (89.35)
[222/294]	0.216 (0.273)	85.00 (89.33)
[223/294]	0.062 (0.272)	95.00 (89.35)
[224/294]	0.201 (0.271)	90.00 (89.36)
[225/294]	0.324 (0.272)	95.00 (89.38)
[226/294]	0.175 (0.271)	95.00 (89.41)
[227/294]	0.087 (0.270)	100.00 (89.45)
[228/294]	0.222 (0.270)	95.00 (89.48)
[229/294]	0.107 (0.270)	95.00 (89.50)
[230/294]	0.000 (0.268)	100.00 (89.55)
[231/294]	0.447 (0.269)	85.00 (89.53)
[232/294]	0.174 (0.269)	90.00 (89.53)
[233/294]	0.038 (0.268)	100.00 (89.57)
[234/294]	0.015 (0.267)	100.00 (89.62)
[235/294]	0.064 (0.266)	100.00 (89.66)
[236/294]	0.069 (0.265)	100.00 (89.70)
[237/294]	0.058 (0.264)	100.00 (89.75)
[238/294]	0.004 (0.263)	100.00 (89.79)
[239/294]	0.002 (0.262)	100.00 (89.83)
[240/294]	0.003 (0.261)	100.00 (89.88)
[241/294]	0.012 (0.260)	100.00 (89.92)
[242/294]	0.041 (0.259)	100.00 (89.96)
[243/294]	0.047 (0.258)	100.00 (90.00)
[244/294]	0.198 (0.258)	95.00 (90.02)
[245/294]	0.118 (0.257)	95.00 (90.04)
[246/294]	0.330 (0.258)	85.00 (90.02)
[247/294]	0.056 (0.257)	100.00 (90.06)
[248/294]	0.005 (0.256)	100.00 (90.10)
[249/294]	0.010 (0.255)	100.00 (90.14)
[250/294]	0.026 (0.254)	100.00 (90.18)
[251/294]	0.057 (0.253)	100.00 (90.22)
[252/294]	0.033 (0.252)	100.00 (90.26)
[253/294]	0.048 (0.251)	100.00 (90.30)
[254/294]	0.019 (0.250)	100.00 (90.33)
[255/294]	0.172 (0.250)	90.00 (90.33)
[256/294]	0.031 (0.249)	100.00 (90.37)
[257/294]	0.006 (0.248)	100.00 (90.41)
[258/294]	0.005 (0.247)	100.00 (90.44)
[259/294]	0.004 (0.246)	100.00 (90.48)
[260/294]	0.006 (0.246)	100.00 (90.52)
[261/294]	0.005 (0.245)	100.00 (90.55)
[262/294]	0.001 (0.244)	100.00 (90.59)
[263/294]	0.020 (0.243)	100.00 (90.62)
[264/294]	0.134 (0.242)	90.00 (90.62)
[265/294]	0.223 (0.242)	90.00 (90.62)
[266/294]	0.048 (0.242)	100.00 (90.66)
[267/294]	0.034 (0.241)	100.00 (90.69)
[268/294]	0.010 (0.240)	100.00 (90.72)
[269/294]	0.030 (0.239)	100.00 (90.76)
[270/294]	0.031 (0.238)	100.00 (90.79)
[271/294]	0.122 (0.238)	100.00 (90.83)
[272/294]	0.319 (0.238)	85.00 (90.81)
[273/294]	0.001 (0.237)	100.00 (90.84)
[274/294]	0.046 (0.237)	100.00 (90.87)
[275/294]	0.106 (0.236)	95.00 (90.89)
[276/294]	0.114 (0.236)	95.00 (90.90)
[277/294]	0.054 (0.235)	100.00 (90.94)
[278/294]	0.151 (0.235)	90.00 (90.93)
[279/294]	0.257 (0.235)	90.00 (90.93)
[280/294]	0.048 (0.234)	95.00 (90.94)
[281/294]	0.064 (0.234)	95.00 (90.96)
[282/294]	0.006 (0.233)	100.00 (90.99)
[283/294]	0.101 (0.232)	100.00 (91.02)
[284/294]	0.060 (0.232)	100.00 (91.05)
[285/294]	0.073 (0.231)	100.00 (91.08)
[286/294]	0.016 (0.231)	100.00 (91.11)
[287/294]	0.032 (0.230)	100.00 (91.15)
[288/294]	0.076 (0.229)	95.00 (91.16)
[289/294]	0.013 (0.229)	100.00 (91.19)
[290/294]	0.142 (0.228)	95.00 (91.20)
[291/294]	0.001 (0.227)	100.00 (91.23)
[292/294]	0.006 (0.227)	100.00 (91.26)
[293/294]	0.008 (0.226)	100.00 (91.29)
 * Train Acc: 91.293
 * Avg. Data time: 0.005, Avg. Batch time: 0.053, Avg. Forward time: 0.004, Avg. Backward time: 0.039
Computing SI
 * Val Acc: 95.362, Time: 1.78
 * Test Acc: 96.885, Time: 2.37
=============Training Task 1=============
Active output nodes for this task: 
[0, 1, 2, 3]
=============Training Epoch 0=============
#reg terms:  1
Batch	 Loss		 Acc
[0/294]	5.318 (5.318)	0.00 (0.00)
[1/294]	4.922 (5.120)	5.00 (2.50)
[2/294]	3.593 (4.611)	25.00 (10.00)
[3/294]	1.312 (3.786)	40.00 (17.50)
[4/294]	0.712 (3.172)	75.00 (29.00)
[5/294]	0.675 (2.756)	65.00 (35.00)
[6/294]	0.835 (2.481)	60.00 (38.57)
[7/294]	0.986 (2.294)	20.00 (36.25)
[8/294]	0.776 (2.126)	45.00 (37.22)
[9/294]	0.588 (1.972)	70.00 (40.50)
[10/294]	0.852 (1.870)	30.00 (39.55)
[11/294]	0.477 (1.754)	80.00 (42.92)
[12/294]	0.411 (1.651)	90.00 (46.54)
[13/294]	0.388 (1.560)	100.00 (50.36)
[14/294]	0.940 (1.519)	40.00 (49.67)
[15/294]	0.826 (1.476)	45.00 (49.38)
[16/294]	0.613 (1.425)	70.00 (50.59)
[17/294]	0.577 (1.378)	65.00 (51.39)
[18/294]	0.957 (1.356)	35.00 (50.53)
[19/294]	0.797 (1.328)	50.00 (50.50)
[20/294]	0.320 (1.280)	80.00 (51.90)
[21/294]	1.060 (1.270)	50.00 (51.82)
[22/294]	0.894 (1.253)	50.00 (51.74)
[23/294]	0.524 (1.223)	75.00 (52.71)
[24/294]	0.593 (1.198)	65.00 (53.20)
[25/294]	1.073 (1.193)	50.00 (53.08)
[26/294]	1.216 (1.194)	50.00 (52.96)
[27/294]	0.396 (1.165)	85.00 (54.11)
[28/294]	0.503 (1.143)	75.00 (54.83)
[29/294]	0.257 (1.113)	80.00 (55.67)
[30/294]	0.851 (1.105)	55.00 (55.65)
[31/294]	0.872 (1.097)	50.00 (55.47)
[32/294]	0.645 (1.084)	55.00 (55.45)
[33/294]	0.358 (1.062)	80.00 (56.18)
[34/294]	0.193 (1.037)	100.00 (57.43)
[35/294]	0.417 (1.020)	80.00 (58.06)
[36/294]	0.963 (1.019)	50.00 (57.84)
[37/294]	0.476 (1.004)	75.00 (58.29)
[38/294]	0.652 (0.995)	75.00 (58.72)
[39/294]	0.834 (0.991)	55.00 (58.62)
[40/294]	0.377 (0.976)	90.00 (59.39)
[41/294]	0.378 (0.962)	90.00 (60.12)
[42/294]	0.493 (0.951)	70.00 (60.35)
[43/294]	0.573 (0.943)	60.00 (60.34)
[44/294]	0.358 (0.930)	90.00 (61.00)
[45/294]	0.569 (0.922)	75.00 (61.30)
[46/294]	0.686 (0.917)	55.00 (61.17)
[47/294]	0.540 (0.909)	85.00 (61.67)
[48/294]	0.419 (0.899)	70.00 (61.84)
[49/294]	0.289 (0.887)	90.00 (62.40)
[50/294]	0.194 (0.873)	100.00 (63.14)
[51/294]	1.129 (0.878)	55.00 (62.98)
[52/294]	1.298 (0.886)	35.00 (62.45)
[53/294]	1.004 (0.888)	35.00 (61.94)
[54/294]	0.477 (0.881)	80.00 (62.27)
[55/294]	0.342 (0.871)	95.00 (62.86)
[56/294]	0.595 (0.866)	75.00 (63.07)
[57/294]	0.601 (0.862)	55.00 (62.93)
[58/294]	0.880 (0.862)	50.00 (62.71)
[59/294]	0.661 (0.859)	65.00 (62.75)
[60/294]	0.381 (0.851)	100.00 (63.36)
[61/294]	0.386 (0.843)	85.00 (63.71)
[62/294]	0.387 (0.836)	80.00 (63.97)
[63/294]	0.533 (0.831)	65.00 (63.98)
[64/294]	0.337 (0.824)	85.00 (64.31)
[65/294]	0.218 (0.814)	90.00 (64.70)
[66/294]	0.481 (0.810)	75.00 (64.85)
[67/294]	0.684 (0.808)	55.00 (64.71)
[68/294]	0.332 (0.801)	90.00 (65.07)
[69/294]	0.629 (0.798)	60.00 (65.00)
[70/294]	0.633 (0.796)	50.00 (64.79)
[71/294]	0.394 (0.790)	95.00 (65.21)
[72/294]	0.502 (0.786)	70.00 (65.27)
[73/294]	0.295 (0.780)	85.00 (65.54)
[74/294]	0.135 (0.771)	90.00 (65.87)
[75/294]	0.221 (0.764)	100.00 (66.32)
[76/294]	0.459 (0.760)	75.00 (66.43)
[77/294]	0.455 (0.756)	75.00 (66.54)
[78/294]	0.492 (0.753)	70.00 (66.58)
[79/294]	0.684 (0.752)	60.00 (66.50)
[80/294]	0.385 (0.747)	85.00 (66.73)
[81/294]	0.229 (0.741)	95.00 (67.07)
[82/294]	0.153 (0.734)	100.00 (67.47)
[83/294]	0.490 (0.731)	80.00 (67.62)
[84/294]	0.421 (0.727)	80.00 (67.76)
[85/294]	0.317 (0.723)	85.00 (67.97)
[86/294]	0.456 (0.720)	75.00 (68.05)
[87/294]	0.321 (0.715)	85.00 (68.24)
[88/294]	0.143 (0.709)	95.00 (68.54)
[89/294]	0.785 (0.709)	50.00 (68.33)
[90/294]	0.857 (0.711)	55.00 (68.19)
[91/294]	0.319 (0.707)	85.00 (68.37)
[92/294]	0.377 (0.703)	80.00 (68.49)
[93/294]	0.256 (0.699)	95.00 (68.78)
[94/294]	0.283 (0.694)	85.00 (68.95)
[95/294]	0.300 (0.690)	95.00 (69.22)
[96/294]	0.162 (0.685)	95.00 (69.48)
[97/294]	1.132 (0.689)	65.00 (69.44)
[98/294]	1.916 (0.702)	50.00 (69.24)
[99/294]	0.564 (0.700)	60.00 (69.15)
[100/294]	0.208 (0.695)	95.00 (69.41)
[101/294]	0.394 (0.692)	80.00 (69.51)
[102/294]	0.354 (0.689)	90.00 (69.71)
[103/294]	0.150 (0.684)	90.00 (69.90)
[104/294]	0.172 (0.679)	95.00 (70.14)
[105/294]	0.142 (0.674)	90.00 (70.33)
[106/294]	0.804 (0.675)	60.00 (70.23)
[107/294]	0.149 (0.670)	100.00 (70.51)
[108/294]	0.177 (0.666)	100.00 (70.78)
[109/294]	0.325 (0.663)	90.00 (70.95)
[110/294]	1.032 (0.666)	50.00 (70.77)
[111/294]	0.701 (0.666)	55.00 (70.62)
[112/294]	0.418 (0.664)	80.00 (70.71)
[113/294]	0.205 (0.660)	95.00 (70.92)
[114/294]	0.286 (0.657)	85.00 (71.04)
[115/294]	0.274 (0.654)	90.00 (71.21)
[116/294]	0.299 (0.650)	80.00 (71.28)
[117/294]	0.629 (0.650)	65.00 (71.23)
[118/294]	0.437 (0.649)	80.00 (71.30)
[119/294]	0.198 (0.645)	100.00 (71.54)
[120/294]	0.233 (0.641)	90.00 (71.69)
[121/294]	0.159 (0.637)	100.00 (71.93)
[122/294]	0.186 (0.634)	95.00 (72.11)
[123/294]	0.376 (0.632)	75.00 (72.14)
[124/294]	0.287 (0.629)	90.00 (72.28)
[125/294]	0.122 (0.625)	100.00 (72.50)
[126/294]	0.148 (0.621)	100.00 (72.72)
[127/294]	0.118 (0.617)	100.00 (72.93)
[128/294]	0.737 (0.618)	55.00 (72.79)
[129/294]	0.931 (0.621)	70.00 (72.77)
[130/294]	0.258 (0.618)	85.00 (72.86)
[131/294]	0.351 (0.616)	75.00 (72.88)
[132/294]	0.425 (0.614)	90.00 (73.01)
[133/294]	0.275 (0.612)	90.00 (73.13)
[134/294]	0.127 (0.608)	100.00 (73.33)
[135/294]	0.012 (0.604)	100.00 (73.53)
[136/294]	0.014 (0.599)	100.00 (73.72)
[137/294]	0.046 (0.595)	100.00 (73.91)
[138/294]	1.228 (0.600)	60.00 (73.81)
[139/294]	0.865 (0.602)	70.00 (73.79)
[140/294]	0.619 (0.602)	75.00 (73.79)
[141/294]	0.079 (0.598)	100.00 (73.98)
[142/294]	0.246 (0.596)	90.00 (74.09)
[143/294]	0.511 (0.595)	70.00 (74.06)
[144/294]	0.552 (0.595)	75.00 (74.07)
[145/294]	0.160 (0.592)	100.00 (74.25)
[146/294]	0.184 (0.589)	100.00 (74.42)
[147/294]	0.161 (0.586)	100.00 (74.59)
[148/294]	0.188 (0.584)	100.00 (74.77)
[149/294]	0.112 (0.581)	95.00 (74.90)
[150/294]	0.141 (0.578)	90.00 (75.00)
[151/294]	0.332 (0.576)	85.00 (75.07)
[152/294]	0.456 (0.575)	70.00 (75.03)
[153/294]	0.557 (0.575)	75.00 (75.03)
[154/294]	0.563 (0.575)	70.00 (75.00)
[155/294]	0.225 (0.573)	95.00 (75.13)
[156/294]	0.142 (0.570)	95.00 (75.25)
[157/294]	0.313 (0.568)	85.00 (75.32)
[158/294]	0.410 (0.567)	75.00 (75.31)
[159/294]	0.352 (0.566)	80.00 (75.34)
[160/294]	0.304 (0.564)	90.00 (75.43)
[161/294]	0.270 (0.563)	90.00 (75.52)
[162/294]	0.373 (0.561)	80.00 (75.55)
[163/294]	0.436 (0.561)	80.00 (75.58)
[164/294]	0.589 (0.561)	65.00 (75.52)
[165/294]	0.423 (0.560)	75.00 (75.51)
[166/294]	1.107 (0.563)	55.00 (75.39)
[167/294]	0.425 (0.562)	75.00 (75.39)
[168/294]	0.156 (0.560)	100.00 (75.53)
[169/294]	0.331 (0.559)	85.00 (75.59)
[170/294]	0.417 (0.558)	75.00 (75.58)
[171/294]	0.269 (0.556)	90.00 (75.67)
[172/294]	0.128 (0.554)	100.00 (75.81)
[173/294]	0.137 (0.551)	95.00 (75.92)
[174/294]	0.481 (0.551)	75.00 (75.91)
[175/294]	0.266 (0.549)	90.00 (75.99)
[176/294]	0.729 (0.550)	70.00 (75.96)
[177/294]	0.163 (0.548)	95.00 (76.07)
[178/294]	0.040 (0.545)	100.00 (76.20)
[179/294]	0.304 (0.544)	80.00 (76.22)
[180/294]	0.292 (0.543)	95.00 (76.33)
[181/294]	0.247 (0.541)	85.00 (76.37)
[182/294]	0.175 (0.539)	90.00 (76.45)
[183/294]	0.167 (0.537)	95.00 (76.55)
[184/294]	1.999 (0.545)	55.00 (76.43)
[185/294]	1.578 (0.550)	65.00 (76.37)
[186/294]	0.071 (0.548)	100.00 (76.50)
[187/294]	0.064 (0.545)	100.00 (76.62)
[188/294]	0.329 (0.544)	80.00 (76.64)
[189/294]	0.210 (0.542)	85.00 (76.68)
[190/294]	0.178 (0.540)	95.00 (76.78)
[191/294]	0.147 (0.538)	90.00 (76.85)
[192/294]	0.105 (0.536)	100.00 (76.97)
[193/294]	0.149 (0.534)	100.00 (77.09)
[194/294]	0.325 (0.533)	90.00 (77.15)
[195/294]	0.500 (0.533)	70.00 (77.12)
[196/294]	0.462 (0.533)	80.00 (77.13)
[197/294]	0.079 (0.530)	100.00 (77.25)
[198/294]	0.458 (0.530)	70.00 (77.21)
[199/294]	0.399 (0.529)	85.00 (77.25)
[200/294]	0.345 (0.528)	80.00 (77.26)
[201/294]	0.331 (0.527)	90.00 (77.33)
[202/294]	0.262 (0.526)	90.00 (77.39)
[203/294]	0.137 (0.524)	95.00 (77.48)
[204/294]	0.092 (0.522)	100.00 (77.59)
[205/294]	0.310 (0.521)	85.00 (77.62)
[206/294]	0.091 (0.519)	100.00 (77.73)
[207/294]	0.161 (0.517)	100.00 (77.84)
[208/294]	0.160 (0.516)	90.00 (77.89)
[209/294]	0.263 (0.514)	90.00 (77.95)
[210/294]	0.071 (0.512)	100.00 (78.06)
[211/294]	0.105 (0.510)	100.00 (78.16)
[212/294]	0.280 (0.509)	90.00 (78.22)
[213/294]	0.142 (0.507)	95.00 (78.29)
[214/294]	0.098 (0.506)	100.00 (78.40)
[215/294]	0.108 (0.504)	100.00 (78.50)
[216/294]	0.145 (0.502)	95.00 (78.57)
[217/294]	0.159 (0.501)	95.00 (78.65)
[218/294]	0.041 (0.498)	100.00 (78.74)
[219/294]	0.202 (0.497)	95.00 (78.82)
[220/294]	0.318 (0.496)	90.00 (78.87)
[221/294]	0.180 (0.495)	95.00 (78.94)
[222/294]	0.042 (0.493)	100.00 (79.04)
[223/294]	0.079 (0.491)	100.00 (79.13)
[224/294]	0.064 (0.489)	100.00 (79.22)
[225/294]	0.067 (0.487)	100.00 (79.31)
[226/294]	0.167 (0.486)	95.00 (79.38)
[227/294]	0.202 (0.485)	95.00 (79.45)
[228/294]	0.377 (0.484)	85.00 (79.48)
[229/294]	0.098 (0.482)	95.00 (79.54)
[230/294]	0.583 (0.483)	75.00 (79.52)
[231/294]	0.962 (0.485)	65.00 (79.46)
[232/294]	0.083 (0.483)	100.00 (79.55)
[233/294]	0.027 (0.481)	100.00 (79.64)
[234/294]	0.227 (0.480)	90.00 (79.68)
[235/294]	0.317 (0.479)	90.00 (79.72)
[236/294]	0.173 (0.478)	95.00 (79.79)
[237/294]	0.173 (0.477)	95.00 (79.85)
[238/294]	0.376 (0.476)	80.00 (79.85)
[239/294]	0.363 (0.476)	80.00 (79.85)
[240/294]	0.097 (0.474)	100.00 (79.94)
[241/294]	0.090 (0.473)	100.00 (80.02)
[242/294]	0.306 (0.472)	80.00 (80.02)
[243/294]	0.108 (0.471)	95.00 (80.08)
[244/294]	0.061 (0.469)	100.00 (80.16)
[245/294]	0.057 (0.467)	100.00 (80.24)
[246/294]	0.048 (0.466)	100.00 (80.32)
[247/294]	0.093 (0.464)	100.00 (80.40)
[248/294]	0.194 (0.463)	95.00 (80.46)
[249/294]	0.408 (0.463)	75.00 (80.44)
[250/294]	0.140 (0.461)	95.00 (80.50)
[251/294]	0.012 (0.460)	100.00 (80.58)
[252/294]	0.012 (0.458)	100.00 (80.65)
[253/294]	0.012 (0.456)	100.00 (80.73)
[254/294]	0.369 (0.456)	85.00 (80.75)
[255/294]	0.182 (0.455)	90.00 (80.78)
[256/294]	0.170 (0.454)	85.00 (80.80)
[257/294]	0.388 (0.453)	80.00 (80.79)
[258/294]	0.093 (0.452)	100.00 (80.87)
[259/294]	0.184 (0.451)	90.00 (80.90)
[260/294]	0.263 (0.450)	85.00 (80.92)
[261/294]	0.975 (0.452)	55.00 (80.82)
[262/294]	0.386 (0.452)	75.00 (80.80)
[263/294]	0.073 (0.451)	100.00 (80.87)
[264/294]	0.094 (0.449)	100.00 (80.94)
[265/294]	0.181 (0.448)	95.00 (81.00)
[266/294]	0.354 (0.448)	80.00 (80.99)
[267/294]	0.474 (0.448)	80.00 (80.99)
[268/294]	0.379 (0.448)	80.00 (80.99)
[269/294]	0.087 (0.446)	95.00 (81.04)
[270/294]	0.004 (0.445)	100.00 (81.11)
[271/294]	0.044 (0.443)	100.00 (81.18)
[272/294]	0.161 (0.442)	95.00 (81.23)
[273/294]	0.121 (0.441)	95.00 (81.28)
[274/294]	0.046 (0.440)	100.00 (81.35)
[275/294]	1.001 (0.442)	60.00 (81.27)
[276/294]	0.656 (0.442)	75.00 (81.25)
[277/294]	0.034 (0.441)	100.00 (81.31)
[278/294]	0.037 (0.440)	100.00 (81.38)
[279/294]	0.022 (0.438)	100.00 (81.45)
[280/294]	0.087 (0.437)	95.00 (81.49)
[281/294]	0.287 (0.436)	85.00 (81.51)
[282/294]	0.092 (0.435)	100.00 (81.57)
[283/294]	0.143 (0.434)	95.00 (81.62)
[284/294]	0.035 (0.433)	100.00 (81.68)
[285/294]	0.732 (0.434)	70.00 (81.64)
[286/294]	0.194 (0.433)	95.00 (81.69)
[287/294]	0.190 (0.432)	90.00 (81.72)
[288/294]	0.364 (0.432)	75.00 (81.70)
[289/294]	0.232 (0.431)	90.00 (81.72)
[290/294]	0.158 (0.430)	95.00 (81.77)
[291/294]	0.129 (0.429)	95.00 (81.82)
[292/294]	0.187 (0.428)	90.00 (81.84)
[293/294]	0.052 (0.428)	100.00 (81.86)
 * Train Acc: 81.862
 * Avg. Data time: 0.004, Avg. Batch time: 0.064, Avg. Forward time: 0.004, Avg. Backward time: 0.051
Computing SI
 * Val Acc: 39.954, Time: 1.90
 * Test Acc: 42.673, Time: 3.58
=============Training Task 2=============
Active output nodes for this task: 
[0, 1, 2, 3, 4, 5]
=============Training Epoch 0=============
#reg terms:  1
Batch	 Loss		 Acc
[0/294]	6.877 (6.877)	0.00 (0.00)
[1/294]	6.026 (6.451)	0.00 (0.00)
[2/294]	5.193 (6.032)	0.00 (0.00)
[3/294]	4.414 (5.627)	0.00 (0.00)
[4/294]	2.946 (5.091)	0.00 (0.00)
[5/294]	2.732 (4.698)	0.00 (0.00)
[6/294]	2.460 (4.378)	0.00 (0.00)
[7/294]	1.796 (4.055)	0.00 (0.00)
[8/294]	1.754 (3.800)	5.00 (0.56)
[9/294]	1.595 (3.579)	25.00 (3.00)
[10/294]	1.559 (3.396)	40.00 (6.36)
[11/294]	1.365 (3.226)	50.00 (10.00)
[12/294]	1.409 (3.086)	50.00 (13.08)
[13/294]	1.354 (2.963)	50.00 (15.71)
[14/294]	1.267 (2.850)	50.00 (18.00)
[15/294]	1.183 (2.745)	85.00 (22.19)
[16/294]	1.096 (2.648)	100.00 (26.76)
[17/294]	1.075 (2.561)	95.00 (30.56)
[18/294]	1.155 (2.487)	50.00 (31.58)
[19/294]	1.009 (2.413)	70.00 (33.50)
[20/294]	0.931 (2.342)	80.00 (35.71)
[21/294]	0.965 (2.280)	70.00 (37.27)
[22/294]	0.897 (2.220)	70.00 (38.70)
[23/294]	0.774 (2.160)	85.00 (40.62)
[24/294]	0.779 (2.104)	65.00 (41.60)
[25/294]	0.774 (2.053)	75.00 (42.88)
[26/294]	0.739 (2.004)	75.00 (44.07)
[27/294]	0.661 (1.956)	70.00 (45.00)
[28/294]	0.654 (1.912)	75.00 (46.03)
[29/294]	0.656 (1.870)	70.00 (46.83)
[30/294]	0.700 (1.832)	50.00 (46.94)
[31/294]	0.762 (1.799)	45.00 (46.88)
[32/294]	0.525 (1.760)	80.00 (47.88)
[33/294]	0.559 (1.725)	75.00 (48.68)
[34/294]	0.623 (1.693)	70.00 (49.29)
[35/294]	0.577 (1.662)	60.00 (49.58)
[36/294]	0.532 (1.632)	70.00 (50.14)
[37/294]	0.466 (1.601)	75.00 (50.79)
[38/294]	0.593 (1.575)	60.00 (51.03)
[39/294]	0.602 (1.551)	65.00 (51.38)
[40/294]	0.506 (1.525)	90.00 (52.32)
[41/294]	0.748 (1.507)	40.00 (52.02)
[42/294]	0.994 (1.495)	50.00 (51.98)
[43/294]	0.673 (1.476)	75.00 (52.50)
[44/294]	0.571 (1.456)	85.00 (53.22)
[45/294]	0.702 (1.440)	50.00 (53.15)
[46/294]	0.456 (1.419)	70.00 (53.51)
[47/294]	0.522 (1.400)	50.00 (53.44)
[48/294]	0.496 (1.382)	65.00 (53.67)
[49/294]	0.611 (1.366)	65.00 (53.90)
[50/294]	0.623 (1.352)	60.00 (54.02)
[51/294]	0.564 (1.336)	80.00 (54.52)
[52/294]	0.483 (1.320)	70.00 (54.81)
[53/294]	0.751 (1.310)	55.00 (54.81)
[54/294]	0.663 (1.298)	60.00 (54.91)
[55/294]	0.508 (1.284)	95.00 (55.62)
[56/294]	0.305 (1.267)	100.00 (56.40)
[57/294]	0.386 (1.252)	90.00 (56.98)
[58/294]	0.532 (1.239)	80.00 (57.37)
[59/294]	0.583 (1.228)	75.00 (57.67)
[60/294]	0.488 (1.216)	80.00 (58.03)
[61/294]	0.611 (1.207)	65.00 (58.15)
[62/294]	0.785 (1.200)	50.00 (58.02)
[63/294]	0.358 (1.187)	100.00 (58.67)
[64/294]	0.581 (1.177)	60.00 (58.69)
[65/294]	0.608 (1.169)	60.00 (58.71)
[66/294]	0.638 (1.161)	60.00 (58.73)
[67/294]	0.492 (1.151)	85.00 (59.12)
[68/294]	0.629 (1.143)	65.00 (59.20)
[69/294]	0.720 (1.137)	55.00 (59.14)
[70/294]	0.607 (1.130)	65.00 (59.23)
[71/294]	0.586 (1.122)	75.00 (59.44)
[72/294]	0.590 (1.115)	85.00 (59.79)
[73/294]	0.592 (1.108)	70.00 (59.93)
[74/294]	0.677 (1.102)	55.00 (59.87)
[75/294]	0.587 (1.095)	70.00 (60.00)
[76/294]	0.664 (1.090)	50.00 (59.87)
[77/294]	0.453 (1.082)	90.00 (60.26)
[78/294]	0.461 (1.074)	80.00 (60.51)
[79/294]	0.503 (1.067)	85.00 (60.81)
[80/294]	0.821 (1.064)	50.00 (60.68)
[81/294]	0.585 (1.058)	75.00 (60.85)
[82/294]	0.455 (1.051)	85.00 (61.14)
[83/294]	0.459 (1.044)	90.00 (61.49)
[84/294]	0.452 (1.037)	70.00 (61.59)
[85/294]	0.627 (1.032)	75.00 (61.74)
[86/294]	0.523 (1.026)	75.00 (61.90)
[87/294]	0.344 (1.018)	95.00 (62.27)
[88/294]	0.483 (1.012)	75.00 (62.42)
[89/294]	0.555 (1.007)	80.00 (62.61)
[90/294]	0.637 (1.003)	70.00 (62.69)
[91/294]	0.546 (0.998)	50.00 (62.55)
[92/294]	0.426 (0.992)	75.00 (62.69)
[93/294]	0.357 (0.985)	90.00 (62.98)
[94/294]	0.612 (0.981)	60.00 (62.95)
[95/294]	0.380 (0.975)	80.00 (63.12)
[96/294]	0.249 (0.968)	90.00 (63.40)
[97/294]	0.247 (0.960)	95.00 (63.72)
[98/294]	0.578 (0.956)	65.00 (63.74)
[99/294]	0.633 (0.953)	65.00 (63.75)
[100/294]	0.518 (0.949)	75.00 (63.86)
[101/294]	0.490 (0.944)	55.00 (63.77)
[102/294]	0.371 (0.939)	90.00 (64.03)
[103/294]	0.432 (0.934)	85.00 (64.23)
[104/294]	0.335 (0.928)	85.00 (64.43)
[105/294]	0.430 (0.923)	90.00 (64.67)
[106/294]	0.770 (0.922)	55.00 (64.58)
[107/294]	0.862 (0.921)	60.00 (64.54)
[108/294]	0.282 (0.916)	90.00 (64.77)
[109/294]	0.236 (0.909)	100.00 (65.09)
[110/294]	0.471 (0.905)	70.00 (65.14)
[111/294]	0.866 (0.905)	35.00 (64.87)
[112/294]	0.466 (0.901)	75.00 (64.96)
[113/294]	0.454 (0.897)	75.00 (65.04)
[114/294]	0.496 (0.894)	70.00 (65.09)
[115/294]	0.403 (0.890)	90.00 (65.30)
[116/294]	0.152 (0.883)	100.00 (65.60)
[117/294]	0.132 (0.877)	100.00 (65.89)
[118/294]	0.129 (0.871)	100.00 (66.18)
[119/294]	0.285 (0.866)	95.00 (66.42)
[120/294]	0.342 (0.861)	85.00 (66.57)
[121/294]	0.365 (0.857)	85.00 (66.72)
[122/294]	0.435 (0.854)	75.00 (66.79)
[123/294]	0.136 (0.848)	95.00 (67.02)
[124/294]	0.167 (0.843)	100.00 (67.28)
[125/294]	0.213 (0.838)	100.00 (67.54)
[126/294]	0.121 (0.832)	100.00 (67.80)
[127/294]	0.160 (0.827)	100.00 (68.05)
[128/294]	0.217 (0.822)	100.00 (68.29)
[129/294]	0.171 (0.817)	100.00 (68.54)
[130/294]	0.184 (0.812)	100.00 (68.78)
[131/294]	0.213 (0.808)	95.00 (68.98)
[132/294]	0.266 (0.804)	90.00 (69.14)
[133/294]	0.182 (0.799)	100.00 (69.37)
[134/294]	0.214 (0.795)	90.00 (69.52)
[135/294]	0.254 (0.791)	95.00 (69.71)
[136/294]	0.641 (0.790)	60.00 (69.64)
[137/294]	0.208 (0.785)	95.00 (69.82)
[138/294]	0.310 (0.782)	85.00 (69.93)
[139/294]	0.530 (0.780)	60.00 (69.86)
[140/294]	0.558 (0.779)	60.00 (69.79)
[141/294]	0.384 (0.776)	80.00 (69.86)
[142/294]	0.424 (0.773)	70.00 (69.86)
[143/294]	0.219 (0.769)	85.00 (69.97)
[144/294]	0.363 (0.767)	80.00 (70.03)
[145/294]	0.278 (0.763)	90.00 (70.17)
[146/294]	0.123 (0.759)	100.00 (70.37)
[147/294]	0.129 (0.755)	100.00 (70.57)
[148/294]	0.242 (0.751)	90.00 (70.70)
[149/294]	0.297 (0.748)	75.00 (70.73)
[150/294]	0.123 (0.744)	95.00 (70.89)
[151/294]	0.295 (0.741)	85.00 (70.99)
[152/294]	0.141 (0.737)	100.00 (71.18)
[153/294]	0.140 (0.733)	95.00 (71.33)
[154/294]	0.274 (0.730)	90.00 (71.45)
[155/294]	0.169 (0.727)	95.00 (71.60)
[156/294]	0.086 (0.723)	100.00 (71.78)
[157/294]	0.065 (0.719)	100.00 (71.96)
[158/294]	0.370 (0.716)	75.00 (71.98)
[159/294]	0.453 (0.715)	80.00 (72.03)
[160/294]	0.069 (0.711)	100.00 (72.20)
[161/294]	0.049 (0.707)	100.00 (72.38)
[162/294]	0.433 (0.705)	85.00 (72.45)
[163/294]	0.284 (0.702)	90.00 (72.56)
[164/294]	0.033 (0.698)	100.00 (72.73)
[165/294]	0.487 (0.697)	80.00 (72.77)
[166/294]	0.390 (0.695)	75.00 (72.78)
[167/294]	0.115 (0.692)	100.00 (72.95)
[168/294]	0.292 (0.689)	85.00 (73.02)
[169/294]	0.307 (0.687)	85.00 (73.09)
[170/294]	0.058 (0.683)	100.00 (73.25)
[171/294]	0.053 (0.680)	100.00 (73.40)
[172/294]	0.055 (0.676)	100.00 (73.55)
[173/294]	0.087 (0.673)	100.00 (73.71)
[174/294]	0.306 (0.671)	85.00 (73.77)
[175/294]	0.063 (0.667)	100.00 (73.92)
[176/294]	0.231 (0.665)	85.00 (73.98)
[177/294]	0.339 (0.663)	70.00 (73.96)
[178/294]	0.249 (0.661)	90.00 (74.05)
[179/294]	0.150 (0.658)	95.00 (74.17)
[180/294]	0.452 (0.657)	75.00 (74.17)
[181/294]	0.855 (0.658)	70.00 (74.15)
[182/294]	0.340 (0.656)	80.00 (74.18)
[183/294]	0.067 (0.653)	100.00 (74.32)
[184/294]	0.040 (0.649)	100.00 (74.46)
[185/294]	0.015 (0.646)	100.00 (74.60)
[186/294]	0.567 (0.646)	75.00 (74.60)
[187/294]	0.579 (0.645)	80.00 (74.63)
[188/294]	0.035 (0.642)	100.00 (74.76)
[189/294]	0.116 (0.639)	100.00 (74.89)
[190/294]	0.078 (0.636)	100.00 (75.03)
[191/294]	0.018 (0.633)	100.00 (75.16)
[192/294]	0.010 (0.630)	100.00 (75.28)
[193/294]	0.007 (0.627)	100.00 (75.41)
[194/294]	0.023 (0.624)	100.00 (75.54)
[195/294]	0.080 (0.621)	100.00 (75.66)
[196/294]	0.653 (0.621)	65.00 (75.61)
[197/294]	0.372 (0.620)	80.00 (75.63)
[198/294]	0.101 (0.617)	95.00 (75.73)
[199/294]	0.014 (0.614)	100.00 (75.85)
[200/294]	0.103 (0.612)	95.00 (75.95)
[201/294]	0.193 (0.609)	95.00 (76.04)
[202/294]	0.071 (0.607)	100.00 (76.16)
[203/294]	0.149 (0.605)	95.00 (76.25)
[204/294]	0.299 (0.603)	85.00 (76.29)
[205/294]	0.127 (0.601)	95.00 (76.38)
[206/294]	0.144 (0.599)	95.00 (76.47)
[207/294]	0.095 (0.596)	100.00 (76.59)
[208/294]	0.061 (0.594)	100.00 (76.70)
[209/294]	0.020 (0.591)	100.00 (76.81)
[210/294]	0.073 (0.588)	100.00 (76.92)
[211/294]	0.109 (0.586)	100.00 (77.03)
[212/294]	0.076 (0.584)	100.00 (77.14)
[213/294]	0.039 (0.581)	100.00 (77.24)
[214/294]	0.701 (0.582)	60.00 (77.16)
[215/294]	0.493 (0.581)	70.00 (77.13)
[216/294]	0.092 (0.579)	100.00 (77.24)
[217/294]	0.219 (0.577)	95.00 (77.32)
[218/294]	0.117 (0.575)	100.00 (77.42)
[219/294]	0.063 (0.573)	100.00 (77.52)
[220/294]	0.044 (0.571)	100.00 (77.62)
[221/294]	0.097 (0.568)	95.00 (77.70)
[222/294]	0.111 (0.566)	100.00 (77.80)
[223/294]	0.211 (0.565)	90.00 (77.86)
[224/294]	0.018 (0.562)	100.00 (77.96)
[225/294]	0.038 (0.560)	100.00 (78.05)
[226/294]	0.407 (0.559)	85.00 (78.08)
[227/294]	0.028 (0.557)	100.00 (78.18)
[228/294]	0.064 (0.555)	100.00 (78.28)
[229/294]	0.117 (0.553)	100.00 (78.37)
[230/294]	0.162 (0.551)	100.00 (78.46)
[231/294]	0.084 (0.549)	95.00 (78.53)
[232/294]	0.066 (0.547)	95.00 (78.61)
[233/294]	0.079 (0.545)	100.00 (78.70)
[234/294]	0.227 (0.544)	85.00 (78.72)
[235/294]	0.046 (0.542)	100.00 (78.81)
[236/294]	0.088 (0.540)	95.00 (78.88)
[237/294]	0.102 (0.538)	95.00 (78.95)
[238/294]	0.280 (0.537)	90.00 (79.00)
[239/294]	0.163 (0.535)	95.00 (79.06)
[240/294]	0.105 (0.534)	100.00 (79.15)
[241/294]	0.241 (0.532)	90.00 (79.19)
[242/294]	0.337 (0.532)	85.00 (79.22)
[243/294]	0.246 (0.530)	85.00 (79.24)
[244/294]	0.096 (0.529)	100.00 (79.33)
[245/294]	0.024 (0.527)	100.00 (79.41)
[246/294]	0.015 (0.525)	100.00 (79.49)
[247/294]	0.037 (0.523)	100.00 (79.58)
[248/294]	0.050 (0.521)	100.00 (79.66)
[249/294]	0.031 (0.519)	100.00 (79.74)
[250/294]	0.123 (0.517)	90.00 (79.78)
[251/294]	0.057 (0.515)	100.00 (79.86)
[252/294]	0.003 (0.513)	100.00 (79.94)
[253/294]	0.032 (0.511)	100.00 (80.02)
[254/294]	0.057 (0.510)	100.00 (80.10)
[255/294]	0.022 (0.508)	100.00 (80.18)
[256/294]	0.044 (0.506)	100.00 (80.25)
[257/294]	0.049 (0.504)	100.00 (80.33)
[258/294]	0.025 (0.502)	100.00 (80.41)
[259/294]	0.252 (0.501)	90.00 (80.44)
[260/294]	0.208 (0.500)	95.00 (80.50)
[261/294]	0.678 (0.501)	70.00 (80.46)
[262/294]	0.409 (0.501)	75.00 (80.44)
[263/294]	0.117 (0.499)	95.00 (80.49)
[264/294]	0.087 (0.498)	100.00 (80.57)
[265/294]	0.251 (0.497)	85.00 (80.58)
[266/294]	0.023 (0.495)	100.00 (80.66)
[267/294]	0.051 (0.493)	100.00 (80.73)
[268/294]	0.255 (0.492)	90.00 (80.76)
[269/294]	0.202 (0.491)	90.00 (80.80)
[270/294]	0.031 (0.490)	100.00 (80.87)
[271/294]	0.243 (0.489)	80.00 (80.86)
[272/294]	0.314 (0.488)	85.00 (80.88)
[273/294]	0.006 (0.486)	100.00 (80.95)
[274/294]	0.014 (0.484)	100.00 (81.02)
[275/294]	0.017 (0.483)	100.00 (81.09)
[276/294]	0.141 (0.482)	100.00 (81.16)
[277/294]	0.199 (0.481)	95.00 (81.21)
[278/294]	0.090 (0.479)	95.00 (81.25)
[279/294]	0.021 (0.478)	100.00 (81.32)
[280/294]	0.040 (0.476)	100.00 (81.39)
[281/294]	0.064 (0.474)	100.00 (81.45)
[282/294]	0.120 (0.473)	95.00 (81.50)
[283/294]	0.261 (0.472)	80.00 (81.50)
[284/294]	0.147 (0.471)	95.00 (81.54)
[285/294]	0.117 (0.470)	100.00 (81.61)
[286/294]	0.545 (0.470)	75.00 (81.59)
[287/294]	0.024 (0.469)	100.00 (81.65)
[288/294]	0.018 (0.467)	100.00 (81.71)
[289/294]	0.032 (0.466)	100.00 (81.78)
[290/294]	0.139 (0.465)	95.00 (81.82)
[291/294]	0.142 (0.464)	95.00 (81.87)
[292/294]	0.044 (0.462)	100.00 (81.93)
[293/294]	0.008 (0.461)	100.00 (81.99)
 * Train Acc: 81.990
 * Avg. Data time: 0.005, Avg. Batch time: 0.064, Avg. Forward time: 0.004, Avg. Backward time: 0.051
Computing SI
 * Val Acc: 30.251, Time: 2.21
 * Test Acc: 32.173, Time: 4.81
=============Training Task 3=============
Active output nodes for this task: 
[0, 1, 2, 3, 4, 5, 6, 7]
=============Training Epoch 0=============
#reg terms:  1
Batch	 Loss		 Acc
[0/294]	8.153 (8.153)	0.00 (0.00)
[1/294]	7.621 (7.887)	0.00 (0.00)
[2/294]	6.764 (7.512)	0.00 (0.00)
[3/294]	4.687 (6.806)	0.00 (0.00)
[4/294]	4.228 (6.290)	0.00 (0.00)
[5/294]	4.226 (5.946)	0.00 (0.00)
[6/294]	4.135 (5.688)	0.00 (0.00)
[7/294]	2.505 (5.290)	0.00 (0.00)
[8/294]	2.085 (4.934)	20.00 (2.22)
[9/294]	2.280 (4.668)	0.00 (2.00)
[10/294]	2.030 (4.429)	5.00 (2.27)
[11/294]	1.841 (4.213)	30.00 (4.58)
[12/294]	1.755 (4.024)	45.00 (7.69)
[13/294]	1.633 (3.853)	40.00 (10.00)
[14/294]	1.386 (3.689)	55.00 (13.00)
[15/294]	1.182 (3.532)	65.00 (16.25)
[16/294]	1.189 (3.394)	60.00 (18.82)
[17/294]	1.462 (3.287)	95.00 (23.06)
[18/294]	2.001 (3.219)	50.00 (24.47)
[19/294]	1.881 (3.152)	65.00 (26.50)
[20/294]	1.497 (3.073)	70.00 (28.57)
[21/294]	0.896 (2.974)	80.00 (30.91)
[22/294]	0.798 (2.880)	80.00 (33.04)
[23/294]	0.650 (2.787)	100.00 (35.83)
[24/294]	0.847 (2.709)	100.00 (38.40)
[25/294]	0.919 (2.640)	70.00 (39.62)
[26/294]	1.107 (2.584)	50.00 (40.00)
[27/294]	1.319 (2.538)	40.00 (40.00)
[28/294]	0.664 (2.474)	95.00 (41.90)
[29/294]	0.449 (2.406)	100.00 (43.83)
[30/294]	0.341 (2.340)	100.00 (45.65)
[31/294]	0.293 (2.276)	100.00 (47.34)
[32/294]	0.312 (2.216)	90.00 (48.64)
[33/294]	0.187 (2.157)	95.00 (50.00)
[34/294]	0.346 (2.105)	95.00 (51.29)
[35/294]	0.245 (2.053)	90.00 (52.36)
[36/294]	0.054 (1.999)	100.00 (53.65)
[37/294]	0.063 (1.948)	100.00 (54.87)
[38/294]	0.344 (1.907)	90.00 (55.77)
[39/294]	0.227 (1.865)	95.00 (56.75)
[40/294]	0.111 (1.822)	100.00 (57.80)
[41/294]	0.123 (1.782)	100.00 (58.81)
[42/294]	0.874 (1.761)	60.00 (58.84)
[43/294]	0.436 (1.731)	70.00 (59.09)
[44/294]	0.325 (1.699)	80.00 (59.56)
[45/294]	0.043 (1.663)	100.00 (60.43)
[46/294]	0.099 (1.630)	95.00 (61.17)
[47/294]	0.091 (1.598)	100.00 (61.98)
[48/294]	0.040 (1.566)	100.00 (62.76)
[49/294]	1.035 (1.556)	35.00 (62.20)
[50/294]	0.416 (1.533)	70.00 (62.35)
[51/294]	0.190 (1.507)	90.00 (62.88)
[52/294]	0.184 (1.482)	100.00 (63.58)
[53/294]	0.301 (1.461)	85.00 (63.98)
[54/294]	0.483 (1.443)	85.00 (64.36)
[55/294]	0.066 (1.418)	100.00 (65.00)
[56/294]	0.019 (1.394)	100.00 (65.61)
[57/294]	0.257 (1.374)	85.00 (65.95)
[58/294]	0.273 (1.355)	90.00 (66.36)
[59/294]	0.021 (1.333)	100.00 (66.92)
[60/294]	0.019 (1.312)	100.00 (67.46)
[61/294]	0.151 (1.293)	95.00 (67.90)
[62/294]	0.509 (1.280)	70.00 (67.94)
[63/294]	0.827 (1.273)	55.00 (67.73)
[64/294]	0.268 (1.258)	80.00 (67.92)
[65/294]	0.062 (1.240)	100.00 (68.41)
[66/294]	0.044 (1.222)	100.00 (68.88)
[67/294]	0.386 (1.210)	80.00 (69.04)
[68/294]	0.400 (1.198)	80.00 (69.20)
[69/294]	0.244 (1.184)	90.00 (69.50)
[70/294]	0.199 (1.170)	95.00 (69.86)
[71/294]	0.453 (1.160)	85.00 (70.07)
[72/294]	0.159 (1.147)	100.00 (70.48)
[73/294]	0.145 (1.133)	95.00 (70.81)
[74/294]	1.136 (1.133)	60.00 (70.67)
[75/294]	0.664 (1.127)	65.00 (70.59)
[76/294]	0.602 (1.120)	80.00 (70.71)
[77/294]	0.056 (1.107)	100.00 (71.09)
[78/294]	0.254 (1.096)	80.00 (71.20)
[79/294]	0.582 (1.089)	70.00 (71.19)
[80/294]	1.264 (1.092)	50.00 (70.93)
[81/294]	0.111 (1.080)	95.00 (71.22)
[82/294]	0.067 (1.067)	100.00 (71.57)
[83/294]	0.058 (1.055)	100.00 (71.90)
[84/294]	0.064 (1.044)	100.00 (72.24)
[85/294]	0.362 (1.036)	95.00 (72.50)
[86/294]	0.506 (1.030)	85.00 (72.64)
[87/294]	0.620 (1.025)	50.00 (72.39)
[88/294]	0.498 (1.019)	75.00 (72.42)
[89/294]	0.471 (1.013)	80.00 (72.50)
[90/294]	0.407 (1.006)	65.00 (72.42)
[91/294]	0.124 (0.997)	100.00 (72.72)
[92/294]	0.137 (0.988)	100.00 (73.01)
[93/294]	0.159 (0.979)	95.00 (73.24)
[94/294]	0.696 (0.976)	80.00 (73.32)
[95/294]	0.233 (0.968)	90.00 (73.49)
[96/294]	0.105 (0.959)	95.00 (73.71)
[97/294]	0.031 (0.950)	100.00 (73.98)
[98/294]	0.051 (0.941)	100.00 (74.24)
[99/294]	0.161 (0.933)	95.00 (74.45)
[100/294]	0.128 (0.925)	95.00 (74.65)
[101/294]	0.085 (0.917)	100.00 (74.90)
[102/294]	0.036 (0.908)	100.00 (75.15)
[103/294]	0.018 (0.899)	100.00 (75.38)
[104/294]	0.549 (0.896)	75.00 (75.38)
[105/294]	0.015 (0.888)	100.00 (75.61)
[106/294]	0.030 (0.880)	100.00 (75.84)
[107/294]	0.094 (0.873)	100.00 (76.06)
[108/294]	0.012 (0.865)	100.00 (76.28)
[109/294]	0.023 (0.857)	100.00 (76.50)
[110/294]	0.028 (0.849)	100.00 (76.71)
[111/294]	0.033 (0.842)	100.00 (76.92)
[112/294]	0.015 (0.835)	100.00 (77.12)
[113/294]	0.076 (0.828)	95.00 (77.28)
[114/294]	0.221 (0.823)	90.00 (77.39)
[115/294]	0.764 (0.822)	50.00 (77.16)
[116/294]	0.188 (0.817)	90.00 (77.26)
[117/294]	0.088 (0.811)	100.00 (77.46)
[118/294]	0.170 (0.805)	100.00 (77.65)
[119/294]	0.047 (0.799)	100.00 (77.83)
[120/294]	0.037 (0.793)	100.00 (78.02)
[121/294]	0.031 (0.787)	100.00 (78.20)
[122/294]	0.181 (0.782)	90.00 (78.29)
[123/294]	0.158 (0.777)	95.00 (78.43)
[124/294]	0.176 (0.772)	90.00 (78.52)
[125/294]	0.097 (0.766)	100.00 (78.69)
[126/294]	0.392 (0.764)	75.00 (78.66)
[127/294]	0.220 (0.759)	90.00 (78.75)
[128/294]	0.063 (0.754)	95.00 (78.88)
[129/294]	0.066 (0.749)	100.00 (79.04)
[130/294]	0.140 (0.744)	100.00 (79.20)
[131/294]	0.407 (0.741)	80.00 (79.20)
[132/294]	0.442 (0.739)	80.00 (79.21)
[133/294]	0.058 (0.734)	100.00 (79.37)
[134/294]	0.085 (0.729)	100.00 (79.52)
[135/294]	0.148 (0.725)	95.00 (79.63)
[136/294]	0.171 (0.721)	90.00 (79.71)
[137/294]	0.186 (0.717)	90.00 (79.78)
[138/294]	0.025 (0.712)	100.00 (79.93)
[139/294]	0.031 (0.707)	100.00 (80.07)
[140/294]	0.340 (0.705)	90.00 (80.14)
[141/294]	0.527 (0.703)	85.00 (80.18)
[142/294]	0.460 (0.702)	80.00 (80.17)
[143/294]	0.045 (0.697)	100.00 (80.31)
[144/294]	0.115 (0.693)	95.00 (80.41)
[145/294]	0.038 (0.689)	100.00 (80.55)
[146/294]	0.580 (0.688)	70.00 (80.48)
[147/294]	0.199 (0.685)	85.00 (80.51)
[148/294]	0.031 (0.680)	100.00 (80.64)
[149/294]	0.042 (0.676)	100.00 (80.77)
[150/294]	0.076 (0.672)	100.00 (80.89)
[151/294]	0.051 (0.668)	100.00 (81.02)
[152/294]	0.043 (0.664)	100.00 (81.14)
[153/294]	0.510 (0.663)	70.00 (81.07)
[154/294]	0.103 (0.659)	100.00 (81.19)
[155/294]	0.089 (0.656)	100.00 (81.31)
[156/294]	0.163 (0.652)	95.00 (81.40)
[157/294]	0.210 (0.650)	90.00 (81.46)
[158/294]	0.080 (0.646)	95.00 (81.54)
[159/294]	0.074 (0.642)	95.00 (81.62)
[160/294]	0.131 (0.639)	100.00 (81.74)
[161/294]	0.195 (0.637)	95.00 (81.82)
[162/294]	0.266 (0.634)	90.00 (81.87)
[163/294]	0.281 (0.632)	90.00 (81.92)
[164/294]	0.109 (0.629)	100.00 (82.03)
[165/294]	0.460 (0.628)	85.00 (82.05)
[166/294]	0.263 (0.626)	90.00 (82.10)
[167/294]	0.211 (0.623)	95.00 (82.17)
[168/294]	0.063 (0.620)	100.00 (82.28)
[169/294]	0.057 (0.617)	100.00 (82.38)
[170/294]	0.032 (0.613)	100.00 (82.49)
[171/294]	0.125 (0.610)	95.00 (82.56)
[172/294]	0.741 (0.611)	60.00 (82.43)
[173/294]	0.486 (0.610)	60.00 (82.30)
[174/294]	0.063 (0.607)	100.00 (82.40)
[175/294]	0.432 (0.606)	75.00 (82.36)
[176/294]	0.175 (0.604)	95.00 (82.43)
[177/294]	0.034 (0.601)	100.00 (82.53)
[178/294]	0.014 (0.597)	100.00 (82.63)
[179/294]	0.186 (0.595)	90.00 (82.67)
[180/294]	0.268 (0.593)	90.00 (82.71)
[181/294]	0.048 (0.590)	100.00 (82.80)
[182/294]	0.015 (0.587)	100.00 (82.90)
[183/294]	0.239 (0.585)	80.00 (82.88)
[184/294]	0.260 (0.583)	85.00 (82.89)
[185/294]	0.199 (0.581)	95.00 (82.96)
[186/294]	0.241 (0.580)	90.00 (82.99)
[187/294]	0.178 (0.577)	100.00 (83.09)
[188/294]	0.097 (0.575)	100.00 (83.17)
[189/294]	0.063 (0.572)	100.00 (83.26)
[190/294]	0.021 (0.569)	100.00 (83.35)
[191/294]	0.019 (0.566)	100.00 (83.44)
[192/294]	0.091 (0.564)	100.00 (83.52)
[193/294]	0.019 (0.561)	100.00 (83.61)
[194/294]	0.068 (0.559)	95.00 (83.67)
[195/294]	0.024 (0.556)	100.00 (83.75)
[196/294]	0.461 (0.555)	80.00 (83.73)
[197/294]	0.294 (0.554)	80.00 (83.71)
[198/294]	0.009 (0.551)	100.00 (83.79)
[199/294]	0.044 (0.549)	100.00 (83.88)
[200/294]	0.033 (0.546)	100.00 (83.96)
[201/294]	0.030 (0.544)	100.00 (84.03)
[202/294]	0.058 (0.541)	100.00 (84.11)
[203/294]	0.092 (0.539)	100.00 (84.19)
[204/294]	0.032 (0.537)	100.00 (84.27)
[205/294]	0.014 (0.534)	100.00 (84.34)
[206/294]	0.014 (0.532)	100.00 (84.42)
[207/294]	0.024 (0.529)	100.00 (84.50)
[208/294]	0.009 (0.527)	100.00 (84.57)
[209/294]	0.035 (0.524)	100.00 (84.64)
[210/294]	0.046 (0.522)	100.00 (84.72)
[211/294]	0.182 (0.520)	95.00 (84.76)
[212/294]	0.294 (0.519)	90.00 (84.79)
[213/294]	0.123 (0.518)	95.00 (84.84)
[214/294]	0.040 (0.515)	100.00 (84.91)
[215/294]	0.028 (0.513)	100.00 (84.98)
[216/294]	0.030 (0.511)	100.00 (85.05)
[217/294]	0.057 (0.509)	100.00 (85.11)
[218/294]	0.030 (0.507)	100.00 (85.18)
[219/294]	0.094 (0.505)	95.00 (85.23)
[220/294]	0.081 (0.503)	100.00 (85.29)
[221/294]	0.014 (0.501)	100.00 (85.36)
[222/294]	0.055 (0.499)	100.00 (85.43)
[223/294]	0.029 (0.496)	100.00 (85.49)
[224/294]	0.050 (0.494)	100.00 (85.56)
[225/294]	0.044 (0.492)	100.00 (85.62)
[226/294]	0.050 (0.491)	100.00 (85.68)
[227/294]	0.005 (0.488)	100.00 (85.75)
[228/294]	0.146 (0.487)	90.00 (85.76)
[229/294]	0.184 (0.486)	95.00 (85.80)
[230/294]	0.332 (0.485)	80.00 (85.78)
[231/294]	0.011 (0.483)	100.00 (85.84)
[232/294]	0.023 (0.481)	100.00 (85.90)
[233/294]	0.039 (0.479)	100.00 (85.96)
[234/294]	0.301 (0.478)	90.00 (85.98)
[235/294]	0.138 (0.477)	95.00 (86.02)
[236/294]	0.120 (0.475)	95.00 (86.05)
[237/294]	0.020 (0.473)	100.00 (86.11)
[238/294]	0.037 (0.472)	100.00 (86.17)
[239/294]	0.023 (0.470)	100.00 (86.23)
[240/294]	0.064 (0.468)	95.00 (86.27)
[241/294]	0.319 (0.467)	90.00 (86.28)
[242/294]	0.149 (0.466)	90.00 (86.30)
[243/294]	0.050 (0.464)	100.00 (86.35)
[244/294]	0.022 (0.463)	100.00 (86.41)
[245/294]	0.132 (0.461)	90.00 (86.42)
[246/294]	0.102 (0.460)	100.00 (86.48)
[247/294]	0.069 (0.458)	100.00 (86.53)
[248/294]	0.058 (0.457)	100.00 (86.59)
[249/294]	0.096 (0.455)	95.00 (86.62)
[250/294]	0.160 (0.454)	100.00 (86.67)
[251/294]	0.304 (0.453)	90.00 (86.69)
[252/294]	0.016 (0.452)	100.00 (86.74)
[253/294]	0.012 (0.450)	100.00 (86.79)
[254/294]	0.016 (0.448)	100.00 (86.84)
[255/294]	0.060 (0.447)	100.00 (86.89)
[256/294]	0.064 (0.445)	95.00 (86.93)
[257/294]	0.010 (0.444)	100.00 (86.98)
[258/294]	0.019 (0.442)	100.00 (87.03)
[259/294]	0.183 (0.441)	95.00 (87.06)
[260/294]	0.014 (0.439)	100.00 (87.11)
[261/294]	0.018 (0.438)	100.00 (87.16)
[262/294]	0.088 (0.436)	100.00 (87.21)
[263/294]	0.039 (0.435)	100.00 (87.25)
[264/294]	0.008 (0.433)	100.00 (87.30)
[265/294]	0.041 (0.432)	100.00 (87.35)
[266/294]	0.019 (0.430)	100.00 (87.40)
[267/294]	0.021 (0.429)	100.00 (87.44)
[268/294]	0.048 (0.427)	100.00 (87.49)
[269/294]	0.013 (0.426)	100.00 (87.54)
[270/294]	0.031 (0.424)	100.00 (87.58)
[271/294]	0.044 (0.423)	100.00 (87.63)
[272/294]	0.170 (0.422)	95.00 (87.66)
[273/294]	0.012 (0.420)	100.00 (87.70)
[274/294]	0.028 (0.419)	100.00 (87.75)
[275/294]	0.015 (0.418)	100.00 (87.79)
[276/294]	0.009 (0.416)	100.00 (87.83)
[277/294]	0.023 (0.415)	100.00 (87.88)
[278/294]	0.011 (0.413)	100.00 (87.92)
[279/294]	0.040 (0.412)	100.00 (87.96)
[280/294]	0.082 (0.411)	95.00 (87.99)
[281/294]	0.062 (0.409)	100.00 (88.03)
[282/294]	0.062 (0.408)	95.00 (88.06)
[283/294]	0.006 (0.407)	100.00 (88.10)
[284/294]	0.006 (0.405)	100.00 (88.14)
[285/294]	0.006 (0.404)	100.00 (88.18)
[286/294]	0.013 (0.403)	100.00 (88.22)
[287/294]	0.058 (0.401)	95.00 (88.25)
[288/294]	0.008 (0.400)	100.00 (88.29)
[289/294]	0.398 (0.400)	90.00 (88.29)
[290/294]	0.326 (0.400)	90.00 (88.30)
[291/294]	0.425 (0.400)	85.00 (88.29)
[292/294]	0.101 (0.399)	95.00 (88.31)
[293/294]	0.091 (0.398)	95.00 (88.33)
 * Train Acc: 88.333
 * Avg. Data time: 0.005, Avg. Batch time: 0.063, Avg. Forward time: 0.004, Avg. Backward time: 0.047
Computing SI
 * Val Acc: 25.234, Time: 3.12
 * Test Acc: 24.279, Time: 7.57
=============Training Task 4=============
Active output nodes for this task: 
[0, 1, 2, 3, 4, 5, 6, 7, 8, 9]
=============Training Epoch 0=============
#reg terms:  1
Batch	 Loss		 Acc
[0/294]	8.150 (8.150)	0.00 (0.00)
[1/294]	12.633 (10.391)	0.00 (0.00)
[2/294]	11.531 (10.771)	0.00 (0.00)
[3/294]	3.698 (9.003)	0.00 (0.00)
[4/294]	3.133 (7.829)	0.00 (0.00)
[5/294]	2.757 (6.984)	0.00 (0.00)
[6/294]	2.464 (6.338)	0.00 (0.00)
[7/294]	2.321 (5.836)	0.00 (0.00)
[8/294]	2.213 (5.433)	0.00 (0.00)
[9/294]	2.195 (5.110)	0.00 (0.00)
[10/294]	2.211 (4.846)	0.00 (0.00)
[11/294]	2.080 (4.616)	25.00 (2.08)
[12/294]	2.044 (4.418)	25.00 (3.85)
[13/294]	2.097 (4.252)	30.00 (5.71)
[14/294]	2.069 (4.106)	45.00 (8.33)
[15/294]	2.014 (3.976)	25.00 (9.38)
[16/294]	2.030 (3.861)	0.00 (8.82)
[17/294]	1.961 (3.756)	75.00 (12.50)
[18/294]	1.973 (3.662)	85.00 (16.32)
[19/294]	1.946 (3.576)	75.00 (19.25)
[20/294]	1.733 (3.488)	45.00 (20.48)
[21/294]	1.800 (3.412)	80.00 (23.18)
[22/294]	1.614 (3.333)	60.00 (24.78)
[23/294]	1.465 (3.256)	45.00 (25.62)
[24/294]	1.708 (3.194)	55.00 (26.80)
[25/294]	1.302 (3.121)	65.00 (28.27)
[26/294]	0.979 (3.042)	80.00 (30.19)
[27/294]	0.776 (2.961)	90.00 (32.32)
[28/294]	0.688 (2.882)	55.00 (33.10)
[29/294]	0.699 (2.810)	55.00 (33.83)
[30/294]	0.714 (2.742)	55.00 (34.52)
[31/294]	0.741 (2.679)	40.00 (34.69)
[32/294]	1.045 (2.630)	35.00 (34.70)
[33/294]	0.811 (2.576)	45.00 (35.00)
[34/294]	0.552 (2.519)	55.00 (35.57)
[35/294]	1.281 (2.484)	50.00 (35.97)
[36/294]	0.718 (2.436)	50.00 (36.35)
[37/294]	0.656 (2.390)	75.00 (37.37)
[38/294]	0.797 (2.349)	50.00 (37.69)
[39/294]	0.667 (2.307)	70.00 (38.50)
[40/294]	0.755 (2.269)	50.00 (38.78)
[41/294]	0.761 (2.233)	50.00 (39.05)
[42/294]	0.811 (2.200)	45.00 (39.19)
[43/294]	0.817 (2.168)	50.00 (39.43)
[44/294]	0.655 (2.135)	65.00 (40.00)
[45/294]	0.532 (2.100)	50.00 (40.22)
[46/294]	0.878 (2.074)	50.00 (40.43)
[47/294]	0.893 (2.049)	50.00 (40.62)
[48/294]	0.726 (2.022)	50.00 (40.82)
[49/294]	0.932 (2.001)	50.00 (41.00)
[50/294]	0.744 (1.976)	55.00 (41.27)
[51/294]	0.699 (1.951)	35.00 (41.15)
[52/294]	0.576 (1.925)	80.00 (41.89)
[53/294]	0.672 (1.902)	50.00 (42.04)
[54/294]	0.725 (1.881)	50.00 (42.18)
[55/294]	0.737 (1.860)	40.00 (42.14)
[56/294]	0.738 (1.841)	50.00 (42.28)
[57/294]	0.684 (1.821)	55.00 (42.50)
[58/294]	0.609 (1.800)	60.00 (42.80)
[59/294]	0.660 (1.781)	55.00 (43.00)
[60/294]	0.680 (1.763)	50.00 (43.11)
[61/294]	0.671 (1.746)	50.00 (43.23)
[62/294]	0.664 (1.728)	65.00 (43.57)
[63/294]	0.620 (1.711)	80.00 (44.14)
[64/294]	0.666 (1.695)	70.00 (44.54)
[65/294]	0.705 (1.680)	50.00 (44.62)
[66/294]	0.757 (1.666)	50.00 (44.70)
[67/294]	0.752 (1.653)	70.00 (45.07)
[68/294]	0.715 (1.639)	50.00 (45.14)
[69/294]	0.704 (1.626)	50.00 (45.21)
[70/294]	0.584 (1.611)	60.00 (45.42)
[71/294]	0.564 (1.597)	95.00 (46.11)
[72/294]	0.601 (1.583)	50.00 (46.16)
[73/294]	0.972 (1.575)	45.00 (46.15)
[74/294]	0.708 (1.563)	55.00 (46.27)
[75/294]	0.704 (1.552)	55.00 (46.38)
[76/294]	0.662 (1.540)	75.00 (46.75)
[77/294]	0.758 (1.530)	50.00 (46.79)
[78/294]	1.064 (1.524)	50.00 (46.84)
[79/294]	0.928 (1.517)	50.00 (46.88)
[80/294]	0.626 (1.506)	65.00 (47.10)
[81/294]	0.729 (1.496)	55.00 (47.20)
[82/294]	0.909 (1.489)	50.00 (47.23)
[83/294]	0.797 (1.481)	50.00 (47.26)
[84/294]	1.064 (1.476)	50.00 (47.29)
[85/294]	0.800 (1.468)	50.00 (47.33)
[86/294]	0.628 (1.459)	85.00 (47.76)
[87/294]	0.633 (1.449)	50.00 (47.78)
[88/294]	0.713 (1.441)	50.00 (47.81)
[89/294]	0.689 (1.433)	50.00 (47.83)
[90/294]	0.662 (1.424)	50.00 (47.86)
[91/294]	0.691 (1.416)	50.00 (47.88)
[92/294]	0.669 (1.408)	65.00 (48.06)
[93/294]	0.709 (1.401)	80.00 (48.40)
[94/294]	0.593 (1.392)	85.00 (48.79)
[95/294]	0.632 (1.384)	75.00 (49.06)
[96/294]	0.583 (1.376)	75.00 (49.33)
[97/294]	0.489 (1.367)	85.00 (49.69)
[98/294]	0.629 (1.360)	65.00 (49.85)
[99/294]	0.581 (1.352)	85.00 (50.20)
[100/294]	0.595 (1.344)	90.00 (50.59)
[101/294]	0.817 (1.339)	80.00 (50.88)
[102/294]	0.741 (1.333)	80.00 (51.17)
[103/294]	0.652 (1.327)	90.00 (51.54)
[104/294]	0.749 (1.321)	50.00 (51.52)
[105/294]	0.576 (1.314)	80.00 (51.79)
[106/294]	0.683 (1.308)	75.00 (52.01)
[107/294]	0.675 (1.302)	75.00 (52.22)
[108/294]	0.573 (1.296)	50.00 (52.20)
[109/294]	0.591 (1.289)	60.00 (52.27)
[110/294]	0.679 (1.284)	55.00 (52.30)
[111/294]	0.697 (1.279)	55.00 (52.32)
[112/294]	0.710 (1.274)	55.00 (52.35)
[113/294]	0.651 (1.268)	50.00 (52.32)
[114/294]	0.635 (1.263)	55.00 (52.35)
[115/294]	0.516 (1.256)	65.00 (52.46)
[116/294]	0.730 (1.252)	65.00 (52.56)
[117/294]	0.600 (1.246)	85.00 (52.84)
[118/294]	0.569 (1.240)	90.00 (53.15)
[119/294]	0.632 (1.235)	85.00 (53.42)
[120/294]	0.788 (1.232)	55.00 (53.43)
[121/294]	0.739 (1.228)	50.00 (53.40)
[122/294]	0.654 (1.223)	50.00 (53.37)
[123/294]	0.469 (1.217)	90.00 (53.67)
[124/294]	0.513 (1.211)	80.00 (53.88)
[125/294]	0.586 (1.206)	70.00 (54.01)
[126/294]	0.676 (1.202)	65.00 (54.09)
[127/294]	0.502 (1.197)	90.00 (54.38)
[128/294]	0.478 (1.191)	90.00 (54.65)
[129/294]	0.594 (1.187)	80.00 (54.85)
[130/294]	0.524 (1.181)	85.00 (55.08)
[131/294]	0.573 (1.177)	70.00 (55.19)
[132/294]	0.812 (1.174)	35.00 (55.04)
[133/294]	0.609 (1.170)	65.00 (55.11)
[134/294]	0.514 (1.165)	75.00 (55.26)
[135/294]	0.499 (1.160)	80.00 (55.44)
[136/294]	0.567 (1.156)	50.00 (55.40)
[137/294]	0.564 (1.152)	55.00 (55.40)
[138/294]	0.509 (1.147)	70.00 (55.50)
[139/294]	0.395 (1.142)	90.00 (55.75)
[140/294]	0.731 (1.139)	60.00 (55.78)
[141/294]	0.528 (1.134)	75.00 (55.92)
[142/294]	0.523 (1.130)	65.00 (55.98)
[143/294]	0.502 (1.126)	80.00 (56.15)
[144/294]	0.646 (1.122)	55.00 (56.14)
[145/294]	0.585 (1.119)	70.00 (56.23)
[146/294]	0.332 (1.113)	100.00 (56.53)
[147/294]	0.281 (1.108)	100.00 (56.82)
[148/294]	0.400 (1.103)	80.00 (56.98)
[149/294]	0.562 (1.099)	60.00 (57.00)
[150/294]	0.349 (1.094)	100.00 (57.28)
[151/294]	0.401 (1.090)	95.00 (57.53)
[152/294]	0.534 (1.086)	80.00 (57.68)
[153/294]	0.541 (1.083)	90.00 (57.89)
[154/294]	0.359 (1.078)	95.00 (58.13)
[155/294]	0.517 (1.074)	85.00 (58.30)
[156/294]	0.488 (1.071)	85.00 (58.47)
[157/294]	0.193 (1.065)	100.00 (58.73)
[158/294]	0.356 (1.061)	95.00 (58.96)
[159/294]	0.299 (1.056)	95.00 (59.19)
[160/294]	0.257 (1.051)	100.00 (59.44)
[161/294]	0.529 (1.048)	55.00 (59.41)
[162/294]	0.486 (1.044)	75.00 (59.51)
[163/294]	0.379 (1.040)	100.00 (59.76)
[164/294]	0.156 (1.035)	100.00 (60.00)
[165/294]	0.193 (1.030)	95.00 (60.21)
[166/294]	0.278 (1.025)	85.00 (60.36)
[167/294]	0.400 (1.022)	90.00 (60.54)
[168/294]	0.136 (1.016)	100.00 (60.77)
[169/294]	0.229 (1.012)	95.00 (60.97)
[170/294]	0.360 (1.008)	90.00 (61.14)
[171/294]	0.194 (1.003)	100.00 (61.37)
[172/294]	0.452 (1.000)	75.00 (61.45)
[173/294]	0.292 (0.996)	90.00 (61.61)
[174/294]	0.164 (0.991)	100.00 (61.83)
[175/294]	0.127 (0.986)	100.00 (62.05)
[176/294]	0.126 (0.981)	100.00 (62.26)
[177/294]	0.216 (0.977)	100.00 (62.47)
[178/294]	0.516 (0.974)	85.00 (62.60)
[179/294]	0.184 (0.970)	100.00 (62.81)
[180/294]	0.331 (0.967)	85.00 (62.93)
[181/294]	0.441 (0.964)	80.00 (63.02)
[182/294]	0.311 (0.960)	90.00 (63.17)
[183/294]	0.410 (0.957)	85.00 (63.29)
[184/294]	0.335 (0.954)	85.00 (63.41)
[185/294]	0.413 (0.951)	85.00 (63.52)
[186/294]	0.552 (0.949)	65.00 (63.53)
[187/294]	0.299 (0.945)	85.00 (63.64)
[188/294]	0.084 (0.941)	100.00 (63.84)
[189/294]	0.278 (0.937)	85.00 (63.95)
[190/294]	0.308 (0.934)	95.00 (64.11)
[191/294]	0.523 (0.932)	80.00 (64.19)
[192/294]	0.409 (0.929)	80.00 (64.27)
[193/294]	0.267 (0.926)	80.00 (64.36)
[194/294]	0.371 (0.923)	75.00 (64.41)
[195/294]	0.299 (0.920)	90.00 (64.54)
[196/294]	0.224 (0.916)	95.00 (64.70)
[197/294]	0.136 (0.912)	100.00 (64.87)
[198/294]	0.151 (0.908)	100.00 (65.05)
[199/294]	0.419 (0.906)	80.00 (65.12)
[200/294]	0.201 (0.902)	95.00 (65.27)
[201/294]	0.147 (0.899)	95.00 (65.42)
[202/294]	0.274 (0.896)	80.00 (65.49)
[203/294]	0.351 (0.893)	80.00 (65.56)
[204/294]	0.255 (0.890)	90.00 (65.68)
[205/294]	0.304 (0.887)	90.00 (65.80)
[206/294]	0.288 (0.884)	90.00 (65.92)
[207/294]	0.122 (0.880)	95.00 (66.06)
[208/294]	0.183 (0.877)	100.00 (66.22)
[209/294]	0.211 (0.874)	90.00 (66.33)
[210/294]	0.860 (0.874)	50.00 (66.26)
[211/294]	0.164 (0.870)	90.00 (66.37)
[212/294]	0.043 (0.867)	100.00 (66.53)
[213/294]	0.085 (0.863)	100.00 (66.68)
[214/294]	0.456 (0.861)	75.00 (66.72)
[215/294]	0.528 (0.859)	70.00 (66.74)
[216/294]	0.241 (0.857)	85.00 (66.82)
[217/294]	0.752 (0.856)	60.00 (66.79)
[218/294]	0.573 (0.855)	70.00 (66.80)
[219/294]	0.257 (0.852)	95.00 (66.93)
[220/294]	0.068 (0.849)	100.00 (67.08)
[221/294]	0.061 (0.845)	100.00 (67.23)
[222/294]	0.045 (0.841)	100.00 (67.38)
[223/294]	0.074 (0.838)	100.00 (67.52)
[224/294]	0.196 (0.835)	95.00 (67.64)
[225/294]	0.384 (0.833)	70.00 (67.65)
[226/294]	0.535 (0.832)	70.00 (67.67)
[227/294]	0.375 (0.830)	85.00 (67.74)
[228/294]	0.145 (0.827)	95.00 (67.86)
[229/294]	0.051 (0.823)	100.00 (68.00)
[230/294]	0.057 (0.820)	100.00 (68.14)
[231/294]	0.039 (0.817)	100.00 (68.28)
[232/294]	0.024 (0.813)	100.00 (68.41)
[233/294]	0.108 (0.810)	100.00 (68.55)
[234/294]	0.429 (0.809)	85.00 (68.62)
[235/294]	0.164 (0.806)	95.00 (68.73)
[236/294]	0.059 (0.803)	100.00 (68.86)
[237/294]	0.049 (0.800)	100.00 (68.99)
[238/294]	0.475 (0.798)	75.00 (69.02)
[239/294]	0.317 (0.796)	85.00 (69.08)
[240/294]	0.106 (0.793)	100.00 (69.21)
[241/294]	0.028 (0.790)	100.00 (69.34)
[242/294]	0.206 (0.788)	95.00 (69.44)
[243/294]	0.159 (0.785)	100.00 (69.57)
[244/294]	0.023 (0.782)	100.00 (69.69)
[245/294]	0.032 (0.779)	100.00 (69.82)
[246/294]	0.044 (0.776)	100.00 (69.94)
[247/294]	0.050 (0.773)	100.00 (70.06)
[248/294]	0.174 (0.771)	95.00 (70.16)
[249/294]	0.148 (0.768)	95.00 (70.26)
[250/294]	0.202 (0.766)	95.00 (70.36)
[251/294]	0.236 (0.764)	95.00 (70.46)
[252/294]	0.352 (0.762)	75.00 (70.47)
[253/294]	0.290 (0.761)	85.00 (70.53)
[254/294]	0.089 (0.758)	100.00 (70.65)
[255/294]	0.157 (0.756)	95.00 (70.74)
[256/294]	0.047 (0.753)	100.00 (70.86)
[257/294]	0.078 (0.750)	100.00 (70.97)
[258/294]	0.035 (0.747)	100.00 (71.08)
[259/294]	0.081 (0.745)	100.00 (71.19)
[260/294]	0.048 (0.742)	100.00 (71.30)
[261/294]	0.159 (0.740)	95.00 (71.39)
[262/294]	0.161 (0.738)	100.00 (71.50)
[263/294]	0.243 (0.736)	95.00 (71.59)
[264/294]	0.153 (0.734)	100.00 (71.70)
[265/294]	0.077 (0.731)	100.00 (71.80)
[266/294]	0.120 (0.729)	100.00 (71.91)
[267/294]	0.191 (0.727)	95.00 (72.00)
[268/294]	0.216 (0.725)	85.00 (72.04)
[269/294]	0.210 (0.723)	90.00 (72.11)
[270/294]	0.217 (0.721)	90.00 (72.18)
[271/294]	0.147 (0.719)	95.00 (72.26)
[272/294]	0.110 (0.717)	100.00 (72.36)
[273/294]	0.072 (0.715)	100.00 (72.46)
[274/294]	0.096 (0.712)	100.00 (72.56)
[275/294]	0.100 (0.710)	100.00 (72.66)
[276/294]	0.441 (0.709)	85.00 (72.71)
[277/294]	0.133 (0.707)	95.00 (72.79)
[278/294]	0.021 (0.705)	100.00 (72.89)
[279/294]	0.009 (0.702)	100.00 (72.98)
[280/294]	0.030 (0.700)	100.00 (73.08)
[281/294]	0.193 (0.698)	95.00 (73.16)
[282/294]	0.143 (0.696)	90.00 (73.22)
[283/294]	0.015 (0.694)	100.00 (73.31)
[284/294]	0.416 (0.693)	80.00 (73.33)
[285/294]	0.217 (0.691)	90.00 (73.39)
[286/294]	0.178 (0.689)	90.00 (73.45)
[287/294]	0.139 (0.687)	95.00 (73.52)
[288/294]	0.131 (0.685)	95.00 (73.60)
[289/294]	0.182 (0.684)	95.00 (73.67)
[290/294]	0.101 (0.682)	100.00 (73.76)
[291/294]	0.156 (0.680)	95.00 (73.84)
[292/294]	0.132 (0.678)	95.00 (73.91)
[293/294]	0.011 (0.676)	100.00 (74.00)
 * Train Acc: 73.997
 * Avg. Data time: 0.005, Avg. Batch time: 0.065, Avg. Forward time: 0.004, Avg. Backward time: 0.051
Computing SI
 * Val Acc: 18.811, Time: 3.23
 * Test Acc: 19.759, Time: 9.16
=============Training Task 5=============
Active output nodes for this task: 
[0, 1, 2, 3, 4, 5, 6, 7, 8, 9, 10, 11]
=============Training Epoch 0=============
#reg terms:  1
Batch	 Loss		 Acc
