=============Stream Learning Run 0=============
Changing output layer to contain 12 classes
============BEGINNING STREAM LEARNING============
=============Training Task 0=============
Active output nodes for this task: 
[0, 1]
=============Training Epoch 0=============
#reg terms:  0
Batch	 Loss		 Acc
[0/294]	1.884 (1.884)	45.00 (45.00)
[1/294]	1.394 (1.639)	45.00 (45.00)
[2/294]	1.361 (1.546)	50.00 (46.67)
[3/294]	1.244 (1.471)	50.00 (47.50)
[4/294]	1.046 (1.386)	35.00 (45.00)
[5/294]	0.910 (1.307)	50.00 (45.83)
[6/294]	0.658 (1.214)	55.00 (47.14)
[7/294]	0.796 (1.162)	55.00 (48.12)
[8/294]	0.580 (1.097)	70.00 (50.56)
[9/294]	0.576 (1.045)	75.00 (53.00)
[10/294]	0.861 (1.028)	40.00 (51.82)
[11/294]	0.905 (1.018)	20.00 (49.17)
[12/294]	0.717 (0.995)	60.00 (50.00)
[13/294]	0.718 (0.975)	65.00 (51.07)
[14/294]	1.199 (0.990)	30.00 (49.67)
[15/294]	1.080 (0.995)	30.00 (48.44)
[16/294]	0.879 (0.989)	30.00 (47.35)
[17/294]	0.786 (0.977)	50.00 (47.50)
[18/294]	0.787 (0.967)	55.00 (47.89)
[19/294]	0.865 (0.962)	45.00 (47.75)
[20/294]	0.771 (0.953)	35.00 (47.14)
[21/294]	0.920 (0.952)	60.00 (47.73)
[22/294]	0.890 (0.949)	40.00 (47.39)
[23/294]	0.757 (0.941)	40.00 (47.08)
[24/294]	0.657 (0.930)	75.00 (48.20)
[25/294]	0.663 (0.919)	65.00 (48.85)
[26/294]	0.758 (0.913)	45.00 (48.70)
[27/294]	0.952 (0.915)	45.00 (48.57)
[28/294]	0.615 (0.904)	60.00 (48.97)
[29/294]	0.502 (0.891)	80.00 (50.00)
[30/294]	0.509 (0.879)	85.00 (51.13)
[31/294]	0.973 (0.882)	10.00 (49.84)
[32/294]	0.768 (0.878)	60.00 (50.15)
[33/294]	0.601 (0.870)	80.00 (51.03)
[34/294]	0.658 (0.864)	65.00 (51.43)
[35/294]	0.501 (0.854)	75.00 (52.08)
[36/294]	0.671 (0.849)	55.00 (52.16)
[37/294]	0.812 (0.848)	35.00 (51.71)
[38/294]	0.559 (0.841)	70.00 (52.18)
[39/294]	0.635 (0.835)	60.00 (52.38)
[40/294]	0.746 (0.833)	40.00 (52.07)
[41/294]	0.706 (0.830)	60.00 (52.26)
[42/294]	0.632 (0.826)	65.00 (52.56)
[43/294]	0.660 (0.822)	50.00 (52.50)
[44/294]	0.957 (0.825)	50.00 (52.44)
[45/294]	0.507 (0.818)	80.00 (53.04)
[46/294]	0.699 (0.815)	55.00 (53.09)
[47/294]	0.892 (0.817)	40.00 (52.81)
[48/294]	0.790 (0.816)	55.00 (52.86)
[49/294]	0.613 (0.812)	65.00 (53.10)
[50/294]	0.659 (0.809)	55.00 (53.14)
[51/294]	0.588 (0.805)	75.00 (53.56)
[52/294]	0.560 (0.800)	85.00 (54.15)
[53/294]	0.514 (0.795)	85.00 (54.72)
[54/294]	0.450 (0.789)	85.00 (55.27)
[55/294]	0.770 (0.789)	50.00 (55.18)
[56/294]	0.489 (0.783)	80.00 (55.61)
[57/294]	0.464 (0.778)	80.00 (56.03)
[58/294]	0.688 (0.776)	65.00 (56.19)
[59/294]	0.505 (0.772)	60.00 (56.25)
[60/294]	0.600 (0.769)	65.00 (56.39)
[61/294]	0.781 (0.769)	50.00 (56.29)
[62/294]	0.794 (0.770)	50.00 (56.19)
[63/294]	0.609 (0.767)	55.00 (56.17)
[64/294]	0.647 (0.765)	50.00 (56.08)
[65/294]	0.687 (0.764)	60.00 (56.14)
[66/294]	0.468 (0.760)	80.00 (56.49)
[67/294]	0.605 (0.757)	65.00 (56.62)
[68/294]	0.635 (0.756)	60.00 (56.67)
[69/294]	0.720 (0.755)	40.00 (56.43)
[70/294]	0.599 (0.753)	85.00 (56.83)
[71/294]	0.435 (0.748)	90.00 (57.29)
[72/294]	0.446 (0.744)	90.00 (57.74)
[73/294]	0.432 (0.740)	100.00 (58.31)
[74/294]	0.427 (0.736)	90.00 (58.73)
[75/294]	0.500 (0.733)	80.00 (59.01)
[76/294]	0.608 (0.731)	65.00 (59.09)
[77/294]	0.444 (0.727)	90.00 (59.49)
[78/294]	0.427 (0.724)	85.00 (59.81)
[79/294]	0.430 (0.720)	85.00 (60.12)
[80/294]	0.612 (0.719)	75.00 (60.31)
[81/294]	0.472 (0.716)	85.00 (60.61)
[82/294]	0.494 (0.713)	80.00 (60.84)
[83/294]	0.522 (0.711)	70.00 (60.95)
[84/294]	0.602 (0.709)	60.00 (60.94)
[85/294]	0.486 (0.707)	85.00 (61.22)
[86/294]	0.390 (0.703)	95.00 (61.61)
[87/294]	0.542 (0.701)	75.00 (61.76)
[88/294]	0.344 (0.697)	95.00 (62.13)
[89/294]	0.316 (0.693)	95.00 (62.50)
[90/294]	0.268 (0.688)	95.00 (62.86)
[91/294]	0.558 (0.687)	85.00 (63.10)
[92/294]	0.519 (0.685)	85.00 (63.33)
[93/294]	0.615 (0.684)	70.00 (63.40)
[94/294]	0.629 (0.684)	60.00 (63.37)
[95/294]	0.353 (0.680)	90.00 (63.65)
[96/294]	0.454 (0.678)	85.00 (63.87)
[97/294]	0.402 (0.675)	90.00 (64.13)
[98/294]	0.342 (0.672)	100.00 (64.49)
[99/294]	0.501 (0.670)	70.00 (64.55)
[100/294]	0.673 (0.670)	55.00 (64.46)
[101/294]	0.465 (0.668)	60.00 (64.41)
[102/294]	0.582 (0.667)	60.00 (64.37)
[103/294]	0.560 (0.666)	80.00 (64.52)
[104/294]	0.584 (0.666)	75.00 (64.62)
[105/294]	0.191 (0.661)	100.00 (64.95)
[106/294]	0.196 (0.657)	100.00 (65.28)
[107/294]	0.334 (0.654)	95.00 (65.56)
[108/294]	0.342 (0.651)	95.00 (65.83)
[109/294]	0.554 (0.650)	65.00 (65.82)
[110/294]	0.744 (0.651)	50.00 (65.68)
[111/294]	0.831 (0.652)	50.00 (65.54)
[112/294]	0.462 (0.651)	85.00 (65.71)
[113/294]	0.598 (0.650)	75.00 (65.79)
[114/294]	0.574 (0.650)	65.00 (65.78)
[115/294]	0.369 (0.647)	100.00 (66.08)
[116/294]	0.622 (0.647)	65.00 (66.07)
[117/294]	0.571 (0.646)	75.00 (66.14)
[118/294]	0.414 (0.644)	85.00 (66.30)
[119/294]	0.571 (0.644)	75.00 (66.38)
[120/294]	0.388 (0.642)	75.00 (66.45)
[121/294]	0.248 (0.638)	100.00 (66.72)
[122/294]	0.435 (0.637)	90.00 (66.91)
[123/294]	0.640 (0.637)	60.00 (66.85)
[124/294]	0.697 (0.637)	35.00 (66.60)
[125/294]	0.359 (0.635)	90.00 (66.79)
[126/294]	0.600 (0.635)	75.00 (66.85)
[127/294]	0.388 (0.633)	85.00 (66.99)
[128/294]	0.349 (0.631)	95.00 (67.21)
[129/294]	0.411 (0.629)	95.00 (67.42)
[130/294]	0.296 (0.626)	100.00 (67.67)
[131/294]	0.273 (0.624)	95.00 (67.88)
[132/294]	0.461 (0.623)	80.00 (67.97)
[133/294]	0.307 (0.620)	100.00 (68.21)
[134/294]	0.359 (0.618)	95.00 (68.41)
[135/294]	0.399 (0.617)	80.00 (68.49)
[136/294]	0.237 (0.614)	100.00 (68.72)
[137/294]	0.240 (0.611)	100.00 (68.95)
[138/294]	0.329 (0.609)	95.00 (69.14)
[139/294]	0.241 (0.607)	100.00 (69.36)
[140/294]	0.304 (0.604)	95.00 (69.54)
[141/294]	0.336 (0.602)	95.00 (69.72)
[142/294]	0.326 (0.601)	90.00 (69.86)
[143/294]	0.236 (0.598)	95.00 (70.03)
[144/294]	0.489 (0.597)	90.00 (70.17)
[145/294]	0.560 (0.597)	80.00 (70.24)
[146/294]	0.489 (0.596)	75.00 (70.27)
[147/294]	0.427 (0.595)	80.00 (70.34)
[148/294]	0.439 (0.594)	85.00 (70.44)
[149/294]	0.219 (0.592)	95.00 (70.60)
[150/294]	0.229 (0.589)	100.00 (70.79)
[151/294]	0.378 (0.588)	85.00 (70.89)
[152/294]	0.380 (0.586)	95.00 (71.05)
[153/294]	0.319 (0.585)	85.00 (71.14)
[154/294]	0.762 (0.586)	40.00 (70.94)
[155/294]	0.395 (0.585)	85.00 (71.03)
[156/294]	0.319 (0.583)	90.00 (71.15)
[157/294]	0.534 (0.583)	65.00 (71.11)
[158/294]	0.424 (0.582)	90.00 (71.23)
[159/294]	0.491 (0.581)	80.00 (71.28)
[160/294]	0.478 (0.580)	75.00 (71.30)
[161/294]	0.334 (0.579)	75.00 (71.33)
[162/294]	0.312 (0.577)	95.00 (71.47)
[163/294]	0.342 (0.576)	95.00 (71.62)
[164/294]	0.300 (0.574)	85.00 (71.70)
[165/294]	0.382 (0.573)	80.00 (71.75)
[166/294]	0.355 (0.572)	95.00 (71.89)
[167/294]	0.430 (0.571)	90.00 (71.99)
[168/294]	0.500 (0.570)	80.00 (72.04)
[169/294]	0.300 (0.569)	90.00 (72.15)
[170/294]	0.352 (0.568)	85.00 (72.22)
[171/294]	0.425 (0.567)	85.00 (72.30)
[172/294]	0.142 (0.564)	100.00 (72.46)
[173/294]	0.317 (0.563)	90.00 (72.56)
[174/294]	0.485 (0.562)	80.00 (72.60)
[175/294]	0.390 (0.561)	75.00 (72.61)
[176/294]	0.351 (0.560)	85.00 (72.68)
[177/294]	0.397 (0.559)	80.00 (72.72)
[178/294]	0.483 (0.559)	75.00 (72.74)
[179/294]	0.419 (0.558)	95.00 (72.86)
[180/294]	0.427 (0.557)	90.00 (72.96)
[181/294]	0.300 (0.556)	90.00 (73.05)
[182/294]	0.129 (0.554)	100.00 (73.20)
[183/294]	0.123 (0.551)	100.00 (73.34)
[184/294]	0.180 (0.549)	100.00 (73.49)
[185/294]	0.441 (0.549)	90.00 (73.58)
[186/294]	0.450 (0.548)	70.00 (73.56)
[187/294]	0.473 (0.548)	80.00 (73.59)
[188/294]	0.634 (0.548)	70.00 (73.57)
[189/294]	0.362 (0.547)	85.00 (73.63)
[190/294]	0.262 (0.546)	95.00 (73.74)
[191/294]	0.277 (0.544)	90.00 (73.83)
[192/294]	0.248 (0.543)	95.00 (73.94)
[193/294]	0.274 (0.541)	100.00 (74.07)
[194/294]	0.365 (0.541)	85.00 (74.13)
[195/294]	0.300 (0.539)	90.00 (74.21)
[196/294]	0.157 (0.537)	100.00 (74.34)
[197/294]	0.471 (0.537)	75.00 (74.34)
[198/294]	0.573 (0.537)	60.00 (74.27)
[199/294]	0.104 (0.535)	100.00 (74.40)
[200/294]	0.207 (0.533)	100.00 (74.53)
[201/294]	0.196 (0.532)	95.00 (74.63)
[202/294]	0.206 (0.530)	100.00 (74.75)
[203/294]	0.250 (0.529)	95.00 (74.85)
[204/294]	0.348 (0.528)	90.00 (74.93)
[205/294]	0.297 (0.527)	100.00 (75.05)
[206/294]	0.088 (0.525)	100.00 (75.17)
[207/294]	0.203 (0.523)	95.00 (75.26)
[208/294]	0.214 (0.522)	95.00 (75.36)
[209/294]	0.706 (0.523)	70.00 (75.33)
[210/294]	0.238 (0.521)	95.00 (75.43)
[211/294]	0.298 (0.520)	90.00 (75.50)
[212/294]	0.243 (0.519)	95.00 (75.59)
[213/294]	0.185 (0.517)	95.00 (75.68)
[214/294]	0.218 (0.516)	100.00 (75.79)
[215/294]	0.230 (0.515)	100.00 (75.90)
[216/294]	0.156 (0.513)	100.00 (76.01)
[217/294]	0.470 (0.513)	80.00 (76.03)
[218/294]	0.347 (0.512)	85.00 (76.07)
[219/294]	0.238 (0.511)	95.00 (76.16)
[220/294]	0.322 (0.510)	80.00 (76.18)
[221/294]	0.298 (0.509)	90.00 (76.24)
[222/294]	0.433 (0.509)	80.00 (76.26)
[223/294]	0.381 (0.508)	90.00 (76.32)
[224/294]	0.349 (0.507)	80.00 (76.33)
[225/294]	0.478 (0.507)	75.00 (76.33)
[226/294]	0.492 (0.507)	75.00 (76.32)
[227/294]	0.492 (0.507)	85.00 (76.36)
[228/294]	0.565 (0.507)	70.00 (76.33)
[229/294]	0.194 (0.506)	95.00 (76.41)
[230/294]	0.015 (0.504)	100.00 (76.52)
[231/294]	0.377 (0.503)	90.00 (76.57)
[232/294]	0.322 (0.502)	85.00 (76.61)
[233/294]	0.179 (0.501)	100.00 (76.71)
[234/294]	0.224 (0.500)	100.00 (76.81)
[235/294]	0.313 (0.499)	90.00 (76.86)
[236/294]	0.344 (0.498)	80.00 (76.88)
[237/294]	0.335 (0.498)	90.00 (76.93)
[238/294]	0.118 (0.496)	100.00 (77.03)
[239/294]	0.101 (0.495)	100.00 (77.12)
[240/294]	0.183 (0.493)	100.00 (77.22)
[241/294]	0.180 (0.492)	100.00 (77.31)
[242/294]	0.252 (0.491)	90.00 (77.37)
[243/294]	0.244 (0.490)	85.00 (77.40)
[244/294]	0.470 (0.490)	80.00 (77.41)
[245/294]	0.436 (0.490)	80.00 (77.42)
[246/294]	0.307 (0.489)	90.00 (77.47)
[247/294]	0.285 (0.488)	90.00 (77.52)
[248/294]	0.108 (0.487)	100.00 (77.61)
[249/294]	0.087 (0.485)	100.00 (77.70)
[250/294]	0.179 (0.484)	95.00 (77.77)
[251/294]	0.390 (0.483)	90.00 (77.82)
[252/294]	0.168 (0.482)	100.00 (77.91)
[253/294]	0.210 (0.481)	95.00 (77.97)
[254/294]	0.270 (0.480)	90.00 (78.02)
[255/294]	0.507 (0.480)	70.00 (77.99)
[256/294]	0.163 (0.479)	100.00 (78.07)
[257/294]	0.130 (0.478)	100.00 (78.16)
[258/294]	0.101 (0.476)	100.00 (78.24)
[259/294]	0.061 (0.475)	100.00 (78.33)
[260/294]	0.047 (0.473)	100.00 (78.41)
[261/294]	0.048 (0.471)	100.00 (78.49)
[262/294]	0.125 (0.470)	100.00 (78.57)
[263/294]	0.255 (0.469)	100.00 (78.66)
[264/294]	0.352 (0.469)	90.00 (78.70)
[265/294]	0.446 (0.469)	75.00 (78.68)
[266/294]	0.201 (0.468)	90.00 (78.73)
[267/294]	0.225 (0.467)	90.00 (78.77)
[268/294]	0.295 (0.466)	90.00 (78.81)
[269/294]	0.184 (0.465)	95.00 (78.87)
[270/294]	0.219 (0.464)	100.00 (78.95)
[271/294]	0.289 (0.464)	85.00 (78.97)
[272/294]	0.462 (0.464)	85.00 (78.99)
[273/294]	0.112 (0.462)	95.00 (79.05)
[274/294]	0.271 (0.462)	90.00 (79.09)
[275/294]	0.269 (0.461)	90.00 (79.13)
[276/294]	0.297 (0.460)	100.00 (79.21)
[277/294]	0.235 (0.460)	100.00 (79.28)
[278/294]	0.286 (0.459)	85.00 (79.30)
[279/294]	0.438 (0.459)	70.00 (79.27)
[280/294]	0.066 (0.457)	100.00 (79.34)
[281/294]	0.195 (0.456)	90.00 (79.38)
[282/294]	0.257 (0.456)	95.00 (79.43)
[283/294]	0.359 (0.455)	80.00 (79.44)
[284/294]	0.184 (0.454)	95.00 (79.49)
[285/294]	0.175 (0.454)	100.00 (79.56)
[286/294]	0.209 (0.453)	90.00 (79.60)
[287/294]	0.134 (0.452)	100.00 (79.67)
[288/294]	0.200 (0.451)	95.00 (79.72)
[289/294]	0.185 (0.450)	100.00 (79.79)
[290/294]	0.076 (0.448)	95.00 (79.85)
[291/294]	0.042 (0.447)	100.00 (79.91)
[292/294]	0.113 (0.446)	100.00 (79.98)
[293/294]	0.136 (0.445)	95.00 (80.03)
 * Train Acc: 80.034
 * Avg. Data time: 0.008, Avg. Batch time: 0.036, Avg. Forward time: 0.004, Avg. Backward time: 0.017
Computing MAS
 * Val Acc: 89.855, Time: 1.63
 * Test Acc: 92.842, Time: 2.19
=============Training Task 1=============
Active output nodes for this task: 
[0, 1, 2, 3]
=============Training Epoch 0=============
#reg terms:  1
Batch	 Loss		 Acc
[0/294]	3.199 (3.199)	0.00 (0.00)
[1/294]	3.283 (3.241)	0.00 (0.00)
[2/294]	3.400 (3.294)	0.00 (0.00)
[3/294]	2.566 (3.112)	0.00 (0.00)
[4/294]	2.214 (2.933)	5.00 (1.00)
[5/294]	2.081 (2.791)	0.00 (0.83)
[6/294]	2.474 (2.745)	0.00 (0.71)
[7/294]	1.873 (2.636)	30.00 (4.38)
[8/294]	1.993 (2.565)	45.00 (8.89)
[9/294]	1.864 (2.495)	45.00 (12.50)
[10/294]	1.914 (2.442)	40.00 (15.00)
[11/294]	2.036 (2.408)	30.00 (16.25)
[12/294]	1.910 (2.370)	50.00 (18.85)
[13/294]	1.410 (2.301)	55.00 (21.43)
[14/294]	1.909 (2.275)	40.00 (22.67)
[15/294]	1.554 (2.230)	50.00 (24.38)
[16/294]	1.477 (2.186)	55.00 (26.18)
[17/294]	1.213 (2.132)	55.00 (27.78)
[18/294]	1.163 (2.081)	55.00 (29.21)
[19/294]	1.151 (2.034)	40.00 (29.75)
[20/294]	1.406 (2.004)	20.00 (29.29)
[21/294]	1.041 (1.961)	50.00 (30.23)
[22/294]	1.221 (1.928)	40.00 (30.65)
[23/294]	1.177 (1.897)	50.00 (31.46)
[24/294]	1.047 (1.863)	55.00 (32.40)
[25/294]	1.165 (1.836)	45.00 (32.88)
[26/294]	1.043 (1.807)	50.00 (33.52)
[27/294]	0.708 (1.768)	80.00 (35.18)
[28/294]	0.790 (1.734)	65.00 (36.21)
[29/294]	0.502 (1.693)	85.00 (37.83)
[30/294]	0.925 (1.668)	60.00 (38.55)
[31/294]	0.815 (1.641)	55.00 (39.06)
[32/294]	0.771 (1.615)	55.00 (39.55)
[33/294]	0.411 (1.580)	85.00 (40.88)
[34/294]	0.465 (1.548)	100.00 (42.57)
[35/294]	0.694 (1.524)	75.00 (43.47)
[36/294]	0.660 (1.501)	90.00 (44.73)
[37/294]	0.745 (1.481)	80.00 (45.66)
[38/294]	0.667 (1.460)	85.00 (46.67)
[39/294]	0.779 (1.443)	55.00 (46.88)
[40/294]	0.867 (1.429)	50.00 (46.95)
[41/294]	0.938 (1.417)	60.00 (47.26)
[42/294]	0.969 (1.407)	50.00 (47.33)
[43/294]	0.643 (1.389)	85.00 (48.18)
[44/294]	0.875 (1.378)	45.00 (48.11)
[45/294]	0.776 (1.365)	60.00 (48.37)
[46/294]	0.705 (1.351)	75.00 (48.94)
[47/294]	0.795 (1.339)	55.00 (49.06)
[48/294]	0.958 (1.331)	50.00 (49.08)
[49/294]	0.698 (1.319)	70.00 (49.50)
[50/294]	0.530 (1.303)	75.00 (50.00)
[51/294]	0.561 (1.289)	75.00 (50.48)
[52/294]	1.012 (1.284)	40.00 (50.28)
[53/294]	1.032 (1.279)	50.00 (50.28)
[54/294]	0.838 (1.271)	55.00 (50.36)
[55/294]	0.679 (1.261)	65.00 (50.62)
[56/294]	0.729 (1.251)	60.00 (50.79)
[57/294]	0.864 (1.245)	60.00 (50.95)
[58/294]	0.682 (1.235)	70.00 (51.27)
[59/294]	0.511 (1.223)	65.00 (51.50)
[60/294]	0.469 (1.211)	65.00 (51.72)
[61/294]	0.710 (1.203)	60.00 (51.85)
[62/294]	0.684 (1.194)	60.00 (51.98)
[63/294]	0.575 (1.185)	70.00 (52.27)
[64/294]	0.654 (1.176)	80.00 (52.69)
[65/294]	0.376 (1.164)	90.00 (53.26)
[66/294]	0.536 (1.155)	70.00 (53.51)
[67/294]	0.878 (1.151)	50.00 (53.46)
[68/294]	0.325 (1.139)	100.00 (54.13)
[69/294]	0.748 (1.133)	60.00 (54.21)
[70/294]	0.966 (1.131)	40.00 (54.01)
[71/294]	0.725 (1.125)	50.00 (53.96)
[72/294]	0.773 (1.121)	60.00 (54.04)
[73/294]	0.470 (1.112)	75.00 (54.32)
[74/294]	0.269 (1.101)	95.00 (54.87)
[75/294]	0.285 (1.090)	95.00 (55.39)
[76/294]	0.416 (1.081)	95.00 (55.91)
[77/294]	0.330 (1.071)	95.00 (56.41)
[78/294]	0.414 (1.063)	85.00 (56.77)
[79/294]	0.620 (1.058)	65.00 (56.88)
[80/294]	0.524 (1.051)	70.00 (57.04)
[81/294]	0.375 (1.043)	85.00 (57.38)
[82/294]	0.303 (1.034)	95.00 (57.83)
[83/294]	0.514 (1.028)	75.00 (58.04)
[84/294]	0.509 (1.021)	80.00 (58.29)
[85/294]	0.333 (1.013)	80.00 (58.55)
[86/294]	0.433 (1.007)	90.00 (58.91)
[87/294]	0.401 (1.000)	90.00 (59.26)
[88/294]	0.316 (0.992)	90.00 (59.61)
[89/294]	0.990 (0.992)	45.00 (59.44)
[90/294]	0.980 (0.992)	55.00 (59.40)
[91/294]	0.645 (0.988)	60.00 (59.40)
[92/294]	0.718 (0.985)	55.00 (59.35)
[93/294]	0.597 (0.981)	65.00 (59.41)
[94/294]	0.498 (0.976)	75.00 (59.58)
[95/294]	0.586 (0.972)	65.00 (59.64)
[96/294]	0.393 (0.966)	90.00 (59.95)
[97/294]	0.499 (0.961)	75.00 (60.10)
[98/294]	0.909 (0.961)	50.00 (60.00)
[99/294]	0.978 (0.961)	50.00 (59.90)
[100/294]	0.283 (0.954)	95.00 (60.25)
[101/294]	0.431 (0.949)	75.00 (60.39)
[102/294]	0.615 (0.946)	70.00 (60.49)
[103/294]	0.125 (0.938)	100.00 (60.87)
[104/294]	0.290 (0.932)	90.00 (61.14)
[105/294]	0.561 (0.928)	65.00 (61.18)
[106/294]	0.810 (0.927)	40.00 (60.98)
[107/294]	0.439 (0.923)	85.00 (61.20)
[108/294]	0.366 (0.918)	90.00 (61.47)
[109/294]	0.299 (0.912)	90.00 (61.73)
[110/294]	0.792 (0.911)	60.00 (61.71)
[111/294]	0.571 (0.908)	70.00 (61.79)
[112/294]	0.687 (0.906)	65.00 (61.81)
[113/294]	0.575 (0.903)	70.00 (61.89)
[114/294]	0.169 (0.897)	95.00 (62.17)
[115/294]	0.266 (0.891)	95.00 (62.46)
[116/294]	0.280 (0.886)	90.00 (62.69)
[117/294]	0.310 (0.881)	90.00 (62.92)
[118/294]	0.669 (0.879)	65.00 (62.94)
[119/294]	0.499 (0.876)	80.00 (63.08)
[120/294]	0.353 (0.872)	80.00 (63.22)
[121/294]	0.469 (0.869)	80.00 (63.36)
[122/294]	0.518 (0.866)	70.00 (63.41)
[123/294]	0.647 (0.864)	65.00 (63.43)
[124/294]	0.623 (0.862)	70.00 (63.48)
[125/294]	0.371 (0.858)	80.00 (63.61)
[126/294]	0.360 (0.854)	85.00 (63.78)
[127/294]	0.224 (0.849)	100.00 (64.06)
[128/294]	0.744 (0.848)	60.00 (64.03)
[129/294]	0.521 (0.846)	80.00 (64.15)
[130/294]	0.492 (0.843)	80.00 (64.27)
[131/294]	0.265 (0.839)	85.00 (64.43)
[132/294]	0.472 (0.836)	80.00 (64.55)
[133/294]	0.361 (0.833)	80.00 (64.66)
[134/294]	0.365 (0.829)	80.00 (64.78)
[135/294]	0.072 (0.824)	100.00 (65.04)
[136/294]	0.083 (0.818)	100.00 (65.29)
[137/294]	0.218 (0.814)	95.00 (65.51)
[138/294]	1.058 (0.816)	60.00 (65.47)
[139/294]	1.003 (0.817)	65.00 (65.46)
[140/294]	1.011 (0.818)	50.00 (65.35)
[141/294]	0.215 (0.814)	95.00 (65.56)
[142/294]	0.256 (0.810)	85.00 (65.70)
[143/294]	0.706 (0.809)	75.00 (65.76)
[144/294]	0.791 (0.809)	65.00 (65.76)
[145/294]	0.422 (0.807)	75.00 (65.82)
[146/294]	0.668 (0.806)	60.00 (65.78)
[147/294]	0.766 (0.805)	55.00 (65.71)
[148/294]	0.605 (0.804)	65.00 (65.70)
[149/294]	0.345 (0.801)	80.00 (65.80)
[150/294]	0.392 (0.798)	80.00 (65.89)
[151/294]	0.358 (0.795)	90.00 (66.05)
[152/294]	0.224 (0.792)	100.00 (66.27)
[153/294]	0.242 (0.788)	95.00 (66.46)
[154/294]	0.299 (0.785)	85.00 (66.58)
[155/294]	0.210 (0.781)	100.00 (66.79)
[156/294]	0.137 (0.777)	100.00 (67.01)
[157/294]	0.274 (0.774)	95.00 (67.18)
[158/294]	0.513 (0.772)	80.00 (67.26)
[159/294]	0.546 (0.771)	65.00 (67.25)
[160/294]	0.501 (0.769)	80.00 (67.33)
[161/294]	0.786 (0.769)	65.00 (67.31)
[162/294]	0.508 (0.768)	70.00 (67.33)
[163/294]	0.473 (0.766)	65.00 (67.32)
[164/294]	0.549 (0.765)	70.00 (67.33)
[165/294]	0.670 (0.764)	65.00 (67.32)
[166/294]	0.686 (0.764)	60.00 (67.28)
[167/294]	0.493 (0.762)	75.00 (67.32)
[168/294]	0.404 (0.760)	70.00 (67.34)
[169/294]	0.570 (0.759)	65.00 (67.32)
[170/294]	0.766 (0.759)	55.00 (67.25)
[171/294]	0.334 (0.756)	85.00 (67.35)
[172/294]	0.198 (0.753)	95.00 (67.51)
[173/294]	0.210 (0.750)	90.00 (67.64)
[174/294]	0.541 (0.749)	70.00 (67.66)
[175/294]	0.408 (0.747)	90.00 (67.78)
[176/294]	0.792 (0.747)	55.00 (67.71)
[177/294]	0.262 (0.744)	90.00 (67.84)
[178/294]	0.253 (0.742)	90.00 (67.96)
[179/294]	0.415 (0.740)	70.00 (67.97)
[180/294]	0.491 (0.738)	80.00 (68.04)
[181/294]	0.424 (0.737)	85.00 (68.13)
[182/294]	0.271 (0.734)	85.00 (68.22)
[183/294]	0.231 (0.731)	95.00 (68.37)
[184/294]	1.462 (0.735)	55.00 (68.30)
[185/294]	1.112 (0.737)	75.00 (68.33)
[186/294]	0.183 (0.734)	95.00 (68.48)
[187/294]	0.187 (0.731)	100.00 (68.64)
[188/294]	0.551 (0.731)	65.00 (68.62)
[189/294]	0.451 (0.729)	70.00 (68.63)
[190/294]	0.251 (0.727)	90.00 (68.74)
[191/294]	0.264 (0.724)	90.00 (68.85)
[192/294]	0.164 (0.721)	95.00 (68.99)
[193/294]	0.290 (0.719)	90.00 (69.10)
[194/294]	0.495 (0.718)	60.00 (69.05)
[195/294]	0.822 (0.718)	50.00 (68.95)
[196/294]	0.777 (0.719)	50.00 (68.86)
[197/294]	0.259 (0.716)	90.00 (68.96)
[198/294]	0.598 (0.716)	80.00 (69.02)
[199/294]	0.575 (0.715)	75.00 (69.05)
[200/294]	0.503 (0.714)	75.00 (69.08)
[201/294]	0.837 (0.715)	45.00 (68.96)
[202/294]	0.414 (0.713)	85.00 (69.04)
[203/294]	0.343 (0.711)	90.00 (69.14)
[204/294]	0.167 (0.709)	100.00 (69.29)
[205/294]	0.424 (0.707)	80.00 (69.34)
[206/294]	0.317 (0.705)	95.00 (69.47)
[207/294]	0.372 (0.704)	85.00 (69.54)
[208/294]	0.328 (0.702)	80.00 (69.59)
[209/294]	0.573 (0.701)	85.00 (69.67)
[210/294]	0.441 (0.700)	80.00 (69.72)
[211/294]	0.401 (0.699)	80.00 (69.76)
[212/294]	0.400 (0.697)	70.00 (69.77)
[213/294]	0.263 (0.695)	85.00 (69.84)
[214/294]	0.171 (0.693)	95.00 (69.95)
[215/294]	0.337 (0.691)	85.00 (70.02)
[216/294]	0.415 (0.690)	80.00 (70.07)
[217/294]	0.495 (0.689)	75.00 (70.09)
[218/294]	0.119 (0.686)	100.00 (70.23)
[219/294]	0.290 (0.685)	85.00 (70.30)
[220/294]	0.360 (0.683)	90.00 (70.38)
[221/294]	0.320 (0.682)	90.00 (70.47)
[222/294]	0.155 (0.679)	100.00 (70.61)
[223/294]	0.801 (0.680)	65.00 (70.58)
[224/294]	0.560 (0.679)	65.00 (70.56)
[225/294]	0.115 (0.677)	100.00 (70.69)
[226/294]	0.247 (0.675)	90.00 (70.77)
[227/294]	0.378 (0.674)	85.00 (70.83)
[228/294]	0.270 (0.672)	90.00 (70.92)
[229/294]	0.219 (0.670)	90.00 (71.00)
[230/294]	0.630 (0.670)	75.00 (71.02)
[231/294]	1.223 (0.672)	45.00 (70.91)
[232/294]	0.472 (0.671)	85.00 (70.97)
[233/294]	0.150 (0.669)	95.00 (71.07)
[234/294]	0.452 (0.668)	75.00 (71.09)
[235/294]	0.623 (0.668)	75.00 (71.10)
[236/294]	0.380 (0.667)	80.00 (71.14)
[237/294]	0.562 (0.666)	70.00 (71.13)
[238/294]	0.714 (0.666)	60.00 (71.09)
[239/294]	0.459 (0.665)	85.00 (71.15)
[240/294]	0.264 (0.664)	95.00 (71.24)
[241/294]	0.206 (0.662)	95.00 (71.34)
[242/294]	0.199 (0.660)	95.00 (71.44)
[243/294]	0.276 (0.658)	90.00 (71.52)
[244/294]	0.249 (0.657)	100.00 (71.63)
[245/294]	0.228 (0.655)	90.00 (71.71)
[246/294]	0.051 (0.653)	100.00 (71.82)
[247/294]	0.224 (0.651)	100.00 (71.94)
[248/294]	0.421 (0.650)	80.00 (71.97)
[249/294]	0.906 (0.651)	60.00 (71.92)
[250/294]	0.170 (0.649)	95.00 (72.01)
[251/294]	0.215 (0.647)	95.00 (72.10)
[252/294]	0.287 (0.646)	90.00 (72.17)
[253/294]	0.097 (0.644)	100.00 (72.28)
[254/294]	0.353 (0.643)	85.00 (72.33)
[255/294]	0.290 (0.641)	85.00 (72.38)
[256/294]	0.178 (0.639)	100.00 (72.49)
[257/294]	0.667 (0.640)	70.00 (72.48)
[258/294]	0.217 (0.638)	90.00 (72.55)
[259/294]	0.174 (0.636)	95.00 (72.63)
[260/294]	0.292 (0.635)	95.00 (72.72)
[261/294]	0.638 (0.635)	55.00 (72.65)
[262/294]	0.402 (0.634)	85.00 (72.70)
[263/294]	0.226 (0.632)	95.00 (72.78)
[264/294]	0.141 (0.631)	100.00 (72.89)
[265/294]	0.255 (0.629)	85.00 (72.93)
[266/294]	0.517 (0.629)	85.00 (72.98)
[267/294]	0.531 (0.628)	75.00 (72.99)
[268/294]	0.518 (0.628)	75.00 (72.99)
[269/294]	0.157 (0.626)	95.00 (73.07)
[270/294]	0.050 (0.624)	100.00 (73.17)
[271/294]	0.195 (0.622)	100.00 (73.27)
[272/294]	0.351 (0.621)	85.00 (73.32)
[273/294]	0.217 (0.620)	95.00 (73.39)
[274/294]	0.185 (0.618)	95.00 (73.47)
[275/294]	0.741 (0.619)	65.00 (73.44)
[276/294]	0.901 (0.620)	60.00 (73.39)
[277/294]	0.293 (0.619)	95.00 (73.47)
[278/294]	0.061 (0.617)	100.00 (73.57)
[279/294]	0.054 (0.615)	100.00 (73.66)
[280/294]	0.113 (0.613)	95.00 (73.74)
[281/294]	0.302 (0.612)	95.00 (73.81)
[282/294]	0.153 (0.610)	100.00 (73.90)
[283/294]	0.246 (0.609)	95.00 (73.98)
[284/294]	0.200 (0.607)	90.00 (74.04)
[285/294]	0.494 (0.607)	75.00 (74.04)
[286/294]	0.164 (0.606)	100.00 (74.13)
[287/294]	0.417 (0.605)	85.00 (74.17)
[288/294]	0.521 (0.605)	60.00 (74.12)
[289/294]	0.217 (0.603)	95.00 (74.19)
[290/294]	0.271 (0.602)	100.00 (74.28)
[291/294]	0.266 (0.601)	85.00 (74.32)
[292/294]	0.237 (0.600)	90.00 (74.37)
[293/294]	0.112 (0.599)	100.00 (74.39)
 * Train Acc: 74.395
 * Avg. Data time: 0.005, Avg. Batch time: 0.043, Avg. Forward time: 0.004, Avg. Backward time: 0.028
Computing MAS
 * Val Acc: 40.715, Time: 2.19
 * Test Acc: 43.371, Time: 4.26
=============Training Task 2=============
Active output nodes for this task: 
[0, 1, 2, 3, 4, 5]
=============Training Epoch 0=============
#reg terms:  1
Batch	 Loss		 Acc
[0/294]	7.811 (7.811)	0.00 (0.00)
[1/294]	6.800 (7.305)	0.00 (0.00)
[2/294]	7.002 (7.204)	0.00 (0.00)
[3/294]	7.622 (7.309)	0.00 (0.00)
[4/294]	6.330 (7.113)	0.00 (0.00)
[5/294]	7.054 (7.103)	0.00 (0.00)
[6/294]	7.013 (7.090)	0.00 (0.00)
[7/294]	4.617 (6.781)	0.00 (0.00)
[8/294]	4.919 (6.574)	0.00 (0.00)
[9/294]	4.486 (6.365)	0.00 (0.00)
[10/294]	4.137 (6.163)	0.00 (0.00)
[11/294]	4.439 (6.019)	10.00 (0.83)
[12/294]	3.813 (5.850)	25.00 (2.69)
[13/294]	2.799 (5.632)	20.00 (3.93)
[14/294]	3.038 (5.459)	30.00 (5.67)
[15/294]	2.628 (5.282)	40.00 (7.81)
[16/294]	2.395 (5.112)	40.00 (9.71)
[17/294]	2.396 (4.961)	25.00 (10.56)
[18/294]	1.894 (4.800)	40.00 (12.11)
[19/294]	1.753 (4.647)	55.00 (14.25)
[20/294]	1.902 (4.517)	45.00 (15.71)
[21/294]	1.368 (4.373)	85.00 (18.86)
[22/294]	1.237 (4.237)	90.00 (21.96)
[23/294]	1.051 (4.104)	95.00 (25.00)
[24/294]	1.318 (3.993)	70.00 (26.80)
[25/294]	1.099 (3.882)	80.00 (28.85)
[26/294]	1.206 (3.783)	75.00 (30.56)
[27/294]	0.944 (3.681)	85.00 (32.50)
[28/294]	1.121 (3.593)	60.00 (33.45)
[29/294]	1.059 (3.508)	75.00 (34.83)
[30/294]	1.042 (3.429)	65.00 (35.81)
[31/294]	0.787 (3.346)	90.00 (37.50)
[32/294]	0.782 (3.269)	85.00 (38.94)
[33/294]	1.062 (3.204)	60.00 (39.56)
[34/294]	1.230 (3.147)	50.00 (39.86)
[35/294]	0.770 (3.081)	75.00 (40.83)
[36/294]	0.479 (3.011)	100.00 (42.43)
[37/294]	0.450 (2.944)	95.00 (43.82)
[38/294]	0.712 (2.886)	80.00 (44.74)
[39/294]	0.670 (2.831)	85.00 (45.75)
[40/294]	0.593 (2.776)	85.00 (46.71)
[41/294]	1.032 (2.735)	55.00 (46.90)
[42/294]	0.713 (2.688)	85.00 (47.79)
[43/294]	0.553 (2.639)	75.00 (48.41)
[44/294]	0.403 (2.590)	90.00 (49.33)
[45/294]	0.439 (2.543)	95.00 (50.33)
[46/294]	0.337 (2.496)	95.00 (51.28)
[47/294]	0.308 (2.450)	100.00 (52.29)
[48/294]	0.368 (2.408)	90.00 (53.06)
[49/294]	0.363 (2.367)	95.00 (53.90)
[50/294]	0.461 (2.330)	100.00 (54.80)
[51/294]	0.555 (2.295)	90.00 (55.48)
[52/294]	0.407 (2.260)	90.00 (56.13)
[53/294]	0.804 (2.233)	55.00 (56.11)
[54/294]	0.603 (2.203)	65.00 (56.27)
[55/294]	0.200 (2.167)	100.00 (57.05)
[56/294]	0.234 (2.134)	95.00 (57.72)
[57/294]	0.349 (2.103)	90.00 (58.28)
[58/294]	0.304 (2.072)	95.00 (58.90)
[59/294]	0.203 (2.041)	100.00 (59.58)
[60/294]	0.377 (2.014)	85.00 (60.00)
[61/294]	0.201 (1.985)	100.00 (60.65)
[62/294]	0.278 (1.958)	90.00 (61.11)
[63/294]	0.160 (1.929)	95.00 (61.64)
[64/294]	0.309 (1.905)	85.00 (62.00)
[65/294]	0.264 (1.880)	100.00 (62.58)
[66/294]	0.228 (1.855)	100.00 (63.13)
[67/294]	0.305 (1.832)	90.00 (63.53)
[68/294]	0.345 (1.811)	85.00 (63.84)
[69/294]	0.268 (1.789)	90.00 (64.21)
[70/294]	0.460 (1.770)	90.00 (64.58)
[71/294]	0.523 (1.753)	70.00 (64.65)
[72/294]	0.493 (1.735)	70.00 (64.73)
[73/294]	0.134 (1.714)	100.00 (65.20)
[74/294]	0.270 (1.694)	95.00 (65.60)
[75/294]	0.247 (1.675)	95.00 (65.99)
[76/294]	0.485 (1.660)	85.00 (66.23)
[77/294]	0.347 (1.643)	85.00 (66.47)
[78/294]	0.318 (1.626)	90.00 (66.77)
[79/294]	0.320 (1.610)	90.00 (67.06)
[80/294]	0.317 (1.594)	100.00 (67.47)
[81/294]	0.241 (1.578)	95.00 (67.80)
[82/294]	0.210 (1.561)	90.00 (68.07)
[83/294]	0.047 (1.543)	100.00 (68.45)
[84/294]	0.157 (1.527)	95.00 (68.76)
[85/294]	0.377 (1.513)	80.00 (68.90)
[86/294]	0.304 (1.499)	95.00 (69.20)
[87/294]	0.082 (1.483)	100.00 (69.55)
[88/294]	0.369 (1.471)	80.00 (69.66)
[89/294]	0.287 (1.458)	95.00 (69.94)
[90/294]	0.214 (1.444)	100.00 (70.27)
[91/294]	0.380 (1.432)	85.00 (70.43)
[92/294]	0.194 (1.419)	100.00 (70.75)
[93/294]	0.173 (1.406)	100.00 (71.06)
[94/294]	0.172 (1.393)	100.00 (71.37)
[95/294]	0.168 (1.380)	95.00 (71.61)
[96/294]	0.079 (1.367)	100.00 (71.91)
[97/294]	0.327 (1.356)	85.00 (72.04)
[98/294]	0.106 (1.343)	100.00 (72.32)
[99/294]	0.145 (1.331)	100.00 (72.60)
[100/294]	0.104 (1.319)	100.00 (72.87)
[101/294]	0.213 (1.308)	95.00 (73.09)
[102/294]	0.262 (1.298)	85.00 (73.20)
[103/294]	0.115 (1.287)	100.00 (73.46)
[104/294]	0.118 (1.276)	100.00 (73.71)
[105/294]	0.090 (1.265)	100.00 (73.96)
[106/294]	0.313 (1.256)	95.00 (74.16)
[107/294]	0.320 (1.247)	100.00 (74.40)
[108/294]	0.076 (1.236)	100.00 (74.63)
[109/294]	0.177 (1.227)	100.00 (74.86)
[110/294]	0.183 (1.217)	95.00 (75.05)
[111/294]	0.303 (1.209)	95.00 (75.22)
[112/294]	0.435 (1.202)	90.00 (75.35)
[113/294]	0.171 (1.193)	100.00 (75.57)
[114/294]	0.179 (1.184)	95.00 (75.74)
[115/294]	0.272 (1.177)	90.00 (75.86)
[116/294]	0.052 (1.167)	100.00 (76.07)
[117/294]	0.094 (1.158)	95.00 (76.23)
[118/294]	0.078 (1.149)	100.00 (76.43)
[119/294]	0.161 (1.141)	100.00 (76.62)
[120/294]	0.192 (1.133)	100.00 (76.82)
[121/294]	0.185 (1.125)	95.00 (76.97)
[122/294]	0.159 (1.117)	100.00 (77.15)
[123/294]	0.101 (1.109)	100.00 (77.34)
[124/294]	0.111 (1.101)	100.00 (77.52)
[125/294]	0.169 (1.094)	95.00 (77.66)
[126/294]	0.063 (1.085)	100.00 (77.83)
[127/294]	0.089 (1.078)	100.00 (78.01)
[128/294]	0.108 (1.070)	100.00 (78.18)
[129/294]	0.062 (1.062)	100.00 (78.35)
[130/294]	0.281 (1.056)	85.00 (78.40)
[131/294]	0.165 (1.050)	95.00 (78.52)
[132/294]	0.191 (1.043)	100.00 (78.68)
[133/294]	0.140 (1.036)	95.00 (78.81)
[134/294]	0.156 (1.030)	95.00 (78.93)
[135/294]	0.221 (1.024)	90.00 (79.01)
[136/294]	0.245 (1.018)	90.00 (79.09)
[137/294]	0.123 (1.012)	100.00 (79.24)
[138/294]	0.168 (1.006)	95.00 (79.35)
[139/294]	0.142 (1.000)	100.00 (79.50)
[140/294]	0.196 (0.994)	95.00 (79.61)
[141/294]	0.101 (0.988)	100.00 (79.75)
[142/294]	0.149 (0.982)	95.00 (79.86)
[143/294]	0.241 (0.977)	95.00 (79.97)
[144/294]	0.207 (0.971)	95.00 (80.07)
[145/294]	0.154 (0.966)	95.00 (80.17)
[146/294]	0.169 (0.960)	95.00 (80.27)
[147/294]	0.088 (0.954)	100.00 (80.41)
[148/294]	0.123 (0.949)	100.00 (80.54)
[149/294]	0.216 (0.944)	85.00 (80.57)
[150/294]	0.139 (0.939)	90.00 (80.63)
[151/294]	0.066 (0.933)	100.00 (80.76)
[152/294]	0.104 (0.927)	100.00 (80.88)
[153/294]	0.115 (0.922)	100.00 (81.01)
[154/294]	0.120 (0.917)	100.00 (81.13)
[155/294]	0.128 (0.912)	95.00 (81.22)
[156/294]	0.060 (0.906)	100.00 (81.34)
[157/294]	0.024 (0.901)	100.00 (81.46)
[158/294]	0.192 (0.896)	90.00 (81.51)
[159/294]	0.125 (0.892)	95.00 (81.59)
[160/294]	0.043 (0.886)	100.00 (81.71)
[161/294]	0.049 (0.881)	100.00 (81.82)
[162/294]	0.099 (0.876)	100.00 (81.93)
[163/294]	0.143 (0.872)	95.00 (82.01)
[164/294]	0.064 (0.867)	100.00 (82.12)
[165/294]	0.287 (0.863)	90.00 (82.17)
[166/294]	0.210 (0.860)	95.00 (82.25)
[167/294]	0.100 (0.855)	100.00 (82.35)
[168/294]	0.105 (0.851)	100.00 (82.46)
[169/294]	0.179 (0.847)	90.00 (82.50)
[170/294]	0.077 (0.842)	100.00 (82.60)
[171/294]	0.062 (0.838)	100.00 (82.70)
[172/294]	0.066 (0.833)	100.00 (82.80)
[173/294]	0.075 (0.829)	100.00 (82.90)
[174/294]	0.058 (0.824)	100.00 (83.00)
[175/294]	0.065 (0.820)	100.00 (83.10)
[176/294]	0.100 (0.816)	95.00 (83.16)
[177/294]	0.197 (0.813)	95.00 (83.23)
[178/294]	0.116 (0.809)	100.00 (83.32)
[179/294]	0.187 (0.805)	95.00 (83.39)
[180/294]	0.454 (0.803)	75.00 (83.34)
[181/294]	0.456 (0.801)	80.00 (83.32)
[182/294]	0.209 (0.798)	80.00 (83.31)
[183/294]	0.080 (0.794)	100.00 (83.40)
[184/294]	0.114 (0.791)	100.00 (83.49)
[185/294]	0.018 (0.786)	100.00 (83.58)
[186/294]	0.075 (0.783)	100.00 (83.66)
[187/294]	0.162 (0.779)	95.00 (83.72)
[188/294]	0.082 (0.776)	100.00 (83.81)
[189/294]	0.065 (0.772)	100.00 (83.89)
[190/294]	0.066 (0.768)	100.00 (83.98)
[191/294]	0.070 (0.765)	100.00 (84.06)
[192/294]	0.015 (0.761)	100.00 (84.15)
[193/294]	0.085 (0.757)	100.00 (84.23)
[194/294]	0.098 (0.754)	100.00 (84.31)
[195/294]	0.192 (0.751)	95.00 (84.36)
[196/294]	0.260 (0.748)	90.00 (84.39)
[197/294]	0.175 (0.746)	90.00 (84.42)
[198/294]	0.029 (0.742)	100.00 (84.50)
[199/294]	0.054 (0.738)	100.00 (84.58)
[200/294]	0.125 (0.735)	100.00 (84.65)
[201/294]	0.172 (0.733)	100.00 (84.73)
[202/294]	0.153 (0.730)	100.00 (84.80)
[203/294]	0.024 (0.726)	100.00 (84.88)
[204/294]	0.298 (0.724)	85.00 (84.88)
[205/294]	0.124 (0.721)	100.00 (84.95)
[206/294]	0.164 (0.719)	95.00 (85.00)
[207/294]	0.113 (0.716)	95.00 (85.05)
[208/294]	0.028 (0.712)	100.00 (85.12)
[209/294]	0.030 (0.709)	100.00 (85.19)
[210/294]	0.081 (0.706)	100.00 (85.26)
[211/294]	0.189 (0.704)	90.00 (85.28)
[212/294]	0.124 (0.701)	90.00 (85.31)
[213/294]	0.156 (0.698)	100.00 (85.37)
[214/294]	0.390 (0.697)	80.00 (85.35)
[215/294]	0.291 (0.695)	80.00 (85.32)
[216/294]	0.054 (0.692)	100.00 (85.39)
[217/294]	0.101 (0.690)	95.00 (85.44)
[218/294]	0.141 (0.687)	100.00 (85.50)
[219/294]	0.130 (0.684)	95.00 (85.55)
[220/294]	0.064 (0.682)	100.00 (85.61)
[221/294]	0.074 (0.679)	100.00 (85.68)
[222/294]	0.098 (0.676)	100.00 (85.74)
[223/294]	0.105 (0.674)	95.00 (85.78)
[224/294]	0.098 (0.671)	100.00 (85.84)
[225/294]	0.259 (0.669)	90.00 (85.86)
[226/294]	0.411 (0.668)	80.00 (85.84)
[227/294]	0.022 (0.665)	100.00 (85.90)
[228/294]	0.064 (0.663)	100.00 (85.96)
[229/294]	0.085 (0.660)	100.00 (86.02)
[230/294]	0.091 (0.658)	100.00 (86.08)
[231/294]	0.077 (0.655)	100.00 (86.14)
[232/294]	0.049 (0.653)	100.00 (86.20)
[233/294]	0.036 (0.650)	100.00 (86.26)
[234/294]	0.438 (0.649)	80.00 (86.23)
[235/294]	0.127 (0.647)	100.00 (86.29)
[236/294]	0.087 (0.645)	100.00 (86.35)
[237/294]	0.285 (0.643)	80.00 (86.32)
[238/294]	0.335 (0.642)	85.00 (86.32)
[239/294]	0.300 (0.640)	75.00 (86.27)
[240/294]	0.236 (0.639)	95.00 (86.31)
[241/294]	0.146 (0.637)	100.00 (86.36)
[242/294]	0.180 (0.635)	95.00 (86.40)
[243/294]	0.240 (0.633)	95.00 (86.43)
[244/294]	0.220 (0.631)	95.00 (86.47)
[245/294]	0.080 (0.629)	100.00 (86.52)
[246/294]	0.057 (0.627)	100.00 (86.58)
[247/294]	0.023 (0.624)	100.00 (86.63)
[248/294]	0.027 (0.622)	100.00 (86.69)
[249/294]	0.031 (0.620)	100.00 (86.74)
[250/294]	0.055 (0.617)	100.00 (86.79)
[251/294]	0.073 (0.615)	100.00 (86.85)
[252/294]	0.007 (0.613)	100.00 (86.90)
[253/294]	0.021 (0.611)	100.00 (86.95)
[254/294]	0.085 (0.609)	100.00 (87.00)
[255/294]	0.151 (0.607)	100.00 (87.05)
[256/294]	0.134 (0.605)	95.00 (87.08)
[257/294]	0.138 (0.603)	100.00 (87.13)
[258/294]	0.098 (0.601)	95.00 (87.16)
[259/294]	0.323 (0.600)	90.00 (87.17)
[260/294]	0.357 (0.599)	85.00 (87.16)
[261/294]	0.354 (0.598)	85.00 (87.16)
[262/294]	0.130 (0.596)	100.00 (87.21)
[263/294]	0.038 (0.594)	100.00 (87.25)
[264/294]	0.079 (0.592)	100.00 (87.30)
[265/294]	0.076 (0.590)	100.00 (87.35)
[266/294]	0.044 (0.588)	100.00 (87.40)
[267/294]	0.032 (0.586)	100.00 (87.44)
[268/294]	0.159 (0.585)	90.00 (87.45)
[269/294]	0.149 (0.583)	95.00 (87.48)
[270/294]	0.075 (0.581)	100.00 (87.53)
[271/294]	0.177 (0.580)	95.00 (87.56)
[272/294]	0.281 (0.579)	90.00 (87.56)
[273/294]	0.034 (0.577)	100.00 (87.61)
[274/294]	0.069 (0.575)	100.00 (87.65)
[275/294]	0.095 (0.573)	100.00 (87.70)
[276/294]	0.071 (0.571)	100.00 (87.74)
[277/294]	0.284 (0.570)	90.00 (87.75)
[278/294]	0.221 (0.569)	95.00 (87.78)
[279/294]	0.030 (0.567)	100.00 (87.82)
[280/294]	0.074 (0.565)	100.00 (87.86)
[281/294]	0.227 (0.564)	90.00 (87.87)
[282/294]	0.197 (0.563)	85.00 (87.86)
[283/294]	0.180 (0.561)	95.00 (87.89)
[284/294]	0.139 (0.560)	95.00 (87.91)
[285/294]	0.186 (0.559)	95.00 (87.94)
[286/294]	0.311 (0.558)	90.00 (87.94)
[287/294]	0.051 (0.556)	100.00 (87.99)
[288/294]	0.101 (0.554)	95.00 (88.01)
[289/294]	0.157 (0.553)	95.00 (88.03)
[290/294]	0.041 (0.551)	100.00 (88.08)
[291/294]	0.266 (0.550)	90.00 (88.08)
[292/294]	0.075 (0.549)	95.00 (88.11)
[293/294]	0.088 (0.547)	100.00 (88.15)
 * Train Acc: 88.146
 * Avg. Data time: 0.022, Avg. Batch time: 0.061, Avg. Forward time: 0.004, Avg. Backward time: 0.027
Computing MAS
 * Val Acc: 29.572, Time: 3.64
 * Test Acc: 31.570, Time: 8.59
=============Training Task 3=============
Active output nodes for this task: 
[0, 1, 2, 3, 4, 5, 6, 7]
=============Training Epoch 0=============
#reg terms:  1
Batch	 Loss		 Acc
[0/294]	11.643 (11.643)	0.00 (0.00)
[1/294]	14.628 (13.136)	0.00 (0.00)
[2/294]	15.722 (13.998)	0.00 (0.00)
[3/294]	14.572 (14.141)	0.00 (0.00)
[4/294]	12.890 (13.891)	0.00 (0.00)
[5/294]	11.288 (13.457)	0.00 (0.00)
[6/294]	9.787 (12.933)	0.00 (0.00)
[7/294]	13.063 (12.949)	0.00 (0.00)
[8/294]	12.504 (12.900)	0.00 (0.00)
[9/294]	10.751 (12.685)	0.00 (0.00)
[10/294]	13.505 (12.759)	0.00 (0.00)
[11/294]	11.040 (12.616)	0.00 (0.00)
[12/294]	10.628 (12.463)	0.00 (0.00)
[13/294]	10.217 (12.303)	0.00 (0.00)
[14/294]	10.475 (12.181)	0.00 (0.00)
[15/294]	10.017 (12.045)	0.00 (0.00)
[16/294]	9.782 (11.912)	0.00 (0.00)
[17/294]	9.233 (11.763)	0.00 (0.00)
[18/294]	10.258 (11.684)	0.00 (0.00)
[19/294]	10.469 (11.623)	0.00 (0.00)
[20/294]	9.250 (11.510)	0.00 (0.00)
[21/294]	8.169 (11.359)	0.00 (0.00)
[22/294]	7.163 (11.176)	0.00 (0.00)
[23/294]	6.703 (10.990)	0.00 (0.00)
[24/294]	8.060 (10.873)	0.00 (0.00)
[25/294]	6.432 (10.702)	25.00 (0.96)
[26/294]	6.576 (10.549)	20.00 (1.67)
[27/294]	7.966 (10.457)	0.00 (1.61)
[28/294]	5.763 (10.295)	15.00 (2.07)
[29/294]	5.529 (10.136)	30.00 (3.00)
[30/294]	4.787 (9.963)	40.00 (4.19)
[31/294]	4.473 (9.792)	45.00 (5.47)
[32/294]	3.284 (9.595)	55.00 (6.97)
[33/294]	3.369 (9.412)	60.00 (8.53)
[34/294]	4.381 (9.268)	50.00 (9.71)
[35/294]	3.160 (9.098)	50.00 (10.83)
[36/294]	2.871 (8.930)	50.00 (11.89)
[37/294]	3.182 (8.779)	50.00 (12.89)
[38/294]	2.814 (8.626)	45.00 (13.72)
[39/294]	2.729 (8.478)	45.00 (14.50)
[40/294]	2.020 (8.321)	60.00 (15.61)
[41/294]	1.535 (8.159)	90.00 (17.38)
[42/294]	2.147 (8.019)	40.00 (17.91)
[43/294]	1.647 (7.875)	70.00 (19.09)
[44/294]	1.253 (7.727)	100.00 (20.89)
[45/294]	1.148 (7.584)	95.00 (22.50)
[46/294]	1.290 (7.450)	80.00 (23.72)
[47/294]	1.151 (7.319)	80.00 (24.90)
[48/294]	1.210 (7.194)	80.00 (26.02)
[49/294]	2.213 (7.095)	50.00 (26.50)
[50/294]	1.598 (6.987)	55.00 (27.06)
[51/294]	1.133 (6.875)	70.00 (27.88)
[52/294]	0.570 (6.756)	100.00 (29.25)
[53/294]	0.660 (6.643)	100.00 (30.56)
[54/294]	0.703 (6.535)	85.00 (31.55)
[55/294]	0.561 (6.428)	95.00 (32.68)
[56/294]	0.409 (6.322)	100.00 (33.86)
[57/294]	0.466 (6.221)	100.00 (35.00)
[58/294]	0.564 (6.126)	100.00 (36.10)
[59/294]	0.394 (6.030)	100.00 (37.17)
[60/294]	0.332 (5.937)	100.00 (38.20)
[61/294]	0.340 (5.846)	100.00 (39.19)
[62/294]	0.295 (5.758)	100.00 (40.16)
[63/294]	0.411 (5.675)	100.00 (41.09)
[64/294]	0.374 (5.593)	100.00 (42.00)
[65/294]	0.405 (5.515)	100.00 (42.88)
[66/294]	0.276 (5.436)	100.00 (43.73)
[67/294]	0.337 (5.361)	95.00 (44.49)
[68/294]	0.358 (5.289)	95.00 (45.22)
[69/294]	0.414 (5.219)	85.00 (45.79)
[70/294]	0.605 (5.154)	70.00 (46.13)
[71/294]	0.953 (5.096)	40.00 (46.04)
[72/294]	0.705 (5.036)	80.00 (46.51)
[73/294]	0.294 (4.972)	95.00 (47.16)
[74/294]	1.076 (4.920)	55.00 (47.27)
[75/294]	0.836 (4.866)	70.00 (47.57)
[76/294]	0.255 (4.806)	100.00 (48.25)
[77/294]	0.184 (4.747)	95.00 (48.85)
[78/294]	0.857 (4.698)	70.00 (49.11)
[79/294]	1.086 (4.652)	60.00 (49.25)
[80/294]	1.107 (4.609)	50.00 (49.26)
[81/294]	0.245 (4.555)	90.00 (49.76)
[82/294]	0.196 (4.503)	95.00 (50.30)
[83/294]	0.260 (4.452)	90.00 (50.77)
[84/294]	0.131 (4.402)	100.00 (51.35)
[85/294]	0.454 (4.356)	95.00 (51.86)
[86/294]	0.510 (4.311)	85.00 (52.24)
[87/294]	0.748 (4.271)	55.00 (52.27)
[88/294]	1.381 (4.239)	45.00 (52.19)
[89/294]	1.096 (4.204)	55.00 (52.22)
[90/294]	0.177 (4.159)	100.00 (52.75)
[91/294]	0.217 (4.116)	95.00 (53.21)
[92/294]	0.241 (4.075)	95.00 (53.66)
[93/294]	0.120 (4.033)	100.00 (54.15)
[94/294]	0.562 (3.996)	75.00 (54.37)
[95/294]	0.249 (3.957)	90.00 (54.74)
[96/294]	0.150 (3.918)	95.00 (55.15)
[97/294]	0.061 (3.879)	100.00 (55.61)
[98/294]	0.097 (3.840)	100.00 (56.06)
[99/294]	0.122 (3.803)	100.00 (56.50)
[100/294]	0.109 (3.767)	100.00 (56.93)
[101/294]	0.116 (3.731)	100.00 (57.35)
[102/294]	0.119 (3.696)	100.00 (57.77)
[103/294]	0.076 (3.661)	100.00 (58.17)
[104/294]	0.074 (3.627)	100.00 (58.57)
[105/294]	0.046 (3.593)	100.00 (58.96)
[106/294]	0.103 (3.560)	100.00 (59.35)
[107/294]	0.146 (3.529)	95.00 (59.68)
[108/294]	0.034 (3.497)	100.00 (60.05)
[109/294]	0.052 (3.465)	100.00 (60.41)
[110/294]	0.091 (3.435)	100.00 (60.77)
[111/294]	0.319 (3.407)	85.00 (60.98)
[112/294]	0.099 (3.378)	100.00 (61.33)
[113/294]	0.127 (3.349)	100.00 (61.67)
[114/294]	0.196 (3.322)	90.00 (61.91)
[115/294]	0.585 (3.298)	75.00 (62.03)
[116/294]	0.151 (3.271)	95.00 (62.31)
[117/294]	0.093 (3.245)	100.00 (62.63)
[118/294]	0.187 (3.219)	100.00 (62.94)
[119/294]	0.034 (3.192)	100.00 (63.25)
[120/294]	0.031 (3.166)	100.00 (63.55)
[121/294]	0.095 (3.141)	100.00 (63.85)
[122/294]	0.756 (3.122)	55.00 (63.78)
[123/294]	0.269 (3.099)	95.00 (64.03)
[124/294]	0.394 (3.077)	85.00 (64.20)
[125/294]	0.479 (3.056)	70.00 (64.25)
[126/294]	0.371 (3.035)	90.00 (64.45)
[127/294]	0.178 (3.013)	95.00 (64.69)
[128/294]	0.084 (2.990)	100.00 (64.96)
[129/294]	0.250 (2.969)	90.00 (65.15)
[130/294]	0.175 (2.948)	95.00 (65.38)
[131/294]	0.253 (2.927)	85.00 (65.53)
[132/294]	0.671 (2.910)	75.00 (65.60)
[133/294]	0.141 (2.890)	100.00 (65.86)
[134/294]	0.092 (2.869)	100.00 (66.11)
[135/294]	0.098 (2.849)	100.00 (66.36)
[136/294]	0.208 (2.829)	95.00 (66.57)
[137/294]	0.199 (2.810)	100.00 (66.81)
[138/294]	0.054 (2.790)	100.00 (67.05)
[139/294]	0.029 (2.771)	100.00 (67.29)
[140/294]	0.171 (2.752)	90.00 (67.45)
[141/294]	0.147 (2.734)	95.00 (67.64)
[142/294]	0.195 (2.716)	95.00 (67.83)
[143/294]	0.108 (2.698)	95.00 (68.02)
[144/294]	0.147 (2.681)	100.00 (68.24)
[145/294]	0.099 (2.663)	100.00 (68.46)
[146/294]	0.566 (2.649)	75.00 (68.50)
[147/294]	0.240 (2.632)	90.00 (68.65)
[148/294]	0.249 (2.616)	80.00 (68.72)
[149/294]	0.046 (2.599)	100.00 (68.93)
[150/294]	0.029 (2.582)	100.00 (69.14)
[151/294]	0.054 (2.566)	100.00 (69.34)
[152/294]	0.334 (2.551)	85.00 (69.44)
[153/294]	0.306 (2.536)	85.00 (69.55)
[154/294]	0.070 (2.520)	100.00 (69.74)
[155/294]	0.161 (2.505)	95.00 (69.90)
[156/294]	0.145 (2.490)	95.00 (70.06)
[157/294]	0.198 (2.476)	95.00 (70.22)
[158/294]	0.127 (2.461)	95.00 (70.38)
[159/294]	0.125 (2.446)	95.00 (70.53)
[160/294]	0.198 (2.432)	95.00 (70.68)
[161/294]	0.028 (2.418)	100.00 (70.86)
[162/294]	0.377 (2.405)	90.00 (70.98)
[163/294]	0.377 (2.393)	85.00 (71.07)
[164/294]	0.138 (2.379)	100.00 (71.24)
[165/294]	0.480 (2.368)	80.00 (71.30)
[166/294]	0.421 (2.356)	90.00 (71.41)
[167/294]	0.272 (2.344)	90.00 (71.52)
[168/294]	0.232 (2.331)	100.00 (71.69)
[169/294]	0.110 (2.318)	100.00 (71.85)
[170/294]	0.046 (2.305)	100.00 (72.02)
[171/294]	0.071 (2.292)	100.00 (72.18)
[172/294]	0.327 (2.280)	80.00 (72.23)
[173/294]	0.255 (2.269)	90.00 (72.33)
[174/294]	0.062 (2.256)	100.00 (72.49)
[175/294]	0.469 (2.246)	80.00 (72.53)
[176/294]	0.292 (2.235)	90.00 (72.63)
[177/294]	0.041 (2.223)	100.00 (72.78)
[178/294]	0.037 (2.210)	100.00 (72.93)
[179/294]	0.524 (2.201)	70.00 (72.92)
[180/294]	0.641 (2.192)	70.00 (72.90)
[181/294]	0.046 (2.181)	100.00 (73.05)
[182/294]	0.535 (2.172)	75.00 (73.06)
[183/294]	0.303 (2.161)	85.00 (73.12)
[184/294]	0.170 (2.151)	95.00 (73.24)
[185/294]	0.111 (2.140)	100.00 (73.39)
[186/294]	0.068 (2.129)	100.00 (73.53)
[187/294]	0.155 (2.118)	95.00 (73.64)
[188/294]	0.216 (2.108)	95.00 (73.76)
[189/294]	0.098 (2.098)	95.00 (73.87)
[190/294]	0.171 (2.087)	100.00 (74.01)
[191/294]	0.219 (2.078)	90.00 (74.09)
[192/294]	0.078 (2.067)	100.00 (74.22)
[193/294]	0.035 (2.057)	100.00 (74.36)
[194/294]	0.134 (2.047)	95.00 (74.46)
[195/294]	0.018 (2.037)	100.00 (74.59)
[196/294]	0.305 (2.028)	95.00 (74.70)
[197/294]	0.220 (2.019)	85.00 (74.75)
[198/294]	0.254 (2.010)	90.00 (74.82)
[199/294]	0.069 (2.000)	100.00 (74.95)
[200/294]	0.081 (1.991)	95.00 (75.05)
[201/294]	0.148 (1.981)	90.00 (75.12)
[202/294]	0.336 (1.973)	85.00 (75.17)
[203/294]	0.245 (1.965)	90.00 (75.25)
[204/294]	0.055 (1.956)	100.00 (75.37)
[205/294]	0.029 (1.946)	100.00 (75.49)
[206/294]	0.016 (1.937)	100.00 (75.60)
[207/294]	0.027 (1.928)	100.00 (75.72)
[208/294]	0.015 (1.919)	100.00 (75.84)
[209/294]	0.045 (1.910)	100.00 (75.95)
[210/294]	0.103 (1.901)	100.00 (76.07)
[211/294]	0.178 (1.893)	90.00 (76.13)
[212/294]	0.262 (1.885)	90.00 (76.20)
[213/294]	0.211 (1.877)	95.00 (76.29)
[214/294]	0.155 (1.869)	95.00 (76.37)
[215/294]	0.051 (1.861)	100.00 (76.48)
[216/294]	0.034 (1.853)	100.00 (76.59)
[217/294]	0.070 (1.844)	100.00 (76.70)
[218/294]	0.060 (1.836)	100.00 (76.80)
[219/294]	0.074 (1.828)	100.00 (76.91)
[220/294]	0.251 (1.821)	85.00 (76.95)
[221/294]	0.044 (1.813)	100.00 (77.05)
[222/294]	0.070 (1.805)	100.00 (77.15)
[223/294]	0.087 (1.798)	100.00 (77.25)
[224/294]	0.100 (1.790)	95.00 (77.33)
[225/294]	0.044 (1.782)	100.00 (77.43)
[226/294]	0.051 (1.775)	100.00 (77.53)
[227/294]	0.012 (1.767)	100.00 (77.63)
[228/294]	0.080 (1.760)	100.00 (77.73)
[229/294]	0.286 (1.753)	90.00 (77.78)
[230/294]	0.500 (1.748)	80.00 (77.79)
[231/294]	0.032 (1.740)	100.00 (77.89)
[232/294]	0.063 (1.733)	100.00 (77.98)
[233/294]	0.048 (1.726)	100.00 (78.08)
[234/294]	0.470 (1.721)	85.00 (78.11)
[235/294]	0.212 (1.714)	95.00 (78.18)
[236/294]	0.209 (1.708)	90.00 (78.23)
[237/294]	0.071 (1.701)	100.00 (78.32)
[238/294]	0.035 (1.694)	100.00 (78.41)
[239/294]	0.077 (1.687)	100.00 (78.50)
[240/294]	0.064 (1.681)	100.00 (78.59)
[241/294]	0.324 (1.675)	80.00 (78.60)
[242/294]	0.159 (1.669)	95.00 (78.66)
[243/294]	0.150 (1.663)	90.00 (78.71)
[244/294]	0.307 (1.657)	80.00 (78.71)
[245/294]	0.052 (1.651)	100.00 (78.80)
[246/294]	0.186 (1.645)	90.00 (78.85)
[247/294]	0.152 (1.639)	95.00 (78.91)
[248/294]	0.146 (1.633)	95.00 (78.98)
[249/294]	0.079 (1.626)	100.00 (79.06)
[250/294]	0.187 (1.621)	90.00 (79.10)
[251/294]	0.660 (1.617)	75.00 (79.09)
[252/294]	0.021 (1.610)	100.00 (79.17)
[253/294]	0.023 (1.604)	100.00 (79.25)
[254/294]	0.019 (1.598)	100.00 (79.33)
[255/294]	0.011 (1.592)	100.00 (79.41)
[256/294]	0.065 (1.586)	100.00 (79.49)
[257/294]	0.054 (1.580)	100.00 (79.57)
[258/294]	0.064 (1.574)	100.00 (79.65)
[259/294]	0.083 (1.568)	95.00 (79.71)
[260/294]	0.019 (1.562)	100.00 (79.79)
[261/294]	0.016 (1.557)	100.00 (79.87)
[262/294]	0.046 (1.551)	100.00 (79.94)
[263/294]	0.034 (1.545)	100.00 (80.02)
[264/294]	0.019 (1.539)	100.00 (80.09)
[265/294]	0.028 (1.534)	100.00 (80.17)
[266/294]	0.041 (1.528)	100.00 (80.24)
[267/294]	0.045 (1.522)	100.00 (80.32)
[268/294]	0.036 (1.517)	100.00 (80.39)
[269/294]	0.057 (1.512)	100.00 (80.46)
[270/294]	0.049 (1.506)	100.00 (80.54)
[271/294]	0.078 (1.501)	100.00 (80.61)
[272/294]	0.193 (1.496)	85.00 (80.62)
[273/294]	0.014 (1.491)	100.00 (80.69)
[274/294]	0.064 (1.486)	100.00 (80.76)
[275/294]	0.044 (1.480)	100.00 (80.83)
[276/294]	0.020 (1.475)	100.00 (80.90)
[277/294]	0.026 (1.470)	100.00 (80.97)
[278/294]	0.042 (1.465)	100.00 (81.04)
[279/294]	0.264 (1.460)	90.00 (81.07)
[280/294]	0.160 (1.456)	90.00 (81.10)
[281/294]	0.154 (1.451)	95.00 (81.15)
[282/294]	0.256 (1.447)	95.00 (81.20)
[283/294]	0.052 (1.442)	100.00 (81.27)
[284/294]	0.014 (1.437)	100.00 (81.33)
[285/294]	0.062 (1.432)	100.00 (81.40)
[286/294]	0.090 (1.428)	100.00 (81.46)
[287/294]	0.102 (1.423)	95.00 (81.51)
[288/294]	0.054 (1.418)	100.00 (81.57)
[289/294]	0.261 (1.414)	90.00 (81.60)
[290/294]	0.193 (1.410)	95.00 (81.65)
[291/294]	0.514 (1.407)	80.00 (81.64)
[292/294]	0.206 (1.403)	95.00 (81.69)
[293/294]	0.043 (1.398)	100.00 (81.75)
 * Train Acc: 81.752
 * Avg. Data time: 0.012, Avg. Batch time: 0.051, Avg. Forward time: 0.004, Avg. Backward time: 0.026
Computing MAS
 * Val Acc: 27.613, Time: 5.57
 * Test Acc: 27.177, Time: 13.91
=============Training Task 4=============
Active output nodes for this task: 
[0, 1, 2, 3, 4, 5, 6, 7, 8, 9]
=============Training Epoch 0=============
#reg terms:  1
Batch	 Loss		 Acc
[0/294]	20.593 (20.593)	0.00 (0.00)
[1/294]	19.771 (20.182)	0.00 (0.00)
[2/294]	17.569 (19.311)	0.00 (0.00)
[3/294]	13.934 (17.967)	0.00 (0.00)
[4/294]	16.917 (17.757)	0.00 (0.00)
[5/294]	16.479 (17.544)	0.00 (0.00)
[6/294]	16.765 (17.433)	0.00 (0.00)
[7/294]	18.994 (17.628)	0.00 (0.00)
[8/294]	16.931 (17.550)	0.00 (0.00)
[9/294]	16.484 (17.444)	0.00 (0.00)
[10/294]	16.977 (17.401)	0.00 (0.00)
[11/294]	14.745 (17.180)	0.00 (0.00)
[12/294]	15.058 (17.017)	0.00 (0.00)
[13/294]	15.079 (16.878)	0.00 (0.00)
[14/294]	16.630 (16.862)	0.00 (0.00)
[15/294]	14.354 (16.705)	0.00 (0.00)
[16/294]	13.971 (16.544)	0.00 (0.00)
[17/294]	15.335 (16.477)	0.00 (0.00)
[18/294]	12.990 (16.293)	0.00 (0.00)
[19/294]	13.216 (16.140)	0.00 (0.00)
[20/294]	14.917 (16.081)	0.00 (0.00)
[21/294]	13.043 (15.943)	0.00 (0.00)
[22/294]	12.345 (15.787)	0.00 (0.00)
[23/294]	13.243 (15.681)	0.00 (0.00)
[24/294]	11.093 (15.497)	0.00 (0.00)
[25/294]	9.822 (15.279)	0.00 (0.00)
[26/294]	10.482 (15.101)	0.00 (0.00)
[27/294]	12.102 (14.994)	0.00 (0.00)
[28/294]	9.357 (14.800)	0.00 (0.00)
[29/294]	9.105 (14.610)	0.00 (0.00)
[30/294]	8.104 (14.400)	0.00 (0.00)
[31/294]	9.804 (14.256)	0.00 (0.00)
[32/294]	8.298 (14.076)	0.00 (0.00)
[33/294]	7.251 (13.875)	15.00 (0.44)
[34/294]	8.754 (13.729)	35.00 (1.43)
[35/294]	4.987 (13.486)	30.00 (2.22)
[36/294]	4.628 (13.247)	30.00 (2.97)
[37/294]	4.121 (13.006)	40.00 (3.95)
[38/294]	3.524 (12.763)	50.00 (5.13)
[39/294]	4.808 (12.564)	50.00 (6.25)
[40/294]	4.218 (12.361)	50.00 (7.32)
[41/294]	2.828 (12.134)	50.00 (8.33)
[42/294]	3.937 (11.943)	50.00 (9.30)
[43/294]	2.384 (11.726)	80.00 (10.91)
[44/294]	1.374 (11.496)	100.00 (12.89)
[45/294]	1.119 (11.270)	100.00 (14.78)
[46/294]	1.184 (11.056)	95.00 (16.49)
[47/294]	1.235 (10.851)	85.00 (17.92)
[48/294]	0.899 (10.648)	100.00 (19.59)
[49/294]	1.173 (10.459)	85.00 (20.90)
[50/294]	1.412 (10.281)	65.00 (21.76)
[51/294]	1.784 (10.118)	50.00 (22.31)
[52/294]	0.789 (9.942)	85.00 (23.49)
[53/294]	1.185 (9.780)	70.00 (24.35)
[54/294]	1.024 (9.620)	80.00 (25.36)
[55/294]	0.680 (9.461)	85.00 (26.43)
[56/294]	0.540 (9.304)	95.00 (27.63)
[57/294]	0.504 (9.153)	100.00 (28.88)
[58/294]	0.752 (9.010)	80.00 (29.75)
[59/294]	0.781 (8.873)	85.00 (30.67)
[60/294]	1.376 (8.750)	55.00 (31.07)
[61/294]	0.639 (8.619)	80.00 (31.85)
[62/294]	0.302 (8.487)	95.00 (32.86)
[63/294]	0.472 (8.362)	95.00 (33.83)
[64/294]	0.403 (8.240)	95.00 (34.77)
[65/294]	0.377 (8.120)	95.00 (35.68)
[66/294]	0.629 (8.009)	80.00 (36.34)
[67/294]	0.488 (7.898)	90.00 (37.13)
[68/294]	0.201 (7.786)	100.00 (38.04)
[69/294]	0.166 (7.678)	100.00 (38.93)
[70/294]	0.477 (7.576)	80.00 (39.51)
[71/294]	0.602 (7.479)	75.00 (40.00)
[72/294]	0.810 (7.388)	75.00 (40.48)
[73/294]	0.425 (7.294)	90.00 (41.15)
[74/294]	0.327 (7.201)	90.00 (41.80)
[75/294]	0.151 (7.108)	100.00 (42.57)
[76/294]	0.093 (7.017)	100.00 (43.31)
[77/294]	0.163 (6.929)	95.00 (43.97)
[78/294]	0.180 (6.844)	100.00 (44.68)
[79/294]	0.144 (6.760)	100.00 (45.38)
[80/294]	0.207 (6.679)	100.00 (46.05)
[81/294]	0.332 (6.602)	85.00 (46.52)
[82/294]	0.227 (6.525)	90.00 (47.05)
[83/294]	0.367 (6.452)	80.00 (47.44)
[84/294]	0.897 (6.386)	80.00 (47.82)
[85/294]	0.374 (6.316)	85.00 (48.26)
[86/294]	0.089 (6.245)	100.00 (48.85)
[87/294]	0.067 (6.175)	100.00 (49.43)
[88/294]	0.245 (6.108)	90.00 (49.89)
[89/294]	0.484 (6.046)	75.00 (50.17)
[90/294]	1.100 (5.991)	60.00 (50.27)
[91/294]	0.099 (5.927)	95.00 (50.76)
[92/294]	0.068 (5.864)	100.00 (51.29)
[93/294]	0.129 (5.803)	95.00 (51.76)
[94/294]	0.111 (5.743)	100.00 (52.26)
[95/294]	0.268 (5.686)	90.00 (52.66)
[96/294]	0.240 (5.630)	95.00 (53.09)
[97/294]	0.056 (5.573)	100.00 (53.57)
[98/294]	0.084 (5.518)	100.00 (54.04)
[99/294]	0.057 (5.463)	100.00 (54.50)
[100/294]	0.145 (5.410)	90.00 (54.85)
[101/294]	0.089 (5.358)	100.00 (55.29)
[102/294]	0.063 (5.307)	100.00 (55.73)
[103/294]	0.254 (5.258)	85.00 (56.01)
[104/294]	1.168 (5.219)	25.00 (55.71)
[105/294]	0.108 (5.171)	95.00 (56.08)
[106/294]	0.036 (5.123)	100.00 (56.50)
[107/294]	0.101 (5.077)	100.00 (56.90)
[108/294]	0.072 (5.031)	100.00 (57.29)
[109/294]	0.037 (4.985)	100.00 (57.68)
[110/294]	0.087 (4.941)	100.00 (58.06)
[111/294]	0.059 (4.898)	100.00 (58.44)
[112/294]	0.555 (4.859)	70.00 (58.54)
[113/294]	0.187 (4.818)	95.00 (58.86)
[114/294]	0.102 (4.777)	100.00 (59.22)
[115/294]	0.129 (4.737)	95.00 (59.53)
[116/294]	0.238 (4.699)	90.00 (59.79)
[117/294]	0.706 (4.665)	60.00 (59.79)
[118/294]	0.224 (4.627)	90.00 (60.04)
[119/294]	0.174 (4.590)	95.00 (60.33)
[120/294]	0.122 (4.553)	100.00 (60.66)
[121/294]	0.128 (4.517)	95.00 (60.94)
[122/294]	0.108 (4.481)	100.00 (61.26)
[123/294]	0.418 (4.449)	80.00 (61.41)
[124/294]	0.200 (4.415)	95.00 (61.68)
[125/294]	0.143 (4.381)	95.00 (61.94)
[126/294]	0.425 (4.349)	85.00 (62.13)
[127/294]	0.123 (4.316)	95.00 (62.38)
[128/294]	0.036 (4.283)	100.00 (62.67)
[129/294]	0.041 (4.251)	100.00 (62.96)
[130/294]	0.118 (4.219)	95.00 (63.21)
[131/294]	0.401 (4.190)	80.00 (63.33)
[132/294]	0.942 (4.166)	45.00 (63.20)
[133/294]	0.047 (4.135)	100.00 (63.47)
[134/294]	0.302 (4.107)	85.00 (63.63)
[135/294]	0.214 (4.078)	95.00 (63.86)
[136/294]	0.278 (4.050)	90.00 (64.05)
[137/294]	0.054 (4.021)	100.00 (64.31)
[138/294]	0.024 (3.993)	100.00 (64.57)
[139/294]	0.032 (3.964)	100.00 (64.82)
[140/294]	0.191 (3.938)	95.00 (65.04)
[141/294]	0.143 (3.911)	95.00 (65.25)
[142/294]	0.080 (3.884)	100.00 (65.49)
[143/294]	0.030 (3.857)	100.00 (65.73)
[144/294]	0.569 (3.835)	70.00 (65.76)
[145/294]	0.694 (3.813)	60.00 (65.72)
[146/294]	0.118 (3.788)	100.00 (65.95)
[147/294]	0.048 (3.763)	100.00 (66.18)
[148/294]	0.100 (3.738)	95.00 (66.38)
[149/294]	0.265 (3.715)	90.00 (66.53)
[150/294]	0.071 (3.691)	100.00 (66.75)
[151/294]	0.054 (3.667)	100.00 (66.97)
[152/294]	0.256 (3.645)	90.00 (67.12)
[153/294]	0.267 (3.623)	85.00 (67.24)
[154/294]	0.092 (3.600)	100.00 (67.45)
[155/294]	0.278 (3.579)	95.00 (67.63)
[156/294]	0.126 (3.557)	100.00 (67.83)
[157/294]	0.180 (3.535)	90.00 (67.97)
[158/294]	0.043 (3.513)	100.00 (68.18)
[159/294]	0.021 (3.491)	100.00 (68.38)
[160/294]	0.031 (3.470)	100.00 (68.57)
[161/294]	0.062 (3.449)	100.00 (68.77)
[162/294]	0.182 (3.429)	95.00 (68.93)
[163/294]	0.245 (3.409)	90.00 (69.05)
[164/294]	0.081 (3.389)	100.00 (69.24)
[165/294]	0.040 (3.369)	100.00 (69.43)
[166/294]	0.051 (3.349)	100.00 (69.61)
[167/294]	0.078 (3.330)	100.00 (69.79)
[168/294]	0.091 (3.311)	90.00 (69.91)
[169/294]	0.149 (3.292)	95.00 (70.06)
[170/294]	0.065 (3.273)	100.00 (70.23)
[171/294]	0.010 (3.254)	100.00 (70.41)
[172/294]	0.150 (3.236)	90.00 (70.52)
[173/294]	0.204 (3.219)	95.00 (70.66)
[174/294]	0.035 (3.201)	100.00 (70.83)
[175/294]	0.015 (3.182)	100.00 (70.99)
[176/294]	0.014 (3.165)	100.00 (71.16)
[177/294]	0.112 (3.147)	95.00 (71.29)
[178/294]	0.741 (3.134)	70.00 (71.28)
[179/294]	0.223 (3.118)	95.00 (71.42)
[180/294]	0.123 (3.101)	100.00 (71.57)
[181/294]	0.033 (3.084)	100.00 (71.73)
[182/294]	0.971 (3.073)	70.00 (71.72)
[183/294]	0.606 (3.059)	85.00 (71.79)
[184/294]	0.112 (3.044)	95.00 (71.92)
[185/294]	0.681 (3.031)	70.00 (71.91)
[186/294]	0.385 (3.017)	75.00 (71.93)
[187/294]	0.338 (3.002)	80.00 (71.97)
[188/294]	0.064 (2.987)	100.00 (72.12)
[189/294]	0.051 (2.971)	100.00 (72.26)
[190/294]	0.569 (2.959)	85.00 (72.33)
[191/294]	0.907 (2.948)	60.00 (72.27)
[192/294]	0.102 (2.933)	95.00 (72.38)
[193/294]	0.079 (2.919)	100.00 (72.53)
[194/294]	0.159 (2.905)	95.00 (72.64)
[195/294]	0.032 (2.890)	100.00 (72.78)
[196/294]	0.017 (2.875)	100.00 (72.92)
[197/294]	0.063 (2.861)	100.00 (73.06)
[198/294]	0.069 (2.847)	100.00 (73.19)
[199/294]	0.114 (2.833)	95.00 (73.30)
[200/294]	0.333 (2.821)	90.00 (73.38)
[201/294]	0.132 (2.808)	95.00 (73.49)
[202/294]	0.180 (2.795)	90.00 (73.57)
[203/294]	0.235 (2.782)	90.00 (73.65)
[204/294]	0.057 (2.769)	100.00 (73.78)
[205/294]	0.075 (2.756)	100.00 (73.91)
[206/294]	0.079 (2.743)	100.00 (74.03)
[207/294]	0.105 (2.730)	100.00 (74.16)
[208/294]	0.099 (2.718)	95.00 (74.26)
[209/294]	0.027 (2.705)	100.00 (74.38)
[210/294]	0.165 (2.693)	100.00 (74.50)
[211/294]	0.016 (2.680)	100.00 (74.62)
[212/294]	0.032 (2.668)	100.00 (74.74)
[213/294]	0.032 (2.655)	100.00 (74.86)
[214/294]	0.492 (2.645)	70.00 (74.84)
[215/294]	0.247 (2.634)	90.00 (74.91)
[216/294]	0.026 (2.622)	100.00 (75.02)
[217/294]	0.243 (2.611)	95.00 (75.11)
[218/294]	0.078 (2.600)	100.00 (75.23)
[219/294]	0.077 (2.588)	100.00 (75.34)
[220/294]	0.170 (2.577)	100.00 (75.45)
[221/294]	0.392 (2.567)	90.00 (75.52)
[222/294]	0.118 (2.556)	95.00 (75.61)
[223/294]	0.029 (2.545)	100.00 (75.71)
[224/294]	0.441 (2.536)	85.00 (75.76)
[225/294]	0.256 (2.526)	95.00 (75.84)
[226/294]	0.282 (2.516)	90.00 (75.90)
[227/294]	0.276 (2.506)	85.00 (75.94)
[228/294]	0.169 (2.496)	90.00 (76.00)
[229/294]	0.076 (2.485)	100.00 (76.11)
[230/294]	0.023 (2.475)	100.00 (76.21)
[231/294]	0.151 (2.465)	95.00 (76.29)
[232/294]	0.012 (2.454)	100.00 (76.39)
[233/294]	0.080 (2.444)	95.00 (76.47)
[234/294]	0.372 (2.435)	80.00 (76.49)
[235/294]	0.086 (2.425)	100.00 (76.59)
[236/294]	0.016 (2.415)	100.00 (76.69)
[237/294]	0.072 (2.405)	100.00 (76.79)
[238/294]	0.397 (2.397)	85.00 (76.82)
[239/294]	0.238 (2.388)	90.00 (76.88)
[240/294]	0.033 (2.378)	100.00 (76.97)
[241/294]	0.013 (2.368)	100.00 (77.07)
[242/294]	0.030 (2.359)	100.00 (77.16)
[243/294]	0.023 (2.349)	100.00 (77.25)
[244/294]	0.054 (2.340)	95.00 (77.33)
[245/294]	0.058 (2.330)	100.00 (77.42)
[246/294]	0.028 (2.321)	100.00 (77.51)
[247/294]	0.030 (2.312)	100.00 (77.60)
[248/294]	0.200 (2.303)	90.00 (77.65)
[249/294]	0.154 (2.295)	90.00 (77.70)
[250/294]	0.214 (2.286)	95.00 (77.77)
[251/294]	0.151 (2.278)	95.00 (77.84)
[252/294]	0.066 (2.269)	100.00 (77.92)
[253/294]	0.093 (2.261)	100.00 (78.01)
[254/294]	0.038 (2.252)	100.00 (78.10)
[255/294]	0.184 (2.244)	95.00 (78.16)
[256/294]	0.084 (2.235)	95.00 (78.23)
[257/294]	0.078 (2.227)	100.00 (78.31)
[258/294]	0.080 (2.219)	95.00 (78.38)
[259/294]	0.125 (2.211)	95.00 (78.44)
[260/294]	0.299 (2.203)	80.00 (78.45)
[261/294]	0.333 (2.196)	85.00 (78.47)
[262/294]	0.224 (2.189)	85.00 (78.50)
[263/294]	0.150 (2.181)	90.00 (78.54)
[264/294]	0.174 (2.174)	95.00 (78.60)
[265/294]	0.060 (2.166)	100.00 (78.68)
[266/294]	0.020 (2.158)	100.00 (78.76)
[267/294]	0.087 (2.150)	95.00 (78.82)
[268/294]	0.059 (2.142)	95.00 (78.88)
[269/294]	0.062 (2.134)	100.00 (78.96)
[270/294]	0.179 (2.127)	85.00 (78.99)
[271/294]	0.035 (2.119)	100.00 (79.06)
[272/294]	0.090 (2.112)	95.00 (79.12)
[273/294]	0.091 (2.105)	95.00 (79.18)
[274/294]	0.126 (2.097)	100.00 (79.25)
[275/294]	0.157 (2.090)	100.00 (79.33)
[276/294]	0.190 (2.084)	90.00 (79.37)
[277/294]	0.052 (2.076)	100.00 (79.44)
[278/294]	0.060 (2.069)	95.00 (79.50)
[279/294]	0.020 (2.062)	100.00 (79.57)
[280/294]	0.012 (2.054)	100.00 (79.64)
[281/294]	0.112 (2.047)	100.00 (79.72)
[282/294]	0.134 (2.041)	95.00 (79.77)
[283/294]	0.102 (2.034)	95.00 (79.82)
[284/294]	0.307 (2.028)	90.00 (79.86)
[285/294]	0.268 (2.022)	90.00 (79.90)
[286/294]	0.063 (2.015)	100.00 (79.97)
[287/294]	0.019 (2.008)	100.00 (80.03)
[288/294]	0.208 (2.002)	90.00 (80.07)
[289/294]	0.229 (1.996)	90.00 (80.10)
[290/294]	0.107 (1.989)	100.00 (80.17)
[291/294]	0.307 (1.983)	85.00 (80.19)
[292/294]	0.303 (1.978)	90.00 (80.22)
[293/294]	0.040 (1.971)	100.00 (80.29)
 * Train Acc: 80.289
 * Avg. Data time: 0.011, Avg. Batch time: 0.048, Avg. Forward time: 0.004, Avg. Backward time: 0.026
Computing MAS
 * Val Acc: 22.460, Time: 7.17
 * Test Acc: 22.953, Time: 18.02
=============Training Task 5=============
Active output nodes for this task: 
[0, 1, 2, 3, 4, 5, 6, 7, 8, 9, 10, 11]
=============Training Epoch 0=============
#reg terms:  1
Batch	 Loss		 Acc
