=============Stream Learning Run 0=============
Changing output layer to contain 12 classes
============BEGINNING STREAM LEARNING============
=============Training Task 0=============
Active output nodes for this task: 
[0, 1]
=============Training Epoch 0=============
#reg terms:  0
Batch	 Loss		 Acc
[0/294]	0.905 (0.905)	60.00 (60.00)
[1/294]	1.048 (0.976)	55.00 (57.50)
[2/294]	1.303 (1.085)	45.00 (53.33)
[3/294]	1.194 (1.112)	40.00 (50.00)
[4/294]	0.900 (1.070)	45.00 (49.00)
[5/294]	0.797 (1.024)	55.00 (50.00)
[6/294]	0.816 (0.995)	55.00 (50.71)
[7/294]	0.705 (0.958)	65.00 (52.50)
[8/294]	0.709 (0.931)	50.00 (52.22)
[9/294]	0.860 (0.924)	40.00 (51.00)
[10/294]	0.751 (0.908)	50.00 (50.91)
[11/294]	0.635 (0.885)	60.00 (51.67)
[12/294]	0.641 (0.866)	70.00 (53.08)
[13/294]	0.792 (0.861)	35.00 (51.79)
[14/294]	0.589 (0.843)	75.00 (53.33)
[15/294]	0.684 (0.833)	65.00 (54.06)
[16/294]	0.989 (0.842)	40.00 (53.24)
[17/294]	0.770 (0.838)	55.00 (53.33)
[18/294]	0.499 (0.820)	70.00 (54.21)
[19/294]	0.664 (0.813)	60.00 (54.50)
[20/294]	0.662 (0.805)	60.00 (54.76)
[21/294]	0.704 (0.801)	55.00 (54.77)
[22/294]	0.849 (0.803)	35.00 (53.91)
[23/294]	0.618 (0.795)	60.00 (54.17)
[24/294]	0.595 (0.787)	70.00 (54.80)
[25/294]	0.501 (0.776)	95.00 (56.35)
[26/294]	0.628 (0.771)	60.00 (56.48)
[27/294]	0.635 (0.766)	60.00 (56.61)
[28/294]	0.528 (0.758)	75.00 (57.24)
[29/294]	0.612 (0.753)	50.00 (57.00)
[30/294]	0.631 (0.749)	65.00 (57.26)
[31/294]	0.606 (0.744)	65.00 (57.50)
[32/294]	0.413 (0.734)	85.00 (58.33)
[33/294]	0.555 (0.729)	70.00 (58.68)
[34/294]	0.581 (0.725)	65.00 (58.86)
[35/294]	0.609 (0.722)	65.00 (59.03)
[36/294]	0.641 (0.719)	60.00 (59.05)
[37/294]	0.570 (0.716)	65.00 (59.21)
[38/294]	0.571 (0.712)	75.00 (59.62)
[39/294]	0.584 (0.709)	65.00 (59.75)
[40/294]	0.516 (0.704)	75.00 (60.12)
[41/294]	0.453 (0.698)	85.00 (60.71)
[42/294]	0.602 (0.696)	65.00 (60.81)
[43/294]	0.606 (0.694)	65.00 (60.91)
[44/294]	0.526 (0.690)	70.00 (61.11)
[45/294]	0.486 (0.686)	85.00 (61.63)
[46/294]	0.540 (0.682)	75.00 (61.91)
[47/294]	0.744 (0.684)	50.00 (61.67)
[48/294]	0.626 (0.683)	50.00 (61.43)
[49/294]	0.473 (0.678)	85.00 (61.90)
[50/294]	0.570 (0.676)	70.00 (62.06)
[51/294]	0.591 (0.675)	60.00 (62.02)
[52/294]	0.431 (0.670)	90.00 (62.55)
[53/294]	0.453 (0.666)	80.00 (62.87)
[54/294]	0.498 (0.663)	80.00 (63.18)
[55/294]	0.501 (0.660)	85.00 (63.57)
[56/294]	0.454 (0.656)	85.00 (63.95)
[57/294]	0.554 (0.655)	85.00 (64.31)
[58/294]	0.530 (0.653)	75.00 (64.49)
[59/294]	0.526 (0.650)	80.00 (64.75)
[60/294]	0.396 (0.646)	85.00 (65.08)
[61/294]	0.576 (0.645)	70.00 (65.16)
[62/294]	0.489 (0.643)	65.00 (65.16)
[63/294]	0.572 (0.642)	70.00 (65.23)
[64/294]	0.575 (0.641)	80.00 (65.46)
[65/294]	0.399 (0.637)	85.00 (65.76)
[66/294]	0.502 (0.635)	75.00 (65.90)
[67/294]	0.429 (0.632)	90.00 (66.25)
[68/294]	0.534 (0.630)	80.00 (66.45)
[69/294]	0.558 (0.629)	75.00 (66.57)
[70/294]	0.417 (0.626)	90.00 (66.90)
[71/294]	0.616 (0.626)	65.00 (66.88)
[72/294]	0.568 (0.625)	70.00 (66.92)
[73/294]	0.450 (0.623)	80.00 (67.09)
[74/294]	0.479 (0.621)	70.00 (67.13)
[75/294]	0.330 (0.617)	95.00 (67.50)
[76/294]	0.447 (0.615)	80.00 (67.66)
[77/294]	0.326 (0.611)	90.00 (67.95)
[78/294]	0.407 (0.609)	80.00 (68.10)
[79/294]	0.486 (0.607)	75.00 (68.19)
[80/294]	0.502 (0.606)	90.00 (68.46)
[81/294]	0.384 (0.603)	90.00 (68.72)
[82/294]	0.524 (0.602)	65.00 (68.67)
[83/294]	0.365 (0.600)	85.00 (68.87)
[84/294]	0.382 (0.597)	90.00 (69.12)
[85/294]	0.436 (0.595)	80.00 (69.24)
[86/294]	0.437 (0.593)	75.00 (69.31)
[87/294]	0.356 (0.591)	90.00 (69.55)
[88/294]	0.491 (0.589)	70.00 (69.55)
[89/294]	0.505 (0.589)	80.00 (69.67)
[90/294]	0.480 (0.587)	80.00 (69.78)
[91/294]	0.330 (0.585)	95.00 (70.05)
[92/294]	0.617 (0.585)	65.00 (70.00)
[93/294]	0.442 (0.583)	80.00 (70.11)
[94/294]	0.495 (0.582)	85.00 (70.26)
[95/294]	0.374 (0.580)	90.00 (70.47)
[96/294]	0.384 (0.578)	85.00 (70.62)
[97/294]	0.353 (0.576)	80.00 (70.71)
[98/294]	0.235 (0.572)	100.00 (71.01)
[99/294]	0.356 (0.570)	90.00 (71.20)
[100/294]	0.442 (0.569)	80.00 (71.29)
[101/294]	0.376 (0.567)	90.00 (71.47)
[102/294]	0.456 (0.566)	75.00 (71.50)
[103/294]	0.556 (0.566)	65.00 (71.44)
[104/294]	0.383 (0.564)	85.00 (71.57)
[105/294]	0.232 (0.561)	95.00 (71.79)
[106/294]	0.448 (0.560)	80.00 (71.87)
[107/294]	0.330 (0.558)	90.00 (72.04)
[108/294]	0.377 (0.556)	80.00 (72.11)
[109/294]	0.353 (0.554)	90.00 (72.27)
[110/294]	0.337 (0.552)	90.00 (72.43)
[111/294]	0.381 (0.551)	85.00 (72.54)
[112/294]	0.317 (0.549)	100.00 (72.79)
[113/294]	0.483 (0.548)	65.00 (72.72)
[114/294]	0.342 (0.546)	95.00 (72.91)
[115/294]	0.316 (0.545)	90.00 (73.06)
[116/294]	0.412 (0.543)	80.00 (73.12)
[117/294]	0.493 (0.543)	85.00 (73.22)
[118/294]	0.419 (0.542)	80.00 (73.28)
[119/294]	0.456 (0.541)	80.00 (73.33)
[120/294]	0.369 (0.540)	80.00 (73.39)
[121/294]	0.459 (0.539)	75.00 (73.40)
[122/294]	0.500 (0.539)	70.00 (73.37)
[123/294]	0.464 (0.538)	75.00 (73.39)
[124/294]	0.408 (0.537)	80.00 (73.44)
[125/294]	0.321 (0.535)	85.00 (73.53)
[126/294]	0.446 (0.535)	85.00 (73.62)
[127/294]	0.369 (0.533)	95.00 (73.79)
[128/294]	0.277 (0.531)	90.00 (73.91)
[129/294]	0.398 (0.530)	75.00 (73.92)
[130/294]	0.278 (0.528)	90.00 (74.05)
[131/294]	0.417 (0.528)	75.00 (74.05)
[132/294]	0.284 (0.526)	90.00 (74.17)
[133/294]	0.311 (0.524)	90.00 (74.29)
[134/294]	0.236 (0.522)	95.00 (74.44)
[135/294]	0.351 (0.521)	90.00 (74.56)
[136/294]	0.351 (0.520)	90.00 (74.67)
[137/294]	0.367 (0.518)	85.00 (74.75)
[138/294]	0.294 (0.517)	85.00 (74.82)
[139/294]	0.378 (0.516)	80.00 (74.86)
[140/294]	0.418 (0.515)	85.00 (74.93)
[141/294]	0.297 (0.514)	95.00 (75.07)
[142/294]	0.349 (0.512)	80.00 (75.10)
[143/294]	0.222 (0.510)	100.00 (75.28)
[144/294]	0.348 (0.509)	90.00 (75.38)
[145/294]	0.313 (0.508)	95.00 (75.51)
[146/294]	0.342 (0.507)	90.00 (75.61)
[147/294]	0.337 (0.506)	85.00 (75.68)
[148/294]	0.364 (0.505)	80.00 (75.70)
[149/294]	0.431 (0.504)	80.00 (75.73)
[150/294]	0.397 (0.504)	85.00 (75.79)
[151/294]	0.340 (0.502)	80.00 (75.82)
[152/294]	0.358 (0.502)	95.00 (75.95)
[153/294]	0.248 (0.500)	95.00 (76.07)
[154/294]	0.338 (0.499)	85.00 (76.13)
[155/294]	0.469 (0.499)	65.00 (76.06)
[156/294]	0.371 (0.498)	85.00 (76.11)
[157/294]	0.184 (0.496)	95.00 (76.23)
[158/294]	0.286 (0.495)	90.00 (76.32)
[159/294]	0.403 (0.494)	85.00 (76.38)
[160/294]	0.485 (0.494)	75.00 (76.37)
[161/294]	0.423 (0.493)	75.00 (76.36)
[162/294]	0.255 (0.492)	95.00 (76.47)
[163/294]	0.325 (0.491)	85.00 (76.52)
[164/294]	0.353 (0.490)	90.00 (76.61)
[165/294]	0.354 (0.489)	85.00 (76.66)
[166/294]	0.333 (0.488)	85.00 (76.71)
[167/294]	0.251 (0.487)	95.00 (76.82)
[168/294]	0.351 (0.486)	85.00 (76.86)
[169/294]	0.326 (0.485)	95.00 (76.97)
[170/294]	0.473 (0.485)	80.00 (76.99)
[171/294]	0.410 (0.485)	80.00 (77.01)
[172/294]	0.333 (0.484)	85.00 (77.05)
[173/294]	0.191 (0.482)	100.00 (77.18)
[174/294]	0.245 (0.481)	95.00 (77.29)
[175/294]	0.301 (0.480)	80.00 (77.30)
[176/294]	0.334 (0.479)	90.00 (77.37)
[177/294]	0.343 (0.478)	85.00 (77.42)
[178/294]	0.284 (0.477)	90.00 (77.49)
[179/294]	0.463 (0.477)	75.00 (77.47)
[180/294]	0.212 (0.476)	95.00 (77.57)
[181/294]	0.234 (0.474)	95.00 (77.66)
[182/294]	0.296 (0.473)	90.00 (77.73)
[183/294]	0.320 (0.472)	85.00 (77.77)
[184/294]	0.214 (0.471)	100.00 (77.89)
[185/294]	0.299 (0.470)	95.00 (77.98)
[186/294]	0.292 (0.469)	90.00 (78.05)
[187/294]	0.434 (0.469)	75.00 (78.03)
[188/294]	0.481 (0.469)	85.00 (78.07)
[189/294]	0.351 (0.468)	90.00 (78.13)
[190/294]	0.170 (0.467)	100.00 (78.25)
[191/294]	0.235 (0.466)	95.00 (78.33)
[192/294]	0.267 (0.465)	90.00 (78.39)
[193/294]	0.266 (0.464)	90.00 (78.45)
[194/294]	0.343 (0.463)	75.00 (78.44)
[195/294]	0.243 (0.462)	90.00 (78.49)
[196/294]	0.144 (0.460)	100.00 (78.60)
[197/294]	0.218 (0.459)	90.00 (78.66)
[198/294]	0.268 (0.458)	95.00 (78.74)
[199/294]	0.351 (0.458)	80.00 (78.75)
[200/294]	0.464 (0.458)	80.00 (78.76)
[201/294]	0.368 (0.457)	80.00 (78.76)
[202/294]	0.387 (0.457)	85.00 (78.79)
[203/294]	0.294 (0.456)	90.00 (78.85)
[204/294]	0.351 (0.455)	80.00 (78.85)
[205/294]	0.191 (0.454)	95.00 (78.93)
[206/294]	0.360 (0.454)	85.00 (78.96)
[207/294]	0.299 (0.453)	85.00 (78.99)
[208/294]	0.185 (0.452)	100.00 (79.09)
[209/294]	0.203 (0.451)	100.00 (79.19)
[210/294]	0.218 (0.449)	95.00 (79.27)
[211/294]	0.132 (0.448)	100.00 (79.36)
[212/294]	0.217 (0.447)	100.00 (79.46)
[213/294]	0.239 (0.446)	95.00 (79.53)
[214/294]	0.288 (0.445)	95.00 (79.60)
[215/294]	0.427 (0.445)	80.00 (79.61)
[216/294]	0.324 (0.444)	95.00 (79.68)
[217/294]	0.413 (0.444)	85.00 (79.70)
[218/294]	0.229 (0.443)	90.00 (79.75)
[219/294]	0.323 (0.443)	90.00 (79.80)
[220/294]	0.190 (0.442)	95.00 (79.86)
[221/294]	0.229 (0.441)	95.00 (79.93)
[222/294]	0.405 (0.441)	80.00 (79.93)
[223/294]	0.252 (0.440)	90.00 (79.98)
[224/294]	0.218 (0.439)	95.00 (80.04)
[225/294]	0.305 (0.438)	95.00 (80.11)
[226/294]	0.166 (0.437)	95.00 (80.18)
[227/294]	0.241 (0.436)	90.00 (80.22)
[228/294]	0.122 (0.435)	100.00 (80.31)
[229/294]	0.360 (0.434)	80.00 (80.30)
[230/294]	0.246 (0.434)	95.00 (80.37)
[231/294]	0.201 (0.433)	95.00 (80.43)
[232/294]	0.183 (0.431)	100.00 (80.52)
[233/294]	0.161 (0.430)	100.00 (80.60)
[234/294]	0.205 (0.429)	100.00 (80.68)
[235/294]	0.151 (0.428)	95.00 (80.74)
[236/294]	0.170 (0.427)	95.00 (80.80)
[237/294]	0.320 (0.427)	85.00 (80.82)
[238/294]	0.204 (0.426)	95.00 (80.88)
[239/294]	0.131 (0.424)	100.00 (80.96)
[240/294]	0.205 (0.424)	95.00 (81.02)
[241/294]	0.370 (0.423)	85.00 (81.03)
[242/294]	0.287 (0.423)	85.00 (81.05)
[243/294]	0.216 (0.422)	100.00 (81.13)
[244/294]	0.368 (0.422)	80.00 (81.12)
[245/294]	0.196 (0.421)	95.00 (81.18)
[246/294]	0.380 (0.421)	80.00 (81.17)
[247/294]	0.318 (0.420)	80.00 (81.17)
[248/294]	0.224 (0.419)	95.00 (81.22)
[249/294]	0.238 (0.419)	95.00 (81.28)
[250/294]	0.317 (0.418)	80.00 (81.27)
[251/294]	0.282 (0.418)	80.00 (81.27)
[252/294]	0.180 (0.417)	90.00 (81.30)
[253/294]	0.211 (0.416)	95.00 (81.36)
[254/294]	0.327 (0.416)	85.00 (81.37)
[255/294]	0.265 (0.415)	80.00 (81.37)
[256/294]	0.277 (0.415)	80.00 (81.36)
[257/294]	0.426 (0.415)	75.00 (81.34)
[258/294]	0.154 (0.414)	95.00 (81.39)
[259/294]	0.214 (0.413)	95.00 (81.44)
[260/294]	0.178 (0.412)	100.00 (81.51)
[261/294]	0.175 (0.411)	90.00 (81.55)
[262/294]	0.211 (0.410)	90.00 (81.58)
[263/294]	0.183 (0.409)	95.00 (81.63)
[264/294]	0.375 (0.409)	85.00 (81.64)
[265/294]	0.141 (0.408)	100.00 (81.71)
[266/294]	0.122 (0.407)	100.00 (81.78)
[267/294]	0.331 (0.407)	90.00 (81.81)
[268/294]	0.138 (0.406)	100.00 (81.88)
[269/294]	0.183 (0.405)	95.00 (81.93)
[270/294]	0.278 (0.405)	90.00 (81.96)
[271/294]	0.279 (0.404)	90.00 (81.99)
[272/294]	0.357 (0.404)	95.00 (82.03)
[273/294]	0.214 (0.403)	95.00 (82.08)
[274/294]	0.278 (0.403)	85.00 (82.09)
[275/294]	0.173 (0.402)	95.00 (82.14)
[276/294]	0.154 (0.401)	100.00 (82.20)
[277/294]	0.157 (0.400)	100.00 (82.27)
[278/294]	0.335 (0.400)	80.00 (82.26)
[279/294]	0.180 (0.399)	95.00 (82.30)
[280/294]	0.301 (0.399)	85.00 (82.31)
[281/294]	0.121 (0.398)	95.00 (82.36)
[282/294]	0.104 (0.397)	100.00 (82.42)
[283/294]	0.163 (0.396)	95.00 (82.46)
[284/294]	0.070 (0.395)	100.00 (82.53)
[285/294]	0.219 (0.394)	95.00 (82.57)
[286/294]	0.358 (0.394)	80.00 (82.56)
[287/294]	0.205 (0.393)	90.00 (82.59)
[288/294]	0.096 (0.392)	100.00 (82.65)
[289/294]	0.289 (0.392)	85.00 (82.66)
[290/294]	0.222 (0.391)	95.00 (82.70)
[291/294]	0.242 (0.391)	95.00 (82.74)
[292/294]	0.285 (0.391)	90.00 (82.76)
[293/294]	0.206 (0.390)	95.00 (82.81)
 * Train Acc: 82.806
 * Avg. Data time: 2.133, Avg. Batch time: 2.164, Avg. Forward time: 0.004, Avg. Backward time: 0.018
Computing MAS
 * Val Acc: 93.760, Time: 39.93
 * Test Acc: 94.093, Time: 86.94
=============Training Task 1=============
Active output nodes for this task: 
[0, 1, 2, 3]
=============Training Epoch 0=============
#reg terms:  1
Batch	 Loss		 Acc
[0/294]	4.253 (4.253)	0.00 (0.00)
[1/294]	3.764 (4.008)	0.00 (0.00)
[2/294]	3.606 (3.874)	0.00 (0.00)
[3/294]	3.226 (3.712)	0.00 (0.00)
[4/294]	2.774 (3.524)	0.00 (0.00)
[5/294]	2.455 (3.346)	0.00 (0.00)
[6/294]	2.116 (3.171)	20.00 (2.86)
[7/294]	1.856 (3.006)	10.00 (3.75)
[8/294]	1.789 (2.871)	20.00 (5.56)
[9/294]	1.256 (2.710)	45.00 (9.50)
[10/294]	1.161 (2.569)	60.00 (14.09)
[11/294]	1.395 (2.471)	15.00 (14.17)
[12/294]	0.916 (2.351)	50.00 (16.92)
[13/294]	1.018 (2.256)	45.00 (18.93)
[14/294]	1.029 (2.174)	40.00 (20.33)
[15/294]	0.855 (2.092)	55.00 (22.50)
[16/294]	0.792 (2.015)	65.00 (25.00)
[17/294]	1.041 (1.961)	45.00 (26.11)
[18/294]	0.785 (1.899)	70.00 (28.42)
[19/294]	0.590 (1.834)	80.00 (31.00)
[20/294]	0.850 (1.787)	65.00 (32.62)
[21/294]	1.243 (1.762)	30.00 (32.50)
[22/294]	0.918 (1.726)	40.00 (32.83)
[23/294]	0.648 (1.681)	70.00 (34.38)
[24/294]	0.854 (1.648)	65.00 (35.60)
[25/294]	0.887 (1.618)	45.00 (35.96)
[26/294]	0.879 (1.591)	45.00 (36.30)
[27/294]	0.960 (1.568)	45.00 (36.61)
[28/294]	0.822 (1.543)	55.00 (37.24)
[29/294]	0.741 (1.516)	60.00 (38.00)
[30/294]	0.557 (1.485)	80.00 (39.35)
[31/294]	0.725 (1.461)	70.00 (40.31)
[32/294]	0.613 (1.436)	60.00 (40.91)
[33/294]	0.659 (1.413)	75.00 (41.91)
[34/294]	0.763 (1.394)	70.00 (42.71)
[35/294]	0.503 (1.369)	90.00 (44.03)
[36/294]	0.657 (1.350)	80.00 (45.00)
[37/294]	0.657 (1.332)	70.00 (45.66)
[38/294]	0.579 (1.313)	70.00 (46.28)
[39/294]	0.578 (1.294)	70.00 (46.88)
[40/294]	0.746 (1.281)	65.00 (47.32)
[41/294]	0.753 (1.268)	60.00 (47.62)
[42/294]	0.711 (1.255)	55.00 (47.79)
[43/294]	0.598 (1.240)	65.00 (48.18)
[44/294]	0.608 (1.226)	80.00 (48.89)
[45/294]	0.831 (1.218)	55.00 (49.02)
[46/294]	0.576 (1.204)	80.00 (49.68)
[47/294]	0.717 (1.194)	65.00 (50.00)
[48/294]	0.624 (1.182)	60.00 (50.20)
[49/294]	0.548 (1.170)	80.00 (50.80)
[50/294]	0.616 (1.159)	80.00 (51.37)
[51/294]	0.678 (1.150)	75.00 (51.83)
[52/294]	0.535 (1.138)	85.00 (52.45)
[53/294]	0.613 (1.128)	80.00 (52.96)
[54/294]	0.554 (1.118)	80.00 (53.45)
[55/294]	0.604 (1.109)	75.00 (53.84)
[56/294]	0.544 (1.099)	80.00 (54.30)
[57/294]	0.768 (1.093)	60.00 (54.40)
[58/294]	0.654 (1.086)	75.00 (54.75)
[59/294]	0.538 (1.076)	85.00 (55.25)
[60/294]	0.571 (1.068)	75.00 (55.57)
[61/294]	0.463 (1.058)	80.00 (55.97)
[62/294]	0.519 (1.050)	75.00 (56.27)
[63/294]	0.658 (1.044)	65.00 (56.41)
[64/294]	0.589 (1.037)	80.00 (56.77)
[65/294]	0.751 (1.032)	55.00 (56.74)
[66/294]	0.606 (1.026)	75.00 (57.01)
[67/294]	0.526 (1.019)	80.00 (57.35)
[68/294]	0.591 (1.012)	75.00 (57.61)
[69/294]	0.706 (1.008)	60.00 (57.64)
[70/294]	0.541 (1.001)	75.00 (57.89)
[71/294]	0.551 (0.995)	75.00 (58.12)
[72/294]	0.404 (0.987)	95.00 (58.63)
[73/294]	0.917 (0.986)	45.00 (58.45)
[74/294]	0.546 (0.980)	65.00 (58.53)
[75/294]	0.586 (0.975)	70.00 (58.68)
[76/294]	0.608 (0.970)	70.00 (58.83)
[77/294]	0.603 (0.966)	80.00 (59.10)
[78/294]	0.495 (0.960)	85.00 (59.43)
[79/294]	0.576 (0.955)	80.00 (59.69)
[80/294]	0.557 (0.950)	70.00 (59.81)
[81/294]	0.382 (0.943)	90.00 (60.18)
[82/294]	0.377 (0.936)	95.00 (60.60)
[83/294]	0.376 (0.930)	90.00 (60.95)
[84/294]	0.544 (0.925)	80.00 (61.18)
[85/294]	0.425 (0.919)	85.00 (61.45)
[86/294]	0.573 (0.915)	75.00 (61.61)
[87/294]	0.541 (0.911)	80.00 (61.82)
[88/294]	0.783 (0.910)	65.00 (61.85)
[89/294]	0.535 (0.905)	75.00 (62.00)
[90/294]	0.468 (0.901)	80.00 (62.20)
[91/294]	0.507 (0.896)	80.00 (62.39)
[92/294]	0.604 (0.893)	75.00 (62.53)
[93/294]	0.616 (0.890)	65.00 (62.55)
[94/294]	0.409 (0.885)	85.00 (62.79)
[95/294]	0.519 (0.881)	85.00 (63.02)
[96/294]	0.406 (0.876)	85.00 (63.25)
[97/294]	0.436 (0.872)	95.00 (63.57)
[98/294]	0.568 (0.869)	75.00 (63.69)
[99/294]	0.466 (0.865)	65.00 (63.70)
[100/294]	0.493 (0.861)	75.00 (63.81)
[101/294]	0.564 (0.858)	80.00 (63.97)
[102/294]	0.561 (0.855)	80.00 (64.13)
[103/294]	0.487 (0.852)	90.00 (64.38)
[104/294]	0.380 (0.847)	85.00 (64.57)
[105/294]	0.519 (0.844)	85.00 (64.76)
[106/294]	0.467 (0.841)	85.00 (64.95)
[107/294]	0.473 (0.837)	85.00 (65.14)
[108/294]	0.418 (0.833)	80.00 (65.28)
[109/294]	0.332 (0.829)	85.00 (65.45)
[110/294]	0.417 (0.825)	80.00 (65.59)
[111/294]	0.413 (0.822)	80.00 (65.71)
[112/294]	0.592 (0.819)	70.00 (65.75)
[113/294]	0.468 (0.816)	75.00 (65.83)
[114/294]	0.600 (0.815)	65.00 (65.83)
[115/294]	0.602 (0.813)	65.00 (65.82)
[116/294]	0.446 (0.810)	80.00 (65.94)
[117/294]	0.311 (0.805)	90.00 (66.14)
[118/294]	0.528 (0.803)	75.00 (66.22)
[119/294]	0.605 (0.801)	70.00 (66.25)
[120/294]	0.533 (0.799)	75.00 (66.32)
[121/294]	0.363 (0.796)	90.00 (66.52)
[122/294]	0.379 (0.792)	95.00 (66.75)
[123/294]	0.488 (0.790)	85.00 (66.90)
[124/294]	0.634 (0.788)	60.00 (66.84)
[125/294]	0.530 (0.786)	75.00 (66.90)
[126/294]	0.421 (0.784)	85.00 (67.05)
[127/294]	0.378 (0.780)	85.00 (67.19)
[128/294]	0.316 (0.777)	95.00 (67.40)
[129/294]	0.543 (0.775)	80.00 (67.50)
[130/294]	0.435 (0.772)	80.00 (67.60)
[131/294]	0.538 (0.771)	80.00 (67.69)
[132/294]	0.399 (0.768)	90.00 (67.86)
[133/294]	0.335 (0.765)	90.00 (68.02)
[134/294]	0.470 (0.762)	70.00 (68.04)
[135/294]	0.540 (0.761)	75.00 (68.09)
[136/294]	0.451 (0.759)	90.00 (68.25)
[137/294]	0.561 (0.757)	70.00 (68.26)
[138/294]	0.434 (0.755)	80.00 (68.35)
[139/294]	0.377 (0.752)	85.00 (68.46)
[140/294]	0.358 (0.749)	90.00 (68.62)
[141/294]	0.526 (0.748)	80.00 (68.70)
[142/294]	0.449 (0.746)	85.00 (68.81)
[143/294]	0.582 (0.744)	70.00 (68.82)
[144/294]	0.319 (0.742)	100.00 (69.03)
[145/294]	0.415 (0.739)	85.00 (69.14)
[146/294]	0.392 (0.737)	85.00 (69.25)
[147/294]	0.454 (0.735)	70.00 (69.26)
[148/294]	0.363 (0.733)	90.00 (69.40)
[149/294]	0.343 (0.730)	90.00 (69.53)
[150/294]	0.522 (0.729)	70.00 (69.54)
[151/294]	0.378 (0.726)	90.00 (69.67)
[152/294]	0.394 (0.724)	85.00 (69.77)
[153/294]	0.432 (0.722)	85.00 (69.87)
[154/294]	0.431 (0.720)	90.00 (70.00)
[155/294]	0.204 (0.717)	95.00 (70.16)
[156/294]	0.276 (0.714)	90.00 (70.29)
[157/294]	0.238 (0.711)	100.00 (70.47)
[158/294]	0.326 (0.709)	80.00 (70.53)
[159/294]	0.347 (0.706)	85.00 (70.62)
[160/294]	0.302 (0.704)	90.00 (70.75)
[161/294]	0.391 (0.702)	80.00 (70.80)
[162/294]	0.317 (0.700)	85.00 (70.89)
[163/294]	0.313 (0.697)	90.00 (71.01)
[164/294]	0.214 (0.694)	95.00 (71.15)
[165/294]	0.441 (0.693)	80.00 (71.20)
[166/294]	0.310 (0.691)	85.00 (71.29)
[167/294]	0.272 (0.688)	95.00 (71.43)
[168/294]	0.314 (0.686)	90.00 (71.54)
[169/294]	0.529 (0.685)	70.00 (71.53)
[170/294]	0.375 (0.683)	90.00 (71.64)
[171/294]	0.352 (0.681)	85.00 (71.72)
[172/294]	0.367 (0.679)	85.00 (71.79)
[173/294]	0.460 (0.678)	80.00 (71.84)
[174/294]	0.417 (0.677)	75.00 (71.86)
[175/294]	0.439 (0.675)	70.00 (71.85)
[176/294]	0.346 (0.673)	85.00 (71.92)
[177/294]	0.381 (0.672)	85.00 (71.99)
[178/294]	0.384 (0.670)	75.00 (72.01)
[179/294]	0.387 (0.669)	85.00 (72.08)
[180/294]	0.216 (0.666)	95.00 (72.21)
[181/294]	0.285 (0.664)	95.00 (72.34)
[182/294]	0.248 (0.662)	90.00 (72.43)
[183/294]	0.354 (0.660)	90.00 (72.53)
[184/294]	0.266 (0.658)	95.00 (72.65)
[185/294]	0.503 (0.657)	70.00 (72.63)
[186/294]	0.238 (0.655)	95.00 (72.75)
[187/294]	0.413 (0.654)	85.00 (72.82)
[188/294]	0.427 (0.652)	80.00 (72.86)
[189/294]	0.505 (0.652)	70.00 (72.84)
[190/294]	0.487 (0.651)	80.00 (72.88)
[191/294]	0.305 (0.649)	80.00 (72.92)
[192/294]	0.242 (0.647)	95.00 (73.03)
[193/294]	0.481 (0.646)	75.00 (73.04)
[194/294]	0.351 (0.644)	85.00 (73.10)
[195/294]	0.355 (0.643)	90.00 (73.19)
[196/294]	0.429 (0.642)	75.00 (73.20)
[197/294]	0.266 (0.640)	95.00 (73.31)
[198/294]	0.365 (0.639)	90.00 (73.39)
[199/294]	0.288 (0.637)	100.00 (73.53)
[200/294]	0.271 (0.635)	90.00 (73.61)
[201/294]	0.309 (0.633)	85.00 (73.66)
[202/294]	0.261 (0.632)	95.00 (73.77)
[203/294]	0.406 (0.631)	90.00 (73.85)
[204/294]	0.371 (0.629)	85.00 (73.90)
[205/294]	0.432 (0.628)	75.00 (73.91)
[206/294]	0.375 (0.627)	90.00 (73.99)
[207/294]	0.482 (0.626)	70.00 (73.97)
[208/294]	0.350 (0.625)	85.00 (74.02)
[209/294]	0.370 (0.624)	80.00 (74.05)
[210/294]	0.231 (0.622)	95.00 (74.15)
[211/294]	0.305 (0.620)	85.00 (74.20)
[212/294]	0.484 (0.620)	80.00 (74.23)
[213/294]	0.351 (0.619)	85.00 (74.28)
[214/294]	0.403 (0.618)	80.00 (74.30)
[215/294]	0.348 (0.616)	90.00 (74.38)
[216/294]	0.374 (0.615)	80.00 (74.40)
[217/294]	0.333 (0.614)	90.00 (74.47)
[218/294]	0.593 (0.614)	60.00 (74.41)
[219/294]	0.217 (0.612)	90.00 (74.48)
[220/294]	0.499 (0.612)	75.00 (74.48)
[221/294]	0.401 (0.611)	80.00 (74.50)
[222/294]	0.743 (0.611)	50.00 (74.39)
[223/294]	0.356 (0.610)	80.00 (74.42)
[224/294]	0.277 (0.609)	95.00 (74.51)
[225/294]	0.492 (0.608)	80.00 (74.54)
[226/294]	0.264 (0.606)	90.00 (74.60)
[227/294]	0.352 (0.605)	85.00 (74.65)
[228/294]	0.396 (0.604)	75.00 (74.65)
[229/294]	0.519 (0.604)	75.00 (74.65)
[230/294]	0.214 (0.602)	90.00 (74.72)
[231/294]	0.285 (0.601)	85.00 (74.76)
[232/294]	0.616 (0.601)	70.00 (74.74)
[233/294]	0.252 (0.600)	85.00 (74.79)
[234/294]	0.273 (0.598)	90.00 (74.85)
[235/294]	0.594 (0.598)	65.00 (74.81)
[236/294]	0.220 (0.597)	90.00 (74.87)
[237/294]	0.335 (0.596)	85.00 (74.92)
[238/294]	0.258 (0.594)	85.00 (74.96)
[239/294]	0.272 (0.593)	95.00 (75.04)
[240/294]	0.228 (0.591)	95.00 (75.12)
[241/294]	0.476 (0.591)	75.00 (75.12)
[242/294]	0.429 (0.590)	85.00 (75.16)
[243/294]	0.394 (0.589)	90.00 (75.23)
[244/294]	0.352 (0.588)	80.00 (75.24)
[245/294]	0.461 (0.588)	85.00 (75.28)
[246/294]	0.263 (0.586)	95.00 (75.36)
[247/294]	0.315 (0.585)	95.00 (75.44)
[248/294]	0.264 (0.584)	95.00 (75.52)
[249/294]	0.357 (0.583)	90.00 (75.58)
[250/294]	0.284 (0.582)	90.00 (75.64)
[251/294]	0.195 (0.580)	95.00 (75.71)
[252/294]	0.233 (0.579)	95.00 (75.79)
[253/294]	0.606 (0.579)	75.00 (75.79)
[254/294]	0.418 (0.579)	80.00 (75.80)
[255/294]	0.278 (0.577)	90.00 (75.86)
[256/294]	0.192 (0.576)	95.00 (75.93)
[257/294]	0.373 (0.575)	80.00 (75.95)
[258/294]	0.328 (0.574)	85.00 (75.98)
[259/294]	0.313 (0.573)	85.00 (76.02)
[260/294]	0.258 (0.572)	90.00 (76.07)
[261/294]	0.254 (0.571)	95.00 (76.15)
[262/294]	0.389 (0.570)	90.00 (76.20)
[263/294]	0.462 (0.570)	80.00 (76.21)
[264/294]	0.263 (0.568)	95.00 (76.28)
[265/294]	0.325 (0.568)	80.00 (76.30)
[266/294]	0.549 (0.567)	80.00 (76.31)
[267/294]	0.184 (0.566)	100.00 (76.40)
[268/294]	0.227 (0.565)	95.00 (76.47)
[269/294]	0.211 (0.563)	90.00 (76.52)
[270/294]	0.354 (0.563)	85.00 (76.55)
[271/294]	0.438 (0.562)	90.00 (76.60)
[272/294]	0.224 (0.561)	85.00 (76.63)
[273/294]	0.279 (0.560)	90.00 (76.68)
[274/294]	0.256 (0.559)	90.00 (76.73)
[275/294]	0.306 (0.558)	90.00 (76.78)
[276/294]	0.376 (0.557)	80.00 (76.79)
[277/294]	0.252 (0.556)	85.00 (76.82)
[278/294]	0.195 (0.555)	100.00 (76.90)
[279/294]	0.346 (0.554)	85.00 (76.93)
[280/294]	0.222 (0.553)	90.00 (76.98)
[281/294]	0.366 (0.552)	85.00 (77.00)
[282/294]	0.484 (0.552)	70.00 (76.98)
[283/294]	0.202 (0.551)	100.00 (77.06)
[284/294]	0.371 (0.550)	80.00 (77.07)
[285/294]	0.305 (0.549)	90.00 (77.12)
[286/294]	0.176 (0.548)	95.00 (77.18)
[287/294]	0.240 (0.547)	90.00 (77.22)
[288/294]	0.408 (0.547)	90.00 (77.27)
[289/294]	0.283 (0.546)	95.00 (77.33)
[290/294]	0.249 (0.545)	90.00 (77.37)
[291/294]	0.198 (0.543)	95.00 (77.43)
[292/294]	0.252 (0.542)	95.00 (77.49)
[293/294]	0.496 (0.542)	83.33 (77.50)
 * Train Acc: 77.497
 * Avg. Data time: 1.758, Avg. Batch time: 1.798, Avg. Forward time: 0.004, Avg. Backward time: 0.028
Computing MAS
 * Val Acc: 43.560, Time: 148.38
 * Test Acc: 45.172, Time: 584.34
=============Training Task 2=============
Active output nodes for this task: 
[0, 1, 2, 3, 4, 5]
=============Training Epoch 0=============
#reg terms:  1
Batch	 Loss		 Acc
[0/294]	6.798 (6.798)	0.00 (0.00)
[1/294]	5.783 (6.290)	0.00 (0.00)
[2/294]	5.796 (6.126)	0.00 (0.00)
[3/294]	4.855 (5.808)	0.00 (0.00)
[4/294]	4.289 (5.504)	0.00 (0.00)
[5/294]	3.431 (5.159)	0.00 (0.00)
[6/294]	2.737 (4.813)	5.00 (0.71)
[7/294]	2.439 (4.516)	10.00 (1.88)
[8/294]	1.491 (4.180)	45.00 (6.67)
[9/294]	1.565 (3.918)	40.00 (10.00)
[10/294]	1.475 (3.696)	60.00 (14.55)
[11/294]	0.954 (3.468)	60.00 (18.33)
[12/294]	0.800 (3.263)	75.00 (22.69)
[13/294]	0.830 (3.089)	60.00 (25.36)
[14/294]	0.684 (2.929)	75.00 (28.67)
[15/294]	0.669 (2.787)	75.00 (31.56)
[16/294]	0.909 (2.677)	65.00 (33.53)
[17/294]	0.701 (2.567)	70.00 (35.56)
[18/294]	0.652 (2.466)	85.00 (38.16)
[19/294]	0.500 (2.368)	80.00 (40.25)
[20/294]	0.759 (2.291)	70.00 (41.67)
[21/294]	0.589 (2.214)	80.00 (43.41)
[22/294]	0.796 (2.152)	75.00 (44.78)
[23/294]	0.625 (2.089)	75.00 (46.04)
[24/294]	0.671 (2.032)	70.00 (47.00)
[25/294]	0.712 (1.981)	70.00 (47.88)
[26/294]	0.486 (1.926)	80.00 (49.07)
[27/294]	0.524 (1.876)	85.00 (50.36)
[28/294]	0.491 (1.828)	90.00 (51.72)
[29/294]	0.553 (1.786)	80.00 (52.67)
[30/294]	0.466 (1.743)	95.00 (54.03)
[31/294]	0.479 (1.704)	85.00 (55.00)
[32/294]	0.434 (1.665)	95.00 (56.21)
[33/294]	0.592 (1.633)	85.00 (57.06)
[34/294]	0.586 (1.604)	85.00 (57.86)
[35/294]	0.507 (1.573)	80.00 (58.47)
[36/294]	0.471 (1.543)	90.00 (59.32)
[37/294]	0.512 (1.516)	85.00 (60.00)
[38/294]	0.932 (1.501)	55.00 (59.87)
[39/294]	0.546 (1.477)	85.00 (60.50)
[40/294]	0.385 (1.451)	95.00 (61.34)
[41/294]	0.480 (1.428)	90.00 (62.02)
[42/294]	0.355 (1.403)	100.00 (62.91)
[43/294]	0.504 (1.382)	85.00 (63.41)
[44/294]	0.645 (1.366)	70.00 (63.56)
[45/294]	0.490 (1.347)	95.00 (64.24)
[46/294]	0.725 (1.334)	75.00 (64.47)
[47/294]	0.477 (1.316)	85.00 (64.90)
[48/294]	0.628 (1.302)	85.00 (65.31)
[49/294]	0.526 (1.286)	80.00 (65.60)
[50/294]	0.454 (1.270)	90.00 (66.08)
[51/294]	0.407 (1.253)	95.00 (66.63)
[52/294]	0.319 (1.236)	95.00 (67.17)
[53/294]	0.435 (1.221)	90.00 (67.59)
[54/294]	0.349 (1.205)	95.00 (68.09)
[55/294]	0.304 (1.189)	100.00 (68.66)
[56/294]	0.279 (1.173)	100.00 (69.21)
[57/294]	0.578 (1.163)	90.00 (69.57)
[58/294]	0.457 (1.151)	90.00 (69.92)
[59/294]	0.396 (1.138)	90.00 (70.25)
[60/294]	0.679 (1.131)	75.00 (70.33)
[61/294]	0.526 (1.121)	75.00 (70.40)
[62/294]	0.542 (1.112)	85.00 (70.63)
[63/294]	0.666 (1.105)	75.00 (70.70)
[64/294]	0.320 (1.093)	95.00 (71.08)
[65/294]	0.367 (1.082)	90.00 (71.36)
[66/294]	0.399 (1.071)	95.00 (71.72)
[67/294]	0.518 (1.063)	80.00 (71.84)
[68/294]	0.380 (1.053)	95.00 (72.17)
[69/294]	0.586 (1.047)	90.00 (72.43)
[70/294]	0.317 (1.036)	90.00 (72.68)
[71/294]	0.479 (1.029)	90.00 (72.92)
[72/294]	0.366 (1.020)	95.00 (73.22)
[73/294]	0.618 (1.014)	85.00 (73.38)
[74/294]	0.328 (1.005)	95.00 (73.67)
[75/294]	0.514 (0.999)	85.00 (73.82)
[76/294]	0.339 (0.990)	90.00 (74.03)
[77/294]	0.345 (0.982)	95.00 (74.29)
[78/294]	0.336 (0.974)	90.00 (74.49)
[79/294]	0.457 (0.967)	80.00 (74.56)
[80/294]	0.355 (0.960)	95.00 (74.81)
[81/294]	0.363 (0.952)	90.00 (75.00)
[82/294]	0.520 (0.947)	80.00 (75.06)
[83/294]	0.234 (0.939)	100.00 (75.36)
[84/294]	0.486 (0.933)	80.00 (75.41)
[85/294]	0.454 (0.928)	85.00 (75.52)
[86/294]	0.343 (0.921)	90.00 (75.69)
[87/294]	0.352 (0.914)	95.00 (75.91)
[88/294]	0.291 (0.907)	90.00 (76.07)
[89/294]	0.176 (0.899)	100.00 (76.33)
[90/294]	0.171 (0.891)	100.00 (76.59)
[91/294]	0.377 (0.886)	85.00 (76.68)
[92/294]	0.326 (0.880)	95.00 (76.88)
[93/294]	0.376 (0.874)	90.00 (77.02)
[94/294]	0.204 (0.867)	100.00 (77.26)
[95/294]	0.545 (0.864)	80.00 (77.29)
[96/294]	0.320 (0.858)	90.00 (77.42)
[97/294]	0.409 (0.854)	85.00 (77.50)
[98/294]	0.254 (0.848)	90.00 (77.63)
[99/294]	0.320 (0.842)	90.00 (77.75)
[100/294]	0.191 (0.836)	100.00 (77.97)
[101/294]	0.270 (0.830)	95.00 (78.14)
[102/294]	0.202 (0.824)	95.00 (78.30)
[103/294]	0.160 (0.818)	100.00 (78.51)
[104/294]	0.361 (0.814)	85.00 (78.57)
[105/294]	0.313 (0.809)	95.00 (78.73)
[106/294]	0.349 (0.805)	90.00 (78.83)
[107/294]	0.272 (0.800)	95.00 (78.98)
[108/294]	0.293 (0.795)	90.00 (79.08)
[109/294]	0.332 (0.791)	85.00 (79.14)
[110/294]	0.290 (0.786)	95.00 (79.28)
[111/294]	0.163 (0.781)	100.00 (79.46)
[112/294]	0.355 (0.777)	90.00 (79.56)
[113/294]	0.405 (0.774)	85.00 (79.61)
[114/294]	0.225 (0.769)	95.00 (79.74)
[115/294]	0.220 (0.764)	100.00 (79.91)
[116/294]	0.173 (0.759)	95.00 (80.04)
[117/294]	0.252 (0.755)	95.00 (80.17)
[118/294]	0.168 (0.750)	95.00 (80.29)
[119/294]	0.180 (0.745)	100.00 (80.46)
[120/294]	0.269 (0.741)	95.00 (80.58)
[121/294]	0.342 (0.738)	85.00 (80.61)
[122/294]	0.208 (0.734)	95.00 (80.73)
[123/294]	0.183 (0.729)	100.00 (80.89)
[124/294]	0.129 (0.724)	100.00 (81.04)
[125/294]	0.259 (0.721)	90.00 (81.11)
[126/294]	0.222 (0.717)	95.00 (81.22)
[127/294]	0.282 (0.713)	90.00 (81.29)
[128/294]	0.220 (0.710)	95.00 (81.40)
[129/294]	0.130 (0.705)	95.00 (81.50)
[130/294]	0.328 (0.702)	90.00 (81.56)
[131/294]	0.151 (0.698)	95.00 (81.67)
[132/294]	0.208 (0.694)	95.00 (81.77)
[133/294]	0.273 (0.691)	95.00 (81.87)
[134/294]	0.375 (0.689)	85.00 (81.89)
[135/294]	0.219 (0.685)	90.00 (81.95)
[136/294]	0.149 (0.681)	100.00 (82.08)
[137/294]	0.377 (0.679)	90.00 (82.14)
[138/294]	0.278 (0.676)	85.00 (82.16)
[139/294]	0.193 (0.673)	95.00 (82.25)
[140/294]	0.176 (0.669)	100.00 (82.38)
[141/294]	0.161 (0.666)	95.00 (82.46)
[142/294]	0.238 (0.663)	90.00 (82.52)
[143/294]	0.174 (0.659)	95.00 (82.60)
[144/294]	0.103 (0.656)	100.00 (82.72)
[145/294]	0.186 (0.652)	100.00 (82.84)
[146/294]	0.249 (0.650)	95.00 (82.93)
[147/294]	0.286 (0.647)	85.00 (82.94)
[148/294]	0.237 (0.644)	95.00 (83.02)
[149/294]	0.337 (0.642)	85.00 (83.03)
[150/294]	0.236 (0.640)	90.00 (83.08)
[151/294]	0.167 (0.637)	100.00 (83.19)
[152/294]	0.224 (0.634)	100.00 (83.30)
[153/294]	0.224 (0.631)	85.00 (83.31)
[154/294]	0.362 (0.629)	85.00 (83.32)
[155/294]	0.322 (0.627)	95.00 (83.40)
[156/294]	0.225 (0.625)	95.00 (83.47)
[157/294]	0.098 (0.622)	100.00 (83.58)
[158/294]	0.156 (0.619)	100.00 (83.68)
[159/294]	0.231 (0.616)	85.00 (83.69)
[160/294]	0.304 (0.614)	85.00 (83.70)
[161/294]	0.163 (0.612)	95.00 (83.77)
[162/294]	0.118 (0.608)	100.00 (83.87)
[163/294]	0.210 (0.606)	90.00 (83.90)
[164/294]	0.138 (0.603)	100.00 (84.00)
[165/294]	0.252 (0.601)	95.00 (84.07)
[166/294]	0.230 (0.599)	90.00 (84.10)
[167/294]	0.207 (0.597)	95.00 (84.17)
[168/294]	0.211 (0.594)	90.00 (84.20)
[169/294]	0.230 (0.592)	90.00 (84.24)
[170/294]	0.176 (0.590)	100.00 (84.33)
[171/294]	0.186 (0.587)	95.00 (84.39)
[172/294]	0.110 (0.585)	100.00 (84.48)
[173/294]	0.269 (0.583)	90.00 (84.51)
[174/294]	0.304 (0.581)	90.00 (84.54)
[175/294]	0.109 (0.579)	100.00 (84.63)
[176/294]	0.171 (0.576)	95.00 (84.69)
[177/294]	0.283 (0.575)	95.00 (84.75)
[178/294]	0.209 (0.573)	90.00 (84.78)
[179/294]	0.207 (0.570)	95.00 (84.83)
[180/294]	0.130 (0.568)	100.00 (84.92)
[181/294]	0.178 (0.566)	100.00 (85.00)
[182/294]	0.168 (0.564)	95.00 (85.05)
[183/294]	0.207 (0.562)	90.00 (85.08)
[184/294]	0.126 (0.559)	100.00 (85.16)
[185/294]	0.074 (0.557)	100.00 (85.24)
[186/294]	0.166 (0.555)	100.00 (85.32)
[187/294]	0.226 (0.553)	100.00 (85.40)
[188/294]	0.303 (0.552)	85.00 (85.40)
[189/294]	0.179 (0.550)	100.00 (85.47)
[190/294]	0.116 (0.547)	100.00 (85.55)
[191/294]	0.264 (0.546)	85.00 (85.55)
[192/294]	0.184 (0.544)	95.00 (85.60)
[193/294]	0.226 (0.542)	95.00 (85.64)
[194/294]	0.110 (0.540)	100.00 (85.72)
[195/294]	0.184 (0.538)	95.00 (85.77)
[196/294]	0.107 (0.536)	95.00 (85.81)
[197/294]	0.092 (0.534)	100.00 (85.88)
[198/294]	0.133 (0.532)	95.00 (85.93)
[199/294]	0.123 (0.530)	95.00 (85.97)
[200/294]	0.141 (0.528)	95.00 (86.02)
[201/294]	0.317 (0.527)	95.00 (86.06)
[202/294]	0.247 (0.526)	90.00 (86.08)
[203/294]	0.131 (0.524)	95.00 (86.13)
[204/294]	0.362 (0.523)	90.00 (86.15)
[205/294]	0.186 (0.521)	95.00 (86.19)
[206/294]	0.128 (0.519)	100.00 (86.26)
[207/294]	0.071 (0.517)	100.00 (86.32)
[208/294]	0.169 (0.515)	90.00 (86.34)
[209/294]	0.268 (0.514)	90.00 (86.36)
[210/294]	0.086 (0.512)	100.00 (86.42)
[211/294]	0.158 (0.511)	95.00 (86.46)
[212/294]	0.157 (0.509)	100.00 (86.53)
[213/294]	0.230 (0.508)	95.00 (86.57)
[214/294]	0.130 (0.506)	95.00 (86.60)
[215/294]	0.207 (0.505)	90.00 (86.62)
[216/294]	0.069 (0.502)	100.00 (86.68)
[217/294]	0.302 (0.502)	85.00 (86.67)
[218/294]	0.100 (0.500)	100.00 (86.74)
[219/294]	0.133 (0.498)	95.00 (86.77)
[220/294]	0.273 (0.497)	90.00 (86.79)
[221/294]	0.196 (0.496)	90.00 (86.80)
[222/294]	0.222 (0.494)	95.00 (86.84)
[223/294]	0.145 (0.493)	100.00 (86.90)
[224/294]	0.128 (0.491)	95.00 (86.93)
[225/294]	0.399 (0.491)	80.00 (86.90)
[226/294]	0.118 (0.489)	95.00 (86.94)
[227/294]	0.213 (0.488)	95.00 (86.97)
[228/294]	0.170 (0.487)	100.00 (87.03)
[229/294]	0.247 (0.486)	95.00 (87.07)
[230/294]	0.071 (0.484)	100.00 (87.12)
[231/294]	0.174 (0.482)	95.00 (87.16)
[232/294]	0.240 (0.481)	90.00 (87.17)
[233/294]	0.125 (0.480)	95.00 (87.20)
[234/294]	0.180 (0.479)	90.00 (87.21)
[235/294]	0.084 (0.477)	100.00 (87.27)
[236/294]	0.126 (0.475)	95.00 (87.30)
[237/294]	0.185 (0.474)	90.00 (87.31)
[238/294]	0.100 (0.473)	100.00 (87.36)
[239/294]	0.314 (0.472)	85.00 (87.35)
[240/294]	0.167 (0.471)	100.00 (87.41)
[241/294]	0.068 (0.469)	100.00 (87.46)
[242/294]	0.063 (0.467)	100.00 (87.51)
[243/294]	0.130 (0.466)	95.00 (87.54)
[244/294]	0.164 (0.465)	95.00 (87.57)
[245/294]	0.081 (0.463)	100.00 (87.62)
[246/294]	0.277 (0.463)	85.00 (87.61)
[247/294]	0.065 (0.461)	100.00 (87.66)
[248/294]	0.109 (0.459)	95.00 (87.69)
[249/294]	0.152 (0.458)	95.00 (87.72)
[250/294]	0.125 (0.457)	95.00 (87.75)
[251/294]	0.238 (0.456)	90.00 (87.76)
[252/294]	0.184 (0.455)	95.00 (87.79)
[253/294]	0.110 (0.454)	95.00 (87.81)
[254/294]	0.109 (0.452)	100.00 (87.86)
[255/294]	0.136 (0.451)	95.00 (87.89)
[256/294]	0.089 (0.450)	100.00 (87.94)
[257/294]	0.096 (0.448)	100.00 (87.98)
[258/294]	0.175 (0.447)	95.00 (88.01)
[259/294]	0.347 (0.447)	85.00 (88.00)
[260/294]	0.120 (0.446)	100.00 (88.05)
[261/294]	0.191 (0.445)	95.00 (88.07)
[262/294]	0.065 (0.443)	100.00 (88.12)
[263/294]	0.060 (0.442)	100.00 (88.16)
[264/294]	0.278 (0.441)	85.00 (88.15)
[265/294]	0.075 (0.440)	100.00 (88.20)
[266/294]	0.062 (0.438)	100.00 (88.24)
[267/294]	0.114 (0.437)	100.00 (88.28)
[268/294]	0.111 (0.436)	100.00 (88.33)
[269/294]	0.095 (0.435)	100.00 (88.37)
[270/294]	0.103 (0.433)	95.00 (88.39)
[271/294]	0.151 (0.432)	95.00 (88.42)
[272/294]	0.156 (0.431)	95.00 (88.44)
[273/294]	0.203 (0.431)	90.00 (88.45)
[274/294]	0.177 (0.430)	90.00 (88.45)
[275/294]	0.094 (0.428)	100.00 (88.50)
[276/294]	0.035 (0.427)	100.00 (88.54)
[277/294]	0.343 (0.427)	90.00 (88.54)
[278/294]	0.033 (0.425)	100.00 (88.58)
[279/294]	0.067 (0.424)	100.00 (88.62)
[280/294]	0.058 (0.423)	100.00 (88.67)
[281/294]	0.097 (0.421)	100.00 (88.71)
[282/294]	0.373 (0.421)	80.00 (88.67)
[283/294]	0.051 (0.420)	100.00 (88.71)
[284/294]	0.173 (0.419)	95.00 (88.74)
[285/294]	0.198 (0.418)	95.00 (88.76)
[286/294]	0.081 (0.417)	100.00 (88.80)
[287/294]	0.051 (0.416)	100.00 (88.84)
[288/294]	0.150 (0.415)	95.00 (88.86)
[289/294]	0.144 (0.414)	90.00 (88.86)
[290/294]	0.212 (0.413)	95.00 (88.88)
[291/294]	0.198 (0.413)	95.00 (88.90)
[292/294]	0.061 (0.411)	100.00 (88.94)
[293/294]	0.161 (0.411)	95.00 (88.96)
 * Train Acc: 88.963
 * Avg. Data time: 4.296, Avg. Batch time: 4.337, Avg. Forward time: 0.004, Avg. Backward time: 0.029
Computing MAS
 * Val Acc: 30.011, Time: 218.37
 * Test Acc: 31.343, Time: 1310.84
=============Training Task 3=============
Active output nodes for this task: 
[0, 1, 2, 3, 4, 5, 6, 7]
=============Training Epoch 0=============
#reg terms:  1
Batch	 Loss		 Acc
[0/294]	12.693 (12.693)	0.00 (0.00)
[1/294]	12.020 (12.356)	0.00 (0.00)
[2/294]	11.124 (11.946)	0.00 (0.00)
[3/294]	10.528 (11.591)	0.00 (0.00)
[4/294]	9.538 (11.181)	0.00 (0.00)
[5/294]	8.468 (10.728)	0.00 (0.00)
[6/294]	7.178 (10.221)	0.00 (0.00)
[7/294]	6.903 (9.806)	0.00 (0.00)
[8/294]	5.942 (9.377)	0.00 (0.00)
[9/294]	5.200 (8.959)	0.00 (0.00)
[10/294]	4.941 (8.594)	0.00 (0.00)
[11/294]	4.141 (8.223)	0.00 (0.00)
[12/294]	3.559 (7.864)	0.00 (0.00)
[13/294]	3.508 (7.553)	0.00 (0.00)
[14/294]	3.013 (7.250)	0.00 (0.00)
[15/294]	2.770 (6.970)	5.00 (0.31)
[16/294]	2.686 (6.718)	0.00 (0.29)
[17/294]	2.591 (6.489)	5.00 (0.56)
[18/294]	2.019 (6.254)	30.00 (2.11)
[19/294]	2.349 (6.058)	15.00 (2.75)
[20/294]	2.015 (5.866)	30.00 (4.05)
[21/294]	1.763 (5.679)	40.00 (5.68)
[22/294]	2.018 (5.520)	25.00 (6.52)
[23/294]	1.704 (5.361)	50.00 (8.33)
[24/294]	1.623 (5.212)	55.00 (10.20)
[25/294]	1.434 (5.066)	55.00 (11.92)
[26/294]	1.804 (4.946)	25.00 (12.41)
[27/294]	1.284 (4.815)	65.00 (14.29)
[28/294]	1.410 (4.697)	60.00 (15.86)
[29/294]	1.252 (4.583)	80.00 (18.00)
[30/294]	1.277 (4.476)	75.00 (19.84)
[31/294]	1.244 (4.375)	65.00 (21.25)
[32/294]	1.215 (4.279)	60.00 (22.42)
[33/294]	1.278 (4.191)	60.00 (23.53)
[34/294]	1.288 (4.108)	50.00 (24.29)
[35/294]	1.194 (4.027)	75.00 (25.69)
[36/294]	1.082 (3.947)	75.00 (27.03)
[37/294]	1.044 (3.871)	60.00 (27.89)
[38/294]	1.027 (3.798)	80.00 (29.23)
[39/294]	0.914 (3.726)	80.00 (30.50)
[40/294]	1.009 (3.660)	80.00 (31.71)
[41/294]	1.006 (3.597)	60.00 (32.38)
[42/294]	1.186 (3.540)	65.00 (33.14)
[43/294]	1.079 (3.485)	70.00 (33.98)
[44/294]	1.026 (3.430)	65.00 (34.67)
[45/294]	0.884 (3.375)	75.00 (35.54)
[46/294]	0.792 (3.320)	85.00 (36.60)
[47/294]	0.858 (3.268)	75.00 (37.40)
[48/294]	0.997 (3.222)	60.00 (37.86)
[49/294]	0.929 (3.176)	75.00 (38.60)
[50/294]	0.630 (3.126)	95.00 (39.71)
[51/294]	0.694 (3.079)	100.00 (40.87)
[52/294]	0.900 (3.038)	80.00 (41.60)
[53/294]	0.768 (2.996)	90.00 (42.50)
[54/294]	0.785 (2.956)	90.00 (43.36)
[55/294]	0.697 (2.916)	100.00 (44.38)
[56/294]	0.789 (2.878)	80.00 (45.00)
[57/294]	0.753 (2.842)	80.00 (45.60)
[58/294]	0.838 (2.808)	75.00 (46.10)
[59/294]	0.949 (2.777)	60.00 (46.33)
[60/294]	0.801 (2.744)	85.00 (46.97)
[61/294]	0.830 (2.714)	75.00 (47.42)
[62/294]	0.645 (2.681)	85.00 (48.02)
[63/294]	0.834 (2.652)	80.00 (48.52)
[64/294]	0.965 (2.626)	70.00 (48.85)
[65/294]	0.685 (2.596)	90.00 (49.47)
[66/294]	0.841 (2.570)	70.00 (49.78)
[67/294]	0.712 (2.543)	75.00 (50.15)
[68/294]	0.670 (2.516)	90.00 (50.72)
[69/294]	0.662 (2.489)	90.00 (51.29)
[70/294]	0.634 (2.463)	90.00 (51.83)
[71/294]	0.535 (2.436)	95.00 (52.43)
[72/294]	0.719 (2.413)	85.00 (52.88)
[73/294]	0.485 (2.387)	95.00 (53.45)
[74/294]	0.606 (2.363)	85.00 (53.87)
[75/294]	0.540 (2.339)	90.00 (54.34)
[76/294]	0.561 (2.316)	95.00 (54.87)
[77/294]	0.630 (2.294)	95.00 (55.38)
[78/294]	0.593 (2.273)	90.00 (55.82)
[79/294]	0.705 (2.253)	80.00 (56.12)
[80/294]	0.492 (2.232)	95.00 (56.60)
[81/294]	0.628 (2.212)	80.00 (56.89)
[82/294]	0.473 (2.191)	90.00 (57.29)
[83/294]	0.489 (2.171)	100.00 (57.80)
[84/294]	0.534 (2.152)	90.00 (58.18)
[85/294]	0.591 (2.133)	85.00 (58.49)
[86/294]	0.596 (2.116)	80.00 (58.74)
[87/294]	0.608 (2.099)	85.00 (59.03)
[88/294]	0.456 (2.080)	95.00 (59.44)
[89/294]	0.503 (2.063)	85.00 (59.72)
[90/294]	0.442 (2.045)	95.00 (60.11)
[91/294]	0.409 (2.027)	100.00 (60.54)
[92/294]	0.478 (2.010)	90.00 (60.86)
[93/294]	0.560 (1.995)	85.00 (61.12)
[94/294]	0.491 (1.979)	90.00 (61.42)
[95/294]	0.349 (1.962)	100.00 (61.82)
[96/294]	0.599 (1.948)	85.00 (62.06)
[97/294]	0.398 (1.932)	90.00 (62.35)
[98/294]	0.396 (1.917)	90.00 (62.63)
[99/294]	0.412 (1.902)	95.00 (62.95)
[100/294]	0.439 (1.887)	90.00 (63.22)
[101/294]	0.426 (1.873)	90.00 (63.48)
[102/294]	0.458 (1.859)	90.00 (63.74)
[103/294]	0.446 (1.846)	95.00 (64.04)
[104/294]	0.541 (1.833)	85.00 (64.24)
[105/294]	0.543 (1.821)	80.00 (64.39)
[106/294]	0.456 (1.808)	95.00 (64.67)
[107/294]	0.497 (1.796)	95.00 (64.95)
[108/294]	0.466 (1.784)	95.00 (65.23)
[109/294]	0.406 (1.771)	95.00 (65.50)
[110/294]	0.641 (1.761)	75.00 (65.59)
[111/294]	0.470 (1.750)	90.00 (65.80)
[112/294]	0.476 (1.738)	85.00 (65.97)
[113/294]	0.457 (1.727)	85.00 (66.14)
[114/294]	0.472 (1.716)	85.00 (66.30)
[115/294]	0.312 (1.704)	100.00 (66.59)
[116/294]	0.401 (1.693)	95.00 (66.84)
[117/294]	0.402 (1.682)	95.00 (67.08)
[118/294]	0.395 (1.671)	90.00 (67.27)
[119/294]	0.475 (1.661)	85.00 (67.42)
[120/294]	0.313 (1.650)	100.00 (67.69)
[121/294]	0.270 (1.639)	95.00 (67.91)
[122/294]	0.383 (1.629)	85.00 (68.05)
[123/294]	0.333 (1.618)	100.00 (68.31)
[124/294]	0.268 (1.607)	100.00 (68.56)
[125/294]	0.414 (1.598)	90.00 (68.73)
[126/294]	0.299 (1.588)	100.00 (68.98)
[127/294]	0.292 (1.578)	95.00 (69.18)
[128/294]	0.240 (1.567)	100.00 (69.42)
[129/294]	0.398 (1.558)	90.00 (69.58)
[130/294]	0.243 (1.548)	100.00 (69.81)
[131/294]	0.300 (1.539)	90.00 (69.96)
[132/294]	0.333 (1.530)	90.00 (70.11)
[133/294]	0.314 (1.521)	95.00 (70.30)
[134/294]	0.290 (1.511)	100.00 (70.52)
[135/294]	0.282 (1.502)	95.00 (70.70)
[136/294]	0.250 (1.493)	100.00 (70.91)
[137/294]	0.310 (1.485)	100.00 (71.12)
[138/294]	0.318 (1.476)	95.00 (71.29)
[139/294]	0.254 (1.468)	95.00 (71.46)
[140/294]	0.359 (1.460)	90.00 (71.60)
[141/294]	0.245 (1.451)	100.00 (71.80)
[142/294]	0.400 (1.444)	75.00 (71.82)
[143/294]	0.398 (1.436)	85.00 (71.91)
[144/294]	0.350 (1.429)	90.00 (72.03)
[145/294]	0.387 (1.422)	85.00 (72.12)
[146/294]	0.492 (1.416)	85.00 (72.21)
[147/294]	0.448 (1.409)	85.00 (72.30)
[148/294]	0.317 (1.402)	85.00 (72.38)
[149/294]	0.393 (1.395)	95.00 (72.53)
[150/294]	0.283 (1.388)	100.00 (72.72)
[151/294]	0.264 (1.380)	100.00 (72.89)
[152/294]	0.274 (1.373)	95.00 (73.04)
[153/294]	0.205 (1.365)	95.00 (73.18)
[154/294]	0.305 (1.359)	95.00 (73.32)
[155/294]	0.237 (1.351)	95.00 (73.46)
[156/294]	0.270 (1.344)	95.00 (73.60)
[157/294]	0.177 (1.337)	100.00 (73.77)
[158/294]	0.295 (1.331)	90.00 (73.87)
[159/294]	0.198 (1.323)	100.00 (74.03)
[160/294]	0.369 (1.318)	85.00 (74.10)
[161/294]	0.506 (1.313)	85.00 (74.17)
[162/294]	0.195 (1.306)	100.00 (74.33)
[163/294]	0.286 (1.299)	85.00 (74.39)
[164/294]	0.190 (1.293)	100.00 (74.55)
[165/294]	0.297 (1.287)	90.00 (74.64)
[166/294]	0.424 (1.282)	85.00 (74.70)
[167/294]	0.300 (1.276)	95.00 (74.82)
[168/294]	0.265 (1.270)	95.00 (74.94)
[169/294]	0.315 (1.264)	90.00 (75.03)
[170/294]	0.210 (1.258)	100.00 (75.18)
[171/294]	0.283 (1.252)	95.00 (75.29)
[172/294]	0.180 (1.246)	95.00 (75.40)
[173/294]	0.248 (1.240)	95.00 (75.52)
[174/294]	0.207 (1.234)	100.00 (75.66)
[175/294]	0.195 (1.229)	100.00 (75.80)
[176/294]	0.176 (1.223)	95.00 (75.90)
[177/294]	0.208 (1.217)	100.00 (76.04)
[178/294]	0.193 (1.211)	100.00 (76.17)
[179/294]	0.461 (1.207)	85.00 (76.22)
[180/294]	0.164 (1.201)	100.00 (76.35)
[181/294]	0.355 (1.197)	85.00 (76.40)
[182/294]	0.278 (1.192)	90.00 (76.48)
[183/294]	0.371 (1.187)	90.00 (76.55)
[184/294]	0.345 (1.183)	80.00 (76.57)
[185/294]	0.395 (1.178)	85.00 (76.61)
[186/294]	0.346 (1.174)	85.00 (76.66)
[187/294]	0.164 (1.168)	100.00 (76.78)
[188/294]	0.182 (1.163)	95.00 (76.88)
[189/294]	0.204 (1.158)	95.00 (76.97)
[190/294]	0.171 (1.153)	100.00 (77.09)
[191/294]	0.249 (1.148)	95.00 (77.19)
[192/294]	0.178 (1.143)	100.00 (77.31)
[193/294]	0.329 (1.139)	90.00 (77.37)
[194/294]	0.232 (1.134)	90.00 (77.44)
[195/294]	0.276 (1.130)	95.00 (77.53)
[196/294]	0.309 (1.126)	85.00 (77.56)
[197/294]	0.207 (1.121)	95.00 (77.65)
[198/294]	0.271 (1.117)	95.00 (77.74)
[199/294]	0.214 (1.112)	90.00 (77.80)
[200/294]	0.237 (1.108)	95.00 (77.89)
[201/294]	0.118 (1.103)	100.00 (78.00)
[202/294]	0.177 (1.099)	100.00 (78.10)
[203/294]	0.252 (1.095)	95.00 (78.19)
[204/294]	0.255 (1.090)	95.00 (78.27)
[205/294]	0.390 (1.087)	95.00 (78.35)
[206/294]	0.278 (1.083)	95.00 (78.43)
[207/294]	0.213 (1.079)	95.00 (78.51)
[208/294]	0.143 (1.074)	100.00 (78.61)
[209/294]	0.217 (1.070)	95.00 (78.69)
[210/294]	0.175 (1.066)	95.00 (78.77)
[211/294]	0.236 (1.062)	95.00 (78.84)
[212/294]	0.180 (1.058)	100.00 (78.94)
[213/294]	0.266 (1.054)	95.00 (79.02)
[214/294]	0.194 (1.050)	95.00 (79.09)
[215/294]	0.203 (1.046)	90.00 (79.14)
[216/294]	0.231 (1.043)	95.00 (79.22)
[217/294]	0.285 (1.039)	85.00 (79.24)
[218/294]	0.257 (1.036)	95.00 (79.32)
[219/294]	0.135 (1.032)	100.00 (79.41)
[220/294]	0.245 (1.028)	95.00 (79.48)
[221/294]	0.266 (1.025)	95.00 (79.55)
[222/294]	0.260 (1.021)	100.00 (79.64)
[223/294]	0.140 (1.017)	100.00 (79.73)
[224/294]	0.130 (1.013)	100.00 (79.82)
[225/294]	0.171 (1.010)	100.00 (79.91)
[226/294]	0.191 (1.006)	95.00 (79.98)
[227/294]	0.197 (1.002)	100.00 (80.07)
[228/294]	0.116 (0.999)	100.00 (80.15)
[229/294]	0.180 (0.995)	100.00 (80.24)
[230/294]	0.186 (0.991)	95.00 (80.30)
[231/294]	0.183 (0.988)	95.00 (80.37)
[232/294]	0.219 (0.985)	95.00 (80.43)
[233/294]	0.165 (0.981)	100.00 (80.51)
[234/294]	0.273 (0.978)	85.00 (80.53)
[235/294]	0.124 (0.975)	100.00 (80.61)
[236/294]	0.196 (0.971)	100.00 (80.70)
[237/294]	0.259 (0.968)	95.00 (80.76)
[238/294]	0.131 (0.965)	100.00 (80.84)
[239/294]	0.167 (0.961)	95.00 (80.90)
[240/294]	0.286 (0.959)	85.00 (80.91)
[241/294]	0.250 (0.956)	90.00 (80.95)
[242/294]	0.259 (0.953)	90.00 (80.99)
[243/294]	0.108 (0.949)	100.00 (81.07)
[244/294]	0.295 (0.947)	90.00 (81.10)
[245/294]	0.217 (0.944)	95.00 (81.16)
[246/294]	0.234 (0.941)	95.00 (81.21)
[247/294]	0.148 (0.938)	100.00 (81.29)
[248/294]	0.185 (0.935)	100.00 (81.37)
[249/294]	0.224 (0.932)	95.00 (81.42)
[250/294]	0.259 (0.929)	95.00 (81.47)
[251/294]	0.248 (0.926)	85.00 (81.49)
[252/294]	0.198 (0.924)	95.00 (81.54)
[253/294]	0.242 (0.921)	95.00 (81.59)
[254/294]	0.274 (0.918)	90.00 (81.63)
[255/294]	0.166 (0.915)	95.00 (81.68)
[256/294]	0.151 (0.912)	100.00 (81.75)
[257/294]	0.100 (0.909)	100.00 (81.82)
[258/294]	0.172 (0.906)	100.00 (81.89)
[259/294]	0.156 (0.904)	100.00 (81.96)
[260/294]	0.130 (0.901)	95.00 (82.01)
[261/294]	0.267 (0.898)	90.00 (82.04)
[262/294]	0.127 (0.895)	100.00 (82.11)
[263/294]	0.123 (0.892)	100.00 (82.18)
[264/294]	0.314 (0.890)	90.00 (82.21)
[265/294]	0.311 (0.888)	90.00 (82.24)
[266/294]	0.123 (0.885)	100.00 (82.30)
[267/294]	0.125 (0.882)	100.00 (82.37)
[268/294]	0.147 (0.879)	95.00 (82.42)
[269/294]	0.132 (0.877)	100.00 (82.48)
[270/294]	0.106 (0.874)	100.00 (82.55)
[271/294]	0.201 (0.871)	95.00 (82.59)
[272/294]	0.229 (0.869)	95.00 (82.64)
[273/294]	0.105 (0.866)	100.00 (82.70)
[274/294]	0.131 (0.864)	95.00 (82.75)
[275/294]	0.130 (0.861)	95.00 (82.79)
[276/294]	0.303 (0.859)	85.00 (82.80)
[277/294]	0.294 (0.857)	95.00 (82.84)
[278/294]	0.178 (0.854)	95.00 (82.89)
[279/294]	0.182 (0.852)	95.00 (82.93)
[280/294]	0.247 (0.850)	95.00 (82.97)
[281/294]	0.202 (0.848)	90.00 (83.00)
[282/294]	0.097 (0.845)	100.00 (83.06)
[283/294]	0.151 (0.842)	100.00 (83.12)
[284/294]	0.176 (0.840)	95.00 (83.16)
[285/294]	0.108 (0.838)	100.00 (83.22)
[286/294]	0.199 (0.835)	95.00 (83.26)
[287/294]	0.109 (0.833)	95.00 (83.30)
[288/294]	0.119 (0.830)	100.00 (83.36)
[289/294]	0.253 (0.828)	95.00 (83.40)
[290/294]	0.200 (0.826)	95.00 (83.44)
[291/294]	0.262 (0.824)	90.00 (83.46)
[292/294]	0.200 (0.822)	95.00 (83.50)
[293/294]	0.503 (0.821)	85.00 (83.50)
 * Train Acc: 83.503
 * Avg. Data time: 2.542, Avg. Batch time: 2.583, Avg. Forward time: 0.004, Avg. Backward time: 0.029
Computing MAS
 * Val Acc: 25.463, Time: 394.07
 * Test Acc: 24.271, Time: 1267.45
=============Training Task 4=============
Active output nodes for this task: 
[0, 1, 2, 3, 4, 5, 6, 7, 8, 9]
=============Training Epoch 0=============
#reg terms:  1
Batch	 Loss		 Acc
[0/294]	12.082 (12.082)	0.00 (0.00)
[1/294]	10.349 (11.215)	0.00 (0.00)
[2/294]	9.476 (10.635)	0.00 (0.00)
[3/294]	9.692 (10.399)	0.00 (0.00)
[4/294]	9.514 (10.222)	0.00 (0.00)
[5/294]	8.093 (9.868)	0.00 (0.00)
[6/294]	7.612 (9.545)	0.00 (0.00)
[7/294]	6.822 (9.205)	0.00 (0.00)
[8/294]	5.928 (8.841)	0.00 (0.00)
[9/294]	5.452 (8.502)	0.00 (0.00)
[10/294]	5.096 (8.192)	0.00 (0.00)
[11/294]	4.536 (7.888)	0.00 (0.00)
[12/294]	3.711 (7.566)	0.00 (0.00)
[13/294]	4.229 (7.328)	0.00 (0.00)
[14/294]	3.254 (7.056)	0.00 (0.00)
[15/294]	2.922 (6.798)	10.00 (0.62)
[16/294]	3.318 (6.593)	5.00 (0.88)
[17/294]	2.956 (6.391)	20.00 (1.94)
[18/294]	2.499 (6.186)	10.00 (2.37)
[19/294]	2.687 (6.012)	15.00 (3.00)
[20/294]	2.428 (5.841)	25.00 (4.05)
[21/294]	2.204 (5.676)	40.00 (5.68)
[22/294]	2.246 (5.526)	30.00 (6.74)
[23/294]	1.706 (5.367)	45.00 (8.33)
[24/294]	1.573 (5.215)	60.00 (10.40)
[25/294]	1.371 (5.068)	65.00 (12.50)
[26/294]	1.741 (4.944)	40.00 (13.52)
[27/294]	1.607 (4.825)	50.00 (14.82)
[28/294]	1.660 (4.716)	35.00 (15.52)
[29/294]	1.294 (4.602)	70.00 (17.33)
[30/294]	1.299 (4.495)	65.00 (18.87)
[31/294]	1.269 (4.395)	60.00 (20.16)
[32/294]	1.305 (4.301)	50.00 (21.06)
[33/294]	1.258 (4.212)	50.00 (21.91)
[34/294]	1.051 (4.121)	75.00 (23.43)
[35/294]	1.114 (4.038)	75.00 (24.86)
[36/294]	0.995 (3.955)	80.00 (26.35)
[37/294]	0.965 (3.877)	75.00 (27.63)
[38/294]	0.990 (3.803)	65.00 (28.59)
[39/294]	1.142 (3.736)	55.00 (29.25)
[40/294]	0.894 (3.667)	90.00 (30.73)
[41/294]	0.914 (3.601)	75.00 (31.79)
[42/294]	0.821 (3.537)	85.00 (33.02)
[43/294]	0.894 (3.477)	80.00 (34.09)
[44/294]	0.887 (3.419)	75.00 (35.00)
[45/294]	0.798 (3.362)	75.00 (35.87)
[46/294]	0.763 (3.307)	85.00 (36.91)
[47/294]	0.836 (3.255)	70.00 (37.60)
[48/294]	0.805 (3.205)	80.00 (38.47)
[49/294]	0.810 (3.157)	75.00 (39.20)
[50/294]	0.675 (3.109)	90.00 (40.20)
[51/294]	0.726 (3.063)	80.00 (40.96)
[52/294]	0.909 (3.022)	60.00 (41.32)
[53/294]	0.738 (2.980)	80.00 (42.04)
[54/294]	0.736 (2.939)	80.00 (42.73)
[55/294]	0.926 (2.903)	65.00 (43.12)
[56/294]	0.643 (2.864)	85.00 (43.86)
[57/294]	0.649 (2.825)	85.00 (44.57)
[58/294]	0.578 (2.787)	90.00 (45.34)
[59/294]	0.629 (2.751)	85.00 (46.00)
[60/294]	0.690 (2.718)	85.00 (46.64)
[61/294]	0.671 (2.685)	85.00 (47.26)
[62/294]	0.560 (2.651)	90.00 (47.94)
[63/294]	0.680 (2.620)	90.00 (48.59)
[64/294]	0.520 (2.588)	90.00 (49.23)
[65/294]	0.690 (2.559)	75.00 (49.62)
[66/294]	0.647 (2.530)	85.00 (50.15)
[67/294]	0.583 (2.502)	95.00 (50.81)
[68/294]	0.744 (2.476)	70.00 (51.09)
[69/294]	0.580 (2.449)	80.00 (51.50)
[70/294]	0.651 (2.424)	80.00 (51.90)
[71/294]	0.627 (2.399)	80.00 (52.29)
[72/294]	0.607 (2.374)	75.00 (52.60)
[73/294]	0.615 (2.351)	90.00 (53.11)
[74/294]	0.503 (2.326)	85.00 (53.53)
[75/294]	0.402 (2.301)	95.00 (54.08)
[76/294]	0.582 (2.278)	75.00 (54.35)
[77/294]	0.520 (2.256)	95.00 (54.87)
[78/294]	0.529 (2.234)	85.00 (55.25)
[79/294]	0.728 (2.215)	75.00 (55.50)
[80/294]	0.499 (2.194)	90.00 (55.93)
[81/294]	0.504 (2.173)	85.00 (56.28)
[82/294]	0.511 (2.153)	90.00 (56.69)
[83/294]	0.501 (2.134)	90.00 (57.08)
[84/294]	0.544 (2.115)	95.00 (57.53)
[85/294]	0.491 (2.096)	90.00 (57.91)
[86/294]	0.502 (2.078)	90.00 (58.28)
[87/294]	0.503 (2.060)	80.00 (58.52)
[88/294]	0.463 (2.042)	100.00 (58.99)
[89/294]	0.624 (2.026)	90.00 (59.33)
[90/294]	0.458 (2.009)	80.00 (59.56)
[91/294]	0.454 (1.992)	100.00 (60.00)
[92/294]	0.472 (1.976)	95.00 (60.38)
[93/294]	0.539 (1.960)	80.00 (60.59)
[94/294]	0.474 (1.945)	90.00 (60.89)
[95/294]	0.341 (1.928)	100.00 (61.30)
[96/294]	0.518 (1.913)	80.00 (61.49)
[97/294]	0.494 (1.899)	85.00 (61.73)
[98/294]	0.315 (1.883)	100.00 (62.12)
[99/294]	0.510 (1.869)	90.00 (62.40)
[100/294]	0.465 (1.855)	85.00 (62.62)
[101/294]	0.433 (1.841)	90.00 (62.89)
[102/294]	0.370 (1.827)	95.00 (63.20)
[103/294]	0.379 (1.813)	95.00 (63.51)
[104/294]	0.273 (1.799)	100.00 (63.86)
[105/294]	0.374 (1.785)	95.00 (64.15)
[106/294]	0.346 (1.772)	100.00 (64.49)
[107/294]	0.342 (1.758)	95.00 (64.77)
[108/294]	0.428 (1.746)	90.00 (65.00)
[109/294]	0.291 (1.733)	100.00 (65.32)
[110/294]	0.432 (1.721)	95.00 (65.59)
[111/294]	0.463 (1.710)	85.00 (65.76)
[112/294]	0.389 (1.698)	90.00 (65.97)
[113/294]	0.412 (1.687)	85.00 (66.14)
[114/294]	0.474 (1.676)	80.00 (66.26)
[115/294]	0.390 (1.665)	90.00 (66.47)
[116/294]	0.405 (1.655)	85.00 (66.62)
[117/294]	0.358 (1.644)	90.00 (66.82)
[118/294]	0.319 (1.633)	95.00 (67.06)
[119/294]	0.401 (1.622)	95.00 (67.29)
[120/294]	0.384 (1.612)	95.00 (67.52)
[121/294]	0.329 (1.601)	100.00 (67.79)
[122/294]	0.440 (1.592)	90.00 (67.97)
[123/294]	0.363 (1.582)	90.00 (68.15)
[124/294]	0.293 (1.572)	100.00 (68.40)
[125/294]	0.341 (1.562)	95.00 (68.61)
[126/294]	0.392 (1.553)	100.00 (68.86)
[127/294]	0.319 (1.543)	100.00 (69.10)
[128/294]	0.274 (1.533)	95.00 (69.30)
[129/294]	0.326 (1.524)	100.00 (69.54)
[130/294]	0.355 (1.515)	95.00 (69.73)
[131/294]	0.293 (1.506)	100.00 (69.96)
[132/294]	0.393 (1.498)	85.00 (70.08)
[133/294]	0.306 (1.489)	95.00 (70.26)
[134/294]	0.332 (1.480)	90.00 (70.41)
[135/294]	0.364 (1.472)	85.00 (70.51)
[136/294]	0.270 (1.463)	95.00 (70.69)
[137/294]	0.398 (1.455)	90.00 (70.83)
[138/294]	0.374 (1.448)	90.00 (70.97)
[139/294]	0.274 (1.439)	95.00 (71.14)
[140/294]	0.351 (1.431)	95.00 (71.31)
[141/294]	0.242 (1.423)	90.00 (71.44)
[142/294]	0.327 (1.415)	95.00 (71.61)
[143/294]	0.251 (1.407)	95.00 (71.77)
[144/294]	0.201 (1.399)	95.00 (71.93)
[145/294]	0.312 (1.392)	95.00 (72.09)
[146/294]	0.297 (1.384)	95.00 (72.24)
[147/294]	0.345 (1.377)	95.00 (72.40)
[148/294]	0.272 (1.370)	100.00 (72.58)
[149/294]	0.253 (1.362)	100.00 (72.77)
[150/294]	0.341 (1.355)	85.00 (72.85)
[151/294]	0.167 (1.348)	100.00 (73.03)
[152/294]	0.315 (1.341)	95.00 (73.17)
[153/294]	0.334 (1.334)	95.00 (73.31)
[154/294]	0.265 (1.327)	95.00 (73.45)
[155/294]	0.192 (1.320)	100.00 (73.62)
[156/294]	0.254 (1.313)	95.00 (73.76)
[157/294]	0.245 (1.307)	100.00 (73.92)
[158/294]	0.198 (1.300)	100.00 (74.09)
[159/294]	0.289 (1.293)	95.00 (74.22)
[160/294]	0.220 (1.287)	95.00 (74.35)
[161/294]	0.182 (1.280)	100.00 (74.51)
[162/294]	0.326 (1.274)	95.00 (74.63)
[163/294]	0.227 (1.268)	100.00 (74.79)
[164/294]	0.230 (1.261)	100.00 (74.94)
[165/294]	0.347 (1.256)	85.00 (75.00)
[166/294]	0.257 (1.250)	95.00 (75.12)
[167/294]	0.344 (1.244)	90.00 (75.21)
[168/294]	0.226 (1.238)	95.00 (75.33)
[169/294]	0.328 (1.233)	90.00 (75.41)
[170/294]	0.289 (1.228)	90.00 (75.50)
[171/294]	0.200 (1.222)	100.00 (75.64)
[172/294]	0.176 (1.216)	100.00 (75.78)
[173/294]	0.192 (1.210)	100.00 (75.92)
[174/294]	0.353 (1.205)	90.00 (76.00)
[175/294]	0.283 (1.200)	95.00 (76.11)
[176/294]	0.254 (1.194)	95.00 (76.21)
[177/294]	0.254 (1.189)	95.00 (76.32)
[178/294]	0.229 (1.184)	95.00 (76.42)
[179/294]	0.238 (1.178)	100.00 (76.56)
[180/294]	0.185 (1.173)	100.00 (76.69)
[181/294]	0.150 (1.167)	100.00 (76.81)
[182/294]	0.294 (1.162)	95.00 (76.91)
[183/294]	0.318 (1.158)	85.00 (76.96)
[184/294]	0.218 (1.153)	95.00 (77.05)
[185/294]	0.210 (1.148)	100.00 (77.18)
[186/294]	0.333 (1.143)	90.00 (77.25)
[187/294]	0.189 (1.138)	100.00 (77.37)
[188/294]	0.158 (1.133)	100.00 (77.49)
[189/294]	0.306 (1.129)	90.00 (77.55)
[190/294]	0.227 (1.124)	100.00 (77.67)
[191/294]	0.346 (1.120)	90.00 (77.73)
[192/294]	0.152 (1.115)	100.00 (77.85)
[193/294]	0.379 (1.111)	85.00 (77.89)
[194/294]	0.211 (1.107)	95.00 (77.97)
[195/294]	0.196 (1.102)	95.00 (78.06)
[196/294]	0.148 (1.097)	100.00 (78.17)
[197/294]	0.216 (1.093)	95.00 (78.26)
[198/294]	0.275 (1.088)	90.00 (78.32)
[199/294]	0.194 (1.084)	100.00 (78.42)
[200/294]	0.177 (1.079)	95.00 (78.51)
[201/294]	0.178 (1.075)	100.00 (78.61)
[202/294]	0.188 (1.071)	95.00 (78.69)
[203/294]	0.200 (1.066)	90.00 (78.75)
[204/294]	0.255 (1.062)	90.00 (78.80)
[205/294]	0.132 (1.058)	100.00 (78.91)
[206/294]	0.592 (1.056)	75.00 (78.89)
[207/294]	0.177 (1.051)	100.00 (78.99)
[208/294]	0.181 (1.047)	100.00 (79.09)
[209/294]	0.162 (1.043)	100.00 (79.19)
[210/294]	0.287 (1.039)	85.00 (79.22)
[211/294]	0.297 (1.036)	95.00 (79.29)
[212/294]	0.229 (1.032)	90.00 (79.34)
[213/294]	0.211 (1.028)	100.00 (79.44)
[214/294]	0.155 (1.024)	100.00 (79.53)
[215/294]	0.172 (1.020)	100.00 (79.63)
[216/294]	0.221 (1.017)	95.00 (79.70)
[217/294]	0.188 (1.013)	95.00 (79.77)
[218/294]	0.173 (1.009)	100.00 (79.86)
[219/294]	0.288 (1.006)	85.00 (79.89)
[220/294]	0.204 (1.002)	100.00 (79.98)
[221/294]	0.339 (0.999)	90.00 (80.02)
[222/294]	0.137 (0.995)	100.00 (80.11)
[223/294]	0.187 (0.992)	100.00 (80.20)
[224/294]	0.201 (0.988)	95.00 (80.27)
[225/294]	0.179 (0.985)	100.00 (80.35)
[226/294]	0.168 (0.981)	95.00 (80.42)
[227/294]	0.100 (0.977)	100.00 (80.50)
[228/294]	0.219 (0.974)	85.00 (80.52)
[229/294]	0.183 (0.970)	100.00 (80.61)
[230/294]	0.085 (0.967)	100.00 (80.69)
[231/294]	0.125 (0.963)	100.00 (80.78)
[232/294]	0.159 (0.959)	100.00 (80.86)
[233/294]	0.264 (0.956)	90.00 (80.90)
[234/294]	0.257 (0.953)	85.00 (80.91)
[235/294]	0.179 (0.950)	95.00 (80.97)
[236/294]	0.168 (0.947)	100.00 (81.05)
[237/294]	0.122 (0.943)	100.00 (81.13)
[238/294]	0.172 (0.940)	95.00 (81.19)
[239/294]	0.294 (0.938)	90.00 (81.23)
[240/294]	0.233 (0.935)	95.00 (81.29)
[241/294]	0.178 (0.931)	95.00 (81.34)
[242/294]	0.120 (0.928)	100.00 (81.42)
[243/294]	0.134 (0.925)	100.00 (81.50)
[244/294]	0.168 (0.922)	100.00 (81.57)
[245/294]	0.153 (0.919)	100.00 (81.65)
[246/294]	0.238 (0.916)	95.00 (81.70)
[247/294]	0.195 (0.913)	100.00 (81.77)
[248/294]	0.158 (0.910)	100.00 (81.85)
[249/294]	0.172 (0.907)	100.00 (81.92)
[250/294]	0.162 (0.904)	100.00 (81.99)
[251/294]	0.227 (0.901)	95.00 (82.04)
[252/294]	0.153 (0.898)	100.00 (82.11)
[253/294]	0.196 (0.896)	95.00 (82.17)
[254/294]	0.150 (0.893)	100.00 (82.24)
[255/294]	0.178 (0.890)	100.00 (82.30)
[256/294]	0.239 (0.887)	95.00 (82.35)
[257/294]	0.187 (0.885)	100.00 (82.42)
[258/294]	0.224 (0.882)	95.00 (82.47)
[259/294]	0.205 (0.880)	90.00 (82.50)
[260/294]	0.154 (0.877)	100.00 (82.57)
[261/294]	0.261 (0.874)	90.00 (82.60)
[262/294]	0.207 (0.872)	95.00 (82.64)
[263/294]	0.097 (0.869)	100.00 (82.71)
[264/294]	0.105 (0.866)	100.00 (82.77)
[265/294]	0.099 (0.863)	100.00 (82.84)
[266/294]	0.101 (0.860)	100.00 (82.90)
[267/294]	0.145 (0.858)	100.00 (82.97)
[268/294]	0.133 (0.855)	95.00 (83.01)
[269/294]	0.144 (0.852)	100.00 (83.07)
[270/294]	0.210 (0.850)	95.00 (83.12)
[271/294]	0.111 (0.847)	100.00 (83.18)
[272/294]	0.137 (0.845)	95.00 (83.22)
[273/294]	0.185 (0.842)	100.00 (83.28)
[274/294]	0.213 (0.840)	95.00 (83.33)
[275/294]	0.259 (0.838)	90.00 (83.35)
[276/294]	0.140 (0.835)	100.00 (83.41)
[277/294]	0.126 (0.833)	100.00 (83.47)
[278/294]	0.122 (0.830)	100.00 (83.53)
[279/294]	0.155 (0.828)	100.00 (83.59)
[280/294]	0.215 (0.826)	90.00 (83.61)
[281/294]	0.173 (0.823)	95.00 (83.65)
[282/294]	0.173 (0.821)	100.00 (83.71)
[283/294]	0.103 (0.818)	100.00 (83.77)
[284/294]	0.132 (0.816)	95.00 (83.81)
[285/294]	0.226 (0.814)	90.00 (83.83)
[286/294]	0.221 (0.812)	90.00 (83.85)
[287/294]	0.104 (0.809)	100.00 (83.91)
[288/294]	0.138 (0.807)	100.00 (83.96)
[289/294]	0.140 (0.805)	95.00 (84.00)
[290/294]	0.202 (0.803)	95.00 (84.04)
[291/294]	0.086 (0.800)	100.00 (84.09)
[292/294]	0.209 (0.798)	100.00 (84.15)
[293/294]	0.174 (0.796)	95.00 (84.18)
 * Train Acc: 84.184
 * Avg. Data time: 3.580, Avg. Batch time: 3.621, Avg. Forward time: 0.004, Avg. Backward time: 0.029
Computing MAS
 * Val Acc: 21.011, Time: 617.98
