=============Stream Learning Run 0=============
Changing output layer to contain 12 classes
============BEGINNING STREAM LEARNING============
=============Training Task 0=============
Active output nodes for this task: 
[0, 1]
=============Training Epoch 0=============
#reg terms:  0
Batch	 Loss		 Acc
[0/294]	0.906 (0.906)	60.00 (60.00)
[1/294]	1.048 (0.977)	55.00 (57.50)
[2/294]	1.304 (1.086)	45.00 (53.33)
[3/294]	1.195 (1.113)	40.00 (50.00)
[4/294]	0.900 (1.071)	45.00 (49.00)
[5/294]	0.797 (1.025)	55.00 (50.00)
[6/294]	0.816 (0.995)	55.00 (50.71)
[7/294]	0.705 (0.959)	65.00 (52.50)
[8/294]	0.709 (0.931)	50.00 (52.22)
[9/294]	0.860 (0.924)	40.00 (51.00)
[10/294]	0.751 (0.908)	50.00 (50.91)
[11/294]	0.635 (0.886)	60.00 (51.67)
[12/294]	0.641 (0.867)	70.00 (53.08)
[13/294]	0.793 (0.861)	35.00 (51.79)
[14/294]	0.589 (0.843)	75.00 (53.33)
[15/294]	0.684 (0.833)	65.00 (54.06)
[16/294]	0.989 (0.843)	40.00 (53.24)
[17/294]	0.771 (0.839)	55.00 (53.33)
[18/294]	0.499 (0.821)	70.00 (54.21)
[19/294]	0.664 (0.813)	60.00 (54.50)
[20/294]	0.661 (0.806)	60.00 (54.76)
[21/294]	0.704 (0.801)	55.00 (54.77)
[22/294]	0.848 (0.803)	35.00 (53.91)
[23/294]	0.618 (0.795)	60.00 (54.17)
[24/294]	0.595 (0.787)	70.00 (54.80)
[25/294]	0.501 (0.776)	95.00 (56.35)
[26/294]	0.628 (0.771)	60.00 (56.48)
[27/294]	0.635 (0.766)	60.00 (56.61)
[28/294]	0.527 (0.758)	75.00 (57.24)
[29/294]	0.612 (0.753)	50.00 (57.00)
[30/294]	0.631 (0.749)	65.00 (57.26)
[31/294]	0.606 (0.745)	65.00 (57.50)
[32/294]	0.413 (0.734)	85.00 (58.33)
[33/294]	0.555 (0.729)	70.00 (58.68)
[34/294]	0.581 (0.725)	65.00 (58.86)
[35/294]	0.609 (0.722)	65.00 (59.03)
[36/294]	0.641 (0.720)	60.00 (59.05)
[37/294]	0.570 (0.716)	65.00 (59.21)
[38/294]	0.571 (0.712)	75.00 (59.62)
[39/294]	0.584 (0.709)	65.00 (59.75)
[40/294]	0.516 (0.704)	75.00 (60.12)
[41/294]	0.453 (0.698)	85.00 (60.71)
[42/294]	0.601 (0.696)	65.00 (60.81)
[43/294]	0.605 (0.694)	70.00 (61.02)
[44/294]	0.526 (0.690)	70.00 (61.22)
[45/294]	0.486 (0.686)	85.00 (61.74)
[46/294]	0.540 (0.683)	75.00 (62.02)
[47/294]	0.745 (0.684)	50.00 (61.77)
[48/294]	0.626 (0.683)	50.00 (61.53)
[49/294]	0.473 (0.678)	85.00 (62.00)
[50/294]	0.570 (0.676)	70.00 (62.16)
[51/294]	0.591 (0.675)	60.00 (62.12)
[52/294]	0.431 (0.670)	90.00 (62.64)
[53/294]	0.453 (0.666)	80.00 (62.96)
[54/294]	0.497 (0.663)	80.00 (63.27)
[55/294]	0.501 (0.660)	85.00 (63.66)
[56/294]	0.454 (0.656)	85.00 (64.04)
[57/294]	0.554 (0.655)	85.00 (64.40)
[58/294]	0.530 (0.653)	75.00 (64.58)
[59/294]	0.526 (0.650)	80.00 (64.83)
[60/294]	0.396 (0.646)	85.00 (65.16)
[61/294]	0.576 (0.645)	70.00 (65.24)
[62/294]	0.489 (0.643)	65.00 (65.24)
[63/294]	0.572 (0.642)	70.00 (65.31)
[64/294]	0.575 (0.641)	80.00 (65.54)
[65/294]	0.399 (0.637)	85.00 (65.83)
[66/294]	0.502 (0.635)	75.00 (65.97)
[67/294]	0.429 (0.632)	90.00 (66.32)
[68/294]	0.534 (0.630)	80.00 (66.52)
[69/294]	0.558 (0.629)	75.00 (66.64)
[70/294]	0.417 (0.626)	85.00 (66.90)
[71/294]	0.616 (0.626)	65.00 (66.88)
[72/294]	0.568 (0.625)	70.00 (66.92)
[73/294]	0.450 (0.623)	80.00 (67.09)
[74/294]	0.479 (0.621)	70.00 (67.13)
[75/294]	0.330 (0.617)	95.00 (67.50)
[76/294]	0.447 (0.615)	80.00 (67.66)
[77/294]	0.326 (0.611)	90.00 (67.95)
[78/294]	0.407 (0.609)	80.00 (68.10)
[79/294]	0.486 (0.607)	75.00 (68.19)
[80/294]	0.502 (0.606)	90.00 (68.46)
[81/294]	0.384 (0.603)	90.00 (68.72)
[82/294]	0.524 (0.602)	65.00 (68.67)
[83/294]	0.365 (0.600)	85.00 (68.87)
[84/294]	0.382 (0.597)	90.00 (69.12)
[85/294]	0.436 (0.595)	80.00 (69.24)
[86/294]	0.437 (0.593)	75.00 (69.31)
[87/294]	0.356 (0.591)	90.00 (69.55)
[88/294]	0.491 (0.589)	70.00 (69.55)
[89/294]	0.505 (0.589)	80.00 (69.67)
[90/294]	0.480 (0.587)	80.00 (69.78)
[91/294]	0.330 (0.585)	95.00 (70.05)
[92/294]	0.617 (0.585)	65.00 (70.00)
[93/294]	0.442 (0.583)	80.00 (70.11)
[94/294]	0.495 (0.582)	85.00 (70.26)
[95/294]	0.374 (0.580)	90.00 (70.47)
[96/294]	0.384 (0.578)	85.00 (70.62)
[97/294]	0.353 (0.576)	80.00 (70.71)
[98/294]	0.235 (0.572)	100.00 (71.01)
[99/294]	0.355 (0.570)	90.00 (71.20)
[100/294]	0.442 (0.569)	80.00 (71.29)
[101/294]	0.376 (0.567)	90.00 (71.47)
[102/294]	0.456 (0.566)	75.00 (71.50)
[103/294]	0.556 (0.566)	65.00 (71.44)
[104/294]	0.383 (0.564)	85.00 (71.57)
[105/294]	0.232 (0.561)	95.00 (71.79)
[106/294]	0.448 (0.560)	80.00 (71.87)
[107/294]	0.330 (0.558)	90.00 (72.04)
[108/294]	0.377 (0.556)	80.00 (72.11)
[109/294]	0.353 (0.554)	90.00 (72.27)
[110/294]	0.337 (0.552)	90.00 (72.43)
[111/294]	0.381 (0.551)	85.00 (72.54)
[112/294]	0.317 (0.549)	100.00 (72.79)
[113/294]	0.483 (0.548)	65.00 (72.72)
[114/294]	0.342 (0.546)	95.00 (72.91)
[115/294]	0.316 (0.544)	90.00 (73.06)
[116/294]	0.412 (0.543)	80.00 (73.12)
[117/294]	0.492 (0.543)	85.00 (73.22)
[118/294]	0.419 (0.542)	80.00 (73.28)
[119/294]	0.456 (0.541)	80.00 (73.33)
[120/294]	0.369 (0.540)	80.00 (73.39)
[121/294]	0.459 (0.539)	75.00 (73.40)
[122/294]	0.499 (0.539)	70.00 (73.37)
[123/294]	0.464 (0.538)	75.00 (73.39)
[124/294]	0.408 (0.537)	80.00 (73.44)
[125/294]	0.321 (0.535)	85.00 (73.53)
[126/294]	0.446 (0.535)	85.00 (73.62)
[127/294]	0.369 (0.533)	95.00 (73.79)
[128/294]	0.277 (0.531)	90.00 (73.91)
[129/294]	0.398 (0.530)	75.00 (73.92)
[130/294]	0.278 (0.528)	90.00 (74.05)
[131/294]	0.417 (0.528)	75.00 (74.05)
[132/294]	0.284 (0.526)	90.00 (74.17)
[133/294]	0.311 (0.524)	90.00 (74.29)
[134/294]	0.236 (0.522)	95.00 (74.44)
[135/294]	0.351 (0.521)	90.00 (74.56)
[136/294]	0.351 (0.520)	90.00 (74.67)
[137/294]	0.367 (0.518)	85.00 (74.75)
[138/294]	0.294 (0.517)	85.00 (74.82)
[139/294]	0.378 (0.516)	80.00 (74.86)
[140/294]	0.417 (0.515)	85.00 (74.93)
[141/294]	0.297 (0.514)	95.00 (75.07)
[142/294]	0.348 (0.512)	80.00 (75.10)
[143/294]	0.222 (0.510)	100.00 (75.28)
[144/294]	0.348 (0.509)	90.00 (75.38)
[145/294]	0.313 (0.508)	95.00 (75.51)
[146/294]	0.342 (0.507)	90.00 (75.61)
[147/294]	0.337 (0.506)	90.00 (75.71)
[148/294]	0.364 (0.505)	80.00 (75.74)
[149/294]	0.431 (0.504)	80.00 (75.77)
[150/294]	0.396 (0.504)	85.00 (75.83)
[151/294]	0.340 (0.502)	80.00 (75.86)
[152/294]	0.358 (0.502)	95.00 (75.98)
[153/294]	0.248 (0.500)	95.00 (76.10)
[154/294]	0.337 (0.499)	85.00 (76.16)
[155/294]	0.469 (0.499)	65.00 (76.09)
[156/294]	0.370 (0.498)	85.00 (76.15)
[157/294]	0.184 (0.496)	95.00 (76.27)
[158/294]	0.285 (0.494)	90.00 (76.35)
[159/294]	0.403 (0.494)	85.00 (76.41)
[160/294]	0.485 (0.494)	75.00 (76.40)
[161/294]	0.423 (0.493)	75.00 (76.39)
[162/294]	0.255 (0.492)	95.00 (76.50)
[163/294]	0.325 (0.491)	85.00 (76.55)
[164/294]	0.353 (0.490)	90.00 (76.64)
[165/294]	0.354 (0.489)	85.00 (76.69)
[166/294]	0.333 (0.488)	85.00 (76.74)
[167/294]	0.251 (0.487)	95.00 (76.85)
[168/294]	0.351 (0.486)	85.00 (76.89)
[169/294]	0.326 (0.485)	95.00 (77.00)
[170/294]	0.473 (0.485)	80.00 (77.02)
[171/294]	0.410 (0.485)	80.00 (77.03)
[172/294]	0.332 (0.484)	85.00 (77.08)
[173/294]	0.191 (0.482)	95.00 (77.18)
[174/294]	0.244 (0.481)	95.00 (77.29)
[175/294]	0.301 (0.480)	80.00 (77.30)
[176/294]	0.334 (0.479)	90.00 (77.37)
[177/294]	0.343 (0.478)	85.00 (77.42)
[178/294]	0.284 (0.477)	90.00 (77.49)
[179/294]	0.462 (0.477)	75.00 (77.47)
[180/294]	0.212 (0.476)	95.00 (77.57)
[181/294]	0.234 (0.474)	95.00 (77.66)
[182/294]	0.296 (0.473)	90.00 (77.73)
[183/294]	0.320 (0.472)	85.00 (77.77)
[184/294]	0.214 (0.471)	100.00 (77.89)
[185/294]	0.298 (0.470)	95.00 (77.98)
[186/294]	0.292 (0.469)	90.00 (78.05)
[187/294]	0.434 (0.469)	75.00 (78.03)
[188/294]	0.481 (0.469)	85.00 (78.07)
[189/294]	0.351 (0.468)	90.00 (78.13)
[190/294]	0.170 (0.467)	100.00 (78.25)
[191/294]	0.235 (0.466)	95.00 (78.33)
[192/294]	0.267 (0.465)	90.00 (78.39)
[193/294]	0.266 (0.464)	90.00 (78.45)
[194/294]	0.342 (0.463)	75.00 (78.44)
[195/294]	0.243 (0.462)	90.00 (78.49)
[196/294]	0.144 (0.460)	100.00 (78.60)
[197/294]	0.218 (0.459)	90.00 (78.66)
[198/294]	0.268 (0.458)	95.00 (78.74)
[199/294]	0.351 (0.457)	80.00 (78.75)
[200/294]	0.464 (0.458)	80.00 (78.76)
[201/294]	0.368 (0.457)	80.00 (78.76)
[202/294]	0.387 (0.457)	85.00 (78.79)
[203/294]	0.293 (0.456)	90.00 (78.85)
[204/294]	0.351 (0.455)	80.00 (78.85)
[205/294]	0.191 (0.454)	95.00 (78.93)
[206/294]	0.360 (0.454)	85.00 (78.96)
[207/294]	0.299 (0.453)	85.00 (78.99)
[208/294]	0.185 (0.452)	100.00 (79.09)
[209/294]	0.203 (0.450)	100.00 (79.19)
[210/294]	0.218 (0.449)	95.00 (79.27)
[211/294]	0.132 (0.448)	100.00 (79.36)
[212/294]	0.217 (0.447)	100.00 (79.46)
[213/294]	0.239 (0.446)	95.00 (79.53)
[214/294]	0.288 (0.445)	95.00 (79.60)
[215/294]	0.427 (0.445)	80.00 (79.61)
[216/294]	0.324 (0.444)	95.00 (79.68)
[217/294]	0.412 (0.444)	85.00 (79.70)
[218/294]	0.229 (0.443)	90.00 (79.75)
[219/294]	0.323 (0.443)	90.00 (79.80)
[220/294]	0.189 (0.442)	95.00 (79.86)
[221/294]	0.229 (0.441)	95.00 (79.93)
[222/294]	0.405 (0.440)	80.00 (79.93)
[223/294]	0.252 (0.440)	90.00 (79.98)
[224/294]	0.218 (0.439)	95.00 (80.04)
[225/294]	0.305 (0.438)	95.00 (80.11)
[226/294]	0.166 (0.437)	95.00 (80.18)
[227/294]	0.241 (0.436)	90.00 (80.22)
[228/294]	0.121 (0.435)	100.00 (80.31)
[229/294]	0.360 (0.434)	80.00 (80.30)
[230/294]	0.246 (0.433)	95.00 (80.37)
[231/294]	0.201 (0.432)	95.00 (80.43)
[232/294]	0.183 (0.431)	100.00 (80.52)
[233/294]	0.161 (0.430)	100.00 (80.60)
[234/294]	0.205 (0.429)	100.00 (80.68)
[235/294]	0.151 (0.428)	95.00 (80.74)
[236/294]	0.170 (0.427)	95.00 (80.80)
[237/294]	0.320 (0.427)	85.00 (80.82)
[238/294]	0.204 (0.426)	95.00 (80.88)
[239/294]	0.131 (0.424)	100.00 (80.96)
[240/294]	0.205 (0.424)	95.00 (81.02)
[241/294]	0.370 (0.423)	85.00 (81.03)
[242/294]	0.287 (0.423)	85.00 (81.05)
[243/294]	0.216 (0.422)	100.00 (81.13)
[244/294]	0.368 (0.422)	80.00 (81.12)
[245/294]	0.196 (0.421)	95.00 (81.18)
[246/294]	0.380 (0.421)	80.00 (81.17)
[247/294]	0.318 (0.420)	80.00 (81.17)
[248/294]	0.224 (0.419)	95.00 (81.22)
[249/294]	0.238 (0.419)	95.00 (81.28)
[250/294]	0.317 (0.418)	80.00 (81.27)
[251/294]	0.282 (0.418)	80.00 (81.27)
[252/294]	0.180 (0.417)	90.00 (81.30)
[253/294]	0.211 (0.416)	95.00 (81.36)
[254/294]	0.327 (0.416)	85.00 (81.37)
[255/294]	0.265 (0.415)	80.00 (81.37)
[256/294]	0.277 (0.414)	80.00 (81.36)
[257/294]	0.426 (0.415)	75.00 (81.34)
[258/294]	0.154 (0.414)	95.00 (81.39)
[259/294]	0.214 (0.413)	95.00 (81.44)
[260/294]	0.178 (0.412)	100.00 (81.51)
[261/294]	0.175 (0.411)	90.00 (81.55)
[262/294]	0.211 (0.410)	90.00 (81.58)
[263/294]	0.182 (0.409)	95.00 (81.63)
[264/294]	0.375 (0.409)	85.00 (81.64)
[265/294]	0.140 (0.408)	100.00 (81.71)
[266/294]	0.122 (0.407)	100.00 (81.78)
[267/294]	0.331 (0.407)	90.00 (81.81)
[268/294]	0.138 (0.406)	100.00 (81.88)
[269/294]	0.183 (0.405)	95.00 (81.93)
[270/294]	0.278 (0.405)	90.00 (81.96)
[271/294]	0.279 (0.404)	90.00 (81.99)
[272/294]	0.357 (0.404)	95.00 (82.03)
[273/294]	0.214 (0.403)	95.00 (82.08)
[274/294]	0.278 (0.403)	85.00 (82.09)
[275/294]	0.173 (0.402)	95.00 (82.14)
[276/294]	0.154 (0.401)	100.00 (82.20)
[277/294]	0.157 (0.400)	100.00 (82.27)
[278/294]	0.335 (0.400)	80.00 (82.26)
[279/294]	0.180 (0.399)	95.00 (82.30)
[280/294]	0.301 (0.399)	85.00 (82.31)
[281/294]	0.121 (0.398)	95.00 (82.36)
[282/294]	0.104 (0.397)	100.00 (82.42)
[283/294]	0.163 (0.396)	95.00 (82.46)
[284/294]	0.070 (0.395)	100.00 (82.53)
[285/294]	0.219 (0.394)	95.00 (82.57)
[286/294]	0.358 (0.394)	80.00 (82.56)
[287/294]	0.205 (0.393)	90.00 (82.59)
[288/294]	0.096 (0.392)	100.00 (82.65)
[289/294]	0.289 (0.392)	85.00 (82.66)
[290/294]	0.222 (0.391)	95.00 (82.70)
[291/294]	0.242 (0.391)	95.00 (82.74)
[292/294]	0.285 (0.391)	90.00 (82.76)
[293/294]	0.205 (0.390)	95.00 (82.81)
 * Train Acc: 82.806
 * Avg. Data time: 0.005, Avg. Batch time: 0.033, Avg. Forward time: 0.004, Avg. Backward time: 0.018
Computing MAS
 * Val Acc: 93.333, Time: 4.47
 * Test Acc: 94.262, Time: 8.93
=============Training Task 1=============
Active output nodes for this task: 
[0, 1, 2, 3]
=============Training Epoch 0=============
#reg terms:  1
Batch	 Loss		 Acc
[0/294]	4.116 (4.116)	0.00 (0.00)
[1/294]	3.619 (3.867)	0.00 (0.00)
[2/294]	3.549 (3.761)	0.00 (0.00)
[3/294]	3.243 (3.631)	0.00 (0.00)
[4/294]	2.815 (3.468)	5.00 (1.00)
[5/294]	2.663 (3.334)	0.00 (0.83)
[6/294]	2.520 (3.218)	15.00 (2.86)
[7/294]	2.458 (3.123)	10.00 (3.75)
[8/294]	2.490 (3.053)	10.00 (4.44)
[9/294]	1.973 (2.945)	45.00 (8.50)
[10/294]	1.981 (2.857)	40.00 (11.36)
[11/294]	2.259 (2.807)	10.00 (11.25)
[12/294]	1.716 (2.723)	50.00 (14.23)
[13/294]	1.753 (2.654)	30.00 (15.36)
[14/294]	1.704 (2.591)	45.00 (17.33)
[15/294]	1.527 (2.524)	45.00 (19.06)
[16/294]	1.376 (2.457)	50.00 (20.88)
[17/294]	1.555 (2.406)	60.00 (23.06)
[18/294]	1.170 (2.341)	60.00 (25.00)
[19/294]	1.033 (2.276)	75.00 (27.50)
[20/294]	1.274 (2.228)	60.00 (29.05)
[21/294]	1.505 (2.195)	40.00 (29.55)
[22/294]	1.232 (2.153)	55.00 (30.65)
[23/294]	0.824 (2.098)	70.00 (32.29)
[24/294]	1.074 (2.057)	55.00 (33.20)
[25/294]	1.053 (2.019)	45.00 (33.65)
[26/294]	1.005 (1.981)	55.00 (34.44)
[27/294]	1.070 (1.948)	40.00 (34.64)
[28/294]	0.976 (1.915)	50.00 (35.17)
[29/294]	0.785 (1.877)	75.00 (36.50)
[30/294]	0.616 (1.837)	95.00 (38.39)
[31/294]	0.797 (1.804)	70.00 (39.38)
[32/294]	0.646 (1.769)	70.00 (40.30)
[33/294]	0.750 (1.739)	70.00 (41.18)
[34/294]	0.801 (1.712)	75.00 (42.14)
[35/294]	0.524 (1.679)	90.00 (43.47)
[36/294]	0.606 (1.650)	80.00 (44.46)
[37/294]	0.625 (1.623)	80.00 (45.39)
[38/294]	0.677 (1.599)	60.00 (45.77)
[39/294]	0.607 (1.574)	65.00 (46.25)
[40/294]	0.776 (1.555)	65.00 (46.71)
[41/294]	0.724 (1.535)	65.00 (47.14)
[42/294]	0.640 (1.514)	70.00 (47.67)
[43/294]	0.600 (1.493)	70.00 (48.18)
[44/294]	0.539 (1.472)	80.00 (48.89)
[45/294]	0.820 (1.458)	55.00 (49.02)
[46/294]	0.556 (1.439)	75.00 (49.57)
[47/294]	0.679 (1.423)	65.00 (49.90)
[48/294]	0.586 (1.406)	75.00 (50.41)
[49/294]	0.500 (1.388)	80.00 (51.00)
[50/294]	0.528 (1.371)	80.00 (51.57)
[51/294]	0.622 (1.356)	80.00 (52.12)
[52/294]	0.443 (1.339)	85.00 (52.74)
[53/294]	0.527 (1.324)	80.00 (53.24)
[54/294]	0.469 (1.309)	80.00 (53.73)
[55/294]	0.506 (1.294)	90.00 (54.38)
[56/294]	0.420 (1.279)	80.00 (54.82)
[57/294]	0.665 (1.268)	70.00 (55.09)
[58/294]	0.587 (1.257)	75.00 (55.42)
[59/294]	0.450 (1.243)	80.00 (55.83)
[60/294]	0.479 (1.231)	90.00 (56.39)
[61/294]	0.380 (1.217)	80.00 (56.77)
[62/294]	0.412 (1.204)	85.00 (57.22)
[63/294]	0.567 (1.194)	70.00 (57.42)
[64/294]	0.507 (1.184)	80.00 (57.77)
[65/294]	0.676 (1.176)	60.00 (57.80)
[66/294]	0.610 (1.168)	65.00 (57.91)
[67/294]	0.400 (1.156)	80.00 (58.24)
[68/294]	0.462 (1.146)	75.00 (58.48)
[69/294]	0.648 (1.139)	65.00 (58.57)
[70/294]	0.434 (1.129)	75.00 (58.80)
[71/294]	0.463 (1.120)	80.00 (59.10)
[72/294]	0.327 (1.109)	95.00 (59.59)
[73/294]	0.845 (1.106)	60.00 (59.59)
[74/294]	0.449 (1.097)	80.00 (59.87)
[75/294]	0.531 (1.089)	75.00 (60.07)
[76/294]	0.545 (1.082)	75.00 (60.26)
[77/294]	0.521 (1.075)	70.00 (60.38)
[78/294]	0.371 (1.066)	85.00 (60.70)
[79/294]	0.455 (1.059)	85.00 (61.00)
[80/294]	0.396 (1.050)	85.00 (61.30)
[81/294]	0.292 (1.041)	90.00 (61.65)
[82/294]	0.289 (1.032)	95.00 (62.05)
[83/294]	0.269 (1.023)	95.00 (62.44)
[84/294]	0.508 (1.017)	80.00 (62.65)
[85/294]	0.324 (1.009)	80.00 (62.85)
[86/294]	0.404 (1.002)	80.00 (63.05)
[87/294]	0.393 (0.995)	80.00 (63.24)
[88/294]	0.731 (0.992)	65.00 (63.26)
[89/294]	0.383 (0.985)	85.00 (63.50)
[90/294]	0.370 (0.978)	85.00 (63.74)
[91/294]	0.374 (0.972)	85.00 (63.97)
[92/294]	0.475 (0.967)	75.00 (64.09)
[93/294]	0.597 (0.963)	55.00 (63.99)
[94/294]	0.348 (0.956)	90.00 (64.26)
[95/294]	0.422 (0.951)	80.00 (64.43)
[96/294]	0.313 (0.944)	95.00 (64.74)
[97/294]	0.377 (0.938)	90.00 (65.00)
[98/294]	0.521 (0.934)	80.00 (65.15)
[99/294]	0.359 (0.928)	80.00 (65.30)
[100/294]	0.417 (0.923)	80.00 (65.45)
[101/294]	0.490 (0.919)	85.00 (65.64)
[102/294]	0.456 (0.914)	90.00 (65.87)
[103/294]	0.396 (0.910)	90.00 (66.11)
[104/294]	0.333 (0.904)	85.00 (66.29)
[105/294]	0.456 (0.900)	70.00 (66.32)
[106/294]	0.407 (0.895)	85.00 (66.50)
[107/294]	0.463 (0.891)	80.00 (66.62)
[108/294]	0.351 (0.886)	80.00 (66.74)
[109/294]	0.236 (0.880)	85.00 (66.91)
[110/294]	0.397 (0.876)	80.00 (67.03)
[111/294]	0.311 (0.871)	90.00 (67.23)
[112/294]	0.502 (0.868)	75.00 (67.30)
[113/294]	0.326 (0.863)	90.00 (67.50)
[114/294]	0.431 (0.859)	85.00 (67.65)
[115/294]	0.441 (0.856)	75.00 (67.72)
[116/294]	0.379 (0.851)	90.00 (67.91)
[117/294]	0.205 (0.846)	100.00 (68.18)
[118/294]	0.533 (0.843)	75.00 (68.24)
[119/294]	0.607 (0.841)	70.00 (68.25)
[120/294]	0.504 (0.839)	75.00 (68.31)
[121/294]	0.353 (0.835)	90.00 (68.48)
[122/294]	0.310 (0.830)	90.00 (68.66)
[123/294]	0.404 (0.827)	85.00 (68.79)
[124/294]	0.494 (0.824)	70.00 (68.80)
[125/294]	0.332 (0.820)	85.00 (68.93)
[126/294]	0.344 (0.817)	85.00 (69.06)
[127/294]	0.359 (0.813)	85.00 (69.18)
[128/294]	0.257 (0.809)	95.00 (69.38)
[129/294]	0.425 (0.806)	75.00 (69.42)
[130/294]	0.436 (0.803)	75.00 (69.47)
[131/294]	0.498 (0.801)	75.00 (69.51)
[132/294]	0.350 (0.797)	85.00 (69.62)
[133/294]	0.273 (0.793)	85.00 (69.74)
[134/294]	0.393 (0.790)	80.00 (69.81)
[135/294]	0.487 (0.788)	80.00 (69.89)
[136/294]	0.383 (0.785)	90.00 (70.04)
[137/294]	0.516 (0.783)	70.00 (70.04)
[138/294]	0.411 (0.781)	85.00 (70.14)
[139/294]	0.261 (0.777)	95.00 (70.32)
[140/294]	0.275 (0.773)	90.00 (70.46)
[141/294]	0.421 (0.771)	85.00 (70.56)
[142/294]	0.388 (0.768)	85.00 (70.66)
[143/294]	0.556 (0.767)	75.00 (70.69)
[144/294]	0.193 (0.763)	100.00 (70.90)
[145/294]	0.337 (0.760)	85.00 (70.99)
[146/294]	0.340 (0.757)	85.00 (71.09)
[147/294]	0.338 (0.754)	85.00 (71.18)
[148/294]	0.325 (0.751)	95.00 (71.34)
[149/294]	0.296 (0.748)	90.00 (71.47)
[150/294]	0.439 (0.746)	75.00 (71.49)
[151/294]	0.341 (0.743)	85.00 (71.58)
[152/294]	0.359 (0.741)	90.00 (71.70)
[153/294]	0.331 (0.738)	85.00 (71.79)
[154/294]	0.366 (0.736)	90.00 (71.90)
[155/294]	0.175 (0.732)	95.00 (72.05)
[156/294]	0.215 (0.729)	95.00 (72.20)
[157/294]	0.201 (0.726)	100.00 (72.37)
[158/294]	0.286 (0.723)	85.00 (72.45)
[159/294]	0.277 (0.720)	95.00 (72.59)
[160/294]	0.233 (0.717)	95.00 (72.73)
[161/294]	0.290 (0.714)	90.00 (72.84)
[162/294]	0.272 (0.712)	90.00 (72.94)
[163/294]	0.234 (0.709)	95.00 (73.08)
[164/294]	0.153 (0.705)	95.00 (73.21)
[165/294]	0.306 (0.703)	85.00 (73.28)
[166/294]	0.237 (0.700)	85.00 (73.35)
[167/294]	0.206 (0.697)	100.00 (73.51)
[168/294]	0.282 (0.695)	90.00 (73.61)
[169/294]	0.411 (0.693)	85.00 (73.68)
[170/294]	0.263 (0.691)	90.00 (73.77)
[171/294]	0.309 (0.688)	90.00 (73.87)
[172/294]	0.369 (0.687)	85.00 (73.93)
[173/294]	0.358 (0.685)	80.00 (73.97)
[174/294]	0.388 (0.683)	80.00 (74.00)
[175/294]	0.334 (0.681)	70.00 (73.98)
[176/294]	0.394 (0.679)	85.00 (74.04)
[177/294]	0.405 (0.678)	85.00 (74.10)
[178/294]	0.375 (0.676)	75.00 (74.11)
[179/294]	0.283 (0.674)	90.00 (74.19)
[180/294]	0.188 (0.671)	90.00 (74.28)
[181/294]	0.236 (0.669)	90.00 (74.37)
[182/294]	0.222 (0.666)	90.00 (74.45)
[183/294]	0.399 (0.665)	90.00 (74.54)
[184/294]	0.280 (0.663)	85.00 (74.59)
[185/294]	0.453 (0.662)	70.00 (74.57)
[186/294]	0.172 (0.659)	95.00 (74.68)
[187/294]	0.301 (0.657)	95.00 (74.79)
[188/294]	0.337 (0.656)	85.00 (74.84)
[189/294]	0.456 (0.655)	75.00 (74.84)
[190/294]	0.469 (0.654)	80.00 (74.87)
[191/294]	0.361 (0.652)	80.00 (74.90)
[192/294]	0.172 (0.650)	95.00 (75.00)
[193/294]	0.371 (0.648)	85.00 (75.05)
[194/294]	0.321 (0.646)	85.00 (75.10)
[195/294]	0.292 (0.645)	85.00 (75.15)
[196/294]	0.471 (0.644)	75.00 (75.15)
[197/294]	0.236 (0.642)	90.00 (75.23)
[198/294]	0.340 (0.640)	90.00 (75.30)
[199/294]	0.236 (0.638)	90.00 (75.38)
[200/294]	0.229 (0.636)	90.00 (75.45)
[201/294]	0.368 (0.635)	80.00 (75.47)
[202/294]	0.202 (0.633)	95.00 (75.57)
[203/294]	0.316 (0.631)	85.00 (75.61)
[204/294]	0.312 (0.630)	85.00 (75.66)
[205/294]	0.336 (0.628)	90.00 (75.73)
[206/294]	0.336 (0.627)	85.00 (75.77)
[207/294]	0.499 (0.626)	75.00 (75.77)
[208/294]	0.333 (0.625)	85.00 (75.81)
[209/294]	0.383 (0.624)	85.00 (75.86)
[210/294]	0.211 (0.622)	95.00 (75.95)
[211/294]	0.254 (0.620)	95.00 (76.04)
[212/294]	0.458 (0.619)	85.00 (76.08)
[213/294]	0.321 (0.618)	85.00 (76.12)
[214/294]	0.407 (0.617)	85.00 (76.16)
[215/294]	0.336 (0.615)	90.00 (76.23)
[216/294]	0.378 (0.614)	90.00 (76.29)
[217/294]	0.348 (0.613)	90.00 (76.35)
[218/294]	0.423 (0.612)	80.00 (76.37)
[219/294]	0.207 (0.610)	85.00 (76.41)
[220/294]	0.456 (0.610)	70.00 (76.38)
[221/294]	0.365 (0.609)	85.00 (76.42)
[222/294]	0.552 (0.608)	75.00 (76.41)
[223/294]	0.262 (0.607)	95.00 (76.50)
[224/294]	0.335 (0.606)	85.00 (76.53)
[225/294]	0.394 (0.605)	80.00 (76.55)
[226/294]	0.254 (0.603)	90.00 (76.61)
[227/294]	0.340 (0.602)	85.00 (76.64)
[228/294]	0.351 (0.601)	85.00 (76.68)
[229/294]	0.491 (0.600)	75.00 (76.67)
[230/294]	0.164 (0.598)	95.00 (76.75)
[231/294]	0.328 (0.597)	85.00 (76.79)
[232/294]	0.532 (0.597)	75.00 (76.78)
[233/294]	0.261 (0.596)	90.00 (76.84)
[234/294]	0.238 (0.594)	90.00 (76.89)
[235/294]	0.608 (0.594)	60.00 (76.82)
[236/294]	0.202 (0.592)	95.00 (76.90)
[237/294]	0.352 (0.591)	80.00 (76.91)
[238/294]	0.222 (0.590)	90.00 (76.97)
[239/294]	0.272 (0.589)	85.00 (77.00)
[240/294]	0.192 (0.587)	100.00 (77.10)
[241/294]	0.547 (0.587)	75.00 (77.09)
[242/294]	0.397 (0.586)	80.00 (77.10)
[243/294]	0.384 (0.585)	80.00 (77.11)
[244/294]	0.318 (0.584)	90.00 (77.16)
[245/294]	0.377 (0.583)	85.00 (77.20)
[246/294]	0.217 (0.582)	90.00 (77.25)
[247/294]	0.329 (0.581)	90.00 (77.30)
[248/294]	0.255 (0.579)	95.00 (77.37)
[249/294]	0.369 (0.579)	90.00 (77.42)
[250/294]	0.285 (0.577)	90.00 (77.47)
[251/294]	0.181 (0.576)	95.00 (77.54)
[252/294]	0.280 (0.575)	90.00 (77.59)
[253/294]	0.745 (0.575)	65.00 (77.54)
[254/294]	0.395 (0.575)	85.00 (77.57)
[255/294]	0.210 (0.573)	95.00 (77.64)
[256/294]	0.200 (0.572)	95.00 (77.70)
[257/294]	0.344 (0.571)	85.00 (77.73)
[258/294]	0.316 (0.570)	85.00 (77.76)
[259/294]	0.328 (0.569)	80.00 (77.77)
[260/294]	0.234 (0.568)	95.00 (77.84)
[261/294]	0.240 (0.566)	95.00 (77.90)
[262/294]	0.406 (0.566)	90.00 (77.95)
[263/294]	0.498 (0.566)	70.00 (77.92)
[264/294]	0.207 (0.564)	90.00 (77.96)
[265/294]	0.265 (0.563)	90.00 (78.01)
[266/294]	0.565 (0.563)	75.00 (78.00)
[267/294]	0.164 (0.562)	100.00 (78.08)
[268/294]	0.193 (0.560)	95.00 (78.14)
[269/294]	0.195 (0.559)	90.00 (78.19)
[270/294]	0.331 (0.558)	90.00 (78.23)
[271/294]	0.445 (0.558)	75.00 (78.22)
[272/294]	0.276 (0.557)	90.00 (78.26)
[273/294]	0.294 (0.556)	80.00 (78.27)
[274/294]	0.252 (0.555)	90.00 (78.31)
[275/294]	0.224 (0.553)	90.00 (78.35)
[276/294]	0.304 (0.552)	80.00 (78.36)
[277/294]	0.224 (0.551)	90.00 (78.40)
[278/294]	0.154 (0.550)	100.00 (78.48)
[279/294]	0.304 (0.549)	80.00 (78.48)
[280/294]	0.223 (0.548)	90.00 (78.52)
[281/294]	0.356 (0.547)	80.00 (78.53)
[282/294]	0.494 (0.547)	70.00 (78.50)
[283/294]	0.175 (0.546)	90.00 (78.54)
[284/294]	0.376 (0.545)	80.00 (78.54)
[285/294]	0.242 (0.544)	95.00 (78.60)
[286/294]	0.206 (0.543)	95.00 (78.66)
[287/294]	0.210 (0.542)	95.00 (78.72)
[288/294]	0.430 (0.541)	85.00 (78.74)
[289/294]	0.302 (0.540)	80.00 (78.74)
[290/294]	0.257 (0.539)	90.00 (78.78)
[291/294]	0.198 (0.538)	95.00 (78.84)
[292/294]	0.194 (0.537)	100.00 (78.91)
[293/294]	0.621 (0.537)	83.33 (78.91)
 * Train Acc: 78.912
 * Avg. Data time: 0.056, Avg. Batch time: 0.093, Avg. Forward time: 0.004, Avg. Backward time: 0.027
Computing MAS
 * Val Acc: 43.227, Time: 3.41
 * Test Acc: 45.733, Time: 7.77
=============Training Task 2=============
Active output nodes for this task: 
[0, 1, 2, 3, 4, 5]
=============Training Epoch 0=============
#reg terms:  1
Batch	 Loss		 Acc
[0/294]	9.555 (9.555)	0.00 (0.00)
[1/294]	8.449 (9.002)	0.00 (0.00)
[2/294]	8.475 (8.826)	0.00 (0.00)
[3/294]	7.307 (8.447)	0.00 (0.00)
[4/294]	6.949 (8.147)	0.00 (0.00)
[5/294]	6.264 (7.833)	0.00 (0.00)
[6/294]	5.997 (7.571)	0.00 (0.00)
[7/294]	5.859 (7.357)	0.00 (0.00)
[8/294]	5.011 (7.096)	0.00 (0.00)
[9/294]	5.100 (6.897)	0.00 (0.00)
[10/294]	5.195 (6.742)	5.00 (0.45)
[11/294]	4.420 (6.548)	0.00 (0.42)
[12/294]	3.648 (6.325)	25.00 (2.31)
[13/294]	3.533 (6.126)	25.00 (3.93)
[14/294]	2.986 (5.916)	25.00 (5.33)
[15/294]	2.640 (5.712)	50.00 (8.12)
[16/294]	3.127 (5.560)	30.00 (9.41)
[17/294]	2.256 (5.376)	45.00 (11.39)
[18/294]	1.833 (5.190)	70.00 (14.47)
[19/294]	1.440 (5.002)	90.00 (18.25)
[20/294]	1.673 (4.844)	70.00 (20.71)
[21/294]	1.304 (4.683)	85.00 (23.64)
[22/294]	1.367 (4.539)	80.00 (26.09)
[23/294]	1.114 (4.396)	75.00 (28.12)
[24/294]	1.077 (4.263)	80.00 (30.20)
[25/294]	1.163 (4.144)	75.00 (31.92)
[26/294]	0.785 (4.020)	95.00 (34.26)
[27/294]	0.782 (3.904)	80.00 (35.89)
[28/294]	0.702 (3.793)	95.00 (37.93)
[29/294]	0.794 (3.693)	85.00 (39.50)
[30/294]	0.653 (3.595)	95.00 (41.29)
[31/294]	0.675 (3.504)	85.00 (42.66)
[32/294]	0.528 (3.414)	95.00 (44.24)
[33/294]	0.779 (3.336)	80.00 (45.29)
[34/294]	0.649 (3.260)	85.00 (46.43)
[35/294]	0.609 (3.186)	80.00 (47.36)
[36/294]	0.487 (3.113)	90.00 (48.51)
[37/294]	0.491 (3.044)	90.00 (49.61)
[38/294]	0.934 (2.990)	55.00 (49.74)
[39/294]	0.568 (2.929)	80.00 (50.50)
[40/294]	0.369 (2.867)	95.00 (51.59)
[41/294]	0.494 (2.810)	85.00 (52.38)
[42/294]	0.304 (2.752)	95.00 (53.37)
[43/294]	0.474 (2.700)	80.00 (53.98)
[44/294]	0.658 (2.655)	75.00 (54.44)
[45/294]	0.421 (2.606)	90.00 (55.22)
[46/294]	0.661 (2.565)	80.00 (55.74)
[47/294]	0.387 (2.520)	90.00 (56.46)
[48/294]	0.591 (2.480)	85.00 (57.04)
[49/294]	0.478 (2.440)	75.00 (57.40)
[50/294]	0.389 (2.400)	85.00 (57.94)
[51/294]	0.355 (2.361)	85.00 (58.46)
[52/294]	0.188 (2.320)	95.00 (59.15)
[53/294]	0.318 (2.283)	90.00 (59.72)
[54/294]	0.251 (2.246)	95.00 (60.36)
[55/294]	0.177 (2.209)	100.00 (61.07)
[56/294]	0.184 (2.173)	100.00 (61.75)
[57/294]	0.476 (2.144)	95.00 (62.33)
[58/294]	0.393 (2.114)	80.00 (62.63)
[59/294]	0.306 (2.084)	85.00 (63.00)
[60/294]	0.655 (2.061)	70.00 (63.11)
[61/294]	0.438 (2.035)	75.00 (63.31)
[62/294]	0.466 (2.010)	85.00 (63.65)
[63/294]	0.703 (1.989)	65.00 (63.67)
[64/294]	0.232 (1.962)	95.00 (64.15)
[65/294]	0.252 (1.936)	95.00 (64.62)
[66/294]	0.342 (1.913)	85.00 (64.93)
[67/294]	0.393 (1.890)	90.00 (65.29)
[68/294]	0.314 (1.867)	95.00 (65.72)
[69/294]	0.638 (1.850)	80.00 (65.93)
[70/294]	0.245 (1.827)	90.00 (66.27)
[71/294]	0.301 (1.806)	95.00 (66.67)
[72/294]	0.313 (1.786)	90.00 (66.99)
[73/294]	0.542 (1.769)	85.00 (67.23)
[74/294]	0.216 (1.748)	100.00 (67.67)
[75/294]	0.447 (1.731)	85.00 (67.89)
[76/294]	0.227 (1.711)	95.00 (68.25)
[77/294]	0.221 (1.692)	95.00 (68.59)
[78/294]	0.271 (1.674)	90.00 (68.86)
[79/294]	0.390 (1.658)	90.00 (69.12)
[80/294]	0.297 (1.641)	90.00 (69.38)
[81/294]	0.256 (1.624)	90.00 (69.63)
[82/294]	0.476 (1.611)	80.00 (69.76)
[83/294]	0.162 (1.593)	100.00 (70.12)
[84/294]	0.487 (1.580)	80.00 (70.24)
[85/294]	0.356 (1.566)	80.00 (70.35)
[86/294]	0.252 (1.551)	90.00 (70.57)
[87/294]	0.254 (1.536)	95.00 (70.85)
[88/294]	0.199 (1.521)	95.00 (71.12)
[89/294]	0.080 (1.505)	100.00 (71.44)
[90/294]	0.083 (1.490)	100.00 (71.76)
[91/294]	0.245 (1.476)	95.00 (72.01)
[92/294]	0.241 (1.463)	90.00 (72.20)
[93/294]	0.334 (1.451)	90.00 (72.39)
[94/294]	0.125 (1.437)	100.00 (72.68)
[95/294]	0.523 (1.427)	75.00 (72.71)
[96/294]	0.292 (1.416)	90.00 (72.89)
[97/294]	0.360 (1.405)	85.00 (73.01)
[98/294]	0.177 (1.392)	90.00 (73.18)
[99/294]	0.215 (1.381)	95.00 (73.40)
[100/294]	0.100 (1.368)	100.00 (73.66)
[101/294]	0.202 (1.357)	95.00 (73.87)
[102/294]	0.129 (1.345)	100.00 (74.13)
[103/294]	0.078 (1.332)	100.00 (74.38)
[104/294]	0.284 (1.322)	85.00 (74.48)
[105/294]	0.335 (1.313)	90.00 (74.62)
[106/294]	0.354 (1.304)	90.00 (74.77)
[107/294]	0.232 (1.294)	95.00 (74.95)
[108/294]	0.225 (1.284)	95.00 (75.14)
[109/294]	0.304 (1.276)	80.00 (75.18)
[110/294]	0.248 (1.266)	95.00 (75.36)
[111/294]	0.087 (1.256)	100.00 (75.58)
[112/294]	0.308 (1.247)	85.00 (75.66)
[113/294]	0.347 (1.239)	90.00 (75.79)
[114/294]	0.131 (1.230)	95.00 (75.96)
[115/294]	0.187 (1.221)	95.00 (76.12)
[116/294]	0.089 (1.211)	100.00 (76.32)
[117/294]	0.212 (1.203)	90.00 (76.44)
[118/294]	0.119 (1.194)	95.00 (76.60)
[119/294]	0.136 (1.185)	100.00 (76.79)
[120/294]	0.231 (1.177)	90.00 (76.90)
[121/294]	0.284 (1.170)	90.00 (77.01)
[122/294]	0.153 (1.161)	95.00 (77.15)
[123/294]	0.126 (1.153)	100.00 (77.34)
[124/294]	0.100 (1.145)	100.00 (77.52)
[125/294]	0.208 (1.137)	90.00 (77.62)
[126/294]	0.220 (1.130)	85.00 (77.68)
[127/294]	0.220 (1.123)	95.00 (77.81)
[128/294]	0.181 (1.115)	95.00 (77.95)
[129/294]	0.080 (1.108)	100.00 (78.12)
[130/294]	0.302 (1.101)	90.00 (78.21)
[131/294]	0.073 (1.094)	100.00 (78.37)
[132/294]	0.165 (1.087)	95.00 (78.50)
[133/294]	0.228 (1.080)	95.00 (78.62)
[134/294]	0.312 (1.074)	90.00 (78.70)
[135/294]	0.162 (1.068)	95.00 (78.82)
[136/294]	0.113 (1.061)	100.00 (78.98)
[137/294]	0.338 (1.056)	85.00 (79.02)
[138/294]	0.220 (1.050)	90.00 (79.10)
[139/294]	0.150 (1.043)	95.00 (79.21)
[140/294]	0.107 (1.036)	100.00 (79.36)
[141/294]	0.133 (1.030)	95.00 (79.47)
[142/294]	0.230 (1.025)	90.00 (79.55)
[143/294]	0.102 (1.018)	100.00 (79.69)
[144/294]	0.086 (1.012)	100.00 (79.83)
[145/294]	0.118 (1.006)	100.00 (79.97)
[146/294]	0.166 (1.000)	95.00 (80.07)
[147/294]	0.204 (0.994)	85.00 (80.10)
[148/294]	0.194 (0.989)	95.00 (80.20)
[149/294]	0.337 (0.985)	85.00 (80.23)
[150/294]	0.177 (0.979)	95.00 (80.33)
[151/294]	0.125 (0.974)	100.00 (80.46)
[152/294]	0.205 (0.969)	95.00 (80.56)
[153/294]	0.169 (0.964)	90.00 (80.62)
[154/294]	0.403 (0.960)	85.00 (80.65)
[155/294]	0.302 (0.956)	85.00 (80.67)
[156/294]	0.199 (0.951)	95.00 (80.76)
[157/294]	0.062 (0.945)	100.00 (80.89)
[158/294]	0.124 (0.940)	95.00 (80.97)
[159/294]	0.164 (0.935)	90.00 (81.03)
[160/294]	0.211 (0.931)	85.00 (81.06)
[161/294]	0.129 (0.926)	95.00 (81.14)
[162/294]	0.064 (0.921)	100.00 (81.26)
[163/294]	0.197 (0.916)	90.00 (81.31)
[164/294]	0.109 (0.911)	100.00 (81.42)
[165/294]	0.199 (0.907)	95.00 (81.51)
[166/294]	0.200 (0.903)	95.00 (81.59)
[167/294]	0.216 (0.899)	95.00 (81.67)
[168/294]	0.197 (0.894)	90.00 (81.72)
[169/294]	0.177 (0.890)	95.00 (81.79)
[170/294]	0.163 (0.886)	90.00 (81.84)
[171/294]	0.157 (0.882)	90.00 (81.89)
[172/294]	0.072 (0.877)	100.00 (81.99)
[173/294]	0.185 (0.873)	90.00 (82.04)
[174/294]	0.315 (0.870)	90.00 (82.09)
[175/294]	0.075 (0.865)	100.00 (82.19)
[176/294]	0.130 (0.861)	95.00 (82.26)
[177/294]	0.271 (0.858)	95.00 (82.33)
[178/294]	0.190 (0.854)	90.00 (82.37)
[179/294]	0.182 (0.850)	95.00 (82.44)
[180/294]	0.087 (0.846)	100.00 (82.54)
[181/294]	0.160 (0.842)	100.00 (82.64)
[182/294]	0.127 (0.839)	95.00 (82.70)
[183/294]	0.260 (0.835)	90.00 (82.74)
[184/294]	0.068 (0.831)	100.00 (82.84)
[185/294]	0.049 (0.827)	100.00 (82.93)
[186/294]	0.122 (0.823)	100.00 (83.02)
[187/294]	0.183 (0.820)	95.00 (83.09)
[188/294]	0.215 (0.817)	85.00 (83.10)
[189/294]	0.115 (0.813)	100.00 (83.18)
[190/294]	0.102 (0.809)	100.00 (83.27)
[191/294]	0.211 (0.806)	90.00 (83.31)
[192/294]	0.125 (0.803)	100.00 (83.39)
[193/294]	0.149 (0.799)	95.00 (83.45)
[194/294]	0.065 (0.795)	100.00 (83.54)
[195/294]	0.146 (0.792)	90.00 (83.57)
[196/294]	0.096 (0.789)	95.00 (83.63)
[197/294]	0.059 (0.785)	100.00 (83.71)
[198/294]	0.082 (0.781)	100.00 (83.79)
[199/294]	0.158 (0.778)	95.00 (83.85)
[200/294]	0.122 (0.775)	95.00 (83.91)
[201/294]	0.265 (0.773)	95.00 (83.96)
[202/294]	0.259 (0.770)	90.00 (83.99)
[203/294]	0.106 (0.767)	100.00 (84.07)
[204/294]	0.299 (0.764)	90.00 (84.10)
[205/294]	0.220 (0.762)	90.00 (84.13)
[206/294]	0.094 (0.759)	100.00 (84.20)
[207/294]	0.043 (0.755)	100.00 (84.28)
[208/294]	0.109 (0.752)	95.00 (84.33)
[209/294]	0.159 (0.749)	90.00 (84.36)
[210/294]	0.059 (0.746)	100.00 (84.43)
[211/294]	0.132 (0.743)	90.00 (84.46)
[212/294]	0.116 (0.740)	100.00 (84.53)
[213/294]	0.230 (0.738)	90.00 (84.56)
[214/294]	0.104 (0.735)	95.00 (84.60)
[215/294]	0.203 (0.732)	90.00 (84.63)
[216/294]	0.049 (0.729)	100.00 (84.70)
[217/294]	0.212 (0.727)	85.00 (84.70)
[218/294]	0.091 (0.724)	100.00 (84.77)
[219/294]	0.111 (0.721)	95.00 (84.82)
[220/294]	0.263 (0.719)	90.00 (84.84)
[221/294]	0.250 (0.717)	95.00 (84.89)
[222/294]	0.191 (0.715)	95.00 (84.93)
[223/294]	0.133 (0.712)	100.00 (85.00)
[224/294]	0.088 (0.709)	100.00 (85.07)
[225/294]	0.380 (0.708)	90.00 (85.09)
[226/294]	0.110 (0.705)	95.00 (85.13)
[227/294]	0.119 (0.703)	95.00 (85.18)
[228/294]	0.161 (0.700)	95.00 (85.22)
[229/294]	0.199 (0.698)	95.00 (85.26)
[230/294]	0.049 (0.695)	100.00 (85.32)
[231/294]	0.149 (0.693)	95.00 (85.37)
[232/294]	0.217 (0.691)	90.00 (85.39)
[233/294]	0.122 (0.688)	95.00 (85.43)
[234/294]	0.142 (0.686)	95.00 (85.47)
[235/294]	0.059 (0.683)	100.00 (85.53)
[236/294]	0.080 (0.681)	100.00 (85.59)
[237/294]	0.109 (0.678)	100.00 (85.65)
[238/294]	0.077 (0.676)	100.00 (85.71)
[239/294]	0.255 (0.674)	85.00 (85.71)
[240/294]	0.133 (0.672)	100.00 (85.77)
[241/294]	0.055 (0.669)	100.00 (85.83)
[242/294]	0.051 (0.667)	100.00 (85.88)
[243/294]	0.113 (0.665)	95.00 (85.92)
[244/294]	0.105 (0.662)	100.00 (85.98)
[245/294]	0.048 (0.660)	100.00 (86.04)
[246/294]	0.177 (0.658)	90.00 (86.05)
[247/294]	0.041 (0.655)	100.00 (86.11)
[248/294]	0.063 (0.653)	100.00 (86.16)
[249/294]	0.110 (0.651)	95.00 (86.20)
[250/294]	0.130 (0.649)	100.00 (86.25)
[251/294]	0.195 (0.647)	95.00 (86.29)
[252/294]	0.197 (0.645)	90.00 (86.30)
[253/294]	0.116 (0.643)	95.00 (86.34)
[254/294]	0.092 (0.641)	100.00 (86.39)
[255/294]	0.150 (0.639)	90.00 (86.41)
[256/294]	0.137 (0.637)	95.00 (86.44)
[257/294]	0.111 (0.635)	95.00 (86.47)
[258/294]	0.154 (0.633)	95.00 (86.51)
[259/294]	0.256 (0.632)	85.00 (86.50)
[260/294]	0.098 (0.630)	100.00 (86.55)
[261/294]	0.166 (0.628)	90.00 (86.56)
[262/294]	0.060 (0.626)	100.00 (86.62)
[263/294]	0.051 (0.624)	100.00 (86.67)
[264/294]	0.186 (0.622)	90.00 (86.68)
[265/294]	0.062 (0.620)	100.00 (86.73)
[266/294]	0.034 (0.618)	100.00 (86.78)
[267/294]	0.086 (0.616)	100.00 (86.83)
[268/294]	0.067 (0.614)	100.00 (86.88)
[269/294]	0.067 (0.612)	100.00 (86.93)
[270/294]	0.064 (0.609)	100.00 (86.97)
[271/294]	0.117 (0.608)	95.00 (87.00)
[272/294]	0.160 (0.606)	95.00 (87.03)
[273/294]	0.195 (0.605)	90.00 (87.04)
[274/294]	0.120 (0.603)	95.00 (87.07)
[275/294]	0.160 (0.601)	90.00 (87.08)
[276/294]	0.026 (0.599)	100.00 (87.13)
[277/294]	0.296 (0.598)	90.00 (87.14)
[278/294]	0.025 (0.596)	100.00 (87.19)
[279/294]	0.048 (0.594)	100.00 (87.23)
[280/294]	0.054 (0.592)	100.00 (87.28)
[281/294]	0.100 (0.590)	100.00 (87.32)
[282/294]	0.481 (0.590)	80.00 (87.30)
[283/294]	0.045 (0.588)	100.00 (87.34)
[284/294]	0.140 (0.586)	95.00 (87.37)
[285/294]	0.154 (0.585)	95.00 (87.40)
[286/294]	0.074 (0.583)	95.00 (87.42)
[287/294]	0.039 (0.581)	100.00 (87.47)
[288/294]	0.104 (0.580)	95.00 (87.49)
[289/294]	0.160 (0.578)	90.00 (87.50)
[290/294]	0.221 (0.577)	95.00 (87.53)
[291/294]	0.219 (0.576)	90.00 (87.53)
[292/294]	0.030 (0.574)	100.00 (87.58)
[293/294]	0.105 (0.572)	100.00 (87.62)
 * Train Acc: 87.619
 * Avg. Data time: 0.530, Avg. Batch time: 0.571, Avg. Forward time: 0.005, Avg. Backward time: 0.030
Computing MAS
 * Val Acc: 29.467, Time: 20.56
 * Test Acc: 31.925, Time: 100.47
=============Training Task 3=============
Active output nodes for this task: 
[0, 1, 2, 3, 4, 5, 6, 7]
=============Training Epoch 0=============
#reg terms:  1
Batch	 Loss		 Acc
[0/294]	19.105 (19.105)	0.00 (0.00)
[1/294]	18.117 (18.611)	0.00 (0.00)
[2/294]	17.413 (18.212)	0.00 (0.00)
[3/294]	16.172 (17.702)	0.00 (0.00)
[4/294]	15.427 (17.247)	0.00 (0.00)
[5/294]	14.584 (16.803)	0.00 (0.00)
[6/294]	13.416 (16.319)	0.00 (0.00)
[7/294]	13.741 (15.997)	0.00 (0.00)
[8/294]	13.410 (15.709)	0.00 (0.00)
[9/294]	12.688 (15.407)	0.00 (0.00)
[10/294]	13.156 (15.203)	0.00 (0.00)
[11/294]	12.293 (14.960)	0.00 (0.00)
[12/294]	11.771 (14.715)	0.00 (0.00)
[13/294]	12.063 (14.525)	0.00 (0.00)
[14/294]	11.899 (14.350)	0.00 (0.00)
[15/294]	11.911 (14.198)	0.00 (0.00)
[16/294]	11.480 (14.038)	0.00 (0.00)
[17/294]	10.437 (13.838)	0.00 (0.00)
[18/294]	10.461 (13.660)	0.00 (0.00)
[19/294]	10.381 (13.496)	0.00 (0.00)
[20/294]	10.695 (13.363)	0.00 (0.00)
[21/294]	9.374 (13.181)	0.00 (0.00)
[22/294]	9.411 (13.018)	0.00 (0.00)
[23/294]	10.222 (12.901)	0.00 (0.00)
[24/294]	9.244 (12.755)	0.00 (0.00)
[25/294]	8.836 (12.604)	0.00 (0.00)
[26/294]	8.129 (12.438)	0.00 (0.00)
[27/294]	7.592 (12.265)	5.00 (0.18)
[28/294]	6.471 (12.065)	5.00 (0.34)
[29/294]	5.759 (11.855)	10.00 (0.67)
[30/294]	5.833 (11.661)	10.00 (0.97)
[31/294]	5.334 (11.463)	20.00 (1.56)
[32/294]	4.810 (11.262)	45.00 (2.88)
[33/294]	4.374 (11.059)	40.00 (3.97)
[34/294]	4.116 (10.861)	35.00 (4.86)
[35/294]	4.388 (10.681)	35.00 (5.69)
[36/294]	3.897 (10.498)	35.00 (6.49)
[37/294]	2.666 (10.291)	55.00 (7.76)
[38/294]	2.526 (10.092)	55.00 (8.97)
[39/294]	1.914 (9.888)	90.00 (11.00)
[40/294]	2.148 (9.699)	80.00 (12.68)
[41/294]	1.868 (9.513)	70.00 (14.05)
[42/294]	1.843 (9.334)	70.00 (15.35)
[43/294]	1.898 (9.165)	70.00 (16.59)
[44/294]	1.472 (8.994)	80.00 (18.00)
[45/294]	1.397 (8.829)	85.00 (19.46)
[46/294]	1.384 (8.671)	85.00 (20.85)
[47/294]	1.257 (8.516)	85.00 (22.19)
[48/294]	1.157 (8.366)	90.00 (23.57)
[49/294]	1.286 (8.225)	75.00 (24.60)
[50/294]	0.810 (8.079)	95.00 (25.98)
[51/294]	0.788 (7.939)	95.00 (27.31)
[52/294]	1.135 (7.811)	70.00 (28.11)
[53/294]	0.872 (7.682)	80.00 (29.07)
[54/294]	0.707 (7.555)	95.00 (30.27)
[55/294]	0.752 (7.434)	90.00 (31.34)
[56/294]	0.735 (7.316)	80.00 (32.19)
[57/294]	0.632 (7.201)	90.00 (33.19)
[58/294]	0.546 (7.088)	95.00 (34.24)
[59/294]	0.687 (6.982)	90.00 (35.17)
[60/294]	0.667 (6.878)	85.00 (35.98)
[61/294]	0.720 (6.779)	85.00 (36.77)
[62/294]	0.383 (6.677)	100.00 (37.78)
[63/294]	0.656 (6.583)	80.00 (38.44)
[64/294]	0.825 (6.494)	70.00 (38.92)
[65/294]	0.500 (6.404)	85.00 (39.62)
[66/294]	0.637 (6.318)	80.00 (40.22)
[67/294]	0.557 (6.233)	80.00 (40.81)
[68/294]	0.451 (6.149)	90.00 (41.52)
[69/294]	0.523 (6.069)	90.00 (42.21)
[70/294]	0.476 (5.990)	90.00 (42.89)
[71/294]	0.237 (5.910)	100.00 (43.68)
[72/294]	0.464 (5.835)	90.00 (44.32)
[73/294]	0.254 (5.760)	90.00 (44.93)
[74/294]	0.449 (5.689)	90.00 (45.53)
[75/294]	0.328 (5.619)	90.00 (46.12)
[76/294]	0.264 (5.549)	95.00 (46.75)
[77/294]	0.386 (5.483)	90.00 (47.31)
[78/294]	0.313 (5.417)	95.00 (47.91)
[79/294]	0.538 (5.356)	85.00 (48.38)
[80/294]	0.337 (5.295)	90.00 (48.89)
[81/294]	0.471 (5.236)	85.00 (49.33)
[82/294]	0.307 (5.176)	95.00 (49.88)
[83/294]	0.229 (5.117)	100.00 (50.48)
[84/294]	0.387 (5.062)	90.00 (50.94)
[85/294]	0.374 (5.007)	90.00 (51.40)
[86/294]	0.359 (4.954)	80.00 (51.72)
[87/294]	0.328 (4.901)	85.00 (52.10)
[88/294]	0.275 (4.849)	95.00 (52.58)
[89/294]	0.373 (4.800)	85.00 (52.94)
[90/294]	0.212 (4.749)	95.00 (53.41)
[91/294]	0.164 (4.699)	100.00 (53.91)
[92/294]	0.159 (4.650)	100.00 (54.41)
[93/294]	0.407 (4.605)	85.00 (54.73)
[94/294]	0.332 (4.560)	90.00 (55.11)
[95/294]	0.155 (4.514)	100.00 (55.57)
[96/294]	0.365 (4.472)	90.00 (55.93)
[97/294]	0.147 (4.428)	100.00 (56.38)
[98/294]	0.141 (4.384)	100.00 (56.82)
[99/294]	0.147 (4.342)	100.00 (57.25)
[100/294]	0.335 (4.302)	90.00 (57.57)
[101/294]	0.211 (4.262)	90.00 (57.89)
[102/294]	0.312 (4.224)	95.00 (58.25)
[103/294]	0.124 (4.184)	100.00 (58.65)
[104/294]	0.421 (4.148)	85.00 (58.90)
[105/294]	0.251 (4.112)	90.00 (59.20)
[106/294]	0.247 (4.076)	95.00 (59.53)
[107/294]	0.341 (4.041)	95.00 (59.86)
[108/294]	0.170 (4.005)	100.00 (60.23)
[109/294]	0.247 (3.971)	95.00 (60.55)
[110/294]	0.459 (3.940)	75.00 (60.68)
[111/294]	0.305 (3.907)	85.00 (60.89)
[112/294]	0.272 (3.875)	90.00 (61.15)
[113/294]	0.281 (3.844)	85.00 (61.36)
[114/294]	0.297 (3.813)	90.00 (61.61)
[115/294]	0.133 (3.781)	100.00 (61.94)
[116/294]	0.262 (3.751)	95.00 (62.22)
[117/294]	0.217 (3.721)	90.00 (62.46)
[118/294]	0.224 (3.692)	90.00 (62.69)
[119/294]	0.245 (3.663)	95.00 (62.96)
[120/294]	0.108 (3.633)	100.00 (63.26)
[121/294]	0.060 (3.604)	100.00 (63.57)
[122/294]	0.208 (3.577)	90.00 (63.78)
[123/294]	0.087 (3.548)	100.00 (64.07)
[124/294]	0.102 (3.521)	95.00 (64.32)
[125/294]	0.288 (3.495)	90.00 (64.52)
[126/294]	0.104 (3.468)	100.00 (64.80)
[127/294]	0.111 (3.442)	95.00 (65.04)
[128/294]	0.098 (3.416)	100.00 (65.31)
[129/294]	0.223 (3.392)	90.00 (65.50)
[130/294]	0.103 (3.367)	95.00 (65.73)
[131/294]	0.155 (3.342)	95.00 (65.95)
[132/294]	0.241 (3.319)	90.00 (66.13)
[133/294]	0.196 (3.296)	90.00 (66.31)
[134/294]	0.145 (3.272)	95.00 (66.52)
[135/294]	0.113 (3.249)	100.00 (66.76)
[136/294]	0.089 (3.226)	100.00 (67.01)
[137/294]	0.128 (3.204)	100.00 (67.25)
[138/294]	0.247 (3.182)	85.00 (67.37)
[139/294]	0.092 (3.160)	95.00 (67.57)
[140/294]	0.229 (3.139)	90.00 (67.73)
[141/294]	0.091 (3.118)	100.00 (67.96)
[142/294]	0.224 (3.098)	90.00 (68.11)
[143/294]	0.195 (3.078)	90.00 (68.26)
[144/294]	0.225 (3.058)	90.00 (68.41)
[145/294]	0.236 (3.039)	85.00 (68.53)
[146/294]	0.332 (3.020)	90.00 (68.67)
[147/294]	0.181 (3.001)	95.00 (68.85)
[148/294]	0.140 (2.982)	100.00 (69.06)
[149/294]	0.336 (2.964)	85.00 (69.17)
[150/294]	0.157 (2.946)	100.00 (69.37)
[151/294]	0.157 (2.927)	95.00 (69.54)
[152/294]	0.155 (2.909)	95.00 (69.71)
[153/294]	0.075 (2.891)	100.00 (69.90)
[154/294]	0.143 (2.873)	90.00 (70.03)
[155/294]	0.109 (2.855)	95.00 (70.19)
[156/294]	0.181 (2.838)	90.00 (70.32)
[157/294]	0.051 (2.821)	100.00 (70.51)
[158/294]	0.166 (2.804)	90.00 (70.63)
[159/294]	0.084 (2.787)	100.00 (70.81)
[160/294]	0.365 (2.772)	85.00 (70.90)
[161/294]	0.324 (2.757)	85.00 (70.99)
[162/294]	0.067 (2.740)	100.00 (71.17)
[163/294]	0.133 (2.724)	95.00 (71.31)
[164/294]	0.057 (2.708)	100.00 (71.48)
[165/294]	0.170 (2.693)	90.00 (71.60)
[166/294]	0.297 (2.679)	90.00 (71.71)
[167/294]	0.229 (2.664)	90.00 (71.82)
[168/294]	0.140 (2.649)	95.00 (71.95)
[169/294]	0.292 (2.635)	85.00 (72.03)
[170/294]	0.123 (2.620)	95.00 (72.16)
[171/294]	0.139 (2.606)	95.00 (72.30)
[172/294]	0.133 (2.592)	95.00 (72.43)
[173/294]	0.172 (2.578)	95.00 (72.56)
[174/294]	0.103 (2.564)	100.00 (72.71)
[175/294]	0.114 (2.550)	95.00 (72.84)
[176/294]	0.103 (2.536)	95.00 (72.97)
[177/294]	0.096 (2.522)	100.00 (73.12)
[178/294]	0.109 (2.509)	100.00 (73.27)
[179/294]	0.356 (2.497)	90.00 (73.36)
[180/294]	0.116 (2.484)	95.00 (73.48)
[181/294]	0.257 (2.471)	85.00 (73.54)
[182/294]	0.113 (2.459)	100.00 (73.69)
[183/294]	0.216 (2.446)	95.00 (73.80)
[184/294]	0.285 (2.435)	85.00 (73.86)
[185/294]	0.251 (2.423)	95.00 (73.98)
[186/294]	0.223 (2.411)	95.00 (74.09)
[187/294]	0.057 (2.399)	100.00 (74.23)
[188/294]	0.096 (2.386)	95.00 (74.34)
[189/294]	0.077 (2.374)	95.00 (74.45)
[190/294]	0.053 (2.362)	100.00 (74.58)
[191/294]	0.174 (2.351)	90.00 (74.66)
[192/294]	0.085 (2.339)	100.00 (74.79)
[193/294]	0.231 (2.328)	90.00 (74.87)
[194/294]	0.185 (2.317)	90.00 (74.95)
[195/294]	0.116 (2.306)	95.00 (75.05)
[196/294]	0.221 (2.295)	95.00 (75.15)
[197/294]	0.123 (2.284)	95.00 (75.25)
[198/294]	0.199 (2.274)	95.00 (75.35)
[199/294]	0.126 (2.263)	90.00 (75.42)
[200/294]	0.136 (2.253)	95.00 (75.52)
[201/294]	0.026 (2.242)	100.00 (75.64)
[202/294]	0.054 (2.231)	100.00 (75.76)
[203/294]	0.125 (2.220)	95.00 (75.86)
[204/294]	0.111 (2.210)	100.00 (75.98)
[205/294]	0.272 (2.201)	95.00 (76.07)
[206/294]	0.138 (2.191)	100.00 (76.18)
[207/294]	0.104 (2.181)	95.00 (76.27)
[208/294]	0.037 (2.171)	100.00 (76.39)
[209/294]	0.127 (2.161)	95.00 (76.48)
[210/294]	0.167 (2.151)	95.00 (76.56)
[211/294]	0.167 (2.142)	95.00 (76.65)
[212/294]	0.087 (2.132)	95.00 (76.74)
[213/294]	0.195 (2.123)	95.00 (76.82)
[214/294]	0.059 (2.114)	100.00 (76.93)
[215/294]	0.163 (2.105)	95.00 (77.01)
[216/294]	0.064 (2.095)	100.00 (77.12)
[217/294]	0.138 (2.086)	95.00 (77.20)
[218/294]	0.255 (2.078)	95.00 (77.28)
[219/294]	0.058 (2.069)	100.00 (77.39)
[220/294]	0.193 (2.060)	95.00 (77.47)
[221/294]	0.252 (2.052)	90.00 (77.52)
[222/294]	0.185 (2.044)	95.00 (77.60)
[223/294]	0.054 (2.035)	100.00 (77.70)
[224/294]	0.040 (2.026)	100.00 (77.80)
[225/294]	0.089 (2.017)	100.00 (77.90)
[226/294]	0.159 (2.009)	95.00 (77.97)
[227/294]	0.173 (2.001)	90.00 (78.03)
[228/294]	0.068 (1.993)	100.00 (78.12)
[229/294]	0.090 (1.984)	100.00 (78.22)
[230/294]	0.104 (1.976)	95.00 (78.29)
[231/294]	0.125 (1.968)	95.00 (78.36)
[232/294]	0.112 (1.960)	95.00 (78.43)
[233/294]	0.075 (1.952)	100.00 (78.53)
[234/294]	0.174 (1.945)	95.00 (78.60)
[235/294]	0.036 (1.937)	100.00 (78.69)
[236/294]	0.125 (1.929)	100.00 (78.78)
[237/294]	0.218 (1.922)	90.00 (78.82)
[238/294]	0.104 (1.914)	95.00 (78.89)
[239/294]	0.072 (1.907)	100.00 (78.98)
[240/294]	0.251 (1.900)	90.00 (79.02)
[241/294]	0.215 (1.893)	90.00 (79.07)
[242/294]	0.113 (1.885)	95.00 (79.14)
[243/294]	0.036 (1.878)	100.00 (79.22)
[244/294]	0.148 (1.871)	95.00 (79.29)
[245/294]	0.092 (1.863)	100.00 (79.37)
[246/294]	0.148 (1.857)	100.00 (79.45)
[247/294]	0.113 (1.850)	95.00 (79.52)
[248/294]	0.083 (1.842)	100.00 (79.60)
[249/294]	0.106 (1.835)	100.00 (79.68)
[250/294]	0.184 (1.829)	95.00 (79.74)
[251/294]	0.216 (1.822)	85.00 (79.76)
[252/294]	0.102 (1.816)	95.00 (79.82)
[253/294]	0.154 (1.809)	90.00 (79.86)
[254/294]	0.200 (1.803)	95.00 (79.92)
[255/294]	0.096 (1.796)	95.00 (79.98)
[256/294]	0.064 (1.789)	100.00 (80.06)
[257/294]	0.028 (1.783)	100.00 (80.14)
[258/294]	0.104 (1.776)	100.00 (80.21)
[259/294]	0.071 (1.770)	100.00 (80.29)
[260/294]	0.085 (1.763)	95.00 (80.34)
[261/294]	0.092 (1.757)	95.00 (80.40)
[262/294]	0.050 (1.750)	100.00 (80.48)
[263/294]	0.062 (1.744)	100.00 (80.55)
[264/294]	0.194 (1.738)	100.00 (80.62)
[265/294]	0.270 (1.732)	90.00 (80.66)
[266/294]	0.076 (1.726)	100.00 (80.73)
[267/294]	0.052 (1.720)	100.00 (80.80)
[268/294]	0.114 (1.714)	95.00 (80.86)
[269/294]	0.079 (1.708)	100.00 (80.93)
[270/294]	0.050 (1.702)	100.00 (81.00)
[271/294]	0.081 (1.696)	100.00 (81.07)
[272/294]	0.135 (1.690)	95.00 (81.12)
[273/294]	0.049 (1.684)	100.00 (81.19)
[274/294]	0.069 (1.678)	95.00 (81.24)
[275/294]	0.083 (1.673)	100.00 (81.30)
[276/294]	0.214 (1.667)	85.00 (81.32)
[277/294]	0.281 (1.662)	90.00 (81.35)
[278/294]	0.099 (1.657)	100.00 (81.42)
[279/294]	0.107 (1.651)	95.00 (81.46)
[280/294]	0.146 (1.646)	95.00 (81.51)
[281/294]	0.152 (1.641)	90.00 (81.54)
[282/294]	0.052 (1.635)	100.00 (81.61)
[283/294]	0.164 (1.630)	90.00 (81.64)
[284/294]	0.107 (1.624)	95.00 (81.68)
[285/294]	0.035 (1.619)	100.00 (81.75)
[286/294]	0.106 (1.614)	100.00 (81.81)
[287/294]	0.044 (1.608)	100.00 (81.88)
[288/294]	0.076 (1.603)	100.00 (81.94)
[289/294]	0.155 (1.598)	90.00 (81.97)
[290/294]	0.131 (1.593)	95.00 (82.01)
[291/294]	0.132 (1.588)	95.00 (82.05)
[292/294]	0.156 (1.583)	95.00 (82.10)
[293/294]	0.414 (1.579)	85.00 (82.11)
 * Train Acc: 82.109
 * Avg. Data time: 0.377, Avg. Batch time: 0.417, Avg. Forward time: 0.004, Avg. Backward time: 0.029
Computing MAS
 * Val Acc: 25.468, Time: 6.80
 * Test Acc: 25.040, Time: 96.91
=============Training Task 4=============
Active output nodes for this task: 
[0, 1, 2, 3, 4, 5, 6, 7, 8, 9]
=============Training Epoch 0=============
#reg terms:  1
Batch	 Loss		 Acc
[0/294]	26.117 (26.117)	0.00 (0.00)
[1/294]	22.768 (24.443)	0.00 (0.00)
[2/294]	21.590 (23.492)	0.00 (0.00)
[3/294]	21.446 (22.980)	0.00 (0.00)
[4/294]	21.047 (22.593)	0.00 (0.00)
[5/294]	19.897 (22.144)	0.00 (0.00)
[6/294]	19.706 (21.796)	0.00 (0.00)
[7/294]	19.338 (21.488)	0.00 (0.00)
[8/294]	18.845 (21.195)	0.00 (0.00)
[9/294]	18.398 (20.915)	0.00 (0.00)
[10/294]	18.582 (20.703)	0.00 (0.00)
[11/294]	18.013 (20.479)	0.00 (0.00)
[12/294]	17.152 (20.223)	0.00 (0.00)
[13/294]	18.392 (20.092)	0.00 (0.00)
[14/294]	17.414 (19.914)	0.00 (0.00)
[15/294]	16.900 (19.725)	0.00 (0.00)
[16/294]	17.208 (19.577)	0.00 (0.00)
[17/294]	17.285 (19.450)	0.00 (0.00)
[18/294]	14.667 (19.198)	0.00 (0.00)
[19/294]	15.714 (19.024)	0.00 (0.00)
[20/294]	15.716 (18.866)	0.00 (0.00)
[21/294]	15.142 (18.697)	0.00 (0.00)
[22/294]	15.074 (18.540)	0.00 (0.00)
[23/294]	13.249 (18.319)	0.00 (0.00)
[24/294]	12.425 (18.083)	0.00 (0.00)
[25/294]	12.617 (17.873)	0.00 (0.00)
[26/294]	13.345 (17.705)	0.00 (0.00)
[27/294]	11.371 (17.479)	0.00 (0.00)
[28/294]	12.049 (17.292)	0.00 (0.00)
[29/294]	9.116 (17.019)	0.00 (0.00)
[30/294]	8.905 (16.758)	0.00 (0.00)
[31/294]	8.460 (16.498)	0.00 (0.00)
[32/294]	8.622 (16.260)	5.00 (0.15)
[33/294]	7.098 (15.990)	10.00 (0.44)
[34/294]	5.237 (15.683)	25.00 (1.14)
[35/294]	4.778 (15.380)	35.00 (2.08)
[36/294]	4.472 (15.085)	45.00 (3.24)
[37/294]	4.408 (14.804)	40.00 (4.21)
[38/294]	4.395 (14.537)	35.00 (5.00)
[39/294]	5.025 (14.300)	20.00 (5.38)
[40/294]	2.222 (14.005)	55.00 (6.59)
[41/294]	3.143 (13.746)	40.00 (7.38)
[42/294]	1.871 (13.470)	65.00 (8.72)
[43/294]	1.766 (13.204)	60.00 (9.89)
[44/294]	1.663 (12.948)	70.00 (11.22)
[45/294]	1.265 (12.694)	80.00 (12.72)
[46/294]	1.245 (12.450)	80.00 (14.15)
[47/294]	1.214 (12.216)	85.00 (15.62)
[48/294]	1.139 (11.990)	75.00 (16.84)
[49/294]	0.818 (11.767)	95.00 (18.40)
[50/294]	0.697 (11.549)	95.00 (19.90)
[51/294]	0.844 (11.344)	85.00 (21.15)
[52/294]	1.322 (11.155)	55.00 (21.79)
[53/294]	0.909 (10.965)	75.00 (22.78)
[54/294]	0.645 (10.777)	85.00 (23.91)
[55/294]	1.199 (10.606)	70.00 (24.73)
[56/294]	0.501 (10.429)	90.00 (25.88)
[57/294]	0.492 (10.258)	90.00 (26.98)
[58/294]	0.453 (10.091)	95.00 (28.14)
[59/294]	0.399 (9.930)	90.00 (29.17)
[60/294]	0.478 (9.775)	90.00 (30.16)
[61/294]	0.549 (9.626)	85.00 (31.05)
[62/294]	0.521 (9.482)	80.00 (31.83)
[63/294]	0.562 (9.342)	80.00 (32.58)
[64/294]	0.290 (9.203)	95.00 (33.54)
[65/294]	0.511 (9.071)	85.00 (34.32)
[66/294]	0.478 (8.943)	90.00 (35.15)
[67/294]	0.261 (8.815)	90.00 (35.96)
[68/294]	0.687 (8.697)	70.00 (36.45)
[69/294]	0.355 (8.578)	90.00 (37.21)
[70/294]	0.229 (8.461)	100.00 (38.10)
[71/294]	0.391 (8.349)	85.00 (38.75)
[72/294]	0.458 (8.241)	75.00 (39.25)
[73/294]	0.373 (8.134)	90.00 (39.93)
[74/294]	0.249 (8.029)	95.00 (40.67)
[75/294]	0.139 (7.925)	100.00 (41.45)
[76/294]	0.332 (7.827)	80.00 (41.95)
[77/294]	0.210 (7.729)	95.00 (42.63)
[78/294]	0.322 (7.635)	90.00 (43.23)
[79/294]	0.561 (7.547)	70.00 (43.56)
[80/294]	0.154 (7.456)	100.00 (44.26)
[81/294]	0.268 (7.368)	90.00 (44.82)
[82/294]	0.148 (7.281)	100.00 (45.48)
[83/294]	0.292 (7.198)	90.00 (46.01)
[84/294]	0.261 (7.116)	90.00 (46.53)
[85/294]	0.204 (7.036)	95.00 (47.09)
[86/294]	0.177 (6.957)	90.00 (47.59)
[87/294]	0.216 (6.880)	90.00 (48.07)
[88/294]	0.174 (6.805)	95.00 (48.60)
[89/294]	0.390 (6.734)	90.00 (49.06)
[90/294]	0.197 (6.662)	95.00 (49.56)
[91/294]	0.168 (6.591)	95.00 (50.05)
[92/294]	0.165 (6.522)	95.00 (50.54)
[93/294]	0.243 (6.455)	95.00 (51.01)
[94/294]	0.261 (6.390)	95.00 (51.47)
[95/294]	0.075 (6.324)	100.00 (51.98)
[96/294]	0.330 (6.263)	90.00 (52.37)
[97/294]	0.238 (6.201)	95.00 (52.81)
[98/294]	0.082 (6.139)	100.00 (53.28)
[99/294]	0.141 (6.079)	95.00 (53.70)
[100/294]	0.174 (6.021)	90.00 (54.06)
[101/294]	0.128 (5.963)	100.00 (54.51)
[102/294]	0.106 (5.906)	100.00 (54.95)
[103/294]	0.220 (5.851)	95.00 (55.34)
[104/294]	0.085 (5.797)	95.00 (55.71)
[105/294]	0.101 (5.743)	100.00 (56.13)
[106/294]	0.098 (5.690)	95.00 (56.50)
[107/294]	0.129 (5.639)	95.00 (56.85)
[108/294]	0.221 (5.589)	90.00 (57.16)
[109/294]	0.059 (5.539)	100.00 (57.55)
[110/294]	0.135 (5.490)	95.00 (57.88)
[111/294]	0.211 (5.443)	90.00 (58.17)
[112/294]	0.154 (5.396)	95.00 (58.50)
[113/294]	0.116 (5.350)	100.00 (58.86)
[114/294]	0.252 (5.305)	90.00 (59.13)
[115/294]	0.087 (5.260)	100.00 (59.48)
[116/294]	0.201 (5.217)	90.00 (59.74)
[117/294]	0.097 (5.174)	100.00 (60.08)
[118/294]	0.129 (5.131)	95.00 (60.38)
[119/294]	0.218 (5.090)	95.00 (60.67)
[120/294]	0.210 (5.050)	90.00 (60.91)
[121/294]	0.084 (5.009)	100.00 (61.23)
[122/294]	0.148 (4.970)	95.00 (61.50)
[123/294]	0.256 (4.932)	90.00 (61.73)
[124/294]	0.104 (4.893)	95.00 (62.00)
[125/294]	0.188 (4.856)	95.00 (62.26)
[126/294]	0.232 (4.819)	95.00 (62.52)
[127/294]	0.121 (4.783)	100.00 (62.81)
[128/294]	0.065 (4.746)	100.00 (63.10)
[129/294]	0.097 (4.710)	100.00 (63.38)
[130/294]	0.216 (4.676)	90.00 (63.59)
[131/294]	0.115 (4.642)	95.00 (63.83)
[132/294]	0.111 (4.607)	100.00 (64.10)
[133/294]	0.157 (4.574)	95.00 (64.33)
[134/294]	0.193 (4.542)	90.00 (64.52)
[135/294]	0.215 (4.510)	90.00 (64.71)
[136/294]	0.104 (4.478)	95.00 (64.93)
[137/294]	0.162 (4.447)	95.00 (65.14)
[138/294]	0.166 (4.416)	95.00 (65.36)
[139/294]	0.079 (4.385)	95.00 (65.57)
[140/294]	0.132 (4.355)	100.00 (65.82)
[141/294]	0.132 (4.325)	95.00 (66.02)
[142/294]	0.157 (4.296)	90.00 (66.19)
[143/294]	0.051 (4.266)	100.00 (66.42)
[144/294]	0.037 (4.237)	100.00 (66.66)
[145/294]	0.110 (4.209)	100.00 (66.88)
[146/294]	0.120 (4.181)	95.00 (67.07)
[147/294]	0.169 (4.154)	95.00 (67.26)
[148/294]	0.097 (4.127)	100.00 (67.48)
[149/294]	0.115 (4.100)	95.00 (67.67)
[150/294]	0.234 (4.074)	90.00 (67.81)
[151/294]	0.022 (4.048)	100.00 (68.03)
[152/294]	0.167 (4.022)	95.00 (68.20)
[153/294]	0.184 (3.997)	90.00 (68.34)
[154/294]	0.110 (3.972)	95.00 (68.52)
[155/294]	0.054 (3.947)	100.00 (68.72)
[156/294]	0.085 (3.923)	95.00 (68.89)
[157/294]	0.068 (3.898)	100.00 (69.08)
[158/294]	0.053 (3.874)	100.00 (69.28)
[159/294]	0.134 (3.851)	95.00 (69.44)
[160/294]	0.063 (3.827)	100.00 (69.63)
[161/294]	0.028 (3.804)	100.00 (69.81)
[162/294]	0.172 (3.781)	95.00 (69.97)
[163/294]	0.087 (3.759)	95.00 (70.12)
[164/294]	0.053 (3.736)	100.00 (70.30)
[165/294]	0.202 (3.715)	85.00 (70.39)
[166/294]	0.100 (3.693)	95.00 (70.54)
[167/294]	0.201 (3.673)	85.00 (70.62)
[168/294]	0.082 (3.651)	95.00 (70.77)
[169/294]	0.241 (3.631)	90.00 (70.88)
[170/294]	0.200 (3.611)	90.00 (70.99)
[171/294]	0.055 (3.591)	100.00 (71.16)
[172/294]	0.052 (3.570)	100.00 (71.33)
[173/294]	0.051 (3.550)	100.00 (71.49)
[174/294]	0.301 (3.531)	90.00 (71.60)
[175/294]	0.116 (3.512)	95.00 (71.73)
[176/294]	0.109 (3.493)	95.00 (71.86)
[177/294]	0.199 (3.474)	85.00 (71.94)
[178/294]	0.096 (3.455)	100.00 (72.09)
[179/294]	0.072 (3.437)	100.00 (72.25)
[180/294]	0.032 (3.418)	100.00 (72.40)
[181/294]	0.031 (3.399)	100.00 (72.55)
[182/294]	0.212 (3.382)	80.00 (72.60)
[183/294]	0.265 (3.365)	85.00 (72.66)
[184/294]	0.190 (3.348)	90.00 (72.76)
[185/294]	0.170 (3.331)	95.00 (72.88)
[186/294]	0.262 (3.314)	95.00 (72.99)
[187/294]	0.033 (3.297)	100.00 (73.14)
[188/294]	0.071 (3.280)	95.00 (73.25)
[189/294]	0.199 (3.263)	90.00 (73.34)
[190/294]	0.087 (3.247)	100.00 (73.48)
[191/294]	0.189 (3.231)	95.00 (73.59)
[192/294]	0.038 (3.214)	100.00 (73.73)
[193/294]	0.297 (3.199)	80.00 (73.76)
[194/294]	0.110 (3.183)	90.00 (73.85)
[195/294]	0.049 (3.167)	100.00 (73.98)
[196/294]	0.027 (3.151)	100.00 (74.11)
[197/294]	0.084 (3.136)	100.00 (74.24)
[198/294]	0.133 (3.121)	100.00 (74.37)
[199/294]	0.075 (3.106)	100.00 (74.50)
[200/294]	0.128 (3.091)	95.00 (74.60)
[201/294]	0.099 (3.076)	95.00 (74.70)
[202/294]	0.068 (3.061)	100.00 (74.83)
[203/294]	0.179 (3.047)	90.00 (74.90)
[204/294]	0.272 (3.034)	85.00 (74.95)
[205/294]	0.031 (3.019)	100.00 (75.07)
[206/294]	0.665 (3.008)	75.00 (75.07)
[207/294]	0.043 (2.993)	100.00 (75.19)
[208/294]	0.093 (2.979)	100.00 (75.31)
[209/294]	0.054 (2.966)	100.00 (75.43)
[210/294]	0.312 (2.953)	80.00 (75.45)
[211/294]	0.245 (2.940)	90.00 (75.52)
[212/294]	0.168 (2.927)	90.00 (75.59)
[213/294]	0.103 (2.914)	95.00 (75.68)
[214/294]	0.046 (2.901)	100.00 (75.79)
[215/294]	0.084 (2.888)	95.00 (75.88)
[216/294]	0.144 (2.875)	95.00 (75.97)
[217/294]	0.092 (2.862)	100.00 (76.08)
[218/294]	0.070 (2.849)	100.00 (76.19)
[219/294]	0.222 (2.838)	85.00 (76.23)
[220/294]	0.095 (2.825)	95.00 (76.31)
[221/294]	0.299 (2.814)	85.00 (76.35)
[222/294]	0.051 (2.801)	100.00 (76.46)
[223/294]	0.092 (2.789)	95.00 (76.54)
[224/294]	0.055 (2.777)	100.00 (76.64)
[225/294]	0.091 (2.765)	100.00 (76.75)
[226/294]	0.089 (2.753)	95.00 (76.83)
[227/294]	0.032 (2.741)	100.00 (76.93)
[228/294]	0.144 (2.730)	90.00 (76.99)
[229/294]	0.124 (2.719)	95.00 (77.07)
[230/294]	0.009 (2.707)	100.00 (77.16)
[231/294]	0.037 (2.696)	100.00 (77.26)
[232/294]	0.055 (2.684)	100.00 (77.36)
[233/294]	0.182 (2.674)	90.00 (77.41)
[234/294]	0.146 (2.663)	90.00 (77.47)
[235/294]	0.067 (2.652)	100.00 (77.56)
[236/294]	0.092 (2.641)	95.00 (77.64)
[237/294]	0.040 (2.630)	100.00 (77.73)
[238/294]	0.095 (2.619)	95.00 (77.80)
[239/294]	0.200 (2.609)	90.00 (77.85)
[240/294]	0.129 (2.599)	95.00 (77.93)
[241/294]	0.061 (2.589)	100.00 (78.02)
[242/294]	0.032 (2.578)	100.00 (78.11)
[243/294]	0.060 (2.568)	100.00 (78.20)
[244/294]	0.071 (2.558)	100.00 (78.29)
[245/294]	0.062 (2.547)	100.00 (78.37)
[246/294]	0.137 (2.538)	95.00 (78.44)
[247/294]	0.077 (2.528)	100.00 (78.53)
[248/294]	0.075 (2.518)	100.00 (78.61)
[249/294]	0.100 (2.508)	95.00 (78.68)
[250/294]	0.057 (2.498)	100.00 (78.76)
[251/294]	0.194 (2.489)	90.00 (78.81)
[252/294]	0.064 (2.480)	100.00 (78.89)
[253/294]	0.104 (2.470)	100.00 (78.98)
[254/294]	0.142 (2.461)	90.00 (79.02)
[255/294]	0.111 (2.452)	95.00 (79.08)
[256/294]	0.119 (2.443)	95.00 (79.14)
[257/294]	0.086 (2.434)	100.00 (79.22)
[258/294]	0.145 (2.425)	95.00 (79.29)
[259/294]	0.147 (2.416)	90.00 (79.33)
[260/294]	0.106 (2.407)	95.00 (79.39)
[261/294]	0.146 (2.399)	95.00 (79.45)
[262/294]	0.171 (2.390)	95.00 (79.51)
[263/294]	0.018 (2.381)	100.00 (79.58)
[264/294]	0.033 (2.372)	100.00 (79.66)
[265/294]	0.042 (2.364)	100.00 (79.74)
[266/294]	0.028 (2.355)	100.00 (79.81)
[267/294]	0.159 (2.347)	90.00 (79.85)
[268/294]	0.104 (2.338)	95.00 (79.91)
[269/294]	0.090 (2.330)	95.00 (79.96)
[270/294]	0.105 (2.322)	100.00 (80.04)
[271/294]	0.037 (2.313)	100.00 (80.11)
[272/294]	0.073 (2.305)	95.00 (80.16)
[273/294]	0.106 (2.297)	95.00 (80.22)
[274/294]	0.144 (2.289)	95.00 (80.27)
[275/294]	0.239 (2.282)	85.00 (80.29)
[276/294]	0.069 (2.274)	100.00 (80.36)
[277/294]	0.047 (2.266)	100.00 (80.43)
[278/294]	0.053 (2.258)	100.00 (80.50)
[279/294]	0.085 (2.250)	95.00 (80.55)
[280/294]	0.138 (2.243)	90.00 (80.59)
[281/294]	0.138 (2.235)	95.00 (80.64)
[282/294]	0.104 (2.228)	100.00 (80.71)
[283/294]	0.045 (2.220)	100.00 (80.77)
[284/294]	0.068 (2.213)	100.00 (80.84)
[285/294]	0.130 (2.205)	95.00 (80.89)
[286/294]	0.150 (2.198)	95.00 (80.94)
[287/294]	0.058 (2.191)	100.00 (81.01)
[288/294]	0.069 (2.183)	100.00 (81.07)
[289/294]	0.102 (2.176)	95.00 (81.12)
[290/294]	0.162 (2.169)	90.00 (81.15)
[291/294]	0.042 (2.162)	100.00 (81.22)
[292/294]	0.160 (2.155)	90.00 (81.25)
[293/294]	0.093 (2.148)	95.00 (81.29)
 * Train Acc: 81.293
 * Avg. Data time: 0.847, Avg. Batch time: 0.887, Avg. Forward time: 0.004, Avg. Backward time: 0.029
Computing MAS
 * Val Acc: 22.680, Time: 58.12
 * Test Acc: 23.358, Time: 167.70
=============Training Task 5=============
Active output nodes for this task: 
[0, 1, 2, 3, 4, 5, 6, 7, 8, 9, 10, 11]
=============Training Epoch 0=============
#reg terms:  1
Batch	 Loss		 Acc
