=============Stream Learning Run 0=============
Changing output layer to contain 12 classes
============BEGINNING STREAM LEARNING============
=============Training Task 0=============
Active output nodes for this task: 
[0, 1]
=============Training Epoch 0=============
Batch	 Loss		 Acc
[0/294]	1.883 (1.883)	45.00 (45.00)
[1/294]	1.393 (1.638)	45.00 (45.00)
[2/294]	1.360 (1.545)	50.00 (46.67)
[3/294]	1.243 (1.470)	50.00 (47.50)
[4/294]	1.046 (1.385)	35.00 (45.00)
[5/294]	0.909 (1.306)	50.00 (45.83)
[6/294]	0.658 (1.213)	55.00 (47.14)
[7/294]	0.796 (1.161)	55.00 (48.12)
[8/294]	0.581 (1.096)	70.00 (50.56)
[9/294]	0.576 (1.044)	75.00 (53.00)
[10/294]	0.860 (1.028)	40.00 (51.82)
[11/294]	0.904 (1.017)	20.00 (49.17)
[12/294]	0.717 (0.994)	60.00 (50.00)
[13/294]	0.718 (0.975)	65.00 (51.07)
[14/294]	1.198 (0.989)	30.00 (49.67)
[15/294]	1.080 (0.995)	30.00 (48.44)
[16/294]	0.879 (0.988)	30.00 (47.35)
[17/294]	0.786 (0.977)	50.00 (47.50)
[18/294]	0.787 (0.967)	55.00 (47.89)
[19/294]	0.865 (0.962)	45.00 (47.75)
[20/294]	0.771 (0.953)	35.00 (47.14)
[21/294]	0.920 (0.951)	60.00 (47.73)
[22/294]	0.890 (0.949)	40.00 (47.39)
[23/294]	0.757 (0.941)	40.00 (47.08)
[24/294]	0.658 (0.929)	75.00 (48.20)
[25/294]	0.663 (0.919)	65.00 (48.85)
[26/294]	0.758 (0.913)	45.00 (48.70)
[27/294]	0.952 (0.915)	45.00 (48.57)
[28/294]	0.616 (0.904)	60.00 (48.97)
[29/294]	0.502 (0.891)	75.00 (49.83)
[30/294]	0.509 (0.879)	85.00 (50.97)
[31/294]	0.973 (0.881)	10.00 (49.69)
[32/294]	0.768 (0.878)	60.00 (50.00)
[33/294]	0.601 (0.870)	80.00 (50.88)
[34/294]	0.658 (0.864)	65.00 (51.29)
[35/294]	0.502 (0.854)	75.00 (51.94)
[36/294]	0.671 (0.849)	55.00 (52.03)
[37/294]	0.812 (0.848)	35.00 (51.58)
[38/294]	0.559 (0.840)	70.00 (52.05)
[39/294]	0.636 (0.835)	60.00 (52.25)
[40/294]	0.746 (0.833)	40.00 (51.95)
[41/294]	0.706 (0.830)	60.00 (52.14)
[42/294]	0.632 (0.826)	65.00 (52.44)
[43/294]	0.660 (0.822)	50.00 (52.39)
[44/294]	0.957 (0.825)	50.00 (52.33)
[45/294]	0.507 (0.818)	80.00 (52.93)
[46/294]	0.699 (0.815)	55.00 (52.98)
[47/294]	0.892 (0.817)	40.00 (52.71)
[48/294]	0.790 (0.816)	55.00 (52.76)
[49/294]	0.613 (0.812)	65.00 (53.00)
[50/294]	0.659 (0.809)	55.00 (53.04)
[51/294]	0.588 (0.805)	75.00 (53.46)
[52/294]	0.561 (0.800)	85.00 (54.06)
[53/294]	0.514 (0.795)	85.00 (54.63)
[54/294]	0.451 (0.789)	85.00 (55.18)
[55/294]	0.770 (0.788)	50.00 (55.09)
[56/294]	0.489 (0.783)	80.00 (55.53)
[57/294]	0.464 (0.778)	80.00 (55.95)
[58/294]	0.688 (0.776)	65.00 (56.10)
[59/294]	0.505 (0.772)	60.00 (56.17)
[60/294]	0.600 (0.769)	65.00 (56.31)
[61/294]	0.781 (0.769)	50.00 (56.21)
[62/294]	0.793 (0.769)	50.00 (56.11)
[63/294]	0.609 (0.767)	55.00 (56.09)
[64/294]	0.646 (0.765)	50.00 (56.00)
[65/294]	0.687 (0.764)	60.00 (56.06)
[66/294]	0.469 (0.759)	80.00 (56.42)
[67/294]	0.605 (0.757)	65.00 (56.54)
[68/294]	0.635 (0.755)	60.00 (56.59)
[69/294]	0.720 (0.755)	40.00 (56.36)
[70/294]	0.599 (0.753)	85.00 (56.76)
[71/294]	0.435 (0.748)	90.00 (57.22)
[72/294]	0.446 (0.744)	90.00 (57.67)
[73/294]	0.432 (0.740)	100.00 (58.24)
[74/294]	0.427 (0.736)	90.00 (58.67)
[75/294]	0.500 (0.733)	80.00 (58.95)
[76/294]	0.608 (0.731)	65.00 (59.03)
[77/294]	0.444 (0.727)	90.00 (59.42)
[78/294]	0.427 (0.724)	85.00 (59.75)
[79/294]	0.430 (0.720)	85.00 (60.06)
[80/294]	0.612 (0.719)	75.00 (60.25)
[81/294]	0.472 (0.716)	85.00 (60.55)
[82/294]	0.494 (0.713)	80.00 (60.78)
[83/294]	0.521 (0.711)	70.00 (60.89)
[84/294]	0.602 (0.709)	60.00 (60.88)
[85/294]	0.487 (0.707)	85.00 (61.16)
[86/294]	0.391 (0.703)	95.00 (61.55)
[87/294]	0.542 (0.701)	75.00 (61.70)
[88/294]	0.344 (0.697)	95.00 (62.08)
[89/294]	0.316 (0.693)	95.00 (62.44)
[90/294]	0.268 (0.688)	95.00 (62.80)
[91/294]	0.558 (0.687)	85.00 (63.04)
[92/294]	0.519 (0.685)	85.00 (63.28)
[93/294]	0.615 (0.684)	70.00 (63.35)
[94/294]	0.629 (0.684)	60.00 (63.32)
[95/294]	0.353 (0.680)	90.00 (63.59)
[96/294]	0.454 (0.678)	85.00 (63.81)
[97/294]	0.402 (0.675)	90.00 (64.08)
[98/294]	0.342 (0.672)	100.00 (64.44)
[99/294]	0.501 (0.670)	70.00 (64.50)
[100/294]	0.673 (0.670)	55.00 (64.41)
[101/294]	0.465 (0.668)	60.00 (64.36)
[102/294]	0.582 (0.667)	60.00 (64.32)
[103/294]	0.560 (0.666)	80.00 (64.47)
[104/294]	0.584 (0.666)	75.00 (64.57)
[105/294]	0.191 (0.661)	100.00 (64.91)
[106/294]	0.196 (0.657)	100.00 (65.23)
[107/294]	0.334 (0.654)	95.00 (65.51)
[108/294]	0.342 (0.651)	95.00 (65.78)
[109/294]	0.554 (0.650)	65.00 (65.77)
[110/294]	0.744 (0.651)	50.00 (65.63)
[111/294]	0.831 (0.652)	50.00 (65.49)
[112/294]	0.462 (0.651)	85.00 (65.66)
[113/294]	0.598 (0.650)	75.00 (65.75)
[114/294]	0.574 (0.650)	65.00 (65.74)
[115/294]	0.369 (0.647)	100.00 (66.03)
[116/294]	0.622 (0.647)	65.00 (66.03)
[117/294]	0.571 (0.646)	75.00 (66.10)
[118/294]	0.414 (0.644)	85.00 (66.26)
[119/294]	0.571 (0.644)	75.00 (66.33)
[120/294]	0.388 (0.642)	75.00 (66.40)
[121/294]	0.248 (0.638)	100.00 (66.68)
[122/294]	0.435 (0.637)	90.00 (66.87)
[123/294]	0.640 (0.637)	60.00 (66.81)
[124/294]	0.697 (0.637)	35.00 (66.56)
[125/294]	0.359 (0.635)	90.00 (66.75)
[126/294]	0.600 (0.635)	75.00 (66.81)
[127/294]	0.388 (0.633)	85.00 (66.95)
[128/294]	0.349 (0.631)	95.00 (67.17)
[129/294]	0.411 (0.629)	95.00 (67.38)
[130/294]	0.297 (0.626)	100.00 (67.63)
[131/294]	0.273 (0.624)	95.00 (67.84)
[132/294]	0.461 (0.623)	80.00 (67.93)
[133/294]	0.307 (0.620)	100.00 (68.17)
[134/294]	0.359 (0.618)	95.00 (68.37)
[135/294]	0.399 (0.617)	80.00 (68.46)
[136/294]	0.237 (0.614)	100.00 (68.69)
[137/294]	0.240 (0.611)	100.00 (68.91)
[138/294]	0.330 (0.609)	95.00 (69.10)
[139/294]	0.241 (0.607)	100.00 (69.32)
[140/294]	0.304 (0.604)	95.00 (69.50)
[141/294]	0.336 (0.603)	95.00 (69.68)
[142/294]	0.326 (0.601)	90.00 (69.83)
[143/294]	0.236 (0.598)	95.00 (70.00)
[144/294]	0.489 (0.597)	90.00 (70.14)
[145/294]	0.561 (0.597)	80.00 (70.21)
[146/294]	0.489 (0.596)	75.00 (70.24)
[147/294]	0.427 (0.595)	80.00 (70.30)
[148/294]	0.439 (0.594)	85.00 (70.40)
[149/294]	0.220 (0.592)	95.00 (70.57)
[150/294]	0.229 (0.589)	100.00 (70.76)
[151/294]	0.378 (0.588)	85.00 (70.86)
[152/294]	0.380 (0.586)	95.00 (71.01)
[153/294]	0.319 (0.585)	85.00 (71.10)
[154/294]	0.762 (0.586)	40.00 (70.90)
[155/294]	0.395 (0.585)	85.00 (70.99)
[156/294]	0.319 (0.583)	90.00 (71.11)
[157/294]	0.534 (0.583)	65.00 (71.08)
[158/294]	0.424 (0.582)	90.00 (71.19)
[159/294]	0.491 (0.581)	80.00 (71.25)
[160/294]	0.478 (0.580)	75.00 (71.27)
[161/294]	0.334 (0.579)	75.00 (71.30)
[162/294]	0.313 (0.577)	95.00 (71.44)
[163/294]	0.342 (0.576)	95.00 (71.59)
[164/294]	0.300 (0.574)	85.00 (71.67)
[165/294]	0.382 (0.573)	80.00 (71.72)
[166/294]	0.356 (0.572)	95.00 (71.86)
[167/294]	0.430 (0.571)	90.00 (71.96)
[168/294]	0.500 (0.570)	80.00 (72.01)
[169/294]	0.300 (0.569)	90.00 (72.12)
[170/294]	0.352 (0.568)	85.00 (72.19)
[171/294]	0.425 (0.567)	85.00 (72.27)
[172/294]	0.142 (0.564)	100.00 (72.43)
[173/294]	0.317 (0.563)	90.00 (72.53)
[174/294]	0.485 (0.562)	80.00 (72.57)
[175/294]	0.390 (0.561)	75.00 (72.59)
[176/294]	0.351 (0.560)	85.00 (72.66)
[177/294]	0.397 (0.559)	80.00 (72.70)
[178/294]	0.483 (0.559)	75.00 (72.71)
[179/294]	0.419 (0.558)	95.00 (72.83)
[180/294]	0.427 (0.557)	90.00 (72.93)
[181/294]	0.300 (0.556)	90.00 (73.02)
[182/294]	0.129 (0.554)	100.00 (73.17)
[183/294]	0.123 (0.551)	100.00 (73.32)
[184/294]	0.180 (0.549)	100.00 (73.46)
[185/294]	0.441 (0.549)	90.00 (73.55)
[186/294]	0.450 (0.548)	70.00 (73.53)
[187/294]	0.473 (0.548)	80.00 (73.56)
[188/294]	0.634 (0.548)	70.00 (73.54)
[189/294]	0.362 (0.547)	85.00 (73.61)
[190/294]	0.262 (0.546)	95.00 (73.72)
[191/294]	0.277 (0.544)	90.00 (73.80)
[192/294]	0.248 (0.543)	95.00 (73.91)
[193/294]	0.274 (0.542)	100.00 (74.05)
[194/294]	0.366 (0.541)	85.00 (74.10)
[195/294]	0.300 (0.539)	90.00 (74.18)
[196/294]	0.157 (0.537)	100.00 (74.31)
[197/294]	0.471 (0.537)	75.00 (74.32)
[198/294]	0.573 (0.537)	60.00 (74.25)
[199/294]	0.104 (0.535)	100.00 (74.38)
[200/294]	0.207 (0.533)	100.00 (74.50)
[201/294]	0.196 (0.532)	95.00 (74.60)
[202/294]	0.206 (0.530)	100.00 (74.73)
[203/294]	0.251 (0.529)	95.00 (74.83)
[204/294]	0.348 (0.528)	90.00 (74.90)
[205/294]	0.297 (0.527)	100.00 (75.02)
[206/294]	0.088 (0.525)	100.00 (75.14)
[207/294]	0.203 (0.523)	95.00 (75.24)
[208/294]	0.214 (0.522)	95.00 (75.33)
[209/294]	0.706 (0.523)	70.00 (75.31)
[210/294]	0.238 (0.521)	95.00 (75.40)
[211/294]	0.298 (0.520)	90.00 (75.47)
[212/294]	0.243 (0.519)	95.00 (75.56)
[213/294]	0.185 (0.517)	95.00 (75.65)
[214/294]	0.218 (0.516)	100.00 (75.77)
[215/294]	0.230 (0.515)	100.00 (75.88)
[216/294]	0.156 (0.513)	100.00 (75.99)
[217/294]	0.470 (0.513)	80.00 (76.01)
[218/294]	0.347 (0.512)	85.00 (76.05)
[219/294]	0.238 (0.511)	95.00 (76.14)
[220/294]	0.322 (0.510)	80.00 (76.15)
[221/294]	0.298 (0.509)	90.00 (76.22)
[222/294]	0.433 (0.509)	80.00 (76.23)
[223/294]	0.381 (0.508)	90.00 (76.29)
[224/294]	0.349 (0.507)	80.00 (76.31)
[225/294]	0.478 (0.507)	75.00 (76.31)
[226/294]	0.492 (0.507)	75.00 (76.30)
[227/294]	0.492 (0.507)	85.00 (76.34)
[228/294]	0.565 (0.507)	70.00 (76.31)
[229/294]	0.194 (0.506)	95.00 (76.39)
[230/294]	0.015 (0.504)	100.00 (76.49)
[231/294]	0.377 (0.503)	90.00 (76.55)
[232/294]	0.322 (0.502)	85.00 (76.59)
[233/294]	0.178 (0.501)	100.00 (76.69)
[234/294]	0.224 (0.500)	100.00 (76.79)
[235/294]	0.313 (0.499)	90.00 (76.84)
[236/294]	0.344 (0.498)	80.00 (76.86)
[237/294]	0.335 (0.498)	90.00 (76.91)
[238/294]	0.118 (0.496)	100.00 (77.01)
[239/294]	0.101 (0.495)	100.00 (77.10)
[240/294]	0.183 (0.493)	100.00 (77.20)
[241/294]	0.180 (0.492)	100.00 (77.29)
[242/294]	0.252 (0.491)	90.00 (77.35)
[243/294]	0.245 (0.490)	85.00 (77.38)
[244/294]	0.470 (0.490)	80.00 (77.39)
[245/294]	0.436 (0.490)	80.00 (77.40)
[246/294]	0.307 (0.489)	90.00 (77.45)
[247/294]	0.285 (0.488)	90.00 (77.50)
[248/294]	0.108 (0.487)	100.00 (77.59)
[249/294]	0.087 (0.485)	100.00 (77.68)
[250/294]	0.179 (0.484)	95.00 (77.75)
[251/294]	0.390 (0.483)	90.00 (77.80)
[252/294]	0.168 (0.482)	100.00 (77.89)
[253/294]	0.210 (0.481)	95.00 (77.95)
[254/294]	0.270 (0.480)	90.00 (78.00)
[255/294]	0.507 (0.480)	70.00 (77.97)
[256/294]	0.163 (0.479)	100.00 (78.05)
[257/294]	0.130 (0.478)	100.00 (78.14)
[258/294]	0.101 (0.476)	100.00 (78.22)
[259/294]	0.061 (0.475)	100.00 (78.31)
[260/294]	0.047 (0.473)	100.00 (78.39)
[261/294]	0.048 (0.471)	100.00 (78.47)
[262/294]	0.125 (0.470)	100.00 (78.56)
[263/294]	0.255 (0.469)	100.00 (78.64)
[264/294]	0.352 (0.469)	90.00 (78.68)
[265/294]	0.446 (0.469)	75.00 (78.67)
[266/294]	0.201 (0.468)	90.00 (78.71)
[267/294]	0.225 (0.467)	90.00 (78.75)
[268/294]	0.295 (0.466)	90.00 (78.79)
[269/294]	0.184 (0.465)	95.00 (78.85)
[270/294]	0.219 (0.464)	100.00 (78.93)
[271/294]	0.289 (0.464)	85.00 (78.95)
[272/294]	0.462 (0.464)	85.00 (78.97)
[273/294]	0.112 (0.462)	95.00 (79.03)
[274/294]	0.271 (0.462)	90.00 (79.07)
[275/294]	0.269 (0.461)	90.00 (79.11)
[276/294]	0.297 (0.460)	100.00 (79.19)
[277/294]	0.235 (0.460)	100.00 (79.26)
[278/294]	0.286 (0.459)	85.00 (79.28)
[279/294]	0.439 (0.459)	70.00 (79.25)
[280/294]	0.066 (0.457)	100.00 (79.32)
[281/294]	0.195 (0.457)	90.00 (79.36)
[282/294]	0.257 (0.456)	95.00 (79.42)
[283/294]	0.359 (0.455)	80.00 (79.42)
[284/294]	0.185 (0.455)	95.00 (79.47)
[285/294]	0.175 (0.454)	100.00 (79.55)
[286/294]	0.209 (0.453)	90.00 (79.58)
[287/294]	0.134 (0.452)	100.00 (79.65)
[288/294]	0.200 (0.451)	95.00 (79.71)
[289/294]	0.185 (0.450)	100.00 (79.78)
[290/294]	0.076 (0.449)	95.00 (79.83)
[291/294]	0.042 (0.447)	100.00 (79.90)
[292/294]	0.113 (0.446)	100.00 (79.97)
[293/294]	0.136 (0.445)	95.00 (80.02)
 * Train Acc: 80.017
 * Avg. Data time: 4.087, Avg. Batch time: 4.118, Avg. Forward time: 0.004, Avg. Backward time: 0.018
Constructing exemplars for class 0
Constructing exemplars for class 1
 * Test Acc: 94.960, Time: 613.36
=============Training Task 1=============
Active output nodes for this task: 
[0, 1, 2, 3]
=============Training Epoch 0=============
Getting replay labels
Batch	 Loss		 Acc
[0/294]	0.251 (2.981)	0.00 (0.00)
[1/294]	0.250 (3.034)	10.00 (5.00)
[2/294]	0.254 (3.014)	5.00 (5.00)
[3/294]	0.172 (2.810)	0.00 (3.75)
[4/294]	0.229 (2.553)	25.00 (8.00)
[5/294]	0.171 (2.374)	30.00 (11.67)
[6/294]	0.338 (2.294)	10.00 (11.43)
[7/294]	0.234 (2.162)	50.00 (16.25)
[8/294]	0.218 (2.060)	45.00 (19.44)
[9/294]	0.344 (1.969)	50.00 (22.50)
[10/294]	0.383 (1.880)	55.00 (25.45)
[11/294]	0.264 (1.815)	45.00 (27.08)
[12/294]	0.303 (1.746)	55.00 (29.23)
[13/294]	0.320 (1.666)	75.00 (32.50)
 * Train Acc: 32.500
 * Avg. Data time: 6.755, Avg. Batch time: 6.799, Avg. Train-batch time: 0.022, Avg. Replay-batch time: 0.021
Constructing exemplars for class 2
Constructing exemplars for class 3
 * Test Acc: 51.845, Time: 1004.86
=============Training Task 2=============
Active output nodes for this task: 
[0, 1, 2, 3, 4, 5]
=============Training Epoch 0=============
Getting replay labels
Batch	 Loss		 Acc
[0/294]	0.207 (2.041)	5.00 (5.00)
[1/294]	0.248 (2.027)	0.00 (2.50)
[2/294]	0.290 (2.060)	5.00 (3.33)
[3/294]	0.199 (2.024)	10.00 (5.00)
[4/294]	0.192 (1.913)	30.00 (10.00)
[5/294]	0.195 (1.872)	20.00 (11.67)
[6/294]	0.247 (1.837)	5.00 (10.71)
[7/294]	0.287 (1.731)	65.00 (17.50)
[8/294]	0.360 (1.653)	50.00 (21.11)
[9/294]	0.298 (1.583)	50.00 (24.00)
[10/294]	0.227 (1.533)	50.00 (26.36)
[11/294]	0.247 (1.500)	10.00 (25.00)
[12/294]	0.316 (1.454)	40.00 (26.15)
[13/294]	0.386 (1.386)	85.00 (30.36)
[14/294]	0.364 (1.341)	60.00 (32.33)
[15/294]	0.224 (1.298)	75.00 (35.00)
[16/294]	0.287 (1.255)	75.00 (37.35)
[17/294]	0.291 (1.215)	95.00 (40.56)
[18/294]	0.234 (1.177)	85.00 (42.89)
[19/294]	0.242 (1.145)	75.00 (44.50)
 * Train Acc: 44.500
 * Avg. Data time: 3.291, Avg. Batch time: 3.342, Avg. Train-batch time: 0.022, Avg. Replay-batch time: 0.027
Constructing exemplars for class 4
Constructing exemplars for class 5
 * Test Acc: 34.720, Time: 2083.11
=============Training Task 3=============
Active output nodes for this task: 
[0, 1, 2, 3, 4, 5, 6, 7]
=============Training Epoch 0=============
Getting replay labels
Batch	 Loss		 Acc
[0/294]	0.348 (3.709)	0.00 (0.00)
[1/294]	0.344 (4.158)	0.00 (0.00)
[2/294]	0.298 (4.356)	0.00 (0.00)
[3/294]	0.379 (4.209)	0.00 (0.00)
[4/294]	0.314 (4.020)	0.00 (0.00)
[5/294]	0.370 (3.806)	0.00 (0.00)
[6/294]	0.367 (3.615)	0.00 (0.00)
[7/294]	0.343 (3.478)	0.00 (0.00)
[8/294]	0.437 (3.317)	10.00 (1.11)
[9/294]	0.439 (3.174)	5.00 (1.50)
[10/294]	0.569 (3.043)	35.00 (4.55)
[11/294]	0.437 (2.913)	45.00 (7.92)
[12/294]	0.456 (2.789)	55.00 (11.54)
[13/294]	0.479 (2.680)	45.00 (13.93)
[14/294]	0.551 (2.582)	55.00 (16.67)
[15/294]	0.472 (2.477)	65.00 (19.69)
[16/294]	0.546 (2.381)	65.00 (22.35)
[17/294]	0.433 (2.297)	80.00 (25.56)
[18/294]	0.455 (2.239)	55.00 (27.11)
[19/294]	0.444 (2.176)	65.00 (29.00)
[20/294]	0.474 (2.110)	65.00 (30.71)
[21/294]	0.645 (2.050)	65.00 (32.27)
[22/294]	0.571 (1.987)	90.00 (34.78)
[23/294]	0.576 (1.926)	100.00 (37.50)
 * Train Acc: 37.500
 * Avg. Data time: 9.069, Avg. Batch time: 9.115, Avg. Train-batch time: 0.023, Avg. Replay-batch time: 0.022
Constructing exemplars for class 6
Constructing exemplars for class 7
 * Test Acc: 30.213, Time: 2245.90
=============Training Task 4=============
Active output nodes for this task: 
[0, 1, 2, 3, 4, 5, 6, 7, 8, 9]
=============Training Epoch 0=============
Getting replay labels
Batch	 Loss		 Acc
[0/294]	0.520 (3.387)	0.00 (0.00)
[1/294]	0.413 (3.373)	0.00 (0.00)
[2/294]	0.492 (3.262)	0.00 (0.00)
[3/294]	0.416 (3.152)	0.00 (0.00)
[4/294]	0.422 (3.087)	0.00 (0.00)
[5/294]	0.343 (3.012)	0.00 (0.00)
[6/294]	0.497 (2.901)	5.00 (0.71)
[7/294]	0.408 (2.857)	5.00 (1.25)
[8/294]	0.396 (2.764)	20.00 (3.33)
[9/294]	0.494 (2.670)	35.00 (6.50)
[10/294]	0.336 (2.600)	25.00 (8.18)
[11/294]	0.486 (2.535)	40.00 (10.83)
[12/294]	0.572 (2.473)	40.00 (13.08)
[13/294]	0.549 (2.413)	50.00 (15.71)
[14/294]	0.445 (2.349)	40.00 (17.33)
[15/294]	0.415 (2.300)	50.00 (19.38)
[16/294]	0.414 (2.266)	50.00 (21.18)
[17/294]	0.511 (2.196)	55.00 (23.06)
[18/294]	0.674 (2.134)	50.00 (24.47)
[19/294]	0.518 (2.078)	50.00 (25.75)
[20/294]	0.523 (2.029)	35.00 (26.19)
[21/294]	0.442 (1.981)	65.00 (27.95)
[22/294]	0.490 (1.926)	80.00 (30.22)
[23/294]	0.537 (1.872)	95.00 (32.92)
[24/294]	0.560 (1.831)	95.00 (35.40)
[25/294]	0.581 (1.791)	90.00 (37.50)
 * Train Acc: 37.500
 * Avg. Data time: 12.747, Avg. Batch time: 12.791, Avg. Train-batch time: 0.022, Avg. Replay-batch time: 0.021
Constructing exemplars for class 8
Constructing exemplars for class 9
 * Test Acc: 25.048, Time: 2727.92
=============Training Task 5=============
Active output nodes for this task: 
[0, 1, 2, 3, 4, 5, 6, 7, 8, 9, 10, 11]
=============Training Epoch 0=============
Getting replay labels
Batch	 Loss		 Acc
[0/294]	0.538 (3.157)	0.00 (0.00)
[1/294]	0.384 (3.034)	0.00 (0.00)
[2/294]	0.453 (3.009)	0.00 (0.00)
[3/294]	0.404 (3.029)	0.00 (0.00)
[4/294]	0.435 (3.010)	0.00 (0.00)
[5/294]	0.406 (2.979)	5.00 (0.83)
[6/294]	0.434 (2.932)	5.00 (1.43)
[7/294]	0.417 (2.839)	0.00 (1.25)
[8/294]	0.495 (2.778)	0.00 (1.11)
[9/294]	0.464 (2.730)	5.00 (1.50)
[10/294]	0.484 (2.654)	30.00 (4.09)
[11/294]	0.564 (2.568)	45.00 (7.50)
[12/294]	0.423 (2.492)	35.00 (9.62)
[13/294]	0.415 (2.425)	30.00 (11.07)
[14/294]	0.456 (2.361)	20.00 (11.67)
[15/294]	0.439 (2.281)	55.00 (14.38)
[16/294]	0.434 (2.200)	70.00 (17.65)
[17/294]	0.593 (2.124)	65.00 (20.28)
[18/294]	0.576 (2.070)	25.00 (20.53)
[19/294]	0.621 (2.022)	35.00 (21.25)
[20/294]	0.445 (1.984)	40.00 (22.14)
[21/294]	0.428 (1.939)	60.00 (23.86)
[22/294]	0.525 (1.893)	55.00 (25.22)
[23/294]	0.573 (1.852)	45.00 (26.04)
[24/294]	0.408 (1.817)	45.00 (26.80)
[25/294]	0.567 (1.775)	70.00 (28.46)
[26/294]	0.511 (1.735)	70.00 (30.00)
[27/294]	0.658 (1.705)	40.00 (30.36)
 * Train Acc: 30.357
 * Avg. Data time: 1.809, Avg. Batch time: 1.854, Avg. Train-batch time: 0.023, Avg. Replay-batch time: 0.021
Constructing exemplars for class 10
Constructing exemplars for class 11
 * Test Acc: 23.781, Time: 3536.73
=============Stream Learning Run 1=============
Changing output layer to contain 12 classes
============BEGINNING STREAM LEARNING============
=============Training Task 0=============
Active output nodes for this task: 
[0, 1]
=============Training Epoch 0=============
Batch	 Loss		 Acc
[0/294]	0.826 (0.826)	50.00 (50.00)
[1/294]	0.803 (0.815)	50.00 (50.00)
[2/294]	0.742 (0.790)	55.00 (51.67)
[3/294]	0.627 (0.750)	70.00 (56.25)
[4/294]	0.739 (0.747)	50.00 (55.00)
[5/294]	0.875 (0.769)	45.00 (53.33)
[6/294]	0.775 (0.770)	45.00 (52.14)
[7/294]	1.050 (0.805)	45.00 (51.25)
[8/294]	0.658 (0.788)	50.00 (51.11)
[9/294]	0.721 (0.782)	45.00 (50.50)
[10/294]	0.680 (0.772)	60.00 (51.36)
[11/294]	0.472 (0.747)	85.00 (54.17)
[12/294]	0.502 (0.729)	80.00 (56.15)
[13/294]	0.641 (0.722)	50.00 (55.71)
[14/294]	0.684 (0.720)	55.00 (55.67)
[15/294]	0.838 (0.727)	50.00 (55.31)
[16/294]	0.981 (0.742)	50.00 (55.00)
[17/294]	0.679 (0.739)	55.00 (55.00)
[18/294]	0.644 (0.734)	55.00 (55.00)
[19/294]	0.762 (0.735)	50.00 (54.75)
[20/294]	0.711 (0.734)	55.00 (54.76)
[21/294]	0.633 (0.729)	55.00 (54.77)
[22/294]	0.471 (0.718)	80.00 (55.87)
[23/294]	0.514 (0.710)	80.00 (56.88)
[24/294]	0.760 (0.712)	45.00 (56.40)
[25/294]	0.422 (0.700)	90.00 (57.69)
[26/294]	0.295 (0.685)	100.00 (59.26)
[27/294]	0.348 (0.673)	95.00 (60.54)
[28/294]	0.481 (0.667)	85.00 (61.38)
[29/294]	0.368 (0.657)	95.00 (62.50)
[30/294]	0.485 (0.651)	85.00 (63.23)
[31/294]	0.853 (0.658)	50.00 (62.81)
[32/294]	0.794 (0.662)	55.00 (62.58)
[33/294]	0.579 (0.659)	65.00 (62.65)
[34/294]	0.310 (0.649)	85.00 (63.29)
[35/294]	0.443 (0.644)	100.00 (64.31)
[36/294]	0.584 (0.642)	75.00 (64.59)
[37/294]	0.737 (0.644)	50.00 (64.21)
[38/294]	0.647 (0.644)	50.00 (63.85)
[39/294]	0.458 (0.640)	80.00 (64.25)
[40/294]	0.340 (0.633)	85.00 (64.76)
[41/294]	0.247 (0.623)	100.00 (65.60)
[42/294]	0.454 (0.619)	75.00 (65.81)
[43/294]	0.498 (0.617)	70.00 (65.91)
[44/294]	0.358 (0.611)	90.00 (66.44)
[45/294]	0.468 (0.608)	70.00 (66.52)
[46/294]	0.408 (0.604)	85.00 (66.91)
[47/294]	0.292 (0.597)	95.00 (67.50)
[48/294]	0.267 (0.590)	100.00 (68.16)
[49/294]	0.696 (0.592)	45.00 (67.70)
[50/294]	0.549 (0.592)	80.00 (67.94)
[51/294]	0.446 (0.589)	80.00 (68.17)
[52/294]	0.370 (0.585)	100.00 (68.77)
[53/294]	0.393 (0.581)	90.00 (69.17)
[54/294]	0.321 (0.576)	95.00 (69.64)
[55/294]	0.426 (0.574)	85.00 (69.91)
[56/294]	0.468 (0.572)	75.00 (70.00)
[57/294]	0.301 (0.567)	90.00 (70.34)
[58/294]	0.254 (0.562)	100.00 (70.85)
[59/294]	0.357 (0.558)	95.00 (71.25)
[60/294]	0.325 (0.555)	100.00 (71.72)
[61/294]	0.301 (0.550)	100.00 (72.18)
[62/294]	0.272 (0.546)	90.00 (72.46)
[63/294]	0.324 (0.543)	95.00 (72.81)
[64/294]	0.243 (0.538)	100.00 (73.23)
[65/294]	0.181 (0.533)	100.00 (73.64)
[66/294]	0.521 (0.532)	70.00 (73.58)
[67/294]	0.279 (0.529)	95.00 (73.90)
[68/294]	0.251 (0.525)	90.00 (74.13)
[69/294]	0.430 (0.523)	80.00 (74.21)
[70/294]	0.440 (0.522)	80.00 (74.30)
[71/294]	0.396 (0.520)	85.00 (74.44)
[72/294]	0.387 (0.519)	95.00 (74.73)
[73/294]	0.690 (0.521)	60.00 (74.53)
[74/294]	0.400 (0.519)	90.00 (74.73)
[75/294]	0.333 (0.517)	80.00 (74.80)
[76/294]	0.151 (0.512)	100.00 (75.13)
[77/294]	0.717 (0.515)	55.00 (74.87)
[78/294]	0.550 (0.515)	70.00 (74.81)
[79/294]	0.452 (0.514)	75.00 (74.81)
[80/294]	0.304 (0.512)	95.00 (75.06)
[81/294]	0.565 (0.512)	65.00 (74.94)
[82/294]	0.354 (0.510)	85.00 (75.06)
[83/294]	0.236 (0.507)	95.00 (75.30)
[84/294]	0.321 (0.505)	95.00 (75.53)
[85/294]	0.235 (0.502)	95.00 (75.76)
[86/294]	0.155 (0.498)	100.00 (76.03)
[87/294]	0.158 (0.494)	100.00 (76.31)
[88/294]	0.163 (0.490)	100.00 (76.57)
[89/294]	0.187 (0.487)	100.00 (76.83)
[90/294]	0.247 (0.484)	90.00 (76.98)
[91/294]	0.172 (0.481)	100.00 (77.23)
[92/294]	0.217 (0.478)	100.00 (77.47)
[93/294]	0.213 (0.475)	95.00 (77.66)
[94/294]	0.304 (0.473)	95.00 (77.84)
[95/294]	0.238 (0.471)	90.00 (77.97)
[96/294]	0.185 (0.468)	95.00 (78.14)
[97/294]	0.212 (0.465)	95.00 (78.32)
[98/294]	0.271 (0.463)	100.00 (78.54)
[99/294]	0.335 (0.462)	95.00 (78.70)
[100/294]	0.383 (0.461)	95.00 (78.86)
[101/294]	0.434 (0.461)	90.00 (78.97)
[102/294]	0.213 (0.459)	90.00 (79.08)
[103/294]	0.219 (0.456)	95.00 (79.23)
[104/294]	0.332 (0.455)	85.00 (79.29)
[105/294]	0.269 (0.453)	95.00 (79.43)
[106/294]	0.260 (0.452)	90.00 (79.53)
[107/294]	0.136 (0.449)	100.00 (79.72)
[108/294]	0.053 (0.445)	100.00 (79.91)
[109/294]	0.170 (0.443)	95.00 (80.05)
[110/294]	0.193 (0.440)	90.00 (80.14)
[111/294]	0.271 (0.439)	100.00 (80.31)
[112/294]	0.153 (0.436)	100.00 (80.49)
[113/294]	0.204 (0.434)	90.00 (80.57)
[114/294]	0.217 (0.432)	100.00 (80.74)
[115/294]	0.210 (0.430)	95.00 (80.86)
[116/294]	0.234 (0.429)	90.00 (80.94)
[117/294]	0.130 (0.426)	100.00 (81.10)
[118/294]	0.080 (0.423)	100.00 (81.26)
[119/294]	0.101 (0.421)	100.00 (81.42)
[120/294]	0.148 (0.418)	95.00 (81.53)
[121/294]	0.115 (0.416)	100.00 (81.68)
[122/294]	0.508 (0.417)	70.00 (81.59)
[123/294]	0.198 (0.415)	100.00 (81.73)
[124/294]	0.231 (0.413)	95.00 (81.84)
[125/294]	0.331 (0.413)	95.00 (81.94)
[126/294]	0.237 (0.411)	95.00 (82.05)
[127/294]	0.268 (0.410)	90.00 (82.11)
[128/294]	0.237 (0.409)	90.00 (82.17)
[129/294]	0.283 (0.408)	95.00 (82.27)
[130/294]	0.322 (0.407)	85.00 (82.29)
[131/294]	0.223 (0.406)	95.00 (82.39)
[132/294]	0.076 (0.403)	100.00 (82.52)
[133/294]	0.040 (0.401)	100.00 (82.65)
[134/294]	0.214 (0.399)	90.00 (82.70)
[135/294]	0.137 (0.397)	95.00 (82.79)
[136/294]	0.087 (0.395)	100.00 (82.92)
[137/294]	0.020 (0.392)	100.00 (83.04)
[138/294]	0.192 (0.391)	85.00 (83.06)
[139/294]	0.410 (0.391)	60.00 (82.89)
[140/294]	0.142 (0.389)	100.00 (83.01)
[141/294]	0.120 (0.387)	100.00 (83.13)
[142/294]	0.196 (0.386)	90.00 (83.18)
[143/294]	0.097 (0.384)	100.00 (83.30)
[144/294]	0.073 (0.382)	100.00 (83.41)
[145/294]	0.068 (0.380)	100.00 (83.53)
[146/294]	0.038 (0.378)	100.00 (83.64)
[147/294]	0.457 (0.378)	65.00 (83.51)
[148/294]	0.256 (0.377)	80.00 (83.49)
[149/294]	0.018 (0.375)	100.00 (83.60)
[150/294]	0.064 (0.373)	100.00 (83.71)
[151/294]	0.027 (0.371)	100.00 (83.82)
[152/294]	0.070 (0.369)	100.00 (83.92)
[153/294]	0.098 (0.367)	100.00 (84.03)
[154/294]	0.097 (0.365)	95.00 (84.10)
[155/294]	0.034 (0.363)	100.00 (84.20)
[156/294]	0.102 (0.361)	95.00 (84.27)
[157/294]	0.290 (0.361)	85.00 (84.27)
[158/294]	0.164 (0.360)	100.00 (84.37)
[159/294]	0.127 (0.358)	100.00 (84.47)
[160/294]	0.182 (0.357)	100.00 (84.57)
[161/294]	0.042 (0.355)	100.00 (84.66)
[162/294]	0.061 (0.353)	100.00 (84.75)
[163/294]	0.082 (0.352)	95.00 (84.82)
[164/294]	0.218 (0.351)	90.00 (84.85)
[165/294]	0.151 (0.350)	95.00 (84.91)
[166/294]	0.112 (0.348)	100.00 (85.00)
[167/294]	0.059 (0.346)	100.00 (85.09)
[168/294]	0.091 (0.345)	100.00 (85.18)
[169/294]	0.342 (0.345)	85.00 (85.18)
[170/294]	0.403 (0.345)	75.00 (85.12)
[171/294]	0.065 (0.344)	100.00 (85.20)
[172/294]	0.051 (0.342)	100.00 (85.29)
[173/294]	0.120 (0.341)	100.00 (85.37)
[174/294]	0.194 (0.340)	100.00 (85.46)
[175/294]	0.071 (0.338)	100.00 (85.54)
[176/294]	0.094 (0.337)	100.00 (85.62)
[177/294]	0.141 (0.336)	100.00 (85.70)
[178/294]	0.230 (0.335)	95.00 (85.75)
[179/294]	0.117 (0.334)	100.00 (85.83)
[180/294]	0.134 (0.333)	95.00 (85.88)
[181/294]	0.164 (0.332)	90.00 (85.91)
[182/294]	0.582 (0.333)	65.00 (85.79)
[183/294]	0.212 (0.333)	95.00 (85.84)
[184/294]	0.115 (0.332)	100.00 (85.92)
[185/294]	0.225 (0.331)	95.00 (85.97)
[186/294]	0.071 (0.330)	100.00 (86.04)
[187/294]	0.106 (0.328)	100.00 (86.12)
[188/294]	0.376 (0.329)	75.00 (86.06)
[189/294]	0.497 (0.330)	80.00 (86.03)
[190/294]	0.467 (0.330)	60.00 (85.89)
[191/294]	0.344 (0.330)	85.00 (85.89)
[192/294]	0.716 (0.332)	60.00 (85.75)
[193/294]	0.491 (0.333)	70.00 (85.67)
[194/294]	0.486 (0.334)	75.00 (85.62)
[195/294]	0.139 (0.333)	100.00 (85.69)
[196/294]	0.104 (0.332)	100.00 (85.76)
[197/294]	0.054 (0.330)	100.00 (85.83)
[198/294]	0.094 (0.329)	100.00 (85.90)
[199/294]	0.049 (0.328)	100.00 (85.97)
[200/294]	0.061 (0.326)	100.00 (86.04)
[201/294]	0.076 (0.325)	100.00 (86.11)
[202/294]	0.057 (0.324)	100.00 (86.18)
[203/294]	0.058 (0.323)	100.00 (86.25)
[204/294]	0.148 (0.322)	100.00 (86.32)
[205/294]	0.177 (0.321)	100.00 (86.38)
[206/294]	0.327 (0.321)	95.00 (86.43)
[207/294]	0.124 (0.320)	100.00 (86.49)
[208/294]	0.082 (0.319)	100.00 (86.56)
[209/294]	0.245 (0.319)	95.00 (86.60)
[210/294]	0.648 (0.320)	55.00 (86.45)
[211/294]	0.196 (0.320)	85.00 (86.44)
[212/294]	0.068 (0.318)	100.00 (86.50)
[213/294]	0.200 (0.318)	95.00 (86.54)
[214/294]	0.165 (0.317)	95.00 (86.58)
[215/294]	0.201 (0.317)	100.00 (86.64)
[216/294]	0.044 (0.315)	100.00 (86.71)
[217/294]	0.126 (0.314)	100.00 (86.77)
[218/294]	0.125 (0.314)	95.00 (86.80)
[219/294]	0.081 (0.313)	100.00 (86.86)
[220/294]	0.399 (0.313)	80.00 (86.83)
[221/294]	0.278 (0.313)	95.00 (86.87)
[222/294]	0.096 (0.312)	95.00 (86.91)
[223/294]	0.278 (0.312)	80.00 (86.88)
[224/294]	0.080 (0.311)	100.00 (86.93)
[225/294]	0.039 (0.309)	100.00 (86.99)
[226/294]	0.346 (0.310)	80.00 (86.96)
[227/294]	0.066 (0.309)	100.00 (87.02)
[228/294]	0.162 (0.308)	100.00 (87.07)
[229/294]	0.224 (0.308)	95.00 (87.11)
[230/294]	0.169 (0.307)	95.00 (87.14)
[231/294]	0.725 (0.309)	65.00 (87.05)
[232/294]	0.323 (0.309)	90.00 (87.06)
[233/294]	0.206 (0.308)	90.00 (87.07)
[234/294]	0.128 (0.308)	90.00 (87.09)
[235/294]	0.110 (0.307)	95.00 (87.12)
[236/294]	0.097 (0.306)	95.00 (87.15)
[237/294]	0.051 (0.305)	100.00 (87.21)
[238/294]	0.129 (0.304)	95.00 (87.24)
[239/294]	0.101 (0.303)	100.00 (87.29)
[240/294]	0.103 (0.302)	95.00 (87.32)
[241/294]	0.017 (0.301)	100.00 (87.38)
[242/294]	0.228 (0.301)	90.00 (87.39)
[243/294]	0.154 (0.300)	95.00 (87.42)
[244/294]	0.069 (0.299)	100.00 (87.47)
[245/294]	0.080 (0.298)	100.00 (87.52)
[246/294]	0.021 (0.297)	100.00 (87.57)
[247/294]	0.018 (0.296)	100.00 (87.62)
[248/294]	0.034 (0.295)	100.00 (87.67)
[249/294]	0.027 (0.294)	100.00 (87.72)
[250/294]	0.030 (0.293)	100.00 (87.77)
[251/294]	0.093 (0.292)	100.00 (87.82)
[252/294]	0.766 (0.294)	55.00 (87.69)
[253/294]	0.217 (0.294)	85.00 (87.68)
[254/294]	0.043 (0.293)	100.00 (87.73)
[255/294]	0.100 (0.292)	95.00 (87.75)
[256/294]	0.058 (0.291)	100.00 (87.80)
[257/294]	0.129 (0.291)	95.00 (87.83)
[258/294]	0.157 (0.290)	100.00 (87.88)
[259/294]	0.096 (0.289)	100.00 (87.92)
[260/294]	0.038 (0.288)	100.00 (87.97)
[261/294]	0.026 (0.287)	100.00 (88.02)
[262/294]	0.028 (0.286)	100.00 (88.06)
[263/294]	0.068 (0.285)	100.00 (88.11)
[264/294]	0.067 (0.285)	100.00 (88.15)
[265/294]	0.153 (0.284)	90.00 (88.16)
[266/294]	0.165 (0.284)	95.00 (88.18)
[267/294]	0.094 (0.283)	100.00 (88.23)
[268/294]	0.049 (0.282)	100.00 (88.27)
[269/294]	0.114 (0.282)	100.00 (88.31)
[270/294]	0.152 (0.281)	95.00 (88.34)
[271/294]	0.125 (0.280)	95.00 (88.36)
[272/294]	0.162 (0.280)	95.00 (88.39)
[273/294]	0.020 (0.279)	100.00 (88.43)
[274/294]	0.046 (0.278)	100.00 (88.47)
[275/294]	0.023 (0.277)	100.00 (88.51)
[276/294]	0.019 (0.276)	100.00 (88.56)
[277/294]	0.026 (0.275)	100.00 (88.60)
[278/294]	0.044 (0.275)	100.00 (88.64)
[279/294]	0.106 (0.274)	100.00 (88.68)
[280/294]	0.005 (0.273)	100.00 (88.72)
[281/294]	0.032 (0.272)	100.00 (88.76)
[282/294]	0.039 (0.271)	100.00 (88.80)
[283/294]	0.007 (0.270)	100.00 (88.84)
[284/294]	0.080 (0.270)	100.00 (88.88)
[285/294]	0.277 (0.270)	90.00 (88.88)
[286/294]	0.053 (0.269)	100.00 (88.92)
[287/294]	0.055 (0.268)	100.00 (88.96)
[288/294]	0.196 (0.268)	90.00 (88.96)
[289/294]	0.923 (0.270)	70.00 (88.90)
[290/294]	0.198 (0.270)	95.00 (88.92)
[291/294]	0.056 (0.269)	100.00 (88.96)
[292/294]	0.031 (0.269)	100.00 (88.99)
[293/294]	0.038 (0.268)	100.00 (89.03)
 * Train Acc: 89.031
 * Avg. Data time: 4.063, Avg. Batch time: 4.093, Avg. Forward time: 0.004, Avg. Backward time: 0.018
Constructing exemplars for class 0
