=============Stream Learning Run 0=============
Changing output layer to contain 12 classes
============BEGINNING STREAM LEARNING============
=============Training Task 0=============
Active output nodes for this task: 
[0, 1]
=============Training Epoch 0=============
#reg terms:  0
Batch	 Loss		 Acc
[0/294]	0.906 (0.906)	60.00 (60.00)
[1/294]	1.048 (0.977)	55.00 (57.50)
[2/294]	1.304 (1.086)	45.00 (53.33)
[3/294]	1.195 (1.113)	40.00 (50.00)
[4/294]	0.900 (1.071)	45.00 (49.00)
[5/294]	0.797 (1.025)	55.00 (50.00)
[6/294]	0.816 (0.995)	55.00 (50.71)
[7/294]	0.705 (0.959)	65.00 (52.50)
[8/294]	0.709 (0.931)	50.00 (52.22)
[9/294]	0.860 (0.924)	40.00 (51.00)
[10/294]	0.751 (0.908)	50.00 (50.91)
[11/294]	0.635 (0.886)	60.00 (51.67)
[12/294]	0.641 (0.867)	70.00 (53.08)
[13/294]	0.793 (0.861)	35.00 (51.79)
[14/294]	0.589 (0.843)	75.00 (53.33)
[15/294]	0.684 (0.833)	65.00 (54.06)
[16/294]	0.989 (0.843)	40.00 (53.24)
[17/294]	0.771 (0.839)	55.00 (53.33)
[18/294]	0.499 (0.821)	70.00 (54.21)
[19/294]	0.664 (0.813)	60.00 (54.50)
[20/294]	0.661 (0.806)	60.00 (54.76)
[21/294]	0.704 (0.801)	55.00 (54.77)
[22/294]	0.848 (0.803)	35.00 (53.91)
[23/294]	0.618 (0.795)	60.00 (54.17)
[24/294]	0.595 (0.787)	70.00 (54.80)
[25/294]	0.501 (0.776)	95.00 (56.35)
[26/294]	0.628 (0.771)	60.00 (56.48)
[27/294]	0.635 (0.766)	60.00 (56.61)
[28/294]	0.527 (0.758)	75.00 (57.24)
[29/294]	0.612 (0.753)	50.00 (57.00)
[30/294]	0.631 (0.749)	65.00 (57.26)
[31/294]	0.606 (0.745)	65.00 (57.50)
[32/294]	0.413 (0.734)	85.00 (58.33)
[33/294]	0.555 (0.729)	70.00 (58.68)
[34/294]	0.581 (0.725)	65.00 (58.86)
[35/294]	0.609 (0.722)	65.00 (59.03)
[36/294]	0.641 (0.720)	60.00 (59.05)
[37/294]	0.570 (0.716)	65.00 (59.21)
[38/294]	0.571 (0.712)	75.00 (59.62)
[39/294]	0.584 (0.709)	65.00 (59.75)
[40/294]	0.516 (0.704)	75.00 (60.12)
[41/294]	0.453 (0.698)	85.00 (60.71)
[42/294]	0.601 (0.696)	65.00 (60.81)
[43/294]	0.605 (0.694)	70.00 (61.02)
[44/294]	0.526 (0.690)	70.00 (61.22)
[45/294]	0.486 (0.686)	85.00 (61.74)
[46/294]	0.540 (0.683)	75.00 (62.02)
[47/294]	0.745 (0.684)	50.00 (61.77)
[48/294]	0.626 (0.683)	50.00 (61.53)
[49/294]	0.473 (0.678)	85.00 (62.00)
[50/294]	0.570 (0.676)	70.00 (62.16)
[51/294]	0.591 (0.675)	60.00 (62.12)
[52/294]	0.431 (0.670)	90.00 (62.64)
[53/294]	0.453 (0.666)	80.00 (62.96)
[54/294]	0.497 (0.663)	80.00 (63.27)
[55/294]	0.501 (0.660)	85.00 (63.66)
[56/294]	0.454 (0.656)	85.00 (64.04)
[57/294]	0.554 (0.655)	85.00 (64.40)
[58/294]	0.530 (0.653)	75.00 (64.58)
[59/294]	0.526 (0.650)	80.00 (64.83)
[60/294]	0.396 (0.646)	85.00 (65.16)
[61/294]	0.576 (0.645)	70.00 (65.24)
[62/294]	0.489 (0.643)	65.00 (65.24)
[63/294]	0.572 (0.642)	70.00 (65.31)
[64/294]	0.575 (0.641)	80.00 (65.54)
[65/294]	0.399 (0.637)	85.00 (65.83)
[66/294]	0.502 (0.635)	75.00 (65.97)
[67/294]	0.429 (0.632)	90.00 (66.32)
[68/294]	0.534 (0.630)	80.00 (66.52)
[69/294]	0.558 (0.629)	75.00 (66.64)
[70/294]	0.417 (0.626)	85.00 (66.90)
[71/294]	0.616 (0.626)	65.00 (66.88)
[72/294]	0.568 (0.625)	70.00 (66.92)
[73/294]	0.450 (0.623)	80.00 (67.09)
[74/294]	0.479 (0.621)	70.00 (67.13)
[75/294]	0.330 (0.617)	95.00 (67.50)
[76/294]	0.447 (0.615)	80.00 (67.66)
[77/294]	0.326 (0.611)	90.00 (67.95)
[78/294]	0.407 (0.609)	80.00 (68.10)
[79/294]	0.486 (0.607)	75.00 (68.19)
[80/294]	0.502 (0.606)	90.00 (68.46)
[81/294]	0.384 (0.603)	90.00 (68.72)
[82/294]	0.524 (0.602)	65.00 (68.67)
[83/294]	0.365 (0.600)	85.00 (68.87)
[84/294]	0.382 (0.597)	90.00 (69.12)
[85/294]	0.436 (0.595)	80.00 (69.24)
[86/294]	0.437 (0.593)	75.00 (69.31)
[87/294]	0.356 (0.591)	90.00 (69.55)
[88/294]	0.491 (0.589)	70.00 (69.55)
[89/294]	0.505 (0.589)	80.00 (69.67)
[90/294]	0.480 (0.587)	80.00 (69.78)
[91/294]	0.330 (0.585)	95.00 (70.05)
[92/294]	0.617 (0.585)	65.00 (70.00)
[93/294]	0.442 (0.583)	80.00 (70.11)
[94/294]	0.495 (0.582)	85.00 (70.26)
[95/294]	0.374 (0.580)	90.00 (70.47)
[96/294]	0.384 (0.578)	85.00 (70.62)
[97/294]	0.353 (0.576)	80.00 (70.71)
[98/294]	0.235 (0.572)	100.00 (71.01)
[99/294]	0.355 (0.570)	90.00 (71.20)
[100/294]	0.442 (0.569)	80.00 (71.29)
[101/294]	0.376 (0.567)	90.00 (71.47)
[102/294]	0.456 (0.566)	75.00 (71.50)
[103/294]	0.556 (0.566)	65.00 (71.44)
[104/294]	0.383 (0.564)	85.00 (71.57)
[105/294]	0.232 (0.561)	95.00 (71.79)
[106/294]	0.448 (0.560)	80.00 (71.87)
[107/294]	0.330 (0.558)	90.00 (72.04)
[108/294]	0.377 (0.556)	80.00 (72.11)
[109/294]	0.353 (0.554)	90.00 (72.27)
[110/294]	0.337 (0.552)	90.00 (72.43)
[111/294]	0.381 (0.551)	85.00 (72.54)
[112/294]	0.317 (0.549)	100.00 (72.79)
[113/294]	0.483 (0.548)	65.00 (72.72)
[114/294]	0.342 (0.546)	95.00 (72.91)
[115/294]	0.316 (0.544)	90.00 (73.06)
[116/294]	0.412 (0.543)	80.00 (73.12)
[117/294]	0.492 (0.543)	85.00 (73.22)
[118/294]	0.419 (0.542)	80.00 (73.28)
[119/294]	0.456 (0.541)	80.00 (73.33)
[120/294]	0.369 (0.540)	80.00 (73.39)
[121/294]	0.459 (0.539)	75.00 (73.40)
[122/294]	0.500 (0.539)	70.00 (73.37)
[123/294]	0.464 (0.538)	75.00 (73.39)
[124/294]	0.408 (0.537)	80.00 (73.44)
[125/294]	0.321 (0.535)	85.00 (73.53)
[126/294]	0.446 (0.535)	85.00 (73.62)
[127/294]	0.369 (0.533)	95.00 (73.79)
[128/294]	0.277 (0.531)	90.00 (73.91)
[129/294]	0.398 (0.530)	75.00 (73.92)
[130/294]	0.278 (0.528)	90.00 (74.05)
[131/294]	0.417 (0.528)	75.00 (74.05)
[132/294]	0.284 (0.526)	90.00 (74.17)
[133/294]	0.311 (0.524)	90.00 (74.29)
[134/294]	0.236 (0.522)	95.00 (74.44)
[135/294]	0.351 (0.521)	90.00 (74.56)
[136/294]	0.351 (0.520)	90.00 (74.67)
[137/294]	0.367 (0.518)	85.00 (74.75)
[138/294]	0.294 (0.517)	85.00 (74.82)
[139/294]	0.378 (0.516)	80.00 (74.86)
[140/294]	0.417 (0.515)	85.00 (74.93)
[141/294]	0.297 (0.514)	95.00 (75.07)
[142/294]	0.348 (0.512)	80.00 (75.10)
[143/294]	0.222 (0.510)	100.00 (75.28)
[144/294]	0.348 (0.509)	90.00 (75.38)
[145/294]	0.313 (0.508)	95.00 (75.51)
[146/294]	0.342 (0.507)	90.00 (75.61)
[147/294]	0.337 (0.506)	90.00 (75.71)
[148/294]	0.364 (0.505)	80.00 (75.74)
[149/294]	0.431 (0.504)	80.00 (75.77)
[150/294]	0.396 (0.504)	85.00 (75.83)
[151/294]	0.340 (0.502)	80.00 (75.86)
[152/294]	0.358 (0.502)	95.00 (75.98)
[153/294]	0.248 (0.500)	95.00 (76.10)
[154/294]	0.337 (0.499)	85.00 (76.16)
[155/294]	0.469 (0.499)	65.00 (76.09)
[156/294]	0.370 (0.498)	85.00 (76.15)
[157/294]	0.184 (0.496)	95.00 (76.27)
[158/294]	0.285 (0.494)	90.00 (76.35)
[159/294]	0.403 (0.494)	85.00 (76.41)
[160/294]	0.485 (0.494)	75.00 (76.40)
[161/294]	0.423 (0.493)	75.00 (76.39)
[162/294]	0.255 (0.492)	95.00 (76.50)
[163/294]	0.325 (0.491)	85.00 (76.55)
[164/294]	0.353 (0.490)	90.00 (76.64)
[165/294]	0.354 (0.489)	85.00 (76.69)
[166/294]	0.333 (0.488)	85.00 (76.74)
[167/294]	0.251 (0.487)	95.00 (76.85)
[168/294]	0.351 (0.486)	85.00 (76.89)
[169/294]	0.326 (0.485)	95.00 (77.00)
[170/294]	0.473 (0.485)	80.00 (77.02)
[171/294]	0.410 (0.485)	80.00 (77.03)
[172/294]	0.332 (0.484)	85.00 (77.08)
[173/294]	0.191 (0.482)	95.00 (77.18)
[174/294]	0.245 (0.481)	95.00 (77.29)
[175/294]	0.301 (0.480)	80.00 (77.30)
[176/294]	0.334 (0.479)	90.00 (77.37)
[177/294]	0.343 (0.478)	85.00 (77.42)
[178/294]	0.284 (0.477)	90.00 (77.49)
[179/294]	0.463 (0.477)	75.00 (77.47)
[180/294]	0.212 (0.476)	95.00 (77.57)
[181/294]	0.234 (0.474)	95.00 (77.66)
[182/294]	0.296 (0.473)	90.00 (77.73)
[183/294]	0.320 (0.472)	85.00 (77.77)
[184/294]	0.214 (0.471)	100.00 (77.89)
[185/294]	0.298 (0.470)	95.00 (77.98)
[186/294]	0.292 (0.469)	90.00 (78.05)
[187/294]	0.434 (0.469)	75.00 (78.03)
[188/294]	0.481 (0.469)	85.00 (78.07)
[189/294]	0.351 (0.468)	90.00 (78.13)
[190/294]	0.170 (0.467)	100.00 (78.25)
[191/294]	0.235 (0.466)	95.00 (78.33)
[192/294]	0.267 (0.465)	90.00 (78.39)
[193/294]	0.266 (0.464)	90.00 (78.45)
[194/294]	0.343 (0.463)	75.00 (78.44)
[195/294]	0.243 (0.462)	90.00 (78.49)
[196/294]	0.144 (0.460)	100.00 (78.60)
[197/294]	0.218 (0.459)	90.00 (78.66)
[198/294]	0.268 (0.458)	95.00 (78.74)
[199/294]	0.351 (0.457)	80.00 (78.75)
[200/294]	0.464 (0.458)	80.00 (78.76)
[201/294]	0.368 (0.457)	80.00 (78.76)
[202/294]	0.387 (0.457)	85.00 (78.79)
[203/294]	0.293 (0.456)	90.00 (78.85)
[204/294]	0.351 (0.455)	80.00 (78.85)
[205/294]	0.191 (0.454)	95.00 (78.93)
[206/294]	0.360 (0.454)	85.00 (78.96)
[207/294]	0.299 (0.453)	85.00 (78.99)
[208/294]	0.185 (0.452)	100.00 (79.09)
[209/294]	0.203 (0.450)	100.00 (79.19)
[210/294]	0.218 (0.449)	95.00 (79.27)
[211/294]	0.132 (0.448)	100.00 (79.36)
[212/294]	0.217 (0.447)	100.00 (79.46)
[213/294]	0.239 (0.446)	95.00 (79.53)
[214/294]	0.288 (0.445)	95.00 (79.60)
[215/294]	0.427 (0.445)	80.00 (79.61)
[216/294]	0.324 (0.444)	95.00 (79.68)
[217/294]	0.412 (0.444)	85.00 (79.70)
[218/294]	0.229 (0.443)	90.00 (79.75)
[219/294]	0.323 (0.443)	90.00 (79.80)
[220/294]	0.189 (0.442)	95.00 (79.86)
[221/294]	0.229 (0.441)	95.00 (79.93)
[222/294]	0.405 (0.440)	80.00 (79.93)
[223/294]	0.252 (0.440)	90.00 (79.98)
[224/294]	0.218 (0.439)	95.00 (80.04)
[225/294]	0.305 (0.438)	95.00 (80.11)
[226/294]	0.166 (0.437)	95.00 (80.18)
[227/294]	0.241 (0.436)	90.00 (80.22)
[228/294]	0.122 (0.435)	100.00 (80.31)
[229/294]	0.360 (0.434)	80.00 (80.30)
[230/294]	0.246 (0.434)	95.00 (80.37)
[231/294]	0.201 (0.433)	95.00 (80.43)
[232/294]	0.183 (0.431)	100.00 (80.52)
[233/294]	0.161 (0.430)	100.00 (80.60)
[234/294]	0.205 (0.429)	100.00 (80.68)
[235/294]	0.151 (0.428)	95.00 (80.74)
[236/294]	0.170 (0.427)	95.00 (80.80)
[237/294]	0.320 (0.427)	85.00 (80.82)
[238/294]	0.204 (0.426)	95.00 (80.88)
[239/294]	0.131 (0.424)	100.00 (80.96)
[240/294]	0.205 (0.424)	95.00 (81.02)
[241/294]	0.370 (0.423)	85.00 (81.03)
[242/294]	0.287 (0.423)	85.00 (81.05)
[243/294]	0.216 (0.422)	100.00 (81.13)
[244/294]	0.368 (0.422)	80.00 (81.12)
[245/294]	0.196 (0.421)	95.00 (81.18)
[246/294]	0.380 (0.421)	80.00 (81.17)
[247/294]	0.318 (0.420)	80.00 (81.17)
[248/294]	0.224 (0.419)	95.00 (81.22)
[249/294]	0.238 (0.419)	95.00 (81.28)
[250/294]	0.317 (0.418)	80.00 (81.27)
[251/294]	0.282 (0.418)	80.00 (81.27)
[252/294]	0.180 (0.417)	90.00 (81.30)
[253/294]	0.211 (0.416)	95.00 (81.36)
[254/294]	0.327 (0.416)	85.00 (81.37)
[255/294]	0.265 (0.415)	80.00 (81.37)
[256/294]	0.277 (0.414)	80.00 (81.36)
[257/294]	0.426 (0.415)	75.00 (81.34)
[258/294]	0.154 (0.414)	95.00 (81.39)
[259/294]	0.214 (0.413)	95.00 (81.44)
[260/294]	0.178 (0.412)	100.00 (81.51)
[261/294]	0.175 (0.411)	90.00 (81.55)
[262/294]	0.211 (0.410)	90.00 (81.58)
[263/294]	0.182 (0.409)	95.00 (81.63)
[264/294]	0.375 (0.409)	85.00 (81.64)
[265/294]	0.140 (0.408)	100.00 (81.71)
[266/294]	0.123 (0.407)	100.00 (81.78)
[267/294]	0.331 (0.407)	90.00 (81.81)
[268/294]	0.138 (0.406)	100.00 (81.88)
[269/294]	0.183 (0.405)	95.00 (81.93)
[270/294]	0.278 (0.405)	90.00 (81.96)
[271/294]	0.279 (0.404)	90.00 (81.99)
[272/294]	0.357 (0.404)	95.00 (82.03)
[273/294]	0.214 (0.403)	95.00 (82.08)
[274/294]	0.278 (0.403)	85.00 (82.09)
[275/294]	0.173 (0.402)	95.00 (82.14)
[276/294]	0.154 (0.401)	100.00 (82.20)
[277/294]	0.157 (0.400)	100.00 (82.27)
[278/294]	0.335 (0.400)	80.00 (82.26)
[279/294]	0.180 (0.399)	95.00 (82.30)
[280/294]	0.301 (0.399)	85.00 (82.31)
[281/294]	0.121 (0.398)	95.00 (82.36)
[282/294]	0.104 (0.397)	100.00 (82.42)
[283/294]	0.163 (0.396)	95.00 (82.46)
[284/294]	0.070 (0.395)	100.00 (82.53)
[285/294]	0.219 (0.394)	95.00 (82.57)
[286/294]	0.358 (0.394)	80.00 (82.56)
[287/294]	0.205 (0.393)	90.00 (82.59)
[288/294]	0.096 (0.392)	100.00 (82.65)
[289/294]	0.289 (0.392)	85.00 (82.66)
[290/294]	0.222 (0.391)	95.00 (82.70)
[291/294]	0.242 (0.391)	95.00 (82.74)
[292/294]	0.285 (0.391)	90.00 (82.76)
[293/294]	0.205 (0.390)	95.00 (82.81)
 * Train Acc: 82.806
 * Avg. Data time: 0.492, Avg. Batch time: 0.521, Avg. Forward time: 0.005, Avg. Backward time: 0.018
Computing MAS
 * Val Acc: 93.333, Time: 1.69
 * Test Acc: 94.262, Time: 3.17
=============Training Task 1=============
Active output nodes for this task: 
[0, 1, 2, 3]
=============Training Epoch 0=============
#reg terms:  1
Batch	 Loss		 Acc
[0/294]	4.139 (4.139)	0.00 (0.00)
[1/294]	3.626 (3.883)	0.00 (0.00)
[2/294]	3.621 (3.795)	0.00 (0.00)
[3/294]	3.412 (3.700)	0.00 (0.00)
[4/294]	3.140 (3.588)	0.00 (0.00)
[5/294]	3.040 (3.496)	0.00 (0.00)
[6/294]	2.909 (3.412)	5.00 (0.71)
[7/294]	2.816 (3.338)	0.00 (0.62)
[8/294]	2.778 (3.276)	5.00 (1.11)
[9/294]	2.116 (3.160)	25.00 (3.50)
[10/294]	2.231 (3.075)	15.00 (4.55)
[11/294]	2.516 (3.029)	5.00 (4.58)
[12/294]	1.774 (2.932)	40.00 (7.31)
[13/294]	1.813 (2.852)	25.00 (8.57)
[14/294]	1.848 (2.785)	35.00 (10.33)
[15/294]	1.592 (2.711)	40.00 (12.19)
[16/294]	1.448 (2.636)	45.00 (14.12)
[17/294]	1.565 (2.577)	45.00 (15.83)
[18/294]	1.103 (2.499)	60.00 (18.16)
[19/294]	1.001 (2.424)	80.00 (21.25)
[20/294]	1.222 (2.367)	55.00 (22.86)
[21/294]	1.424 (2.324)	40.00 (23.64)
[22/294]	1.237 (2.277)	60.00 (25.22)
[23/294]	0.774 (2.214)	75.00 (27.29)
[24/294]	1.038 (2.167)	60.00 (28.60)
[25/294]	1.055 (2.124)	40.00 (29.04)
[26/294]	1.030 (2.084)	50.00 (29.81)
[27/294]	1.022 (2.046)	40.00 (30.18)
[28/294]	0.926 (2.007)	55.00 (31.03)
[29/294]	0.735 (1.965)	85.00 (32.83)
[30/294]	0.533 (1.919)	90.00 (34.68)
[31/294]	0.739 (1.882)	65.00 (35.62)
[32/294]	0.606 (1.843)	70.00 (36.67)
[33/294]	0.723 (1.810)	70.00 (37.65)
[34/294]	0.736 (1.780)	75.00 (38.71)
[35/294]	0.449 (1.743)	90.00 (40.14)
[36/294]	0.587 (1.711)	80.00 (41.22)
[37/294]	0.584 (1.682)	75.00 (42.11)
[38/294]	0.649 (1.655)	65.00 (42.69)
[39/294]	0.565 (1.628)	65.00 (43.25)
[40/294]	0.755 (1.607)	65.00 (43.78)
[41/294]	0.692 (1.585)	70.00 (44.40)
[42/294]	0.610 (1.562)	65.00 (44.88)
[43/294]	0.531 (1.539)	65.00 (45.34)
[44/294]	0.491 (1.515)	80.00 (46.11)
[45/294]	0.867 (1.501)	55.00 (46.30)
[46/294]	0.563 (1.481)	70.00 (46.81)
[47/294]	0.653 (1.464)	60.00 (47.08)
[48/294]	0.607 (1.447)	70.00 (47.55)
[49/294]	0.464 (1.427)	80.00 (48.20)
[50/294]	0.494 (1.409)	80.00 (48.82)
[51/294]	0.597 (1.393)	80.00 (49.42)
[52/294]	0.422 (1.375)	80.00 (50.00)
[53/294]	0.494 (1.358)	80.00 (50.56)
[54/294]	0.476 (1.342)	80.00 (51.09)
[55/294]	0.494 (1.327)	85.00 (51.70)
[56/294]	0.441 (1.312)	80.00 (52.19)
[57/294]	0.669 (1.301)	70.00 (52.50)
[58/294]	0.573 (1.288)	75.00 (52.88)
[59/294]	0.434 (1.274)	80.00 (53.33)
[60/294]	0.459 (1.261)	85.00 (53.85)
[61/294]	0.388 (1.247)	75.00 (54.19)
[62/294]	0.397 (1.233)	85.00 (54.68)
[63/294]	0.546 (1.222)	70.00 (54.92)
[64/294]	0.487 (1.211)	85.00 (55.38)
[65/294]	0.715 (1.204)	60.00 (55.45)
[66/294]	0.617 (1.195)	70.00 (55.67)
[67/294]	0.387 (1.183)	75.00 (55.96)
[68/294]	0.457 (1.172)	75.00 (56.23)
[69/294]	0.676 (1.165)	60.00 (56.29)
[70/294]	0.458 (1.155)	75.00 (56.55)
[71/294]	0.466 (1.146)	75.00 (56.81)
[72/294]	0.317 (1.134)	95.00 (57.33)
[73/294]	0.859 (1.131)	55.00 (57.30)
[74/294]	0.447 (1.122)	80.00 (57.60)
[75/294]	0.512 (1.114)	75.00 (57.83)
[76/294]	0.537 (1.106)	70.00 (57.99)
[77/294]	0.516 (1.099)	70.00 (58.14)
[78/294]	0.360 (1.089)	90.00 (58.54)
[79/294]	0.467 (1.081)	80.00 (58.81)
[80/294]	0.406 (1.073)	75.00 (59.01)
[81/294]	0.301 (1.064)	85.00 (59.33)
[82/294]	0.274 (1.054)	95.00 (59.76)
[83/294]	0.283 (1.045)	90.00 (60.12)
[84/294]	0.522 (1.039)	80.00 (60.35)
[85/294]	0.356 (1.031)	80.00 (60.58)
[86/294]	0.389 (1.023)	80.00 (60.80)
[87/294]	0.415 (1.017)	75.00 (60.97)
[88/294]	0.708 (1.013)	60.00 (60.96)
[89/294]	0.386 (1.006)	90.00 (61.28)
[90/294]	0.356 (0.999)	85.00 (61.54)
[91/294]	0.395 (0.992)	90.00 (61.85)
[92/294]	0.483 (0.987)	75.00 (61.99)
[93/294]	0.636 (0.983)	55.00 (61.91)
[94/294]	0.348 (0.977)	85.00 (62.16)
[95/294]	0.431 (0.971)	80.00 (62.34)
[96/294]	0.313 (0.964)	90.00 (62.63)
[97/294]	0.381 (0.958)	90.00 (62.91)
[98/294]	0.520 (0.954)	80.00 (63.08)
[99/294]	0.385 (0.948)	75.00 (63.20)
[100/294]	0.397 (0.943)	85.00 (63.42)
[101/294]	0.459 (0.938)	85.00 (63.63)
[102/294]	0.473 (0.933)	85.00 (63.83)
[103/294]	0.386 (0.928)	95.00 (64.13)
[104/294]	0.375 (0.923)	80.00 (64.29)
[105/294]	0.513 (0.919)	65.00 (64.29)
[106/294]	0.443 (0.914)	80.00 (64.44)
[107/294]	0.434 (0.910)	80.00 (64.58)
[108/294]	0.352 (0.905)	80.00 (64.72)
[109/294]	0.245 (0.899)	90.00 (64.95)
[110/294]	0.378 (0.894)	80.00 (65.09)
[111/294]	0.321 (0.889)	85.00 (65.27)
[112/294]	0.469 (0.885)	70.00 (65.31)
[113/294]	0.358 (0.881)	85.00 (65.48)
[114/294]	0.450 (0.877)	80.00 (65.61)
[115/294]	0.455 (0.873)	80.00 (65.73)
[116/294]	0.377 (0.869)	90.00 (65.94)
[117/294]	0.234 (0.864)	95.00 (66.19)
[118/294]	0.551 (0.861)	70.00 (66.22)
[119/294]	0.603 (0.859)	70.00 (66.25)
[120/294]	0.538 (0.856)	70.00 (66.28)
[121/294]	0.360 (0.852)	90.00 (66.48)
[122/294]	0.296 (0.848)	90.00 (66.67)
[123/294]	0.407 (0.844)	85.00 (66.81)
[124/294]	0.507 (0.841)	70.00 (66.84)
[125/294]	0.344 (0.838)	85.00 (66.98)
[126/294]	0.377 (0.834)	85.00 (67.13)
[127/294]	0.427 (0.831)	80.00 (67.23)
[128/294]	0.274 (0.826)	95.00 (67.44)
[129/294]	0.447 (0.823)	75.00 (67.50)
[130/294]	0.429 (0.820)	70.00 (67.52)
[131/294]	0.499 (0.818)	75.00 (67.58)
[132/294]	0.377 (0.815)	85.00 (67.71)
[133/294]	0.287 (0.811)	90.00 (67.87)
[134/294]	0.422 (0.808)	80.00 (67.96)
[135/294]	0.477 (0.805)	75.00 (68.01)
[136/294]	0.395 (0.802)	90.00 (68.18)
[137/294]	0.534 (0.801)	75.00 (68.22)
[138/294]	0.444 (0.798)	75.00 (68.27)
[139/294]	0.295 (0.794)	85.00 (68.39)
[140/294]	0.301 (0.791)	85.00 (68.51)
[141/294]	0.466 (0.789)	75.00 (68.56)
[142/294]	0.396 (0.786)	85.00 (68.67)
[143/294]	0.540 (0.784)	75.00 (68.72)
[144/294]	0.208 (0.780)	100.00 (68.93)
[145/294]	0.352 (0.777)	85.00 (69.04)
[146/294]	0.323 (0.774)	90.00 (69.18)
[147/294]	0.356 (0.771)	90.00 (69.32)
[148/294]	0.325 (0.768)	95.00 (69.50)
[149/294]	0.294 (0.765)	90.00 (69.63)
[150/294]	0.450 (0.763)	70.00 (69.64)
[151/294]	0.356 (0.760)	85.00 (69.74)
[152/294]	0.354 (0.758)	90.00 (69.87)
[153/294]	0.359 (0.755)	85.00 (69.97)
[154/294]	0.361 (0.753)	85.00 (70.06)
[155/294]	0.172 (0.749)	95.00 (70.22)
[156/294]	0.218 (0.745)	95.00 (70.38)
[157/294]	0.185 (0.742)	100.00 (70.57)
[158/294]	0.308 (0.739)	80.00 (70.63)
[159/294]	0.309 (0.737)	95.00 (70.78)
[160/294]	0.239 (0.733)	95.00 (70.93)
[161/294]	0.317 (0.731)	85.00 (71.02)
[162/294]	0.274 (0.728)	90.00 (71.13)
[163/294]	0.230 (0.725)	100.00 (71.31)
[164/294]	0.157 (0.722)	95.00 (71.45)
[165/294]	0.355 (0.719)	80.00 (71.51)
[166/294]	0.264 (0.717)	80.00 (71.56)
[167/294]	0.213 (0.714)	100.00 (71.73)
[168/294]	0.292 (0.711)	90.00 (71.83)
[169/294]	0.466 (0.710)	80.00 (71.88)
[170/294]	0.292 (0.707)	90.00 (71.99)
[171/294]	0.323 (0.705)	90.00 (72.09)
[172/294]	0.352 (0.703)	85.00 (72.17)
[173/294]	0.405 (0.701)	80.00 (72.21)
[174/294]	0.401 (0.700)	75.00 (72.23)
[175/294]	0.383 (0.698)	70.00 (72.22)
[176/294]	0.370 (0.696)	80.00 (72.26)
[177/294]	0.388 (0.694)	80.00 (72.30)
[178/294]	0.381 (0.692)	75.00 (72.32)
[179/294]	0.309 (0.690)	85.00 (72.39)
[180/294]	0.197 (0.688)	90.00 (72.49)
[181/294]	0.243 (0.685)	90.00 (72.58)
[182/294]	0.219 (0.683)	90.00 (72.68)
[183/294]	0.390 (0.681)	90.00 (72.77)
[184/294]	0.284 (0.679)	85.00 (72.84)
[185/294]	0.444 (0.678)	70.00 (72.82)
[186/294]	0.189 (0.675)	95.00 (72.94)
[187/294]	0.341 (0.673)	85.00 (73.01)
[188/294]	0.365 (0.672)	85.00 (73.07)
[189/294]	0.466 (0.670)	80.00 (73.11)
[190/294]	0.470 (0.669)	80.00 (73.14)
[191/294]	0.371 (0.668)	80.00 (73.18)
[192/294]	0.211 (0.665)	95.00 (73.29)
[193/294]	0.422 (0.664)	85.00 (73.35)
[194/294]	0.320 (0.662)	80.00 (73.38)
[195/294]	0.337 (0.661)	85.00 (73.44)
[196/294]	0.474 (0.660)	75.00 (73.45)
[197/294]	0.226 (0.658)	90.00 (73.54)
[198/294]	0.382 (0.656)	90.00 (73.62)
[199/294]	0.247 (0.654)	90.00 (73.70)
[200/294]	0.233 (0.652)	90.00 (73.78)
[201/294]	0.360 (0.651)	80.00 (73.81)
[202/294]	0.231 (0.649)	95.00 (73.92)
[203/294]	0.349 (0.647)	85.00 (73.97)
[204/294]	0.330 (0.646)	80.00 (74.00)
[205/294]	0.364 (0.644)	80.00 (74.03)
[206/294]	0.390 (0.643)	85.00 (74.08)
[207/294]	0.496 (0.642)	65.00 (74.04)
[208/294]	0.317 (0.641)	85.00 (74.09)
[209/294]	0.391 (0.640)	85.00 (74.14)
[210/294]	0.207 (0.638)	95.00 (74.24)
[211/294]	0.286 (0.636)	90.00 (74.32)
[212/294]	0.488 (0.635)	80.00 (74.34)
[213/294]	0.344 (0.634)	80.00 (74.37)
[214/294]	0.392 (0.633)	80.00 (74.40)
[215/294]	0.333 (0.631)	90.00 (74.47)
[216/294]	0.367 (0.630)	85.00 (74.52)
[217/294]	0.339 (0.629)	85.00 (74.56)
[218/294]	0.473 (0.628)	70.00 (74.54)
[219/294]	0.202 (0.626)	85.00 (74.59)
[220/294]	0.521 (0.626)	70.00 (74.57)
[221/294]	0.412 (0.625)	75.00 (74.57)
[222/294]	0.639 (0.625)	70.00 (74.55)
[223/294]	0.267 (0.623)	95.00 (74.64)
[224/294]	0.322 (0.622)	85.00 (74.69)
[225/294]	0.399 (0.621)	80.00 (74.71)
[226/294]	0.233 (0.619)	90.00 (74.78)
[227/294]	0.346 (0.618)	85.00 (74.82)
[228/294]	0.384 (0.617)	80.00 (74.85)
[229/294]	0.543 (0.617)	75.00 (74.85)
[230/294]	0.188 (0.615)	90.00 (74.91)
[231/294]	0.330 (0.613)	85.00 (74.96)
[232/294]	0.573 (0.613)	65.00 (74.91)
[233/294]	0.270 (0.612)	90.00 (74.98)
[234/294]	0.243 (0.610)	80.00 (75.00)
[235/294]	0.612 (0.610)	65.00 (74.96)
[236/294]	0.204 (0.609)	90.00 (75.02)
[237/294]	0.355 (0.607)	85.00 (75.06)
[238/294]	0.241 (0.606)	90.00 (75.13)
[239/294]	0.277 (0.605)	90.00 (75.19)
[240/294]	0.241 (0.603)	95.00 (75.27)
[241/294]	0.582 (0.603)	75.00 (75.27)
[242/294]	0.437 (0.602)	75.00 (75.27)
[243/294]	0.381 (0.601)	80.00 (75.29)
[244/294]	0.338 (0.600)	80.00 (75.31)
[245/294]	0.386 (0.599)	80.00 (75.33)
[246/294]	0.218 (0.598)	95.00 (75.40)
[247/294]	0.308 (0.597)	90.00 (75.46)
[248/294]	0.247 (0.595)	95.00 (75.54)
[249/294]	0.413 (0.595)	85.00 (75.58)
[250/294]	0.295 (0.593)	95.00 (75.66)
[251/294]	0.190 (0.592)	95.00 (75.73)
[252/294]	0.264 (0.591)	90.00 (75.79)
[253/294]	0.756 (0.591)	65.00 (75.75)
[254/294]	0.421 (0.590)	85.00 (75.78)
[255/294]	0.232 (0.589)	95.00 (75.86)
[256/294]	0.190 (0.588)	95.00 (75.93)
[257/294]	0.363 (0.587)	85.00 (75.97)
[258/294]	0.363 (0.586)	85.00 (76.00)
[259/294]	0.319 (0.585)	80.00 (76.02)
[260/294]	0.245 (0.583)	90.00 (76.07)
[261/294]	0.255 (0.582)	85.00 (76.11)
[262/294]	0.399 (0.582)	90.00 (76.16)
[263/294]	0.502 (0.581)	70.00 (76.14)
[264/294]	0.235 (0.580)	90.00 (76.19)
[265/294]	0.304 (0.579)	85.00 (76.22)
[266/294]	0.587 (0.579)	70.00 (76.20)
[267/294]	0.155 (0.577)	100.00 (76.29)
[268/294]	0.210 (0.576)	95.00 (76.36)
[269/294]	0.191 (0.575)	90.00 (76.41)
[270/294]	0.355 (0.574)	85.00 (76.44)
[271/294]	0.466 (0.573)	70.00 (76.42)
[272/294]	0.266 (0.572)	85.00 (76.45)
[273/294]	0.295 (0.571)	80.00 (76.46)
[274/294]	0.256 (0.570)	85.00 (76.49)
[275/294]	0.263 (0.569)	90.00 (76.54)
[276/294]	0.331 (0.568)	85.00 (76.57)
[277/294]	0.244 (0.567)	85.00 (76.60)
[278/294]	0.161 (0.565)	100.00 (76.68)
[279/294]	0.321 (0.565)	80.00 (76.70)
[280/294]	0.224 (0.563)	95.00 (76.76)
[281/294]	0.387 (0.563)	80.00 (76.77)
[282/294]	0.548 (0.563)	70.00 (76.75)
[283/294]	0.188 (0.561)	100.00 (76.83)
[284/294]	0.383 (0.561)	80.00 (76.84)
[285/294]	0.262 (0.560)	90.00 (76.89)
[286/294]	0.197 (0.558)	95.00 (76.95)
[287/294]	0.235 (0.557)	95.00 (77.01)
[288/294]	0.435 (0.557)	80.00 (77.02)
[289/294]	0.296 (0.556)	85.00 (77.05)
[290/294]	0.261 (0.555)	90.00 (77.10)
[291/294]	0.198 (0.554)	95.00 (77.16)
[292/294]	0.234 (0.553)	95.00 (77.22)
[293/294]	0.642 (0.553)	66.67 (77.21)
 * Train Acc: 77.208
 * Avg. Data time: 0.057, Avg. Batch time: 0.094, Avg. Forward time: 0.004, Avg. Backward time: 0.025
Computing MAS
 * Val Acc: 42.314, Time: 2.82
 * Test Acc: 45.437, Time: 5.94
=============Training Task 2=============
Active output nodes for this task: 
[0, 1, 2, 3, 4, 5]
=============Training Epoch 0=============
#reg terms:  1
Batch	 Loss		 Acc
[0/294]	9.810 (9.810)	0.00 (0.00)
[1/294]	8.735 (9.273)	0.00 (0.00)
[2/294]	8.931 (9.159)	0.00 (0.00)
[3/294]	7.993 (8.867)	0.00 (0.00)
[4/294]	7.843 (8.663)	0.00 (0.00)
[5/294]	7.300 (8.435)	0.00 (0.00)
[6/294]	7.211 (8.261)	0.00 (0.00)
[7/294]	7.006 (8.104)	0.00 (0.00)
[8/294]	6.179 (7.890)	0.00 (0.00)
[9/294]	6.385 (7.739)	0.00 (0.00)
[10/294]	6.587 (7.635)	0.00 (0.00)
[11/294]	5.676 (7.471)	0.00 (0.00)
[12/294]	4.479 (7.241)	0.00 (0.00)
[13/294]	4.361 (7.035)	0.00 (0.00)
[14/294]	3.684 (6.812)	0.00 (0.00)
[15/294]	3.104 (6.580)	15.00 (0.94)
[16/294]	3.789 (6.416)	15.00 (1.76)
[17/294]	2.701 (6.210)	25.00 (3.06)
[18/294]	1.810 (5.978)	60.00 (6.05)
[19/294]	1.365 (5.747)	65.00 (9.00)
[20/294]	1.604 (5.550)	50.00 (10.95)
[21/294]	1.118 (5.349)	85.00 (14.32)
[22/294]	1.167 (5.167)	80.00 (17.17)
[23/294]	0.819 (4.986)	85.00 (20.00)
[24/294]	0.785 (4.818)	85.00 (22.60)
[25/294]	0.908 (4.667)	70.00 (24.42)
[26/294]	0.577 (4.516)	95.00 (27.04)
[27/294]	0.571 (4.375)	80.00 (28.93)
[28/294]	0.502 (4.241)	90.00 (31.03)
[29/294]	0.615 (4.121)	85.00 (32.83)
[30/294]	0.506 (4.004)	85.00 (34.52)
[31/294]	0.543 (3.896)	85.00 (36.09)
[32/294]	0.384 (3.789)	95.00 (37.88)
[33/294]	0.665 (3.697)	75.00 (38.97)
[34/294]	0.554 (3.608)	85.00 (40.29)
[35/294]	0.507 (3.521)	85.00 (41.53)
[36/294]	0.360 (3.436)	90.00 (42.84)
[37/294]	0.367 (3.355)	90.00 (44.08)
[38/294]	0.838 (3.291)	55.00 (44.36)
[39/294]	0.460 (3.220)	80.00 (45.25)
[40/294]	0.271 (3.148)	95.00 (46.46)
[41/294]	0.409 (3.083)	85.00 (47.38)
[42/294]	0.231 (3.017)	95.00 (48.49)
[43/294]	0.411 (2.957)	80.00 (49.20)
[44/294]	0.619 (2.905)	70.00 (49.67)
[45/294]	0.363 (2.850)	90.00 (50.54)
[46/294]	0.600 (2.802)	75.00 (51.06)
[47/294]	0.318 (2.750)	90.00 (51.88)
[48/294]	0.550 (2.706)	85.00 (52.55)
[49/294]	0.436 (2.660)	75.00 (53.00)
[50/294]	0.332 (2.614)	85.00 (53.63)
[51/294]	0.303 (2.570)	85.00 (54.23)
[52/294]	0.136 (2.524)	100.00 (55.09)
[53/294]	0.271 (2.482)	90.00 (55.74)
[54/294]	0.208 (2.441)	95.00 (56.45)
[55/294]	0.136 (2.400)	100.00 (57.23)
[56/294]	0.144 (2.360)	100.00 (57.98)
[57/294]	0.454 (2.327)	95.00 (58.62)
[58/294]	0.359 (2.294)	80.00 (58.98)
[59/294]	0.267 (2.260)	85.00 (59.42)
[60/294]	0.637 (2.234)	70.00 (59.59)
[61/294]	0.403 (2.204)	75.00 (59.84)
[62/294]	0.422 (2.176)	80.00 (60.16)
[63/294]	0.670 (2.152)	65.00 (60.23)
[64/294]	0.192 (2.122)	95.00 (60.77)
[65/294]	0.225 (2.093)	95.00 (61.29)
[66/294]	0.287 (2.066)	90.00 (61.72)
[67/294]	0.352 (2.041)	95.00 (62.21)
[68/294]	0.306 (2.016)	95.00 (62.68)
[69/294]	0.601 (1.996)	75.00 (62.86)
[70/294]	0.187 (1.970)	90.00 (63.24)
[71/294]	0.273 (1.947)	95.00 (63.68)
[72/294]	0.276 (1.924)	90.00 (64.04)
[73/294]	0.506 (1.905)	85.00 (64.32)
[74/294]	0.180 (1.882)	100.00 (64.80)
[75/294]	0.428 (1.863)	85.00 (65.07)
[76/294]	0.202 (1.841)	95.00 (65.45)
[77/294]	0.212 (1.820)	95.00 (65.83)
[78/294]	0.267 (1.801)	90.00 (66.14)
[79/294]	0.370 (1.783)	90.00 (66.44)
[80/294]	0.279 (1.764)	90.00 (66.73)
[81/294]	0.253 (1.746)	90.00 (67.01)
[82/294]	0.442 (1.730)	80.00 (67.17)
[83/294]	0.146 (1.711)	100.00 (67.56)
[84/294]	0.449 (1.696)	85.00 (67.76)
[85/294]	0.320 (1.680)	80.00 (67.91)
[86/294]	0.240 (1.664)	90.00 (68.16)
[87/294]	0.239 (1.647)	95.00 (68.47)
[88/294]	0.194 (1.631)	90.00 (68.71)
[89/294]	0.065 (1.614)	100.00 (69.06)
[90/294]	0.073 (1.597)	100.00 (69.40)
[91/294]	0.219 (1.582)	95.00 (69.67)
[92/294]	0.228 (1.567)	90.00 (69.89)
[93/294]	0.329 (1.554)	85.00 (70.05)
[94/294]	0.113 (1.539)	100.00 (70.37)
[95/294]	0.517 (1.528)	75.00 (70.42)
[96/294]	0.271 (1.515)	90.00 (70.62)
[97/294]	0.350 (1.503)	75.00 (70.66)
[98/294]	0.163 (1.490)	90.00 (70.86)
[99/294]	0.217 (1.477)	95.00 (71.10)
[100/294]	0.096 (1.464)	100.00 (71.39)
[101/294]	0.194 (1.451)	95.00 (71.62)
[102/294]	0.125 (1.438)	95.00 (71.84)
[103/294]	0.070 (1.425)	100.00 (72.12)
[104/294]	0.270 (1.414)	85.00 (72.24)
[105/294]	0.347 (1.404)	85.00 (72.36)
[106/294]	0.357 (1.394)	90.00 (72.52)
[107/294]	0.224 (1.383)	95.00 (72.73)
[108/294]	0.211 (1.373)	95.00 (72.94)
[109/294]	0.295 (1.363)	80.00 (73.00)
[110/294]	0.239 (1.353)	90.00 (73.15)
[111/294]	0.075 (1.341)	100.00 (73.39)
[112/294]	0.310 (1.332)	85.00 (73.50)
[113/294]	0.355 (1.324)	85.00 (73.60)
[114/294]	0.121 (1.313)	95.00 (73.78)
[115/294]	0.177 (1.303)	95.00 (73.97)
[116/294]	0.085 (1.293)	100.00 (74.19)
[117/294]	0.172 (1.283)	95.00 (74.36)
[118/294]	0.112 (1.274)	95.00 (74.54)
[119/294]	0.127 (1.264)	100.00 (74.75)
[120/294]	0.239 (1.256)	90.00 (74.88)
[121/294]	0.277 (1.248)	90.00 (75.00)
[122/294]	0.148 (1.239)	95.00 (75.16)
[123/294]	0.122 (1.230)	95.00 (75.32)
[124/294]	0.095 (1.220)	100.00 (75.52)
[125/294]	0.205 (1.212)	90.00 (75.63)
[126/294]	0.209 (1.205)	85.00 (75.71)
[127/294]	0.213 (1.197)	95.00 (75.86)
[128/294]	0.174 (1.189)	95.00 (76.01)
[129/294]	0.075 (1.180)	95.00 (76.15)
[130/294]	0.297 (1.174)	90.00 (76.26)
[131/294]	0.068 (1.165)	100.00 (76.44)
[132/294]	0.164 (1.158)	95.00 (76.58)
[133/294]	0.225 (1.151)	95.00 (76.72)
[134/294]	0.313 (1.144)	90.00 (76.81)
[135/294]	0.152 (1.137)	95.00 (76.95)
[136/294]	0.118 (1.130)	100.00 (77.12)
[137/294]	0.340 (1.124)	85.00 (77.17)
[138/294]	0.219 (1.118)	90.00 (77.27)
[139/294]	0.139 (1.111)	95.00 (77.39)
[140/294]	0.105 (1.103)	100.00 (77.55)
[141/294]	0.136 (1.097)	95.00 (77.68)
[142/294]	0.235 (1.091)	90.00 (77.76)
[143/294]	0.095 (1.084)	100.00 (77.92)
[144/294]	0.080 (1.077)	100.00 (78.07)
[145/294]	0.110 (1.070)	100.00 (78.22)
[146/294]	0.163 (1.064)	95.00 (78.33)
[147/294]	0.196 (1.058)	85.00 (78.38)
[148/294]	0.180 (1.052)	95.00 (78.49)
[149/294]	0.337 (1.047)	85.00 (78.53)
[150/294]	0.166 (1.042)	95.00 (78.64)
[151/294]	0.126 (1.036)	100.00 (78.78)
[152/294]	0.198 (1.030)	95.00 (78.89)
[153/294]	0.162 (1.024)	90.00 (78.96)
[154/294]	0.394 (1.020)	85.00 (79.00)
[155/294]	0.304 (1.016)	85.00 (79.04)
[156/294]	0.199 (1.011)	90.00 (79.11)
[157/294]	0.059 (1.005)	100.00 (79.24)
[158/294]	0.123 (0.999)	95.00 (79.34)
[159/294]	0.159 (0.994)	90.00 (79.41)
[160/294]	0.201 (0.989)	85.00 (79.44)
[161/294]	0.119 (0.983)	95.00 (79.54)
[162/294]	0.060 (0.978)	100.00 (79.66)
[163/294]	0.188 (0.973)	90.00 (79.73)
[164/294]	0.108 (0.968)	95.00 (79.82)
[165/294]	0.206 (0.963)	95.00 (79.91)
[166/294]	0.197 (0.959)	95.00 (80.00)
[167/294]	0.215 (0.954)	95.00 (80.09)
[168/294]	0.195 (0.950)	90.00 (80.15)
[169/294]	0.175 (0.945)	95.00 (80.24)
[170/294]	0.160 (0.941)	90.00 (80.29)
[171/294]	0.152 (0.936)	90.00 (80.35)
[172/294]	0.074 (0.931)	100.00 (80.46)
[173/294]	0.179 (0.927)	90.00 (80.52)
[174/294]	0.308 (0.923)	90.00 (80.57)
[175/294]	0.070 (0.918)	100.00 (80.68)
[176/294]	0.122 (0.914)	95.00 (80.76)
[177/294]	0.260 (0.910)	95.00 (80.84)
[178/294]	0.190 (0.906)	90.00 (80.89)
[179/294]	0.181 (0.902)	95.00 (80.97)
[180/294]	0.080 (0.897)	100.00 (81.08)
[181/294]	0.160 (0.893)	95.00 (81.15)
[182/294]	0.130 (0.889)	95.00 (81.23)
[183/294]	0.265 (0.886)	85.00 (81.25)
[184/294]	0.064 (0.881)	100.00 (81.35)
[185/294]	0.047 (0.877)	100.00 (81.45)
[186/294]	0.119 (0.873)	100.00 (81.55)
[187/294]	0.178 (0.869)	95.00 (81.62)
[188/294]	0.207 (0.866)	85.00 (81.64)
[189/294]	0.107 (0.862)	100.00 (81.74)
[190/294]	0.103 (0.858)	100.00 (81.83)
[191/294]	0.206 (0.854)	90.00 (81.88)
[192/294]	0.111 (0.850)	100.00 (81.97)
[193/294]	0.143 (0.847)	95.00 (82.04)
[194/294]	0.059 (0.843)	100.00 (82.13)
[195/294]	0.143 (0.839)	90.00 (82.17)
[196/294]	0.096 (0.835)	90.00 (82.21)
[197/294]	0.055 (0.831)	100.00 (82.30)
[198/294]	0.074 (0.828)	100.00 (82.39)
[199/294]	0.165 (0.824)	95.00 (82.45)
[200/294]	0.122 (0.821)	95.00 (82.51)
[201/294]	0.265 (0.818)	95.00 (82.57)
[202/294]	0.250 (0.815)	90.00 (82.61)
[203/294]	0.102 (0.812)	100.00 (82.70)
[204/294]	0.296 (0.809)	85.00 (82.71)
[205/294]	0.215 (0.806)	90.00 (82.74)
[206/294]	0.090 (0.803)	100.00 (82.83)
[207/294]	0.039 (0.799)	100.00 (82.91)
[208/294]	0.106 (0.796)	95.00 (82.97)
[209/294]	0.151 (0.793)	90.00 (83.00)
[210/294]	0.056 (0.789)	100.00 (83.08)
[211/294]	0.127 (0.786)	90.00 (83.11)
[212/294]	0.115 (0.783)	100.00 (83.19)
[213/294]	0.222 (0.781)	90.00 (83.22)
[214/294]	0.104 (0.777)	95.00 (83.28)
[215/294]	0.198 (0.775)	90.00 (83.31)
[216/294]	0.049 (0.771)	100.00 (83.39)
[217/294]	0.200 (0.769)	85.00 (83.39)
[218/294]	0.088 (0.766)	100.00 (83.47)
[219/294]	0.105 (0.763)	95.00 (83.52)
[220/294]	0.240 (0.760)	95.00 (83.57)
[221/294]	0.244 (0.758)	95.00 (83.63)
[222/294]	0.185 (0.755)	95.00 (83.68)
[223/294]	0.129 (0.753)	100.00 (83.75)
[224/294]	0.088 (0.750)	100.00 (83.82)
[225/294]	0.376 (0.748)	90.00 (83.85)
[226/294]	0.109 (0.745)	95.00 (83.90)
[227/294]	0.120 (0.742)	95.00 (83.95)
[228/294]	0.164 (0.740)	95.00 (84.00)
[229/294]	0.193 (0.737)	95.00 (84.04)
[230/294]	0.046 (0.735)	100.00 (84.11)
[231/294]	0.155 (0.732)	95.00 (84.16)
[232/294]	0.219 (0.730)	90.00 (84.18)
[233/294]	0.123 (0.727)	95.00 (84.23)
[234/294]	0.139 (0.725)	95.00 (84.28)
[235/294]	0.056 (0.722)	100.00 (84.34)
[236/294]	0.080 (0.719)	100.00 (84.41)
[237/294]	0.112 (0.717)	95.00 (84.45)
[238/294]	0.076 (0.714)	100.00 (84.52)
[239/294]	0.251 (0.712)	85.00 (84.52)
[240/294]	0.132 (0.710)	100.00 (84.59)
[241/294]	0.057 (0.707)	100.00 (84.65)
[242/294]	0.052 (0.704)	100.00 (84.71)
[243/294]	0.108 (0.702)	95.00 (84.75)
[244/294]	0.103 (0.699)	100.00 (84.82)
[245/294]	0.046 (0.697)	100.00 (84.88)
[246/294]	0.174 (0.695)	90.00 (84.90)
[247/294]	0.042 (0.692)	100.00 (84.96)
[248/294]	0.061 (0.689)	100.00 (85.02)
[249/294]	0.108 (0.687)	95.00 (85.06)
[250/294]	0.134 (0.685)	95.00 (85.10)
[251/294]	0.183 (0.683)	95.00 (85.14)
[252/294]	0.199 (0.681)	90.00 (85.16)
[253/294]	0.123 (0.679)	95.00 (85.20)
[254/294]	0.089 (0.676)	100.00 (85.25)
[255/294]	0.147 (0.674)	95.00 (85.29)
[256/294]	0.138 (0.672)	95.00 (85.33)
[257/294]	0.110 (0.670)	95.00 (85.37)
[258/294]	0.150 (0.668)	95.00 (85.41)
[259/294]	0.267 (0.667)	90.00 (85.42)
[260/294]	0.098 (0.664)	100.00 (85.48)
[261/294]	0.168 (0.662)	90.00 (85.50)
[262/294]	0.060 (0.660)	100.00 (85.55)
[263/294]	0.048 (0.658)	100.00 (85.61)
[264/294]	0.197 (0.656)	90.00 (85.62)
[265/294]	0.063 (0.654)	100.00 (85.68)
[266/294]	0.032 (0.652)	100.00 (85.73)
[267/294]	0.091 (0.649)	100.00 (85.78)
[268/294]	0.066 (0.647)	100.00 (85.84)
[269/294]	0.068 (0.645)	100.00 (85.89)
[270/294]	0.064 (0.643)	100.00 (85.94)
[271/294]	0.120 (0.641)	95.00 (85.97)
[272/294]	0.153 (0.639)	95.00 (86.01)
[273/294]	0.201 (0.638)	90.00 (86.02)
[274/294]	0.112 (0.636)	95.00 (86.05)
[275/294]	0.169 (0.634)	90.00 (86.07)
[276/294]	0.024 (0.632)	100.00 (86.12)
[277/294]	0.285 (0.631)	85.00 (86.12)
[278/294]	0.026 (0.628)	100.00 (86.16)
[279/294]	0.048 (0.626)	100.00 (86.21)
[280/294]	0.052 (0.624)	100.00 (86.26)
[281/294]	0.099 (0.623)	100.00 (86.31)
[282/294]	0.491 (0.622)	80.00 (86.29)
[283/294]	0.046 (0.620)	100.00 (86.34)
[284/294]	0.137 (0.618)	100.00 (86.39)
[285/294]	0.151 (0.617)	95.00 (86.42)
[286/294]	0.074 (0.615)	95.00 (86.45)
[287/294]	0.039 (0.613)	100.00 (86.49)
[288/294]	0.101 (0.611)	95.00 (86.52)
[289/294]	0.159 (0.609)	90.00 (86.53)
[290/294]	0.224 (0.608)	95.00 (86.56)
[291/294]	0.226 (0.607)	90.00 (86.58)
[292/294]	0.028 (0.605)	100.00 (86.62)
[293/294]	0.108 (0.603)	100.00 (86.67)
 * Train Acc: 86.667
 * Avg. Data time: 0.047, Avg. Batch time: 0.084, Avg. Forward time: 0.004, Avg. Backward time: 0.025
Computing MAS
 * Val Acc: 29.519, Time: 4.19
 * Test Acc: 31.871, Time: 10.87
=============Training Task 3=============
Active output nodes for this task: 
[0, 1, 2, 3, 4, 5, 6, 7]
=============Training Epoch 0=============
#reg terms:  1
Batch	 Loss		 Acc
[0/294]	20.375 (20.375)	0.00 (0.00)
[1/294]	19.355 (19.865)	0.00 (0.00)
[2/294]	19.034 (19.588)	0.00 (0.00)
[3/294]	18.219 (19.246)	0.00 (0.00)
[4/294]	18.321 (19.061)	0.00 (0.00)
[5/294]	19.592 (19.149)	0.00 (0.00)
[6/294]	25.881 (20.111)	0.00 (0.00)
[7/294]	62.691 (25.433)	0.00 (0.00)
[8/294]	235.507 (48.775)	0.00 (0.00)
[9/294]	1063.924 (150.290)	0.00 (0.00)
[10/294]	5036.036 (594.449)	0.00 (0.00)
[11/294]	24048.373 (2548.942)	0.00 (0.00)
[12/294]	115063.125 (11203.879)	0.00 (0.00)
[13/294]	550695.188 (49738.971)	0.00 (0.00)
[14/294]	2635933.500 (222151.947)	0.00 (0.00)
[15/294]	12617062.000 (996833.800)	0.00 (0.00)
[16/294]	60392784.000 (4490712.847)	0.00 (0.00)
[17/294]	289076384.000 (20301027.556)	0.00 (0.00)
[18/294]	1383693952.000 (92058548.547)	5.00 (0.26)
[19/294]	6623193088.000 (418615296.000)	0.00 (0.25)
[20/294]	31702593536.000 (1908328584.533)	35.00 (1.90)
[21/294]	151747756032.000 (8719211501.382)	5.00 (2.05)
[22/294]	726356459520.000 (39920829270.817)	65.00 (4.78)
[23/294]	3476780482560.000 (183123312640.000)	55.00 (6.88)
[24/294]	16641968570368.000 (841477106171.904)	60.00 (9.00)
[25/294]	79658498392064.000 (3872901066310.892)	5.00 (8.85)
[26/294]	381293674102784.000 (17851446973053.156)	25.00 (9.44)
[27/294]	1825101523714048.000 (82396094488341.938)	0.00 (9.11)
[28/294]	8736041326346240.000 (380797665315253.875)	0.00 (8.79)
[29/294]	41815960507645952.000 (1761969674160264.500)	0.00 (8.50)
[30/294]	200156402390401024.000 (8161790084361579.000)	45.00 (9.68)
[31/294]	958069215028314112.000 (37846399690840472.000)	0.00 (9.38)
[32/294]	4585898072709529600.000 (175666147358073472.000)	0.00 (9.09)
[33/294]	21950878835338641408.000 (816113566422071040.000)	0.00 (8.82)
[34/294]	105070193167390736384.000 (3794801404231009792.000)	0.00 (8.57)
[35/294]	502929425656182734848.000 (17659652468833802240.000)	0.00 (8.33)
[36/294]	2407324871417047023616.000 (82245198926893613056.000)	0.00 (8.11)
[37/294]	11522910006590151065600.000 (383315325444347789312.000)	0.00 (7.89)
[38/294]	55155602650804973993984.000 (1787733018457691389952.000)	0.00 (7.69)
[39/294]	264007981728681645047808.000 (8343238965997312409600.000)	0.00 (7.50)
[40/294]	1263701264413688550391808.000 (38961728094551672881152.000)	0.00 (7.32)
[41/294]	6048836685104208561569792.000 (182053991720785171972096.000)	0.00 (7.14)
[42/294]	nan (nan)	0.00 (6.98)
[43/294]	nan (nan)	0.00 (6.82)
[44/294]	nan (nan)	0.00 (6.67)
[45/294]	nan (nan)	0.00 (6.52)
[46/294]	nan (nan)	0.00 (6.38)
[47/294]	nan (nan)	0.00 (6.25)
[48/294]	nan (nan)	0.00 (6.12)
[49/294]	nan (nan)	0.00 (6.00)
[50/294]	nan (nan)	0.00 (5.88)
[51/294]	nan (nan)	0.00 (5.77)
[52/294]	nan (nan)	0.00 (5.66)
[53/294]	nan (nan)	0.00 (5.56)
[54/294]	nan (nan)	0.00 (5.45)
[55/294]	nan (nan)	0.00 (5.36)
[56/294]	nan (nan)	0.00 (5.26)
[57/294]	nan (nan)	0.00 (5.17)
[58/294]	nan (nan)	0.00 (5.08)
[59/294]	nan (nan)	0.00 (5.00)
[60/294]	nan (nan)	0.00 (4.92)
[61/294]	nan (nan)	0.00 (4.84)
[62/294]	nan (nan)	0.00 (4.76)
[63/294]	nan (nan)	0.00 (4.69)
[64/294]	nan (nan)	0.00 (4.62)
[65/294]	nan (nan)	0.00 (4.55)
[66/294]	nan (nan)	0.00 (4.48)
[67/294]	nan (nan)	0.00 (4.41)
[68/294]	nan (nan)	0.00 (4.35)
[69/294]	nan (nan)	0.00 (4.29)
[70/294]	nan (nan)	0.00 (4.23)
[71/294]	nan (nan)	0.00 (4.17)
[72/294]	nan (nan)	0.00 (4.11)
[73/294]	nan (nan)	0.00 (4.05)
[74/294]	nan (nan)	0.00 (4.00)
[75/294]	nan (nan)	0.00 (3.95)
[76/294]	nan (nan)	0.00 (3.90)
[77/294]	nan (nan)	0.00 (3.85)
[78/294]	nan (nan)	0.00 (3.80)
[79/294]	nan (nan)	0.00 (3.75)
[80/294]	nan (nan)	0.00 (3.70)
[81/294]	nan (nan)	0.00 (3.66)
[82/294]	nan (nan)	0.00 (3.61)
[83/294]	nan (nan)	0.00 (3.57)
[84/294]	nan (nan)	0.00 (3.53)
[85/294]	nan (nan)	0.00 (3.49)
[86/294]	nan (nan)	0.00 (3.45)
[87/294]	nan (nan)	0.00 (3.41)
[88/294]	nan (nan)	0.00 (3.37)
[89/294]	nan (nan)	0.00 (3.33)
[90/294]	nan (nan)	0.00 (3.30)
[91/294]	nan (nan)	0.00 (3.26)
[92/294]	nan (nan)	0.00 (3.23)
[93/294]	nan (nan)	0.00 (3.19)
[94/294]	nan (nan)	0.00 (3.16)
[95/294]	nan (nan)	0.00 (3.12)
[96/294]	nan (nan)	0.00 (3.09)
[97/294]	nan (nan)	0.00 (3.06)
[98/294]	nan (nan)	0.00 (3.03)
[99/294]	nan (nan)	0.00 (3.00)
[100/294]	nan (nan)	0.00 (2.97)
[101/294]	nan (nan)	0.00 (2.94)
[102/294]	nan (nan)	0.00 (2.91)
[103/294]	nan (nan)	0.00 (2.88)
[104/294]	nan (nan)	0.00 (2.86)
[105/294]	nan (nan)	0.00 (2.83)
[106/294]	nan (nan)	0.00 (2.80)
[107/294]	nan (nan)	0.00 (2.78)
[108/294]	nan (nan)	0.00 (2.75)
[109/294]	nan (nan)	0.00 (2.73)
[110/294]	nan (nan)	0.00 (2.70)
[111/294]	nan (nan)	0.00 (2.68)
[112/294]	nan (nan)	0.00 (2.65)
[113/294]	nan (nan)	0.00 (2.63)
[114/294]	nan (nan)	0.00 (2.61)
[115/294]	nan (nan)	0.00 (2.59)
[116/294]	nan (nan)	0.00 (2.56)
[117/294]	nan (nan)	0.00 (2.54)
[118/294]	nan (nan)	0.00 (2.52)
[119/294]	nan (nan)	0.00 (2.50)
[120/294]	nan (nan)	0.00 (2.48)
[121/294]	nan (nan)	0.00 (2.46)
[122/294]	nan (nan)	0.00 (2.44)
[123/294]	nan (nan)	0.00 (2.42)
[124/294]	nan (nan)	0.00 (2.40)
[125/294]	nan (nan)	0.00 (2.38)
[126/294]	nan (nan)	0.00 (2.36)
[127/294]	nan (nan)	0.00 (2.34)
[128/294]	nan (nan)	0.00 (2.33)
[129/294]	nan (nan)	0.00 (2.31)
[130/294]	nan (nan)	0.00 (2.29)
[131/294]	nan (nan)	0.00 (2.27)
[132/294]	nan (nan)	0.00 (2.26)
[133/294]	nan (nan)	0.00 (2.24)
[134/294]	nan (nan)	0.00 (2.22)
[135/294]	nan (nan)	0.00 (2.21)
[136/294]	nan (nan)	0.00 (2.19)
[137/294]	nan (nan)	0.00 (2.17)
[138/294]	nan (nan)	0.00 (2.16)
[139/294]	nan (nan)	0.00 (2.14)
[140/294]	nan (nan)	0.00 (2.13)
[141/294]	nan (nan)	0.00 (2.11)
[142/294]	nan (nan)	0.00 (2.10)
[143/294]	nan (nan)	0.00 (2.08)
[144/294]	nan (nan)	0.00 (2.07)
[145/294]	nan (nan)	0.00 (2.05)
[146/294]	nan (nan)	0.00 (2.04)
[147/294]	nan (nan)	0.00 (2.03)
[148/294]	nan (nan)	0.00 (2.01)
[149/294]	nan (nan)	0.00 (2.00)
[150/294]	nan (nan)	0.00 (1.99)
[151/294]	nan (nan)	0.00 (1.97)
[152/294]	nan (nan)	0.00 (1.96)
[153/294]	nan (nan)	0.00 (1.95)
[154/294]	nan (nan)	0.00 (1.94)
[155/294]	nan (nan)	0.00 (1.92)
[156/294]	nan (nan)	0.00 (1.91)
[157/294]	nan (nan)	0.00 (1.90)
[158/294]	nan (nan)	0.00 (1.89)
[159/294]	nan (nan)	0.00 (1.88)
[160/294]	nan (nan)	0.00 (1.86)
[161/294]	nan (nan)	0.00 (1.85)
[162/294]	nan (nan)	0.00 (1.84)
[163/294]	nan (nan)	0.00 (1.83)
[164/294]	nan (nan)	0.00 (1.82)
[165/294]	nan (nan)	0.00 (1.81)
[166/294]	nan (nan)	0.00 (1.80)
[167/294]	nan (nan)	0.00 (1.79)
[168/294]	nan (nan)	0.00 (1.78)
[169/294]	nan (nan)	0.00 (1.76)
[170/294]	nan (nan)	0.00 (1.75)
[171/294]	nan (nan)	0.00 (1.74)
[172/294]	nan (nan)	0.00 (1.73)
[173/294]	nan (nan)	0.00 (1.72)
[174/294]	nan (nan)	0.00 (1.71)
[175/294]	nan (nan)	0.00 (1.70)
[176/294]	nan (nan)	0.00 (1.69)
[177/294]	nan (nan)	0.00 (1.69)
[178/294]	nan (nan)	0.00 (1.68)
[179/294]	nan (nan)	0.00 (1.67)
[180/294]	nan (nan)	0.00 (1.66)
[181/294]	nan (nan)	0.00 (1.65)
[182/294]	nan (nan)	0.00 (1.64)
[183/294]	nan (nan)	0.00 (1.63)
[184/294]	nan (nan)	0.00 (1.62)
[185/294]	nan (nan)	0.00 (1.61)
[186/294]	nan (nan)	0.00 (1.60)
[187/294]	nan (nan)	0.00 (1.60)
[188/294]	nan (nan)	0.00 (1.59)
[189/294]	nan (nan)	0.00 (1.58)
[190/294]	nan (nan)	0.00 (1.57)
[191/294]	nan (nan)	0.00 (1.56)
[192/294]	nan (nan)	0.00 (1.55)
[193/294]	nan (nan)	0.00 (1.55)
[194/294]	nan (nan)	0.00 (1.54)
[195/294]	nan (nan)	0.00 (1.53)
[196/294]	nan (nan)	0.00 (1.52)
[197/294]	nan (nan)	0.00 (1.52)
[198/294]	nan (nan)	0.00 (1.51)
[199/294]	nan (nan)	0.00 (1.50)
[200/294]	nan (nan)	0.00 (1.49)
[201/294]	nan (nan)	0.00 (1.49)
[202/294]	nan (nan)	0.00 (1.48)
[203/294]	nan (nan)	0.00 (1.47)
[204/294]	nan (nan)	0.00 (1.46)
[205/294]	nan (nan)	0.00 (1.46)
[206/294]	nan (nan)	0.00 (1.45)
[207/294]	nan (nan)	0.00 (1.44)
[208/294]	nan (nan)	0.00 (1.44)
[209/294]	nan (nan)	0.00 (1.43)
[210/294]	nan (nan)	0.00 (1.42)
[211/294]	nan (nan)	0.00 (1.42)
[212/294]	nan (nan)	0.00 (1.41)
[213/294]	nan (nan)	0.00 (1.40)
[214/294]	nan (nan)	0.00 (1.40)
[215/294]	nan (nan)	0.00 (1.39)
[216/294]	nan (nan)	0.00 (1.38)
[217/294]	nan (nan)	0.00 (1.38)
[218/294]	nan (nan)	0.00 (1.37)
[219/294]	nan (nan)	0.00 (1.36)
[220/294]	nan (nan)	0.00 (1.36)
[221/294]	nan (nan)	0.00 (1.35)
[222/294]	nan (nan)	0.00 (1.35)
[223/294]	nan (nan)	0.00 (1.34)
[224/294]	nan (nan)	0.00 (1.33)
[225/294]	nan (nan)	0.00 (1.33)
[226/294]	nan (nan)	0.00 (1.32)
[227/294]	nan (nan)	0.00 (1.32)
[228/294]	nan (nan)	0.00 (1.31)
[229/294]	nan (nan)	0.00 (1.30)
[230/294]	nan (nan)	0.00 (1.30)
[231/294]	nan (nan)	0.00 (1.29)
[232/294]	nan (nan)	0.00 (1.29)
[233/294]	nan (nan)	0.00 (1.28)
[234/294]	nan (nan)	0.00 (1.28)
[235/294]	nan (nan)	0.00 (1.27)
[236/294]	nan (nan)	0.00 (1.27)
[237/294]	nan (nan)	0.00 (1.26)
[238/294]	nan (nan)	0.00 (1.26)
[239/294]	nan (nan)	0.00 (1.25)
[240/294]	nan (nan)	0.00 (1.24)
[241/294]	nan (nan)	0.00 (1.24)
[242/294]	nan (nan)	0.00 (1.23)
[243/294]	nan (nan)	0.00 (1.23)
[244/294]	nan (nan)	0.00 (1.22)
[245/294]	nan (nan)	0.00 (1.22)
[246/294]	nan (nan)	0.00 (1.21)
[247/294]	nan (nan)	0.00 (1.21)
[248/294]	nan (nan)	0.00 (1.20)
[249/294]	nan (nan)	0.00 (1.20)
[250/294]	nan (nan)	0.00 (1.20)
[251/294]	nan (nan)	0.00 (1.19)
[252/294]	nan (nan)	0.00 (1.19)
[253/294]	nan (nan)	0.00 (1.18)
[254/294]	nan (nan)	0.00 (1.18)
[255/294]	nan (nan)	0.00 (1.17)
[256/294]	nan (nan)	0.00 (1.17)
[257/294]	nan (nan)	0.00 (1.16)
[258/294]	nan (nan)	0.00 (1.16)
[259/294]	nan (nan)	0.00 (1.15)
[260/294]	nan (nan)	0.00 (1.15)
[261/294]	nan (nan)	0.00 (1.15)
[262/294]	nan (nan)	0.00 (1.14)
[263/294]	nan (nan)	0.00 (1.14)
[264/294]	nan (nan)	0.00 (1.13)
[265/294]	nan (nan)	0.00 (1.13)
[266/294]	nan (nan)	0.00 (1.12)
[267/294]	nan (nan)	0.00 (1.12)
[268/294]	nan (nan)	0.00 (1.12)
[269/294]	nan (nan)	0.00 (1.11)
[270/294]	nan (nan)	0.00 (1.11)
[271/294]	nan (nan)	0.00 (1.10)
[272/294]	nan (nan)	0.00 (1.10)
[273/294]	nan (nan)	0.00 (1.09)
[274/294]	nan (nan)	0.00 (1.09)
[275/294]	nan (nan)	0.00 (1.09)
[276/294]	nan (nan)	0.00 (1.08)
[277/294]	nan (nan)	0.00 (1.08)
[278/294]	nan (nan)	0.00 (1.08)
[279/294]	nan (nan)	0.00 (1.07)
[280/294]	nan (nan)	0.00 (1.07)
[281/294]	nan (nan)	0.00 (1.06)
[282/294]	nan (nan)	0.00 (1.06)
[283/294]	nan (nan)	0.00 (1.06)
[284/294]	nan (nan)	0.00 (1.05)
[285/294]	nan (nan)	0.00 (1.05)
[286/294]	nan (nan)	0.00 (1.05)
[287/294]	nan (nan)	0.00 (1.04)
[288/294]	nan (nan)	0.00 (1.04)
[289/294]	nan (nan)	0.00 (1.03)
[290/294]	nan (nan)	0.00 (1.03)
[291/294]	nan (nan)	0.00 (1.03)
[292/294]	nan (nan)	0.00 (1.02)
[293/294]	nan (nan)	0.00 (1.02)
 * Train Acc: 1.020
 * Avg. Data time: 0.068, Avg. Batch time: 0.105, Avg. Forward time: 0.004, Avg. Backward time: 0.025
Computing MAS
 * Val Acc: 13.768, Time: 6.90
 * Test Acc: 12.113, Time: 29.63
=============Training Task 4=============
Active output nodes for this task: 
[0, 1, 2, 3, 4, 5, 6, 7, 8, 9]
=============Training Epoch 0=============
#reg terms:  1
Batch	 Loss		 Acc
[0/294]	nan (nan)	0.00 (0.00)
[1/294]	nan (nan)	0.00 (0.00)
[2/294]	nan (nan)	0.00 (0.00)
[3/294]	nan (nan)	0.00 (0.00)
[4/294]	nan (nan)	0.00 (0.00)
[5/294]	nan (nan)	0.00 (0.00)
[6/294]	nan (nan)	0.00 (0.00)
[7/294]	nan (nan)	0.00 (0.00)
[8/294]	nan (nan)	0.00 (0.00)
[9/294]	nan (nan)	0.00 (0.00)
[10/294]	nan (nan)	0.00 (0.00)
[11/294]	nan (nan)	0.00 (0.00)
[12/294]	nan (nan)	0.00 (0.00)
[13/294]	nan (nan)	0.00 (0.00)
[14/294]	nan (nan)	0.00 (0.00)
[15/294]	nan (nan)	0.00 (0.00)
[16/294]	nan (nan)	0.00 (0.00)
[17/294]	nan (nan)	0.00 (0.00)
[18/294]	nan (nan)	0.00 (0.00)
[19/294]	nan (nan)	0.00 (0.00)
[20/294]	nan (nan)	0.00 (0.00)
[21/294]	nan (nan)	0.00 (0.00)
[22/294]	nan (nan)	0.00 (0.00)
[23/294]	nan (nan)	0.00 (0.00)
[24/294]	nan (nan)	0.00 (0.00)
[25/294]	nan (nan)	0.00 (0.00)
[26/294]	nan (nan)	0.00 (0.00)
[27/294]	nan (nan)	0.00 (0.00)
[28/294]	nan (nan)	0.00 (0.00)
[29/294]	nan (nan)	0.00 (0.00)
[30/294]	nan (nan)	0.00 (0.00)
[31/294]	nan (nan)	0.00 (0.00)
[32/294]	nan (nan)	0.00 (0.00)
[33/294]	nan (nan)	0.00 (0.00)
[34/294]	nan (nan)	0.00 (0.00)
[35/294]	nan (nan)	0.00 (0.00)
[36/294]	nan (nan)	0.00 (0.00)
[37/294]	nan (nan)	0.00 (0.00)
[38/294]	nan (nan)	0.00 (0.00)
[39/294]	nan (nan)	0.00 (0.00)
[40/294]	nan (nan)	0.00 (0.00)
[41/294]	nan (nan)	0.00 (0.00)
[42/294]	nan (nan)	0.00 (0.00)
[43/294]	nan (nan)	0.00 (0.00)
[44/294]	nan (nan)	0.00 (0.00)
[45/294]	nan (nan)	0.00 (0.00)
[46/294]	nan (nan)	0.00 (0.00)
[47/294]	nan (nan)	0.00 (0.00)
[48/294]	nan (nan)	0.00 (0.00)
[49/294]	nan (nan)	0.00 (0.00)
[50/294]	nan (nan)	0.00 (0.00)
[51/294]	nan (nan)	0.00 (0.00)
[52/294]	nan (nan)	0.00 (0.00)
[53/294]	nan (nan)	0.00 (0.00)
[54/294]	nan (nan)	0.00 (0.00)
[55/294]	nan (nan)	0.00 (0.00)
[56/294]	nan (nan)	0.00 (0.00)
[57/294]	nan (nan)	0.00 (0.00)
[58/294]	nan (nan)	0.00 (0.00)
[59/294]	nan (nan)	0.00 (0.00)
[60/294]	nan (nan)	0.00 (0.00)
[61/294]	nan (nan)	0.00 (0.00)
[62/294]	nan (nan)	0.00 (0.00)
[63/294]	nan (nan)	0.00 (0.00)
[64/294]	nan (nan)	0.00 (0.00)
[65/294]	nan (nan)	0.00 (0.00)
[66/294]	nan (nan)	0.00 (0.00)
[67/294]	nan (nan)	0.00 (0.00)
[68/294]	nan (nan)	0.00 (0.00)
[69/294]	nan (nan)	0.00 (0.00)
[70/294]	nan (nan)	0.00 (0.00)
[71/294]	nan (nan)	0.00 (0.00)
[72/294]	nan (nan)	0.00 (0.00)
[73/294]	nan (nan)	0.00 (0.00)
[74/294]	nan (nan)	0.00 (0.00)
[75/294]	nan (nan)	0.00 (0.00)
[76/294]	nan (nan)	0.00 (0.00)
[77/294]	nan (nan)	0.00 (0.00)
[78/294]	nan (nan)	0.00 (0.00)
[79/294]	nan (nan)	0.00 (0.00)
[80/294]	nan (nan)	0.00 (0.00)
[81/294]	nan (nan)	0.00 (0.00)
[82/294]	nan (nan)	0.00 (0.00)
[83/294]	nan (nan)	0.00 (0.00)
[84/294]	nan (nan)	0.00 (0.00)
[85/294]	nan (nan)	0.00 (0.00)
[86/294]	nan (nan)	0.00 (0.00)
[87/294]	nan (nan)	0.00 (0.00)
[88/294]	nan (nan)	0.00 (0.00)
[89/294]	nan (nan)	0.00 (0.00)
[90/294]	nan (nan)	0.00 (0.00)
[91/294]	nan (nan)	0.00 (0.00)
[92/294]	nan (nan)	0.00 (0.00)
[93/294]	nan (nan)	0.00 (0.00)
[94/294]	nan (nan)	0.00 (0.00)
[95/294]	nan (nan)	0.00 (0.00)
[96/294]	nan (nan)	0.00 (0.00)
[97/294]	nan (nan)	0.00 (0.00)
[98/294]	nan (nan)	0.00 (0.00)
[99/294]	nan (nan)	0.00 (0.00)
[100/294]	nan (nan)	0.00 (0.00)
[101/294]	nan (nan)	0.00 (0.00)
[102/294]	nan (nan)	0.00 (0.00)
[103/294]	nan (nan)	0.00 (0.00)
[104/294]	nan (nan)	0.00 (0.00)
[105/294]	nan (nan)	0.00 (0.00)
[106/294]	nan (nan)	0.00 (0.00)
[107/294]	nan (nan)	0.00 (0.00)
[108/294]	nan (nan)	0.00 (0.00)
[109/294]	nan (nan)	0.00 (0.00)
[110/294]	nan (nan)	0.00 (0.00)
[111/294]	nan (nan)	0.00 (0.00)
[112/294]	nan (nan)	0.00 (0.00)
[113/294]	nan (nan)	0.00 (0.00)
[114/294]	nan (nan)	0.00 (0.00)
[115/294]	nan (nan)	0.00 (0.00)
[116/294]	nan (nan)	0.00 (0.00)
[117/294]	nan (nan)	0.00 (0.00)
[118/294]	nan (nan)	0.00 (0.00)
[119/294]	nan (nan)	0.00 (0.00)
[120/294]	nan (nan)	0.00 (0.00)
[121/294]	nan (nan)	0.00 (0.00)
[122/294]	nan (nan)	0.00 (0.00)
[123/294]	nan (nan)	0.00 (0.00)
[124/294]	nan (nan)	0.00 (0.00)
[125/294]	nan (nan)	0.00 (0.00)
[126/294]	nan (nan)	0.00 (0.00)
[127/294]	nan (nan)	0.00 (0.00)
[128/294]	nan (nan)	0.00 (0.00)
[129/294]	nan (nan)	0.00 (0.00)
[130/294]	nan (nan)	0.00 (0.00)
[131/294]	nan (nan)	0.00 (0.00)
[132/294]	nan (nan)	0.00 (0.00)
[133/294]	nan (nan)	0.00 (0.00)
[134/294]	nan (nan)	0.00 (0.00)
[135/294]	nan (nan)	0.00 (0.00)
[136/294]	nan (nan)	0.00 (0.00)
[137/294]	nan (nan)	0.00 (0.00)
[138/294]	nan (nan)	0.00 (0.00)
[139/294]	nan (nan)	0.00 (0.00)
[140/294]	nan (nan)	0.00 (0.00)
[141/294]	nan (nan)	0.00 (0.00)
[142/294]	nan (nan)	0.00 (0.00)
[143/294]	nan (nan)	0.00 (0.00)
[144/294]	nan (nan)	0.00 (0.00)
[145/294]	nan (nan)	0.00 (0.00)
[146/294]	nan (nan)	0.00 (0.00)
[147/294]	nan (nan)	0.00 (0.00)
[148/294]	nan (nan)	0.00 (0.00)
[149/294]	nan (nan)	0.00 (0.00)
[150/294]	nan (nan)	0.00 (0.00)
[151/294]	nan (nan)	0.00 (0.00)
[152/294]	nan (nan)	0.00 (0.00)
[153/294]	nan (nan)	0.00 (0.00)
[154/294]	nan (nan)	0.00 (0.00)
[155/294]	nan (nan)	0.00 (0.00)
[156/294]	nan (nan)	0.00 (0.00)
[157/294]	nan (nan)	0.00 (0.00)
[158/294]	nan (nan)	0.00 (0.00)
[159/294]	nan (nan)	0.00 (0.00)
[160/294]	nan (nan)	0.00 (0.00)
[161/294]	nan (nan)	0.00 (0.00)
[162/294]	nan (nan)	0.00 (0.00)
[163/294]	nan (nan)	0.00 (0.00)
[164/294]	nan (nan)	0.00 (0.00)
[165/294]	nan (nan)	0.00 (0.00)
[166/294]	nan (nan)	0.00 (0.00)
[167/294]	nan (nan)	0.00 (0.00)
[168/294]	nan (nan)	0.00 (0.00)
[169/294]	nan (nan)	0.00 (0.00)
[170/294]	nan (nan)	0.00 (0.00)
[171/294]	nan (nan)	0.00 (0.00)
[172/294]	nan (nan)	0.00 (0.00)
[173/294]	nan (nan)	0.00 (0.00)
[174/294]	nan (nan)	0.00 (0.00)
[175/294]	nan (nan)	0.00 (0.00)
[176/294]	nan (nan)	0.00 (0.00)
[177/294]	nan (nan)	0.00 (0.00)
[178/294]	nan (nan)	0.00 (0.00)
[179/294]	nan (nan)	0.00 (0.00)
[180/294]	nan (nan)	0.00 (0.00)
[181/294]	nan (nan)	0.00 (0.00)
[182/294]	nan (nan)	0.00 (0.00)
[183/294]	nan (nan)	0.00 (0.00)
[184/294]	nan (nan)	0.00 (0.00)
[185/294]	nan (nan)	0.00 (0.00)
[186/294]	nan (nan)	0.00 (0.00)
[187/294]	nan (nan)	0.00 (0.00)
[188/294]	nan (nan)	0.00 (0.00)
[189/294]	nan (nan)	0.00 (0.00)
[190/294]	nan (nan)	0.00 (0.00)
[191/294]	nan (nan)	0.00 (0.00)
[192/294]	nan (nan)	0.00 (0.00)
[193/294]	nan (nan)	0.00 (0.00)
[194/294]	nan (nan)	0.00 (0.00)
[195/294]	nan (nan)	0.00 (0.00)
[196/294]	nan (nan)	0.00 (0.00)
[197/294]	nan (nan)	0.00 (0.00)
[198/294]	nan (nan)	0.00 (0.00)
[199/294]	nan (nan)	0.00 (0.00)
[200/294]	nan (nan)	0.00 (0.00)
[201/294]	nan (nan)	0.00 (0.00)
[202/294]	nan (nan)	0.00 (0.00)
[203/294]	nan (nan)	0.00 (0.00)
[204/294]	nan (nan)	0.00 (0.00)
[205/294]	nan (nan)	0.00 (0.00)
[206/294]	nan (nan)	0.00 (0.00)
[207/294]	nan (nan)	0.00 (0.00)
[208/294]	nan (nan)	0.00 (0.00)
[209/294]	nan (nan)	0.00 (0.00)
[210/294]	nan (nan)	0.00 (0.00)
[211/294]	nan (nan)	0.00 (0.00)
[212/294]	nan (nan)	0.00 (0.00)
[213/294]	nan (nan)	0.00 (0.00)
[214/294]	nan (nan)	0.00 (0.00)
[215/294]	nan (nan)	0.00 (0.00)
[216/294]	nan (nan)	0.00 (0.00)
[217/294]	nan (nan)	0.00 (0.00)
[218/294]	nan (nan)	0.00 (0.00)
[219/294]	nan (nan)	0.00 (0.00)
[220/294]	nan (nan)	0.00 (0.00)
[221/294]	nan (nan)	0.00 (0.00)
[222/294]	nan (nan)	0.00 (0.00)
[223/294]	nan (nan)	0.00 (0.00)
[224/294]	nan (nan)	0.00 (0.00)
[225/294]	nan (nan)	0.00 (0.00)
[226/294]	nan (nan)	0.00 (0.00)
[227/294]	nan (nan)	0.00 (0.00)
[228/294]	nan (nan)	0.00 (0.00)
[229/294]	nan (nan)	0.00 (0.00)
[230/294]	nan (nan)	0.00 (0.00)
[231/294]	nan (nan)	0.00 (0.00)
[232/294]	nan (nan)	0.00 (0.00)
[233/294]	nan (nan)	0.00 (0.00)
[234/294]	nan (nan)	0.00 (0.00)
[235/294]	nan (nan)	0.00 (0.00)
[236/294]	nan (nan)	0.00 (0.00)
[237/294]	nan (nan)	0.00 (0.00)
[238/294]	nan (nan)	0.00 (0.00)
[239/294]	nan (nan)	0.00 (0.00)
[240/294]	nan (nan)	0.00 (0.00)
[241/294]	nan (nan)	0.00 (0.00)
[242/294]	nan (nan)	0.00 (0.00)
[243/294]	nan (nan)	0.00 (0.00)
[244/294]	nan (nan)	0.00 (0.00)
[245/294]	nan (nan)	0.00 (0.00)
[246/294]	nan (nan)	0.00 (0.00)
[247/294]	nan (nan)	0.00 (0.00)
[248/294]	nan (nan)	0.00 (0.00)
[249/294]	nan (nan)	0.00 (0.00)
[250/294]	nan (nan)	0.00 (0.00)
[251/294]	nan (nan)	0.00 (0.00)
[252/294]	nan (nan)	0.00 (0.00)
[253/294]	nan (nan)	0.00 (0.00)
[254/294]	nan (nan)	0.00 (0.00)
[255/294]	nan (nan)	0.00 (0.00)
[256/294]	nan (nan)	0.00 (0.00)
[257/294]	nan (nan)	0.00 (0.00)
[258/294]	nan (nan)	0.00 (0.00)
[259/294]	nan (nan)	0.00 (0.00)
[260/294]	nan (nan)	0.00 (0.00)
[261/294]	nan (nan)	0.00 (0.00)
[262/294]	nan (nan)	0.00 (0.00)
[263/294]	nan (nan)	0.00 (0.00)
[264/294]	nan (nan)	0.00 (0.00)
[265/294]	nan (nan)	0.00 (0.00)
[266/294]	nan (nan)	0.00 (0.00)
[267/294]	nan (nan)	0.00 (0.00)
[268/294]	nan (nan)	0.00 (0.00)
[269/294]	nan (nan)	0.00 (0.00)
[270/294]	nan (nan)	0.00 (0.00)
[271/294]	nan (nan)	0.00 (0.00)
[272/294]	nan (nan)	0.00 (0.00)
[273/294]	nan (nan)	0.00 (0.00)
[274/294]	nan (nan)	0.00 (0.00)
[275/294]	nan (nan)	0.00 (0.00)
[276/294]	nan (nan)	0.00 (0.00)
[277/294]	nan (nan)	0.00 (0.00)
[278/294]	nan (nan)	0.00 (0.00)
[279/294]	nan (nan)	0.00 (0.00)
[280/294]	nan (nan)	0.00 (0.00)
[281/294]	nan (nan)	0.00 (0.00)
[282/294]	nan (nan)	0.00 (0.00)
[283/294]	nan (nan)	0.00 (0.00)
[284/294]	nan (nan)	0.00 (0.00)
[285/294]	nan (nan)	0.00 (0.00)
[286/294]	nan (nan)	0.00 (0.00)
[287/294]	nan (nan)	0.00 (0.00)
[288/294]	nan (nan)	0.00 (0.00)
[289/294]	nan (nan)	0.00 (0.00)
[290/294]	nan (nan)	0.00 (0.00)
[291/294]	nan (nan)	0.00 (0.00)
[292/294]	nan (nan)	0.00 (0.00)
[293/294]	nan (nan)	0.00 (0.00)
 * Train Acc: 0.000
 * Avg. Data time: 0.045, Avg. Batch time: 0.082, Avg. Forward time: 0.004, Avg. Backward time: 0.025
Computing MAS
 * Val Acc: 11.104, Time: 16.74
 * Test Acc: 9.656, Time: 70.75
=============Training Task 5=============
Active output nodes for this task: 
[0, 1, 2, 3, 4, 5, 6, 7, 8, 9, 10, 11]
=============Training Epoch 0=============
#reg terms:  1
Batch	 Loss		 Acc
