=============Stream Learning Run 0=============
Changing output layer to contain 12 classes
============BEGINNING STREAM LEARNING============
=============Training Task 0=============
Active output nodes for this task: 
[0, 1]
=============Training Epoch 0=============
#reg terms:  0
Batch	 Loss		 Acc
[0/294]	0.906 (0.906)	60.00 (60.00)
[1/294]	0.895 (0.900)	60.00 (60.00)
[2/294]	0.820 (0.874)	50.00 (56.67)
[3/294]	0.553 (0.793)	70.00 (60.00)
[4/294]	1.167 (0.868)	50.00 (58.00)
[5/294]	1.050 (0.898)	50.00 (56.67)
[6/294]	0.967 (0.908)	50.00 (55.71)
[7/294]	0.687 (0.881)	55.00 (55.62)
[8/294]	0.491 (0.837)	85.00 (58.89)
[9/294]	0.676 (0.821)	55.00 (58.50)
[10/294]	0.620 (0.803)	60.00 (58.64)
[11/294]	0.555 (0.782)	60.00 (58.75)
[12/294]	0.585 (0.767)	60.00 (58.85)
[13/294]	0.436 (0.743)	80.00 (60.36)
[14/294]	0.631 (0.736)	65.00 (60.67)
[15/294]	0.617 (0.728)	65.00 (60.94)
[16/294]	0.426 (0.711)	90.00 (62.65)
[17/294]	0.467 (0.697)	85.00 (63.89)
[18/294]	0.465 (0.685)	90.00 (65.26)
[19/294]	0.393 (0.670)	90.00 (66.50)
[20/294]	0.425 (0.659)	85.00 (67.38)
[21/294]	0.494 (0.651)	75.00 (67.73)
[22/294]	0.616 (0.650)	65.00 (67.61)
[23/294]	0.509 (0.644)	60.00 (67.29)
[24/294]	0.340 (0.632)	90.00 (68.20)
[25/294]	0.392 (0.622)	90.00 (69.04)
[26/294]	0.380 (0.613)	85.00 (69.63)
[27/294]	0.458 (0.608)	75.00 (69.82)
[28/294]	0.330 (0.598)	95.00 (70.69)
[29/294]	0.385 (0.591)	85.00 (71.17)
[30/294]	0.271 (0.581)	90.00 (71.77)
[31/294]	0.408 (0.575)	80.00 (72.03)
[32/294]	0.191 (0.564)	90.00 (72.58)
[33/294]	0.398 (0.559)	80.00 (72.79)
[34/294]	0.309 (0.552)	80.00 (73.00)
[35/294]	0.201 (0.542)	100.00 (73.75)
[36/294]	0.343 (0.537)	85.00 (74.05)
[37/294]	0.256 (0.529)	90.00 (74.47)
[38/294]	0.436 (0.527)	85.00 (74.74)
[39/294]	0.367 (0.523)	85.00 (75.00)
[40/294]	0.171 (0.514)	95.00 (75.49)
[41/294]	0.165 (0.506)	100.00 (76.07)
[42/294]	0.198 (0.499)	95.00 (76.51)
[43/294]	0.222 (0.493)	95.00 (76.93)
[44/294]	0.327 (0.489)	80.00 (77.00)
[45/294]	0.307 (0.485)	85.00 (77.17)
[46/294]	0.244 (0.480)	90.00 (77.45)
[47/294]	0.563 (0.481)	75.00 (77.40)
[48/294]	0.257 (0.477)	85.00 (77.55)
[49/294]	0.188 (0.471)	90.00 (77.80)
[50/294]	0.124 (0.464)	100.00 (78.24)
[51/294]	0.399 (0.463)	85.00 (78.37)
[52/294]	0.231 (0.459)	90.00 (78.58)
[53/294]	0.108 (0.452)	100.00 (78.98)
[54/294]	0.163 (0.447)	100.00 (79.36)
[55/294]	0.392 (0.446)	85.00 (79.46)
[56/294]	0.157 (0.441)	95.00 (79.74)
[57/294]	0.264 (0.438)	90.00 (79.91)
[58/294]	0.095 (0.432)	100.00 (80.25)
[59/294]	0.163 (0.428)	95.00 (80.50)
[60/294]	0.180 (0.423)	90.00 (80.66)
[61/294]	0.176 (0.419)	95.00 (80.89)
[62/294]	0.255 (0.417)	85.00 (80.95)
[63/294]	0.116 (0.412)	95.00 (81.17)
[64/294]	0.264 (0.410)	90.00 (81.31)
[65/294]	0.123 (0.406)	100.00 (81.59)
[66/294]	0.104 (0.401)	95.00 (81.79)
[67/294]	0.161 (0.398)	90.00 (81.91)
[68/294]	0.141 (0.394)	95.00 (82.10)
[69/294]	0.196 (0.391)	85.00 (82.14)
[70/294]	0.066 (0.386)	100.00 (82.39)
[71/294]	0.252 (0.385)	85.00 (82.43)
[72/294]	0.328 (0.384)	90.00 (82.53)
[73/294]	0.157 (0.381)	95.00 (82.70)
[74/294]	0.110 (0.377)	100.00 (82.93)
[75/294]	0.049 (0.373)	100.00 (83.16)
[76/294]	0.059 (0.369)	100.00 (83.38)
[77/294]	0.018 (0.364)	100.00 (83.59)
[78/294]	0.096 (0.361)	95.00 (83.73)
[79/294]	0.172 (0.358)	95.00 (83.88)
[80/294]	0.335 (0.358)	95.00 (84.01)
[81/294]	0.027 (0.354)	100.00 (84.21)
[82/294]	0.152 (0.352)	100.00 (84.40)
[83/294]	0.115 (0.349)	95.00 (84.52)
[84/294]	0.168 (0.347)	90.00 (84.59)
[85/294]	0.189 (0.345)	90.00 (84.65)
[86/294]	0.216 (0.343)	90.00 (84.71)
[87/294]	0.127 (0.341)	95.00 (84.83)
[88/294]	0.139 (0.339)	95.00 (84.94)
[89/294]	0.331 (0.339)	90.00 (85.00)
[90/294]	0.220 (0.337)	90.00 (85.05)
[91/294]	0.100 (0.335)	95.00 (85.16)
[92/294]	0.412 (0.336)	75.00 (85.05)
[93/294]	0.094 (0.333)	100.00 (85.21)
[94/294]	0.208 (0.332)	95.00 (85.32)
[95/294]	0.074 (0.329)	100.00 (85.47)
[96/294]	0.186 (0.327)	95.00 (85.57)
[97/294]	0.071 (0.325)	95.00 (85.66)
[98/294]	0.054 (0.322)	100.00 (85.81)
[99/294]	0.068 (0.320)	95.00 (85.90)
[100/294]	0.098 (0.317)	95.00 (85.99)
[101/294]	0.081 (0.315)	95.00 (86.08)
[102/294]	0.250 (0.314)	85.00 (86.07)
[103/294]	0.281 (0.314)	90.00 (86.11)
[104/294]	0.084 (0.312)	100.00 (86.24)
[105/294]	0.068 (0.310)	95.00 (86.32)
[106/294]	0.098 (0.308)	100.00 (86.45)
[107/294]	0.066 (0.305)	100.00 (86.57)
[108/294]	0.097 (0.304)	100.00 (86.70)
[109/294]	0.088 (0.302)	95.00 (86.77)
[110/294]	0.082 (0.300)	100.00 (86.89)
[111/294]	0.050 (0.297)	100.00 (87.01)
[112/294]	0.148 (0.296)	95.00 (87.08)
[113/294]	0.146 (0.295)	90.00 (87.11)
[114/294]	0.060 (0.293)	100.00 (87.22)
[115/294]	0.177 (0.292)	90.00 (87.24)
[116/294]	0.069 (0.290)	95.00 (87.31)
[117/294]	0.075 (0.288)	100.00 (87.42)
[118/294]	0.167 (0.287)	90.00 (87.44)
[119/294]	0.128 (0.286)	95.00 (87.50)
[120/294]	0.092 (0.284)	100.00 (87.60)
[121/294]	0.151 (0.283)	90.00 (87.62)
[122/294]	0.250 (0.283)	95.00 (87.68)
[123/294]	0.052 (0.281)	100.00 (87.78)
[124/294]	0.155 (0.280)	90.00 (87.80)
[125/294]	0.191 (0.279)	90.00 (87.82)
[126/294]	0.660 (0.282)	75.00 (87.72)
[127/294]	0.156 (0.281)	95.00 (87.77)
[128/294]	0.071 (0.279)	95.00 (87.83)
[129/294]	0.144 (0.278)	90.00 (87.85)
[130/294]	0.057 (0.277)	100.00 (87.94)
[131/294]	0.226 (0.276)	95.00 (87.99)
[132/294]	0.120 (0.275)	90.00 (88.01)
[133/294]	0.345 (0.276)	90.00 (88.02)
[134/294]	0.176 (0.275)	90.00 (88.04)
[135/294]	0.401 (0.276)	90.00 (88.05)
[136/294]	0.057 (0.274)	100.00 (88.14)
[137/294]	0.120 (0.273)	95.00 (88.19)
[138/294]	0.066 (0.272)	100.00 (88.27)
[139/294]	0.130 (0.271)	100.00 (88.36)
[140/294]	0.213 (0.270)	95.00 (88.40)
[141/294]	0.148 (0.269)	90.00 (88.42)
[142/294]	0.092 (0.268)	100.00 (88.50)
[143/294]	0.052 (0.267)	100.00 (88.58)
[144/294]	0.067 (0.265)	95.00 (88.62)
[145/294]	0.131 (0.264)	100.00 (88.70)
[146/294]	0.071 (0.263)	100.00 (88.78)
[147/294]	0.029 (0.261)	100.00 (88.85)
[148/294]	0.235 (0.261)	90.00 (88.86)
[149/294]	0.323 (0.262)	85.00 (88.83)
[150/294]	0.206 (0.261)	90.00 (88.84)
[151/294]	0.174 (0.261)	95.00 (88.88)
[152/294]	0.020 (0.259)	100.00 (88.95)
[153/294]	0.038 (0.258)	100.00 (89.03)
[154/294]	0.039 (0.256)	100.00 (89.10)
[155/294]	0.065 (0.255)	100.00 (89.17)
[156/294]	0.174 (0.255)	85.00 (89.14)
[157/294]	0.015 (0.253)	100.00 (89.21)
[158/294]	0.050 (0.252)	100.00 (89.28)
[159/294]	0.254 (0.252)	90.00 (89.28)
[160/294]	0.177 (0.251)	95.00 (89.32)
[161/294]	0.114 (0.251)	95.00 (89.35)
[162/294]	0.133 (0.250)	95.00 (89.39)
[163/294]	0.069 (0.249)	95.00 (89.42)
[164/294]	0.069 (0.248)	95.00 (89.45)
[165/294]	0.072 (0.247)	100.00 (89.52)
[166/294]	0.066 (0.245)	95.00 (89.55)
[167/294]	0.068 (0.244)	100.00 (89.61)
[168/294]	0.129 (0.244)	95.00 (89.64)
[169/294]	0.122 (0.243)	95.00 (89.68)
[170/294]	0.106 (0.242)	95.00 (89.71)
[171/294]	0.208 (0.242)	90.00 (89.71)
[172/294]	0.066 (0.241)	95.00 (89.74)
[173/294]	0.049 (0.240)	100.00 (89.80)
[174/294]	0.201 (0.240)	85.00 (89.77)
[175/294]	0.086 (0.239)	95.00 (89.80)
[176/294]	0.055 (0.238)	100.00 (89.86)
[177/294]	0.124 (0.237)	90.00 (89.86)
[178/294]	0.032 (0.236)	100.00 (89.92)
[179/294]	0.275 (0.236)	85.00 (89.89)
[180/294]	0.024 (0.235)	100.00 (89.94)
[181/294]	0.152 (0.235)	95.00 (89.97)
[182/294]	0.108 (0.234)	95.00 (90.00)
[183/294]	0.049 (0.233)	100.00 (90.05)
[184/294]	0.027 (0.232)	100.00 (90.11)
[185/294]	0.086 (0.231)	100.00 (90.16)
[186/294]	0.034 (0.230)	100.00 (90.21)
[187/294]	0.079 (0.229)	100.00 (90.27)
[188/294]	0.228 (0.229)	85.00 (90.24)
[189/294]	0.337 (0.230)	90.00 (90.24)
[190/294]	0.049 (0.229)	100.00 (90.29)
[191/294]	0.024 (0.228)	100.00 (90.34)
[192/294]	0.123 (0.227)	95.00 (90.36)
[193/294]	0.052 (0.226)	95.00 (90.39)
[194/294]	0.200 (0.226)	95.00 (90.41)
[195/294]	0.090 (0.225)	95.00 (90.43)
[196/294]	0.009 (0.224)	100.00 (90.48)
[197/294]	0.065 (0.223)	95.00 (90.51)
[198/294]	0.037 (0.223)	100.00 (90.55)
[199/294]	0.204 (0.222)	90.00 (90.55)
[200/294]	0.064 (0.222)	100.00 (90.60)
[201/294]	0.443 (0.223)	90.00 (90.59)
[202/294]	0.179 (0.223)	95.00 (90.62)
[203/294]	0.062 (0.222)	100.00 (90.66)
[204/294]	0.154 (0.221)	90.00 (90.66)
[205/294]	0.022 (0.220)	100.00 (90.70)
[206/294]	0.133 (0.220)	95.00 (90.72)
[207/294]	0.049 (0.219)	100.00 (90.77)
[208/294]	0.152 (0.219)	90.00 (90.77)
[209/294]	0.084 (0.218)	95.00 (90.79)
[210/294]	0.053 (0.217)	95.00 (90.81)
[211/294]	0.006 (0.216)	100.00 (90.85)
[212/294]	0.036 (0.216)	100.00 (90.89)
[213/294]	0.071 (0.215)	95.00 (90.91)
[214/294]	0.054 (0.214)	100.00 (90.95)
[215/294]	0.246 (0.214)	90.00 (90.95)
[216/294]	0.104 (0.214)	100.00 (90.99)
[217/294]	0.081 (0.213)	95.00 (91.01)
[218/294]	0.045 (0.212)	100.00 (91.05)
[219/294]	0.073 (0.212)	95.00 (91.07)
[220/294]	0.055 (0.211)	95.00 (91.09)
[221/294]	0.022 (0.210)	100.00 (91.13)
[222/294]	0.196 (0.210)	90.00 (91.12)
[223/294]	0.080 (0.210)	95.00 (91.14)
[224/294]	0.025 (0.209)	100.00 (91.18)
[225/294]	0.135 (0.208)	95.00 (91.19)
[226/294]	0.025 (0.208)	100.00 (91.23)
[227/294]	0.037 (0.207)	100.00 (91.27)
[228/294]	0.020 (0.206)	100.00 (91.31)
[229/294]	0.105 (0.206)	95.00 (91.33)
[230/294]	0.111 (0.205)	95.00 (91.34)
[231/294]	0.096 (0.205)	95.00 (91.36)
[232/294]	0.190 (0.205)	95.00 (91.37)
[233/294]	0.051 (0.204)	100.00 (91.41)
[234/294]	0.074 (0.203)	100.00 (91.45)
[235/294]	0.030 (0.203)	100.00 (91.48)
[236/294]	0.025 (0.202)	100.00 (91.52)
[237/294]	0.072 (0.201)	95.00 (91.53)
[238/294]	0.034 (0.201)	100.00 (91.57)
[239/294]	0.026 (0.200)	100.00 (91.60)
[240/294]	0.105 (0.200)	90.00 (91.60)
[241/294]	0.140 (0.199)	95.00 (91.61)
[242/294]	0.068 (0.199)	100.00 (91.65)
[243/294]	0.008 (0.198)	100.00 (91.68)
[244/294]	0.330 (0.199)	90.00 (91.67)
[245/294]	0.020 (0.198)	100.00 (91.71)
[246/294]	0.094 (0.197)	95.00 (91.72)
[247/294]	0.071 (0.197)	95.00 (91.73)
[248/294]	0.041 (0.196)	100.00 (91.77)
[249/294]	0.209 (0.196)	95.00 (91.78)
[250/294]	0.121 (0.196)	95.00 (91.79)
[251/294]	0.145 (0.196)	95.00 (91.81)
[252/294]	0.103 (0.196)	95.00 (91.82)
[253/294]	0.120 (0.195)	95.00 (91.83)
[254/294]	0.065 (0.195)	100.00 (91.86)
[255/294]	0.081 (0.194)	95.00 (91.88)
[256/294]	0.103 (0.194)	95.00 (91.89)
[257/294]	0.237 (0.194)	90.00 (91.88)
[258/294]	0.028 (0.193)	100.00 (91.91)
[259/294]	0.036 (0.193)	100.00 (91.94)
[260/294]	0.014 (0.192)	100.00 (91.97)
[261/294]	0.043 (0.192)	95.00 (91.98)
[262/294]	0.032 (0.191)	100.00 (92.02)
[263/294]	0.038 (0.190)	100.00 (92.05)
[264/294]	0.116 (0.190)	95.00 (92.06)
[265/294]	0.011 (0.189)	100.00 (92.09)
[266/294]	0.022 (0.189)	100.00 (92.12)
[267/294]	0.191 (0.189)	95.00 (92.13)
[268/294]	0.020 (0.188)	100.00 (92.16)
[269/294]	0.114 (0.188)	95.00 (92.17)
[270/294]	0.083 (0.188)	100.00 (92.20)
[271/294]	0.057 (0.187)	95.00 (92.21)
[272/294]	0.125 (0.187)	95.00 (92.22)
[273/294]	0.050 (0.186)	100.00 (92.24)
[274/294]	0.028 (0.186)	100.00 (92.27)
[275/294]	0.043 (0.185)	100.00 (92.30)
[276/294]	0.013 (0.185)	100.00 (92.33)
[277/294]	0.093 (0.184)	95.00 (92.34)
[278/294]	0.113 (0.184)	95.00 (92.35)
[279/294]	0.041 (0.184)	100.00 (92.38)
[280/294]	0.062 (0.183)	100.00 (92.40)
[281/294]	0.065 (0.183)	95.00 (92.41)
[282/294]	0.022 (0.182)	100.00 (92.44)
[283/294]	0.032 (0.182)	100.00 (92.46)
[284/294]	0.017 (0.181)	100.00 (92.49)
[285/294]	0.031 (0.180)	100.00 (92.52)
[286/294]	0.107 (0.180)	95.00 (92.53)
[287/294]	0.033 (0.180)	100.00 (92.55)
[288/294]	0.014 (0.179)	100.00 (92.58)
[289/294]	0.129 (0.179)	90.00 (92.57)
[290/294]	0.070 (0.179)	95.00 (92.58)
[291/294]	0.034 (0.178)	100.00 (92.60)
[292/294]	0.049 (0.178)	100.00 (92.63)
[293/294]	0.015 (0.177)	100.00 (92.65)
 * Train Acc: 92.653
 * Avg. Data time: 0.004, Avg. Batch time: 0.053, Avg. Forward time: 0.004, Avg. Backward time: 0.040
Computing SI
 * Val Acc: 96.522, Time: 1.37
 * Test Acc: 97.705, Time: 2.18
=============Training Task 1=============
Active output nodes for this task: 
[0, 1, 2, 3]
=============Training Epoch 0=============
#reg terms:  1
Batch	 Loss		 Acc
[0/294]	6.431 (6.431)	0.00 (0.00)
[1/294]	3.771 (5.101)	0.00 (0.00)
[2/294]	2.487 (4.230)	10.00 (3.33)
[3/294]	1.178 (3.467)	40.00 (12.50)
[4/294]	0.917 (2.957)	40.00 (18.00)
[5/294]	0.611 (2.566)	75.00 (27.50)
[6/294]	0.976 (2.339)	40.00 (29.29)
[7/294]	0.654 (2.128)	80.00 (35.62)
[8/294]	0.677 (1.967)	65.00 (38.89)
[9/294]	0.655 (1.836)	60.00 (41.00)
[10/294]	0.657 (1.729)	65.00 (43.18)
[11/294]	0.454 (1.622)	75.00 (45.83)
[12/294]	0.603 (1.544)	70.00 (47.69)
[13/294]	0.678 (1.482)	60.00 (48.57)
[14/294]	0.620 (1.425)	70.00 (50.00)
[15/294]	0.666 (1.377)	65.00 (50.94)
[16/294]	0.541 (1.328)	75.00 (52.35)
[17/294]	0.662 (1.291)	75.00 (53.61)
[18/294]	0.608 (1.255)	65.00 (54.21)
[19/294]	0.504 (1.217)	80.00 (55.50)
[20/294]	0.473 (1.182)	80.00 (56.67)
[21/294]	0.658 (1.158)	55.00 (56.59)
[22/294]	0.709 (1.139)	70.00 (57.17)
[23/294]	0.540 (1.114)	80.00 (58.12)
[24/294]	0.684 (1.096)	60.00 (58.20)
[25/294]	0.551 (1.075)	70.00 (58.65)
[26/294]	0.538 (1.056)	75.00 (59.26)
[27/294]	0.607 (1.040)	75.00 (59.82)
[28/294]	0.538 (1.022)	80.00 (60.52)
[29/294]	0.399 (1.002)	90.00 (61.50)
[30/294]	0.413 (0.983)	90.00 (62.42)
[31/294]	0.367 (0.963)	100.00 (63.59)
[32/294]	0.451 (0.948)	80.00 (64.09)
[33/294]	0.519 (0.935)	75.00 (64.41)
[34/294]	0.456 (0.921)	90.00 (65.14)
[35/294]	0.294 (0.904)	100.00 (66.11)
[36/294]	0.403 (0.890)	90.00 (66.76)
[37/294]	0.415 (0.878)	85.00 (67.24)
[38/294]	0.371 (0.865)	80.00 (67.56)
[39/294]	0.469 (0.855)	85.00 (68.00)
[40/294]	0.499 (0.846)	80.00 (68.29)
[41/294]	0.331 (0.834)	90.00 (68.81)
[42/294]	0.383 (0.824)	90.00 (69.30)
[43/294]	0.430 (0.815)	85.00 (69.66)
[44/294]	0.344 (0.804)	85.00 (70.00)
[45/294]	0.769 (0.803)	65.00 (69.89)
[46/294]	0.600 (0.799)	65.00 (69.79)
[47/294]	0.346 (0.790)	80.00 (70.00)
[48/294]	0.329 (0.780)	95.00 (70.51)
[49/294]	0.371 (0.772)	80.00 (70.70)
[50/294]	0.501 (0.767)	85.00 (70.98)
[51/294]	0.479 (0.761)	85.00 (71.25)
[52/294]	0.404 (0.755)	90.00 (71.60)
[53/294]	0.332 (0.747)	85.00 (71.85)
[54/294]	0.253 (0.738)	95.00 (72.27)
[55/294]	0.324 (0.730)	80.00 (72.41)
[56/294]	0.271 (0.722)	95.00 (72.81)
[57/294]	0.432 (0.717)	75.00 (72.84)
[58/294]	0.300 (0.710)	90.00 (73.14)
[59/294]	0.311 (0.704)	85.00 (73.33)
[60/294]	0.327 (0.697)	90.00 (73.61)
[61/294]	0.233 (0.690)	95.00 (73.95)
[62/294]	0.255 (0.683)	90.00 (74.21)
[63/294]	0.470 (0.680)	75.00 (74.22)
[64/294]	0.334 (0.674)	85.00 (74.38)
[65/294]	0.906 (0.678)	65.00 (74.24)
[66/294]	0.562 (0.676)	70.00 (74.18)
[67/294]	0.330 (0.671)	90.00 (74.41)
[68/294]	0.264 (0.665)	90.00 (74.64)
[69/294]	0.294 (0.660)	95.00 (74.93)
[70/294]	0.243 (0.654)	90.00 (75.14)
[71/294]	0.192 (0.648)	100.00 (75.49)
[72/294]	0.263 (0.642)	95.00 (75.75)
[73/294]	0.446 (0.640)	80.00 (75.81)
[74/294]	0.391 (0.636)	80.00 (75.87)
[75/294]	0.236 (0.631)	95.00 (76.12)
[76/294]	0.293 (0.627)	95.00 (76.36)
[77/294]	0.269 (0.622)	95.00 (76.60)
[78/294]	0.198 (0.617)	100.00 (76.90)
[79/294]	0.333 (0.613)	90.00 (77.06)
[80/294]	0.329 (0.610)	85.00 (77.16)
[81/294]	0.234 (0.605)	90.00 (77.32)
[82/294]	0.201 (0.600)	95.00 (77.53)
[83/294]	0.259 (0.596)	95.00 (77.74)
[84/294]	0.318 (0.593)	90.00 (77.88)
[85/294]	0.180 (0.588)	100.00 (78.14)
[86/294]	0.353 (0.585)	90.00 (78.28)
[87/294]	0.381 (0.583)	95.00 (78.47)
[88/294]	0.390 (0.581)	80.00 (78.48)
[89/294]	0.319 (0.578)	90.00 (78.61)
[90/294]	0.190 (0.574)	95.00 (78.79)
[91/294]	0.373 (0.572)	85.00 (78.86)
[92/294]	0.549 (0.571)	80.00 (78.87)
[93/294]	0.860 (0.574)	60.00 (78.67)
[94/294]	0.172 (0.570)	95.00 (78.84)
[95/294]	0.322 (0.568)	85.00 (78.91)
[96/294]	0.296 (0.565)	90.00 (79.02)
[97/294]	0.351 (0.563)	75.00 (78.98)
[98/294]	0.271 (0.560)	90.00 (79.09)
[99/294]	0.356 (0.558)	75.00 (79.05)
[100/294]	0.368 (0.556)	85.00 (79.11)
[101/294]	0.330 (0.553)	80.00 (79.12)
[102/294]	0.315 (0.551)	90.00 (79.22)
[103/294]	0.274 (0.549)	90.00 (79.33)
[104/294]	0.147 (0.545)	95.00 (79.48)
[105/294]	0.464 (0.544)	85.00 (79.53)
[106/294]	0.251 (0.541)	95.00 (79.67)
[107/294]	0.206 (0.538)	90.00 (79.77)
[108/294]	0.265 (0.536)	90.00 (79.86)
[109/294]	0.157 (0.532)	100.00 (80.05)
[110/294]	0.145 (0.529)	95.00 (80.18)
[111/294]	0.161 (0.525)	100.00 (80.36)
[112/294]	0.221 (0.523)	95.00 (80.49)
[113/294]	0.180 (0.520)	100.00 (80.66)
[114/294]	0.253 (0.517)	90.00 (80.74)
[115/294]	0.310 (0.516)	90.00 (80.82)
[116/294]	0.227 (0.513)	95.00 (80.94)
[117/294]	0.152 (0.510)	95.00 (81.06)
[118/294]	0.456 (0.510)	85.00 (81.09)
[119/294]	0.575 (0.510)	80.00 (81.08)
[120/294]	0.346 (0.509)	85.00 (81.12)
[121/294]	0.207 (0.506)	95.00 (81.23)
[122/294]	0.166 (0.504)	95.00 (81.34)
[123/294]	0.164 (0.501)	95.00 (81.45)
[124/294]	0.341 (0.500)	85.00 (81.48)
[125/294]	0.169 (0.497)	95.00 (81.59)
[126/294]	0.209 (0.495)	90.00 (81.65)
[127/294]	0.302 (0.493)	90.00 (81.72)
[128/294]	0.171 (0.491)	95.00 (81.82)
[129/294]	0.293 (0.489)	90.00 (81.88)
[130/294]	0.243 (0.487)	95.00 (81.98)
[131/294]	0.177 (0.485)	95.00 (82.08)
[132/294]	0.090 (0.482)	100.00 (82.22)
[133/294]	0.227 (0.480)	90.00 (82.28)
[134/294]	0.382 (0.479)	90.00 (82.33)
[135/294]	0.500 (0.479)	85.00 (82.35)
[136/294]	0.428 (0.479)	95.00 (82.45)
[137/294]	0.302 (0.478)	90.00 (82.50)
[138/294]	0.380 (0.477)	90.00 (82.55)
[139/294]	0.125 (0.475)	100.00 (82.68)
[140/294]	0.075 (0.472)	100.00 (82.80)
[141/294]	0.173 (0.470)	90.00 (82.85)
[142/294]	0.360 (0.469)	90.00 (82.90)
[143/294]	0.259 (0.467)	85.00 (82.92)
[144/294]	0.143 (0.465)	100.00 (83.03)
[145/294]	0.159 (0.463)	90.00 (83.08)
[146/294]	0.128 (0.461)	100.00 (83.20)
[147/294]	0.241 (0.459)	90.00 (83.24)
[148/294]	0.163 (0.457)	95.00 (83.32)
[149/294]	0.121 (0.455)	95.00 (83.40)
[150/294]	0.314 (0.454)	85.00 (83.41)
[151/294]	0.110 (0.452)	100.00 (83.52)
[152/294]	0.307 (0.451)	95.00 (83.59)
[153/294]	0.091 (0.449)	95.00 (83.67)
[154/294]	0.276 (0.447)	85.00 (83.68)
[155/294]	0.272 (0.446)	85.00 (83.69)
[156/294]	0.170 (0.445)	95.00 (83.76)
[157/294]	0.180 (0.443)	95.00 (83.83)
[158/294]	0.070 (0.441)	100.00 (83.93)
[159/294]	0.283 (0.440)	85.00 (83.94)
[160/294]	0.114 (0.438)	100.00 (84.04)
[161/294]	0.202 (0.436)	95.00 (84.10)
[162/294]	0.216 (0.435)	90.00 (84.14)
[163/294]	0.145 (0.433)	90.00 (84.18)
[164/294]	0.133 (0.431)	95.00 (84.24)
[165/294]	0.165 (0.430)	95.00 (84.31)
[166/294]	0.107 (0.428)	100.00 (84.40)
[167/294]	0.076 (0.426)	100.00 (84.49)
[168/294]	0.148 (0.424)	95.00 (84.56)
[169/294]	0.498 (0.424)	80.00 (84.53)
[170/294]	0.175 (0.423)	95.00 (84.59)
[171/294]	0.167 (0.421)	95.00 (84.65)
[172/294]	0.216 (0.420)	90.00 (84.68)
[173/294]	0.157 (0.419)	95.00 (84.74)
[174/294]	0.477 (0.419)	80.00 (84.71)
[175/294]	0.270 (0.418)	80.00 (84.69)
[176/294]	0.273 (0.417)	95.00 (84.75)
[177/294]	0.284 (0.417)	90.00 (84.78)
[178/294]	0.183 (0.415)	90.00 (84.80)
[179/294]	0.136 (0.414)	95.00 (84.86)
[180/294]	0.088 (0.412)	95.00 (84.92)
[181/294]	0.130 (0.410)	95.00 (84.97)
[182/294]	0.197 (0.409)	95.00 (85.03)
[183/294]	0.111 (0.408)	100.00 (85.11)
[184/294]	0.098 (0.406)	95.00 (85.16)
[185/294]	0.121 (0.404)	100.00 (85.24)
[186/294]	0.308 (0.404)	90.00 (85.27)
[187/294]	0.195 (0.403)	95.00 (85.32)
[188/294]	0.132 (0.401)	90.00 (85.34)
[189/294]	0.304 (0.401)	85.00 (85.34)
[190/294]	0.220 (0.400)	95.00 (85.39)
[191/294]	0.239 (0.399)	90.00 (85.42)
[192/294]	0.044 (0.397)	100.00 (85.49)
[193/294]	0.375 (0.397)	80.00 (85.46)
[194/294]	0.174 (0.396)	90.00 (85.49)
[195/294]	0.096 (0.394)	95.00 (85.54)
[196/294]	0.217 (0.394)	95.00 (85.58)
[197/294]	0.221 (0.393)	85.00 (85.58)
[198/294]	0.120 (0.391)	95.00 (85.63)
[199/294]	0.117 (0.390)	95.00 (85.67)
[200/294]	0.201 (0.389)	90.00 (85.70)
[201/294]	0.185 (0.388)	90.00 (85.72)
[202/294]	0.130 (0.387)	95.00 (85.76)
[203/294]	0.132 (0.385)	95.00 (85.81)
[204/294]	0.209 (0.385)	90.00 (85.83)
[205/294]	0.302 (0.384)	90.00 (85.85)
[206/294]	0.183 (0.383)	95.00 (85.89)
[207/294]	0.221 (0.382)	95.00 (85.94)
[208/294]	0.122 (0.381)	95.00 (85.98)
[209/294]	0.070 (0.380)	100.00 (86.05)
[210/294]	0.085 (0.378)	100.00 (86.11)
[211/294]	0.180 (0.377)	95.00 (86.16)
[212/294]	0.116 (0.376)	95.00 (86.20)
[213/294]	0.112 (0.375)	100.00 (86.26)
[214/294]	0.215 (0.374)	90.00 (86.28)
[215/294]	0.179 (0.373)	90.00 (86.30)
[216/294]	0.130 (0.372)	95.00 (86.34)
[217/294]	0.091 (0.371)	100.00 (86.40)
[218/294]	0.399 (0.371)	85.00 (86.39)
[219/294]	0.138 (0.370)	95.00 (86.43)
[220/294]	0.260 (0.369)	90.00 (86.45)
[221/294]	0.198 (0.369)	95.00 (86.49)
[222/294]	0.354 (0.369)	80.00 (86.46)
[223/294]	0.112 (0.367)	95.00 (86.50)
[224/294]	0.079 (0.366)	100.00 (86.56)
[225/294]	0.261 (0.366)	90.00 (86.57)
[226/294]	0.227 (0.365)	90.00 (86.59)
[227/294]	0.123 (0.364)	95.00 (86.62)
[228/294]	0.354 (0.364)	80.00 (86.59)
[229/294]	0.551 (0.365)	85.00 (86.59)
[230/294]	0.281 (0.364)	90.00 (86.60)
[231/294]	0.099 (0.363)	100.00 (86.66)
[232/294]	0.311 (0.363)	95.00 (86.70)
[233/294]	0.059 (0.362)	100.00 (86.75)
[234/294]	0.102 (0.361)	95.00 (86.79)
[235/294]	0.366 (0.361)	80.00 (86.76)
[236/294]	0.146 (0.360)	95.00 (86.79)
[237/294]	0.284 (0.359)	90.00 (86.81)
[238/294]	0.058 (0.358)	100.00 (86.86)
[239/294]	0.137 (0.357)	90.00 (86.88)
[240/294]	0.066 (0.356)	100.00 (86.93)
[241/294]	0.344 (0.356)	80.00 (86.90)
[242/294]	0.164 (0.355)	90.00 (86.91)
[243/294]	0.234 (0.355)	90.00 (86.93)
[244/294]	0.081 (0.354)	100.00 (86.98)
[245/294]	0.279 (0.353)	85.00 (86.97)
[246/294]	0.080 (0.352)	100.00 (87.02)
[247/294]	0.157 (0.351)	90.00 (87.04)
[248/294]	0.159 (0.351)	95.00 (87.07)
[249/294]	0.430 (0.351)	80.00 (87.04)
[250/294]	0.189 (0.350)	95.00 (87.07)
[251/294]	0.147 (0.350)	95.00 (87.10)
[252/294]	0.070 (0.348)	100.00 (87.15)
[253/294]	0.263 (0.348)	85.00 (87.15)
[254/294]	0.183 (0.347)	95.00 (87.18)
[255/294]	0.163 (0.347)	95.00 (87.21)
[256/294]	0.042 (0.346)	100.00 (87.26)
[257/294]	0.238 (0.345)	90.00 (87.27)
[258/294]	0.232 (0.345)	95.00 (87.30)
[259/294]	0.106 (0.344)	100.00 (87.35)
[260/294]	0.099 (0.343)	95.00 (87.38)
[261/294]	0.131 (0.342)	95.00 (87.40)
[262/294]	0.341 (0.342)	95.00 (87.43)
[263/294]	0.220 (0.342)	90.00 (87.44)
[264/294]	0.098 (0.341)	95.00 (87.47)
[265/294]	0.240 (0.340)	95.00 (87.50)
[266/294]	0.230 (0.340)	90.00 (87.51)
[267/294]	0.064 (0.339)	100.00 (87.56)
[268/294]	0.069 (0.338)	100.00 (87.60)
[269/294]	0.122 (0.337)	90.00 (87.61)
[270/294]	0.126 (0.336)	95.00 (87.64)
[271/294]	0.201 (0.336)	95.00 (87.67)
[272/294]	0.071 (0.335)	100.00 (87.71)
[273/294]	0.123 (0.334)	100.00 (87.76)
[274/294]	0.059 (0.333)	100.00 (87.80)
[275/294]	0.145 (0.332)	95.00 (87.83)
[276/294]	0.098 (0.331)	100.00 (87.87)
[277/294]	0.089 (0.331)	100.00 (87.91)
[278/294]	0.056 (0.330)	100.00 (87.96)
[279/294]	0.217 (0.329)	95.00 (87.98)
[280/294]	0.082 (0.328)	95.00 (88.01)
[281/294]	0.212 (0.328)	95.00 (88.03)
[282/294]	0.241 (0.328)	90.00 (88.04)
[283/294]	0.031 (0.327)	100.00 (88.08)
[284/294]	0.086 (0.326)	95.00 (88.11)
[285/294]	0.101 (0.325)	100.00 (88.15)
[286/294]	0.054 (0.324)	100.00 (88.19)
[287/294]	0.124 (0.323)	95.00 (88.21)
[288/294]	0.224 (0.323)	95.00 (88.24)
[289/294]	0.061 (0.322)	100.00 (88.28)
[290/294]	0.034 (0.321)	100.00 (88.32)
[291/294]	0.052 (0.320)	100.00 (88.36)
[292/294]	0.172 (0.320)	90.00 (88.36)
[293/294]	0.371 (0.320)	66.67 (88.34)
 * Train Acc: 88.340
 * Avg. Data time: 0.005, Avg. Batch time: 0.065, Avg. Forward time: 0.004, Avg. Backward time: 0.051
Computing SI
 * Val Acc: 45.814, Time: 2.44
 * Test Acc: 48.873, Time: 3.50
=============Training Task 2=============
Active output nodes for this task: 
[0, 1, 2, 3, 4, 5]
=============Training Epoch 0=============
#reg terms:  1
Batch	 Loss		 Acc
[0/294]	12.437 (12.437)	0.00 (0.00)
[1/294]	9.746 (11.092)	0.00 (0.00)
[2/294]	7.201 (9.795)	0.00 (0.00)
[3/294]	4.484 (8.467)	0.00 (0.00)
[4/294]	2.712 (7.316)	0.00 (0.00)
[5/294]	2.030 (6.435)	5.00 (0.83)
[6/294]	1.550 (5.737)	30.00 (5.00)
[7/294]	1.322 (5.185)	60.00 (11.88)
[8/294]	1.254 (4.748)	75.00 (18.89)
[9/294]	1.222 (4.396)	55.00 (22.50)
[10/294]	1.136 (4.099)	70.00 (26.82)
[11/294]	1.081 (3.848)	65.00 (30.00)
[12/294]	1.105 (3.637)	75.00 (33.46)
[13/294]	0.999 (3.448)	85.00 (37.14)
[14/294]	1.051 (3.289)	70.00 (39.33)
[15/294]	1.017 (3.147)	70.00 (41.25)
[16/294]	1.041 (3.023)	55.00 (42.06)
[17/294]	0.965 (2.908)	80.00 (44.17)
[18/294]	0.964 (2.806)	85.00 (46.32)
[19/294]	0.977 (2.715)	80.00 (48.00)
[20/294]	1.005 (2.633)	55.00 (48.33)
[21/294]	0.983 (2.558)	50.00 (48.41)
[22/294]	0.920 (2.487)	85.00 (50.00)
[23/294]	0.962 (2.423)	60.00 (50.42)
[24/294]	0.910 (2.363)	70.00 (51.20)
[25/294]	0.961 (2.309)	70.00 (51.92)
[26/294]	0.918 (2.257)	65.00 (52.41)
[27/294]	0.833 (2.207)	75.00 (53.21)
[28/294]	0.871 (2.161)	65.00 (53.62)
[29/294]	0.826 (2.116)	90.00 (54.83)
[30/294]	0.800 (2.074)	85.00 (55.81)
[31/294]	0.817 (2.034)	80.00 (56.56)
[32/294]	0.791 (1.997)	80.00 (57.27)
[33/294]	0.829 (1.962)	70.00 (57.65)
[34/294]	0.764 (1.928)	80.00 (58.29)
[35/294]	0.755 (1.896)	85.00 (59.03)
[36/294]	0.705 (1.863)	80.00 (59.59)
[37/294]	0.777 (1.835)	80.00 (60.13)
[38/294]	1.047 (1.815)	40.00 (59.62)
[39/294]	0.879 (1.791)	55.00 (59.50)
[40/294]	0.703 (1.765)	80.00 (60.00)
[41/294]	0.694 (1.739)	70.00 (60.24)
[42/294]	0.632 (1.713)	80.00 (60.70)
[43/294]	0.681 (1.690)	75.00 (61.02)
[44/294]	0.651 (1.667)	75.00 (61.33)
[45/294]	0.727 (1.646)	60.00 (61.30)
[46/294]	0.707 (1.626)	70.00 (61.49)
[47/294]	0.672 (1.607)	75.00 (61.77)
[48/294]	0.704 (1.588)	75.00 (62.04)
[49/294]	0.684 (1.570)	70.00 (62.20)
[50/294]	0.616 (1.551)	80.00 (62.55)
[51/294]	0.540 (1.532)	90.00 (63.08)
[52/294]	0.476 (1.512)	95.00 (63.68)
[53/294]	0.552 (1.494)	90.00 (64.17)
[54/294]	0.563 (1.477)	75.00 (64.36)
[55/294]	0.496 (1.460)	85.00 (64.73)
[56/294]	0.491 (1.443)	95.00 (65.26)
[57/294]	0.577 (1.428)	85.00 (65.60)
[58/294]	0.443 (1.411)	95.00 (66.10)
[59/294]	0.565 (1.397)	85.00 (66.42)
[60/294]	0.820 (1.388)	60.00 (66.31)
[61/294]	0.453 (1.372)	85.00 (66.61)
[62/294]	0.551 (1.359)	75.00 (66.75)
[63/294]	0.601 (1.348)	75.00 (66.88)
[64/294]	0.370 (1.333)	95.00 (67.31)
[65/294]	0.488 (1.320)	85.00 (67.58)
[66/294]	0.412 (1.306)	90.00 (67.91)
[67/294]	0.558 (1.295)	80.00 (68.09)
[68/294]	0.475 (1.283)	85.00 (68.33)
[69/294]	0.537 (1.273)	80.00 (68.50)
[70/294]	0.330 (1.259)	100.00 (68.94)
[71/294]	0.645 (1.251)	70.00 (68.96)
[72/294]	0.441 (1.240)	95.00 (69.32)
[73/294]	0.543 (1.230)	80.00 (69.46)
[74/294]	0.275 (1.218)	100.00 (69.87)
[75/294]	0.552 (1.209)	80.00 (70.00)
[76/294]	0.333 (1.197)	90.00 (70.26)
[77/294]	0.560 (1.189)	85.00 (70.45)
[78/294]	0.487 (1.180)	80.00 (70.57)
[79/294]	0.441 (1.171)	85.00 (70.75)
[80/294]	0.350 (1.161)	95.00 (71.05)
[81/294]	0.507 (1.153)	80.00 (71.16)
[82/294]	0.446 (1.145)	85.00 (71.33)
[83/294]	0.330 (1.135)	95.00 (71.61)
[84/294]	0.414 (1.126)	90.00 (71.82)
[85/294]	0.306 (1.117)	100.00 (72.15)
[86/294]	0.394 (1.109)	85.00 (72.30)
[87/294]	0.408 (1.101)	80.00 (72.39)
[88/294]	0.364 (1.092)	80.00 (72.47)
[89/294]	0.243 (1.083)	95.00 (72.72)
[90/294]	0.232 (1.073)	90.00 (72.91)
[91/294]	0.404 (1.066)	85.00 (73.04)
[92/294]	0.368 (1.059)	85.00 (73.17)
[93/294]	0.326 (1.051)	90.00 (73.35)
[94/294]	0.247 (1.042)	95.00 (73.58)
[95/294]	0.435 (1.036)	75.00 (73.59)
[96/294]	0.182 (1.027)	100.00 (73.87)
[97/294]	0.311 (1.020)	90.00 (74.03)
[98/294]	0.213 (1.012)	95.00 (74.24)
[99/294]	0.360 (1.005)	85.00 (74.35)
[100/294]	0.291 (0.998)	90.00 (74.50)
[101/294]	0.227 (0.991)	95.00 (74.71)
[102/294]	0.221 (0.983)	95.00 (74.90)
[103/294]	0.243 (0.976)	95.00 (75.10)
[104/294]	0.368 (0.970)	85.00 (75.19)
[105/294]	0.257 (0.964)	90.00 (75.33)
[106/294]	0.465 (0.959)	85.00 (75.42)
[107/294]	0.286 (0.953)	90.00 (75.56)
[108/294]	0.259 (0.946)	95.00 (75.73)
[109/294]	0.311 (0.941)	90.00 (75.86)
[110/294]	0.265 (0.934)	90.00 (75.99)
[111/294]	0.158 (0.928)	95.00 (76.16)
[112/294]	0.400 (0.923)	75.00 (76.15)
[113/294]	0.398 (0.918)	85.00 (76.23)
[114/294]	0.205 (0.912)	95.00 (76.39)
[115/294]	0.181 (0.906)	95.00 (76.55)
[116/294]	0.167 (0.899)	95.00 (76.71)
[117/294]	0.193 (0.893)	95.00 (76.86)
[118/294]	0.163 (0.887)	95.00 (77.02)
[119/294]	0.228 (0.882)	95.00 (77.17)
[120/294]	0.211 (0.876)	95.00 (77.31)
[121/294]	0.273 (0.871)	90.00 (77.42)
[122/294]	0.229 (0.866)	90.00 (77.52)
[123/294]	0.213 (0.861)	95.00 (77.66)
[124/294]	0.207 (0.856)	95.00 (77.80)
[125/294]	0.240 (0.851)	90.00 (77.90)
[126/294]	0.225 (0.846)	90.00 (77.99)
[127/294]	0.410 (0.842)	90.00 (78.09)
[128/294]	0.314 (0.838)	90.00 (78.18)
[129/294]	0.286 (0.834)	95.00 (78.31)
[130/294]	0.222 (0.829)	95.00 (78.44)
[131/294]	0.087 (0.824)	100.00 (78.60)
[132/294]	0.159 (0.819)	95.00 (78.72)
[133/294]	0.399 (0.816)	90.00 (78.81)
[134/294]	0.351 (0.812)	85.00 (78.85)
[135/294]	0.311 (0.808)	85.00 (78.90)
[136/294]	0.158 (0.804)	90.00 (78.98)
[137/294]	0.601 (0.802)	75.00 (78.95)
[138/294]	0.402 (0.799)	85.00 (78.99)
[139/294]	0.117 (0.795)	100.00 (79.14)
[140/294]	0.176 (0.790)	95.00 (79.26)
[141/294]	0.109 (0.785)	100.00 (79.40)
[142/294]	0.220 (0.781)	90.00 (79.48)
[143/294]	0.155 (0.777)	95.00 (79.58)
[144/294]	0.118 (0.772)	100.00 (79.72)
[145/294]	0.201 (0.769)	95.00 (79.83)
[146/294]	0.213 (0.765)	95.00 (79.93)
[147/294]	0.227 (0.761)	90.00 (80.00)
[148/294]	0.172 (0.757)	95.00 (80.10)
[149/294]	0.224 (0.754)	90.00 (80.17)
[150/294]	0.127 (0.750)	100.00 (80.30)
[151/294]	0.117 (0.745)	100.00 (80.43)
[152/294]	0.133 (0.741)	95.00 (80.52)
[153/294]	0.154 (0.738)	90.00 (80.58)
[154/294]	0.435 (0.736)	85.00 (80.61)
[155/294]	0.325 (0.733)	95.00 (80.71)
[156/294]	0.229 (0.730)	95.00 (80.80)
[157/294]	0.087 (0.726)	95.00 (80.89)
[158/294]	0.141 (0.722)	90.00 (80.94)
[159/294]	0.115 (0.718)	100.00 (81.06)
[160/294]	0.203 (0.715)	90.00 (81.12)
[161/294]	0.103 (0.711)	100.00 (81.23)
[162/294]	0.101 (0.707)	100.00 (81.35)
[163/294]	0.170 (0.704)	95.00 (81.43)
[164/294]	0.279 (0.702)	90.00 (81.48)
[165/294]	0.120 (0.698)	100.00 (81.60)
[166/294]	0.221 (0.695)	90.00 (81.65)
[167/294]	0.123 (0.692)	100.00 (81.76)
[168/294]	0.175 (0.689)	95.00 (81.83)
[169/294]	0.235 (0.686)	90.00 (81.88)
[170/294]	0.167 (0.683)	95.00 (81.96)
[171/294]	0.170 (0.680)	100.00 (82.06)
[172/294]	0.176 (0.677)	95.00 (82.14)
[173/294]	0.201 (0.674)	90.00 (82.18)
[174/294]	0.379 (0.673)	85.00 (82.20)
[175/294]	0.084 (0.669)	100.00 (82.30)
[176/294]	0.111 (0.666)	95.00 (82.37)
[177/294]	0.169 (0.663)	95.00 (82.44)
[178/294]	0.136 (0.661)	95.00 (82.51)
[179/294]	0.176 (0.658)	90.00 (82.56)
[180/294]	0.219 (0.655)	90.00 (82.60)
[181/294]	0.105 (0.652)	100.00 (82.69)
[182/294]	0.095 (0.649)	100.00 (82.79)
[183/294]	0.125 (0.647)	100.00 (82.88)
[184/294]	0.119 (0.644)	95.00 (82.95)
[185/294]	0.085 (0.641)	100.00 (83.04)
[186/294]	0.201 (0.638)	95.00 (83.10)
[187/294]	0.125 (0.636)	100.00 (83.19)
[188/294]	0.196 (0.633)	90.00 (83.23)
[189/294]	0.256 (0.631)	90.00 (83.26)
[190/294]	0.137 (0.629)	100.00 (83.35)
[191/294]	0.137 (0.626)	100.00 (83.44)
[192/294]	0.091 (0.623)	100.00 (83.52)
[193/294]	0.107 (0.621)	100.00 (83.61)
[194/294]	0.098 (0.618)	95.00 (83.67)
[195/294]	0.141 (0.616)	95.00 (83.72)
[196/294]	0.080 (0.613)	100.00 (83.81)
[197/294]	0.063 (0.610)	100.00 (83.89)
[198/294]	0.133 (0.608)	95.00 (83.94)
[199/294]	0.076 (0.605)	100.00 (84.03)
[200/294]	0.172 (0.603)	95.00 (84.08)
[201/294]	0.091 (0.600)	95.00 (84.13)
[202/294]	0.231 (0.598)	85.00 (84.14)
[203/294]	0.164 (0.596)	90.00 (84.17)
[204/294]	0.327 (0.595)	85.00 (84.17)
[205/294]	0.263 (0.593)	90.00 (84.20)
[206/294]	0.154 (0.591)	90.00 (84.23)
[207/294]	0.035 (0.589)	100.00 (84.30)
[208/294]	0.048 (0.586)	100.00 (84.38)
[209/294]	0.068 (0.584)	100.00 (84.45)
[210/294]	0.046 (0.581)	100.00 (84.53)
[211/294]	0.190 (0.579)	95.00 (84.58)
[212/294]	0.099 (0.577)	100.00 (84.65)
[213/294]	0.125 (0.575)	95.00 (84.70)
[214/294]	0.176 (0.573)	95.00 (84.74)
[215/294]	0.103 (0.571)	95.00 (84.79)
[216/294]	0.060 (0.568)	100.00 (84.86)
[217/294]	0.153 (0.567)	95.00 (84.91)
[218/294]	0.061 (0.564)	100.00 (84.98)
[219/294]	0.074 (0.562)	100.00 (85.05)
[220/294]	0.199 (0.560)	90.00 (85.07)
[221/294]	0.169 (0.559)	90.00 (85.09)
[222/294]	0.175 (0.557)	95.00 (85.13)
[223/294]	0.191 (0.555)	95.00 (85.18)
[224/294]	0.060 (0.553)	100.00 (85.24)
[225/294]	0.227 (0.552)	85.00 (85.24)
[226/294]	0.062 (0.549)	100.00 (85.31)
[227/294]	0.207 (0.548)	90.00 (85.33)
[228/294]	0.154 (0.546)	95.00 (85.37)
[229/294]	0.193 (0.545)	95.00 (85.41)
[230/294]	0.112 (0.543)	90.00 (85.43)
[231/294]	0.205 (0.541)	90.00 (85.45)
[232/294]	0.154 (0.540)	95.00 (85.49)
[233/294]	0.081 (0.538)	95.00 (85.53)
[234/294]	0.118 (0.536)	95.00 (85.57)
[235/294]	0.060 (0.534)	100.00 (85.64)
[236/294]	0.077 (0.532)	100.00 (85.70)
[237/294]	0.155 (0.530)	95.00 (85.74)
[238/294]	0.043 (0.528)	100.00 (85.79)
[239/294]	0.231 (0.527)	85.00 (85.79)
[240/294]	0.086 (0.525)	100.00 (85.85)
[241/294]	0.058 (0.523)	100.00 (85.91)
[242/294]	0.064 (0.521)	100.00 (85.97)
[243/294]	0.085 (0.520)	100.00 (86.02)
[244/294]	0.079 (0.518)	100.00 (86.08)
[245/294]	0.053 (0.516)	100.00 (86.14)
[246/294]	0.174 (0.515)	95.00 (86.17)
[247/294]	0.034 (0.513)	100.00 (86.23)
[248/294]	0.034 (0.511)	100.00 (86.29)
[249/294]	0.173 (0.509)	90.00 (86.30)
[250/294]	0.065 (0.508)	100.00 (86.35)
[251/294]	0.187 (0.506)	95.00 (86.39)
[252/294]	0.099 (0.505)	95.00 (86.42)
[253/294]	0.061 (0.503)	100.00 (86.48)
[254/294]	0.035 (0.501)	100.00 (86.53)
[255/294]	0.124 (0.500)	95.00 (86.56)
[256/294]	0.088 (0.498)	100.00 (86.61)
[257/294]	0.061 (0.496)	100.00 (86.67)
[258/294]	0.106 (0.495)	100.00 (86.72)
[259/294]	0.151 (0.494)	100.00 (86.77)
[260/294]	0.110 (0.492)	100.00 (86.82)
[261/294]	0.078 (0.491)	100.00 (86.87)
[262/294]	0.066 (0.489)	100.00 (86.92)
[263/294]	0.045 (0.487)	100.00 (86.97)
[264/294]	0.086 (0.486)	95.00 (87.00)
[265/294]	0.034 (0.484)	100.00 (87.05)
[266/294]	0.040 (0.482)	100.00 (87.10)
[267/294]	0.049 (0.481)	100.00 (87.15)
[268/294]	0.027 (0.479)	100.00 (87.19)
[269/294]	0.045 (0.477)	100.00 (87.24)
[270/294]	0.073 (0.476)	100.00 (87.29)
[271/294]	0.059 (0.474)	100.00 (87.33)
[272/294]	0.031 (0.473)	100.00 (87.38)
[273/294]	0.143 (0.472)	95.00 (87.41)
[274/294]	0.063 (0.470)	100.00 (87.45)
[275/294]	0.027 (0.469)	100.00 (87.50)
[276/294]	0.033 (0.467)	100.00 (87.55)
[277/294]	0.257 (0.466)	90.00 (87.55)
[278/294]	0.022 (0.465)	100.00 (87.60)
[279/294]	0.025 (0.463)	100.00 (87.64)
[280/294]	0.034 (0.461)	100.00 (87.69)
[281/294]	0.035 (0.460)	100.00 (87.73)
[282/294]	0.209 (0.459)	90.00 (87.74)
[283/294]	0.024 (0.458)	100.00 (87.78)
[284/294]	0.027 (0.456)	100.00 (87.82)
[285/294]	0.057 (0.455)	100.00 (87.87)
[286/294]	0.020 (0.453)	100.00 (87.91)
[287/294]	0.018 (0.452)	100.00 (87.95)
[288/294]	0.110 (0.450)	90.00 (87.96)
[289/294]	0.019 (0.449)	100.00 (88.00)
[290/294]	0.132 (0.448)	95.00 (88.02)
[291/294]	0.045 (0.446)	100.00 (88.07)
[292/294]	0.031 (0.445)	100.00 (88.11)
[293/294]	0.038 (0.444)	100.00 (88.15)
 * Train Acc: 88.146
 * Avg. Data time: 0.005, Avg. Batch time: 0.063, Avg. Forward time: 0.004, Avg. Backward time: 0.047
Computing SI
 * Val Acc: 30.355, Time: 2.55
