=============Stream Learning Run 0=============
Changing output layer to contain 12 classes
============BEGINNING STREAM LEARNING============
=============Training Task 0=============
Active output nodes for this task: 
[0, 1]
=============Training Epoch 0=============
Batch	 Loss		 Acc
[0/294]	1.883 (1.883)	45.00 (45.00)
[1/294]	0.848 (1.365)	50.00 (47.50)
[2/294]	0.742 (1.158)	55.00 (50.00)
[3/294]	0.545 (1.004)	85.00 (58.75)
[4/294]	0.592 (0.922)	80.00 (63.00)
[5/294]	0.672 (0.880)	60.00 (62.50)
[6/294]	0.826 (0.873)	50.00 (60.71)
[7/294]	0.518 (0.828)	75.00 (62.50)
[8/294]	0.551 (0.798)	85.00 (65.00)
[9/294]	0.649 (0.783)	75.00 (66.00)
[10/294]	0.575 (0.764)	90.00 (68.18)
[11/294]	0.665 (0.756)	60.00 (67.50)
[12/294]	0.597 (0.743)	75.00 (68.08)
[13/294]	0.560 (0.730)	80.00 (68.93)
[14/294]	0.065 (0.686)	100.00 (71.00)
[15/294]	0.206 (0.656)	100.00 (72.81)
[16/294]	0.299 (0.635)	95.00 (74.12)
[17/294]	0.283 (0.615)	100.00 (75.56)
[18/294]	0.040 (0.585)	100.00 (76.84)
[19/294]	0.263 (0.569)	85.00 (77.25)
[20/294]	0.794 (0.580)	60.00 (76.43)
[21/294]	0.157 (0.561)	100.00 (77.50)
[22/294]	0.245 (0.547)	90.00 (78.04)
[23/294]	0.256 (0.535)	85.00 (78.33)
[24/294]	0.416 (0.530)	70.00 (78.00)
[25/294]	0.445 (0.527)	65.00 (77.50)
[26/294]	0.884 (0.540)	60.00 (76.85)
[27/294]	0.331 (0.532)	70.00 (76.61)
[28/294]	0.002 (0.514)	100.00 (77.41)
[29/294]	0.148 (0.502)	100.00 (78.17)
[30/294]	0.413 (0.499)	75.00 (78.06)
[31/294]	0.525 (0.500)	70.00 (77.81)
[32/294]	0.222 (0.491)	95.00 (78.33)
[33/294]	0.223 (0.484)	95.00 (78.82)
[34/294]	0.473 (0.483)	75.00 (78.71)
[35/294]	0.134 (0.474)	100.00 (79.31)
[36/294]	0.123 (0.464)	100.00 (79.86)
[37/294]	0.110 (0.455)	100.00 (80.39)
[38/294]	0.412 (0.454)	80.00 (80.38)
[39/294]	0.213 (0.448)	95.00 (80.75)
[40/294]	0.024 (0.437)	100.00 (81.22)
[41/294]	0.124 (0.430)	95.00 (81.55)
[42/294]	0.583 (0.433)	85.00 (81.63)
[43/294]	1.155 (0.450)	70.00 (81.36)
[44/294]	0.357 (0.448)	90.00 (81.56)
[45/294]	0.513 (0.449)	75.00 (81.41)
[46/294]	0.732 (0.455)	45.00 (80.64)
[47/294]	0.841 (0.463)	70.00 (80.42)
[48/294]	0.230 (0.458)	100.00 (80.82)
[49/294]	0.452 (0.458)	95.00 (81.10)
[50/294]	0.375 (0.457)	95.00 (81.37)
[51/294]	0.444 (0.456)	90.00 (81.54)
[52/294]	0.655 (0.460)	70.00 (81.32)
[53/294]	0.553 (0.462)	65.00 (81.02)
[54/294]	0.644 (0.465)	60.00 (80.64)
[55/294]	0.595 (0.468)	65.00 (80.36)
[56/294]	0.380 (0.466)	90.00 (80.53)
[57/294]	0.372 (0.464)	95.00 (80.78)
[58/294]	0.394 (0.463)	90.00 (80.93)
[59/294]	0.432 (0.463)	65.00 (80.67)
[60/294]	0.293 (0.460)	95.00 (80.90)
[61/294]	0.182 (0.455)	95.00 (81.13)
[62/294]	0.028 (0.449)	100.00 (81.43)
[63/294]	0.229 (0.445)	95.00 (81.64)
[64/294]	0.105 (0.440)	100.00 (81.92)
[65/294]	0.130 (0.435)	100.00 (82.20)
[66/294]	0.468 (0.436)	75.00 (82.09)
[67/294]	0.762 (0.441)	65.00 (81.84)
[68/294]	0.938 (0.448)	75.00 (81.74)
[69/294]	0.867 (0.454)	70.00 (81.57)
[70/294]	0.424 (0.453)	80.00 (81.55)
[71/294]	0.270 (0.451)	95.00 (81.74)
[72/294]	0.325 (0.449)	85.00 (81.78)
[73/294]	0.141 (0.445)	100.00 (82.03)
[74/294]	0.075 (0.440)	100.00 (82.27)
[75/294]	0.316 (0.438)	80.00 (82.24)
[76/294]	0.499 (0.439)	60.00 (81.95)
[77/294]	0.180 (0.436)	90.00 (82.05)
[78/294]	0.176 (0.433)	95.00 (82.22)
[79/294]	0.239 (0.430)	90.00 (82.31)
[80/294]	0.413 (0.430)	80.00 (82.28)
[81/294]	0.475 (0.430)	80.00 (82.26)
[82/294]	0.468 (0.431)	90.00 (82.35)
[83/294]	0.375 (0.430)	85.00 (82.38)
[84/294]	0.488 (0.431)	75.00 (82.29)
[85/294]	0.358 (0.430)	80.00 (82.27)
[86/294]	0.371 (0.429)	80.00 (82.24)
[87/294]	0.200 (0.427)	95.00 (82.39)
[88/294]	0.177 (0.424)	100.00 (82.58)
[89/294]	0.515 (0.425)	90.00 (82.67)
[90/294]	0.062 (0.421)	95.00 (82.80)
[91/294]	0.247 (0.419)	95.00 (82.93)
[92/294]	0.122 (0.416)	90.00 (83.01)
[93/294]	0.240 (0.414)	95.00 (83.14)
[94/294]	0.082 (0.411)	100.00 (83.32)
[95/294]	0.054 (0.407)	100.00 (83.49)
[96/294]	0.059 (0.403)	100.00 (83.66)
[97/294]	0.100 (0.400)	95.00 (83.78)
[98/294]	0.146 (0.398)	95.00 (83.89)
[99/294]	0.448 (0.398)	90.00 (83.95)
[100/294]	0.188 (0.396)	90.00 (84.01)
[101/294]	0.027 (0.392)	100.00 (84.17)
[102/294]	0.087 (0.389)	95.00 (84.27)
[103/294]	0.396 (0.389)	90.00 (84.33)
[104/294]	0.627 (0.392)	75.00 (84.24)
[105/294]	0.001 (0.388)	100.00 (84.39)
[106/294]	0.014 (0.385)	100.00 (84.53)
[107/294]	0.103 (0.382)	95.00 (84.63)
[108/294]	0.246 (0.381)	95.00 (84.72)
[109/294]	0.096 (0.378)	100.00 (84.86)
[110/294]	0.351 (0.378)	85.00 (84.86)
[111/294]	0.161 (0.376)	95.00 (84.96)
[112/294]	0.058 (0.373)	95.00 (85.04)
[113/294]	0.445 (0.374)	80.00 (85.00)
[114/294]	0.321 (0.373)	85.00 (85.00)
[115/294]	0.026 (0.370)	100.00 (85.13)
[116/294]	0.084 (0.368)	95.00 (85.21)
[117/294]	0.107 (0.366)	95.00 (85.30)
[118/294]	0.212 (0.364)	90.00 (85.34)
[119/294]	0.341 (0.364)	80.00 (85.29)
[120/294]	0.113 (0.362)	95.00 (85.37)
[121/294]	0.874 (0.366)	80.00 (85.33)
[122/294]	0.266 (0.365)	90.00 (85.37)
[123/294]	0.181 (0.364)	100.00 (85.48)
[124/294]	0.971 (0.369)	70.00 (85.36)
[125/294]	1.034 (0.374)	60.00 (85.16)
[126/294]	0.188 (0.373)	90.00 (85.20)
[127/294]	0.115 (0.371)	100.00 (85.31)
[128/294]	0.272 (0.370)	80.00 (85.27)
[129/294]	0.458 (0.371)	65.00 (85.12)
[130/294]	0.279 (0.370)	90.00 (85.15)
[131/294]	0.313 (0.369)	90.00 (85.19)
[132/294]	0.261 (0.369)	90.00 (85.23)
[133/294]	0.007 (0.366)	100.00 (85.34)
[134/294]	0.142 (0.364)	100.00 (85.44)
[135/294]	0.195 (0.363)	100.00 (85.55)
[136/294]	0.093 (0.361)	95.00 (85.62)
[137/294]	0.018 (0.359)	100.00 (85.72)
[138/294]	0.116 (0.357)	95.00 (85.79)
[139/294]	0.068 (0.355)	100.00 (85.89)
[140/294]	0.014 (0.352)	100.00 (85.99)
[141/294]	0.042 (0.350)	100.00 (86.09)
[142/294]	0.126 (0.349)	90.00 (86.12)
[143/294]	0.012 (0.346)	100.00 (86.22)
[144/294]	0.164 (0.345)	90.00 (86.24)
[145/294]	0.200 (0.344)	90.00 (86.27)
[146/294]	0.005 (0.342)	100.00 (86.36)
[147/294]	0.670 (0.344)	75.00 (86.28)
[148/294]	0.854 (0.347)	85.00 (86.28)
[149/294]	0.012 (0.345)	100.00 (86.37)
[150/294]	0.308 (0.345)	90.00 (86.39)
[151/294]	0.104 (0.343)	100.00 (86.48)
[152/294]	0.138 (0.342)	100.00 (86.57)
[153/294]	0.737 (0.344)	75.00 (86.49)
[154/294]	0.197 (0.344)	90.00 (86.52)
[155/294]	0.109 (0.342)	100.00 (86.60)
[156/294]	0.245 (0.341)	90.00 (86.62)
[157/294]	1.218 (0.347)	50.00 (86.39)
[158/294]	0.553 (0.348)	75.00 (86.32)
[159/294]	0.457 (0.349)	80.00 (86.28)
[160/294]	0.344 (0.349)	95.00 (86.34)
[161/294]	0.403 (0.349)	75.00 (86.27)
[162/294]	0.382 (0.349)	75.00 (86.20)
[163/294]	0.282 (0.349)	90.00 (86.22)
[164/294]	0.073 (0.347)	100.00 (86.30)
[165/294]	0.259 (0.347)	100.00 (86.39)
[166/294]	0.292 (0.346)	95.00 (86.44)
[167/294]	0.152 (0.345)	100.00 (86.52)
[168/294]	0.284 (0.345)	90.00 (86.54)
[169/294]	0.136 (0.344)	95.00 (86.59)
[170/294]	0.128 (0.342)	100.00 (86.67)
[171/294]	0.045 (0.341)	100.00 (86.74)
[172/294]	0.039 (0.339)	100.00 (86.82)
[173/294]	0.037 (0.337)	100.00 (86.90)
[174/294]	0.045 (0.336)	100.00 (86.97)
[175/294]	0.152 (0.335)	90.00 (86.99)
[176/294]	0.010 (0.333)	100.00 (87.06)
[177/294]	0.001 (0.331)	100.00 (87.13)
[178/294]	0.548 (0.332)	80.00 (87.09)
[179/294]	0.445 (0.333)	75.00 (87.03)
[180/294]	0.336 (0.333)	90.00 (87.04)
[181/294]	1.084 (0.337)	65.00 (86.92)
[182/294]	0.231 (0.336)	90.00 (86.94)
[183/294]	0.144 (0.335)	100.00 (87.01)
[184/294]	0.207 (0.335)	90.00 (87.03)
[185/294]	0.586 (0.336)	70.00 (86.94)
[186/294]	0.079 (0.334)	100.00 (87.01)
[187/294]	0.097 (0.333)	100.00 (87.07)
[188/294]	0.655 (0.335)	75.00 (87.01)
[189/294]	0.008 (0.333)	100.00 (87.08)
[190/294]	0.293 (0.333)	90.00 (87.09)
[191/294]	0.339 (0.333)	90.00 (87.11)
[192/294]	0.160 (0.332)	100.00 (87.18)
[193/294]	0.117 (0.331)	100.00 (87.24)
[194/294]	0.064 (0.330)	100.00 (87.31)
[195/294]	0.035 (0.328)	100.00 (87.37)
[196/294]	0.127 (0.327)	100.00 (87.44)
[197/294]	0.355 (0.327)	80.00 (87.40)
[198/294]	0.436 (0.328)	75.00 (87.34)
[199/294]	0.084 (0.327)	100.00 (87.40)
[200/294]	0.062 (0.325)	100.00 (87.46)
[201/294]	0.086 (0.324)	100.00 (87.52)
[202/294]	0.082 (0.323)	100.00 (87.59)
[203/294]	0.044 (0.322)	100.00 (87.65)
[204/294]	0.224 (0.321)	95.00 (87.68)
[205/294]	0.230 (0.321)	90.00 (87.69)
[206/294]	0.011 (0.319)	100.00 (87.75)
[207/294]	0.033 (0.318)	100.00 (87.81)
[208/294]	0.067 (0.317)	100.00 (87.87)
[209/294]	0.206 (0.316)	95.00 (87.90)
[210/294]	0.083 (0.315)	95.00 (87.94)
[211/294]	0.043 (0.314)	100.00 (88.00)
[212/294]	0.075 (0.313)	95.00 (88.03)
[213/294]	0.000 (0.311)	100.00 (88.08)
[214/294]	0.001 (0.310)	100.00 (88.14)
[215/294]	0.002 (0.308)	100.00 (88.19)
[216/294]	0.010 (0.307)	100.00 (88.25)
[217/294]	0.090 (0.306)	95.00 (88.28)
[218/294]	0.076 (0.305)	95.00 (88.31)
[219/294]	0.021 (0.303)	100.00 (88.36)
[220/294]	0.020 (0.302)	100.00 (88.42)
[221/294]	0.009 (0.301)	100.00 (88.47)
[222/294]	0.222 (0.301)	95.00 (88.50)
[223/294]	0.001 (0.299)	100.00 (88.55)
[224/294]	0.000 (0.298)	100.00 (88.60)
[225/294]	0.783 (0.300)	90.00 (88.61)
[226/294]	0.311 (0.300)	90.00 (88.61)
[227/294]	0.577 (0.301)	55.00 (88.46)
[228/294]	0.238 (0.301)	85.00 (88.45)
[229/294]	0.028 (0.300)	100.00 (88.50)
[230/294]	0.022 (0.299)	100.00 (88.55)
[231/294]	0.353 (0.299)	75.00 (88.49)
[232/294]	0.241 (0.299)	85.00 (88.48)
[233/294]	0.136 (0.298)	95.00 (88.50)
[234/294]	0.272 (0.298)	95.00 (88.53)
[235/294]	0.014 (0.297)	100.00 (88.58)
[236/294]	0.169 (0.296)	95.00 (88.61)
[237/294]	0.053 (0.295)	100.00 (88.66)
[238/294]	0.002 (0.294)	100.00 (88.70)
[239/294]	0.264 (0.294)	90.00 (88.71)
[240/294]	1.420 (0.298)	65.00 (88.61)
[241/294]	0.277 (0.298)	85.00 (88.60)
[242/294]	0.058 (0.297)	100.00 (88.64)
[243/294]	0.174 (0.297)	95.00 (88.67)
[244/294]	0.232 (0.297)	95.00 (88.69)
[245/294]	0.165 (0.296)	100.00 (88.74)
[246/294]	0.444 (0.297)	70.00 (88.66)
[247/294]	0.354 (0.297)	85.00 (88.65)
[248/294]	0.140 (0.296)	100.00 (88.69)
[249/294]	0.133 (0.296)	100.00 (88.74)
[250/294]	0.186 (0.295)	100.00 (88.78)
[251/294]	0.114 (0.294)	100.00 (88.83)
[252/294]	0.287 (0.294)	90.00 (88.83)
[253/294]	0.200 (0.294)	95.00 (88.86)
[254/294]	0.139 (0.293)	100.00 (88.90)
[255/294]	0.064 (0.292)	100.00 (88.95)
[256/294]	0.061 (0.292)	100.00 (88.99)
[257/294]	0.024 (0.291)	100.00 (89.03)
[258/294]	0.074 (0.290)	100.00 (89.07)
[259/294]	0.019 (0.289)	100.00 (89.12)
[260/294]	0.038 (0.288)	100.00 (89.16)
[261/294]	0.033 (0.287)	100.00 (89.20)
[262/294]	0.008 (0.286)	100.00 (89.24)
[263/294]	0.105 (0.285)	95.00 (89.26)
[264/294]	0.690 (0.286)	70.00 (89.19)
[265/294]	0.833 (0.289)	55.00 (89.06)
[266/294]	0.054 (0.288)	100.00 (89.10)
[267/294]	0.122 (0.287)	90.00 (89.10)
[268/294]	0.271 (0.287)	95.00 (89.13)
[269/294]	0.034 (0.286)	100.00 (89.17)
[270/294]	0.511 (0.287)	75.00 (89.11)
[271/294]	0.081 (0.286)	100.00 (89.15)
[272/294]	0.038 (0.285)	100.00 (89.19)
[273/294]	0.002 (0.284)	100.00 (89.23)
[274/294]	0.717 (0.286)	90.00 (89.24)
[275/294]	0.628 (0.287)	80.00 (89.20)
[276/294]	0.289 (0.287)	80.00 (89.17)
[277/294]	0.017 (0.286)	100.00 (89.21)
[278/294]	0.077 (0.285)	100.00 (89.25)
[279/294]	0.180 (0.285)	100.00 (89.29)
[280/294]	0.077 (0.284)	100.00 (89.32)
[281/294]	0.054 (0.283)	100.00 (89.36)
[282/294]	0.115 (0.283)	100.00 (89.40)
[283/294]	0.225 (0.283)	95.00 (89.42)
[284/294]	0.417 (0.283)	90.00 (89.42)
[285/294]	0.429 (0.284)	85.00 (89.41)
[286/294]	0.329 (0.284)	90.00 (89.41)
[287/294]	0.120 (0.283)	100.00 (89.44)
[288/294]	0.092 (0.282)	100.00 (89.48)
[289/294]	0.059 (0.282)	100.00 (89.52)
[290/294]	0.025 (0.281)	100.00 (89.55)
[291/294]	0.059 (0.280)	100.00 (89.59)
[292/294]	0.086 (0.279)	95.00 (89.61)
[293/294]	0.000 (0.278)	100.00 (89.64)
 * Train Acc: 89.643
 * Avg. Data time: 0.021, Avg. Batch time: 0.073, Avg. Forward time: 0.004, Avg. Backward time: 0.022
Constructing exemplars for class 0
Constructing exemplars for class 1
 * Test Acc: 90.357, Time: 4.62
=============Training Task 1=============
Active output nodes for this task: 
[0, 1, 2, 3]
=============Training Epoch 0=============
Getting replay labels
Batch	 Loss		 Acc
[0/294]	0.545 (3.111)	0.00 (0.00)
[1/294]	0.647 (2.572)	0.00 (0.00)
[2/294]	0.658 (2.126)	45.00 (15.00)
[3/294]	0.671 (1.824)	55.00 (25.00)
[4/294]	0.786 (1.617)	70.00 (34.00)
[5/294]	0.981 (1.480)	55.00 (37.50)
[6/294]	1.109 (1.381)	45.00 (38.57)
[7/294]	0.836 (1.281)	85.00 (44.38)
[8/294]	0.815 (1.200)	75.00 (47.78)
[9/294]	0.721 (1.136)	85.00 (51.50)
[10/294]	0.729 (1.104)	60.00 (52.27)
[11/294]	0.738 (1.078)	60.00 (52.92)
[12/294]	0.677 (1.055)	65.00 (53.85)
[13/294]	0.705 (1.037)	70.00 (55.00)
 * Train Acc: 55.000
 * Avg. Data time: 0.134, Avg. Batch time: 0.187, Avg. Train-batch time: 0.024, Avg. Replay-batch time: 0.027
Constructing exemplars for class 2
Constructing exemplars for class 3
 * Test Acc: 21.567, Time: 8.13
=============Training Task 2=============
Active output nodes for this task: 
[0, 1, 2, 3, 4, 5]
=============Training Epoch 0=============
Getting replay labels
Batch	 Loss		 Acc
[0/294]	0.641 (2.512)	0.00 (0.00)
[1/294]	0.662 (2.239)	0.00 (0.00)
[2/294]	0.660 (2.087)	0.00 (0.00)
[3/294]	0.674 (1.984)	45.00 (11.25)
[4/294]	0.719 (1.877)	50.00 (19.00)
[5/294]	0.862 (1.772)	50.00 (24.17)
[6/294]	1.023 (1.654)	50.00 (27.86)
[7/294]	1.031 (1.559)	50.00 (30.62)
[8/294]	0.861 (1.500)	50.00 (32.78)
[9/294]	0.796 (1.457)	55.00 (35.00)
[10/294]	0.830 (1.421)	50.00 (36.36)
[11/294]	0.914 (1.371)	50.00 (37.50)
[12/294]	1.047 (1.320)	50.00 (38.46)
[13/294]	0.940 (1.276)	75.00 (41.07)
[14/294]	0.826 (1.241)	60.00 (42.33)
[15/294]	0.915 (1.215)	50.00 (42.81)
[16/294]	0.803 (1.195)	50.00 (43.24)
[17/294]	0.806 (1.166)	95.00 (46.11)
[18/294]	0.955 (1.148)	60.00 (46.84)
[19/294]	0.885 (1.123)	75.00 (48.25)
 * Train Acc: 48.250
 * Avg. Data time: 0.088, Avg. Batch time: 0.163, Avg. Train-batch time: 0.028, Avg. Replay-batch time: 0.039
Constructing exemplars for class 4
Constructing exemplars for class 5
 * Test Acc: 22.369, Time: 13.29
=============Training Task 3=============
Active output nodes for this task: 
[0, 1, 2, 3, 4, 5, 6, 7]
=============Training Epoch 0=============
Getting replay labels
Batch	 Loss		 Acc
[0/294]	0.616 (3.716)	0.00 (0.00)
[1/294]	0.637 (2.945)	0.00 (0.00)
[2/294]	0.649 (2.672)	0.00 (0.00)
[3/294]	0.664 (2.510)	0.00 (0.00)
[4/294]	0.676 (2.390)	45.00 (9.00)
[5/294]	0.705 (2.272)	50.00 (15.83)
[6/294]	0.727 (2.132)	50.00 (20.71)
[7/294]	0.905 (1.997)	50.00 (24.38)
[8/294]	0.991 (1.865)	50.00 (27.22)
[9/294]	1.189 (1.755)	50.00 (29.50)
[10/294]	1.094 (1.663)	50.00 (31.36)
[11/294]	1.012 (1.586)	50.00 (32.92)
[12/294]	0.949 (1.521)	50.00 (34.23)
[13/294]	0.859 (1.467)	50.00 (35.36)
[14/294]	0.904 (1.428)	70.00 (37.67)
[15/294]	0.768 (1.400)	50.00 (38.44)
[16/294]	0.902 (1.372)	50.00 (39.12)
[17/294]	0.795 (1.342)	50.00 (39.72)
[18/294]	0.981 (1.323)	40.00 (39.74)
[19/294]	1.073 (1.299)	35.00 (39.50)
[20/294]	0.935 (1.275)	50.00 (40.00)
[21/294]	0.928 (1.252)	50.00 (40.45)
[22/294]	0.972 (1.231)	50.00 (40.87)
[23/294]	0.886 (1.212)	50.00 (41.25)
 * Train Acc: 41.250
 * Avg. Data time: 0.068, Avg. Batch time: 0.135, Avg. Train-batch time: 0.027, Avg. Replay-batch time: 0.036
Constructing exemplars for class 6
Constructing exemplars for class 7
 * Test Acc: 13.689, Time: 15.54
=============Training Task 4=============
Active output nodes for this task: 
[0, 1, 2, 3, 4, 5, 6, 7, 8, 9]
=============Training Epoch 0=============
Getting replay labels
Batch	 Loss		 Acc
[0/294]	0.598 (3.862)	0.00 (0.00)
[1/294]	0.673 (3.173)	0.00 (0.00)
[2/294]	0.676 (2.863)	0.00 (0.00)
[3/294]	0.671 (2.710)	0.00 (0.00)
[4/294]	0.672 (2.620)	0.00 (0.00)
[5/294]	0.682 (2.552)	0.00 (0.00)
[6/294]	0.680 (2.491)	45.00 (6.43)
[7/294]	0.684 (2.432)	50.00 (11.88)
[8/294]	0.719 (2.346)	50.00 (16.11)
[9/294]	0.740 (2.236)	50.00 (19.50)
[10/294]	0.920 (2.108)	50.00 (22.27)
[11/294]	1.300 (2.000)	50.00 (24.58)
[12/294]	1.222 (1.904)	40.00 (25.77)
[13/294]	1.041 (1.829)	50.00 (27.50)
[14/294]	1.106 (1.754)	50.00 (29.00)
[15/294]	0.818 (1.691)	50.00 (30.31)
[16/294]	0.787 (1.637)	80.00 (33.24)
[17/294]	0.746 (1.602)	50.00 (34.17)
[18/294]	0.795 (1.570)	60.00 (35.53)
[19/294]	0.830 (1.532)	80.00 (37.75)
[20/294]	0.916 (1.482)	100.00 (40.71)
[21/294]	0.783 (1.459)	50.00 (41.14)
[22/294]	1.059 (1.428)	55.00 (41.74)
[23/294]	0.840 (1.406)	50.00 (42.08)
[24/294]	0.866 (1.396)	35.00 (41.80)
[25/294]	0.866 (1.371)	75.00 (43.08)
 * Train Acc: 43.077
 * Avg. Data time: 0.071, Avg. Batch time: 0.136, Avg. Train-batch time: 0.025, Avg. Replay-batch time: 0.036
Constructing exemplars for class 8
Constructing exemplars for class 9
 * Test Acc: 14.771, Time: 20.31
=============Training Task 5=============
Active output nodes for this task: 
[0, 1, 2, 3, 4, 5, 6, 7, 8, 9, 10, 11]
=============Training Epoch 0=============
Getting replay labels
Batch	 Loss		 Acc
[0/294]	0.575 (5.022)	0.00 (0.00)
[1/294]	0.642 (3.827)	0.00 (0.00)
[2/294]	0.660 (3.360)	0.00 (0.00)
[3/294]	0.669 (3.122)	0.00 (0.00)
[4/294]	0.672 (2.977)	0.00 (0.00)
[5/294]	0.679 (2.878)	0.00 (0.00)
[6/294]	0.678 (2.804)	0.00 (0.00)
[7/294]	0.675 (2.745)	15.00 (1.88)
[8/294]	0.676 (2.696)	45.00 (6.67)
[9/294]	0.679 (2.652)	60.00 (12.00)
[10/294]	0.683 (2.604)	50.00 (15.45)
[11/294]	0.675 (2.551)	50.00 (18.33)
[12/294]	0.702 (2.483)	50.00 (20.77)
[13/294]	0.807 (2.394)	50.00 (22.86)
[14/294]	0.936 (2.298)	50.00 (24.67)
[15/294]	0.969 (2.231)	50.00 (26.25)
[16/294]	0.858 (2.139)	90.00 (30.00)
[17/294]	0.995 (2.084)	50.00 (31.11)
[18/294]	0.822 (2.012)	50.00 (32.11)
[19/294]	0.709 (1.955)	50.00 (33.00)
[20/294]	0.898 (1.910)	50.00 (33.81)
[21/294]	0.840 (1.887)	50.00 (34.55)
[22/294]	0.829 (1.852)	50.00 (35.22)
[23/294]	0.883 (1.810)	50.00 (35.83)
[24/294]	0.901 (1.771)	50.00 (36.40)
[25/294]	0.923 (1.730)	70.00 (37.69)
[26/294]	0.959 (1.690)	70.00 (38.89)
[27/294]	0.942 (1.656)	70.00 (40.00)
 * Train Acc: 40.000
 * Avg. Data time: 0.071, Avg. Batch time: 0.126, Avg. Train-batch time: 0.024, Avg. Replay-batch time: 0.026
Constructing exemplars for class 10
Constructing exemplars for class 11
 * Test Acc: 10.595, Time: 63.25
=============Stream Learning Run 1=============
Changing output layer to contain 12 classes
============BEGINNING STREAM LEARNING============
=============Training Task 0=============
Active output nodes for this task: 
[0, 1]
=============Training Epoch 0=============
Batch	 Loss		 Acc
[0/294]	0.826 (0.826)	50.00 (50.00)
[1/294]	0.782 (0.804)	55.00 (52.50)
[2/294]	0.576 (0.728)	70.00 (58.33)
[3/294]	0.652 (0.709)	55.00 (57.50)
[4/294]	0.165 (0.600)	100.00 (66.00)
[5/294]	0.104 (0.518)	100.00 (71.67)
[6/294]	0.071 (0.454)	100.00 (75.71)
[7/294]	0.212 (0.424)	90.00 (77.50)
[8/294]	0.219 (0.401)	85.00 (78.33)
[9/294]	0.557 (0.417)	65.00 (77.00)
[10/294]	0.963 (0.466)	55.00 (75.00)
[11/294]	0.088 (0.435)	100.00 (77.08)
[12/294]	0.020 (0.403)	100.00 (78.85)
[13/294]	0.024 (0.376)	100.00 (80.36)
[14/294]	0.117 (0.359)	100.00 (81.67)
[15/294]	0.164 (0.346)	95.00 (82.50)
[16/294]	0.232 (0.340)	90.00 (82.94)
[17/294]	0.007 (0.321)	100.00 (83.89)
[18/294]	0.150 (0.312)	95.00 (84.47)
[19/294]	0.386 (0.316)	80.00 (84.25)
[20/294]	0.170 (0.309)	95.00 (84.76)
[21/294]	0.033 (0.296)	100.00 (85.45)
[22/294]	0.655 (0.312)	85.00 (85.43)
[23/294]	0.608 (0.324)	80.00 (85.21)
[24/294]	0.167 (0.318)	85.00 (85.20)
[25/294]	0.021 (0.307)	100.00 (85.77)
[26/294]	0.013 (0.296)	100.00 (86.30)
[27/294]	0.024 (0.286)	100.00 (86.79)
[28/294]	0.136 (0.281)	100.00 (87.24)
[29/294]	0.054 (0.273)	100.00 (87.67)
[30/294]	0.019 (0.265)	100.00 (88.06)
[31/294]	0.069 (0.259)	100.00 (88.44)
[32/294]	0.457 (0.265)	75.00 (88.03)
[33/294]	0.464 (0.271)	65.00 (87.35)
[34/294]	0.176 (0.268)	90.00 (87.43)
[35/294]	0.001 (0.261)	100.00 (87.78)
[36/294]	0.000 (0.254)	100.00 (88.11)
[37/294]	0.098 (0.250)	100.00 (88.42)
[38/294]	0.447 (0.255)	75.00 (88.08)
[39/294]	0.127 (0.251)	100.00 (88.38)
[40/294]	0.036 (0.246)	100.00 (88.66)
[41/294]	0.000 (0.240)	100.00 (88.93)
[42/294]	0.025 (0.235)	100.00 (89.19)
[43/294]	0.183 (0.234)	90.00 (89.20)
[44/294]	0.467 (0.239)	80.00 (89.00)
[45/294]	0.004 (0.234)	100.00 (89.24)
[46/294]	1.038 (0.251)	65.00 (88.72)
[47/294]	0.002 (0.246)	100.00 (88.96)
[48/294]	0.002 (0.241)	100.00 (89.18)
[49/294]	0.751 (0.251)	65.00 (88.70)
[50/294]	0.190 (0.250)	95.00 (88.82)
[51/294]	0.015 (0.246)	100.00 (89.04)
[52/294]	0.213 (0.245)	95.00 (89.15)
[53/294]	0.047 (0.241)	100.00 (89.35)
[54/294]	0.366 (0.244)	85.00 (89.27)
[55/294]	0.469 (0.248)	90.00 (89.29)
[56/294]	0.316 (0.249)	100.00 (89.47)
[57/294]	0.249 (0.249)	100.00 (89.66)
[58/294]	0.320 (0.250)	70.00 (89.32)
[59/294]	0.204 (0.249)	90.00 (89.33)
[60/294]	0.391 (0.252)	75.00 (89.10)
[61/294]	0.236 (0.251)	85.00 (89.03)
[62/294]	0.070 (0.248)	100.00 (89.21)
[63/294]	0.467 (0.252)	55.00 (88.67)
[64/294]	0.352 (0.253)	80.00 (88.54)
[65/294]	0.042 (0.250)	100.00 (88.71)
[66/294]	0.482 (0.254)	70.00 (88.43)
[67/294]	0.154 (0.252)	85.00 (88.38)
[68/294]	0.176 (0.251)	95.00 (88.48)
[69/294]	0.378 (0.253)	80.00 (88.36)
[70/294]	0.513 (0.257)	85.00 (88.31)
[71/294]	0.436 (0.259)	80.00 (88.19)
[72/294]	0.595 (0.264)	70.00 (87.95)
[73/294]	0.131 (0.262)	100.00 (88.11)
[74/294]	0.176 (0.261)	100.00 (88.27)
[75/294]	0.258 (0.261)	85.00 (88.22)
[76/294]	0.107 (0.259)	95.00 (88.31)
[77/294]	1.731 (0.278)	50.00 (87.82)
[78/294]	0.796 (0.284)	60.00 (87.47)
[79/294]	0.374 (0.285)	60.00 (87.12)
[80/294]	0.122 (0.283)	100.00 (87.28)
[81/294]	0.212 (0.282)	95.00 (87.38)
[82/294]	0.296 (0.282)	95.00 (87.47)
[83/294]	0.438 (0.284)	55.00 (87.08)
[84/294]	0.385 (0.286)	75.00 (86.94)
[85/294]	0.386 (0.287)	80.00 (86.86)
[86/294]	0.325 (0.287)	85.00 (86.84)
[87/294]	0.210 (0.286)	100.00 (86.99)
[88/294]	0.315 (0.287)	80.00 (86.91)
[89/294]	0.328 (0.287)	70.00 (86.72)
[90/294]	0.354 (0.288)	75.00 (86.59)
[91/294]	0.369 (0.289)	80.00 (86.52)
[92/294]	0.319 (0.289)	80.00 (86.45)
[93/294]	0.254 (0.289)	95.00 (86.54)
[94/294]	0.424 (0.290)	80.00 (86.47)
[95/294]	0.211 (0.289)	95.00 (86.56)
[96/294]	0.166 (0.288)	100.00 (86.70)
[97/294]	0.310 (0.288)	95.00 (86.79)
[98/294]	0.284 (0.288)	100.00 (86.92)
[99/294]	0.358 (0.289)	100.00 (87.05)
[100/294]	0.489 (0.291)	100.00 (87.18)
[101/294]	0.301 (0.291)	95.00 (87.25)
[102/294]	0.118 (0.289)	100.00 (87.38)
[103/294]	0.099 (0.287)	100.00 (87.50)
[104/294]	0.196 (0.287)	100.00 (87.62)
[105/294]	0.202 (0.286)	95.00 (87.69)
[106/294]	0.192 (0.285)	90.00 (87.71)
[107/294]	0.064 (0.283)	95.00 (87.78)
[108/294]	0.000 (0.280)	100.00 (87.89)
[109/294]	0.343 (0.281)	85.00 (87.86)
[110/294]	0.047 (0.279)	100.00 (87.97)
[111/294]	0.071 (0.277)	100.00 (88.08)
[112/294]	0.051 (0.275)	100.00 (88.19)
[113/294]	0.000 (0.272)	100.00 (88.29)
[114/294]	0.000 (0.270)	100.00 (88.39)
[115/294]	0.000 (0.268)	100.00 (88.49)
[116/294]	0.014 (0.266)	100.00 (88.59)
[117/294]	0.336 (0.266)	95.00 (88.64)
[118/294]	0.039 (0.264)	95.00 (88.70)
[119/294]	0.580 (0.267)	90.00 (88.71)
[120/294]	0.200 (0.266)	95.00 (88.76)
[121/294]	0.001 (0.264)	100.00 (88.85)
[122/294]	2.386 (0.281)	55.00 (88.58)
[123/294]	0.392 (0.282)	75.00 (88.47)
[124/294]	0.213 (0.282)	80.00 (88.40)
[125/294]	0.008 (0.280)	100.00 (88.49)
[126/294]	0.012 (0.277)	100.00 (88.58)
[127/294]	0.149 (0.276)	90.00 (88.59)
[128/294]	0.206 (0.276)	95.00 (88.64)
[129/294]	0.399 (0.277)	80.00 (88.58)
[130/294]	0.215 (0.276)	80.00 (88.51)
[131/294]	0.136 (0.275)	100.00 (88.60)
[132/294]	0.185 (0.275)	90.00 (88.61)
[133/294]	0.003 (0.273)	100.00 (88.69)
[134/294]	0.137 (0.272)	95.00 (88.74)
[135/294]	0.008 (0.270)	100.00 (88.82)
[136/294]	0.018 (0.268)	100.00 (88.91)
[137/294]	0.014 (0.266)	100.00 (88.99)
[138/294]	0.180 (0.265)	95.00 (89.03)
[139/294]	0.033 (0.264)	100.00 (89.11)
[140/294]	0.276 (0.264)	85.00 (89.08)
[141/294]	0.563 (0.266)	85.00 (89.05)
[142/294]	0.156 (0.265)	85.00 (89.02)
[143/294]	0.001 (0.263)	100.00 (89.10)
[144/294]	0.126 (0.262)	95.00 (89.14)
[145/294]	0.125 (0.261)	90.00 (89.14)
[146/294]	0.000 (0.260)	100.00 (89.22)
[147/294]	0.269 (0.260)	85.00 (89.19)
[148/294]	0.169 (0.259)	95.00 (89.23)
[149/294]	0.171 (0.259)	95.00 (89.27)
[150/294]	0.046 (0.257)	100.00 (89.34)
[151/294]	0.000 (0.255)	100.00 (89.41)
[152/294]	0.000 (0.254)	100.00 (89.48)
[153/294]	0.000 (0.252)	100.00 (89.55)
[154/294]	0.053 (0.251)	100.00 (89.61)
[155/294]	0.040 (0.249)	100.00 (89.68)
[156/294]	0.103 (0.249)	100.00 (89.75)
[157/294]	0.232 (0.248)	90.00 (89.75)
[158/294]	0.110 (0.248)	100.00 (89.81)
[159/294]	0.147 (0.247)	90.00 (89.81)
[160/294]	0.017 (0.246)	100.00 (89.88)
[161/294]	0.044 (0.244)	100.00 (89.94)
[162/294]	0.060 (0.243)	100.00 (90.00)
[163/294]	0.009 (0.242)	100.00 (90.06)
[164/294]	0.000 (0.240)	100.00 (90.12)
[165/294]	0.074 (0.239)	95.00 (90.15)
[166/294]	0.060 (0.238)	100.00 (90.21)
[167/294]	0.007 (0.237)	100.00 (90.27)
[168/294]	0.001 (0.235)	100.00 (90.33)
[169/294]	0.188 (0.235)	90.00 (90.32)
[170/294]	0.207 (0.235)	90.00 (90.32)
[171/294]	0.352 (0.236)	75.00 (90.23)
[172/294]	0.074 (0.235)	90.00 (90.23)
[173/294]	0.004 (0.233)	100.00 (90.29)
[174/294]	0.033 (0.232)	100.00 (90.34)
[175/294]	1.437 (0.239)	65.00 (90.20)
[176/294]	0.078 (0.238)	90.00 (90.20)
[177/294]	0.000 (0.237)	100.00 (90.25)
[178/294]	0.002 (0.236)	100.00 (90.31)
[179/294]	1.319 (0.242)	65.00 (90.17)
[180/294]	0.181 (0.241)	90.00 (90.17)
[181/294]	0.196 (0.241)	85.00 (90.14)
[182/294]	0.293 (0.241)	100.00 (90.19)
[183/294]	0.160 (0.241)	100.00 (90.24)
[184/294]	0.067 (0.240)	100.00 (90.30)
[185/294]	0.437 (0.241)	95.00 (90.32)
[186/294]	0.195 (0.241)	100.00 (90.37)
[187/294]	0.096 (0.240)	100.00 (90.43)
[188/294]	0.101 (0.239)	100.00 (90.48)
[189/294]	0.407 (0.240)	75.00 (90.39)
[190/294]	0.311 (0.240)	80.00 (90.34)
[191/294]	0.072 (0.240)	100.00 (90.39)
[192/294]	0.235 (0.240)	100.00 (90.44)
[193/294]	0.235 (0.239)	90.00 (90.44)
[194/294]	0.129 (0.239)	100.00 (90.49)
[195/294]	0.001 (0.238)	100.00 (90.54)
[196/294]	0.028 (0.237)	100.00 (90.58)
[197/294]	0.130 (0.236)	90.00 (90.58)
[198/294]	0.104 (0.235)	100.00 (90.63)
[199/294]	0.166 (0.235)	95.00 (90.65)
[200/294]	0.154 (0.235)	95.00 (90.67)
[201/294]	0.130 (0.234)	90.00 (90.67)
[202/294]	0.037 (0.233)	100.00 (90.71)
[203/294]	0.041 (0.232)	100.00 (90.76)
[204/294]	0.068 (0.231)	100.00 (90.80)
[205/294]	0.064 (0.231)	100.00 (90.85)
[206/294]	0.200 (0.230)	85.00 (90.82)
[207/294]	0.037 (0.230)	100.00 (90.87)
[208/294]	0.044 (0.229)	100.00 (90.91)
[209/294]	0.164 (0.228)	95.00 (90.93)
[210/294]	0.116 (0.228)	100.00 (90.97)
[211/294]	0.007 (0.227)	100.00 (91.01)
[212/294]	0.007 (0.226)	100.00 (91.06)
[213/294]	0.536 (0.227)	75.00 (90.98)
[214/294]	0.446 (0.228)	90.00 (90.98)
[215/294]	0.119 (0.228)	90.00 (90.97)
[216/294]	0.002 (0.227)	100.00 (91.01)
[217/294]	0.000 (0.226)	100.00 (91.06)
[218/294]	0.000 (0.225)	100.00 (91.10)
[219/294]	0.044 (0.224)	95.00 (91.11)
[220/294]	0.172 (0.224)	95.00 (91.13)
[221/294]	0.082 (0.223)	100.00 (91.17)
[222/294]	0.001 (0.222)	100.00 (91.21)
[223/294]	0.013 (0.221)	100.00 (91.25)
[224/294]	0.187 (0.221)	95.00 (91.27)
[225/294]	0.000 (0.220)	100.00 (91.31)
[226/294]	0.345 (0.220)	90.00 (91.30)
[227/294]	0.028 (0.220)	100.00 (91.34)
[228/294]	0.046 (0.219)	100.00 (91.38)
[229/294]	0.016 (0.218)	100.00 (91.41)
[230/294]	0.022 (0.217)	100.00 (91.45)
[231/294]	1.425 (0.222)	55.00 (91.29)
[232/294]	0.285 (0.223)	85.00 (91.27)
[233/294]	0.116 (0.222)	90.00 (91.26)
[234/294]	0.150 (0.222)	80.00 (91.21)
[235/294]	0.047 (0.221)	100.00 (91.25)
[236/294]	0.124 (0.221)	90.00 (91.24)
[237/294]	0.097 (0.220)	100.00 (91.28)
[238/294]	0.312 (0.221)	90.00 (91.28)
[239/294]	0.070 (0.220)	95.00 (91.29)
[240/294]	0.027 (0.219)	100.00 (91.33)
[241/294]	0.010 (0.218)	100.00 (91.36)
[242/294]	0.105 (0.218)	100.00 (91.40)
[243/294]	0.112 (0.217)	95.00 (91.41)
[244/294]	0.033 (0.217)	100.00 (91.45)
[245/294]	0.098 (0.216)	100.00 (91.48)
[246/294]	0.231 (0.216)	90.00 (91.48)
[247/294]	0.002 (0.215)	100.00 (91.51)
[248/294]	0.181 (0.215)	90.00 (91.51)
[249/294]	1.218 (0.219)	85.00 (91.48)
[250/294]	0.081 (0.219)	95.00 (91.49)
[251/294]	0.082 (0.218)	100.00 (91.53)
[252/294]	0.371 (0.219)	75.00 (91.46)
[253/294]	0.106 (0.218)	100.00 (91.50)
[254/294]	0.170 (0.218)	95.00 (91.51)
[255/294]	0.069 (0.217)	100.00 (91.54)
[256/294]	0.184 (0.217)	95.00 (91.56)
[257/294]	0.512 (0.218)	70.00 (91.47)
[258/294]	0.213 (0.218)	100.00 (91.51)
[259/294]	0.105 (0.218)	100.00 (91.54)
[260/294]	0.132 (0.218)	100.00 (91.57)
[261/294]	0.085 (0.217)	100.00 (91.60)
[262/294]	0.162 (0.217)	100.00 (91.63)
[263/294]	0.196 (0.217)	100.00 (91.67)
[264/294]	0.112 (0.216)	100.00 (91.70)
[265/294]	0.102 (0.216)	95.00 (91.71)
[266/294]	0.040 (0.215)	100.00 (91.74)
[267/294]	0.085 (0.215)	100.00 (91.77)
[268/294]	0.038 (0.214)	100.00 (91.80)
[269/294]	0.078 (0.214)	100.00 (91.83)
[270/294]	0.074 (0.213)	100.00 (91.86)
[271/294]	0.073 (0.213)	100.00 (91.89)
[272/294]	0.028 (0.212)	100.00 (91.92)
[273/294]	0.000 (0.211)	100.00 (91.95)
[274/294]	0.003 (0.211)	100.00 (91.98)
[275/294]	0.006 (0.210)	100.00 (92.01)
[276/294]	0.008 (0.209)	100.00 (92.04)
[277/294]	0.002 (0.208)	100.00 (92.07)
[278/294]	0.001 (0.208)	100.00 (92.10)
[279/294]	0.002 (0.207)	100.00 (92.12)
[280/294]	0.071 (0.206)	100.00 (92.15)
[281/294]	0.034 (0.206)	100.00 (92.18)
[282/294]	0.033 (0.205)	100.00 (92.21)
[283/294]	0.001 (0.204)	100.00 (92.24)
[284/294]	0.043 (0.204)	95.00 (92.25)
[285/294]	0.372 (0.204)	90.00 (92.24)
[286/294]	0.007 (0.204)	100.00 (92.26)
[287/294]	0.061 (0.203)	100.00 (92.29)
[288/294]	0.233 (0.203)	95.00 (92.30)
[289/294]	0.852 (0.206)	70.00 (92.22)
[290/294]	0.075 (0.205)	100.00 (92.25)
[291/294]	0.027 (0.205)	100.00 (92.28)
[292/294]	0.000 (0.204)	100.00 (92.30)
[293/294]	0.000 (0.203)	100.00 (92.33)
 * Train Acc: 92.330
 * Avg. Data time: 0.005, Avg. Batch time: 0.042, Avg. Forward time: 0.004, Avg. Backward time: 0.022
Constructing exemplars for class 0
Constructing exemplars for class 1
 * Test Acc: 91.468, Time: 6.40
=============Training Task 1=============
Active output nodes for this task: 
[0, 1, 2, 3]
=============Training Epoch 0=============
Getting replay labels
Batch	 Loss		 Acc
[0/294]	0.413 (12.177)	0.00 (0.00)
[1/294]	0.816 (6.560)	50.00 (25.00)
[2/294]	0.600 (4.651)	45.00 (31.67)
[3/294]	0.707 (3.635)	95.00 (47.50)
[4/294]	0.820 (3.080)	60.00 (50.00)
[5/294]	0.640 (2.724)	50.00 (50.00)
[6/294]	0.628 (2.467)	40.00 (48.57)
[7/294]	0.593 (2.292)	15.00 (44.38)
[8/294]	0.574 (2.131)	50.00 (45.00)
[9/294]	0.603 (1.999)	60.00 (46.50)
[10/294]	0.588 (1.895)	50.00 (46.82)
[11/294]	0.622 (1.819)	50.00 (47.08)
[12/294]	0.633 (1.730)	85.00 (50.00)
[13/294]	0.610 (1.643)	80.00 (52.14)
 * Train Acc: 52.143
 * Avg. Data time: 0.167, Avg. Batch time: 0.214, Avg. Train-batch time: 0.023, Avg. Replay-batch time: 0.023
Constructing exemplars for class 2
Constructing exemplars for class 3
 * Test Acc: 31.528, Time: 423.34
=============Training Task 2=============
Active output nodes for this task: 
[0, 1, 2, 3, 4, 5]
=============Training Epoch 0=============
Getting replay labels
Batch	 Loss		 Acc
[0/294]	0.591 (3.775)	0.00 (0.00)
[1/294]	0.635 (2.882)	0.00 (0.00)
[2/294]	0.675 (2.394)	20.00 (6.67)
[3/294]	0.762 (2.087)	50.00 (17.50)
[4/294]	0.909 (1.828)	95.00 (33.00)
[5/294]	1.051 (1.637)	85.00 (41.67)
[6/294]	1.151 (1.516)	50.00 (42.86)
[7/294]	0.969 (1.395)	50.00 (43.75)
[8/294]	0.838 (1.302)	75.00 (47.22)
[9/294]	0.757 (1.240)	80.00 (50.50)
[10/294]	0.780 (1.189)	85.00 (53.64)
[11/294]	0.763 (1.180)	60.00 (54.17)
[12/294]	0.874 (1.178)	50.00 (53.85)
[13/294]	0.752 (1.159)	50.00 (53.57)
[14/294]	0.729 (1.155)	50.00 (53.33)
[15/294]	0.775 (1.143)	65.00 (54.06)
[16/294]	0.820 (1.127)	50.00 (53.82)
[17/294]	0.799 (1.129)	50.00 (53.61)
[18/294]	0.819 (1.141)	50.00 (53.42)
[19/294]	0.840 (1.127)	60.00 (53.75)
 * Train Acc: 53.750
 * Avg. Data time: 5.721, Avg. Batch time: 5.765, Avg. Train-batch time: 0.023, Avg. Replay-batch time: 0.021
Constructing exemplars for class 4
Constructing exemplars for class 5
 * Test Acc: 17.712, Time: 563.03
=============Training Task 3=============
Active output nodes for this task: 
[0, 1, 2, 3, 4, 5, 6, 7]
=============Training Epoch 0=============
Getting replay labels
Batch	 Loss		 Acc
[0/294]	0.610 (3.704)	0.00 (0.00)
[1/294]	0.650 (3.018)	0.00 (0.00)
[2/294]	0.663 (2.709)	0.00 (0.00)
[3/294]	0.666 (2.542)	0.00 (0.00)
[4/294]	0.676 (2.431)	0.00 (0.00)
[5/294]	0.680 (2.350)	50.00 (8.33)
[6/294]	0.683 (2.284)	50.00 (14.29)
[7/294]	0.689 (2.215)	50.00 (18.75)
[8/294]	0.702 (2.145)	50.00 (22.22)
[9/294]	0.752 (2.062)	50.00 (25.00)
[10/294]	1.021 (1.956)	55.00 (27.73)
[11/294]	1.552 (1.862)	50.00 (29.58)
[12/294]	1.003 (1.780)	50.00 (31.15)
[13/294]	1.022 (1.713)	50.00 (32.50)
[14/294]	1.010 (1.645)	50.00 (33.67)
[15/294]	0.863 (1.587)	50.00 (34.69)
[16/294]	0.870 (1.540)	55.00 (35.88)
[17/294]	0.992 (1.498)	100.00 (39.44)
[18/294]	0.763 (1.467)	65.00 (40.79)
[19/294]	0.770 (1.440)	50.00 (41.25)
[20/294]	0.909 (1.408)	60.00 (42.14)
[21/294]	0.814 (1.381)	50.00 (42.50)
[22/294]	1.025 (1.355)	60.00 (43.26)
[23/294]	0.991 (1.344)	50.00 (43.54)
 * Train Acc: 43.542
 * Avg. Data time: 2.491, Avg. Batch time: 2.534, Avg. Train-batch time: 0.022, Avg. Replay-batch time: 0.020
Constructing exemplars for class 6
Constructing exemplars for class 7
 * Test Acc: 15.945, Time: 4171.50
=============Training Task 4=============
Active output nodes for this task: 
[0, 1, 2, 3, 4, 5, 6, 7, 8, 9]
=============Training Epoch 0=============
Getting replay labels
Batch	 Loss		 Acc
[0/294]	0.629 (4.718)	0.00 (0.00)
[1/294]	0.652 (3.575)	0.00 (0.00)
[2/294]	0.670 (3.123)	0.00 (0.00)
[3/294]	0.684 (2.855)	50.00 (12.50)
[4/294]	0.732 (2.636)	50.00 (20.00)
[5/294]	0.853 (2.371)	50.00 (25.00)
[6/294]	1.273 (2.161)	50.00 (28.57)
[7/294]	1.206 (2.006)	50.00 (31.25)
[8/294]	1.143 (1.873)	50.00 (33.33)
[9/294]	0.842 (1.771)	50.00 (35.00)
[10/294]	0.735 (1.696)	50.00 (36.36)
[11/294]	0.727 (1.661)	50.00 (37.50)
[12/294]	0.799 (1.636)	50.00 (38.46)
[13/294]	0.824 (1.605)	50.00 (39.29)
[14/294]	1.032 (1.616)	50.00 (40.00)
[15/294]	0.803 (1.593)	50.00 (40.62)
[16/294]	0.709 (1.570)	50.00 (41.18)
[17/294]	0.730 (1.575)	50.00 (41.67)
[18/294]	0.751 (1.572)	50.00 (42.11)
[19/294]	0.738 (1.558)	50.00 (42.50)
[20/294]	0.838 (1.537)	50.00 (42.86)
[21/294]	0.849 (1.521)	50.00 (43.18)
[22/294]	0.838 (1.490)	50.00 (43.48)
[23/294]	0.814 (1.474)	50.00 (43.75)
[24/294]	0.793 (1.447)	50.00 (44.00)
[25/294]	0.822 (1.420)	55.00 (44.42)
 * Train Acc: 44.423
 * Avg. Data time: 14.481, Avg. Batch time: 14.525, Avg. Train-batch time: 0.023, Avg. Replay-batch time: 0.021
Constructing exemplars for class 8
Constructing exemplars for class 9
 * Test Acc: 11.616, Time: 4321.61
=============Training Task 5=============
Active output nodes for this task: 
[0, 1, 2, 3, 4, 5, 6, 7, 8, 9, 10, 11]
=============Training Epoch 0=============
Getting replay labels
Batch	 Loss		 Acc
[0/294]	0.634 (4.498)	0.00 (0.00)
[1/294]	0.657 (3.500)	0.00 (0.00)
[2/294]	0.685 (3.140)	0.00 (0.00)
[3/294]	0.687 (2.958)	0.00 (0.00)
[4/294]	0.689 (2.847)	0.00 (0.00)
[5/294]	0.690 (2.773)	0.00 (0.00)
[6/294]	0.689 (2.720)	0.00 (0.00)
[7/294]	0.690 (2.679)	0.00 (0.00)
[8/294]	0.690 (2.648)	0.00 (0.00)
[9/294]	0.690 (2.623)	10.00 (1.00)
[10/294]	0.690 (2.602)	45.00 (5.00)
[11/294]	0.691 (2.584)	50.00 (8.75)
[12/294]	0.691 (2.568)	50.00 (11.92)
[13/294]	0.690 (2.555)	40.00 (13.93)
[14/294]	0.691 (2.543)	45.00 (16.00)
[15/294]	0.691 (2.533)	55.00 (18.44)
[16/294]	0.690 (2.523)	50.00 (20.29)
[17/294]	0.689 (2.514)	50.00 (21.94)
[18/294]	0.690 (2.506)	45.00 (23.16)
[19/294]	0.690 (2.498)	55.00 (24.75)
[20/294]	0.690 (2.490)	50.00 (25.95)
[21/294]	0.689 (2.483)	45.00 (26.82)
[22/294]	0.689 (2.475)	55.00 (28.04)
[23/294]	0.688 (2.468)	50.00 (28.96)
[24/294]	0.689 (2.462)	50.00 (29.80)
[25/294]	0.689 (2.454)	45.00 (30.38)
[26/294]	0.687 (2.447)	55.00 (31.30)
[27/294]	0.687 (2.439)	50.00 (31.96)
 * Train Acc: 31.964
 * Avg. Data time: 7.344, Avg. Batch time: 7.389, Avg. Train-batch time: 0.023, Avg. Replay-batch time: 0.022
Constructing exemplars for class 10
Constructing exemplars for class 11
 * Test Acc: 8.779, Time: 1337.21
testing accuracies
           0          1          2          3          4          5
0  90.357143  21.567460  22.369467  13.688818  14.770920  10.595017
1  91.468254  31.527778  17.711640  15.944765  11.616081   8.779486
validation accuracies
Empty DataFrame
Columns: []
Index: [0, 1]
